build time -- 2022-03-22 04:13:11.727589
20220322 051525.642 INFO             PET0 !!!!!!!!!!!!!!!!!!!!!!!!!!!!!!!!!!!!!!!!!!!!!!!!!!!!!!
20220322 051525.642 INFO             PET0 !!! THE ESMF_LOG IS SET TO OUTPUT ALL LOG MESSAGES !!!
20220322 051525.642 INFO             PET0 !!!     THIS MAY CAUSE SLOWDOWN IN PERFORMANCE     !!!
20220322 051525.642 INFO             PET0 !!! FOR PRODUCTION RUNS, USE:                      !!!
20220322 051525.642 INFO             PET0 !!!                   ESMF_LOGKIND_Multi_On_Error  !!!
20220322 051525.642 INFO             PET0 !!!!!!!!!!!!!!!!!!!!!!!!!!!!!!!!!!!!!!!!!!!!!!!!!!!!!!
20220322 051525.642 INFO             PET0 Running with ESMF Version   : v8.3.0b09-5-g496f893947
20220322 051525.642 INFO             PET0 ESMF library build date/time: "Mar 22 2022" "04:09:19"
20220322 051525.642 INFO             PET0 ESMF library build location : /gpfsm/dnb04/projects/p98/mpotts/esmf/pgi_2020_mpiuni_g_develop
20220322 051525.642 INFO             PET0 ESMF_COMM                   : mpiuni
20220322 051525.643 INFO             PET0 ESMF_MOAB                   : enabled
20220322 051525.643 INFO             PET0 ESMF_LAPACK                 : enabled
20220322 051525.643 INFO             PET0 ESMF_NETCDF                 : disabled
20220322 051525.643 INFO             PET0 ESMF_PNETCDF                : disabled
20220322 051525.643 INFO             PET0 ESMF_PIO                    : disabled
20220322 051525.643 INFO             PET0 ESMF_YAMLCPP                : enabled
20220322 051525.644 INFO             PET0  NUMBER_OF_PROCESSORS            1
20220322 051525.644 INFO             PET0  PASS  Example ESMF_AppMainEx, ESMF_AppMainEx.F90, line 486
20220322 051525.644 INFO             PET0 Finalizing ESMF
