build time -- 2022-03-15 01:52:15.612978
20220315 024959.963 INFO             PET0 !!!!!!!!!!!!!!!!!!!!!!!!!!!!!!!!!!!!!!!!!!!!!!!!!!!!!!
20220315 024959.963 INFO             PET0 !!! THE ESMF_LOG IS SET TO OUTPUT ALL LOG MESSAGES !!!
20220315 024959.963 INFO             PET0 !!!     THIS MAY CAUSE SLOWDOWN IN PERFORMANCE     !!!
20220315 024959.963 INFO             PET0 !!! FOR PRODUCTION RUNS, USE:                      !!!
20220315 024959.963 INFO             PET0 !!!                   ESMF_LOGKIND_Multi_On_Error  !!!
20220315 024959.963 INFO             PET0 !!!!!!!!!!!!!!!!!!!!!!!!!!!!!!!!!!!!!!!!!!!!!!!!!!!!!!
20220315 024959.963 INFO             PET0 Running with ESMF Version   : v8.3.0b09-2-g2a2241bd36
20220315 024959.963 INFO             PET0 ESMF library build date/time: "Mar 15 2022" "01:48:24"
20220315 024959.963 INFO             PET0 ESMF library build location : /gpfsm/dnb04/projects/p98/mpotts/esmf/pgi_2020_mpiuni_g_develop
20220315 024959.963 INFO             PET0 ESMF_COMM                   : mpiuni
20220315 024959.964 INFO             PET0 ESMF_MOAB                   : enabled
20220315 024959.964 INFO             PET0 ESMF_LAPACK                 : enabled
20220315 024959.964 INFO             PET0 ESMF_NETCDF                 : disabled
20220315 024959.964 INFO             PET0 ESMF_PNETCDF                : disabled
20220315 024959.964 INFO             PET0 ESMF_PIO                    : disabled
20220315 024959.964 INFO             PET0 ESMF_YAMLCPP                : enabled
20220315 024959.965 ERROR            PET0 ESMCI_Info.C:1278 Info::set(<json>) Cannot set value  - Error/Return Code 540 (ESMC_RC_CANNOT_SET) - Key '/myIntegerKey' already in map and force=false.
20220315 025000.002 ERROR            PET0 ESMCI_Info.C:1281 Info::set(<json>) Cannot set value  - Internal subroutine call returned Error
20220315 025000.002 ERROR            PET0 ESMCI_Info.C:1323 Info::set(<json>) Cannot set value  - Internal subroutine call returned Error
20220315 025000.002 ERROR            PET0 ESMCI_Info.C:1326 Info::set(<json>) Cannot set value  - Internal subroutine call returned Error
20220315 025000.002 ERROR            PET0 ESMCI_Info.C:1374 Info::set(<scalar>) Cannot set value  - Internal subroutine call returned Error
20220315 025000.020 ERROR            PET0 ESMC_InfoCDefGeneric.C:387 ESMC_InfoSetI4() Cannot set value  - Internal subroutine call returned Error
20220315 025000.020 ERROR            PET0 ESMF_Info.F90:2866 ESMF_InfoSetI4() Cannot set value  - Internal subroutine call returned Error
20220315 025000.021 INFO             PET0  NUMBER_OF_PROCESSORS            1
20220315 025000.021 INFO             PET0  PASS  Example ESMF_InfoTutorialEx, ESMF_InfoTutorialEx.F90, line 335
20220315 025000.021 INFO             PET0 Finalizing ESMF
