Sat Mar 26 03:47:12 CDT 2022
 
Installing ESMF:
 
mkdir -p /work/noaa/da/mpotts/sandbox/intel_2020.2_intelmpi_g_develop/DEFAULTINSTALLDIR/include
cp -f /work/noaa/da/mpotts/sandbox/intel_2020.2_intelmpi_g_develop/src/include/ESMC.h /work/noaa/da/mpotts/sandbox/intel_2020.2_intelmpi_g_develop/DEFAULTINSTALLDIR/include
cp -f /work/noaa/da/mpotts/sandbox/intel_2020.2_intelmpi_g_develop/src/include/ESMC_*.h /work/noaa/da/mpotts/sandbox/intel_2020.2_intelmpi_g_develop/DEFAULTINSTALLDIR/include
cp -f /work/noaa/da/mpotts/sandbox/intel_2020.2_intelmpi_g_develop/build_config/Linux.intel.default/ESMC_Conf.h /work/noaa/da/mpotts/sandbox/intel_2020.2_intelmpi_g_develop/DEFAULTINSTALLDIR/include
mkdir -p /work/noaa/da/mpotts/sandbox/intel_2020.2_intelmpi_g_develop/DEFAULTINSTALLDIR/mod/modg/Linux.intel.64.intelmpi.default
cp -f /work/noaa/da/mpotts/sandbox/intel_2020.2_intelmpi_g_develop/mod/modg/Linux.intel.64.intelmpi.default/*.mod /work/noaa/da/mpotts/sandbox/intel_2020.2_intelmpi_g_develop/DEFAULTINSTALLDIR/mod/modg/Linux.intel.64.intelmpi.default
mkdir -p /work/noaa/da/mpotts/sandbox/intel_2020.2_intelmpi_g_develop/DEFAULTINSTALLDIR/lib/libg/Linux.intel.64.intelmpi.default
cp -f /work/noaa/da/mpotts/sandbox/intel_2020.2_intelmpi_g_develop/lib/libg/Linux.intel.64.intelmpi.default/libesmf*.* /work/noaa/da/mpotts/sandbox/intel_2020.2_intelmpi_g_develop/DEFAULTINSTALLDIR/lib/libg/Linux.intel.64.intelmpi.default
cp -f /work/noaa/da/mpotts/sandbox/intel_2020.2_intelmpi_g_develop/lib/libg/Linux.intel.64.intelmpi.default/libpioc.* /work/noaa/da/mpotts/sandbox/intel_2020.2_intelmpi_g_develop/DEFAULTINSTALLDIR/lib/libg/Linux.intel.64.intelmpi.default
make ESMF_PRELOADDIR=/work/noaa/da/mpotts/sandbox/intel_2020.2_intelmpi_g_develop/DEFAULTINSTALLDIR/lib/libg/Linux.intel.64.intelmpi.default build_preload_script
make[1]: Entering directory `/work/noaa/da/mpotts/sandbox/intel_2020.2_intelmpi_g_develop'
chmod 755 /work/noaa/da/mpotts/sandbox/intel_2020.2_intelmpi_g_develop/DEFAULTINSTALLDIR/lib/libg/Linux.intel.64.intelmpi.default/preload.sh
make[1]: Leaving directory `/work/noaa/da/mpotts/sandbox/intel_2020.2_intelmpi_g_develop'
ranlib /work/noaa/da/mpotts/sandbox/intel_2020.2_intelmpi_g_develop/DEFAULTINSTALLDIR/lib/libg/Linux.intel.64.intelmpi.default/libesmf*.a
make install_apps
make[1]: Entering directory `/work/noaa/da/mpotts/sandbox/intel_2020.2_intelmpi_g_develop'
mkdir -p /work/noaa/da/mpotts/sandbox/intel_2020.2_intelmpi_g_develop/DEFAULTINSTALLDIR/bin/bing/Linux.intel.64.intelmpi.default
make build_apps ESMF_APPSDIR=/work/noaa/da/mpotts/sandbox/intel_2020.2_intelmpi_g_develop/DEFAULTINSTALLDIR/bin/bing/Linux.intel.64.intelmpi.default ESMF_LDIR=/work/noaa/da/mpotts/sandbox/intel_2020.2_intelmpi_g_develop/DEFAULTINSTALLDIR/lib/libg/Linux.intel.64.intelmpi.default ESMF_LIBDIR=/work/noaa/da/mpotts/sandbox/intel_2020.2_intelmpi_g_develop/DEFAULTINSTALLDIR/lib/libg/Linux.intel.64.intelmpi.default ESMF_MODDIR=/work/noaa/da/mpotts/sandbox/intel_2020.2_intelmpi_g_develop/DEFAULTINSTALLDIR/mod/modg/Linux.intel.64.intelmpi.default
make[2]: Entering directory `/work/noaa/da/mpotts/sandbox/intel_2020.2_intelmpi_g_develop'
cd /work/noaa/da/mpotts/sandbox/intel_2020.2_intelmpi_g_develop/src/apps; make ACTION=tree_build_apps tree
make[3]: Entering directory `/work/noaa/da/mpotts/sandbox/intel_2020.2_intelmpi_g_develop/src/apps'
tree_build_apps in: /work/noaa/da/mpotts/sandbox/intel_2020.2_intelmpi_g_develop/src/apps/ESMF_PrintInfo
make[4]: Entering directory `/work/noaa/da/mpotts/sandbox/intel_2020.2_intelmpi_g_develop/src/apps/ESMF_PrintInfo'
make chkdir_locobj
make[5]: Entering directory `/work/noaa/da/mpotts/sandbox/intel_2020.2_intelmpi_g_develop/src/apps/ESMF_PrintInfo'
Making directory /work/noaa/da/mpotts/sandbox/intel_2020.2_intelmpi_g_develop/obj/objg/Linux.intel.64.intelmpi.default/src/apps/ESMF_PrintInfo for apps output
make[5]: Leaving directory `/work/noaa/da/mpotts/sandbox/intel_2020.2_intelmpi_g_develop/src/apps/ESMF_PrintInfo'
mpiifort -c -g -traceback -check arg_temp_created,bounds,format,output_conversion,stack,uninit -fPIC -debug minimal -assume realloc_lhs -m64 -mcmodel=small -pthread -threads  -qopenmp -I/work/noaa/da/mpotts/sandbox/intel_2020.2_intelmpi_g_develop/src/apps/ESMF_PrintInfo -I/work/noaa/da/mpotts/sandbox/intel_2020.2_intelmpi_g_develop/build_config/Linux.intel.default -I/work/noaa/da/mpotts/sandbox/intel_2020.2_intelmpi_g_develop/src/Infrastructure -I/work/noaa/da/mpotts/sandbox/intel_2020.2_intelmpi_g_develop/src/Superstructure -I/work/noaa/da/mpotts/sandbox/intel_2020.2_intelmpi_g_develop/DEFAULTINSTALLDIR/mod/modg/Linux.intel.64.intelmpi.default -I/work/noaa/da/mpotts/sandbox/intel_2020.2_intelmpi_g_develop/src/include -I/apps/intel-2020.2/impi-2020.2/netcdf-4.7.4/include -I/apps/intel-2020.2/impi-2020.2/netcdf-4.7.4/include  -DESMF_NO_INTEGER_1_BYTE -DESMF_NO_INTEGER_2_BYTE -DESMF_VERSION_STRING_GIT='"v8.3.0b10-105-ga5295e3"' -DESMF_MOAB=1 -DESMF_LAPACK=1 -DESMF_LAPACK_INTERNAL=1 -DESMF_NO_ACC_SOFTWARE_STACK=1 -DESMF_NETCDF=1 -DESMF_YAMLCPP=1 -DESMF_YAML=1 -DESMF_PIO=1 -DESMF_NO_OPENACC -DESMF_TESTEXHAUSTIVE -DESMF_BOPT_g -DESMF_TESTCOMPTUNNEL -DESMF_TESTWITHTHREADS -DSx86_64_small=1 -DESMF_OS_Linux=1 -DESMF_COMM=intelmpi -DESMF_DIR=/work/noaa/da/mpotts/sandbox/intel_2020.2_intelmpi_g_develop ESMF_PrintInfo.F90 -o /work/noaa/da/mpotts/sandbox/intel_2020.2_intelmpi_g_develop/obj/objg/Linux.intel.64.intelmpi.default/src/apps/ESMF_PrintInfo/ESMF_PrintInfo.o
make chkdir_apps
make[5]: Entering directory `/work/noaa/da/mpotts/sandbox/intel_2020.2_intelmpi_g_develop/src/apps/ESMF_PrintInfo'
make[5]: Leaving directory `/work/noaa/da/mpotts/sandbox/intel_2020.2_intelmpi_g_develop/src/apps/ESMF_PrintInfo'
mpiifort    -m64 -mcmodel=small -pthread -threads -Wl,--no-as-needed  -qopenmp -L/work/noaa/da/mpotts/sandbox/intel_2020.2_intelmpi_g_develop/DEFAULTINSTALLDIR/lib/libg/Linux.intel.64.intelmpi.default -L/apps/intel-2020.2/impi-2020.2/netcdf-4.7.4/lib -L/apps/intel-2020.2/impi-2020.2/netcdf-4.7.4/lib  -Wl,-rpath,/work/noaa/da/mpotts/sandbox/intel_2020.2_intelmpi_g_develop/DEFAULTINSTALLDIR/lib/libg/Linux.intel.64.intelmpi.default -Wl,-rpath,/apps/intel-2020.2/impi-2020.2/netcdf-4.7.4/lib -Wl,-rpath,/apps/intel-2020.2/impi-2020.2/netcdf-4.7.4/lib  -o /work/noaa/da/mpotts/sandbox/intel_2020.2_intelmpi_g_develop/DEFAULTINSTALLDIR/bin/bing/Linux.intel.64.intelmpi.default/ESMF_PrintInfo /work/noaa/da/mpotts/sandbox/intel_2020.2_intelmpi_g_develop/obj/objg/Linux.intel.64.intelmpi.default/src/apps/ESMF_PrintInfo/ESMF_PrintInfo.o -lesmf  -cxxlib -lrt -ldl -lnetcdf -lnetcdff -lpioc
make[4]: Leaving directory `/work/noaa/da/mpotts/sandbox/intel_2020.2_intelmpi_g_develop/src/apps/ESMF_PrintInfo'
tree_build_apps in: /work/noaa/da/mpotts/sandbox/intel_2020.2_intelmpi_g_develop/src/apps/ESMF_PrintInfoC
make[4]: Entering directory `/work/noaa/da/mpotts/sandbox/intel_2020.2_intelmpi_g_develop/src/apps/ESMF_PrintInfoC'
make chkdir_locobj
make[5]: Entering directory `/work/noaa/da/mpotts/sandbox/intel_2020.2_intelmpi_g_develop/src/apps/ESMF_PrintInfoC'
Making directory /work/noaa/da/mpotts/sandbox/intel_2020.2_intelmpi_g_develop/obj/objg/Linux.intel.64.intelmpi.default/src/apps/ESMF_PrintInfoC for apps output
make[5]: Leaving directory `/work/noaa/da/mpotts/sandbox/intel_2020.2_intelmpi_g_develop/src/apps/ESMF_PrintInfoC'
mpiicpc -c -std=c++11 -g -traceback -Wcheck -fPIC -debug minimal -m64 -mcmodel=small -pthread  -qopenmp -I/work/noaa/da/mpotts/sandbox/intel_2020.2_intelmpi_g_develop/src/apps/ESMF_PrintInfoC -I/work/noaa/da/mpotts/sandbox/intel_2020.2_intelmpi_g_develop/src/apps/ESMF_PrintInfoC/../include -I/work/noaa/da/mpotts/sandbox/intel_2020.2_intelmpi_g_develop/build_config/Linux.intel.default -I/work/noaa/da/mpotts/sandbox/intel_2020.2_intelmpi_g_develop/src/Infrastructure -I/work/noaa/da/mpotts/sandbox/intel_2020.2_intelmpi_g_develop/src/Superstructure -I/work/noaa/da/mpotts/sandbox/intel_2020.2_intelmpi_g_develop/src/Infrastructure/stubs/pthread  -I/work/noaa/da/mpotts/sandbox/intel_2020.2_intelmpi_g_develop/src/include  -I/apps/intel-2020.2/impi-2020.2/netcdf-4.7.4/include -I/work/noaa/da/mpotts/sandbox/intel_2020.2_intelmpi_g_develop/src/prologue/yaml-cpp/include -DESMF_NO_INTEGER_1_BYTE -DESMF_NO_INTEGER_2_BYTE -DESMF_VERSION_STRING_GIT='"v8.3.0b10-105-ga5295e3"' -DESMF_MOAB=1 -DESMF_LAPACK=1 -DESMF_LAPACK_INTERNAL=1 -DESMF_NO_ACC_SOFTWARE_STACK=1 -DESMF_NETCDF=1 -DESMF_YAMLCPP=1 -DESMF_YAML=1 -DESMF_PIO=1 -DESMF_NO_OPENACC -DESMF_TESTEXHAUSTIVE -DESMF_BOPT_g -DESMF_TESTCOMPTUNNEL -DESMF_TESTWITHTHREADS -DSx86_64_small=1 -DESMF_OS_Linux=1 -DESMF_COMM=intelmpi -DESMF_DIR=/work/noaa/da/mpotts/sandbox/intel_2020.2_intelmpi_g_develop -D__SDIR__='"src/apps/ESMF_PrintInfoC"' -DESMF_CXXSTD=11 ESMF_PrintInfoC.c -o /work/noaa/da/mpotts/sandbox/intel_2020.2_intelmpi_g_develop/obj/objg/Linux.intel.64.intelmpi.default/src/apps/ESMF_PrintInfoC/ESMF_PrintInfoC.o
make chkdir_apps
make[5]: Entering directory `/work/noaa/da/mpotts/sandbox/intel_2020.2_intelmpi_g_develop/src/apps/ESMF_PrintInfoC'
make[5]: Leaving directory `/work/noaa/da/mpotts/sandbox/intel_2020.2_intelmpi_g_develop/src/apps/ESMF_PrintInfoC'
mpiicpc    -m64 -mcmodel=small -pthread -Wl,--no-as-needed  -qopenmp -L/work/noaa/da/mpotts/sandbox/intel_2020.2_intelmpi_g_develop/DEFAULTINSTALLDIR/lib/libg/Linux.intel.64.intelmpi.default -L/apps/intel-2020.2/impi-2020.2/netcdf-4.7.4/lib -L/apps/intel-2020.2/impi-2020.2/netcdf-4.7.4/lib -L/apps/intel-2020.2/intel-2020.2/compilers_and_libraries_2020.2.254/linux/compiler/lib/intel64_lin/ -Wl,-rpath,/work/noaa/da/mpotts/sandbox/intel_2020.2_intelmpi_g_develop/DEFAULTINSTALLDIR/lib/libg/Linux.intel.64.intelmpi.default -Wl,-rpath,/apps/intel-2020.2/impi-2020.2/netcdf-4.7.4/lib -Wl,-rpath,/apps/intel-2020.2/impi-2020.2/netcdf-4.7.4/lib  -Wl,-rpath,/apps/intel-2020.2/intel-2020.2/compilers_and_libraries_2020.2.254/linux/compiler/lib/intel64_lin/ -o /work/noaa/da/mpotts/sandbox/intel_2020.2_intelmpi_g_develop/DEFAULTINSTALLDIR/bin/bing/Linux.intel.64.intelmpi.default/ESMF_PrintInfoC /work/noaa/da/mpotts/sandbox/intel_2020.2_intelmpi_g_develop/obj/objg/Linux.intel.64.intelmpi.default/src/apps/ESMF_PrintInfoC/ESMF_PrintInfoC.o -lesmf  -ldl -lrt -lpthread -lifport -lifcoremt -limf -lsvml -lm -lipgo -liomp5 -lintlc -lpthread -lsvml -ldl -lgcc -lgcc_s -lirc_s -ldl -lrt -ldl -lnetcdf -lnetcdff -lpioc
make[4]: Leaving directory `/work/noaa/da/mpotts/sandbox/intel_2020.2_intelmpi_g_develop/src/apps/ESMF_PrintInfoC'
tree_build_apps in: /work/noaa/da/mpotts/sandbox/intel_2020.2_intelmpi_g_develop/src/apps/ESMF_RegridWeightGen
make[4]: Entering directory `/work/noaa/da/mpotts/sandbox/intel_2020.2_intelmpi_g_develop/src/apps/ESMF_RegridWeightGen'
make chkdir_locobj
make[5]: Entering directory `/work/noaa/da/mpotts/sandbox/intel_2020.2_intelmpi_g_develop/src/apps/ESMF_RegridWeightGen'
Making directory /work/noaa/da/mpotts/sandbox/intel_2020.2_intelmpi_g_develop/obj/objg/Linux.intel.64.intelmpi.default/src/apps/ESMF_RegridWeightGen for apps output
make[5]: Leaving directory `/work/noaa/da/mpotts/sandbox/intel_2020.2_intelmpi_g_develop/src/apps/ESMF_RegridWeightGen'
mpiifort -c -g -traceback -check arg_temp_created,bounds,format,output_conversion,stack,uninit -fPIC -debug minimal -assume realloc_lhs -m64 -mcmodel=small -pthread -threads  -qopenmp -I/work/noaa/da/mpotts/sandbox/intel_2020.2_intelmpi_g_develop/src/apps/ESMF_RegridWeightGen -I/work/noaa/da/mpotts/sandbox/intel_2020.2_intelmpi_g_develop/build_config/Linux.intel.default -I/work/noaa/da/mpotts/sandbox/intel_2020.2_intelmpi_g_develop/src/Infrastructure -I/work/noaa/da/mpotts/sandbox/intel_2020.2_intelmpi_g_develop/src/Superstructure -I/work/noaa/da/mpotts/sandbox/intel_2020.2_intelmpi_g_develop/DEFAULTINSTALLDIR/mod/modg/Linux.intel.64.intelmpi.default -I/work/noaa/da/mpotts/sandbox/intel_2020.2_intelmpi_g_develop/src/include -I/apps/intel-2020.2/impi-2020.2/netcdf-4.7.4/include -I/apps/intel-2020.2/impi-2020.2/netcdf-4.7.4/include  -DESMF_NO_INTEGER_1_BYTE -DESMF_NO_INTEGER_2_BYTE -DESMF_VERSION_STRING_GIT='"v8.3.0b10-105-ga5295e3"' -DESMF_MOAB=1 -DESMF_LAPACK=1 -DESMF_LAPACK_INTERNAL=1 -DESMF_NO_ACC_SOFTWARE_STACK=1 -DESMF_NETCDF=1 -DESMF_YAMLCPP=1 -DESMF_YAML=1 -DESMF_PIO=1 -DESMF_NO_OPENACC -DESMF_TESTEXHAUSTIVE -DESMF_BOPT_g -DESMF_TESTCOMPTUNNEL -DESMF_TESTWITHTHREADS -DSx86_64_small=1 -DESMF_OS_Linux=1 -DESMF_COMM=intelmpi -DESMF_DIR=/work/noaa/da/mpotts/sandbox/intel_2020.2_intelmpi_g_develop ESMF_RegridWeightGen.F90 -o /work/noaa/da/mpotts/sandbox/intel_2020.2_intelmpi_g_develop/obj/objg/Linux.intel.64.intelmpi.default/src/apps/ESMF_RegridWeightGen/ESMF_RegridWeightGen.o
make chkdir_apps
make[5]: Entering directory `/work/noaa/da/mpotts/sandbox/intel_2020.2_intelmpi_g_develop/src/apps/ESMF_RegridWeightGen'
make[5]: Leaving directory `/work/noaa/da/mpotts/sandbox/intel_2020.2_intelmpi_g_develop/src/apps/ESMF_RegridWeightGen'
mpiifort    -m64 -mcmodel=small -pthread -threads -Wl,--no-as-needed  -qopenmp -L/work/noaa/da/mpotts/sandbox/intel_2020.2_intelmpi_g_develop/DEFAULTINSTALLDIR/lib/libg/Linux.intel.64.intelmpi.default -L/apps/intel-2020.2/impi-2020.2/netcdf-4.7.4/lib -L/apps/intel-2020.2/impi-2020.2/netcdf-4.7.4/lib  -Wl,-rpath,/work/noaa/da/mpotts/sandbox/intel_2020.2_intelmpi_g_develop/DEFAULTINSTALLDIR/lib/libg/Linux.intel.64.intelmpi.default -Wl,-rpath,/apps/intel-2020.2/impi-2020.2/netcdf-4.7.4/lib -Wl,-rpath,/apps/intel-2020.2/impi-2020.2/netcdf-4.7.4/lib  -o /work/noaa/da/mpotts/sandbox/intel_2020.2_intelmpi_g_develop/DEFAULTINSTALLDIR/bin/bing/Linux.intel.64.intelmpi.default/ESMF_RegridWeightGen /work/noaa/da/mpotts/sandbox/intel_2020.2_intelmpi_g_develop/obj/objg/Linux.intel.64.intelmpi.default/src/apps/ESMF_RegridWeightGen/ESMF_RegridWeightGen.o -lesmf  -cxxlib -lrt -ldl -lnetcdf -lnetcdff -lpioc
make[4]: Leaving directory `/work/noaa/da/mpotts/sandbox/intel_2020.2_intelmpi_g_develop/src/apps/ESMF_RegridWeightGen'
tree_build_apps in: /work/noaa/da/mpotts/sandbox/intel_2020.2_intelmpi_g_develop/src/apps/ESMF_WebServController
make[4]: Entering directory `/work/noaa/da/mpotts/sandbox/intel_2020.2_intelmpi_g_develop/src/apps/ESMF_WebServController'
make chkdir_locobj
make[5]: Entering directory `/work/noaa/da/mpotts/sandbox/intel_2020.2_intelmpi_g_develop/src/apps/ESMF_WebServController'
Making directory /work/noaa/da/mpotts/sandbox/intel_2020.2_intelmpi_g_develop/obj/objg/Linux.intel.64.intelmpi.default/src/apps/ESMF_WebServController for apps output
make[5]: Leaving directory `/work/noaa/da/mpotts/sandbox/intel_2020.2_intelmpi_g_develop/src/apps/ESMF_WebServController'
mpiicpc -c -std=c++11 -g -traceback -Wcheck -fPIC -debug minimal -m64 -mcmodel=small -pthread  -qopenmp -I/work/noaa/da/mpotts/sandbox/intel_2020.2_intelmpi_g_develop/src/apps/ESMF_WebServController -I/work/noaa/da/mpotts/sandbox/intel_2020.2_intelmpi_g_develop/src/apps/ESMF_WebServController/../include -I/work/noaa/da/mpotts/sandbox/intel_2020.2_intelmpi_g_develop/build_config/Linux.intel.default -I/work/noaa/da/mpotts/sandbox/intel_2020.2_intelmpi_g_develop/src/Infrastructure -I/work/noaa/da/mpotts/sandbox/intel_2020.2_intelmpi_g_develop/src/Superstructure -I/work/noaa/da/mpotts/sandbox/intel_2020.2_intelmpi_g_develop/src/Infrastructure/stubs/pthread  -I/work/noaa/da/mpotts/sandbox/intel_2020.2_intelmpi_g_develop/src/include  -I/apps/intel-2020.2/impi-2020.2/netcdf-4.7.4/include -I/work/noaa/da/mpotts/sandbox/intel_2020.2_intelmpi_g_develop/src/prologue/yaml-cpp/include -DESMF_NO_INTEGER_1_BYTE -DESMF_NO_INTEGER_2_BYTE -DESMF_VERSION_STRING_GIT='"v8.3.0b10-105-ga5295e3"' -DESMF_MOAB=1 -DESMF_LAPACK=1 -DESMF_LAPACK_INTERNAL=1 -DESMF_NO_ACC_SOFTWARE_STACK=1 -DESMF_NETCDF=1 -DESMF_YAMLCPP=1 -DESMF_YAML=1 -DESMF_PIO=1 -DESMF_NO_OPENACC -DESMF_TESTEXHAUSTIVE -DESMF_BOPT_g -DESMF_TESTCOMPTUNNEL -DESMF_TESTWITHTHREADS -DSx86_64_small=1 -DESMF_OS_Linux=1 -DESMF_COMM=intelmpi -DESMF_DIR=/work/noaa/da/mpotts/sandbox/intel_2020.2_intelmpi_g_develop -D__SDIR__='"src/apps/ESMF_WebServController"' -DESMF_CXXSTD=11 ESMF_WebServController.C -o /work/noaa/da/mpotts/sandbox/intel_2020.2_intelmpi_g_develop/obj/objg/Linux.intel.64.intelmpi.default/src/apps/ESMF_WebServController/ESMF_WebServController.o
make chkdir_apps
make[5]: Entering directory `/work/noaa/da/mpotts/sandbox/intel_2020.2_intelmpi_g_develop/src/apps/ESMF_WebServController'
make[5]: Leaving directory `/work/noaa/da/mpotts/sandbox/intel_2020.2_intelmpi_g_develop/src/apps/ESMF_WebServController'
mpiicpc    -m64 -mcmodel=small -pthread -Wl,--no-as-needed  -qopenmp -L/work/noaa/da/mpotts/sandbox/intel_2020.2_intelmpi_g_develop/DEFAULTINSTALLDIR/lib/libg/Linux.intel.64.intelmpi.default -L/apps/intel-2020.2/impi-2020.2/netcdf-4.7.4/lib -L/apps/intel-2020.2/impi-2020.2/netcdf-4.7.4/lib -L/apps/intel-2020.2/intel-2020.2/compilers_and_libraries_2020.2.254/linux/compiler/lib/intel64_lin/ -Wl,-rpath,/work/noaa/da/mpotts/sandbox/intel_2020.2_intelmpi_g_develop/DEFAULTINSTALLDIR/lib/libg/Linux.intel.64.intelmpi.default -Wl,-rpath,/apps/intel-2020.2/impi-2020.2/netcdf-4.7.4/lib -Wl,-rpath,/apps/intel-2020.2/impi-2020.2/netcdf-4.7.4/lib  -Wl,-rpath,/apps/intel-2020.2/intel-2020.2/compilers_and_libraries_2020.2.254/linux/compiler/lib/intel64_lin/ -o /work/noaa/da/mpotts/sandbox/intel_2020.2_intelmpi_g_develop/DEFAULTINSTALLDIR/bin/bing/Linux.intel.64.intelmpi.default/ESMF_WebServController /work/noaa/da/mpotts/sandbox/intel_2020.2_intelmpi_g_develop/obj/objg/Linux.intel.64.intelmpi.default/src/apps/ESMF_WebServController/ESMF_WebServController.o -lesmf  -ldl -lrt -lpthread -lifport -lifcoremt -limf -lsvml -lm -lipgo -liomp5 -lintlc -lpthread -lsvml -ldl -lgcc -lgcc_s -lirc_s -ldl -lrt -ldl -lnetcdf -lnetcdff -lpioc
make[4]: Leaving directory `/work/noaa/da/mpotts/sandbox/intel_2020.2_intelmpi_g_develop/src/apps/ESMF_WebServController'
tree_build_apps in: /work/noaa/da/mpotts/sandbox/intel_2020.2_intelmpi_g_develop/src/apps/ESMF_Scrip2Unstruct
make[4]: Entering directory `/work/noaa/da/mpotts/sandbox/intel_2020.2_intelmpi_g_develop/src/apps/ESMF_Scrip2Unstruct'
make chkdir_locobj
make[5]: Entering directory `/work/noaa/da/mpotts/sandbox/intel_2020.2_intelmpi_g_develop/src/apps/ESMF_Scrip2Unstruct'
Making directory /work/noaa/da/mpotts/sandbox/intel_2020.2_intelmpi_g_develop/obj/objg/Linux.intel.64.intelmpi.default/src/apps/ESMF_Scrip2Unstruct for apps output
make[5]: Leaving directory `/work/noaa/da/mpotts/sandbox/intel_2020.2_intelmpi_g_develop/src/apps/ESMF_Scrip2Unstruct'
mpiicpc -c -std=c++11 -g -traceback -Wcheck -fPIC -debug minimal -m64 -mcmodel=small -pthread  -qopenmp -I/work/noaa/da/mpotts/sandbox/intel_2020.2_intelmpi_g_develop/src/apps/ESMF_Scrip2Unstruct -I/work/noaa/da/mpotts/sandbox/intel_2020.2_intelmpi_g_develop/src/apps/ESMF_Scrip2Unstruct/../include -I/work/noaa/da/mpotts/sandbox/intel_2020.2_intelmpi_g_develop/build_config/Linux.intel.default -I/work/noaa/da/mpotts/sandbox/intel_2020.2_intelmpi_g_develop/src/Infrastructure -I/work/noaa/da/mpotts/sandbox/intel_2020.2_intelmpi_g_develop/src/Superstructure -I/work/noaa/da/mpotts/sandbox/intel_2020.2_intelmpi_g_develop/src/Infrastructure/stubs/pthread  -I/work/noaa/da/mpotts/sandbox/intel_2020.2_intelmpi_g_develop/src/include  -I/apps/intel-2020.2/impi-2020.2/netcdf-4.7.4/include -I/work/noaa/da/mpotts/sandbox/intel_2020.2_intelmpi_g_develop/src/prologue/yaml-cpp/include -DESMF_NO_INTEGER_1_BYTE -DESMF_NO_INTEGER_2_BYTE -DESMF_VERSION_STRING_GIT='"v8.3.0b10-105-ga5295e3"' -DESMF_MOAB=1 -DESMF_LAPACK=1 -DESMF_LAPACK_INTERNAL=1 -DESMF_NO_ACC_SOFTWARE_STACK=1 -DESMF_NETCDF=1 -DESMF_YAMLCPP=1 -DESMF_YAML=1 -DESMF_PIO=1 -DESMF_NO_OPENACC -DESMF_TESTEXHAUSTIVE -DESMF_BOPT_g -DESMF_TESTCOMPTUNNEL -DESMF_TESTWITHTHREADS -DSx86_64_small=1 -DESMF_OS_Linux=1 -DESMF_COMM=intelmpi -DESMF_DIR=/work/noaa/da/mpotts/sandbox/intel_2020.2_intelmpi_g_develop -D__SDIR__='"src/apps/ESMF_Scrip2Unstruct"' -DESMF_CXXSTD=11 ESMF_Scrip2Unstruct.C -o /work/noaa/da/mpotts/sandbox/intel_2020.2_intelmpi_g_develop/obj/objg/Linux.intel.64.intelmpi.default/src/apps/ESMF_Scrip2Unstruct/ESMF_Scrip2Unstruct.o
ESMF_Scrip2Unstruct.C(582): warning #2259: non-pointer conversion from "int" to "char" may lose significant bits
      units[i]=tolower(units[i]);
              ^

ESMF_Scrip2Unstruct.C(839): warning #2259: non-pointer conversion from "int" to "char" may lose significant bits
  	    units[i]=tolower(units[i]);
  	            ^

ESMF_Scrip2Unstruct.C(968): warning #2259: non-pointer conversion from "int" to "char" may lose significant bits
        units[i]=tolower(units[i]);
                ^

make chkdir_apps
make[5]: Entering directory `/work/noaa/da/mpotts/sandbox/intel_2020.2_intelmpi_g_develop/src/apps/ESMF_Scrip2Unstruct'
make[5]: Leaving directory `/work/noaa/da/mpotts/sandbox/intel_2020.2_intelmpi_g_develop/src/apps/ESMF_Scrip2Unstruct'
mpiicpc    -m64 -mcmodel=small -pthread -Wl,--no-as-needed  -qopenmp -L/work/noaa/da/mpotts/sandbox/intel_2020.2_intelmpi_g_develop/DEFAULTINSTALLDIR/lib/libg/Linux.intel.64.intelmpi.default -L/apps/intel-2020.2/impi-2020.2/netcdf-4.7.4/lib -L/apps/intel-2020.2/impi-2020.2/netcdf-4.7.4/lib -L/apps/intel-2020.2/intel-2020.2/compilers_and_libraries_2020.2.254/linux/compiler/lib/intel64_lin/ -Wl,-rpath,/work/noaa/da/mpotts/sandbox/intel_2020.2_intelmpi_g_develop/DEFAULTINSTALLDIR/lib/libg/Linux.intel.64.intelmpi.default -Wl,-rpath,/apps/intel-2020.2/impi-2020.2/netcdf-4.7.4/lib -Wl,-rpath,/apps/intel-2020.2/impi-2020.2/netcdf-4.7.4/lib  -Wl,-rpath,/apps/intel-2020.2/intel-2020.2/compilers_and_libraries_2020.2.254/linux/compiler/lib/intel64_lin/ -o /work/noaa/da/mpotts/sandbox/intel_2020.2_intelmpi_g_develop/DEFAULTINSTALLDIR/bin/bing/Linux.intel.64.intelmpi.default/ESMF_Scrip2Unstruct /work/noaa/da/mpotts/sandbox/intel_2020.2_intelmpi_g_develop/obj/objg/Linux.intel.64.intelmpi.default/src/apps/ESMF_Scrip2Unstruct/ESMF_Scrip2Unstruct.o -lesmf  -ldl -lrt -lpthread -lifport -lifcoremt -limf -lsvml -lm -lipgo -liomp5 -lintlc -lpthread -lsvml -ldl -lgcc -lgcc_s -lirc_s -ldl -lrt -ldl -lnetcdf -lnetcdff -lpioc
make[4]: Leaving directory `/work/noaa/da/mpotts/sandbox/intel_2020.2_intelmpi_g_develop/src/apps/ESMF_Scrip2Unstruct'
tree_build_apps in: /work/noaa/da/mpotts/sandbox/intel_2020.2_intelmpi_g_develop/src/apps/ESMF_Regrid
make[4]: Entering directory `/work/noaa/da/mpotts/sandbox/intel_2020.2_intelmpi_g_develop/src/apps/ESMF_Regrid'
make chkdir_locobj
make[5]: Entering directory `/work/noaa/da/mpotts/sandbox/intel_2020.2_intelmpi_g_develop/src/apps/ESMF_Regrid'
Making directory /work/noaa/da/mpotts/sandbox/intel_2020.2_intelmpi_g_develop/obj/objg/Linux.intel.64.intelmpi.default/src/apps/ESMF_Regrid for apps output
make[5]: Leaving directory `/work/noaa/da/mpotts/sandbox/intel_2020.2_intelmpi_g_develop/src/apps/ESMF_Regrid'
mpiifort -c -g -traceback -check arg_temp_created,bounds,format,output_conversion,stack,uninit -fPIC -debug minimal -assume realloc_lhs -m64 -mcmodel=small -pthread -threads  -qopenmp -I/work/noaa/da/mpotts/sandbox/intel_2020.2_intelmpi_g_develop/src/apps/ESMF_Regrid -I/work/noaa/da/mpotts/sandbox/intel_2020.2_intelmpi_g_develop/build_config/Linux.intel.default -I/work/noaa/da/mpotts/sandbox/intel_2020.2_intelmpi_g_develop/src/Infrastructure -I/work/noaa/da/mpotts/sandbox/intel_2020.2_intelmpi_g_develop/src/Superstructure -I/work/noaa/da/mpotts/sandbox/intel_2020.2_intelmpi_g_develop/DEFAULTINSTALLDIR/mod/modg/Linux.intel.64.intelmpi.default -I/work/noaa/da/mpotts/sandbox/intel_2020.2_intelmpi_g_develop/src/include -I/apps/intel-2020.2/impi-2020.2/netcdf-4.7.4/include -I/apps/intel-2020.2/impi-2020.2/netcdf-4.7.4/include  -DESMF_NO_INTEGER_1_BYTE -DESMF_NO_INTEGER_2_BYTE -DESMF_VERSION_STRING_GIT='"v8.3.0b10-105-ga5295e3"' -DESMF_MOAB=1 -DESMF_LAPACK=1 -DESMF_LAPACK_INTERNAL=1 -DESMF_NO_ACC_SOFTWARE_STACK=1 -DESMF_NETCDF=1 -DESMF_YAMLCPP=1 -DESMF_YAML=1 -DESMF_PIO=1 -DESMF_NO_OPENACC -DESMF_TESTEXHAUSTIVE -DESMF_BOPT_g -DESMF_TESTCOMPTUNNEL -DESMF_TESTWITHTHREADS -DSx86_64_small=1 -DESMF_OS_Linux=1 -DESMF_COMM=intelmpi -DESMF_DIR=/work/noaa/da/mpotts/sandbox/intel_2020.2_intelmpi_g_develop ESMF_Regrid.F90 -o /work/noaa/da/mpotts/sandbox/intel_2020.2_intelmpi_g_develop/obj/objg/Linux.intel.64.intelmpi.default/src/apps/ESMF_Regrid/ESMF_Regrid.o
make chkdir_apps
make[5]: Entering directory `/work/noaa/da/mpotts/sandbox/intel_2020.2_intelmpi_g_develop/src/apps/ESMF_Regrid'
make[5]: Leaving directory `/work/noaa/da/mpotts/sandbox/intel_2020.2_intelmpi_g_develop/src/apps/ESMF_Regrid'
mpiifort    -m64 -mcmodel=small -pthread -threads -Wl,--no-as-needed  -qopenmp -L/work/noaa/da/mpotts/sandbox/intel_2020.2_intelmpi_g_develop/DEFAULTINSTALLDIR/lib/libg/Linux.intel.64.intelmpi.default -L/apps/intel-2020.2/impi-2020.2/netcdf-4.7.4/lib -L/apps/intel-2020.2/impi-2020.2/netcdf-4.7.4/lib  -Wl,-rpath,/work/noaa/da/mpotts/sandbox/intel_2020.2_intelmpi_g_develop/DEFAULTINSTALLDIR/lib/libg/Linux.intel.64.intelmpi.default -Wl,-rpath,/apps/intel-2020.2/impi-2020.2/netcdf-4.7.4/lib -Wl,-rpath,/apps/intel-2020.2/impi-2020.2/netcdf-4.7.4/lib  -o /work/noaa/da/mpotts/sandbox/intel_2020.2_intelmpi_g_develop/DEFAULTINSTALLDIR/bin/bing/Linux.intel.64.intelmpi.default/ESMF_Regrid /work/noaa/da/mpotts/sandbox/intel_2020.2_intelmpi_g_develop/obj/objg/Linux.intel.64.intelmpi.default/src/apps/ESMF_Regrid/ESMF_Regrid.o -lesmf  -cxxlib -lrt -ldl -lnetcdf -lnetcdff -lpioc
make[4]: Leaving directory `/work/noaa/da/mpotts/sandbox/intel_2020.2_intelmpi_g_develop/src/apps/ESMF_Regrid'
make[3]: Leaving directory `/work/noaa/da/mpotts/sandbox/intel_2020.2_intelmpi_g_develop/src/apps'
ESMF apps built successfully.
make[2]: Leaving directory `/work/noaa/da/mpotts/sandbox/intel_2020.2_intelmpi_g_develop'
make[1]: Leaving directory `/work/noaa/da/mpotts/sandbox/intel_2020.2_intelmpi_g_develop'
mkdir -p /work/noaa/da/mpotts/sandbox/intel_2020.2_intelmpi_g_develop/DEFAULTINSTALLDIR/doc
make install_info_mk
make[1]: Entering directory `/work/noaa/da/mpotts/sandbox/intel_2020.2_intelmpi_g_develop'
make info_mk ESMF_APPSDIR=/work/noaa/da/mpotts/sandbox/intel_2020.2_intelmpi_g_develop/DEFAULTINSTALLDIR/bin/bing/Linux.intel.64.intelmpi.default ESMF_LDIR=/work/noaa/da/mpotts/sandbox/intel_2020.2_intelmpi_g_develop/DEFAULTINSTALLDIR/lib/libg/Linux.intel.64.intelmpi.default ESMF_LIBDIR=/work/noaa/da/mpotts/sandbox/intel_2020.2_intelmpi_g_develop/DEFAULTINSTALLDIR/lib/libg/Linux.intel.64.intelmpi.default ESMF_MODDIR=/work/noaa/da/mpotts/sandbox/intel_2020.2_intelmpi_g_develop/DEFAULTINSTALLDIR/mod/modg/Linux.intel.64.intelmpi.default ESMF_INCDIR=/work/noaa/da/mpotts/sandbox/intel_2020.2_intelmpi_g_develop/DEFAULTINSTALLDIR/include
make[2]: Entering directory `/work/noaa/da/mpotts/sandbox/intel_2020.2_intelmpi_g_develop'
make[2]: Leaving directory `/work/noaa/da/mpotts/sandbox/intel_2020.2_intelmpi_g_develop'
make[1]: Leaving directory `/work/noaa/da/mpotts/sandbox/intel_2020.2_intelmpi_g_develop'
 
ESMF installation complete.
 
