build time -- 2022-03-17 22:41:24
20220317 231253.187 INFO             PET0 !!!!!!!!!!!!!!!!!!!!!!!!!!!!!!!!!!!!!!!!!!!!!!!!!!!!!!
20220317 231253.187 INFO             PET0 !!! THE ESMF_LOG IS SET TO OUTPUT ALL LOG MESSAGES !!!
20220317 231253.187 INFO             PET0 !!!     THIS MAY CAUSE SLOWDOWN IN PERFORMANCE     !!!
20220317 231253.187 INFO             PET0 !!! FOR PRODUCTION RUNS, USE:                      !!!
20220317 231253.187 INFO             PET0 !!!                   ESMF_LOGKIND_Multi_On_Error  !!!
20220317 231253.187 INFO             PET0 !!!!!!!!!!!!!!!!!!!!!!!!!!!!!!!!!!!!!!!!!!!!!!!!!!!!!!
20220317 231253.187 INFO             PET0 Running with ESMF Version   : v8.3.0b09-102-gabaf3ef548
20220317 231253.187 INFO             PET0 ESMF library build date/time: "Mar 17 2022" "22:39:12"
20220317 231253.187 INFO             PET0 ESMF library build location : /scratch1/NCEPDEV/stmp2/role.esmfmaint/intel_18.0.4_intelmpi_O_jedwards_pio_update2
20220317 231253.187 INFO             PET0 ESMF_COMM                   : intelmpi
20220317 231253.188 INFO             PET0 ESMF_MOAB                   : enabled
20220317 231253.188 INFO             PET0 ESMF_LAPACK                 : enabled
20220317 231253.188 INFO             PET0 ESMF_NETCDF                 : enabled
20220317 231253.188 INFO             PET0 ESMF_PNETCDF                : disabled
20220317 231253.188 INFO             PET0 ESMF_PIO                    : enabled
20220317 231253.188 INFO             PET0 ESMF_YAMLCPP                : enabled
20220317 231253.191 INFO             PET0  NUMBER_OF_PROCESSORS           1
20220317 231253.191 INFO             PET0  PASS  Example ESMF_XGridSparseMatEx, ESMF_XGridSparseMatEx.F90, line 642
20220317 231253.191 INFO             PET0 Finalizing ESMF
