build time -- 2022-03-18 00:22:57
20220318 004850.715 INFO             PET0 !!!!!!!!!!!!!!!!!!!!!!!!!!!!!!!!!!!!!!!!!!!!!!!!!!!!!!
20220318 004850.715 INFO             PET0 !!! THE ESMF_LOG IS SET TO OUTPUT ALL LOG MESSAGES !!!
20220318 004850.715 INFO             PET0 !!!     THIS MAY CAUSE SLOWDOWN IN PERFORMANCE     !!!
20220318 004850.715 INFO             PET0 !!! FOR PRODUCTION RUNS, USE:                      !!!
20220318 004850.715 INFO             PET0 !!!                   ESMF_LOGKIND_Multi_On_Error  !!!
20220318 004850.715 INFO             PET0 !!!!!!!!!!!!!!!!!!!!!!!!!!!!!!!!!!!!!!!!!!!!!!!!!!!!!!
20220318 004850.715 INFO             PET0 Running with ESMF Version   : v8.3.0b09-102-gabaf3ef548
20220318 004850.715 INFO             PET0 ESMF library build date/time: "Mar 18 2022" "00:21:09"
20220318 004850.715 INFO             PET0 ESMF library build location : /scratch1/NCEPDEV/stmp2/role.esmfmaint/intel_18.0.4_intelmpi_O_jedwards_pio_update2
20220318 004850.715 INFO             PET0 ESMF_COMM                   : intelmpi
20220318 004850.716 INFO             PET0 ESMF_MOAB                   : enabled
20220318 004850.716 INFO             PET0 ESMF_LAPACK                 : enabled
20220318 004850.716 INFO             PET0 ESMF_NETCDF                 : enabled
20220318 004850.716 INFO             PET0 ESMF_PNETCDF                : disabled
20220318 004850.716 INFO             PET0 ESMF_PIO                    : enabled
20220318 004850.716 INFO             PET0 ESMF_YAMLCPP                : enabled
20220318 004850.718 INFO             PET0 ESMF_FieldRedistStoreNF(): Just entered routine.
20220318 004850.749 INFO             PET0 ESMF_FieldRedistStoreNF(): Leaving routine.
20220318 004850.781 INFO             PET0  NUMBER_OF_PROCESSORS           4
20220318 004850.781 INFO             PET0  PASS  Example ESMF_RHandleFromFileEx, ESMF_RHandleFromFileEx.F90, line 192
20220318 004850.781 INFO             PET0 Finalizing ESMF
20220318 004850.715 INFO             PET1 !!!!!!!!!!!!!!!!!!!!!!!!!!!!!!!!!!!!!!!!!!!!!!!!!!!!!!
20220318 004850.715 INFO             PET1 !!! THE ESMF_LOG IS SET TO OUTPUT ALL LOG MESSAGES !!!
20220318 004850.715 INFO             PET1 !!!     THIS MAY CAUSE SLOWDOWN IN PERFORMANCE     !!!
20220318 004850.715 INFO             PET1 !!! FOR PRODUCTION RUNS, USE:                      !!!
20220318 004850.715 INFO             PET1 !!!                   ESMF_LOGKIND_Multi_On_Error  !!!
20220318 004850.715 INFO             PET1 !!!!!!!!!!!!!!!!!!!!!!!!!!!!!!!!!!!!!!!!!!!!!!!!!!!!!!
20220318 004850.715 INFO             PET1 Running with ESMF Version   : v8.3.0b09-102-gabaf3ef548
20220318 004850.715 INFO             PET1 ESMF library build date/time: "Mar 18 2022" "00:21:09"
20220318 004850.715 INFO             PET1 ESMF library build location : /scratch1/NCEPDEV/stmp2/role.esmfmaint/intel_18.0.4_intelmpi_O_jedwards_pio_update2
20220318 004850.715 INFO             PET1 ESMF_COMM                   : intelmpi
20220318 004850.716 INFO             PET1 ESMF_MOAB                   : enabled
20220318 004850.716 INFO             PET1 ESMF_LAPACK                 : enabled
20220318 004850.716 INFO             PET1 ESMF_NETCDF                 : enabled
20220318 004850.716 INFO             PET1 ESMF_PNETCDF                : disabled
20220318 004850.716 INFO             PET1 ESMF_PIO                    : enabled
20220318 004850.716 INFO             PET1 ESMF_YAMLCPP                : enabled
20220318 004850.717 INFO             PET1 ESMF_FieldRedistStoreNF(): Just entered routine.
20220318 004850.749 INFO             PET1 ESMF_FieldRedistStoreNF(): Leaving routine.
20220318 004850.781 INFO             PET1  NUMBER_OF_PROCESSORS           4
20220318 004850.781 INFO             PET1  PASS  Example ESMF_RHandleFromFileEx, ESMF_RHandleFromFileEx.F90, line 192
20220318 004850.781 INFO             PET1 Finalizing ESMF
20220318 004850.715 INFO             PET2 !!!!!!!!!!!!!!!!!!!!!!!!!!!!!!!!!!!!!!!!!!!!!!!!!!!!!!
20220318 004850.715 INFO             PET2 !!! THE ESMF_LOG IS SET TO OUTPUT ALL LOG MESSAGES !!!
20220318 004850.715 INFO             PET2 !!!     THIS MAY CAUSE SLOWDOWN IN PERFORMANCE     !!!
20220318 004850.715 INFO             PET2 !!! FOR PRODUCTION RUNS, USE:                      !!!
20220318 004850.715 INFO             PET2 !!!                   ESMF_LOGKIND_Multi_On_Error  !!!
20220318 004850.715 INFO             PET2 !!!!!!!!!!!!!!!!!!!!!!!!!!!!!!!!!!!!!!!!!!!!!!!!!!!!!!
20220318 004850.715 INFO             PET2 Running with ESMF Version   : v8.3.0b09-102-gabaf3ef548
20220318 004850.715 INFO             PET2 ESMF library build date/time: "Mar 18 2022" "00:21:09"
20220318 004850.715 INFO             PET2 ESMF library build location : /scratch1/NCEPDEV/stmp2/role.esmfmaint/intel_18.0.4_intelmpi_O_jedwards_pio_update2
20220318 004850.715 INFO             PET2 ESMF_COMM                   : intelmpi
20220318 004850.715 INFO             PET2 ESMF_MOAB                   : enabled
20220318 004850.715 INFO             PET2 ESMF_LAPACK                 : enabled
20220318 004850.715 INFO             PET2 ESMF_NETCDF                 : enabled
20220318 004850.715 INFO             PET2 ESMF_PNETCDF                : disabled
20220318 004850.715 INFO             PET2 ESMF_PIO                    : enabled
20220318 004850.715 INFO             PET2 ESMF_YAMLCPP                : enabled
20220318 004850.717 INFO             PET2 ESMF_FieldRedistStoreNF(): Just entered routine.
20220318 004850.749 INFO             PET2 ESMF_FieldRedistStoreNF(): Leaving routine.
20220318 004850.781 INFO             PET2  NUMBER_OF_PROCESSORS           4
20220318 004850.781 INFO             PET2  PASS  Example ESMF_RHandleFromFileEx, ESMF_RHandleFromFileEx.F90, line 192
20220318 004850.781 INFO             PET2 Finalizing ESMF
20220318 004850.714 INFO             PET3 !!!!!!!!!!!!!!!!!!!!!!!!!!!!!!!!!!!!!!!!!!!!!!!!!!!!!!
20220318 004850.714 INFO             PET3 !!! THE ESMF_LOG IS SET TO OUTPUT ALL LOG MESSAGES !!!
20220318 004850.714 INFO             PET3 !!!     THIS MAY CAUSE SLOWDOWN IN PERFORMANCE     !!!
20220318 004850.714 INFO             PET3 !!! FOR PRODUCTION RUNS, USE:                      !!!
20220318 004850.714 INFO             PET3 !!!                   ESMF_LOGKIND_Multi_On_Error  !!!
20220318 004850.714 INFO             PET3 !!!!!!!!!!!!!!!!!!!!!!!!!!!!!!!!!!!!!!!!!!!!!!!!!!!!!!
20220318 004850.714 INFO             PET3 Running with ESMF Version   : v8.3.0b09-102-gabaf3ef548
20220318 004850.714 INFO             PET3 ESMF library build date/time: "Mar 18 2022" "00:21:09"
20220318 004850.714 INFO             PET3 ESMF library build location : /scratch1/NCEPDEV/stmp2/role.esmfmaint/intel_18.0.4_intelmpi_O_jedwards_pio_update2
20220318 004850.714 INFO             PET3 ESMF_COMM                   : intelmpi
20220318 004850.715 INFO             PET3 ESMF_MOAB                   : enabled
20220318 004850.715 INFO             PET3 ESMF_LAPACK                 : enabled
20220318 004850.715 INFO             PET3 ESMF_NETCDF                 : enabled
20220318 004850.715 INFO             PET3 ESMF_PNETCDF                : disabled
20220318 004850.715 INFO             PET3 ESMF_PIO                    : enabled
20220318 004850.715 INFO             PET3 ESMF_YAMLCPP                : enabled
20220318 004850.718 INFO             PET3 ESMF_FieldRedistStoreNF(): Just entered routine.
20220318 004850.749 INFO             PET3 ESMF_FieldRedistStoreNF(): Leaving routine.
20220318 004850.781 INFO             PET3  NUMBER_OF_PROCESSORS           4
20220318 004850.781 INFO             PET3  PASS  Example ESMF_RHandleFromFileEx, ESMF_RHandleFromFileEx.F90, line 192
20220318 004850.781 INFO             PET3 Finalizing ESMF
