build time -- 2022-03-21 02:28:14
20220321 030625.460 INFO             PET0 !!!!!!!!!!!!!!!!!!!!!!!!!!!!!!!!!!!!!!!!!!!!!!!!!!!!!!
20220321 030625.460 INFO             PET0 !!! THE ESMF_LOG IS SET TO OUTPUT ALL LOG MESSAGES !!!
20220321 030625.460 INFO             PET0 !!!     THIS MAY CAUSE SLOWDOWN IN PERFORMANCE     !!!
20220321 030625.460 INFO             PET0 !!! FOR PRODUCTION RUNS, USE:                      !!!
20220321 030625.460 INFO             PET0 !!!                   ESMF_LOGKIND_Multi_On_Error  !!!
20220321 030625.460 INFO             PET0 !!!!!!!!!!!!!!!!!!!!!!!!!!!!!!!!!!!!!!!!!!!!!!!!!!!!!!
20220321 030625.460 INFO             PET0 Running with ESMF Version   : v8.3.0b09-102-gabaf3ef548
20220321 030625.460 INFO             PET0 ESMF library build date/time: "Mar 21 2022" "02:26:19"
20220321 030625.460 INFO             PET0 ESMF library build location : /global/cscratch1/sd/rsdunlap/esmf-testing/intel_19.0.3_mpiuni_O_jedwards_pio_update2
20220321 030625.460 INFO             PET0 ESMF_COMM                   : mpiuni
20220321 030625.462 INFO             PET0 ESMF_MOAB                   : enabled
20220321 030625.462 INFO             PET0 ESMF_LAPACK                 : enabled
20220321 030625.462 INFO             PET0 ESMF_NETCDF                 : enabled
20220321 030625.462 INFO             PET0 ESMF_PNETCDF                : disabled
20220321 030625.462 INFO             PET0 ESMF_PIO                    : disabled
20220321 030625.462 INFO             PET0 ESMF_YAMLCPP                : enabled
20220321 030625.465 INFO             PET0 ESMF_FieldRedistStoreNF(): Just entered routine.
20220321 030625.544 INFO             PET0 ESMF_FieldRedistStoreNF(): Leaving routine.
20220321 030625.553 INFO             PET0  NUMBER_OF_PROCESSORS           1
20220321 030625.554 INFO             PET0  PASS  Example ESMF_RHandleFromFileEx, ESMF_RHandleFromFileEx.F90, line 192
20220321 030625.554 INFO             PET0 Finalizing ESMF
