build time -- 2022-03-08 22:44:11
20220309 041153.075 INFO             PET0 !!!!!!!!!!!!!!!!!!!!!!!!!!!!!!!!!!!!!!!!!!!!!!!!!!!!!!
20220309 041153.075 INFO             PET0 !!! THE ESMF_LOG IS SET TO OUTPUT ALL LOG MESSAGES !!!
20220309 041153.075 INFO             PET0 !!!     THIS MAY CAUSE SLOWDOWN IN PERFORMANCE     !!!
20220309 041153.075 INFO             PET0 !!! FOR PRODUCTION RUNS, USE:                      !!!
20220309 041153.075 INFO             PET0 !!!                   ESMF_LOGKIND_Multi_On_Error  !!!
20220309 041153.075 INFO             PET0 !!!!!!!!!!!!!!!!!!!!!!!!!!!!!!!!!!!!!!!!!!!!!!!!!!!!!!
20220309 041153.075 INFO             PET0 Running with ESMF Version   : v8.3.0b08-94-gc0ddbabc21
20220309 041153.075 INFO             PET0 ESMF library build date/time: "Mar  8 2022" "22:42:38"
20220309 041153.075 INFO             PET0 ESMF library build location : /global/cscratch1/sd/rsdunlap/esmf-testing/intel_19.0.3_mpiuni_O_jedwards_pio_update2
20220309 041153.075 INFO             PET0 ESMF_COMM                   : mpiuni
20220309 041153.076 INFO             PET0 ESMF_MOAB                   : enabled
20220309 041153.076 INFO             PET0 ESMF_LAPACK                 : enabled
20220309 041153.076 INFO             PET0 ESMF_NETCDF                 : enabled
20220309 041153.076 INFO             PET0 ESMF_PNETCDF                : disabled
20220309 041153.076 INFO             PET0 ESMF_PIO                    : disabled
20220309 041153.076 INFO             PET0 ESMF_YAMLCPP                : enabled
20220309 041153.080 INFO             PET0  NUMBER_OF_PROCESSORS           1
20220309 041153.080 INFO             PET0  PASS  Example ESMF_XGridSparseMatEx, ESMF_XGridSparseMatEx.F90, line 642
20220309 041153.080 INFO             PET0 Finalizing ESMF
20220309 041153.080 INFO             PET0 ESMCI_IO_Handler.C:356 ESMCI::IO_Handler::finalize() before return, localrc = 0
