build time -- 2022-03-18 02:50:36
20220318 033406.417 INFO             PET0 !!!!!!!!!!!!!!!!!!!!!!!!!!!!!!!!!!!!!!!!!!!!!!!!!!!!!!
20220318 033406.417 INFO             PET0 !!! THE ESMF_LOG IS SET TO OUTPUT ALL LOG MESSAGES !!!
20220318 033406.417 INFO             PET0 !!!     THIS MAY CAUSE SLOWDOWN IN PERFORMANCE     !!!
20220318 033406.417 INFO             PET0 !!! FOR PRODUCTION RUNS, USE:                      !!!
20220318 033406.417 INFO             PET0 !!!                   ESMF_LOGKIND_Multi_On_Error  !!!
20220318 033406.417 INFO             PET0 !!!!!!!!!!!!!!!!!!!!!!!!!!!!!!!!!!!!!!!!!!!!!!!!!!!!!!
20220318 033406.417 INFO             PET0 Running with ESMF Version   : v8.3.0b09-102-gabaf3ef548
20220318 033406.417 INFO             PET0 ESMF library build date/time: "Mar 18 2022" "02:45:27"
20220318 033406.417 INFO             PET0 ESMF library build location : /global/cscratch1/sd/rsdunlap/esmf-testing/intel_19.0.3_mpiuni_O_jedwards_pio_update2
20220318 033406.417 INFO             PET0 ESMF_COMM                   : mpiuni
20220318 033406.419 INFO             PET0 ESMF_MOAB                   : enabled
20220318 033406.419 INFO             PET0 ESMF_LAPACK                 : enabled
20220318 033406.419 INFO             PET0 ESMF_NETCDF                 : enabled
20220318 033406.419 INFO             PET0 ESMF_PNETCDF                : disabled
20220318 033406.419 INFO             PET0 ESMF_PIO                    : disabled
20220318 033406.419 INFO             PET0 ESMF_YAMLCPP                : enabled
20220318 033406.419 INFO             PET0 Log Write 2
20220318 033406.419 ERROR            PET0 Invalid object  - Convergence failure
20220318 033406.419 ERROR            PET0 ESMCI_Fraction.C:1444 ESMCI::Fraction::validate() must have non-zero denominator.
20220318 033406.419 ERROR            PET0 ESMCI_Time.C:838 ESMCI::Time::syncToRealTime() Wrong argument specified  - ; calkindflag is JULIANDAY, MODJULIANDAY or NOCALENDAR.
20220318 033406.419 ERROR            PET0 ESMF_Time.F90:1485 ESMF_TimeSyncToRealTime() Wrong argument specified  - Internal subroutine call returned Error
20220318 033406.419 ERROR            PET0 Wrong argument specified  - getting wall clock time
20220318 033406.421 INFO             PET0  NUMBER_OF_PROCESSORS           1
20220318 033406.422 INFO             PET0  PASS  Example ESMF_LogErrEx, ESMF_LogErrEx.F90, line 186
20220318 033406.422 INFO             PET0 Finalizing ESMF
