build time -- 2022-03-24 06:05:13
20220324 063150.434 INFO             PET0 !!!!!!!!!!!!!!!!!!!!!!!!!!!!!!!!!!!!!!!!!!!!!!!!!!!!!!
20220324 063150.434 INFO             PET0 !!! THE ESMF_LOG IS SET TO OUTPUT ALL LOG MESSAGES !!!
20220324 063150.434 INFO             PET0 !!!     THIS MAY CAUSE SLOWDOWN IN PERFORMANCE     !!!
20220324 063150.434 INFO             PET0 !!! FOR PRODUCTION RUNS, USE:                      !!!
20220324 063150.434 INFO             PET0 !!!                   ESMF_LOGKIND_Multi_On_Error  !!!
20220324 063150.434 INFO             PET0 !!!!!!!!!!!!!!!!!!!!!!!!!!!!!!!!!!!!!!!!!!!!!!!!!!!!!!
20220324 063150.434 INFO             PET0 Running with ESMF Version   : v8.3.0b10
20220324 063150.434 INFO             PET0 ESMF library build date/time: "Mar 24 2022" "06:03:30"
20220324 063150.434 INFO             PET0 ESMF library build location : /scratch1/NCEPDEV/stmp2/role.esmfmaint/intel_18.0.5b_intelmpi_O_develop
20220324 063150.434 INFO             PET0 ESMF_COMM                   : intelmpi
20220324 063150.435 INFO             PET0 ESMF_MOAB                   : enabled
20220324 063150.435 INFO             PET0 ESMF_LAPACK                 : enabled
20220324 063150.435 INFO             PET0 ESMF_NETCDF                 : enabled
20220324 063150.435 INFO             PET0 ESMF_PNETCDF                : disabled
20220324 063150.435 INFO             PET0 ESMF_PIO                    : enabled
20220324 063150.435 INFO             PET0 ESMF_YAMLCPP                : enabled
20220324 063150.440 INFO             PET0  NUMBER_OF_PROCESSORS           4
20220324 063150.440 INFO             PET0  PASS  Example ESMF_FieldBundleSMMEx, ESMF_FieldBundleSMMEx.F90, line 242
20220324 063150.440 INFO             PET0 Finalizing ESMF
20220324 063150.434 INFO             PET1 !!!!!!!!!!!!!!!!!!!!!!!!!!!!!!!!!!!!!!!!!!!!!!!!!!!!!!
20220324 063150.434 INFO             PET1 !!! THE ESMF_LOG IS SET TO OUTPUT ALL LOG MESSAGES !!!
20220324 063150.434 INFO             PET1 !!!     THIS MAY CAUSE SLOWDOWN IN PERFORMANCE     !!!
20220324 063150.434 INFO             PET1 !!! FOR PRODUCTION RUNS, USE:                      !!!
20220324 063150.434 INFO             PET1 !!!                   ESMF_LOGKIND_Multi_On_Error  !!!
20220324 063150.434 INFO             PET1 !!!!!!!!!!!!!!!!!!!!!!!!!!!!!!!!!!!!!!!!!!!!!!!!!!!!!!
20220324 063150.434 INFO             PET1 Running with ESMF Version   : v8.3.0b10
20220324 063150.434 INFO             PET1 ESMF library build date/time: "Mar 24 2022" "06:03:30"
20220324 063150.434 INFO             PET1 ESMF library build location : /scratch1/NCEPDEV/stmp2/role.esmfmaint/intel_18.0.5b_intelmpi_O_develop
20220324 063150.434 INFO             PET1 ESMF_COMM                   : intelmpi
20220324 063150.435 INFO             PET1 ESMF_MOAB                   : enabled
20220324 063150.435 INFO             PET1 ESMF_LAPACK                 : enabled
20220324 063150.435 INFO             PET1 ESMF_NETCDF                 : enabled
20220324 063150.435 INFO             PET1 ESMF_PNETCDF                : disabled
20220324 063150.435 INFO             PET1 ESMF_PIO                    : enabled
20220324 063150.435 INFO             PET1 ESMF_YAMLCPP                : enabled
20220324 063150.440 INFO             PET1  NUMBER_OF_PROCESSORS           4
20220324 063150.440 INFO             PET1  PASS  Example ESMF_FieldBundleSMMEx, ESMF_FieldBundleSMMEx.F90, line 242
20220324 063150.440 INFO             PET1 Finalizing ESMF
20220324 063150.435 INFO             PET2 !!!!!!!!!!!!!!!!!!!!!!!!!!!!!!!!!!!!!!!!!!!!!!!!!!!!!!
20220324 063150.435 INFO             PET2 !!! THE ESMF_LOG IS SET TO OUTPUT ALL LOG MESSAGES !!!
20220324 063150.435 INFO             PET2 !!!     THIS MAY CAUSE SLOWDOWN IN PERFORMANCE     !!!
20220324 063150.435 INFO             PET2 !!! FOR PRODUCTION RUNS, USE:                      !!!
20220324 063150.435 INFO             PET2 !!!                   ESMF_LOGKIND_Multi_On_Error  !!!
20220324 063150.435 INFO             PET2 !!!!!!!!!!!!!!!!!!!!!!!!!!!!!!!!!!!!!!!!!!!!!!!!!!!!!!
20220324 063150.435 INFO             PET2 Running with ESMF Version   : v8.3.0b10
20220324 063150.435 INFO             PET2 ESMF library build date/time: "Mar 24 2022" "06:03:30"
20220324 063150.435 INFO             PET2 ESMF library build location : /scratch1/NCEPDEV/stmp2/role.esmfmaint/intel_18.0.5b_intelmpi_O_develop
20220324 063150.435 INFO             PET2 ESMF_COMM                   : intelmpi
20220324 063150.436 INFO             PET2 ESMF_MOAB                   : enabled
20220324 063150.436 INFO             PET2 ESMF_LAPACK                 : enabled
20220324 063150.436 INFO             PET2 ESMF_NETCDF                 : enabled
20220324 063150.436 INFO             PET2 ESMF_PNETCDF                : disabled
20220324 063150.436 INFO             PET2 ESMF_PIO                    : enabled
20220324 063150.436 INFO             PET2 ESMF_YAMLCPP                : enabled
20220324 063150.440 INFO             PET2  NUMBER_OF_PROCESSORS           4
20220324 063150.440 INFO             PET2  PASS  Example ESMF_FieldBundleSMMEx, ESMF_FieldBundleSMMEx.F90, line 242
20220324 063150.440 INFO             PET2 Finalizing ESMF
20220324 063150.433 INFO             PET3 !!!!!!!!!!!!!!!!!!!!!!!!!!!!!!!!!!!!!!!!!!!!!!!!!!!!!!
20220324 063150.433 INFO             PET3 !!! THE ESMF_LOG IS SET TO OUTPUT ALL LOG MESSAGES !!!
20220324 063150.433 INFO             PET3 !!!     THIS MAY CAUSE SLOWDOWN IN PERFORMANCE     !!!
20220324 063150.433 INFO             PET3 !!! FOR PRODUCTION RUNS, USE:                      !!!
20220324 063150.433 INFO             PET3 !!!                   ESMF_LOGKIND_Multi_On_Error  !!!
20220324 063150.433 INFO             PET3 !!!!!!!!!!!!!!!!!!!!!!!!!!!!!!!!!!!!!!!!!!!!!!!!!!!!!!
20220324 063150.433 INFO             PET3 Running with ESMF Version   : v8.3.0b10
20220324 063150.433 INFO             PET3 ESMF library build date/time: "Mar 24 2022" "06:03:30"
20220324 063150.433 INFO             PET3 ESMF library build location : /scratch1/NCEPDEV/stmp2/role.esmfmaint/intel_18.0.5b_intelmpi_O_develop
20220324 063150.433 INFO             PET3 ESMF_COMM                   : intelmpi
20220324 063150.435 INFO             PET3 ESMF_MOAB                   : enabled
20220324 063150.435 INFO             PET3 ESMF_LAPACK                 : enabled
20220324 063150.435 INFO             PET3 ESMF_NETCDF                 : enabled
20220324 063150.435 INFO             PET3 ESMF_PNETCDF                : disabled
20220324 063150.435 INFO             PET3 ESMF_PIO                    : enabled
20220324 063150.435 INFO             PET3 ESMF_YAMLCPP                : enabled
20220324 063150.440 INFO             PET3  NUMBER_OF_PROCESSORS           4
20220324 063150.440 INFO             PET3  PASS  Example ESMF_FieldBundleSMMEx, ESMF_FieldBundleSMMEx.F90, line 242
20220324 063150.440 INFO             PET3 Finalizing ESMF
