build time -- 2022-03-27 01:28:35.632192
0:  localPET=           0  localDE=           0 : array(           1 ,           1 
2:  localPET=           2  localDE=           0 : array(           1 ,           1 
3:  localPET=           3  localDE=           0 : array(           1 ,           1 
1:  localPET=           1  localDE=           0 : array(           1 ,           1 
1:  )=  0.000000000000000E+000
1:  localPET=           1  localDE=           0 : array(           1 ,           2 
1:  )=  0.000000000000000E+000
1:  localPET=           1  localDE=           0 : array(           2 ,           1 
2:  )=  6.953334377695719E-310
2:  localPET=           2  localDE=           0 : array(           1 ,           2 
1:  )=  0.000000000000000E+000
1:  localPET=           1  localDE=           0 : array(           2 ,           2 
1:  )=  0.000000000000000E+000
1:  localPET=           1  localDE=           1 : array(           1 ,           1 
1:  )=  0.000000000000000E+000
1:  localPET=           1  localDE=           1 : array(           2 ,           1 
1:  )=  0.000000000000000E+000
2:  )=  6.109163475470851E+223
2:  localPET=           2  localDE=           0 : array(           2 ,           1 
2:  )=  6.013471088102870E-154
2:  localPET=           2  localDE=           0 : array(           2 ,           2 
2:  )=  6.013858495167002E-154
2:  localPET=           2  localDE=           0 : array(           3 ,           1 
2:  )=  6.013470016999068E-154
2:  localPET=           2  localDE=           0 : array(           3 ,           2 
2:  )=  6.013470016999068E-154
0:  )=  6.953334377695719E-310
0:  localPET=           0  localDE=           0 : array(           1 ,           2 
0:  )=  6.109163475470851E+223
0:  localPET=           0  localDE=           0 : array(           2 ,           1 
0:  )=  6.013471088102870E-154
0:  localPET=           0  localDE=           0 : array(           2 ,           2 
0:  )=  6.013858495167002E-154
0:  localPET=           0  localDE=           0 : array(           3 ,           1 
0:  )=  6.013470016999068E-154
0:  localPET=           0  localDE=           0 : array(           3 ,           2 
0:  )=  6.013470016999068E-154
0:  localPET=           0  localDE=           1 : array(           1 ,           1 
0:  )=  9.881312916824931E-324
0:  localPET=           0  localDE=           1 : array(           2 ,           1 
0:  )=  0.000000000000000E+000
0:  localPET=           0  localDE=           1 : array(           3 ,           1 
0:  )=  0.000000000000000E+000
3:  )=  9.881312916824931E-324
3:  localPET=           3  localDE=           0 : array(           1 ,           2 
3:  )=  0.000000000000000E+000
3:  localPET=           3  localDE=           0 : array(           2 ,           1 
3:  )=  0.000000000000000E+000
3:  localPET=           3  localDE=           0 : array(           2 ,           2 
3:  )=  0.000000000000000E+000
1:  localPet:            1 DE            1  [           1           2 ]
1:  localPet:            1 DE            5  [           1           2 ]
2:  localPet:            2 DE            2  [           1           3 ]
0:  localPet:            0 DE            0  [           1           3 ]
0:  localPet:            0 DE            4  [           1           3 ]
3:  localPet:            3 DE            3  [           1           2 ]
1:   PASS  Example ESMF_ArrayEx, ESMF_ArrayEx.F90, line 1899
3:   PASS  Example ESMF_ArrayEx, ESMF_ArrayEx.F90, line 1899
0:   PASS  Example ESMF_ArrayEx, ESMF_ArrayEx.F90, line 1899
0:  PASS: ESMF_ArrayEx.F90
1:  PASS: ESMF_ArrayEx.F90
2:   PASS  Example ESMF_ArrayEx, ESMF_ArrayEx.F90, line 1899
2:  PASS: ESMF_ArrayEx.F90
3:  PASS: ESMF_ArrayEx.F90
