build time -- 2022-03-18 01:18:02.031011
20220318 014649.895 INFO             PET0 !!!!!!!!!!!!!!!!!!!!!!!!!!!!!!!!!!!!!!!!!!!!!!!!!!!!!!
20220318 014649.895 INFO             PET0 !!! THE ESMF_LOG IS SET TO OUTPUT ALL LOG MESSAGES !!!
20220318 014649.895 INFO             PET0 !!!     THIS MAY CAUSE SLOWDOWN IN PERFORMANCE     !!!
20220318 014649.895 INFO             PET0 !!! FOR PRODUCTION RUNS, USE:                      !!!
20220318 014649.895 INFO             PET0 !!!                   ESMF_LOGKIND_Multi_On_Error  !!!
20220318 014649.895 INFO             PET0 !!!!!!!!!!!!!!!!!!!!!!!!!!!!!!!!!!!!!!!!!!!!!!!!!!!!!!
20220318 014649.895 INFO             PET0 Running with ESMF Version   : v8.3.0b09-4-g424b2f26e0
20220318 014649.895 INFO             PET0 ESMF library build date/time: "Mar 18 2022" "01:15:11"
20220318 014649.895 INFO             PET0 ESMF library build location : /gpfsm/dnb04/projects/p98/mpotts/esmf/intel_19.1.3_mpt_g_develop
20220318 014649.895 INFO             PET0 ESMF_COMM                   : mpt
20220318 014649.895 INFO             PET0 ESMF_MOAB                   : enabled
20220318 014649.895 INFO             PET0 ESMF_LAPACK                 : enabled
20220318 014649.895 INFO             PET0 ESMF_NETCDF                 : enabled
20220318 014649.895 INFO             PET0 ESMF_PNETCDF                : disabled
20220318 014649.895 INFO             PET0 ESMF_PIO                    : enabled
20220318 014649.895 INFO             PET0 ESMF_YAMLCPP                : enabled
20220318 014649.896 INFO             PET0  NUMBER_OF_PROCESSORS           2
20220318 014649.896 INFO             PET0  PASS  Example ESMF_VMUserMpiCommEx, ESMF_VMUserMpiCommEx.F90, line 113
20220318 014649.896 INFO             PET0 Finalizing ESMF
20220318 014649.895 INFO             PET1 !!!!!!!!!!!!!!!!!!!!!!!!!!!!!!!!!!!!!!!!!!!!!!!!!!!!!!
20220318 014649.895 INFO             PET1 !!! THE ESMF_LOG IS SET TO OUTPUT ALL LOG MESSAGES !!!
20220318 014649.895 INFO             PET1 !!!     THIS MAY CAUSE SLOWDOWN IN PERFORMANCE     !!!
20220318 014649.895 INFO             PET1 !!! FOR PRODUCTION RUNS, USE:                      !!!
20220318 014649.895 INFO             PET1 !!!                   ESMF_LOGKIND_Multi_On_Error  !!!
20220318 014649.895 INFO             PET1 !!!!!!!!!!!!!!!!!!!!!!!!!!!!!!!!!!!!!!!!!!!!!!!!!!!!!!
20220318 014649.895 INFO             PET1 Running with ESMF Version   : v8.3.0b09-4-g424b2f26e0
20220318 014649.895 INFO             PET1 ESMF library build date/time: "Mar 18 2022" "01:15:11"
20220318 014649.895 INFO             PET1 ESMF library build location : /gpfsm/dnb04/projects/p98/mpotts/esmf/intel_19.1.3_mpt_g_develop
20220318 014649.895 INFO             PET1 ESMF_COMM                   : mpt
20220318 014649.895 INFO             PET1 ESMF_MOAB                   : enabled
20220318 014649.895 INFO             PET1 ESMF_LAPACK                 : enabled
20220318 014649.895 INFO             PET1 ESMF_NETCDF                 : enabled
20220318 014649.895 INFO             PET1 ESMF_PNETCDF                : disabled
20220318 014649.895 INFO             PET1 ESMF_PIO                    : enabled
20220318 014649.895 INFO             PET1 ESMF_YAMLCPP                : enabled
20220318 014649.896 INFO             PET1  NUMBER_OF_PROCESSORS           2
20220318 014649.896 INFO             PET1  PASS  Example ESMF_VMUserMpiCommEx, ESMF_VMUserMpiCommEx.F90, line 113
20220318 014649.896 INFO             PET1 Finalizing ESMF
