build time -- 2022-03-27 01:28:35.632192
0:  State Example 1: Import State
1:  State Example 1: Import State
2:  State Example 1: Import State
3:  State Example 1: Import State
0:  State Create returned, name = Atmosphere
0:  State Example 1 finished
0:  State Example 2: Export State
1:  State Create returned, name = Atmosphere
1:  State Example 1 finished
1:  State Example 2: Export State
2:  State Create returned, name = Atmosphere
3:  State Create returned, name = Atmosphere
3:  State Example 1 finished
3:  State Example 2: Export State
3:  State Create returned, name = Ocean
0:  State Create returned, name = Ocean
1:  State Create returned, name = Ocean
2:  State Example 1 finished
0:  FieldBundle Create returned           0
1:  FieldBundle Create returned           0
3:  FieldBundle Create returned           0
2:  State Example 2: Export State
2:  State Create returned, name = Ocean
2:  FieldBundle Create returned           0
0:  StateAdd returned           0
1:  StateAdd returned           0
3:  StateAdd returned           0
2:  StateAdd returned           0
0:  State Destroy returned           0
1:  State Destroy returned           0
1:  FieldBundle Destroy returned           0
1:  State Example 2 finished
1:  State Example 3: Export State with Placeholder
3:  State Destroy returned           0
0:  FieldBundle Destroy returned           0
0:  State Example 2 finished
0:  State Example 3: Export State with Placeholder
2:  State Destroy returned           0
1:  State Create returned           0  name = Ocean
2:  FieldBundle Destroy returned           0
2:  State Example 2 finished
2:  State Example 3: Export State with Placeholder
0:  State Create returned           0  name = Ocean
2:  State Create returned           0  name = Ocean
3:  FieldBundle Destroy returned           0
3:  State Example 2 finished
3:  State Example 3: Export State with Placeholder
3:  State Create returned           0  name = Ocean
0:  AttributeSet returned           0  name = Downward wind:needed
1:  AttributeSet returned           0  name = Downward wind:needed
2:  AttributeSet returned           0  name = Downward wind:needed
3:  AttributeSet returned           0  name = Downward wind:needed
0:  AttributeSet returned           0  name = Humidity:needed
1:  AttributeSet returned           0  name = Humidity:needed
2:  AttributeSet returned           0  name = Humidity:needed
0:  State Example 3 finished
0:  State Example 4: Get/Set Needed flags in Export State
1:  State Example 3 finished
1:  State Example 4: Get/Set Needed flags in Export State
3:  AttributeSet returned           0  name = Humidity:needed
3:  State Example 3 finished
3:  State Example 4: Get/Set Needed flags in Export State
0:  AttributeSet returned           0
0:  State Example 5: Get/Set Needed flags in Export State, continued
1:  AttributeSet returned           0
1:  State Example 5: Get/Set Needed flags in Export State, continued
3:  AttributeSet returned           0
3:  State Example 5: Get/Set Needed flags in Export State, continued
2:  State Example 3 finished
2:  State Example 4: Get/Set Needed flags in Export State
2:  AttributeSet returned           0
2:  State Example 5: Get/Set Needed flags in Export State, continued
0:  FieldBundle Create returned           0 name = Downward wind:needed
3:  FieldBundle Create returned           0 name = Downward wind:needed
1:  FieldBundle Create returned           0 name = Downward wind:needed
2:  FieldBundle Create returned           0 name = Downward wind:needed
3:  StateAdd returned           0
3:  State Example 5 finished
1:  StateAdd returned           0
1:  State Example 5 finished
2:  StateAdd returned           0
2:  State Example 5 finished
3:  State Destroy returned           0
1:  State Destroy returned           0
2:  State Destroy returned           0
3:   PASS  Example ESMF_StateEx, ESMF_StateEx.F90, line 237
1:   PASS  Example ESMF_StateEx, ESMF_StateEx.F90, line 237
2:   PASS  Example ESMF_StateEx, ESMF_StateEx.F90, line 237
0:  StateAdd returned           0
0:  State Example 5 finished
0:  State Destroy returned           0
0:   PASS  Example ESMF_StateEx, ESMF_StateEx.F90, line 237
2:  PASS: ESMF_StateEx.F90
3:  PASS: ESMF_StateEx.F90
1:  PASS: ESMF_StateEx.F90
0:  PASS: ESMF_StateEx.F90
