build time -- 2022-03-26 02:15:12.970975
0:  NUOPC Basic Model template run
1:  NUOPC Basic Model template run
3:  NUOPC Basic Model template run
2:  NUOPC Basic Model template run
0: ------>Advancing MODEL from:    0  1  1  0  0  0   0
0: --------------------------------> to:    0  1  1  0  0 30   0
1: ------>Advancing MODEL from:    0  1  1  0  0  0   0
1: --------------------------------> to:    0  1  1  0  0 30   0
2: ------>Advancing MODEL from:    0  1  1  0  0  0   0
2: --------------------------------> to:    0  1  1  0  0 30   0
3: ------>Advancing MODEL from:    0  1  1  0  0  0   0
3: --------------------------------> to:    0  1  1  0  0 30   0
0: ------>Advancing MODEL from:    0  1  1  0  0 30   0
0: --------------------------------> to:    0  1  1  0  1  0   0
1: ------>Advancing MODEL from:    0  1  1  0  0 30   0
1: --------------------------------> to:    0  1  1  0  1  0   0
2: ------>Advancing MODEL from:    0  1  1  0  0 30   0
2: --------------------------------> to:    0  1  1  0  1  0   0
3: ------>Advancing MODEL from:    0  1  1  0  0 30   0
3: --------------------------------> to:    0  1  1  0  1  0   0
1: ------>Advancing MODEL from:    0  1  1  0  1  0   0
1: --------------------------------> to:    0  1  1  0  1 30   0
3: ------>Advancing MODEL from:    0  1  1  0  1  0   0
3: --------------------------------> to:    0  1  1  0  1 30   0
0: ------>Advancing MODEL from:    0  1  1  0  1  0   0
0: --------------------------------> to:    0  1  1  0  1 30   0
2: ------>Advancing MODEL from:    0  1  1  0  1  0   0
2: --------------------------------> to:    0  1  1  0  1 30   0
3: ------>Advancing MODEL from:    0  1  1  0  1 30   0
3: --------------------------------> to:    0  1  1  0  2  0   0
1: ------>Advancing MODEL from:    0  1  1  0  1 30   0
0: ------>Advancing MODEL from:    0  1  1  0  1 30   0
1: --------------------------------> to:    0  1  1  0  2  0   0
0: --------------------------------> to:    0  1  1  0  2  0   0
2: ------>Advancing MODEL from:    0  1  1  0  1 30   0
2: --------------------------------> to:    0  1  1  0  2  0   0
3: ------>Advancing MODEL from:    0  1  1  0  2  0   0
3: --------------------------------> to:    0  1  1  0  2 30   0
0: ------>Advancing MODEL from:    0  1  1  0  2  0   0
1: ------>Advancing MODEL from:    0  1  1  0  2  0   0
1: --------------------------------> to:    0  1  1  0  2 30   0
0: --------------------------------> to:    0  1  1  0  2 30   0
2: ------>Advancing MODEL from:    0  1  1  0  2  0   0
2: --------------------------------> to:    0  1  1  0  2 30   0
0:   PASS  Example ESMF_NUOPCBasicModelEx, ESMF_NUOPCBasicModelEx.F90, line 339
1:   PASS  Example ESMF_NUOPCBasicModelEx, ESMF_NUOPCBasicModelEx.F90, line 339
2:   PASS  Example ESMF_NUOPCBasicModelEx, ESMF_NUOPCBasicModelEx.F90, line 339
3:   PASS  Example ESMF_NUOPCBasicModelEx, ESMF_NUOPCBasicModelEx.F90, line 339
3:  PASS: ESMF_NUOPCBasicModelEx.F90
0:  PASS: ESMF_NUOPCBasicModelEx.F90
2:  PASS: ESMF_NUOPCBasicModelEx.F90
1:  PASS: ESMF_NUOPCBasicModelEx.F90
