build time -- 2022-03-27 01:28:35.632192
0: Clock ----------------------------------
0: currTime = 
0: Time -----------------------------------
0: 2003-04-01T02:24:00
0: end Time -------------------------------
0: 
0: end Clock ------------------------------
0: 
0: Clock ----------------------------------
0: currTime = 
0: Time -----------------------------------
0: 2003-04-03T06:24:00
0: end Time -------------------------------
0: 
0: end Clock ------------------------------
0: 
0: Clock ----------------------------------
0: currTime = 
0: Time -----------------------------------
0: 2003-04-05T10:24:00
0: end Time -------------------------------
0: 
0: end Clock ------------------------------
0: 
0: Clock ----------------------------------
0: currTime = 
0: Time -----------------------------------
0: 2003-04-07T14:24:00
0: end Time -------------------------------
0: 
0: end Clock ------------------------------
0: 
0: Clock ----------------------------------
0: currTime = 
0: Time -----------------------------------
0: 2003-04-09T18:24:00
0: end Time -------------------------------
0: 
0: end Clock ------------------------------
0: 
0: Clock ----------------------------------
0: currTime = 
0: Time -----------------------------------
0: 2003-04-11T22:24:00
0: end Time -------------------------------
0: 
0: end Clock ------------------------------
0: 
0:  The clock's final current time is         2003 /           4 /          14  
0:            2 :          24 :           0
0:  The clock was advanced                      6  times.
0: Clock ----------------------------------
0: currTime = 
0: Time -----------------------------------
0: 2003-04-14T02:24:00
0: end Time -------------------------------
0: 
0: end Clock ------------------------------
0: 
0: Clock ----------------------------------
0: currTime = 
0: Time -----------------------------------
0: 2003-04-11T22:24:00
0: end Time -------------------------------
0: 
0: end Clock ------------------------------
0: 
0: Clock ----------------------------------
0: currTime = 
0: Time -----------------------------------
0: 2003-04-09T18:24:00
0: end Time -------------------------------
0: 
0: end Clock ------------------------------
0: 
0: Clock ----------------------------------
0: currTime = 
0: Time -----------------------------------
0: 2003-04-07T14:24:00
0: end Time -------------------------------
0: 
0: end Clock ------------------------------
0: 
0: Clock ----------------------------------
0: currTime = 
0: Time -----------------------------------
0: 2003-04-05T10:24:00
0: end Time -------------------------------
0: 
0: end Clock ------------------------------
0: 
0: Clock ----------------------------------
0: currTime = 
0: Time -----------------------------------
0: 2003-04-03T06:24:00
0: end Time -------------------------------
0: 
0: end Clock ------------------------------
0: 
0:   PASS  Example ESMF_ClockEx, ESMF_ClockEx.F90, line 220
0:  PASS: ESMF_ClockEx.F90
