build time -- 2022-03-27 01:28:35.632192
1:  localData for PET            1 :          101
2:  localData for PET            2 :          201
2:  localData for PET            2 :          202
2:  localData for PET            2 :          203
2:  localData for PET            2 :          204
2:  localData for PET            2 :          205
2:  localData for PET            2 :          206
2:  localData for PET            2 :          207
2:  localData for PET            2 :          208
2:  localData for PET            2 :          209
2:  localData for PET            2 :          210
2:  localData for PET            2 :          201
2:  localData for PET            2 :          202
2:  localData for PET            2 :          203
2:  localData for PET            2 :          204
2:  localData for PET            2 :          205
2:  localData for PET            2 :          206
2:  localData for PET            2 :          207
2:  localData for PET            2 :          208
2:  localData for PET            2 :          209
2:  localData for PET            2 :          210
2:  localData2 for PET            2 :         2001
2:  localData2 for PET            2 :         2002
2:  localData2 for PET            2 :         2003
2:  localData2 for PET            2 :         2004
0:  localData for PET            0 :          301
0:  localData for PET            0 :          302
0:  localData for PET            0 :          303
0:  localData for PET            0 :          304
0:  localData for PET            0 :          305
0:  localData for PET            0 :          306
0:  localData for PET            0 :          307
0:  localData for PET            0 :          308
0:  localData for PET            0 :          309
0:  localData for PET            0 :          310
2:  localData2 for PET            2 :         2005
2:  localData2 for PET            2 :         2006
2:  localData2 for PET            2 :         2007
2:  localData2 for PET            2 :         2008
2:  localData2 for PET            2 :         2009
2:  localData2 for PET            2 :         2010
3:  localData for PET            3 :          301
3:  localData for PET            3 :          302
3:  localData for PET            3 :          303
3:  localData for PET            3 :          304
3:  localData for PET            3 :          305
3:  localData for PET            3 :          306
3:  localData for PET            3 :          307
3:  localData for PET            3 :          308
3:  localData for PET            3 :          309
3:  localData for PET            3 :          310
3:  localData for PET            3 :          301
3:  localData for PET            3 :          302
3:  localData for PET            3 :          303
3:  localData for PET            3 :          304
3:  localData for PET            3 :          305
3:  localData for PET            3 :          306
3:  localData for PET            3 :          307
3:  localData for PET            3 :          308
3:  localData for PET            3 :          309
3:  localData for PET            3 :          310
3:  localData2 for PET            3 :         3001
3:  localData2 for PET            3 :         3002
3:  localData2 for PET            3 :         3003
3:  localData2 for PET            3 :         3004
3:  localData2 for PET            3 :         3005
3:  localData2 for PET            3 :         3006
3:  localData2 for PET            3 :         3007
3:  localData2 for PET            3 :         3008
3:  localData2 for PET            3 :         3009
3:  localData2 for PET            3 :         3010
0:  localData for PET            0 :          301
0:  localData for PET            0 :          302
0:  localData for PET            0 :          303
0:  localData for PET            0 :          304
0:  localData for PET            0 :          305
0:  localData for PET            0 :          306
0:  localData for PET            0 :          307
0:  localData for PET            0 :          308
0:  localData for PET            0 :          309
0:  localData for PET            0 :          310
0:  localData2 for PET            0 :         3001
0:  localData2 for PET            0 :         3002
0:  localData2 for PET            0 :         3003
0:  localData2 for PET            0 :         3004
0:  localData2 for PET            0 :         3005
0:  localData2 for PET            0 :         3006
0:  localData2 for PET            0 :         3007
0:  localData2 for PET            0 :         3008
0:  localData2 for PET            0 :         3009
0:  localData2 for PET            0 :         3010
2:  localData for PET            2 :          201
2:  localData for PET            2 :          202
2:  localData for PET            2 :          203
2:  localData for PET            2 :          204
2:  localData for PET            2 :          205
2:  localData for PET            2 :          206
2:  localData for PET            2 :          207
2:  localData for PET            2 :          208
2:  localData for PET            2 :          209
2:  localData for PET            2 :          210
2:  localData2 for PET            2 :         2001
2:  localData2 for PET            2 :         2002
2:  localData2 for PET            2 :         2003
2:  localData2 for PET            2 :         2004
2:  localData2 for PET            2 :         2005
2:  localData2 for PET            2 :         2006
2:  localData2 for PET            2 :         2007
2:  localData2 for PET            2 :         2008
2:  localData2 for PET            2 :         2009
2:  localData2 for PET            2 :         2010
1:  localData for PET            1 :          102
1:  localData for PET            1 :          103
2:   PASS  Example ESMF_VMNonBlockingEx, ESMF_VMNonBlockingEx.F90, line 434
1:  localData for PET            1 :          104
1:  localData for PET            1 :          105
1:  localData for PET            1 :          106
1:  localData for PET            1 :          107
1:  localData for PET            1 :          108
1:  localData for PET            1 :          109
1:  localData for PET            1 :          110
1:  localData for PET            1 :          101
1:  localData for PET            1 :          102
1:  localData for PET            1 :          103
1:  localData for PET            1 :          104
1:  localData for PET            1 :          105
1:  localData for PET            1 :          106
1:  localData for PET            1 :          107
1:  localData for PET            1 :          108
1:  localData for PET            1 :          109
1:  localData for PET            1 :          110
1:  localData2 for PET            1 :         1001
3:  localData for PET            3 :          301
1:  localData2 for PET            1 :         1002
1:  localData2 for PET            1 :         1003
1:  localData2 for PET            1 :         1004
1:  localData2 for PET            1 :         1005
1:  localData2 for PET            1 :         1006
1:  localData2 for PET            1 :         1007
1:  localData2 for PET            1 :         1008
1:  localData2 for PET            1 :         1009
1:  localData2 for PET            1 :         1010
3:  localData for PET            3 :          302
1:  localData for PET            1 :          101
1:  localData for PET            1 :          102
1:  localData for PET            1 :          103
1:  localData for PET            1 :          104
1:  localData for PET            1 :          105
1:  localData for PET            1 :          106
1:  localData for PET            1 :          107
1:  localData for PET            1 :          108
1:  localData for PET            1 :          109
1:  localData for PET            1 :          110
1:  localData2 for PET            1 :         1001
1:  localData2 for PET            1 :         1002
1:  localData2 for PET            1 :         1003
1:  localData2 for PET            1 :         1004
1:  localData2 for PET            1 :         1005
1:  localData2 for PET            1 :         1006
1:  localData2 for PET            1 :         1007
1:  localData2 for PET            1 :         1008
1:  localData2 for PET            1 :         1009
1:  localData2 for PET            1 :         1010
3:  localData for PET            3 :          303
3:  localData for PET            3 :          304
3:  localData for PET            3 :          305
1:   PASS  Example ESMF_VMNonBlockingEx, ESMF_VMNonBlockingEx.F90, line 434
3:  localData for PET            3 :          306
3:  localData for PET            3 :          307
3:  localData for PET            3 :          308
3:  localData for PET            3 :          309
3:  localData for PET            3 :          310
3:  localData2 for PET            3 :         3001
3:  localData2 for PET            3 :         3002
3:  localData2 for PET            3 :         3003
3:  localData2 for PET            3 :         3004
3:  localData2 for PET            3 :         3005
3:  localData2 for PET            3 :         3006
3:  localData2 for PET            3 :         3007
3:  localData2 for PET            3 :         3008
3:  localData2 for PET            3 :         3009
3:  localData2 for PET            3 :         3010
0:  localData for PET            0 :          301
0:  localData for PET            0 :          302
0:  localData for PET            0 :          303
0:  localData for PET            0 :          304
0:  localData for PET            0 :          305
0:  localData for PET            0 :          306
0:  localData for PET            0 :          307
0:  localData for PET            0 :          308
0:  localData for PET            0 :          309
0:  localData for PET            0 :          310
3:   PASS  Example ESMF_VMNonBlockingEx, ESMF_VMNonBlockingEx.F90, line 434
0:  localData2 for PET            0 :         3001
0:  localData2 for PET            0 :         3002
0:  localData2 for PET            0 :         3003
0:  localData2 for PET            0 :         3004
0:  localData2 for PET            0 :         3005
0:  localData2 for PET            0 :         3006
0:  localData2 for PET            0 :         3007
0:  localData2 for PET            0 :         3008
0:  localData2 for PET            0 :         3009
0:  localData2 for PET            0 :         3010
0:   PASS  Example ESMF_VMNonBlockingEx, ESMF_VMNonBlockingEx.F90, line 434
3:  PASS: ESMF_VMNonBlockingEx.F90
0:  PASS: ESMF_VMNonBlockingEx.F90
2:  PASS: ESMF_VMNonBlockingEx.F90
1:  PASS: ESMF_VMNonBlockingEx.F90
