build time -- 2022-03-26 02:15:12.970975
0:  data array1:
1:  data array1:
1:            1  array1:          101
1:            1  array1:          102
3:  data array1:
3:            3  array1:          301
3:            3  array1:          302
2:  data array1:
2:            2  array1:          201
2:            2  array1:          202
0:            0  array1:            1
0:            0  array1:            2
0:  Global sum:
0:            0  result:         1212
1:  Global sum:
1:            1  result:         1212
2:  Global sum:
2:            2  result:         1212
3:  Global sum:
0:   PASS  Example ESMF_VMAllFullReduceEx, ESMF_VMAllFullReduceEx.F90, line 113
1:   PASS  Example ESMF_VMAllFullReduceEx, ESMF_VMAllFullReduceEx.F90, line 113
2:   PASS  Example ESMF_VMAllFullReduceEx, ESMF_VMAllFullReduceEx.F90, line 113
3:            3  result:         1212
3:   PASS  Example ESMF_VMAllFullReduceEx, ESMF_VMAllFullReduceEx.F90, line 113
0:  PASS: ESMF_VMAllFullReduceEx.F90
2:  PASS: ESMF_VMAllFullReduceEx.F90
3:  PASS: ESMF_VMAllFullReduceEx.F90
1:  PASS: ESMF_VMAllFullReduceEx.F90
