build time -- 2022-03-27 01:28:35.632192
0:  sumA =   0.7000000    
0:  sumB =   0.7000000    
0:  sumC =   0.9000000    
0:  sumD =   0.9000000    
0:  sumE =   0.9000000    
0:  result SRCSEQ#1 =   0.7000000      expect:   0.7000000    
0:  result SRCSEQ#2 =   0.7000000      expect:   0.7000000    
0:  result SRCPET#1 =   0.7000000      expect:   0.7000000    
0:  result SRCPET#2 =   0.7000000      expect:   0.7000000    
0:  result SRCPET#3 =   0.7000000      expect:   0.7000000    
0:  result SRCPET#4 =   0.7000000      expect:   0.7000000    
0:  result SRCPET#5 =   0.7000000      expect:   0.7000000    
0:  result SRCPET#6 =   0.7000000      expect:   0.7000000    
0:  result SRCPET#7 =   0.7000000      expect:   0.7000000    
0:  result SRCPET#8 =   0.9000000      expect:   0.9000000    
0:  result SRCPET#9 =   0.9000000      expect:   0.9000000    
0:  result SRCPET#10 =   0.9000000      expect:   0.9000000    
0:  SMM parameters determined via auto-tuning -> dump to file
0:  result SRCPET#11 =   0.9000000    
0:  SMM parameters successfully read from file
0:   srcTermProcessing=          20  pipelineDepth=           2  ==>> sumCompare=
0:   0.9000000    
0:  result SRCPET#11 =   0.9000000      expect:   0.9000000    
0:  SMM parameters successfully read from file
0:   srcTermProcessing=          20  pipelineDepth=           2  ==>> sumCompare=
0:   0.9000000    
0:  result SRCPET#11 =   0.9000000      expect:   0.9000000    
0:  SMM parameters successfully read from file
0:   srcTermProcessing=          20  pipelineDepth=           2  ==>> sumCompare=
0:   0.9000000    
0:  result SRCPET#11 =   0.9000000      expect:   0.9000000    
0:  SMM parameters successfully read from file
0:   srcTermProcessing=          20  pipelineDepth=           2  ==>> sumCompare=
0:   0.9000000    
0:  result SRCPET#11 =   0.9000000      expect:   0.9000000    
0:  result SRCSEQ#3 =   0.9000000      expect:   0.9000000    
1:   PASS  Example ESMF_RHandleBitForBitEx, ESMF_RHandleBitForBitEx.F90, line 1557
2:   PASS  Example ESMF_RHandleBitForBitEx, ESMF_RHandleBitForBitEx.F90, line 1557
3:   PASS  Example ESMF_RHandleBitForBitEx, ESMF_RHandleBitForBitEx.F90, line 1557
0:   PASS  Example ESMF_RHandleBitForBitEx, ESMF_RHandleBitForBitEx.F90, line 1557
0:  PASS: ESMF_RHandleBitForBitEx.F90
1:  PASS: ESMF_RHandleBitForBitEx.F90
3:  PASS: ESMF_RHandleBitForBitEx.F90
2:  PASS: ESMF_RHandleBitForBitEx.F90
