build time -- 2022-03-21 01:20:23.894486
20220321 014829.302 INFO             PET0 !!!!!!!!!!!!!!!!!!!!!!!!!!!!!!!!!!!!!!!!!!!!!!!!!!!!!!
20220321 014829.302 INFO             PET0 !!! THE ESMF_LOG IS SET TO OUTPUT ALL LOG MESSAGES !!!
20220321 014829.302 INFO             PET0 !!!     THIS MAY CAUSE SLOWDOWN IN PERFORMANCE     !!!
20220321 014829.302 INFO             PET0 !!! FOR PRODUCTION RUNS, USE:                      !!!
20220321 014829.302 INFO             PET0 !!!                   ESMF_LOGKIND_Multi_On_Error  !!!
20220321 014829.302 INFO             PET0 !!!!!!!!!!!!!!!!!!!!!!!!!!!!!!!!!!!!!!!!!!!!!!!!!!!!!!
20220321 014829.302 INFO             PET0 Running with ESMF Version   : v8.3.0b09-4-g424b2f26e0
20220321 014829.302 INFO             PET0 ESMF library build date/time: "Mar 21 2022" "01:17:11"
20220321 014829.302 INFO             PET0 ESMF library build location : /gpfsm/dnb04/projects/p98/mpotts/esmf/intel_19.1.3_mpt_g_develop
20220321 014829.302 INFO             PET0 ESMF_COMM                   : mpt
20220321 014829.302 INFO             PET0 ESMF_MOAB                   : enabled
20220321 014829.302 INFO             PET0 ESMF_LAPACK                 : enabled
20220321 014829.302 INFO             PET0 ESMF_NETCDF                 : enabled
20220321 014829.302 INFO             PET0 ESMF_PNETCDF                : disabled
20220321 014829.302 INFO             PET0 ESMF_PIO                    : enabled
20220321 014829.302 INFO             PET0 ESMF_YAMLCPP                : enabled
20220321 014829.317 INFO             PET0 ESMF Tracing Enabled
20220321 014829.317 INFO             PET0 ESMF Profiling Enabled
20220321 014829.317 INFO             PET0 ESMF Trace/Profile clock: REALTIME
20220321 014829.346 INFO             PET0  NUMBER_OF_PROCESSORS           4
20220321 014829.346 INFO             PET0  PASS  Example ESMF_TraceEx, ESMF_TraceEx.F90, line 178
20220321 014829.346 INFO             PET0 Finalizing ESMF
20220321 014829.347 INFO             PET0 **************** Region Timings *******************
20220321 014829.347 INFO             PET0 Region              Count  Total (s)   Self (s)    Mean (s)    Min (s)     Max (s)
20220321 014829.347 INFO             PET0   [test] Run 1      5      0.0001      0.0001      0.0000      0.0000      0.0001
20220321 014829.347 INFO             PET0   [test] Init 1     1      0.0000      0.0000      0.0000      0.0000      0.0000
20220321 014829.347 INFO             PET0   [test] Final 1    1      0.0000      0.0000      0.0000      0.0000      0.0000
20220321 014829.301 INFO             PET1 !!!!!!!!!!!!!!!!!!!!!!!!!!!!!!!!!!!!!!!!!!!!!!!!!!!!!!
20220321 014829.301 INFO             PET1 !!! THE ESMF_LOG IS SET TO OUTPUT ALL LOG MESSAGES !!!
20220321 014829.301 INFO             PET1 !!!     THIS MAY CAUSE SLOWDOWN IN PERFORMANCE     !!!
20220321 014829.301 INFO             PET1 !!! FOR PRODUCTION RUNS, USE:                      !!!
20220321 014829.301 INFO             PET1 !!!                   ESMF_LOGKIND_Multi_On_Error  !!!
20220321 014829.301 INFO             PET1 !!!!!!!!!!!!!!!!!!!!!!!!!!!!!!!!!!!!!!!!!!!!!!!!!!!!!!
20220321 014829.301 INFO             PET1 Running with ESMF Version   : v8.3.0b09-4-g424b2f26e0
20220321 014829.301 INFO             PET1 ESMF library build date/time: "Mar 21 2022" "01:17:11"
20220321 014829.301 INFO             PET1 ESMF library build location : /gpfsm/dnb04/projects/p98/mpotts/esmf/intel_19.1.3_mpt_g_develop
20220321 014829.301 INFO             PET1 ESMF_COMM                   : mpt
20220321 014829.302 INFO             PET1 ESMF_MOAB                   : enabled
20220321 014829.302 INFO             PET1 ESMF_LAPACK                 : enabled
20220321 014829.302 INFO             PET1 ESMF_NETCDF                 : enabled
20220321 014829.302 INFO             PET1 ESMF_PNETCDF                : disabled
20220321 014829.302 INFO             PET1 ESMF_PIO                    : enabled
20220321 014829.302 INFO             PET1 ESMF_YAMLCPP                : enabled
20220321 014829.317 INFO             PET1 ESMF Tracing Enabled
20220321 014829.317 INFO             PET1 ESMF Profiling Enabled
20220321 014829.317 INFO             PET1 ESMF Trace/Profile clock: REALTIME
20220321 014829.346 INFO             PET1  NUMBER_OF_PROCESSORS           4
20220321 014829.346 INFO             PET1  PASS  Example ESMF_TraceEx, ESMF_TraceEx.F90, line 178
20220321 014829.346 INFO             PET1 Finalizing ESMF
20220321 014829.346 INFO             PET1 **************** Region Timings *******************
20220321 014829.346 INFO             PET1 Region              Count  Total (s)   Self (s)    Mean (s)    Min (s)     Max (s)
20220321 014829.346 INFO             PET1   [test] Init 1     1      0.0001      0.0001      0.0001      0.0001      0.0001
20220321 014829.347 INFO             PET1   [test] Run 1      5      0.0000      0.0000      0.0000      0.0000      0.0000
20220321 014829.347 INFO             PET1   [test] Final 1    1      0.0000      0.0000      0.0000      0.0000      0.0000
20220321 014829.302 INFO             PET2 !!!!!!!!!!!!!!!!!!!!!!!!!!!!!!!!!!!!!!!!!!!!!!!!!!!!!!
20220321 014829.302 INFO             PET2 !!! THE ESMF_LOG IS SET TO OUTPUT ALL LOG MESSAGES !!!
20220321 014829.302 INFO             PET2 !!!     THIS MAY CAUSE SLOWDOWN IN PERFORMANCE     !!!
20220321 014829.302 INFO             PET2 !!! FOR PRODUCTION RUNS, USE:                      !!!
20220321 014829.302 INFO             PET2 !!!                   ESMF_LOGKIND_Multi_On_Error  !!!
20220321 014829.302 INFO             PET2 !!!!!!!!!!!!!!!!!!!!!!!!!!!!!!!!!!!!!!!!!!!!!!!!!!!!!!
20220321 014829.302 INFO             PET2 Running with ESMF Version   : v8.3.0b09-4-g424b2f26e0
20220321 014829.302 INFO             PET2 ESMF library build date/time: "Mar 21 2022" "01:17:11"
20220321 014829.302 INFO             PET2 ESMF library build location : /gpfsm/dnb04/projects/p98/mpotts/esmf/intel_19.1.3_mpt_g_develop
20220321 014829.302 INFO             PET2 ESMF_COMM                   : mpt
20220321 014829.303 INFO             PET2 ESMF_MOAB                   : enabled
20220321 014829.303 INFO             PET2 ESMF_LAPACK                 : enabled
20220321 014829.303 INFO             PET2 ESMF_NETCDF                 : enabled
20220321 014829.303 INFO             PET2 ESMF_PNETCDF                : disabled
20220321 014829.303 INFO             PET2 ESMF_PIO                    : enabled
20220321 014829.303 INFO             PET2 ESMF_YAMLCPP                : enabled
20220321 014829.317 INFO             PET2 ESMF Tracing Enabled
20220321 014829.317 INFO             PET2 ESMF Profiling Enabled
20220321 014829.317 INFO             PET2 ESMF Trace/Profile clock: REALTIME
20220321 014829.346 INFO             PET2  NUMBER_OF_PROCESSORS           4
20220321 014829.346 INFO             PET2  PASS  Example ESMF_TraceEx, ESMF_TraceEx.F90, line 178
20220321 014829.346 INFO             PET2 Finalizing ESMF
20220321 014829.346 INFO             PET2 **************** Region Timings *******************
20220321 014829.346 INFO             PET2 Region              Count  Total (s)   Self (s)    Mean (s)    Min (s)     Max (s)
20220321 014829.346 INFO             PET2   [test] Init 1     1      0.0001      0.0001      0.0001      0.0001      0.0001
20220321 014829.347 INFO             PET2   [test] Run 1      5      0.0000      0.0000      0.0000      0.0000      0.0000
20220321 014829.347 INFO             PET2   [test] Final 1    1      0.0000      0.0000      0.0000      0.0000      0.0000
20220321 014829.302 INFO             PET3 !!!!!!!!!!!!!!!!!!!!!!!!!!!!!!!!!!!!!!!!!!!!!!!!!!!!!!
20220321 014829.302 INFO             PET3 !!! THE ESMF_LOG IS SET TO OUTPUT ALL LOG MESSAGES !!!
20220321 014829.302 INFO             PET3 !!!     THIS MAY CAUSE SLOWDOWN IN PERFORMANCE     !!!
20220321 014829.302 INFO             PET3 !!! FOR PRODUCTION RUNS, USE:                      !!!
20220321 014829.302 INFO             PET3 !!!                   ESMF_LOGKIND_Multi_On_Error  !!!
20220321 014829.302 INFO             PET3 !!!!!!!!!!!!!!!!!!!!!!!!!!!!!!!!!!!!!!!!!!!!!!!!!!!!!!
20220321 014829.302 INFO             PET3 Running with ESMF Version   : v8.3.0b09-4-g424b2f26e0
20220321 014829.302 INFO             PET3 ESMF library build date/time: "Mar 21 2022" "01:17:11"
20220321 014829.302 INFO             PET3 ESMF library build location : /gpfsm/dnb04/projects/p98/mpotts/esmf/intel_19.1.3_mpt_g_develop
20220321 014829.302 INFO             PET3 ESMF_COMM                   : mpt
20220321 014829.303 INFO             PET3 ESMF_MOAB                   : enabled
20220321 014829.303 INFO             PET3 ESMF_LAPACK                 : enabled
20220321 014829.303 INFO             PET3 ESMF_NETCDF                 : enabled
20220321 014829.303 INFO             PET3 ESMF_PNETCDF                : disabled
20220321 014829.303 INFO             PET3 ESMF_PIO                    : enabled
20220321 014829.303 INFO             PET3 ESMF_YAMLCPP                : enabled
20220321 014829.317 INFO             PET3 ESMF Tracing Enabled
20220321 014829.317 INFO             PET3 ESMF Profiling Enabled
20220321 014829.317 INFO             PET3 ESMF Trace/Profile clock: REALTIME
20220321 014829.346 INFO             PET3  NUMBER_OF_PROCESSORS           4
20220321 014829.346 INFO             PET3  PASS  Example ESMF_TraceEx, ESMF_TraceEx.F90, line 178
20220321 014829.346 INFO             PET3 Finalizing ESMF
20220321 014829.346 INFO             PET3 **************** Region Timings *******************
20220321 014829.347 INFO             PET3 Region              Count  Total (s)   Self (s)    Mean (s)    Min (s)     Max (s)
20220321 014829.347 INFO             PET3   [test] Init 1     1      0.0001      0.0001      0.0001      0.0001      0.0001
20220321 014829.347 INFO             PET3   [test] Run 1      5      0.0001      0.0001      0.0000      0.0000      0.0001
20220321 014829.347 INFO             PET3   [test] Final 1    1      0.0000      0.0000      0.0000      0.0000      0.0000
