build time -- 2022-03-27 01:28:35.632192
1:   PASS  Example ESMF_StateReadWriteEx, ESMF_StateReadWriteEx.F90, line 185
2:   PASS  Example ESMF_StateReadWriteEx, ESMF_StateReadWriteEx.F90, line 185
3:   PASS  Example ESMF_StateReadWriteEx, ESMF_StateReadWriteEx.F90, line 185
0:  ESMF_StatePrint: (pet 0):
0:   State name: Ocean Import
0:      status: Import State, object count: 7
0:      reconcile needed: T
0:  Base name    = Ocean Import
0:  Status: Base = Ready,  object = Ready
0:  Proxy        = no
0:  Root Info (Attributes):
0: {}     object: 1,name: Q
0:             type: Array
0:      object: 2,name: TEMP
0:             type: Array
0:      object: 3,name: lat
0:             type: Array
0:      object: 4,name: lon
0:             type: Array
0:      object: 5,name: p
0:             type: Array
0:      object: 6,name: rh
0:             type: Array
0:      object: 7,name: time
0:             type: Array
0: --- ESMCI::Array::print start ---
0:  Base name    = lat
0:  Status: Base = Ready,  object = Ready
0:  Proxy        = no
0:  Root Info (Attributes):
0: {
0:   "long_name": "latitude",
0:   "units": "degrees_north"
0: }Array typekind/rank: Integer*4 / 1 
0: ~ lower class' values ~
0: DistGrid dimCount = 1
0: deCount = 4
0: localDeCount = 1
0: ~ local data in LocalArray for DE 0 ~
0: LocalArrayPrint: Array at address 0x1bdebd0:
0:             rank = 1, typekind = 3, base_addr = 0x7fffe6257cc0
0:             dim[0] = 10  
0:   Integer, *4, Dim 1, Data values:
0: (-2) =  0
0: (-1) =  10
0: ( 0) =  20
0: ( 1) =  30
0: ( 2) =  40
0: ( 3) =  50
0: ( 4) =  60
0: ( 5) =  70
0: ( 6) =  80
0: ( 7) =  90
0: dim 1: [0]: [-2 [1 [1, 3] 3] 7]
0: --- ESMCI::Array::print end ---
0: --- ESMCI::Array::print start ---
0:  Base name    = lon
0:  Status: Base = Ready,  object = Ready
0:  Proxy        = no
0:  Root Info (Attributes):
0: {
0:   "long_name": "longitude",
0:   "units": "degrees_east"
0: }Array typekind/rank: Integer*4 / 1 
0: ~ lower class' values ~
0: DistGrid dimCount = 1
0: deCount = 4
0: localDeCount = 1
0: ~ local data in LocalArray for DE 0 ~
0: LocalArrayPrint: Array at address 0x1be0cc0:
0:             rank = 1, typekind = 3, base_addr = 0x7fffe622bfc0
0:             dim[0] = 5  
0:   Integer, *4, Dim 1, Data values:
0: ( 0) =  -140
0: ( 1) =  -118
0: ( 2) =  -96
0: ( 3) =  -84
0: ( 4) =  -52
0: dim 1: [0]: [0 [1 [1, 2] 2] 4]
0: --- ESMCI::Array::print end ---
0: --- ESMCI::Array::print start ---
0:  Base name    = time
0:  Status: Base = Ready,  object = Ready
0:  Proxy        = no
0:  Root Info (Attributes):
0: {
0:   "units": "seconds since 1992-1-1 00:00:00"
0: }Array typekind/rank: Integer*4 / 1 
0: ~ lower class' values ~
0: DistGrid dimCount = 1
0: deCount = 4
0: localDeCount = 1
0: ~ local data in LocalArray for DE 0 ~
0: LocalArrayPrint: Array at address 0x1be2db0:
0:             rank = 1, typekind = 3, base_addr = 0x7fffe622bf80
0:             dim[0] = 2  
0:   Integer, *4, Dim 1, Data values:
0: ( 1) =  123456789
0: ( 2) =  987654321
0: dim 1: [0]: [1 [1 [1, 1] 1] 2]
0: --- ESMCI::Array::print end ---
0: --- ESMCI::Array::print start ---
0:  Base name    = Q
0:  Status: Base = Ready,  object = Ready
0:  Proxy        = no
0:  Root Info (Attributes):
0: {
0:   "long_name": "specific_humidity",
0:   "time_op": "average",
0:   "units": "kg/kg"
0: }Array typekind/rank: Real*4 / 3 
0: ~ lower class' values ~
0: DistGrid dimCount = 3
0: deCount = 4
0: localDeCount = 1
0: ~ local data in LocalArray for DE 0 ~
0: LocalArrayPrint: Array at address 0x1be52f0:
0:             rank = 3, typekind = 5, base_addr = 0x7fffe6247ac0
0:             dim[0] = 2  dim[1] = 10  dim[2] = 5  
0:   Real, *4, Dim 3, Data values:
0: ( 1, 1, 1) =  1.23457
0: ( 2, 1, 1) =  1.23457
0: ( 1, 2, 1) =  1.23457
0: ( 2, 2, 1) =  1.23457
0: ( 1, 3, 1) =  1.23457
0: ( 2, 3, 1) =  1.23457
0: ( 1, 4, 1) =  1.23457
0: ( 2, 4, 1) =  1.23457
0: ( 1, 5, 1) =  1.23458
0: ( 2, 5, 1) =  1.23458
0:   skipping to end ...
0: ( 1, 6, 5) =  1.23466
0: ( 2, 6, 5) =  1.23466
0: ( 1, 7, 5) =  1.23466
0: ( 2, 7, 5) =  1.23466
0: ( 1, 8, 5) =  1.23466
0: ( 2, 8, 5) =  1.23466
0: ( 1, 9, 5) =  1.23466
0: ( 2, 9, 5) =  1.23466
0: ( 1,10, 5) =  1.23467
0: ( 2,10, 5) =  1.23467
0: dim 1: [0]: [1 [1 [1, 1] 1] 2]
0: dim 2: [1]: [1 [1 [1, 10] 10] 10]
0: dim 3: [2]: [1 [1 [1, 5] 5] 5]
0: --- ESMCI::Array::print end ---
0: --- ESMCI::Array::print start ---
0:  Base name    = TEMP
0:  Status: Base = Ready,  object = Ready
0:  Proxy        = no
0:  Root Info (Attributes):
0: {
0:   "long_name": "temperature",
0:   "time_op": "average",
0:   "units": "K"
0: }Array typekind/rank: Real*4 / 3 
0: ~ lower class' values ~
0: DistGrid dimCount = 3
0: deCount = 4
0: localDeCount = 1
0: ~ local data in LocalArray for DE 0 ~
0: LocalArrayPrint: Array at address 0x1be7850:
0:             rank = 3, typekind = 5, base_addr = 0x7fffe6247740
0:             dim[0] = 2  dim[1] = 10  dim[2] = 5  
0:   Real, *4, Dim 3, Data values:
0: ( 1, 1, 1) =  7.65432
0: ( 2, 1, 1) =  7.65432
0: ( 1, 2, 1) =  7.65432
0: ( 2, 2, 1) =  7.65432
0: ( 1, 3, 1) =  7.65432
0: ( 2, 3, 1) =  7.65432
0: ( 1, 4, 1) =  7.65431
0: ( 2, 4, 1) =  7.65431
0: ( 1, 5, 1) =  7.65431
0: ( 2, 5, 1) =  7.65431
0:   skipping to end ...
0: ( 1, 6, 5) =  7.65423
0: ( 2, 6, 5) =  7.65423
0: ( 1, 7, 5) =  7.65423
0: ( 2, 7, 5) =  7.65423
0: ( 1, 8, 5) =  7.65423
0: ( 2, 8, 5) =  7.65423
0: ( 1, 9, 5) =  7.65422
0: ( 2, 9, 5) =  7.65422
0: ( 1,10, 5) =  7.65422
0: ( 2,10, 5) =  7.65422
0: dim 1: [0]: [1 [1 [1, 1] 1] 2]
0: dim 2: [1]: [1 [1 [1, 10] 10] 10]
0: dim 3: [2]: [1 [1 [1, 5] 5] 5]
0: --- ESMCI::Array::print end ---
0: --- ESMCI::Array::print start ---
0:  Base name    = p
0:  Status: Base = Ready,  object = Ready
0:  Proxy        = no
0:  Root Info (Attributes):
0: {
0:   "_FillValue": -9999.0
0: }Array typekind/rank: Real*8 / 3 
0: ~ lower class' values ~
0: DistGrid dimCount = 3
0: deCount = 4
0: localDeCount = 1
0: ~ local data in LocalArray for DE 0 ~
0: LocalArrayPrint: Array at address 0x1be9d80:
0:             rank = 3, typekind = 6, base_addr = 0x7fffe6223900
0:             dim[0] = 2  dim[1] = 10  dim[2] = 5  
0:   Real, *8, Dim 3, Data values:
0: ( 1, 1, 1) =  -9999
0: ( 2, 1, 1) =  -9999
0: ( 1, 2, 1) =  -9999
0: ( 2, 2, 1) =  -9999
0: ( 1, 3, 1) =  -9999
0: ( 2, 3, 1) =  -9999
0: ( 1, 4, 1) =  -9999
0: ( 2, 4, 1) =  -9999
0: ( 1, 5, 1) =  -9999
0: ( 2, 5, 1) =  -9999
0:   skipping to end ...
0: ( 1, 6, 5) =  -9999
0: ( 2, 6, 5) =  -9999
0: ( 1, 7, 5) =  -9999
0: ( 2, 7, 5) =  -9999
0: ( 1, 8, 5) =  -9999
0: ( 2, 8, 5) =  -9999
0: ( 1, 9, 5) =  -9999
0: ( 2, 9, 5) =  -9999
0: ( 1,10, 5) =  -9999
0: ( 2,10, 5) =  -9999
0: dim 1: [0]: [1 [1 [1, 1] 1] 2]
0: dim 2: [1]: [1 [1 [1, 10] 10] 10]
0: dim 3: [2]: [1 [1 [1, 5] 5] 5]
0: --- ESMCI::Array::print end ---
0: --- ESMCI::Array::print start ---
0:  Base name    = rh
0:  Status: Base = Ready,  object = Ready
0:  Proxy        = no
0:  Root Info (Attributes):
0: {
0:   "_FillValue": -1
0: }Array typekind/rank: Integer*4 / 3 
0: ~ lower class' values ~
0: DistGrid dimCount = 3
0: deCount = 4
0: localDeCount = 1
0: ~ local data in LocalArray for DE 0 ~
0: LocalArrayPrint: Array at address 0x1bec130:
0:             rank = 3, typekind = 3, base_addr = 0x7fffe62473c0
0:             dim[0] = 2  dim[1] = 10  dim[2] = 5  
0:   Integer, *4, Dim 3, Data values:
0: ( 1, 1, 1) =  -1
0: ( 2, 1, 1) =  -1
0: ( 1, 2, 1) =  -1
0: ( 2, 2, 1) =  -1
0: ( 1, 3, 1) =  -1
0: ( 2, 3, 1) =  -1
0: ( 1, 4, 1) =  -1
0: ( 2, 4, 1) =  -1
0: ( 1, 5, 1) =  -1
0: ( 2, 5, 1) =  -1
0:   skipping to end ...
0: ( 1, 6, 5) =  -1
0: ( 2, 6, 5) =  -1
0: ( 1, 7, 5) =  -1
0: ( 2, 7, 5) =  -1
0: ( 1, 8, 5) =  -1
0: ( 2, 8, 5) =  -1
0: ( 1, 9, 5) =  -1
0: ( 2, 9, 5) =  -1
0: ( 1,10, 5) =  -1
0: ( 2,10, 5) =  -1
0: dim 1: [0]: [1 [1 [1, 1] 1] 2]
0: dim 2: [1]: [1 [1 [1, 10] 10] 10]
0: dim 3: [2]: [1 [1 [1, 5] 5] 5]
0: --- ESMCI::Array::print end ---
0:   PASS  Example ESMF_StateReadWriteEx, ESMF_StateReadWriteEx.F90, line 185
1:  PASS: ESMF_StateReadWriteEx.F90
2:  PASS: ESMF_StateReadWriteEx.F90
3:  PASS: ESMF_StateReadWriteEx.F90
0:  PASS: ESMF_StateReadWriteEx.F90
