build time -- 2022-03-26 02:15:12.970975
0: --- ESMCI::VM::print() start ---
0: --- ESMCI::VMId::print() start ---
2:   PASS  Example ESMF_VMComponentEx, ESMF_VMComponentEx.F90, line 197
1:   PASS  Example ESMF_VMComponentEx, ESMF_VMComponentEx.F90, line 197
3:   PASS  Example ESMF_VMComponentEx, ESMF_VMComponentEx.F90, line 197
0:   vmKeyWidth = 1
0:   vmKey=0x80000000
0:   localID = 0
0: --- ESMCI::VMId::print() end ---
0: --- VMK::print() start ---
0: vm located at: 0x18c8f80
0: npets = 1, mypet=0
0:   pth_mutex =		 0x18f0840
0:   pth_finish_count =	 0x18f0820
0: MPI_Comm_size: 1
0: MPI_Comm_rank in local MPI communicator: 0
0: MPI_Comm_rank in MPI_COMM_WORLD: 0
0: MPI thread level support: 3
0: mpi_mutex_flag: 0
0: mpionly: 0
0: threadsflag: 0
0:   lpid[0]=0, tid[0]=0, vas[0]=0, ncpet[0]=1, nadevs[0]=0, cid[0][0]=0
0: ncores = 4
0:   cpuid[0]=0, ssiid[0]=0
0:   cpuid[1]=1, ssiid[1]=0
0:   cpuid[2]=2, ssiid[2]=0
0:   cpuid[3]=3, ssiid[3]=0
0: --- VMK::print() end ---
0: --- ESMCI::VM::print() end ---
0: --- ESMCI::VM::print() start ---
0: --- ESMCI::VMId::print() start ---
0:   vmKeyWidth = 1
0:   vmKey=0x80000000
0:   localID = 0
0: --- ESMCI::VMId::print() end ---
0: --- VMK::print() start ---
0: vm located at: 0x18c8f80
0: npets = 1, mypet=0
0:   pth_mutex =		 0x18f0840
0:   pth_finish_count =	 0x18f0820
0: MPI_Comm_size: 1
0: MPI_Comm_rank in local MPI communicator: 0
0: MPI_Comm_rank in MPI_COMM_WORLD: 0
0: MPI thread level support: 3
0: mpi_mutex_flag: 0
0: mpionly: 0
0: threadsflag: 0
0:   lpid[0]=0, tid[0]=0, vas[0]=0, ncpet[0]=1, nadevs[0]=0, cid[0][0]=0
0: ncores = 4
0:   cpuid[0]=0, ssiid[0]=0
0:   cpuid[1]=1, ssiid[1]=0
0:   cpuid[2]=2, ssiid[2]=0
0:   cpuid[3]=3, ssiid[3]=0
0: --- VMK::print() end ---
0: --- ESMCI::VM::print() end ---
0: --- ESMCI::VM::print() start ---
0: --- ESMCI::VMId::print() start ---
0:   vmKeyWidth = 1
0:   vmKey=0x80000000
0:   localID = 0
0: --- ESMCI::VMId::print() end ---
0: --- VMK::print() start ---
0: vm located at: 0x18c8f80
0: npets = 1, mypet=0
0:   pth_mutex =		 0x18f0840
0:   pth_finish_count =	 0x18f0820
0: MPI_Comm_size: 1
0: MPI_Comm_rank in local MPI communicator: 0
0: MPI_Comm_rank in MPI_COMM_WORLD: 0
0: MPI thread level support: 3
0: mpi_mutex_flag: 0
0: mpionly: 0
0: threadsflag: 0
0:   lpid[0]=0, tid[0]=0, vas[0]=0, ncpet[0]=1, nadevs[0]=0, cid[0][0]=0
0: ncores = 4
0:   cpuid[0]=0, ssiid[0]=0
0:   cpuid[1]=1, ssiid[1]=0
0:   cpuid[2]=2, ssiid[2]=0
0:   cpuid[3]=3, ssiid[3]=0
0: --- VMK::print() end ---
0: --- ESMCI::VM::print() end ---
0:   PASS  Example ESMF_VMComponentEx, ESMF_VMComponentEx.F90, line 197
2:  PASS: ESMF_VMComponentEx.F90
0:  PASS: ESMF_VMComponentEx.F90
3:  PASS: ESMF_VMComponentEx.F90
1:  PASS: ESMF_VMComponentEx.F90
