build time -- 2022-03-22 01:35:48.924044
20220322 025054.539 INFO             PET0 !!!!!!!!!!!!!!!!!!!!!!!!!!!!!!!!!!!!!!!!!!!!!!!!!!!!!!
20220322 025054.539 INFO             PET0 !!! THE ESMF_LOG IS SET TO OUTPUT ALL LOG MESSAGES !!!
20220322 025054.539 INFO             PET0 !!!     THIS MAY CAUSE SLOWDOWN IN PERFORMANCE     !!!
20220322 025054.539 INFO             PET0 !!! FOR PRODUCTION RUNS, USE:                      !!!
20220322 025054.539 INFO             PET0 !!!                   ESMF_LOGKIND_Multi_On_Error  !!!
20220322 025054.539 INFO             PET0 !!!!!!!!!!!!!!!!!!!!!!!!!!!!!!!!!!!!!!!!!!!!!!!!!!!!!!
20220322 025054.539 INFO             PET0 Running with ESMF Version   : v8.3.0b09-5-g496f893947
20220322 025054.539 INFO             PET0 ESMF library build date/time: "Mar 22 2022" "01:33:00"
20220322 025054.539 INFO             PET0 ESMF library build location : /gpfsm/dnb04/projects/p98/mpotts/esmf/intel_19.1.3_mpt_g_develop
20220322 025054.539 INFO             PET0 ESMF_COMM                   : mpt
20220322 025054.540 INFO             PET0 ESMF_MOAB                   : enabled
20220322 025054.540 INFO             PET0 ESMF_LAPACK                 : enabled
20220322 025054.540 INFO             PET0 ESMF_NETCDF                 : enabled
20220322 025054.540 INFO             PET0 ESMF_PNETCDF                : disabled
20220322 025054.540 INFO             PET0 ESMF_PIO                    : enabled
20220322 025054.540 INFO             PET0 ESMF_YAMLCPP                : enabled
20220322 025054.658 DEBUG            PET0 about to destroy Grid: 0x1937fd0
20220322 025054.673 DEBUG            PET0 about to destroy Grid: 0x193ad40
20220322 025054.715 INFO             PET0  NUMBER_OF_PROCESSORS           4
20220322 025054.715 INFO             PET0  PASS  Example ESMF_NUOPCAtmModelEx, ESMF_NUOPCAtmModelEx.F90, line 806
20220322 025054.715 INFO             PET0 Finalizing ESMF
20220322 025054.538 INFO             PET1 !!!!!!!!!!!!!!!!!!!!!!!!!!!!!!!!!!!!!!!!!!!!!!!!!!!!!!
20220322 025054.539 INFO             PET1 !!! THE ESMF_LOG IS SET TO OUTPUT ALL LOG MESSAGES !!!
20220322 025054.539 INFO             PET1 !!!     THIS MAY CAUSE SLOWDOWN IN PERFORMANCE     !!!
20220322 025054.539 INFO             PET1 !!! FOR PRODUCTION RUNS, USE:                      !!!
20220322 025054.539 INFO             PET1 !!!                   ESMF_LOGKIND_Multi_On_Error  !!!
20220322 025054.539 INFO             PET1 !!!!!!!!!!!!!!!!!!!!!!!!!!!!!!!!!!!!!!!!!!!!!!!!!!!!!!
20220322 025054.539 INFO             PET1 Running with ESMF Version   : v8.3.0b09-5-g496f893947
20220322 025054.539 INFO             PET1 ESMF library build date/time: "Mar 22 2022" "01:33:00"
20220322 025054.539 INFO             PET1 ESMF library build location : /gpfsm/dnb04/projects/p98/mpotts/esmf/intel_19.1.3_mpt_g_develop
20220322 025054.539 INFO             PET1 ESMF_COMM                   : mpt
20220322 025054.540 INFO             PET1 ESMF_MOAB                   : enabled
20220322 025054.540 INFO             PET1 ESMF_LAPACK                 : enabled
20220322 025054.540 INFO             PET1 ESMF_NETCDF                 : enabled
20220322 025054.540 INFO             PET1 ESMF_PNETCDF                : disabled
20220322 025054.540 INFO             PET1 ESMF_PIO                    : enabled
20220322 025054.540 INFO             PET1 ESMF_YAMLCPP                : enabled
20220322 025054.658 DEBUG            PET1 about to destroy Grid: 0x193ae10
20220322 025054.673 DEBUG            PET1 about to destroy Grid: 0x193be00
20220322 025054.715 INFO             PET1  NUMBER_OF_PROCESSORS           4
20220322 025054.715 INFO             PET1  PASS  Example ESMF_NUOPCAtmModelEx, ESMF_NUOPCAtmModelEx.F90, line 806
20220322 025054.715 INFO             PET1 Finalizing ESMF
20220322 025054.538 INFO             PET2 !!!!!!!!!!!!!!!!!!!!!!!!!!!!!!!!!!!!!!!!!!!!!!!!!!!!!!
20220322 025054.538 INFO             PET2 !!! THE ESMF_LOG IS SET TO OUTPUT ALL LOG MESSAGES !!!
20220322 025054.538 INFO             PET2 !!!     THIS MAY CAUSE SLOWDOWN IN PERFORMANCE     !!!
20220322 025054.538 INFO             PET2 !!! FOR PRODUCTION RUNS, USE:                      !!!
20220322 025054.538 INFO             PET2 !!!                   ESMF_LOGKIND_Multi_On_Error  !!!
20220322 025054.538 INFO             PET2 !!!!!!!!!!!!!!!!!!!!!!!!!!!!!!!!!!!!!!!!!!!!!!!!!!!!!!
20220322 025054.538 INFO             PET2 Running with ESMF Version   : v8.3.0b09-5-g496f893947
20220322 025054.538 INFO             PET2 ESMF library build date/time: "Mar 22 2022" "01:33:00"
20220322 025054.538 INFO             PET2 ESMF library build location : /gpfsm/dnb04/projects/p98/mpotts/esmf/intel_19.1.3_mpt_g_develop
20220322 025054.538 INFO             PET2 ESMF_COMM                   : mpt
20220322 025054.539 INFO             PET2 ESMF_MOAB                   : enabled
20220322 025054.539 INFO             PET2 ESMF_LAPACK                 : enabled
20220322 025054.539 INFO             PET2 ESMF_NETCDF                 : enabled
20220322 025054.539 INFO             PET2 ESMF_PNETCDF                : disabled
20220322 025054.539 INFO             PET2 ESMF_PIO                    : enabled
20220322 025054.539 INFO             PET2 ESMF_YAMLCPP                : enabled
20220322 025054.658 DEBUG            PET2 about to destroy Grid: 0x193ae90
20220322 025054.673 DEBUG            PET2 about to destroy Grid: 0x193be80
20220322 025054.715 INFO             PET2  NUMBER_OF_PROCESSORS           4
20220322 025054.715 INFO             PET2  PASS  Example ESMF_NUOPCAtmModelEx, ESMF_NUOPCAtmModelEx.F90, line 806
20220322 025054.715 INFO             PET2 Finalizing ESMF
20220322 025054.538 INFO             PET3 !!!!!!!!!!!!!!!!!!!!!!!!!!!!!!!!!!!!!!!!!!!!!!!!!!!!!!
20220322 025054.538 INFO             PET3 !!! THE ESMF_LOG IS SET TO OUTPUT ALL LOG MESSAGES !!!
20220322 025054.538 INFO             PET3 !!!     THIS MAY CAUSE SLOWDOWN IN PERFORMANCE     !!!
20220322 025054.538 INFO             PET3 !!! FOR PRODUCTION RUNS, USE:                      !!!
20220322 025054.538 INFO             PET3 !!!                   ESMF_LOGKIND_Multi_On_Error  !!!
20220322 025054.538 INFO             PET3 !!!!!!!!!!!!!!!!!!!!!!!!!!!!!!!!!!!!!!!!!!!!!!!!!!!!!!
20220322 025054.538 INFO             PET3 Running with ESMF Version   : v8.3.0b09-5-g496f893947
20220322 025054.538 INFO             PET3 ESMF library build date/time: "Mar 22 2022" "01:33:00"
20220322 025054.538 INFO             PET3 ESMF library build location : /gpfsm/dnb04/projects/p98/mpotts/esmf/intel_19.1.3_mpt_g_develop
20220322 025054.538 INFO             PET3 ESMF_COMM                   : mpt
20220322 025054.539 INFO             PET3 ESMF_MOAB                   : enabled
20220322 025054.539 INFO             PET3 ESMF_LAPACK                 : enabled
20220322 025054.539 INFO             PET3 ESMF_NETCDF                 : enabled
20220322 025054.539 INFO             PET3 ESMF_PNETCDF                : disabled
20220322 025054.539 INFO             PET3 ESMF_PIO                    : enabled
20220322 025054.539 INFO             PET3 ESMF_YAMLCPP                : enabled
20220322 025054.658 DEBUG            PET3 about to destroy Grid: 0x193af10
20220322 025054.673 DEBUG            PET3 about to destroy Grid: 0x193bf00
20220322 025054.715 INFO             PET3  NUMBER_OF_PROCESSORS           4
20220322 025054.715 INFO             PET3  PASS  Example ESMF_NUOPCAtmModelEx, ESMF_NUOPCAtmModelEx.F90, line 806
20220322 025054.715 INFO             PET3 Finalizing ESMF
