build time -- 2022-03-26 02:15:12.970975
0:    12.4500000000000        12.4500000000000        12.4500000000000     
0:    12.4500000000000        12.4500000000000        12.4500000000000     
0:    12.4500000000000        12.4500000000000        12.4500000000000     
0:    12.4500000000000        12.4500000000000        12.4500000000000     
0:    12.4500000000000        12.4500000000000        12.4500000000000     
0:    12.4500000000000        12.4500000000000        12.4500000000000     
0:    12.4500000000000        12.4500000000000        12.4500000000000     
0:    12.4500000000000        12.4500000000000        12.4500000000000     
1:    12.4500000000000        12.4500000000000        12.4500000000000     
2:    12.4500000000000        12.4500000000000        12.4500000000000     
2:    12.4500000000000        12.4500000000000        12.4500000000000     
2:    12.4500000000000        12.4500000000000        12.4500000000000     
2:    12.4500000000000        12.4500000000000        12.4500000000000     
2:    12.4500000000000        12.4500000000000        12.4500000000000     
2:    12.4500000000000        12.4500000000000        12.4500000000000     
2:    12.4500000000000        12.4500000000000        12.4500000000000     
2:    12.4500000000000        12.4500000000000        12.4500000000000     
2:    12.4500000000000        12.4500000000000        12.4500000000000     
2:    12.4500000000000        12.4500000000000        12.4500000000000     
2:    12.4500000000000        12.4500000000000        12.4500000000000     
2:    12.4500000000000        12.4500000000000        12.4500000000000     
2:    12.4500000000000        12.4500000000000        12.4500000000000     
2:    12.4500000000000        12.4500000000000        12.4500000000000     
2:    12.4500000000000        12.4500000000000        12.4500000000000     
2:    12.4500000000000        12.4500000000000        12.4500000000000     
2:    12.4500000000000        12.4500000000000        12.4500000000000     
2:    12.4500000000000        12.4500000000000        12.4500000000000     
2:    12.4500000000000        12.4500000000000        12.4500000000000     
2:    12.4500000000000        12.4500000000000        12.4500000000000     
2:    12.4500000000000        12.4500000000000        12.4500000000000     
2:    12.4500000000000        12.4500000000000        12.4500000000000     
2:    12.4500000000000        12.4500000000000        12.4500000000000     
3:    12.4500000000000        12.4500000000000        12.4500000000000     
3:    12.4500000000000        12.4500000000000        12.4500000000000     
3:    12.4500000000000        12.4500000000000        12.4500000000000     
3:    12.4500000000000        12.4500000000000        12.4500000000000     
3:    12.4500000000000        12.4500000000000        12.4500000000000     
3:    12.4500000000000        12.4500000000000        12.4500000000000     
3:    12.4500000000000        12.4500000000000        12.4500000000000     
3:    12.4500000000000        12.4500000000000        12.4500000000000     
3:    12.4500000000000        12.4500000000000        12.4500000000000     
3:    12.4500000000000        12.4500000000000        12.4500000000000     
3:    12.4500000000000        12.4500000000000        12.4500000000000     
3:    12.4500000000000        12.4500000000000        12.4500000000000     
3:    12.4500000000000        12.4500000000000        12.4500000000000     
3:    12.4500000000000        12.4500000000000        12.4500000000000     
3:    12.4500000000000        12.4500000000000        12.4500000000000     
3:    12.4500000000000        12.4500000000000        12.4500000000000     
3:    12.4500000000000        12.4500000000000        12.4500000000000     
3:    12.4500000000000        12.4500000000000        12.4500000000000     
3:    12.4500000000000        12.4500000000000        12.4500000000000     
3:    12.4500000000000        12.4500000000000        12.4500000000000     
3:    12.4500000000000        12.4500000000000        12.4500000000000     
3:    12.4500000000000        12.4500000000000        12.4500000000000     
3:    12.4500000000000        12.4500000000000        12.4500000000000     
3:    12.4500000000000        12.4500000000000        12.4500000000000     
3:    12.4500000000000        12.4500000000000        12.4500000000000     
3:    12.4500000000000        12.4500000000000        12.4500000000000     
0:    12.4500000000000        12.4500000000000        12.4500000000000     
0:    12.4500000000000        12.4500000000000        12.4500000000000     
0:    12.4500000000000        12.4500000000000        12.4500000000000     
0:    12.4500000000000        12.4500000000000        12.4500000000000     
0:    12.4500000000000        12.4500000000000        12.4500000000000     
0:    12.4500000000000        12.4500000000000        12.4500000000000     
0:    12.4500000000000        12.4500000000000        12.4500000000000     
0:    12.4500000000000        12.4500000000000        12.4500000000000     
0:    12.4500000000000        12.4500000000000        12.4500000000000     
0:    12.4500000000000        12.4500000000000        12.4500000000000     
0:    12.4500000000000        12.4500000000000        12.4500000000000     
0:    12.4500000000000        12.4500000000000        12.4500000000000     
0:    12.4500000000000        12.4500000000000        12.4500000000000     
0:    12.4500000000000        12.4500000000000        12.4500000000000     
0:    12.4500000000000        12.4500000000000        12.4500000000000     
0:    12.4500000000000        12.4500000000000        12.4500000000000     
0:    12.4500000000000        12.4500000000000        12.4500000000000     
0:    12.4500000000000        12.4500000000000        12.4500000000000     
0:    12.4500000000000        12.4500000000000        12.4500000000000     
0:    12.4500000000000        12.4500000000000        12.4500000000000     
0:    12.4500000000000        12.4500000000000        12.4500000000000     
0:    12.4500000000000        12.4500000000000        12.4500000000000     
0:    12.4500000000000        12.4500000000000        12.4500000000000     
0:    12.4500000000000        12.4500000000000        12.4500000000000     
0:    12.4500000000000        12.4500000000000        12.4500000000000     
0:    12.4500000000000     
2:    12.4500000000000        12.4500000000000        12.4500000000000     
2:    12.4500000000000        12.4500000000000        12.4500000000000     
2:    12.4500000000000        12.4500000000000        12.4500000000000     
2:    12.4500000000000        12.4500000000000        12.4500000000000     
2:    12.4500000000000        12.4500000000000        12.4500000000000     
2:    12.4500000000000        12.4500000000000        12.4500000000000     
2:    12.4500000000000        12.4500000000000        12.4500000000000     
2:    12.4500000000000        12.4500000000000        12.4500000000000     
2:    12.4500000000000        12.4500000000000        12.4500000000000     
2:    12.4500000000000        12.4500000000000        12.4500000000000     
2:    12.4500000000000     
3:    12.4500000000000        12.4500000000000        12.4500000000000     
3:    12.4500000000000        12.4500000000000        12.4500000000000     
3:    12.4500000000000        12.4500000000000        12.4500000000000     
3:    12.4500000000000        12.4500000000000        12.4500000000000     
3:    12.4500000000000        12.4500000000000        12.4500000000000     
3:    12.4500000000000        12.4500000000000        12.4500000000000     
3:    12.4500000000000        12.4500000000000        12.4500000000000     
3:    12.4500000000000     
1:    12.4500000000000        12.4500000000000        12.4500000000000     
0:    12.4500000000000        12.4500000000000        12.4500000000000     
0:    12.4500000000000        12.4500000000000        12.4500000000000     
0:    12.4500000000000        12.4500000000000        12.4500000000000     
0:    12.4500000000000        12.4500000000000        12.4500000000000     
0:    12.4500000000000        12.4500000000000        12.4500000000000     
1:    12.4500000000000        12.4500000000000        12.4500000000000     
1:    12.4500000000000        12.4500000000000        12.4500000000000     
1:    12.4500000000000        12.4500000000000        12.4500000000000     
1:    12.4500000000000        12.4500000000000        12.4500000000000     
1:    12.4500000000000        12.4500000000000        12.4500000000000     
1:    12.4500000000000        12.4500000000000        12.4500000000000     
1:    12.4500000000000        12.4500000000000        12.4500000000000     
1:    12.4500000000000        12.4500000000000        12.4500000000000     
1:    12.4500000000000        12.4500000000000        12.4500000000000     
1:    12.4500000000000        12.4500000000000        12.4500000000000     
1:    12.4500000000000        12.4500000000000        12.4500000000000     
2:    12.4500000000000        12.4500000000000        12.4500000000000     
3:    12.4500000000000        12.4500000000000        12.4500000000000     
3:    12.4500000000000        12.4500000000000        12.4500000000000     
3:    12.4500000000000        12.4500000000000        12.4500000000000     
3:    12.4500000000000        12.4500000000000        12.4500000000000     
3:    12.4500000000000        12.4500000000000        12.4500000000000     
3:    12.4500000000000        12.4500000000000        12.4500000000000     
3:    12.4500000000000        12.4500000000000        12.4500000000000     
3:    12.4500000000000        12.4500000000000        12.4500000000000     
3:    12.4500000000000        12.4500000000000        12.4500000000000     
3:    12.4500000000000        12.4500000000000        12.4500000000000     
3:    12.4500000000000        12.4500000000000        12.4500000000000     
3:    12.4500000000000        12.4500000000000        12.4500000000000     
3:    12.4500000000000        12.4500000000000        12.4500000000000     
3:    12.4500000000000        12.4500000000000        12.4500000000000     
3:    12.4500000000000        12.4500000000000        12.4500000000000     
3:    12.4500000000000        12.4500000000000        12.4500000000000     
3:    12.4500000000000        12.4500000000000        12.4500000000000     
3:    12.4500000000000        12.4500000000000        12.4500000000000     
0:    12.4500000000000        12.4500000000000        12.4500000000000     
0:    12.4500000000000        12.4500000000000        12.4500000000000     
0:    12.4500000000000        12.4500000000000        12.4500000000000     
0:    12.4500000000000        12.4500000000000        12.4500000000000     
0:    12.4500000000000        12.4500000000000        12.4500000000000     
0:    12.4500000000000        12.4500000000000        12.4500000000000     
0:    12.4500000000000        12.4500000000000        12.4500000000000     
0:    12.4500000000000        12.4500000000000        12.4500000000000     
0:    12.4500000000000        12.4500000000000        12.4500000000000     
0:    12.4500000000000        12.4500000000000        12.4500000000000     
0:    12.4500000000000        12.4500000000000        12.4500000000000     
0:    12.4500000000000        12.4500000000000        12.4500000000000     
0:    12.4500000000000        12.4500000000000        12.4500000000000     
0:    12.4500000000000        12.4500000000000        12.4500000000000     
0:    12.4500000000000        12.4500000000000        12.4500000000000     
0:    12.4500000000000        12.4500000000000        12.4500000000000     
0:    12.4500000000000        12.4500000000000        12.4500000000000     
0:    12.4500000000000        12.4500000000000        12.4500000000000     
1:    12.4500000000000        12.4500000000000        12.4500000000000     
1:    12.4500000000000        12.4500000000000        12.4500000000000     
1:    12.4500000000000        12.4500000000000        12.4500000000000     
1:    12.4500000000000        12.4500000000000        12.4500000000000     
1:    12.4500000000000        12.4500000000000        12.4500000000000     
1:    12.4500000000000        12.4500000000000        12.4500000000000     
1:    12.4500000000000        12.4500000000000        12.4500000000000     
1:    12.4500000000000        12.4500000000000        12.4500000000000     
1:    12.4500000000000        12.4500000000000        12.4500000000000     
1:    12.4500000000000        12.4500000000000        12.4500000000000     
1:    12.4500000000000        12.4500000000000        12.4500000000000     
1:    12.4500000000000        12.4500000000000        12.4500000000000     
1:    12.4500000000000        12.4500000000000        12.4500000000000     
1:    12.4500000000000        12.4500000000000        12.4500000000000     
3:    12.4500000000000        12.4500000000000        12.4500000000000     
3:    12.4500000000000        12.4500000000000        12.4500000000000     
3:    12.4500000000000        12.4500000000000        12.4500000000000     
3:    12.4500000000000        12.4500000000000        12.4500000000000     
3:    12.4500000000000        12.4500000000000        12.4500000000000     
3:    12.4500000000000        12.4500000000000        12.4500000000000     
3:    12.4500000000000        12.4500000000000        12.4500000000000     
3:    12.4500000000000        12.4500000000000        12.4500000000000     
3:    12.4500000000000        12.4500000000000        12.4500000000000     
3:    12.4500000000000        12.4500000000000        12.4500000000000     
0:    12.4500000000000        12.4500000000000        12.4500000000000     
0:    12.4500000000000        12.4500000000000        12.4500000000000     
0:    12.4500000000000        12.4500000000000        12.4500000000000     
0:    12.4500000000000        12.4500000000000        12.4500000000000     
0:    12.4500000000000        12.4500000000000        12.4500000000000     
0:    12.4500000000000        12.4500000000000        12.4500000000000     
0:    12.4500000000000        12.4500000000000        12.4500000000000     
0:    12.4500000000000        12.4500000000000        12.4500000000000     
1:    12.4500000000000        12.4500000000000        12.4500000000000     
1:    12.4500000000000        12.4500000000000        12.4500000000000     
1:    12.4500000000000        12.4500000000000        12.4500000000000     
1:    12.4500000000000        12.4500000000000        12.4500000000000     
1:    12.4500000000000        12.4500000000000        12.4500000000000     
1:    12.4500000000000        12.4500000000000        12.4500000000000     
1:    12.4500000000000     
3:    12.4500000000000        12.4500000000000        12.4500000000000     
3:    12.4500000000000        12.4500000000000        12.4500000000000     
3:    12.4500000000000        12.4500000000000        12.4500000000000     
3:    12.4500000000000        12.4500000000000        12.4500000000000     
3:    12.4500000000000        12.4500000000000        12.4500000000000     
3:    12.4500000000000     
0:    12.4500000000000        12.4500000000000        12.4500000000000     
0:    12.4500000000000        12.4500000000000        12.4500000000000     
0:    12.4500000000000     
2:    12.4500000000000        12.4500000000000        12.4500000000000     
1:    12.4500000000000        12.4500000000000        12.4500000000000     
1:    12.4500000000000        12.4500000000000        12.4500000000000     
1:    12.4500000000000        12.4500000000000        12.4500000000000     
1:    12.4500000000000        12.4500000000000        12.4500000000000     
1:    12.4500000000000        12.4500000000000        12.4500000000000     
1:    12.4500000000000        12.4500000000000        12.4500000000000     
1:    12.4500000000000        12.4500000000000        12.4500000000000     
1:    12.4500000000000        12.4500000000000        12.4500000000000     
1:    12.4500000000000        12.4500000000000        12.4500000000000     
1:    12.4500000000000        12.4500000000000        12.4500000000000     
1:    12.4500000000000        12.4500000000000        12.4500000000000     
1:    12.4500000000000        12.4500000000000        12.4500000000000     
1:    12.4500000000000        12.4500000000000        12.4500000000000     
1:    12.4500000000000        12.4500000000000        12.4500000000000     
1:    12.4500000000000        12.4500000000000        12.4500000000000     
1:    12.4500000000000        12.4500000000000        12.4500000000000     
1:    12.4500000000000        12.4500000000000        12.4500000000000     
1:    12.4500000000000        12.4500000000000        12.4500000000000     
1:    12.4500000000000        12.4500000000000        12.4500000000000     
1:    12.4500000000000        12.4500000000000        12.4500000000000     
1:    12.4500000000000        12.4500000000000        12.4500000000000     
1:    12.4500000000000        12.4500000000000        12.4500000000000     
1:    12.4500000000000        12.4500000000000        12.4500000000000     
1:    12.4500000000000        12.4500000000000        12.4500000000000     
1:    12.4500000000000        12.4500000000000        12.4500000000000     
1:    12.4500000000000        12.4500000000000        12.4500000000000     
1:    12.4500000000000        12.4500000000000        12.4500000000000     
1:    12.4500000000000        12.4500000000000        12.4500000000000     
1:    12.4500000000000        12.4500000000000        12.4500000000000     
1:    12.4500000000000        12.4500000000000        12.4500000000000     
1:    12.4500000000000        12.4500000000000        12.4500000000000     
1:    12.4500000000000        12.4500000000000        12.4500000000000     
1:    12.4500000000000        12.4500000000000        12.4500000000000     
1:    12.4500000000000     
2:    12.4500000000000        12.4500000000000        12.4500000000000     
2:    12.4500000000000        12.4500000000000        12.4500000000000     
3:    23.6700000000000        23.6700000000000        23.6700000000000     
3:    23.6700000000000        23.6700000000000        23.6700000000000     
3:    23.6700000000000        23.6700000000000        23.6700000000000     
3:    23.6700000000000        23.6700000000000        23.6700000000000     
0:    23.6700000000000        23.6700000000000        23.6700000000000     
0:    23.6700000000000        23.6700000000000        23.6700000000000     
0:    23.6700000000000        23.6700000000000        23.6700000000000     
0:    23.6700000000000        23.6700000000000        23.6700000000000     
0:    23.6700000000000        23.6700000000000        23.6700000000000     
0:    23.6700000000000        23.6700000000000        23.6700000000000     
3:    23.6700000000000        23.6700000000000        23.6700000000000     
3:    23.6700000000000        23.6700000000000        23.6700000000000     
3:    23.6700000000000        23.6700000000000        23.6700000000000     
3:    23.6700000000000        23.6700000000000        23.6700000000000     
3:    23.6700000000000        23.6700000000000        23.6700000000000     
0:    23.6700000000000        23.6700000000000        23.6700000000000     
0:    23.6700000000000        23.6700000000000        23.6700000000000     
0:    23.6700000000000        23.6700000000000        23.6700000000000     
0:    23.6700000000000        23.6700000000000        23.6700000000000     
0:    23.6700000000000        23.6700000000000        23.6700000000000     
0:    23.6700000000000        23.6700000000000        23.6700000000000     
3:    23.6700000000000        23.6700000000000        23.6700000000000     
3:    23.6700000000000        23.6700000000000        23.6700000000000     
3:    23.6700000000000        23.6700000000000        23.6700000000000     
3:    23.6700000000000        23.6700000000000        23.6700000000000     
3:    23.6700000000000        23.6700000000000        23.6700000000000     
3:    23.6700000000000        23.6700000000000        23.6700000000000     
0:    23.6700000000000        23.6700000000000        23.6700000000000     
0:    23.6700000000000        23.6700000000000        23.6700000000000     
0:    23.6700000000000        23.6700000000000        23.6700000000000     
0:    23.6700000000000        23.6700000000000        23.6700000000000     
3:    23.6700000000000        23.6700000000000        23.6700000000000     
3:    23.6700000000000        23.6700000000000        23.6700000000000     
3:    23.6700000000000        23.6700000000000        23.6700000000000     
3:    23.6700000000000        23.6700000000000        23.6700000000000     
3:    23.6700000000000        23.6700000000000        23.6700000000000     
0:    23.6700000000000        23.6700000000000        23.6700000000000     
0:    23.6700000000000        23.6700000000000        23.6700000000000     
0:    23.6700000000000        23.6700000000000        23.6700000000000     
0:    23.6700000000000        23.6700000000000        23.6700000000000     
0:    23.6700000000000        23.6700000000000        23.6700000000000     
3:    23.6700000000000        23.6700000000000        23.6700000000000     
3:    23.6700000000000        23.6700000000000        23.6700000000000     
3:    23.6700000000000        23.6700000000000        23.6700000000000     
3:    23.6700000000000        23.6700000000000        23.6700000000000     
3:    23.6700000000000        23.6700000000000        23.6700000000000     
0:    23.6700000000000        23.6700000000000        23.6700000000000     
0:    23.6700000000000        23.6700000000000        23.6700000000000     
0:    23.6700000000000        23.6700000000000        23.6700000000000     
0:    23.6700000000000        23.6700000000000        23.6700000000000     
3:    23.6700000000000        23.6700000000000        23.6700000000000     
3:    23.6700000000000        23.6700000000000        23.6700000000000     
3:    23.6700000000000        23.6700000000000        23.6700000000000     
3:    23.6700000000000        23.6700000000000        23.6700000000000     
0:    23.6700000000000        23.6700000000000        23.6700000000000     
0:    23.6700000000000        23.6700000000000        23.6700000000000     
0:    23.6700000000000        23.6700000000000        23.6700000000000     
0:    23.6700000000000        23.6700000000000        23.6700000000000     
0:    23.6700000000000        23.6700000000000        23.6700000000000     
0:    23.6700000000000        23.6700000000000        23.6700000000000     
3:    23.6700000000000        23.6700000000000        23.6700000000000     
3:    23.6700000000000        23.6700000000000        23.6700000000000     
3:    23.6700000000000        23.6700000000000        23.6700000000000     
3:    23.6700000000000        23.6700000000000        23.6700000000000     
3:    23.6700000000000     
0:    23.6700000000000        23.6700000000000        23.6700000000000     
0:    23.6700000000000        23.6700000000000        23.6700000000000     
0:    23.6700000000000     
2:    12.4500000000000        12.4500000000000        12.4500000000000     
3:    23.6700000000000        23.6700000000000        23.6700000000000     
3:    23.6700000000000        23.6700000000000        23.6700000000000     
3:    23.6700000000000        23.6700000000000        23.6700000000000     
3:    23.6700000000000        23.6700000000000        23.6700000000000     
3:    23.6700000000000        23.6700000000000        23.6700000000000     
0:    23.6700000000000        23.6700000000000        23.6700000000000     
0:    23.6700000000000        23.6700000000000        23.6700000000000     
0:    23.6700000000000        23.6700000000000        23.6700000000000     
0:    23.6700000000000        23.6700000000000        23.6700000000000     
0:    23.6700000000000        23.6700000000000        23.6700000000000     
0:    23.6700000000000        23.6700000000000        23.6700000000000     
0:    23.6700000000000        23.6700000000000        23.6700000000000     
0:    23.6700000000000        23.6700000000000        23.6700000000000     
1:    23.6700000000000        23.6700000000000        23.6700000000000     
1:    23.6700000000000        23.6700000000000        23.6700000000000     
1:    23.6700000000000        23.6700000000000        23.6700000000000     
1:    23.6700000000000        23.6700000000000        23.6700000000000     
1:    23.6700000000000        23.6700000000000        23.6700000000000     
3:    23.6700000000000        23.6700000000000        23.6700000000000     
3:    23.6700000000000        23.6700000000000        23.6700000000000     
3:    23.6700000000000        23.6700000000000        23.6700000000000     
3:    23.6700000000000        23.6700000000000        23.6700000000000     
3:    23.6700000000000        23.6700000000000        23.6700000000000     
3:    23.6700000000000        23.6700000000000        23.6700000000000     
3:    23.6700000000000        23.6700000000000        23.6700000000000     
3:    23.6700000000000        23.6700000000000        23.6700000000000     
0:    23.6700000000000        23.6700000000000        23.6700000000000     
0:    23.6700000000000        23.6700000000000        23.6700000000000     
0:    23.6700000000000        23.6700000000000        23.6700000000000     
0:    23.6700000000000        23.6700000000000        23.6700000000000     
0:    23.6700000000000        23.6700000000000        23.6700000000000     
0:    23.6700000000000        23.6700000000000        23.6700000000000     
0:    23.6700000000000        23.6700000000000        23.6700000000000     
1:    23.6700000000000        23.6700000000000        23.6700000000000     
1:    23.6700000000000        23.6700000000000        23.6700000000000     
1:    23.6700000000000        23.6700000000000        23.6700000000000     
1:    23.6700000000000        23.6700000000000        23.6700000000000     
1:    23.6700000000000        23.6700000000000        23.6700000000000     
1:    23.6700000000000        23.6700000000000        23.6700000000000     
1:    23.6700000000000        23.6700000000000        23.6700000000000     
3:    23.6700000000000        23.6700000000000        23.6700000000000     
3:    23.6700000000000        23.6700000000000        23.6700000000000     
3:    23.6700000000000        23.6700000000000        23.6700000000000     
3:    23.6700000000000        23.6700000000000        23.6700000000000     
3:    23.6700000000000        23.6700000000000        23.6700000000000     
3:    23.6700000000000        23.6700000000000        23.6700000000000     
3:    23.6700000000000        23.6700000000000        23.6700000000000     
0:    23.6700000000000        23.6700000000000        23.6700000000000     
0:    23.6700000000000        23.6700000000000        23.6700000000000     
0:    23.6700000000000        23.6700000000000        23.6700000000000     
0:    23.6700000000000        23.6700000000000        23.6700000000000     
0:    23.6700000000000        23.6700000000000        23.6700000000000     
0:    23.6700000000000        23.6700000000000        23.6700000000000     
1:    23.6700000000000        23.6700000000000        23.6700000000000     
1:    23.6700000000000        23.6700000000000        23.6700000000000     
1:    23.6700000000000        23.6700000000000        23.6700000000000     
1:    23.6700000000000        23.6700000000000        23.6700000000000     
1:    23.6700000000000        23.6700000000000        23.6700000000000     
1:    23.6700000000000        23.6700000000000        23.6700000000000     
1:    23.6700000000000        23.6700000000000        23.6700000000000     
3:    23.6700000000000        23.6700000000000        23.6700000000000     
3:    23.6700000000000        23.6700000000000        23.6700000000000     
3:    23.6700000000000        23.6700000000000        23.6700000000000     
3:    23.6700000000000        23.6700000000000        23.6700000000000     
3:    23.6700000000000        23.6700000000000        23.6700000000000     
3:    23.6700000000000        23.6700000000000        23.6700000000000     
3:    23.6700000000000        23.6700000000000        23.6700000000000     
0:    23.6700000000000        23.6700000000000        23.6700000000000     
0:    23.6700000000000        23.6700000000000        23.6700000000000     
0:    23.6700000000000        23.6700000000000        23.6700000000000     
0:    23.6700000000000        23.6700000000000        23.6700000000000     
0:    23.6700000000000        23.6700000000000        23.6700000000000     
0:    23.6700000000000        23.6700000000000        23.6700000000000     
0:    23.6700000000000        23.6700000000000        23.6700000000000     
0:    23.6700000000000        23.6700000000000        23.6700000000000     
1:    23.6700000000000        23.6700000000000        23.6700000000000     
1:    23.6700000000000        23.6700000000000        23.6700000000000     
1:    23.6700000000000        23.6700000000000        23.6700000000000     
1:    23.6700000000000        23.6700000000000        23.6700000000000     
1:    23.6700000000000        23.6700000000000        23.6700000000000     
1:    23.6700000000000        23.6700000000000        23.6700000000000     
1:    23.6700000000000        23.6700000000000        23.6700000000000     
3:    23.6700000000000        23.6700000000000        23.6700000000000     
3:    23.6700000000000        23.6700000000000        23.6700000000000     
3:    23.6700000000000        23.6700000000000        23.6700000000000     
3:    23.6700000000000        23.6700000000000        23.6700000000000     
3:    23.6700000000000        23.6700000000000        23.6700000000000     
3:    23.6700000000000        23.6700000000000        23.6700000000000     
3:    23.6700000000000     
0:    23.6700000000000        23.6700000000000        23.6700000000000     
0:    23.6700000000000        23.6700000000000        23.6700000000000     
0:    23.6700000000000        23.6700000000000        23.6700000000000     
0:    23.6700000000000        23.6700000000000        23.6700000000000     
0:    23.6700000000000     
1:    23.6700000000000        23.6700000000000        23.6700000000000     
1:    23.6700000000000        23.6700000000000        23.6700000000000     
1:    23.6700000000000        23.6700000000000        23.6700000000000     
1:    23.6700000000000        23.6700000000000        23.6700000000000     
1:    23.6700000000000        23.6700000000000        23.6700000000000     
1:    23.6700000000000        23.6700000000000        23.6700000000000     
1:    23.6700000000000        23.6700000000000        23.6700000000000     
1:    23.6700000000000     
1:    23.6700000000000        23.6700000000000        23.6700000000000     
2:    12.4500000000000        12.4500000000000        12.4500000000000     
2:    12.4500000000000        12.4500000000000        12.4500000000000     
2:    12.4500000000000        12.4500000000000        12.4500000000000     
2:    12.4500000000000        12.4500000000000        12.4500000000000     
2:    12.4500000000000        12.4500000000000        12.4500000000000     
2:    12.4500000000000        12.4500000000000        12.4500000000000     
2:    12.4500000000000        12.4500000000000        12.4500000000000     
2:    12.4500000000000        12.4500000000000        12.4500000000000     
2:    12.4500000000000        12.4500000000000        12.4500000000000     
2:    12.4500000000000        12.4500000000000        12.4500000000000     
2:    12.4500000000000        12.4500000000000        12.4500000000000     
2:    12.4500000000000        12.4500000000000        12.4500000000000     
2:    12.4500000000000        12.4500000000000        12.4500000000000     
2:    12.4500000000000        12.4500000000000        12.4500000000000     
2:    12.4500000000000        12.4500000000000        12.4500000000000     
2:    12.4500000000000        12.4500000000000        12.4500000000000     
2:    12.4500000000000        12.4500000000000        12.4500000000000     
2:    12.4500000000000        12.4500000000000        12.4500000000000     
2:    12.4500000000000        12.4500000000000        12.4500000000000     
2:    12.4500000000000        12.4500000000000        12.4500000000000     
2:    12.4500000000000        12.4500000000000        12.4500000000000     
2:    12.4500000000000        12.4500000000000        12.4500000000000     
2:    12.4500000000000        12.4500000000000        12.4500000000000     
2:    12.4500000000000        12.4500000000000        12.4500000000000     
2:    12.4500000000000        12.4500000000000        12.4500000000000     
2:    12.4500000000000        12.4500000000000        12.4500000000000     
2:    12.4500000000000        12.4500000000000        12.4500000000000     
2:    12.4500000000000        12.4500000000000        12.4500000000000     
2:    12.4500000000000     
1:    23.6700000000000        23.6700000000000        23.6700000000000     
1:    23.6700000000000        23.6700000000000        23.6700000000000     
1:    23.6700000000000        23.6700000000000        23.6700000000000     
1:    23.6700000000000        23.6700000000000        23.6700000000000     
1:    23.6700000000000        23.6700000000000        23.6700000000000     
3:    56.8100000000000        56.8100000000000        56.8100000000000     
0:    56.8100000000000        56.8100000000000        56.8100000000000     
0:    56.8100000000000        56.8100000000000        56.8100000000000     
0:    56.8100000000000        56.8100000000000        56.8100000000000     
0:    56.8100000000000        56.8100000000000        56.8100000000000     
0:    56.8100000000000        56.8100000000000        56.8100000000000     
0:    56.8100000000000        56.8100000000000        56.8100000000000     
0:    56.8100000000000        56.8100000000000        56.8100000000000     
0:    56.8100000000000        56.8100000000000        56.8100000000000     
0:    56.8100000000000        56.8100000000000        56.8100000000000     
0:    56.8100000000000        56.8100000000000        56.8100000000000     
0:    56.8100000000000        56.8100000000000        56.8100000000000     
0:    56.8100000000000        56.8100000000000        56.8100000000000     
0:    56.8100000000000        56.8100000000000        56.8100000000000     
0:    56.8100000000000        56.8100000000000        56.8100000000000     
1:    23.6700000000000        23.6700000000000        23.6700000000000     
1:    23.6700000000000        23.6700000000000        23.6700000000000     
1:    23.6700000000000        23.6700000000000        23.6700000000000     
1:    23.6700000000000        23.6700000000000        23.6700000000000     
1:    23.6700000000000        23.6700000000000        23.6700000000000     
1:    23.6700000000000        23.6700000000000        23.6700000000000     
1:    23.6700000000000        23.6700000000000        23.6700000000000     
1:    23.6700000000000        23.6700000000000        23.6700000000000     
1:    23.6700000000000        23.6700000000000        23.6700000000000     
1:    23.6700000000000        23.6700000000000        23.6700000000000     
1:    23.6700000000000        23.6700000000000        23.6700000000000     
1:    23.6700000000000        23.6700000000000        23.6700000000000     
1:    23.6700000000000        23.6700000000000        23.6700000000000     
1:    23.6700000000000        23.6700000000000        23.6700000000000     
1:    23.6700000000000        23.6700000000000        23.6700000000000     
1:    23.6700000000000        23.6700000000000        23.6700000000000     
0:    56.8100000000000        56.8100000000000        56.8100000000000     
0:    56.8100000000000        56.8100000000000        56.8100000000000     
0:    56.8100000000000        56.8100000000000        56.8100000000000     
0:    56.8100000000000        56.8100000000000        56.8100000000000     
0:    56.8100000000000        56.8100000000000        56.8100000000000     
0:    56.8100000000000        56.8100000000000        56.8100000000000     
0:    56.8100000000000        56.8100000000000        56.8100000000000     
1:    23.6700000000000        23.6700000000000        23.6700000000000     
1:    23.6700000000000        23.6700000000000        23.6700000000000     
1:    23.6700000000000        23.6700000000000        23.6700000000000     
1:    23.6700000000000        23.6700000000000        23.6700000000000     
1:    23.6700000000000        23.6700000000000        23.6700000000000     
1:    23.6700000000000        23.6700000000000        23.6700000000000     
0:    56.8100000000000        56.8100000000000        56.8100000000000     
0:    56.8100000000000        56.8100000000000        56.8100000000000     
0:    56.8100000000000        56.8100000000000        56.8100000000000     
0:    56.8100000000000        56.8100000000000        56.8100000000000     
0:    56.8100000000000        56.8100000000000        56.8100000000000     
0:    56.8100000000000        56.8100000000000        56.8100000000000     
1:    23.6700000000000        23.6700000000000        23.6700000000000     
1:    23.6700000000000        23.6700000000000        23.6700000000000     
1:    23.6700000000000        23.6700000000000        23.6700000000000     
1:    23.6700000000000        23.6700000000000        23.6700000000000     
1:    23.6700000000000        23.6700000000000        23.6700000000000     
1:    23.6700000000000     
0:    56.8100000000000        56.8100000000000        56.8100000000000     
0:    56.8100000000000        56.8100000000000        56.8100000000000     
0:    56.8100000000000        56.8100000000000        56.8100000000000     
0:    56.8100000000000        56.8100000000000        56.8100000000000     
0:    56.8100000000000        56.8100000000000        56.8100000000000     
0:    56.8100000000000        56.8100000000000        56.8100000000000     
0:    56.8100000000000     
3:    56.8100000000000        56.8100000000000        56.8100000000000     
0:    56.8100000000000        56.8100000000000        56.8100000000000     
0:    56.8100000000000        56.8100000000000        56.8100000000000     
0:    56.8100000000000        56.8100000000000        56.8100000000000     
0:    56.8100000000000        56.8100000000000        56.8100000000000     
0:    56.8100000000000        56.8100000000000        56.8100000000000     
0:    56.8100000000000        56.8100000000000        56.8100000000000     
0:    56.8100000000000        56.8100000000000        56.8100000000000     
0:    56.8100000000000        56.8100000000000        56.8100000000000     
0:    56.8100000000000        56.8100000000000        56.8100000000000     
0:    56.8100000000000        56.8100000000000        56.8100000000000     
0:    56.8100000000000        56.8100000000000        56.8100000000000     
0:    56.8100000000000        56.8100000000000        56.8100000000000     
0:    56.8100000000000        56.8100000000000        56.8100000000000     
0:    56.8100000000000        56.8100000000000        56.8100000000000     
0:    56.8100000000000        56.8100000000000        56.8100000000000     
0:    56.8100000000000        56.8100000000000        56.8100000000000     
0:    56.8100000000000        56.8100000000000        56.8100000000000     
0:    56.8100000000000        56.8100000000000        56.8100000000000     
0:    56.8100000000000        56.8100000000000        56.8100000000000     
2:    23.6700000000000        23.6700000000000        23.6700000000000     
2:    23.6700000000000        23.6700000000000        23.6700000000000     
2:    23.6700000000000        23.6700000000000        23.6700000000000     
2:    23.6700000000000        23.6700000000000        23.6700000000000     
2:    23.6700000000000        23.6700000000000        23.6700000000000     
0:    56.8100000000000        56.8100000000000        56.8100000000000     
0:    56.8100000000000        56.8100000000000        56.8100000000000     
0:    56.8100000000000        56.8100000000000        56.8100000000000     
0:    56.8100000000000        56.8100000000000        56.8100000000000     
0:    56.8100000000000        56.8100000000000        56.8100000000000     
2:    23.6700000000000        23.6700000000000        23.6700000000000     
2:    23.6700000000000        23.6700000000000        23.6700000000000     
2:    23.6700000000000        23.6700000000000        23.6700000000000     
2:    23.6700000000000        23.6700000000000        23.6700000000000     
2:    23.6700000000000        23.6700000000000        23.6700000000000     
2:    23.6700000000000        23.6700000000000        23.6700000000000     
0:    56.8100000000000        56.8100000000000        56.8100000000000     
0:    56.8100000000000        56.8100000000000        56.8100000000000     
0:    56.8100000000000        56.8100000000000        56.8100000000000     
0:    56.8100000000000        56.8100000000000        56.8100000000000     
0:    56.8100000000000        56.8100000000000        56.8100000000000     
2:    23.6700000000000        23.6700000000000        23.6700000000000     
2:    23.6700000000000        23.6700000000000        23.6700000000000     
2:    23.6700000000000        23.6700000000000        23.6700000000000     
2:    23.6700000000000        23.6700000000000        23.6700000000000     
2:    23.6700000000000        23.6700000000000        23.6700000000000     
0:    56.8100000000000        56.8100000000000        56.8100000000000     
0:    56.8100000000000        56.8100000000000        56.8100000000000     
0:    56.8100000000000        56.8100000000000        56.8100000000000     
0:    56.8100000000000        56.8100000000000        56.8100000000000     
0:    56.8100000000000     
2:    23.6700000000000        23.6700000000000        23.6700000000000     
2:    23.6700000000000        23.6700000000000        23.6700000000000     
2:    23.6700000000000        23.6700000000000        23.6700000000000     
2:    23.6700000000000        23.6700000000000        23.6700000000000     
2:    23.6700000000000        23.6700000000000        23.6700000000000     
2:    23.6700000000000        23.6700000000000        23.6700000000000     
2:    23.6700000000000        23.6700000000000        23.6700000000000     
2:    23.6700000000000        23.6700000000000        23.6700000000000     
2:    23.6700000000000        23.6700000000000        23.6700000000000     
2:    23.6700000000000        23.6700000000000        23.6700000000000     
2:    23.6700000000000        23.6700000000000        23.6700000000000     
2:    23.6700000000000        23.6700000000000        23.6700000000000     
2:    23.6700000000000        23.6700000000000        23.6700000000000     
2:    23.6700000000000        23.6700000000000        23.6700000000000     
2:    23.6700000000000        23.6700000000000        23.6700000000000     
2:    23.6700000000000        23.6700000000000        23.6700000000000     
2:    23.6700000000000        23.6700000000000        23.6700000000000     
1:    56.8100000000000        56.8100000000000        56.8100000000000     
1:    56.8100000000000        56.8100000000000        56.8100000000000     
1:    56.8100000000000        56.8100000000000        56.8100000000000     
1:    56.8100000000000        56.8100000000000        56.8100000000000     
2:    23.6700000000000     
1:    56.8100000000000        56.8100000000000        56.8100000000000     
1:    56.8100000000000        56.8100000000000        56.8100000000000     
1:    56.8100000000000        56.8100000000000        56.8100000000000     
1:    56.8100000000000        56.8100000000000        56.8100000000000     
1:    56.8100000000000        56.8100000000000        56.8100000000000     
2:    23.6700000000000        23.6700000000000        23.6700000000000     
2:    23.6700000000000        23.6700000000000        23.6700000000000     
2:    23.6700000000000        23.6700000000000        23.6700000000000     
2:    23.6700000000000        23.6700000000000        23.6700000000000     
2:    23.6700000000000        23.6700000000000        23.6700000000000     
0:   PASS  Example ESMF_ArrayFarrayEx, ESMF_ArrayFarrayEx.F90, line 288
1:    56.8100000000000        56.8100000000000        56.8100000000000     
1:    56.8100000000000        56.8100000000000        56.8100000000000     
1:    56.8100000000000        56.8100000000000        56.8100000000000     
1:    56.8100000000000        56.8100000000000        56.8100000000000     
1:    56.8100000000000        56.8100000000000        56.8100000000000     
1:    56.8100000000000        56.8100000000000        56.8100000000000     
1:    56.8100000000000        56.8100000000000        56.8100000000000     
1:    56.8100000000000        56.8100000000000        56.8100000000000     
2:    23.6700000000000        23.6700000000000        23.6700000000000     
2:    23.6700000000000        23.6700000000000        23.6700000000000     
2:    23.6700000000000        23.6700000000000        23.6700000000000     
2:    23.6700000000000        23.6700000000000        23.6700000000000     
2:    23.6700000000000        23.6700000000000        23.6700000000000     
2:    23.6700000000000        23.6700000000000        23.6700000000000     
1:    56.8100000000000        56.8100000000000        56.8100000000000     
1:    56.8100000000000        56.8100000000000        56.8100000000000     
1:    56.8100000000000        56.8100000000000        56.8100000000000     
1:    56.8100000000000        56.8100000000000        56.8100000000000     
1:    56.8100000000000        56.8100000000000        56.8100000000000     
2:    23.6700000000000        23.6700000000000        23.6700000000000     
2:    23.6700000000000        23.6700000000000        23.6700000000000     
2:    23.6700000000000        23.6700000000000        23.6700000000000     
2:    23.6700000000000        23.6700000000000        23.6700000000000     
2:    23.6700000000000        23.6700000000000        23.6700000000000     
1:    56.8100000000000        56.8100000000000        56.8100000000000     
1:    56.8100000000000        56.8100000000000        56.8100000000000     
1:    56.8100000000000        56.8100000000000        56.8100000000000     
1:    56.8100000000000        56.8100000000000        56.8100000000000     
1:    56.8100000000000        56.8100000000000        56.8100000000000     
2:    23.6700000000000        23.6700000000000        23.6700000000000     
2:    23.6700000000000        23.6700000000000        23.6700000000000     
2:    23.6700000000000        23.6700000000000        23.6700000000000     
2:    23.6700000000000        23.6700000000000        23.6700000000000     
2:    23.6700000000000        23.6700000000000        23.6700000000000     
1:    56.8100000000000        56.8100000000000        56.8100000000000     
1:    56.8100000000000        56.8100000000000        56.8100000000000     
1:    56.8100000000000        56.8100000000000        56.8100000000000     
1:    56.8100000000000        56.8100000000000        56.8100000000000     
1:    56.8100000000000        56.8100000000000        56.8100000000000     
2:    23.6700000000000        23.6700000000000        23.6700000000000     
2:    23.6700000000000        23.6700000000000        23.6700000000000     
2:    23.6700000000000        23.6700000000000        23.6700000000000     
2:    23.6700000000000        23.6700000000000        23.6700000000000     
2:    23.6700000000000        23.6700000000000        23.6700000000000     
1:    56.8100000000000        56.8100000000000        56.8100000000000     
1:    56.8100000000000     
2:    23.6700000000000        23.6700000000000        23.6700000000000     
2:    23.6700000000000        23.6700000000000        23.6700000000000     
2:    23.6700000000000        23.6700000000000        23.6700000000000     
2:    23.6700000000000        23.6700000000000        23.6700000000000     
2:    23.6700000000000        23.6700000000000        23.6700000000000     
1:    56.8100000000000        56.8100000000000        56.8100000000000     
1:    56.8100000000000        56.8100000000000        56.8100000000000     
1:    56.8100000000000        56.8100000000000        56.8100000000000     
1:    56.8100000000000        56.8100000000000        56.8100000000000     
2:    23.6700000000000        23.6700000000000        23.6700000000000     
2:    23.6700000000000        23.6700000000000        23.6700000000000     
2:    23.6700000000000     
1:    56.8100000000000        56.8100000000000        56.8100000000000     
1:    56.8100000000000        56.8100000000000        56.8100000000000     
1:    56.8100000000000        56.8100000000000        56.8100000000000     
1:    56.8100000000000        56.8100000000000        56.8100000000000     
1:    56.8100000000000        56.8100000000000        56.8100000000000     
1:    56.8100000000000        56.8100000000000        56.8100000000000     
1:    56.8100000000000        56.8100000000000        56.8100000000000     
1:    56.8100000000000        56.8100000000000        56.8100000000000     
1:    56.8100000000000        56.8100000000000        56.8100000000000     
1:    56.8100000000000        56.8100000000000        56.8100000000000     
1:    56.8100000000000        56.8100000000000        56.8100000000000     
1:    56.8100000000000        56.8100000000000        56.8100000000000     
1:    56.8100000000000        56.8100000000000        56.8100000000000     
1:    56.8100000000000        56.8100000000000        56.8100000000000     
1:    56.8100000000000        56.8100000000000        56.8100000000000     
1:    56.8100000000000        56.8100000000000        56.8100000000000     
1:    56.8100000000000        56.8100000000000        56.8100000000000     
1:    56.8100000000000        56.8100000000000        56.8100000000000     
1:    56.8100000000000        56.8100000000000        56.8100000000000     
1:    56.8100000000000        56.8100000000000        56.8100000000000     
1:    56.8100000000000        56.8100000000000        56.8100000000000     
1:    56.8100000000000        56.8100000000000        56.8100000000000     
1:    56.8100000000000        56.8100000000000        56.8100000000000     
1:    56.8100000000000        56.8100000000000        56.8100000000000     
1:    56.8100000000000        56.8100000000000        56.8100000000000     
1:    56.8100000000000        56.8100000000000        56.8100000000000     
1:    56.8100000000000        56.8100000000000        56.8100000000000     
1:    56.8100000000000        56.8100000000000        56.8100000000000     
1:    56.8100000000000        56.8100000000000        56.8100000000000     
1:    56.8100000000000     
3:    56.8100000000000        56.8100000000000        56.8100000000000     
3:    56.8100000000000        56.8100000000000        56.8100000000000     
2:    56.8100000000000        56.8100000000000        56.8100000000000     
2:    56.8100000000000        56.8100000000000        56.8100000000000     
3:    56.8100000000000        56.8100000000000        56.8100000000000     
1:   PASS  Example ESMF_ArrayFarrayEx, ESMF_ArrayFarrayEx.F90, line 288
2:    56.8100000000000        56.8100000000000        56.8100000000000     
2:    56.8100000000000        56.8100000000000        56.8100000000000     
2:    56.8100000000000        56.8100000000000        56.8100000000000     
2:    56.8100000000000        56.8100000000000        56.8100000000000     
2:    56.8100000000000        56.8100000000000        56.8100000000000     
2:    56.8100000000000        56.8100000000000        56.8100000000000     
2:    56.8100000000000        56.8100000000000        56.8100000000000     
2:    56.8100000000000        56.8100000000000        56.8100000000000     
2:    56.8100000000000        56.8100000000000        56.8100000000000     
2:    56.8100000000000        56.8100000000000        56.8100000000000     
2:    56.8100000000000        56.8100000000000        56.8100000000000     
2:    56.8100000000000        56.8100000000000        56.8100000000000     
2:    56.8100000000000        56.8100000000000        56.8100000000000     
2:    56.8100000000000        56.8100000000000        56.8100000000000     
2:    56.8100000000000        56.8100000000000        56.8100000000000     
2:    56.8100000000000        56.8100000000000        56.8100000000000     
2:    56.8100000000000        56.8100000000000        56.8100000000000     
2:    56.8100000000000        56.8100000000000        56.8100000000000     
2:    56.8100000000000        56.8100000000000        56.8100000000000     
2:    56.8100000000000        56.8100000000000        56.8100000000000     
2:    56.8100000000000        56.8100000000000        56.8100000000000     
2:    56.8100000000000        56.8100000000000        56.8100000000000     
2:    56.8100000000000        56.8100000000000        56.8100000000000     
2:    56.8100000000000        56.8100000000000        56.8100000000000     
2:    56.8100000000000        56.8100000000000        56.8100000000000     
2:    56.8100000000000        56.8100000000000        56.8100000000000     
2:    56.8100000000000        56.8100000000000        56.8100000000000     
2:    56.8100000000000        56.8100000000000        56.8100000000000     
2:    56.8100000000000        56.8100000000000        56.8100000000000     
2:    56.8100000000000        56.8100000000000        56.8100000000000     
2:    56.8100000000000        56.8100000000000        56.8100000000000     
2:    56.8100000000000     
2:    56.8100000000000        56.8100000000000        56.8100000000000     
3:    56.8100000000000        56.8100000000000        56.8100000000000     
3:    56.8100000000000        56.8100000000000        56.8100000000000     
3:    56.8100000000000        56.8100000000000        56.8100000000000     
3:    56.8100000000000        56.8100000000000        56.8100000000000     
3:    56.8100000000000        56.8100000000000        56.8100000000000     
3:    56.8100000000000        56.8100000000000        56.8100000000000     
3:    56.8100000000000        56.8100000000000        56.8100000000000     
3:    56.8100000000000        56.8100000000000        56.8100000000000     
3:    56.8100000000000        56.8100000000000        56.8100000000000     
3:    56.8100000000000        56.8100000000000        56.8100000000000     
3:    56.8100000000000        56.8100000000000        56.8100000000000     
3:    56.8100000000000        56.8100000000000        56.8100000000000     
3:    56.8100000000000        56.8100000000000        56.8100000000000     
3:    56.8100000000000        56.8100000000000        56.8100000000000     
3:    56.8100000000000        56.8100000000000        56.8100000000000     
3:    56.8100000000000        56.8100000000000        56.8100000000000     
3:    56.8100000000000        56.8100000000000        56.8100000000000     
3:    56.8100000000000        56.8100000000000        56.8100000000000     
3:    56.8100000000000        56.8100000000000        56.8100000000000     
3:    56.8100000000000        56.8100000000000        56.8100000000000     
3:    56.8100000000000        56.8100000000000        56.8100000000000     
3:    56.8100000000000        56.8100000000000        56.8100000000000     
3:    56.8100000000000        56.8100000000000        56.8100000000000     
3:    56.8100000000000        56.8100000000000        56.8100000000000     
3:    56.8100000000000        56.8100000000000        56.8100000000000     
3:    56.8100000000000        56.8100000000000        56.8100000000000     
3:    56.8100000000000        56.8100000000000        56.8100000000000     
3:    56.8100000000000        56.8100000000000        56.8100000000000     
3:    56.8100000000000     
2:    56.8100000000000        56.8100000000000        56.8100000000000     
2:    56.8100000000000        56.8100000000000        56.8100000000000     
2:    56.8100000000000        56.8100000000000        56.8100000000000     
2:    56.8100000000000        56.8100000000000        56.8100000000000     
3:    56.8100000000000        56.8100000000000        56.8100000000000     
2:    56.8100000000000        56.8100000000000        56.8100000000000     
2:    56.8100000000000        56.8100000000000        56.8100000000000     
2:    56.8100000000000        56.8100000000000        56.8100000000000     
2:    56.8100000000000        56.8100000000000        56.8100000000000     
2:    56.8100000000000        56.8100000000000        56.8100000000000     
2:    56.8100000000000        56.8100000000000        56.8100000000000     
2:    56.8100000000000        56.8100000000000        56.8100000000000     
2:    56.8100000000000        56.8100000000000        56.8100000000000     
2:    56.8100000000000        56.8100000000000        56.8100000000000     
2:    56.8100000000000        56.8100000000000        56.8100000000000     
2:    56.8100000000000        56.8100000000000        56.8100000000000     
2:    56.8100000000000        56.8100000000000        56.8100000000000     
2:    56.8100000000000        56.8100000000000        56.8100000000000     
2:    56.8100000000000        56.8100000000000        56.8100000000000     
2:    56.8100000000000        56.8100000000000        56.8100000000000     
2:    56.8100000000000        56.8100000000000        56.8100000000000     
2:    56.8100000000000        56.8100000000000        56.8100000000000     
2:    56.8100000000000        56.8100000000000        56.8100000000000     
2:    56.8100000000000        56.8100000000000        56.8100000000000     
2:    56.8100000000000        56.8100000000000        56.8100000000000     
2:    56.8100000000000        56.8100000000000        56.8100000000000     
2:    56.8100000000000        56.8100000000000        56.8100000000000     
2:    56.8100000000000        56.8100000000000        56.8100000000000     
2:    56.8100000000000        56.8100000000000        56.8100000000000     
2:    56.8100000000000        56.8100000000000        56.8100000000000     
2:    56.8100000000000        56.8100000000000        56.8100000000000     
2:    56.8100000000000        56.8100000000000        56.8100000000000     
2:    56.8100000000000        56.8100000000000        56.8100000000000     
2:    56.8100000000000     
3:    56.8100000000000        56.8100000000000        56.8100000000000     
3:    56.8100000000000        56.8100000000000        56.8100000000000     
3:    56.8100000000000        56.8100000000000        56.8100000000000     
3:    56.8100000000000        56.8100000000000        56.8100000000000     
2:   PASS  Example ESMF_ArrayFarrayEx, ESMF_ArrayFarrayEx.F90, line 288
3:    56.8100000000000        56.8100000000000        56.8100000000000     
3:    56.8100000000000        56.8100000000000        56.8100000000000     
3:    56.8100000000000        56.8100000000000        56.8100000000000     
3:    56.8100000000000        56.8100000000000        56.8100000000000     
3:    56.8100000000000        56.8100000000000        56.8100000000000     
3:    56.8100000000000        56.8100000000000        56.8100000000000     
3:    56.8100000000000        56.8100000000000        56.8100000000000     
3:    56.8100000000000        56.8100000000000        56.8100000000000     
3:    56.8100000000000        56.8100000000000        56.8100000000000     
3:    56.8100000000000        56.8100000000000        56.8100000000000     
3:    56.8100000000000        56.8100000000000        56.8100000000000     
3:    56.8100000000000        56.8100000000000        56.8100000000000     
3:    56.8100000000000        56.8100000000000        56.8100000000000     
3:    56.8100000000000        56.8100000000000        56.8100000000000     
3:    56.8100000000000        56.8100000000000        56.8100000000000     
3:    56.8100000000000        56.8100000000000        56.8100000000000     
3:    56.8100000000000        56.8100000000000        56.8100000000000     
3:    56.8100000000000        56.8100000000000        56.8100000000000     
3:    56.8100000000000        56.8100000000000        56.8100000000000     
3:    56.8100000000000        56.8100000000000        56.8100000000000     
3:    56.8100000000000        56.8100000000000        56.8100000000000     
3:    56.8100000000000        56.8100000000000        56.8100000000000     
3:    56.8100000000000        56.8100000000000        56.8100000000000     
3:    56.8100000000000        56.8100000000000        56.8100000000000     
3:    56.8100000000000        56.8100000000000        56.8100000000000     
3:    56.8100000000000        56.8100000000000        56.8100000000000     
3:    56.8100000000000        56.8100000000000        56.8100000000000     
3:    56.8100000000000        56.8100000000000        56.8100000000000     
3:    56.8100000000000     
3:   PASS  Example ESMF_ArrayFarrayEx, ESMF_ArrayFarrayEx.F90, line 288
0:  PASS: ESMF_ArrayFarrayEx.F90
2:  PASS: ESMF_ArrayFarrayEx.F90
3:  PASS: ESMF_ArrayFarrayEx.F90
1:  PASS: ESMF_ArrayFarrayEx.F90
