build time -- 2022-03-26 02:15:12.970975
1:  contents before scatter/gather:
2:  contents before scatter/gather:
2:            2  array1:          201
2:            2  array1:          202
2:            2  array1:          203
2:            2  array1:          204
2:            2  array1:          205
2:            2  array1:          206
2:            2  array1:          207
2:            2  array1:          208
0:  contents before scatter/gather:
0:            0  array1:            1
0:            0  array1:            2
0:            0  array1:            3
0:            0  array1:            4
0:            0  array1:            5
0:            0  array1:            6
0:            0  array1:            7
0:            0  array1:            8
3:  contents before scatter/gather:
3:            3  array1:          301
3:            3  array1:          302
3:            3  array1:          303
3:            3  array1:          304
3:            3  array1:          305
3:            3  array1:          306
3:            3  array1:          307
3:            3  array1:          308
1:            1  array1:          101
1:            1  array1:          102
1:            1  array1:          103
2:  scatter result:
2:            2  array2:            5
0:  scatter result:
0:            0  array2:            1
0:            0  array2:            2
0:  gather result:
0:            0  array1:            1
0:            0  array1:            2
0:            0  array1:            3
0:            0  array1:            4
0:            0  array1:            5
0:            0  array1:            6
0:            0  array1:            7
0:            0  array1:            8
2:            2  array2:            6
2:  gather result:
2:            2  array1:          201
2:            2  array1:          202
2:            2  array1:          203
2:            2  array1:          204
2:            2  array1:          205
2:            2  array1:          206
2:            2  array1:          207
2:            2  array1:          208
1:            1  array1:          104
1:            1  array1:          105
0:   PASS  Example ESMF_VMScatterVMGatherEx, ESMF_VMScatterVMGatherEx.F90, line 120
2:   PASS  Example ESMF_VMScatterVMGatherEx, ESMF_VMScatterVMGatherEx.F90, line 120
1:            1  array1:          106
1:            1  array1:          107
1:            1  array1:          108
1:  scatter result:
3:  scatter result:
3:            3  array2:            7
3:            3  array2:            8
3:  gather result:
3:            3  array1:            1
3:            3  array1:            2
3:            3  array1:            3
3:            3  array1:            4
3:            3  array1:            5
3:            3  array1:            6
3:            3  array1:            7
3:            3  array1:            8
1:            1  array2:            3
3:   PASS  Example ESMF_VMScatterVMGatherEx, ESMF_VMScatterVMGatherEx.F90, line 120
1:            1  array2:            4
1:  gather result:
1:            1  array1:          101
1:            1  array1:          102
1:            1  array1:          103
1:            1  array1:          104
1:            1  array1:          105
1:            1  array1:          106
1:            1  array1:          107
1:            1  array1:          108
1:   PASS  Example ESMF_VMScatterVMGatherEx, ESMF_VMScatterVMGatherEx.F90, line 120
0:  PASS: ESMF_VMScatterVMGatherEx.F90
2:  PASS: ESMF_VMScatterVMGatherEx.F90
3:  PASS: ESMF_VMScatterVMGatherEx.F90
1:  PASS: ESMF_VMScatterVMGatherEx.F90
