build time -- 2022-03-27 01:28:35.632192
0:  --------------------------------------- 
0:  Start of ESMF_Trace Example
0:  --------------------------------------- 
0:  Inside Init
0:  Inside Run
1:  Inside Init
2:  Inside Init
3:  Inside Init
1:  Inside Run
2:  Inside Run
2:  Inside Run
3:  Inside Run
0:  Inside Run
1:  Inside Run
1:  Inside Run
2:  Inside Run
0:  Inside Run
0:  Inside Run
1:  Inside Run
2:  Inside Run
1:  Inside Run
2:  Inside Run
0:  Inside Run
0:  Inside Finalize
1:  Inside Finalize
2:  Inside Finalize
3:  Inside Run
3:  Inside Run
3:  Inside Run
3:  Inside Run
0:   PASS  Example ESMF_TraceEx, ESMF_TraceEx.F90, line 178
1:   PASS  Example ESMF_TraceEx, ESMF_TraceEx.F90, line 178
2:   PASS  Example ESMF_TraceEx, ESMF_TraceEx.F90, line 178
3:  Inside Finalize
3:   PASS  Example ESMF_TraceEx, ESMF_TraceEx.F90, line 178
3:  PASS: ESMF_TraceEx.F90
0:  --------------------------------------- 
0:  End of ESMF_Trace Example
0:  --------------------------------------- 
0:  PASS: ESMF_TraceEx.F90
1:  PASS: ESMF_TraceEx.F90
2:  PASS: ESMF_TraceEx.F90
