build time -- 2022-03-15 02:34:45
20220315 025349.612 INFO             PET0 !!!!!!!!!!!!!!!!!!!!!!!!!!!!!!!!!!!!!!!!!!!!!!!!!!!!!!
20220315 025349.613 INFO             PET0 !!! THE ESMF_LOG IS SET TO OUTPUT ALL LOG MESSAGES !!!
20220315 025349.613 INFO             PET0 !!!     THIS MAY CAUSE SLOWDOWN IN PERFORMANCE     !!!
20220315 025349.613 INFO             PET0 !!! FOR PRODUCTION RUNS, USE:                      !!!
20220315 025349.613 INFO             PET0 !!!                   ESMF_LOGKIND_Multi_On_Error  !!!
20220315 025349.613 INFO             PET0 !!!!!!!!!!!!!!!!!!!!!!!!!!!!!!!!!!!!!!!!!!!!!!!!!!!!!!
20220315 025349.613 INFO             PET0 Running with ESMF Version   : v8.3.0b09-2-g2a2241b
20220315 025349.613 INFO             PET0 ESMF library build date/time: "Mar 15 2022" "02:33:45"
20220315 025349.613 INFO             PET0 ESMF library build location : /work/noaa/da/mpotts/sandbox/gfortran_8.3.0_mpiuni_O_develop
20220315 025349.613 INFO             PET0 ESMF_COMM                   : mpiuni
20220315 025349.637 INFO             PET0 ESMF_MOAB                   : enabled
20220315 025349.637 INFO             PET0 ESMF_LAPACK                 : enabled
20220315 025349.637 INFO             PET0 ESMF_NETCDF                 : enabled
20220315 025349.637 INFO             PET0 ESMF_PNETCDF                : disabled
20220315 025349.637 INFO             PET0 ESMF_PIO                    : disabled
20220315 025349.637 INFO             PET0 ESMF_YAMLCPP                : enabled
20220315 025349.637 INFO             PET0  NUMBER_OF_PROCESSORS           1
20220315 025349.637 INFO             PET0  PASS  Example ESMF_VMUserMpiCommEx, ESMF_VMUserMpiCommEx.F90, line 113
20220315 025349.637 INFO             PET0 Finalizing ESMF
