build time -- 2022-03-29 03:11:11
20220329 033615.980 INFO             PET0 !!!!!!!!!!!!!!!!!!!!!!!!!!!!!!!!!!!!!!!!!!!!!!!!!!!!!!
20220329 033615.981 INFO             PET0 !!! THE ESMF_LOG IS SET TO OUTPUT ALL LOG MESSAGES !!!
20220329 033615.981 INFO             PET0 !!!     THIS MAY CAUSE SLOWDOWN IN PERFORMANCE     !!!
20220329 033615.981 INFO             PET0 !!! FOR PRODUCTION RUNS, USE:                      !!!
20220329 033615.981 INFO             PET0 !!!                   ESMF_LOGKIND_Multi_On_Error  !!!
20220329 033615.981 INFO             PET0 !!!!!!!!!!!!!!!!!!!!!!!!!!!!!!!!!!!!!!!!!!!!!!!!!!!!!!
20220329 033615.981 INFO             PET0 Running with ESMF Version   : v8.3.0b11
20220329 033615.981 INFO             PET0 ESMF library build date/time: "Mar 29 2022" "03:10:13"
20220329 033615.981 INFO             PET0 ESMF library build location : /work/noaa/da/mpotts/sandbox/gfortran_8.3.0_mpiuni_O_develop
20220329 033615.981 INFO             PET0 ESMF_COMM                   : mpiuni
20220329 033616.126 INFO             PET0 ESMF_MOAB                   : enabled
20220329 033616.126 INFO             PET0 ESMF_LAPACK                 : enabled
20220329 033616.126 INFO             PET0 ESMF_NETCDF                 : enabled
20220329 033616.126 INFO             PET0 ESMF_PNETCDF                : disabled
20220329 033616.126 INFO             PET0 ESMF_PIO                    : disabled
20220329 033616.126 INFO             PET0 ESMF_YAMLCPP                : enabled
20220329 033616.126 INFO             PET0  NUMBER_OF_PROCESSORS           1
20220329 033616.126 INFO             PET0  PASS  Example ESMF_VMNonBlockingEx, ESMF_VMNonBlockingEx.F90, line 434
20220329 033616.126 INFO             PET0 Finalizing ESMF
