build time -- 2022-03-20 01:02:29
20220320 014020.070 INFO             PET0 !!!!!!!!!!!!!!!!!!!!!!!!!!!!!!!!!!!!!!!!!!!!!!!!!!!!!!
20220320 014020.070 INFO             PET0 !!! THE ESMF_LOG IS SET TO OUTPUT ALL LOG MESSAGES !!!
20220320 014020.070 INFO             PET0 !!!     THIS MAY CAUSE SLOWDOWN IN PERFORMANCE     !!!
20220320 014020.070 INFO             PET0 !!! FOR PRODUCTION RUNS, USE:                      !!!
20220320 014020.070 INFO             PET0 !!!                   ESMF_LOGKIND_Multi_On_Error  !!!
20220320 014020.070 INFO             PET0 !!!!!!!!!!!!!!!!!!!!!!!!!!!!!!!!!!!!!!!!!!!!!!!!!!!!!!
20220320 014020.070 INFO             PET0 Running with ESMF Version   : v8.3.0b09-4-g424b2f26e0
20220320 014020.070 INFO             PET0 ESMF library build date/time: "Mar 20 2022" "01:00:33"
20220320 014020.070 INFO             PET0 ESMF library build location : /lustre/f2/dev/ncep/Mark.Potts/intel_2019.5_mpi_O_develop
20220320 014020.070 INFO             PET0 ESMF_COMM                   : mpi
20220320 014020.071 INFO             PET0 ESMF_MOAB                   : enabled
20220320 014020.071 INFO             PET0 ESMF_LAPACK                 : enabled
20220320 014020.071 INFO             PET0 ESMF_NETCDF                 : enabled
20220320 014020.071 INFO             PET0 ESMF_PNETCDF                : disabled
20220320 014020.071 INFO             PET0 ESMF_PIO                    : enabled
20220320 014020.071 INFO             PET0 ESMF_YAMLCPP                : enabled
20220320 014020.079 INFO             PET0 ESMF_FieldRedistStoreNF(): Just entered routine.
20220320 014020.080 INFO             PET0 ESMF_FieldRedistStoreNF(): Leaving routine.
20220320 014020.081 INFO             PET0 ESMF_FieldRedistStoreNF(): Just entered routine.
20220320 014020.082 INFO             PET0 ESMF_FieldRedistStoreNF(): Leaving routine.
20220320 014020.082 INFO             PET0 ESMF_FieldRedistStoreNF(): Just entered routine.
20220320 014020.082 INFO             PET0 ESMF_FieldRedistStoreNF(): Leaving routine.
20220320 014020.083 INFO             PET0  NUMBER_OF_PROCESSORS           4
20220320 014020.083 INFO             PET0  PASS  Example ESMF_FieldRedistEx, ESMF_FieldRedistEx.F90, line 521
20220320 014020.083 INFO             PET0 Finalizing ESMF
20220320 014020.077 INFO             PET1 !!!!!!!!!!!!!!!!!!!!!!!!!!!!!!!!!!!!!!!!!!!!!!!!!!!!!!
20220320 014020.077 INFO             PET1 !!! THE ESMF_LOG IS SET TO OUTPUT ALL LOG MESSAGES !!!
20220320 014020.077 INFO             PET1 !!!     THIS MAY CAUSE SLOWDOWN IN PERFORMANCE     !!!
20220320 014020.077 INFO             PET1 !!! FOR PRODUCTION RUNS, USE:                      !!!
20220320 014020.077 INFO             PET1 !!!                   ESMF_LOGKIND_Multi_On_Error  !!!
20220320 014020.077 INFO             PET1 !!!!!!!!!!!!!!!!!!!!!!!!!!!!!!!!!!!!!!!!!!!!!!!!!!!!!!
20220320 014020.077 INFO             PET1 Running with ESMF Version   : v8.3.0b09-4-g424b2f26e0
20220320 014020.077 INFO             PET1 ESMF library build date/time: "Mar 20 2022" "01:00:33"
20220320 014020.077 INFO             PET1 ESMF library build location : /lustre/f2/dev/ncep/Mark.Potts/intel_2019.5_mpi_O_develop
20220320 014020.077 INFO             PET1 ESMF_COMM                   : mpi
20220320 014020.078 INFO             PET1 ESMF_MOAB                   : enabled
20220320 014020.078 INFO             PET1 ESMF_LAPACK                 : enabled
20220320 014020.078 INFO             PET1 ESMF_NETCDF                 : enabled
20220320 014020.078 INFO             PET1 ESMF_PNETCDF                : disabled
20220320 014020.078 INFO             PET1 ESMF_PIO                    : enabled
20220320 014020.078 INFO             PET1 ESMF_YAMLCPP                : enabled
20220320 014020.079 INFO             PET1 ESMF_FieldRedistStoreNF(): Just entered routine.
20220320 014020.080 INFO             PET1 ESMF_FieldRedistStoreNF(): Leaving routine.
20220320 014020.082 INFO             PET1 ESMF_FieldRedistStoreNF(): Just entered routine.
20220320 014020.082 INFO             PET1 ESMF_FieldRedistStoreNF(): Leaving routine.
20220320 014020.082 INFO             PET1 ESMF_FieldRedistStoreNF(): Just entered routine.
20220320 014020.082 INFO             PET1 ESMF_FieldRedistStoreNF(): Leaving routine.
20220320 014020.083 INFO             PET1  NUMBER_OF_PROCESSORS           4
20220320 014020.083 INFO             PET1  PASS  Example ESMF_FieldRedistEx, ESMF_FieldRedistEx.F90, line 521
20220320 014020.083 INFO             PET1 Finalizing ESMF
20220320 014020.070 INFO             PET2 !!!!!!!!!!!!!!!!!!!!!!!!!!!!!!!!!!!!!!!!!!!!!!!!!!!!!!
20220320 014020.070 INFO             PET2 !!! THE ESMF_LOG IS SET TO OUTPUT ALL LOG MESSAGES !!!
20220320 014020.070 INFO             PET2 !!!     THIS MAY CAUSE SLOWDOWN IN PERFORMANCE     !!!
20220320 014020.070 INFO             PET2 !!! FOR PRODUCTION RUNS, USE:                      !!!
20220320 014020.070 INFO             PET2 !!!                   ESMF_LOGKIND_Multi_On_Error  !!!
20220320 014020.070 INFO             PET2 !!!!!!!!!!!!!!!!!!!!!!!!!!!!!!!!!!!!!!!!!!!!!!!!!!!!!!
20220320 014020.070 INFO             PET2 Running with ESMF Version   : v8.3.0b09-4-g424b2f26e0
20220320 014020.070 INFO             PET2 ESMF library build date/time: "Mar 20 2022" "01:00:33"
20220320 014020.070 INFO             PET2 ESMF library build location : /lustre/f2/dev/ncep/Mark.Potts/intel_2019.5_mpi_O_develop
20220320 014020.070 INFO             PET2 ESMF_COMM                   : mpi
20220320 014020.071 INFO             PET2 ESMF_MOAB                   : enabled
20220320 014020.071 INFO             PET2 ESMF_LAPACK                 : enabled
20220320 014020.071 INFO             PET2 ESMF_NETCDF                 : enabled
20220320 014020.071 INFO             PET2 ESMF_PNETCDF                : disabled
20220320 014020.071 INFO             PET2 ESMF_PIO                    : enabled
20220320 014020.071 INFO             PET2 ESMF_YAMLCPP                : enabled
20220320 014020.079 INFO             PET2 ESMF_FieldRedistStoreNF(): Just entered routine.
20220320 014020.080 INFO             PET2 ESMF_FieldRedistStoreNF(): Leaving routine.
20220320 014020.081 INFO             PET2 ESMF_FieldRedistStoreNF(): Just entered routine.
20220320 014020.082 INFO             PET2 ESMF_FieldRedistStoreNF(): Leaving routine.
20220320 014020.082 INFO             PET2 ESMF_FieldRedistStoreNF(): Just entered routine.
20220320 014020.082 INFO             PET2 ESMF_FieldRedistStoreNF(): Leaving routine.
20220320 014020.083 INFO             PET2  NUMBER_OF_PROCESSORS           4
20220320 014020.083 INFO             PET2  PASS  Example ESMF_FieldRedistEx, ESMF_FieldRedistEx.F90, line 521
20220320 014020.083 INFO             PET2 Finalizing ESMF
20220320 014020.069 INFO             PET3 !!!!!!!!!!!!!!!!!!!!!!!!!!!!!!!!!!!!!!!!!!!!!!!!!!!!!!
20220320 014020.069 INFO             PET3 !!! THE ESMF_LOG IS SET TO OUTPUT ALL LOG MESSAGES !!!
20220320 014020.069 INFO             PET3 !!!     THIS MAY CAUSE SLOWDOWN IN PERFORMANCE     !!!
20220320 014020.069 INFO             PET3 !!! FOR PRODUCTION RUNS, USE:                      !!!
20220320 014020.069 INFO             PET3 !!!                   ESMF_LOGKIND_Multi_On_Error  !!!
20220320 014020.069 INFO             PET3 !!!!!!!!!!!!!!!!!!!!!!!!!!!!!!!!!!!!!!!!!!!!!!!!!!!!!!
20220320 014020.069 INFO             PET3 Running with ESMF Version   : v8.3.0b09-4-g424b2f26e0
20220320 014020.069 INFO             PET3 ESMF library build date/time: "Mar 20 2022" "01:00:33"
20220320 014020.069 INFO             PET3 ESMF library build location : /lustre/f2/dev/ncep/Mark.Potts/intel_2019.5_mpi_O_develop
20220320 014020.069 INFO             PET3 ESMF_COMM                   : mpi
20220320 014020.070 INFO             PET3 ESMF_MOAB                   : enabled
20220320 014020.070 INFO             PET3 ESMF_LAPACK                 : enabled
20220320 014020.070 INFO             PET3 ESMF_NETCDF                 : enabled
20220320 014020.070 INFO             PET3 ESMF_PNETCDF                : disabled
20220320 014020.070 INFO             PET3 ESMF_PIO                    : enabled
20220320 014020.070 INFO             PET3 ESMF_YAMLCPP                : enabled
20220320 014020.079 INFO             PET3 ESMF_FieldRedistStoreNF(): Just entered routine.
20220320 014020.080 INFO             PET3 ESMF_FieldRedistStoreNF(): Leaving routine.
20220320 014020.082 INFO             PET3 ESMF_FieldRedistStoreNF(): Just entered routine.
20220320 014020.082 INFO             PET3 ESMF_FieldRedistStoreNF(): Leaving routine.
20220320 014020.082 INFO             PET3 ESMF_FieldRedistStoreNF(): Just entered routine.
20220320 014020.082 INFO             PET3 ESMF_FieldRedistStoreNF(): Leaving routine.
20220320 014020.083 INFO             PET3  NUMBER_OF_PROCESSORS           4
20220320 014020.083 INFO             PET3  PASS  Example ESMF_FieldRedistEx, ESMF_FieldRedistEx.F90, line 521
20220320 014020.083 INFO             PET3 Finalizing ESMF
