build time -- 2022-03-15 00:41:18
20220315 011739.260 INFO             PET0 !!!!!!!!!!!!!!!!!!!!!!!!!!!!!!!!!!!!!!!!!!!!!!!!!!!!!!
20220315 011739.260 INFO             PET0 !!! THE ESMF_LOG IS SET TO OUTPUT ALL LOG MESSAGES !!!
20220315 011739.260 INFO             PET0 !!!     THIS MAY CAUSE SLOWDOWN IN PERFORMANCE     !!!
20220315 011739.260 INFO             PET0 !!! FOR PRODUCTION RUNS, USE:                      !!!
20220315 011739.260 INFO             PET0 !!!                   ESMF_LOGKIND_Multi_On_Error  !!!
20220315 011739.260 INFO             PET0 !!!!!!!!!!!!!!!!!!!!!!!!!!!!!!!!!!!!!!!!!!!!!!!!!!!!!!
20220315 011739.260 INFO             PET0 Running with ESMF Version   : v8.3.0b09-2-g2a2241bd36
20220315 011739.260 INFO             PET0 ESMF library build date/time: "Mar 15 2022" "00:39:21"
20220315 011739.260 INFO             PET0 ESMF library build location : /lustre/f2/dev/ncep/Mark.Potts/intel_2019.5_mpi_O_develop
20220315 011739.260 INFO             PET0 ESMF_COMM                   : mpi
20220315 011739.261 INFO             PET0 ESMF_MOAB                   : enabled
20220315 011739.261 INFO             PET0 ESMF_LAPACK                 : enabled
20220315 011739.261 INFO             PET0 ESMF_NETCDF                 : enabled
20220315 011739.261 INFO             PET0 ESMF_PNETCDF                : disabled
20220315 011739.261 INFO             PET0 ESMF_PIO                    : enabled
20220315 011739.261 INFO             PET0 ESMF_YAMLCPP                : enabled
20220315 011739.261 INFO             PET0  NUMBER_OF_PROCESSORS           4
20220315 011739.261 INFO             PET0  PASS  Example ESMF_VMUserMpiCommMultiEx, ESMF_VMUserMpiCommMultiEx.F90, line 126
20220315 011739.261 INFO             PET0 Finalizing ESMF
20220315 011739.260 INFO             PET0 !!!!!!!!!!!!!!!!!!!!!!!!!!!!!!!!!!!!!!!!!!!!!!!!!!!!!!
20220315 011739.260 INFO             PET0 !!! THE ESMF_LOG IS SET TO OUTPUT ALL LOG MESSAGES !!!
20220315 011739.260 INFO             PET0 !!!     THIS MAY CAUSE SLOWDOWN IN PERFORMANCE     !!!
20220315 011739.260 INFO             PET0 !!! FOR PRODUCTION RUNS, USE:                      !!!
20220315 011739.260 INFO             PET0 !!!                   ESMF_LOGKIND_Multi_On_Error  !!!
20220315 011739.260 INFO             PET0 !!!!!!!!!!!!!!!!!!!!!!!!!!!!!!!!!!!!!!!!!!!!!!!!!!!!!!
20220315 011739.260 INFO             PET0 Running with ESMF Version   : v8.3.0b09-2-g2a2241bd36
20220315 011739.260 INFO             PET0 ESMF library build date/time: "Mar 15 2022" "00:39:21"
20220315 011739.260 INFO             PET0 ESMF library build location : /lustre/f2/dev/ncep/Mark.Potts/intel_2019.5_mpi_O_develop
20220315 011739.260 INFO             PET0 ESMF_COMM                   : mpi
20220315 011739.261 INFO             PET0 ESMF_MOAB                   : enabled
20220315 011739.261 INFO             PET0 ESMF_LAPACK                 : enabled
20220315 011739.261 INFO             PET0 ESMF_NETCDF                 : enabled
20220315 011739.261 INFO             PET0 ESMF_PNETCDF                : disabled
20220315 011739.261 INFO             PET0 ESMF_PIO                    : enabled
20220315 011739.261 INFO             PET0 ESMF_YAMLCPP                : enabled
20220315 011739.261 INFO             PET0  NUMBER_OF_PROCESSORS           4
20220315 011739.261 INFO             PET0  PASS  Example ESMF_VMUserMpiCommMultiEx, ESMF_VMUserMpiCommMultiEx.F90, line 154
20220315 011739.261 INFO             PET0 Finalizing ESMF
20220315 011739.257 INFO             PET1 !!!!!!!!!!!!!!!!!!!!!!!!!!!!!!!!!!!!!!!!!!!!!!!!!!!!!!
20220315 011739.257 INFO             PET1 !!! THE ESMF_LOG IS SET TO OUTPUT ALL LOG MESSAGES !!!
20220315 011739.257 INFO             PET1 !!!     THIS MAY CAUSE SLOWDOWN IN PERFORMANCE     !!!
20220315 011739.257 INFO             PET1 !!! FOR PRODUCTION RUNS, USE:                      !!!
20220315 011739.257 INFO             PET1 !!!                   ESMF_LOGKIND_Multi_On_Error  !!!
20220315 011739.257 INFO             PET1 !!!!!!!!!!!!!!!!!!!!!!!!!!!!!!!!!!!!!!!!!!!!!!!!!!!!!!
20220315 011739.257 INFO             PET1 Running with ESMF Version   : v8.3.0b09-2-g2a2241bd36
20220315 011739.257 INFO             PET1 ESMF library build date/time: "Mar 15 2022" "00:39:21"
20220315 011739.257 INFO             PET1 ESMF library build location : /lustre/f2/dev/ncep/Mark.Potts/intel_2019.5_mpi_O_develop
20220315 011739.257 INFO             PET1 ESMF_COMM                   : mpi
20220315 011739.258 INFO             PET1 ESMF_MOAB                   : enabled
20220315 011739.258 INFO             PET1 ESMF_LAPACK                 : enabled
20220315 011739.258 INFO             PET1 ESMF_NETCDF                 : enabled
20220315 011739.258 INFO             PET1 ESMF_PNETCDF                : disabled
20220315 011739.258 INFO             PET1 ESMF_PIO                    : enabled
20220315 011739.258 INFO             PET1 ESMF_YAMLCPP                : enabled
20220315 011739.261 INFO             PET1  NUMBER_OF_PROCESSORS           4
20220315 011739.261 INFO             PET1  PASS  Example ESMF_VMUserMpiCommMultiEx, ESMF_VMUserMpiCommMultiEx.F90, line 126
20220315 011739.261 INFO             PET1 Finalizing ESMF
20220315 011739.251 INFO             PET1 !!!!!!!!!!!!!!!!!!!!!!!!!!!!!!!!!!!!!!!!!!!!!!!!!!!!!!
20220315 011739.251 INFO             PET1 !!! THE ESMF_LOG IS SET TO OUTPUT ALL LOG MESSAGES !!!
20220315 011739.251 INFO             PET1 !!!     THIS MAY CAUSE SLOWDOWN IN PERFORMANCE     !!!
20220315 011739.251 INFO             PET1 !!! FOR PRODUCTION RUNS, USE:                      !!!
20220315 011739.251 INFO             PET1 !!!                   ESMF_LOGKIND_Multi_On_Error  !!!
20220315 011739.251 INFO             PET1 !!!!!!!!!!!!!!!!!!!!!!!!!!!!!!!!!!!!!!!!!!!!!!!!!!!!!!
20220315 011739.251 INFO             PET1 Running with ESMF Version   : v8.3.0b09-2-g2a2241bd36
20220315 011739.251 INFO             PET1 ESMF library build date/time: "Mar 15 2022" "00:39:21"
20220315 011739.251 INFO             PET1 ESMF library build location : /lustre/f2/dev/ncep/Mark.Potts/intel_2019.5_mpi_O_develop
20220315 011739.251 INFO             PET1 ESMF_COMM                   : mpi
20220315 011739.252 INFO             PET1 ESMF_MOAB                   : enabled
20220315 011739.252 INFO             PET1 ESMF_LAPACK                 : enabled
20220315 011739.252 INFO             PET1 ESMF_NETCDF                 : enabled
20220315 011739.252 INFO             PET1 ESMF_PNETCDF                : disabled
20220315 011739.252 INFO             PET1 ESMF_PIO                    : enabled
20220315 011739.252 INFO             PET1 ESMF_YAMLCPP                : enabled
20220315 011739.261 INFO             PET1  NUMBER_OF_PROCESSORS           4
20220315 011739.261 INFO             PET1  PASS  Example ESMF_VMUserMpiCommMultiEx, ESMF_VMUserMpiCommMultiEx.F90, line 154
20220315 011739.261 INFO             PET1 Finalizing ESMF
