build time -- 2022-03-23 00:41:34
20220323 012210.870 INFO             PET0 !!!!!!!!!!!!!!!!!!!!!!!!!!!!!!!!!!!!!!!!!!!!!!!!!!!!!!
20220323 012210.870 INFO             PET0 !!! THE ESMF_LOG IS SET TO OUTPUT ALL LOG MESSAGES !!!
20220323 012210.870 INFO             PET0 !!!     THIS MAY CAUSE SLOWDOWN IN PERFORMANCE     !!!
20220323 012210.870 INFO             PET0 !!! FOR PRODUCTION RUNS, USE:                      !!!
20220323 012210.870 INFO             PET0 !!!                   ESMF_LOGKIND_Multi_On_Error  !!!
20220323 012210.870 INFO             PET0 !!!!!!!!!!!!!!!!!!!!!!!!!!!!!!!!!!!!!!!!!!!!!!!!!!!!!!
20220323 012210.870 INFO             PET0 Running with ESMF Version   : v8.3.0b09-6-gdac1bc5728
20220323 012210.870 INFO             PET0 ESMF library build date/time: "Mar 23 2022" "00:39:35"
20220323 012210.870 INFO             PET0 ESMF library build location : /lustre/f2/dev/ncep/Mark.Potts/intel_2019.5_mpi_O_develop
20220323 012210.870 INFO             PET0 ESMF_COMM                   : mpi
20220323 012210.871 INFO             PET0 ESMF_MOAB                   : enabled
20220323 012210.871 INFO             PET0 ESMF_LAPACK                 : enabled
20220323 012210.871 INFO             PET0 ESMF_NETCDF                 : enabled
20220323 012210.871 INFO             PET0 ESMF_PNETCDF                : disabled
20220323 012210.871 INFO             PET0 ESMF_PIO                    : enabled
20220323 012210.871 INFO             PET0 ESMF_YAMLCPP                : enabled
20220323 012210.919 DEBUG            PET0 about to destroy Grid: 0x8fe6a0
20220323 012210.922 DEBUG            PET0 about to destroy Grid: 0x901ac0
20220323 012210.932 INFO             PET0  NUMBER_OF_PROCESSORS           4
20220323 012210.932 INFO             PET0  PASS  Example ESMF_NUOPCAtmModelEx, ESMF_NUOPCAtmModelEx.F90, line 806
20220323 012210.932 INFO             PET0 Finalizing ESMF
20220323 012210.883 INFO             PET1 !!!!!!!!!!!!!!!!!!!!!!!!!!!!!!!!!!!!!!!!!!!!!!!!!!!!!!
20220323 012210.883 INFO             PET1 !!! THE ESMF_LOG IS SET TO OUTPUT ALL LOG MESSAGES !!!
20220323 012210.883 INFO             PET1 !!!     THIS MAY CAUSE SLOWDOWN IN PERFORMANCE     !!!
20220323 012210.883 INFO             PET1 !!! FOR PRODUCTION RUNS, USE:                      !!!
20220323 012210.883 INFO             PET1 !!!                   ESMF_LOGKIND_Multi_On_Error  !!!
20220323 012210.883 INFO             PET1 !!!!!!!!!!!!!!!!!!!!!!!!!!!!!!!!!!!!!!!!!!!!!!!!!!!!!!
20220323 012210.883 INFO             PET1 Running with ESMF Version   : v8.3.0b09-6-gdac1bc5728
20220323 012210.883 INFO             PET1 ESMF library build date/time: "Mar 23 2022" "00:39:35"
20220323 012210.883 INFO             PET1 ESMF library build location : /lustre/f2/dev/ncep/Mark.Potts/intel_2019.5_mpi_O_develop
20220323 012210.883 INFO             PET1 ESMF_COMM                   : mpi
20220323 012210.884 INFO             PET1 ESMF_MOAB                   : enabled
20220323 012210.884 INFO             PET1 ESMF_LAPACK                 : enabled
20220323 012210.884 INFO             PET1 ESMF_NETCDF                 : enabled
20220323 012210.884 INFO             PET1 ESMF_PNETCDF                : disabled
20220323 012210.884 INFO             PET1 ESMF_PIO                    : enabled
20220323 012210.884 INFO             PET1 ESMF_YAMLCPP                : enabled
20220323 012210.919 DEBUG            PET1 about to destroy Grid: 0x8fdf50
20220323 012210.922 DEBUG            PET1 about to destroy Grid: 0x8ff530
20220323 012210.932 INFO             PET1  NUMBER_OF_PROCESSORS           4
20220323 012210.932 INFO             PET1  PASS  Example ESMF_NUOPCAtmModelEx, ESMF_NUOPCAtmModelEx.F90, line 806
20220323 012210.932 INFO             PET1 Finalizing ESMF
20220323 012210.876 INFO             PET2 !!!!!!!!!!!!!!!!!!!!!!!!!!!!!!!!!!!!!!!!!!!!!!!!!!!!!!
20220323 012210.876 INFO             PET2 !!! THE ESMF_LOG IS SET TO OUTPUT ALL LOG MESSAGES !!!
20220323 012210.876 INFO             PET2 !!!     THIS MAY CAUSE SLOWDOWN IN PERFORMANCE     !!!
20220323 012210.876 INFO             PET2 !!! FOR PRODUCTION RUNS, USE:                      !!!
20220323 012210.876 INFO             PET2 !!!                   ESMF_LOGKIND_Multi_On_Error  !!!
20220323 012210.876 INFO             PET2 !!!!!!!!!!!!!!!!!!!!!!!!!!!!!!!!!!!!!!!!!!!!!!!!!!!!!!
20220323 012210.876 INFO             PET2 Running with ESMF Version   : v8.3.0b09-6-gdac1bc5728
20220323 012210.876 INFO             PET2 ESMF library build date/time: "Mar 23 2022" "00:39:35"
20220323 012210.876 INFO             PET2 ESMF library build location : /lustre/f2/dev/ncep/Mark.Potts/intel_2019.5_mpi_O_develop
20220323 012210.876 INFO             PET2 ESMF_COMM                   : mpi
20220323 012210.877 INFO             PET2 ESMF_MOAB                   : enabled
20220323 012210.877 INFO             PET2 ESMF_LAPACK                 : enabled
20220323 012210.877 INFO             PET2 ESMF_NETCDF                 : enabled
20220323 012210.877 INFO             PET2 ESMF_PNETCDF                : disabled
20220323 012210.877 INFO             PET2 ESMF_PIO                    : enabled
20220323 012210.877 INFO             PET2 ESMF_YAMLCPP                : enabled
20220323 012210.919 DEBUG            PET2 about to destroy Grid: 0x8fdd70
20220323 012210.922 DEBUG            PET2 about to destroy Grid: 0x8ff350
20220323 012210.932 INFO             PET2  NUMBER_OF_PROCESSORS           4
20220323 012210.932 INFO             PET2  PASS  Example ESMF_NUOPCAtmModelEx, ESMF_NUOPCAtmModelEx.F90, line 806
20220323 012210.932 INFO             PET2 Finalizing ESMF
20220323 012210.875 INFO             PET3 !!!!!!!!!!!!!!!!!!!!!!!!!!!!!!!!!!!!!!!!!!!!!!!!!!!!!!
20220323 012210.875 INFO             PET3 !!! THE ESMF_LOG IS SET TO OUTPUT ALL LOG MESSAGES !!!
20220323 012210.875 INFO             PET3 !!!     THIS MAY CAUSE SLOWDOWN IN PERFORMANCE     !!!
20220323 012210.875 INFO             PET3 !!! FOR PRODUCTION RUNS, USE:                      !!!
20220323 012210.875 INFO             PET3 !!!                   ESMF_LOGKIND_Multi_On_Error  !!!
20220323 012210.875 INFO             PET3 !!!!!!!!!!!!!!!!!!!!!!!!!!!!!!!!!!!!!!!!!!!!!!!!!!!!!!
20220323 012210.875 INFO             PET3 Running with ESMF Version   : v8.3.0b09-6-gdac1bc5728
20220323 012210.875 INFO             PET3 ESMF library build date/time: "Mar 23 2022" "00:39:35"
20220323 012210.875 INFO             PET3 ESMF library build location : /lustre/f2/dev/ncep/Mark.Potts/intel_2019.5_mpi_O_develop
20220323 012210.875 INFO             PET3 ESMF_COMM                   : mpi
20220323 012210.876 INFO             PET3 ESMF_MOAB                   : enabled
20220323 012210.876 INFO             PET3 ESMF_LAPACK                 : enabled
20220323 012210.876 INFO             PET3 ESMF_NETCDF                 : enabled
20220323 012210.876 INFO             PET3 ESMF_PNETCDF                : disabled
20220323 012210.876 INFO             PET3 ESMF_PIO                    : enabled
20220323 012210.876 INFO             PET3 ESMF_YAMLCPP                : enabled
20220323 012210.919 DEBUG            PET3 about to destroy Grid: 0x8fdf50
20220323 012210.922 DEBUG            PET3 about to destroy Grid: 0x8ff530
20220323 012210.932 INFO             PET3  NUMBER_OF_PROCESSORS           4
20220323 012210.932 INFO             PET3  PASS  Example ESMF_NUOPCAtmModelEx, ESMF_NUOPCAtmModelEx.F90, line 806
20220323 012210.932 INFO             PET3 Finalizing ESMF
