build time -- 2022-03-18 00:50:49
srun: Job 268987354 step creation temporarily disabled, retrying (Requested nodes are busy)
srun: Step created for job 268987354
 --------------------------------------- 
 Start of ESMF_Trace Example
 --------------------------------------- 
 Inside Init
 Inside Run
 Inside Run
 Inside Run
 Inside Run
 Inside Run
 Inside Finalize
 Inside Init
 Inside Init
 Inside Init
 Inside Run
 Inside Run
 Inside Run
 Inside Run
 Inside Run
 Inside Run
 Inside Run
 Inside Run
 Inside Run
  PASS  Example ESMF_TraceEx, ESMF_TraceEx.F90, line 178
 Inside Run
 Inside Run
 Inside Run
 Inside Run
 Inside Run
 Inside Finalize
 Inside Run
 Inside Finalize
 Inside Finalize
  PASS  Example ESMF_TraceEx, ESMF_TraceEx.F90, line 178
  PASS  Example ESMF_TraceEx, ESMF_TraceEx.F90, line 178
  PASS  Example ESMF_TraceEx, ESMF_TraceEx.F90, line 178
 PASS: ESMF_TraceEx.F90
 PASS: ESMF_TraceEx.F90
 PASS: ESMF_TraceEx.F90
 --------------------------------------- 
 End of ESMF_Trace Example
 --------------------------------------- 
 PASS: ESMF_TraceEx.F90
