build time -- 2022-03-09 06:27:46.190517
running test_examples
Traceback (most recent call last):
  File "setup.py", line 273, in <module>
    'test_regrid_from_file_parallel': TestRegridFromFileParallelCommand})
  File "/usr/lib64/python3.4/distutils/core.py", line 148, in setup
    dist.run_commands()
  File "/usr/lib64/python3.4/distutils/dist.py", line 955, in run_commands
    self.run_command(cmd)
  File "/usr/lib64/python3.4/distutils/dist.py", line 974, in run_command
    cmd_obj.run()
  File "setup.py", line 13, in wrapper
    from ESMF.util.cache_data import cache_data_files
  File "src/ESMF/__init__.py", line 69, in <module>
    from ESMF.api.esmpymanager import *
  File "src/ESMF/api/esmpymanager.py", line 9, in <module>
    from ESMF.api.constants import *
  File "src/ESMF/api/constants.py", line 3, in <module>
    import numpy as np
ImportError: No module named 'numpy'
