build time -- 2022-03-22 03:23:38
 sumA =   0.7000000    
 sumB =   0.7000000    
 sumC =   0.9000000    
 sumD =   0.9000000    
 sumE =   0.9000000    
 result SRCSEQ#1 =   0.7000000      expect:   0.7000000    
Rank 1 [Tue Mar 22 07:23:44 2022] [c6-0c0s3n2] Fatal error in PMPI_Type_size: Invalid datatype, error stack:
PMPI_Type_size(119): MPI_Type_size(MPI_DATATYPE_NULL) failed
PMPI_Type_size(69).: Datatype for argument datatype is a null datatype
Rank 2 [Tue Mar 22 07:23:44 2022] [c6-0c0s3n2] Fatal error in PMPI_Type_size: Invalid datatype, error stack:
PMPI_Type_size(119): MPI_Type_size(MPI_DATATYPE_NULL) failed
PMPI_Type_size(69).: Datatype for argument datatype is a null datatype
Rank 3 [Tue Mar 22 07:23:44 2022] [c6-0c0s3n2] Fatal error in PMPI_Type_size: Invalid datatype, error stack:
PMPI_Type_size(119): MPI_Type_size(MPI_DATATYPE_NULL) failed
PMPI_Type_size(69).: Datatype for argument datatype is a null datatype
forrtl: error (76): Abort trap signal
Image              PC                Routine            Line        Source             
ESMF_RHandleBitFo  00000000200824DB  Unknown               Unknown  Unknown
libpthread-2.26.s  000015554D534310  Unknown               Unknown  Unknown
libc-2.26.so       000015554D19F360  gsignal               Unknown  Unknown
libc-2.26.so       000015554D1A0941  abort                 Unknown  Unknown
libmpich_intel.so  000015554E6AE868  Unknown               Unknown  Unknown
libmpich_intel.so  000015554E636812  MPIR_Handle_fatal     Unknown  Unknown
libmpich_intel.so  000015554E63694E  MPIR_Err_return_c     Unknown  Unknown
libmpich_intel.so  000015554E5A145D  MPI_Type_size         Unknown  Unknown
libdarshan.so      000015554EEFAA84  PMPI_Alltoallw        Unknown  Unknown
ESMF_RHandleBitFo  000000002003D8B4  Unknown               Unknown  Unknown
ESMF_RHandleBitFo  000000002003E6E4  Unknown               Unknown  Unknown
ESMF_RHandleBitFo  000000002005AC5B  Unknown               Unknown  Unknown
ESMF_RHandleBitFo  000000002005FDB9  Unknown               Unknown  Unknown
ESMF_RHandleBitFo  000000002002E7FC  Unknown               Unknown  Unknown
libesmf.so         00001555511B8FBF  _ZN5ESMCI11PIO_Ha        1539  ESMCI_PIO_Handler.C
libesmf.so         0000155550D025BF  _ZN5ESMCI2IO5clos         939  ESMCI_IO.C
libesmf.so         0000155550CFCC0A  _ZN5ESMCI2IO5writ         490  ESMCI_IO.C
libesmf.so         000015555092CD1C  _ZN5ESMCI5Array5w        4091  ESMCI_Array.C
libesmf.so         000015555120A24F  _ZNK5ESMCI11Route         938  ESMCI_RHandle.C
libesmf.so         000015555120E69E  c_esmc_routehandl         209  ESMCI_RHandle_F.C
libesmf.so         000015555277273A  esmf_rhandlemod_m        1152  ESMF_RHandle.F90
ESMF_RHandleBitFo  00000000200176FD  MAIN__                    467  ESMF_RHandleBitForBitEx.F90
ESMF_RHandleBitFo  0000000020010812  Unknown               Unknown  Unknown
libc-2.26.so       000015554D18A3EA  __libc_start_main     Unknown  Unknown
ESMF_RHandleBitFo  000000002001072A  Unknown               Unknown  Unknown
forrtl: error (76): Abort trap signal
Image              PC                Routine            Line        Source             
ESMF_RHandleBitFo  00000000200824DB  Unknown               Unknown  Unknown
libpthread-2.26.s  000015554D534310  Unknown               Unknown  Unknown
libc-2.26.so       000015554D19F360  gsignal               Unknown  Unknown
libc-2.26.so       000015554D1A0941  abort                 Unknown  Unknown
libmpich_intel.so  000015554E6AE868  Unknown               Unknown  Unknown
libmpich_intel.so  000015554E636812  MPIR_Handle_fatal     Unknown  Unknown
libmpich_intel.so  000015554E63694E  MPIR_Err_return_c     Unknown  Unknown
libmpich_intel.so  000015554E5A145D  MPI_Type_size         Unknown  Unknown
libdarshan.so      000015554EEFAA84  PMPI_Alltoallw        Unknown  Unknown
ESMF_RHandleBitFo  000000002003D8B4  Unknown               Unknown  Unknown
ESMF_RHandleBitFo  000000002003E6E4  Unknown               Unknown  Unknown
ESMF_RHandleBitFo  000000002005AC5B  Unknown               Unknown  Unknown
ESMF_RHandleBitFo  000000002005FDB9  Unknown               Unknown  Unknown
ESMF_RHandleBitFo  000000002002E7FC  Unknown               Unknown  Unknown
libesmf.so         00001555511B8FBF  _ZN5ESMCI11PIO_Ha        1539  ESMCI_PIO_Handler.C
libesmf.so         0000155550D025BF  _ZN5ESMCI2IO5clos         939  ESMCI_IO.C
libesmf.so         0000155550CFCC0A  _ZN5ESMCI2IO5writ         490  ESMCI_IO.C
libesmf.so         000015555092CD1C  _ZN5ESMCI5Array5w        4091  ESMCI_Array.C
libesmf.so         000015555120A24F  _ZNK5ESMCI11Route         938  ESMCI_RHandle.C
libesmf.so         000015555120E69E  c_esmc_routehandl         209  ESMCI_RHandle_F.C
libesmf.so         000015555277273A  esmf_rhandlemod_m        1152  ESMF_RHandle.F90
ESMF_RHandleBitFo  00000000200176FD  MAIN__                    467  ESMF_RHandleBitForBitEx.F90
ESMF_RHandleBitFo  0000000020010812  Unknown               Unknown  Unknown
libc-2.26.so       000015554D18A3EA  __libc_start_main     Unknown  Unknown
ESMF_RHandleBitFo  000000002001072A  Unknown               Unknown  Unknown
forrtl: error (76): Abort trap signal
Image              PC                Routine            Line        Source             
ESMF_RHandleBitFo  00000000200824DB  Unknown               Unknown  Unknown
libpthread-2.26.s  000015554D534310  Unknown               Unknown  Unknown
libc-2.26.so       000015554D19F360  gsignal               Unknown  Unknown
libc-2.26.so       000015554D1A0941  abort                 Unknown  Unknown
libmpich_intel.so  000015554E6AE868  Unknown               Unknown  Unknown
libmpich_intel.so  000015554E636812  MPIR_Handle_fatal     Unknown  Unknown
libmpich_intel.so  000015554E63694E  MPIR_Err_return_c     Unknown  Unknown
libmpich_intel.so  000015554E5A145D  MPI_Type_size         Unknown  Unknown
libdarshan.so      000015554EEFAA84  PMPI_Alltoallw        Unknown  Unknown
ESMF_RHandleBitFo  000000002003D8B4  Unknown               Unknown  Unknown
ESMF_RHandleBitFo  000000002003E6E4  Unknown               Unknown  Unknown
ESMF_RHandleBitFo  000000002005AC5B  Unknown               Unknown  Unknown
ESMF_RHandleBitFo  000000002005FDB9  Unknown               Unknown  Unknown
ESMF_RHandleBitFo  000000002002E7FC  Unknown               Unknown  Unknown
libesmf.so         00001555511B8FBF  _ZN5ESMCI11PIO_Ha        1539  ESMCI_PIO_Handler.C
libesmf.so         0000155550D025BF  _ZN5ESMCI2IO5clos         939  ESMCI_IO.C
libesmf.so         0000155550CFCC0A  _ZN5ESMCI2IO5writ         490  ESMCI_IO.C
libesmf.so         000015555092CD1C  _ZN5ESMCI5Array5w        4091  ESMCI_Array.C
libesmf.so         000015555120A24F  _ZNK5ESMCI11Route         938  ESMCI_RHandle.C
libesmf.so         000015555120E69E  c_esmc_routehandl         209  ESMCI_RHandle_F.C
libesmf.so         000015555277273A  esmf_rhandlemod_m        1152  ESMF_RHandle.F90
ESMF_RHandleBitFo  00000000200176FD  MAIN__                    467  ESMF_RHandleBitForBitEx.F90
ESMF_RHandleBitFo  0000000020010812  Unknown               Unknown  Unknown
libc-2.26.so       000015554D18A3EA  __libc_start_main     Unknown  Unknown
ESMF_RHandleBitFo  000000002001072A  Unknown               Unknown  Unknown
srun: error: nid01166: tasks 1-3: Aborted
srun: launch/slurm: _step_signal: Terminating StepId=56561636.280
slurmstepd: error: *** STEP 56561636.280 ON nid01166 CANCELLED AT 2022-03-22T07:23:44 ***
forrtl: error (78): process killed (SIGTERM)
Image              PC                Routine            Line        Source             
ESMF_RHandleBitFo  00000000200824DB  Unknown               Unknown  Unknown
libpthread-2.26.s  000015554D534310  Unknown               Unknown  Unknown
libmpich_intel.so  000015554E6C0F95  Unknown               Unknown  Unknown
libmpich_intel.so  000015554E6C5808  MPIDI_CH3I_Progre     Unknown  Unknown
libmpich_intel.so  000015554E5C5051  MPI_Recv              Unknown  Unknown
libdarshan.so      000015554EEF5D9B  PMPI_Recv             Unknown  Unknown
ESMF_RHandleBitFo  000000002005D6E6  Unknown               Unknown  Unknown
ESMF_RHandleBitFo  000000002005D0C2  Unknown               Unknown  Unknown
ESMF_RHandleBitFo  000000002005ACB7  Unknown               Unknown  Unknown
ESMF_RHandleBitFo  000000002005FDB9  Unknown               Unknown  Unknown
ESMF_RHandleBitFo  000000002002E7FC  Unknown               Unknown  Unknown
libesmf.so         00001555511B8FBF  _ZN5ESMCI11PIO_Ha        1539  ESMCI_PIO_Handler.C
libesmf.so         0000155550D025BF  _ZN5ESMCI2IO5clos         939  ESMCI_IO.C
libesmf.so         0000155550CFCC0A  _ZN5ESMCI2IO5writ         490  ESMCI_IO.C
libesmf.so         000015555092CD1C  _ZN5ESMCI5Array5w        4091  ESMCI_Array.C
libesmf.so         000015555120A24F  _ZNK5ESMCI11Route         938  ESMCI_RHandle.C
libesmf.so         000015555120E69E  c_esmc_routehandl         209  ESMCI_RHandle_F.C
libesmf.so         000015555277273A  esmf_rhandlemod_m        1152  ESMF_RHandle.F90
ESMF_RHandleBitFo  00000000200176FD  MAIN__                    467  ESMF_RHandleBitForBitEx.F90
ESMF_RHandleBitFo  0000000020010812  Unknown               Unknown  Unknown
libc-2.26.so       000015554D18A3EA  __libc_start_main     Unknown  Unknown
ESMF_RHandleBitFo  000000002001072A  Unknown               Unknown  Unknown
srun: error: nid01166: task 0: Exited with exit code 1
