build time -- 2022-03-17 03:12:11
20220317 040312.436 INFO             PET0 !!!!!!!!!!!!!!!!!!!!!!!!!!!!!!!!!!!!!!!!!!!!!!!!!!!!!!
20220317 040312.436 INFO             PET0 !!! THE ESMF_LOG IS SET TO OUTPUT ALL LOG MESSAGES !!!
20220317 040312.436 INFO             PET0 !!!     THIS MAY CAUSE SLOWDOWN IN PERFORMANCE     !!!
20220317 040312.436 INFO             PET0 !!! FOR PRODUCTION RUNS, USE:                      !!!
20220317 040312.436 INFO             PET0 !!!                   ESMF_LOGKIND_Multi_On_Error  !!!
20220317 040312.436 INFO             PET0 !!!!!!!!!!!!!!!!!!!!!!!!!!!!!!!!!!!!!!!!!!!!!!!!!!!!!!
20220317 040312.436 INFO             PET0 Running with ESMF Version   : v8.3.0b09-100-g5ff85a963f
20220317 040312.436 INFO             PET0 ESMF library build date/time: "Mar 17 2022" "03:10:38"
20220317 040312.436 INFO             PET0 ESMF library build location : /global/cscratch1/sd/rsdunlap/esmf-testing/intel_19.0.3_mpi_g_jedwards_pio_update2
20220317 040312.436 INFO             PET0 ESMF_COMM                   : mpi
20220317 040312.438 INFO             PET0 ESMF_MOAB                   : enabled
20220317 040312.438 INFO             PET0 ESMF_LAPACK                 : enabled
20220317 040312.438 INFO             PET0 ESMF_NETCDF                 : enabled
20220317 040312.438 INFO             PET0 ESMF_PNETCDF                : disabled
20220317 040312.438 INFO             PET0 ESMF_PIO                    : enabled
20220317 040312.438 INFO             PET0 ESMF_YAMLCPP                : enabled
20220317 040312.438 INFO             PET0 ESMF Tracing Enabled
20220317 040312.438 INFO             PET0 ESMF Profiling Enabled
20220317 040312.438 INFO             PET0 ESMF Trace/Profile clock: REALTIME
20220317 040312.445 INFO             PET0  NUMBER_OF_PROCESSORS           4
20220317 040312.445 INFO             PET0  PASS  Example ESMF_TraceUserEx, ESMF_TraceUserEx.F90, line 125
20220317 040312.445 INFO             PET0 Finalizing ESMF
20220317 040312.445 INFO             PET0 **************** Region Timings *******************
20220317 040312.445 INFO             PET0 Region              Count  Total (s)   Self (s)    Mean (s)    Min (s)     Max (s)
20220317 040312.445 INFO             PET0   outer_region      1      0.0007      0.0000      0.0007      0.0007      0.0007
20220317 040312.445 INFO             PET0     inner_region_1  10     0.0005      0.0005      0.0000      0.0000      0.0001
20220317 040312.445 INFO             PET0     inner_region_2  10     0.0002      0.0002      0.0000      0.0000      0.0000
20220317 040312.433 INFO             PET1 !!!!!!!!!!!!!!!!!!!!!!!!!!!!!!!!!!!!!!!!!!!!!!!!!!!!!!
20220317 040312.433 INFO             PET1 !!! THE ESMF_LOG IS SET TO OUTPUT ALL LOG MESSAGES !!!
20220317 040312.433 INFO             PET1 !!!     THIS MAY CAUSE SLOWDOWN IN PERFORMANCE     !!!
20220317 040312.433 INFO             PET1 !!! FOR PRODUCTION RUNS, USE:                      !!!
20220317 040312.433 INFO             PET1 !!!                   ESMF_LOGKIND_Multi_On_Error  !!!
20220317 040312.433 INFO             PET1 !!!!!!!!!!!!!!!!!!!!!!!!!!!!!!!!!!!!!!!!!!!!!!!!!!!!!!
20220317 040312.433 INFO             PET1 Running with ESMF Version   : v8.3.0b09-100-g5ff85a963f
20220317 040312.433 INFO             PET1 ESMF library build date/time: "Mar 17 2022" "03:10:38"
20220317 040312.433 INFO             PET1 ESMF library build location : /global/cscratch1/sd/rsdunlap/esmf-testing/intel_19.0.3_mpi_g_jedwards_pio_update2
20220317 040312.433 INFO             PET1 ESMF_COMM                   : mpi
20220317 040312.435 INFO             PET1 ESMF_MOAB                   : enabled
20220317 040312.435 INFO             PET1 ESMF_LAPACK                 : enabled
20220317 040312.435 INFO             PET1 ESMF_NETCDF                 : enabled
20220317 040312.435 INFO             PET1 ESMF_PNETCDF                : disabled
20220317 040312.435 INFO             PET1 ESMF_PIO                    : enabled
20220317 040312.435 INFO             PET1 ESMF_YAMLCPP                : enabled
20220317 040312.435 INFO             PET1 ESMF Tracing Enabled
20220317 040312.435 INFO             PET1 ESMF Profiling Enabled
20220317 040312.435 INFO             PET1 ESMF Trace/Profile clock: REALTIME
20220317 040312.444 INFO             PET1  NUMBER_OF_PROCESSORS           4
20220317 040312.444 INFO             PET1  PASS  Example ESMF_TraceUserEx, ESMF_TraceUserEx.F90, line 125
20220317 040312.444 INFO             PET1 Finalizing ESMF
20220317 040312.444 INFO             PET1 **************** Region Timings *******************
20220317 040312.444 INFO             PET1 Region              Count  Total (s)   Self (s)    Mean (s)    Min (s)     Max (s)
20220317 040312.444 INFO             PET1   outer_region      1      0.0004      0.0000      0.0004      0.0004      0.0004
20220317 040312.444 INFO             PET1     inner_region_1  10     0.0003      0.0003      0.0000      0.0000      0.0000
20220317 040312.445 INFO             PET1     inner_region_2  10     0.0001      0.0001      0.0000      0.0000      0.0000
20220317 040312.437 INFO             PET2 !!!!!!!!!!!!!!!!!!!!!!!!!!!!!!!!!!!!!!!!!!!!!!!!!!!!!!
20220317 040312.437 INFO             PET2 !!! THE ESMF_LOG IS SET TO OUTPUT ALL LOG MESSAGES !!!
20220317 040312.437 INFO             PET2 !!!     THIS MAY CAUSE SLOWDOWN IN PERFORMANCE     !!!
20220317 040312.437 INFO             PET2 !!! FOR PRODUCTION RUNS, USE:                      !!!
20220317 040312.437 INFO             PET2 !!!                   ESMF_LOGKIND_Multi_On_Error  !!!
20220317 040312.437 INFO             PET2 !!!!!!!!!!!!!!!!!!!!!!!!!!!!!!!!!!!!!!!!!!!!!!!!!!!!!!
20220317 040312.437 INFO             PET2 Running with ESMF Version   : v8.3.0b09-100-g5ff85a963f
20220317 040312.437 INFO             PET2 ESMF library build date/time: "Mar 17 2022" "03:10:38"
20220317 040312.437 INFO             PET2 ESMF library build location : /global/cscratch1/sd/rsdunlap/esmf-testing/intel_19.0.3_mpi_g_jedwards_pio_update2
20220317 040312.437 INFO             PET2 ESMF_COMM                   : mpi
20220317 040312.439 INFO             PET2 ESMF_MOAB                   : enabled
20220317 040312.439 INFO             PET2 ESMF_LAPACK                 : enabled
20220317 040312.439 INFO             PET2 ESMF_NETCDF                 : enabled
20220317 040312.439 INFO             PET2 ESMF_PNETCDF                : disabled
20220317 040312.439 INFO             PET2 ESMF_PIO                    : enabled
20220317 040312.439 INFO             PET2 ESMF_YAMLCPP                : enabled
20220317 040312.439 INFO             PET2 ESMF Tracing Enabled
20220317 040312.439 INFO             PET2 ESMF Profiling Enabled
20220317 040312.439 INFO             PET2 ESMF Trace/Profile clock: REALTIME
20220317 040312.444 INFO             PET2  NUMBER_OF_PROCESSORS           4
20220317 040312.445 INFO             PET2  PASS  Example ESMF_TraceUserEx, ESMF_TraceUserEx.F90, line 125
20220317 040312.445 INFO             PET2 Finalizing ESMF
20220317 040312.445 INFO             PET2 **************** Region Timings *******************
20220317 040312.445 INFO             PET2 Region              Count  Total (s)   Self (s)    Mean (s)    Min (s)     Max (s)
20220317 040312.445 INFO             PET2   outer_region      1      0.0007      0.0000      0.0007      0.0007      0.0007
20220317 040312.445 INFO             PET2     inner_region_1  10     0.0005      0.0005      0.0000      0.0000      0.0001
20220317 040312.445 INFO             PET2     inner_region_2  10     0.0002      0.0002      0.0000      0.0000      0.0000
20220317 040312.433 INFO             PET3 !!!!!!!!!!!!!!!!!!!!!!!!!!!!!!!!!!!!!!!!!!!!!!!!!!!!!!
20220317 040312.433 INFO             PET3 !!! THE ESMF_LOG IS SET TO OUTPUT ALL LOG MESSAGES !!!
20220317 040312.433 INFO             PET3 !!!     THIS MAY CAUSE SLOWDOWN IN PERFORMANCE     !!!
20220317 040312.433 INFO             PET3 !!! FOR PRODUCTION RUNS, USE:                      !!!
20220317 040312.433 INFO             PET3 !!!                   ESMF_LOGKIND_Multi_On_Error  !!!
20220317 040312.433 INFO             PET3 !!!!!!!!!!!!!!!!!!!!!!!!!!!!!!!!!!!!!!!!!!!!!!!!!!!!!!
20220317 040312.433 INFO             PET3 Running with ESMF Version   : v8.3.0b09-100-g5ff85a963f
20220317 040312.433 INFO             PET3 ESMF library build date/time: "Mar 17 2022" "03:10:38"
20220317 040312.433 INFO             PET3 ESMF library build location : /global/cscratch1/sd/rsdunlap/esmf-testing/intel_19.0.3_mpi_g_jedwards_pio_update2
20220317 040312.433 INFO             PET3 ESMF_COMM                   : mpi
20220317 040312.435 INFO             PET3 ESMF_MOAB                   : enabled
20220317 040312.435 INFO             PET3 ESMF_LAPACK                 : enabled
20220317 040312.435 INFO             PET3 ESMF_NETCDF                 : enabled
20220317 040312.435 INFO             PET3 ESMF_PNETCDF                : disabled
20220317 040312.435 INFO             PET3 ESMF_PIO                    : enabled
20220317 040312.435 INFO             PET3 ESMF_YAMLCPP                : enabled
20220317 040312.435 INFO             PET3 ESMF Tracing Enabled
20220317 040312.435 INFO             PET3 ESMF Profiling Enabled
20220317 040312.435 INFO             PET3 ESMF Trace/Profile clock: REALTIME
20220317 040312.444 INFO             PET3  NUMBER_OF_PROCESSORS           4
20220317 040312.444 INFO             PET3  PASS  Example ESMF_TraceUserEx, ESMF_TraceUserEx.F90, line 125
20220317 040312.444 INFO             PET3 Finalizing ESMF
20220317 040312.444 INFO             PET3 **************** Region Timings *******************
20220317 040312.444 INFO             PET3 Region              Count  Total (s)   Self (s)    Mean (s)    Min (s)     Max (s)
20220317 040312.444 INFO             PET3   outer_region      1      0.0004      0.0000      0.0004      0.0004      0.0004
20220317 040312.444 INFO             PET3     inner_region_1  10     0.0003      0.0003      0.0000      0.0000      0.0000
20220317 040312.445 INFO             PET3     inner_region_2  10     0.0001      0.0001      0.0000      0.0000      0.0000
