build time -- 2022-03-16 02:54:45
20220316 053717.683 INFO             PET0 !!!!!!!!!!!!!!!!!!!!!!!!!!!!!!!!!!!!!!!!!!!!!!!!!!!!!!
20220316 053717.686 INFO             PET0 !!! THE ESMF_LOG IS SET TO OUTPUT ALL LOG MESSAGES !!!
20220316 053717.686 INFO             PET0 !!!     THIS MAY CAUSE SLOWDOWN IN PERFORMANCE     !!!
20220316 053717.686 INFO             PET0 !!! FOR PRODUCTION RUNS, USE:                      !!!
20220316 053717.686 INFO             PET0 !!!                   ESMF_LOGKIND_Multi_On_Error  !!!
20220316 053717.686 INFO             PET0 !!!!!!!!!!!!!!!!!!!!!!!!!!!!!!!!!!!!!!!!!!!!!!!!!!!!!!
20220316 053717.686 INFO             PET0 Running with ESMF Version   : v8.3.0b09-100-g5ff85a963f
20220316 053717.687 INFO             PET0 ESMF library build date/time: "Mar 16 2022" "02:53:17"
20220316 053717.687 INFO             PET0 ESMF library build location : /global/cscratch1/sd/rsdunlap/esmf-testing/intel_19.0.3_mpi_g_jedwards_pio_update2
20220316 053717.687 INFO             PET0 ESMF_COMM                   : mpi
20220316 053717.691 INFO             PET0 ESMF_MOAB                   : enabled
20220316 053717.691 INFO             PET0 ESMF_LAPACK                 : enabled
20220316 053717.691 INFO             PET0 ESMF_NETCDF                 : enabled
20220316 053717.691 INFO             PET0 ESMF_PNETCDF                : disabled
20220316 053717.691 INFO             PET0 ESMF_PIO                    : enabled
20220316 053717.691 INFO             PET0 ESMF_YAMLCPP                : enabled
20220316 053717.692 INFO             PET0 ESMF Tracing Enabled
20220316 053717.692 INFO             PET0 ESMF Profiling Enabled
20220316 053717.692 INFO             PET0 ESMF Trace/Profile clock: REALTIME
20220316 053717.718 INFO             PET0  NUMBER_OF_PROCESSORS           4
20220316 053717.719 INFO             PET0  PASS  Example ESMF_TraceEx, ESMF_TraceEx.F90, line 178
20220316 053717.719 INFO             PET0 Finalizing ESMF
20220316 053717.719 INFO             PET0 **************** Region Timings *******************
20220316 053717.719 INFO             PET0 Region              Count  Total (s)   Self (s)    Mean (s)    Min (s)     Max (s)
20220316 053717.719 INFO             PET0   [test] Init 1     1      0.0000      0.0000      0.0000      0.0000      0.0000
20220316 053717.719 INFO             PET0   [test] Run 1      5      0.0000      0.0000      0.0000      0.0000      0.0000
20220316 053717.720 INFO             PET0   [test] Final 1    1      0.0000      0.0000      0.0000      0.0000      0.0000
20220316 053717.683 INFO             PET1 !!!!!!!!!!!!!!!!!!!!!!!!!!!!!!!!!!!!!!!!!!!!!!!!!!!!!!
20220316 053717.686 INFO             PET1 !!! THE ESMF_LOG IS SET TO OUTPUT ALL LOG MESSAGES !!!
20220316 053717.686 INFO             PET1 !!!     THIS MAY CAUSE SLOWDOWN IN PERFORMANCE     !!!
20220316 053717.686 INFO             PET1 !!! FOR PRODUCTION RUNS, USE:                      !!!
20220316 053717.686 INFO             PET1 !!!                   ESMF_LOGKIND_Multi_On_Error  !!!
20220316 053717.686 INFO             PET1 !!!!!!!!!!!!!!!!!!!!!!!!!!!!!!!!!!!!!!!!!!!!!!!!!!!!!!
20220316 053717.686 INFO             PET1 Running with ESMF Version   : v8.3.0b09-100-g5ff85a963f
20220316 053717.687 INFO             PET1 ESMF library build date/time: "Mar 16 2022" "02:53:17"
20220316 053717.687 INFO             PET1 ESMF library build location : /global/cscratch1/sd/rsdunlap/esmf-testing/intel_19.0.3_mpi_g_jedwards_pio_update2
20220316 053717.687 INFO             PET1 ESMF_COMM                   : mpi
20220316 053717.691 INFO             PET1 ESMF_MOAB                   : enabled
20220316 053717.691 INFO             PET1 ESMF_LAPACK                 : enabled
20220316 053717.691 INFO             PET1 ESMF_NETCDF                 : enabled
20220316 053717.691 INFO             PET1 ESMF_PNETCDF                : disabled
20220316 053717.691 INFO             PET1 ESMF_PIO                    : enabled
20220316 053717.691 INFO             PET1 ESMF_YAMLCPP                : enabled
20220316 053717.692 INFO             PET1 ESMF Tracing Enabled
20220316 053717.692 INFO             PET1 ESMF Profiling Enabled
20220316 053717.692 INFO             PET1 ESMF Trace/Profile clock: REALTIME
20220316 053717.718 INFO             PET1  NUMBER_OF_PROCESSORS           4
20220316 053717.719 INFO             PET1  PASS  Example ESMF_TraceEx, ESMF_TraceEx.F90, line 178
20220316 053717.719 INFO             PET1 Finalizing ESMF
20220316 053717.719 INFO             PET1 **************** Region Timings *******************
20220316 053717.719 INFO             PET1 Region              Count  Total (s)   Self (s)    Mean (s)    Min (s)     Max (s)
20220316 053717.719 INFO             PET1   [test] Init 1     1      0.0001      0.0001      0.0001      0.0001      0.0001
20220316 053717.719 INFO             PET1   [test] Run 1      5      0.0000      0.0000      0.0000      0.0000      0.0000
20220316 053717.720 INFO             PET1   [test] Final 1    1      0.0000      0.0000      0.0000      0.0000      0.0000
20220316 053717.683 INFO             PET2 !!!!!!!!!!!!!!!!!!!!!!!!!!!!!!!!!!!!!!!!!!!!!!!!!!!!!!
20220316 053717.686 INFO             PET2 !!! THE ESMF_LOG IS SET TO OUTPUT ALL LOG MESSAGES !!!
20220316 053717.686 INFO             PET2 !!!     THIS MAY CAUSE SLOWDOWN IN PERFORMANCE     !!!
20220316 053717.686 INFO             PET2 !!! FOR PRODUCTION RUNS, USE:                      !!!
20220316 053717.686 INFO             PET2 !!!                   ESMF_LOGKIND_Multi_On_Error  !!!
20220316 053717.686 INFO             PET2 !!!!!!!!!!!!!!!!!!!!!!!!!!!!!!!!!!!!!!!!!!!!!!!!!!!!!!
20220316 053717.686 INFO             PET2 Running with ESMF Version   : v8.3.0b09-100-g5ff85a963f
20220316 053717.687 INFO             PET2 ESMF library build date/time: "Mar 16 2022" "02:53:17"
20220316 053717.687 INFO             PET2 ESMF library build location : /global/cscratch1/sd/rsdunlap/esmf-testing/intel_19.0.3_mpi_g_jedwards_pio_update2
20220316 053717.687 INFO             PET2 ESMF_COMM                   : mpi
20220316 053717.691 INFO             PET2 ESMF_MOAB                   : enabled
20220316 053717.691 INFO             PET2 ESMF_LAPACK                 : enabled
20220316 053717.691 INFO             PET2 ESMF_NETCDF                 : enabled
20220316 053717.691 INFO             PET2 ESMF_PNETCDF                : disabled
20220316 053717.691 INFO             PET2 ESMF_PIO                    : enabled
20220316 053717.691 INFO             PET2 ESMF_YAMLCPP                : enabled
20220316 053717.692 INFO             PET2 ESMF Tracing Enabled
20220316 053717.692 INFO             PET2 ESMF Profiling Enabled
20220316 053717.692 INFO             PET2 ESMF Trace/Profile clock: REALTIME
20220316 053717.718 INFO             PET2  NUMBER_OF_PROCESSORS           4
20220316 053717.719 INFO             PET2  PASS  Example ESMF_TraceEx, ESMF_TraceEx.F90, line 178
20220316 053717.719 INFO             PET2 Finalizing ESMF
20220316 053717.719 INFO             PET2 **************** Region Timings *******************
20220316 053717.719 INFO             PET2 Region              Count  Total (s)   Self (s)    Mean (s)    Min (s)     Max (s)
20220316 053717.719 INFO             PET2   [test] Init 1     1      0.0001      0.0001      0.0001      0.0001      0.0001
20220316 053717.719 INFO             PET2   [test] Run 1      5      0.0000      0.0000      0.0000      0.0000      0.0000
20220316 053717.720 INFO             PET2   [test] Final 1    1      0.0000      0.0000      0.0000      0.0000      0.0000
20220316 053717.683 INFO             PET3 !!!!!!!!!!!!!!!!!!!!!!!!!!!!!!!!!!!!!!!!!!!!!!!!!!!!!!
20220316 053717.686 INFO             PET3 !!! THE ESMF_LOG IS SET TO OUTPUT ALL LOG MESSAGES !!!
20220316 053717.686 INFO             PET3 !!!     THIS MAY CAUSE SLOWDOWN IN PERFORMANCE     !!!
20220316 053717.686 INFO             PET3 !!! FOR PRODUCTION RUNS, USE:                      !!!
20220316 053717.686 INFO             PET3 !!!                   ESMF_LOGKIND_Multi_On_Error  !!!
20220316 053717.686 INFO             PET3 !!!!!!!!!!!!!!!!!!!!!!!!!!!!!!!!!!!!!!!!!!!!!!!!!!!!!!
20220316 053717.686 INFO             PET3 Running with ESMF Version   : v8.3.0b09-100-g5ff85a963f
20220316 053717.687 INFO             PET3 ESMF library build date/time: "Mar 16 2022" "02:53:17"
20220316 053717.687 INFO             PET3 ESMF library build location : /global/cscratch1/sd/rsdunlap/esmf-testing/intel_19.0.3_mpi_g_jedwards_pio_update2
20220316 053717.687 INFO             PET3 ESMF_COMM                   : mpi
20220316 053717.691 INFO             PET3 ESMF_MOAB                   : enabled
20220316 053717.691 INFO             PET3 ESMF_LAPACK                 : enabled
20220316 053717.691 INFO             PET3 ESMF_NETCDF                 : enabled
20220316 053717.691 INFO             PET3 ESMF_PNETCDF                : disabled
20220316 053717.691 INFO             PET3 ESMF_PIO                    : enabled
20220316 053717.691 INFO             PET3 ESMF_YAMLCPP                : enabled
20220316 053717.692 INFO             PET3 ESMF Tracing Enabled
20220316 053717.692 INFO             PET3 ESMF Profiling Enabled
20220316 053717.692 INFO             PET3 ESMF Trace/Profile clock: REALTIME
20220316 053717.718 INFO             PET3  NUMBER_OF_PROCESSORS           4
20220316 053717.719 INFO             PET3  PASS  Example ESMF_TraceEx, ESMF_TraceEx.F90, line 178
20220316 053717.719 INFO             PET3 Finalizing ESMF
20220316 053717.719 INFO             PET3 **************** Region Timings *******************
20220316 053717.719 INFO             PET3 Region              Count  Total (s)   Self (s)    Mean (s)    Min (s)     Max (s)
20220316 053717.719 INFO             PET3   [test] Init 1     1      0.0001      0.0001      0.0001      0.0001      0.0001
20220316 053717.719 INFO             PET3   [test] Run 1      5      0.0000      0.0000      0.0000      0.0000      0.0000
20220316 053717.720 INFO             PET3   [test] Final 1    1      0.0000      0.0000      0.0000      0.0000      0.0000
