Wed Mar 9 07:46:32 MST 2022
 
Installing ESMF:
 
mkdir -p /glade/scratch/rlong/esmf-testing/intel_18.0.5_openmpi_O_jedwards_pio_update2/DEFAULTINSTALLDIR/include
cp -f /glade/scratch/rlong/esmf-testing/intel_18.0.5_openmpi_O_jedwards_pio_update2/src/include/ESMC.h /glade/scratch/rlong/esmf-testing/intel_18.0.5_openmpi_O_jedwards_pio_update2/DEFAULTINSTALLDIR/include
cp -f /glade/scratch/rlong/esmf-testing/intel_18.0.5_openmpi_O_jedwards_pio_update2/src/include/ESMC_*.h /glade/scratch/rlong/esmf-testing/intel_18.0.5_openmpi_O_jedwards_pio_update2/DEFAULTINSTALLDIR/include
cp -f /glade/scratch/rlong/esmf-testing/intel_18.0.5_openmpi_O_jedwards_pio_update2/build_config/Linux.intel.default/ESMC_Conf.h /glade/scratch/rlong/esmf-testing/intel_18.0.5_openmpi_O_jedwards_pio_update2/DEFAULTINSTALLDIR/include
mkdir -p /glade/scratch/rlong/esmf-testing/intel_18.0.5_openmpi_O_jedwards_pio_update2/DEFAULTINSTALLDIR/mod/modO/Linux.intel.64.openmpi.default
cp -f /glade/scratch/rlong/esmf-testing/intel_18.0.5_openmpi_O_jedwards_pio_update2/mod/modO/Linux.intel.64.openmpi.default/*.mod /glade/scratch/rlong/esmf-testing/intel_18.0.5_openmpi_O_jedwards_pio_update2/DEFAULTINSTALLDIR/mod/modO/Linux.intel.64.openmpi.default
mkdir -p /glade/scratch/rlong/esmf-testing/intel_18.0.5_openmpi_O_jedwards_pio_update2/DEFAULTINSTALLDIR/lib/libO/Linux.intel.64.openmpi.default
cp -f /glade/scratch/rlong/esmf-testing/intel_18.0.5_openmpi_O_jedwards_pio_update2/lib/libO/Linux.intel.64.openmpi.default/libesmf*.* /glade/scratch/rlong/esmf-testing/intel_18.0.5_openmpi_O_jedwards_pio_update2/DEFAULTINSTALLDIR/lib/libO/Linux.intel.64.openmpi.default
cp -f /glade/scratch/rlong/esmf-testing/intel_18.0.5_openmpi_O_jedwards_pio_update2/lib/libO/Linux.intel.64.openmpi.default/libpioc.* /glade/scratch/rlong/esmf-testing/intel_18.0.5_openmpi_O_jedwards_pio_update2/DEFAULTINSTALLDIR/lib/libO/Linux.intel.64.openmpi.default
make ESMF_PRELOADDIR=/glade/scratch/rlong/esmf-testing/intel_18.0.5_openmpi_O_jedwards_pio_update2/DEFAULTINSTALLDIR/lib/libO/Linux.intel.64.openmpi.default build_preload_script
make[1]: Entering directory '/glade/scratch/rlong/esmf-testing/intel_18.0.5_openmpi_O_jedwards_pio_update2'
chmod 755 /glade/scratch/rlong/esmf-testing/intel_18.0.5_openmpi_O_jedwards_pio_update2/DEFAULTINSTALLDIR/lib/libO/Linux.intel.64.openmpi.default/preload.sh
make[1]: Leaving directory '/glade/scratch/rlong/esmf-testing/intel_18.0.5_openmpi_O_jedwards_pio_update2'
ranlib /glade/scratch/rlong/esmf-testing/intel_18.0.5_openmpi_O_jedwards_pio_update2/DEFAULTINSTALLDIR/lib/libO/Linux.intel.64.openmpi.default/libesmf*.a
make install_apps
make[1]: Entering directory '/glade/scratch/rlong/esmf-testing/intel_18.0.5_openmpi_O_jedwards_pio_update2'
mkdir -p /glade/scratch/rlong/esmf-testing/intel_18.0.5_openmpi_O_jedwards_pio_update2/DEFAULTINSTALLDIR/bin/binO/Linux.intel.64.openmpi.default
make build_apps ESMF_APPSDIR=/glade/scratch/rlong/esmf-testing/intel_18.0.5_openmpi_O_jedwards_pio_update2/DEFAULTINSTALLDIR/bin/binO/Linux.intel.64.openmpi.default ESMF_LDIR=/glade/scratch/rlong/esmf-testing/intel_18.0.5_openmpi_O_jedwards_pio_update2/DEFAULTINSTALLDIR/lib/libO/Linux.intel.64.openmpi.default ESMF_LIBDIR=/glade/scratch/rlong/esmf-testing/intel_18.0.5_openmpi_O_jedwards_pio_update2/DEFAULTINSTALLDIR/lib/libO/Linux.intel.64.openmpi.default ESMF_MODDIR=/glade/scratch/rlong/esmf-testing/intel_18.0.5_openmpi_O_jedwards_pio_update2/DEFAULTINSTALLDIR/mod/modO/Linux.intel.64.openmpi.default
make[2]: Entering directory '/glade/scratch/rlong/esmf-testing/intel_18.0.5_openmpi_O_jedwards_pio_update2'
cd /glade/scratch/rlong/esmf-testing/intel_18.0.5_openmpi_O_jedwards_pio_update2/src/apps; make ACTION=tree_build_apps tree
make[3]: Entering directory '/glade/scratch/rlong/esmf-testing/intel_18.0.5_openmpi_O_jedwards_pio_update2/src/apps'
tree_build_apps in: /glade/scratch/rlong/esmf-testing/intel_18.0.5_openmpi_O_jedwards_pio_update2/src/apps/ESMF_PrintInfo
make[4]: Entering directory '/glade/scratch/rlong/esmf-testing/intel_18.0.5_openmpi_O_jedwards_pio_update2/src/apps/ESMF_PrintInfo'
make chkdir_locobj
make[5]: Entering directory '/glade/scratch/rlong/esmf-testing/intel_18.0.5_openmpi_O_jedwards_pio_update2/src/apps/ESMF_PrintInfo'
Making directory /glade/scratch/rlong/esmf-testing/intel_18.0.5_openmpi_O_jedwards_pio_update2/obj/objO/Linux.intel.64.openmpi.default/src/apps/ESMF_PrintInfo for apps output
make[5]: Leaving directory '/glade/scratch/rlong/esmf-testing/intel_18.0.5_openmpi_O_jedwards_pio_update2/src/apps/ESMF_PrintInfo'
mpifort -c -O -fPIC -debug minimal -assume realloc_lhs -m64 -mcmodel=small -pthread -threads  -qopenmp -I/glade/scratch/rlong/esmf-testing/intel_18.0.5_openmpi_O_jedwards_pio_update2/src/apps/ESMF_PrintInfo -I/glade/scratch/rlong/esmf-testing/intel_18.0.5_openmpi_O_jedwards_pio_update2/build_config/Linux.intel.default -I/glade/scratch/rlong/esmf-testing/intel_18.0.5_openmpi_O_jedwards_pio_update2/src/Infrastructure -I/glade/scratch/rlong/esmf-testing/intel_18.0.5_openmpi_O_jedwards_pio_update2/src/Superstructure -I/glade/scratch/rlong/esmf-testing/intel_18.0.5_openmpi_O_jedwards_pio_update2/DEFAULTINSTALLDIR/mod/modO/Linux.intel.64.openmpi.default -I/glade/scratch/rlong/esmf-testing/intel_18.0.5_openmpi_O_jedwards_pio_update2/src/include -I/glade/u/apps/ch/opt/netcdf/4.6.3/intel/18.0.5/include -I/glade/u/apps/ch/opt/netcdf/4.6.3/intel/18.0.5/include  -DESMF_NO_INTEGER_1_BYTE -DESMF_NO_INTEGER_2_BYTE -DESMF_VERSION_STRING_GIT='"v8.3.0b09-93-ga567ee5dcd"' -DESMF_MOAB=1 -DESMF_LAPACK=1 -DESMF_LAPACK_INTERNAL=1 -DESMF_NO_ACC_SOFTWARE_STACK=1 -DESMF_NETCDF=1 -DESMF_YAMLCPP=1 -DESMF_YAML=1 -DESMF_PIO=1 -DESMF_NO_OPENACC -DESMF_TESTEXHAUSTIVE -DESMF_BOPT_O -DESMF_TESTCOMPTUNNEL -DESMF_TESTWITHTHREADS -DSx86_64_small=1 -DESMF_OS_Linux=1 -DESMF_COMM=openmpi -DESMF_DIR=/glade/scratch/rlong/esmf-testing/intel_18.0.5_openmpi_O_jedwards_pio_update2 ESMF_PrintInfo.F90 -o /glade/scratch/rlong/esmf-testing/intel_18.0.5_openmpi_O_jedwards_pio_update2/obj/objO/Linux.intel.64.openmpi.default/src/apps/ESMF_PrintInfo/ESMF_PrintInfo.o
ls: cannot access '/glade/u/apps/ch/opt/ncarcompilers/0.5.0/intel/18.0.5/mpi/../lib*': No such file or directory
make chkdir_apps
make[5]: Entering directory '/glade/scratch/rlong/esmf-testing/intel_18.0.5_openmpi_O_jedwards_pio_update2/src/apps/ESMF_PrintInfo'
make[5]: Leaving directory '/glade/scratch/rlong/esmf-testing/intel_18.0.5_openmpi_O_jedwards_pio_update2/src/apps/ESMF_PrintInfo'
mpifort    -m64 -mcmodel=small -pthread -threads -Wl,--no-as-needed  -qopenmp -L/glade/scratch/rlong/esmf-testing/intel_18.0.5_openmpi_O_jedwards_pio_update2/DEFAULTINSTALLDIR/lib/libO/Linux.intel.64.openmpi.default -L/glade/u/apps/ch/opt/netcdf/4.6.3/intel/18.0.5/lib -L/glade/u/apps/ch/opt/netcdf/4.6.3/intel/18.0.5/lib -L/glade/u/apps/ch/opt/netcdf/4.6.3/intel/18.0.5//lib  -Wl,-rpath,/glade/scratch/rlong/esmf-testing/intel_18.0.5_openmpi_O_jedwards_pio_update2/DEFAULTINSTALLDIR/lib/libO/Linux.intel.64.openmpi.default -Wl,-rpath,/glade/u/apps/ch/opt/netcdf/4.6.3/intel/18.0.5/lib -Wl,-rpath,/glade/u/apps/ch/opt/netcdf/4.6.3/intel/18.0.5/lib -Wl,-rpath,/glade/u/apps/ch/opt/netcdf/4.6.3/intel/18.0.5//lib  -o /glade/scratch/rlong/esmf-testing/intel_18.0.5_openmpi_O_jedwards_pio_update2/DEFAULTINSTALLDIR/bin/binO/Linux.intel.64.openmpi.default/ESMF_PrintInfo /glade/scratch/rlong/esmf-testing/intel_18.0.5_openmpi_O_jedwards_pio_update2/obj/objO/Linux.intel.64.openmpi.default/src/apps/ESMF_PrintInfo/ESMF_PrintInfo.o -lesmf   -cxxlib -lrt -ldl -lnetcdf -lnetcdff -lnetcdf -lnetcdf -lpioc
make[4]: Leaving directory '/glade/scratch/rlong/esmf-testing/intel_18.0.5_openmpi_O_jedwards_pio_update2/src/apps/ESMF_PrintInfo'
tree_build_apps in: /glade/scratch/rlong/esmf-testing/intel_18.0.5_openmpi_O_jedwards_pio_update2/src/apps/ESMF_PrintInfoC
make[4]: Entering directory '/glade/scratch/rlong/esmf-testing/intel_18.0.5_openmpi_O_jedwards_pio_update2/src/apps/ESMF_PrintInfoC'
make chkdir_locobj
make[5]: Entering directory '/glade/scratch/rlong/esmf-testing/intel_18.0.5_openmpi_O_jedwards_pio_update2/src/apps/ESMF_PrintInfoC'
Making directory /glade/scratch/rlong/esmf-testing/intel_18.0.5_openmpi_O_jedwards_pio_update2/obj/objO/Linux.intel.64.openmpi.default/src/apps/ESMF_PrintInfoC for apps output
make[5]: Leaving directory '/glade/scratch/rlong/esmf-testing/intel_18.0.5_openmpi_O_jedwards_pio_update2/src/apps/ESMF_PrintInfoC'
mpicxx -c -std=c++11 -O -DNDEBUG -fPIC -debug minimal -m64 -mcmodel=small -pthread  -qopenmp -I/glade/scratch/rlong/esmf-testing/intel_18.0.5_openmpi_O_jedwards_pio_update2/src/apps/ESMF_PrintInfoC -I/glade/scratch/rlong/esmf-testing/intel_18.0.5_openmpi_O_jedwards_pio_update2/src/apps/ESMF_PrintInfoC/../include -I/glade/scratch/rlong/esmf-testing/intel_18.0.5_openmpi_O_jedwards_pio_update2/build_config/Linux.intel.default -I/glade/scratch/rlong/esmf-testing/intel_18.0.5_openmpi_O_jedwards_pio_update2/src/Infrastructure -I/glade/scratch/rlong/esmf-testing/intel_18.0.5_openmpi_O_jedwards_pio_update2/src/Superstructure -I/glade/scratch/rlong/esmf-testing/intel_18.0.5_openmpi_O_jedwards_pio_update2/src/Infrastructure/stubs/pthread  -I/glade/scratch/rlong/esmf-testing/intel_18.0.5_openmpi_O_jedwards_pio_update2/src/include  -I/glade/u/apps/ch/opt/netcdf/4.6.3/intel/18.0.5/include -I/glade/scratch/rlong/esmf-testing/intel_18.0.5_openmpi_O_jedwards_pio_update2/src/prologue/yaml-cpp/include -DESMF_NO_INTEGER_1_BYTE -DESMF_NO_INTEGER_2_BYTE -DESMF_VERSION_STRING_GIT='"v8.3.0b09-93-ga567ee5dcd"' -DESMF_MOAB=1 -DESMF_LAPACK=1 -DESMF_LAPACK_INTERNAL=1 -DESMF_NO_ACC_SOFTWARE_STACK=1 -DESMF_NETCDF=1 -DESMF_YAMLCPP=1 -DESMF_YAML=1 -DESMF_PIO=1 -DESMF_NO_OPENACC -DESMF_TESTEXHAUSTIVE -DESMF_BOPT_O -DESMF_TESTCOMPTUNNEL -DESMF_TESTWITHTHREADS -DSx86_64_small=1 -DESMF_OS_Linux=1 -DESMF_COMM=openmpi -DESMF_DIR=/glade/scratch/rlong/esmf-testing/intel_18.0.5_openmpi_O_jedwards_pio_update2 -D__SDIR__='"src/apps/ESMF_PrintInfoC"' -DESMF_CXXSTD=11 -DESMF_NO_SIGUSR2 ESMF_PrintInfoC.c -o /glade/scratch/rlong/esmf-testing/intel_18.0.5_openmpi_O_jedwards_pio_update2/obj/objO/Linux.intel.64.openmpi.default/src/apps/ESMF_PrintInfoC/ESMF_PrintInfoC.o
make chkdir_apps
make[5]: Entering directory '/glade/scratch/rlong/esmf-testing/intel_18.0.5_openmpi_O_jedwards_pio_update2/src/apps/ESMF_PrintInfoC'
make[5]: Leaving directory '/glade/scratch/rlong/esmf-testing/intel_18.0.5_openmpi_O_jedwards_pio_update2/src/apps/ESMF_PrintInfoC'
mpicxx    -m64 -mcmodel=small -pthread -Wl,--no-as-needed  -qopenmp -L/glade/scratch/rlong/esmf-testing/intel_18.0.5_openmpi_O_jedwards_pio_update2/DEFAULTINSTALLDIR/lib/libO/Linux.intel.64.openmpi.default -L/glade/u/apps/ch/opt/netcdf/4.6.3/intel/18.0.5/lib -L/glade/u/apps/ch/opt/netcdf/4.6.3/intel/18.0.5/lib -L/glade/u/apps/ch/opt/netcdf/4.6.3/intel/18.0.5//lib -L/glade/u/apps/opt/intel/2018u4/compilers_and_libraries_2018.5.274/linux/compiler/lib/intel64_lin/ -Wl,-rpath,/glade/scratch/rlong/esmf-testing/intel_18.0.5_openmpi_O_jedwards_pio_update2/DEFAULTINSTALLDIR/lib/libO/Linux.intel.64.openmpi.default -Wl,-rpath,/glade/u/apps/ch/opt/netcdf/4.6.3/intel/18.0.5/lib -Wl,-rpath,/glade/u/apps/ch/opt/netcdf/4.6.3/intel/18.0.5/lib -Wl,-rpath,/glade/u/apps/ch/opt/netcdf/4.6.3/intel/18.0.5//lib  -Wl,-rpath,/glade/u/apps/opt/intel/2018u4/compilers_and_libraries_2018.5.274/linux/compiler/lib/intel64_lin/ -o /glade/scratch/rlong/esmf-testing/intel_18.0.5_openmpi_O_jedwards_pio_update2/DEFAULTINSTALLDIR/bin/binO/Linux.intel.64.openmpi.default/ESMF_PrintInfoC /glade/scratch/rlong/esmf-testing/intel_18.0.5_openmpi_O_jedwards_pio_update2/obj/objO/Linux.intel.64.openmpi.default/src/apps/ESMF_PrintInfoC/ESMF_PrintInfoC.o -lesmf  -lsz -lz -limf -lm -ldl -lsec -lrt -ldl -lifport -lifcoremt -limf -lsvml -lm -lipgo -liomp5 -lintlc -lpthread -lsvml -lgcc -lgcc_s -lirc_s -ldl -lrt -ldl -lnetcdf -lnetcdff -lnetcdf -lnetcdf -lpioc
make[4]: Leaving directory '/glade/scratch/rlong/esmf-testing/intel_18.0.5_openmpi_O_jedwards_pio_update2/src/apps/ESMF_PrintInfoC'
tree_build_apps in: /glade/scratch/rlong/esmf-testing/intel_18.0.5_openmpi_O_jedwards_pio_update2/src/apps/ESMF_RegridWeightGen
make[4]: Entering directory '/glade/scratch/rlong/esmf-testing/intel_18.0.5_openmpi_O_jedwards_pio_update2/src/apps/ESMF_RegridWeightGen'
make chkdir_locobj
make[5]: Entering directory '/glade/scratch/rlong/esmf-testing/intel_18.0.5_openmpi_O_jedwards_pio_update2/src/apps/ESMF_RegridWeightGen'
Making directory /glade/scratch/rlong/esmf-testing/intel_18.0.5_openmpi_O_jedwards_pio_update2/obj/objO/Linux.intel.64.openmpi.default/src/apps/ESMF_RegridWeightGen for apps output
make[5]: Leaving directory '/glade/scratch/rlong/esmf-testing/intel_18.0.5_openmpi_O_jedwards_pio_update2/src/apps/ESMF_RegridWeightGen'
mpifort -c -O -fPIC -debug minimal -assume realloc_lhs -m64 -mcmodel=small -pthread -threads  -qopenmp -I/glade/scratch/rlong/esmf-testing/intel_18.0.5_openmpi_O_jedwards_pio_update2/src/apps/ESMF_RegridWeightGen -I/glade/scratch/rlong/esmf-testing/intel_18.0.5_openmpi_O_jedwards_pio_update2/build_config/Linux.intel.default -I/glade/scratch/rlong/esmf-testing/intel_18.0.5_openmpi_O_jedwards_pio_update2/src/Infrastructure -I/glade/scratch/rlong/esmf-testing/intel_18.0.5_openmpi_O_jedwards_pio_update2/src/Superstructure -I/glade/scratch/rlong/esmf-testing/intel_18.0.5_openmpi_O_jedwards_pio_update2/DEFAULTINSTALLDIR/mod/modO/Linux.intel.64.openmpi.default -I/glade/scratch/rlong/esmf-testing/intel_18.0.5_openmpi_O_jedwards_pio_update2/src/include -I/glade/u/apps/ch/opt/netcdf/4.6.3/intel/18.0.5/include -I/glade/u/apps/ch/opt/netcdf/4.6.3/intel/18.0.5/include  -DESMF_NO_INTEGER_1_BYTE -DESMF_NO_INTEGER_2_BYTE -DESMF_VERSION_STRING_GIT='"v8.3.0b09-93-ga567ee5dcd"' -DESMF_MOAB=1 -DESMF_LAPACK=1 -DESMF_LAPACK_INTERNAL=1 -DESMF_NO_ACC_SOFTWARE_STACK=1 -DESMF_NETCDF=1 -DESMF_YAMLCPP=1 -DESMF_YAML=1 -DESMF_PIO=1 -DESMF_NO_OPENACC -DESMF_TESTEXHAUSTIVE -DESMF_BOPT_O -DESMF_TESTCOMPTUNNEL -DESMF_TESTWITHTHREADS -DSx86_64_small=1 -DESMF_OS_Linux=1 -DESMF_COMM=openmpi -DESMF_DIR=/glade/scratch/rlong/esmf-testing/intel_18.0.5_openmpi_O_jedwards_pio_update2 ESMF_RegridWeightGen.F90 -o /glade/scratch/rlong/esmf-testing/intel_18.0.5_openmpi_O_jedwards_pio_update2/obj/objO/Linux.intel.64.openmpi.default/src/apps/ESMF_RegridWeightGen/ESMF_RegridWeightGen.o
ls: cannot access '/glade/u/apps/ch/opt/ncarcompilers/0.5.0/intel/18.0.5/mpi/../lib*': No such file or directory
make chkdir_apps
make[5]: Entering directory '/glade/scratch/rlong/esmf-testing/intel_18.0.5_openmpi_O_jedwards_pio_update2/src/apps/ESMF_RegridWeightGen'
make[5]: Leaving directory '/glade/scratch/rlong/esmf-testing/intel_18.0.5_openmpi_O_jedwards_pio_update2/src/apps/ESMF_RegridWeightGen'
mpifort    -m64 -mcmodel=small -pthread -threads -Wl,--no-as-needed  -qopenmp -L/glade/scratch/rlong/esmf-testing/intel_18.0.5_openmpi_O_jedwards_pio_update2/DEFAULTINSTALLDIR/lib/libO/Linux.intel.64.openmpi.default -L/glade/u/apps/ch/opt/netcdf/4.6.3/intel/18.0.5/lib -L/glade/u/apps/ch/opt/netcdf/4.6.3/intel/18.0.5/lib -L/glade/u/apps/ch/opt/netcdf/4.6.3/intel/18.0.5//lib  -Wl,-rpath,/glade/scratch/rlong/esmf-testing/intel_18.0.5_openmpi_O_jedwards_pio_update2/DEFAULTINSTALLDIR/lib/libO/Linux.intel.64.openmpi.default -Wl,-rpath,/glade/u/apps/ch/opt/netcdf/4.6.3/intel/18.0.5/lib -Wl,-rpath,/glade/u/apps/ch/opt/netcdf/4.6.3/intel/18.0.5/lib -Wl,-rpath,/glade/u/apps/ch/opt/netcdf/4.6.3/intel/18.0.5//lib  -o /glade/scratch/rlong/esmf-testing/intel_18.0.5_openmpi_O_jedwards_pio_update2/DEFAULTINSTALLDIR/bin/binO/Linux.intel.64.openmpi.default/ESMF_RegridWeightGen /glade/scratch/rlong/esmf-testing/intel_18.0.5_openmpi_O_jedwards_pio_update2/obj/objO/Linux.intel.64.openmpi.default/src/apps/ESMF_RegridWeightGen/ESMF_RegridWeightGen.o -lesmf   -cxxlib -lrt -ldl -lnetcdf -lnetcdff -lnetcdf -lnetcdf -lpioc
make[4]: Leaving directory '/glade/scratch/rlong/esmf-testing/intel_18.0.5_openmpi_O_jedwards_pio_update2/src/apps/ESMF_RegridWeightGen'
tree_build_apps in: /glade/scratch/rlong/esmf-testing/intel_18.0.5_openmpi_O_jedwards_pio_update2/src/apps/ESMF_WebServController
make[4]: Entering directory '/glade/scratch/rlong/esmf-testing/intel_18.0.5_openmpi_O_jedwards_pio_update2/src/apps/ESMF_WebServController'
make chkdir_locobj
make[5]: Entering directory '/glade/scratch/rlong/esmf-testing/intel_18.0.5_openmpi_O_jedwards_pio_update2/src/apps/ESMF_WebServController'
Making directory /glade/scratch/rlong/esmf-testing/intel_18.0.5_openmpi_O_jedwards_pio_update2/obj/objO/Linux.intel.64.openmpi.default/src/apps/ESMF_WebServController for apps output
make[5]: Leaving directory '/glade/scratch/rlong/esmf-testing/intel_18.0.5_openmpi_O_jedwards_pio_update2/src/apps/ESMF_WebServController'
mpicxx -c -std=c++11 -O -DNDEBUG -fPIC -debug minimal -m64 -mcmodel=small -pthread  -qopenmp -I/glade/scratch/rlong/esmf-testing/intel_18.0.5_openmpi_O_jedwards_pio_update2/src/apps/ESMF_WebServController -I/glade/scratch/rlong/esmf-testing/intel_18.0.5_openmpi_O_jedwards_pio_update2/src/apps/ESMF_WebServController/../include -I/glade/scratch/rlong/esmf-testing/intel_18.0.5_openmpi_O_jedwards_pio_update2/build_config/Linux.intel.default -I/glade/scratch/rlong/esmf-testing/intel_18.0.5_openmpi_O_jedwards_pio_update2/src/Infrastructure -I/glade/scratch/rlong/esmf-testing/intel_18.0.5_openmpi_O_jedwards_pio_update2/src/Superstructure -I/glade/scratch/rlong/esmf-testing/intel_18.0.5_openmpi_O_jedwards_pio_update2/src/Infrastructure/stubs/pthread  -I/glade/scratch/rlong/esmf-testing/intel_18.0.5_openmpi_O_jedwards_pio_update2/src/include  -I/glade/u/apps/ch/opt/netcdf/4.6.3/intel/18.0.5/include -I/glade/scratch/rlong/esmf-testing/intel_18.0.5_openmpi_O_jedwards_pio_update2/src/prologue/yaml-cpp/include -DESMF_NO_INTEGER_1_BYTE -DESMF_NO_INTEGER_2_BYTE -DESMF_VERSION_STRING_GIT='"v8.3.0b09-93-ga567ee5dcd"' -DESMF_MOAB=1 -DESMF_LAPACK=1 -DESMF_LAPACK_INTERNAL=1 -DESMF_NO_ACC_SOFTWARE_STACK=1 -DESMF_NETCDF=1 -DESMF_YAMLCPP=1 -DESMF_YAML=1 -DESMF_PIO=1 -DESMF_NO_OPENACC -DESMF_TESTEXHAUSTIVE -DESMF_BOPT_O -DESMF_TESTCOMPTUNNEL -DESMF_TESTWITHTHREADS -DSx86_64_small=1 -DESMF_OS_Linux=1 -DESMF_COMM=openmpi -DESMF_DIR=/glade/scratch/rlong/esmf-testing/intel_18.0.5_openmpi_O_jedwards_pio_update2 -D__SDIR__='"src/apps/ESMF_WebServController"' -DESMF_CXXSTD=11 -DESMF_NO_SIGUSR2 ESMF_WebServController.C -o /glade/scratch/rlong/esmf-testing/intel_18.0.5_openmpi_O_jedwards_pio_update2/obj/objO/Linux.intel.64.openmpi.default/src/apps/ESMF_WebServController/ESMF_WebServController.o
make chkdir_apps
make[5]: Entering directory '/glade/scratch/rlong/esmf-testing/intel_18.0.5_openmpi_O_jedwards_pio_update2/src/apps/ESMF_WebServController'
make[5]: Leaving directory '/glade/scratch/rlong/esmf-testing/intel_18.0.5_openmpi_O_jedwards_pio_update2/src/apps/ESMF_WebServController'
mpicxx    -m64 -mcmodel=small -pthread -Wl,--no-as-needed  -qopenmp -L/glade/scratch/rlong/esmf-testing/intel_18.0.5_openmpi_O_jedwards_pio_update2/DEFAULTINSTALLDIR/lib/libO/Linux.intel.64.openmpi.default -L/glade/u/apps/ch/opt/netcdf/4.6.3/intel/18.0.5/lib -L/glade/u/apps/ch/opt/netcdf/4.6.3/intel/18.0.5/lib -L/glade/u/apps/ch/opt/netcdf/4.6.3/intel/18.0.5//lib -L/glade/u/apps/opt/intel/2018u4/compilers_and_libraries_2018.5.274/linux/compiler/lib/intel64_lin/ -Wl,-rpath,/glade/scratch/rlong/esmf-testing/intel_18.0.5_openmpi_O_jedwards_pio_update2/DEFAULTINSTALLDIR/lib/libO/Linux.intel.64.openmpi.default -Wl,-rpath,/glade/u/apps/ch/opt/netcdf/4.6.3/intel/18.0.5/lib -Wl,-rpath,/glade/u/apps/ch/opt/netcdf/4.6.3/intel/18.0.5/lib -Wl,-rpath,/glade/u/apps/ch/opt/netcdf/4.6.3/intel/18.0.5//lib  -Wl,-rpath,/glade/u/apps/opt/intel/2018u4/compilers_and_libraries_2018.5.274/linux/compiler/lib/intel64_lin/ -o /glade/scratch/rlong/esmf-testing/intel_18.0.5_openmpi_O_jedwards_pio_update2/DEFAULTINSTALLDIR/bin/binO/Linux.intel.64.openmpi.default/ESMF_WebServController /glade/scratch/rlong/esmf-testing/intel_18.0.5_openmpi_O_jedwards_pio_update2/obj/objO/Linux.intel.64.openmpi.default/src/apps/ESMF_WebServController/ESMF_WebServController.o -lesmf  -lsz -lz -limf -lm -ldl -lsec -lrt -ldl -lifport -lifcoremt -limf -lsvml -lm -lipgo -liomp5 -lintlc -lpthread -lsvml -lgcc -lgcc_s -lirc_s -ldl -lrt -ldl -lnetcdf -lnetcdff -lnetcdf -lnetcdf -lpioc
make[4]: Leaving directory '/glade/scratch/rlong/esmf-testing/intel_18.0.5_openmpi_O_jedwards_pio_update2/src/apps/ESMF_WebServController'
tree_build_apps in: /glade/scratch/rlong/esmf-testing/intel_18.0.5_openmpi_O_jedwards_pio_update2/src/apps/ESMF_Scrip2Unstruct
make[4]: Entering directory '/glade/scratch/rlong/esmf-testing/intel_18.0.5_openmpi_O_jedwards_pio_update2/src/apps/ESMF_Scrip2Unstruct'
make chkdir_locobj
make[5]: Entering directory '/glade/scratch/rlong/esmf-testing/intel_18.0.5_openmpi_O_jedwards_pio_update2/src/apps/ESMF_Scrip2Unstruct'
Making directory /glade/scratch/rlong/esmf-testing/intel_18.0.5_openmpi_O_jedwards_pio_update2/obj/objO/Linux.intel.64.openmpi.default/src/apps/ESMF_Scrip2Unstruct for apps output
make[5]: Leaving directory '/glade/scratch/rlong/esmf-testing/intel_18.0.5_openmpi_O_jedwards_pio_update2/src/apps/ESMF_Scrip2Unstruct'
mpicxx -c -std=c++11 -O -DNDEBUG -fPIC -debug minimal -m64 -mcmodel=small -pthread  -qopenmp -I/glade/scratch/rlong/esmf-testing/intel_18.0.5_openmpi_O_jedwards_pio_update2/src/apps/ESMF_Scrip2Unstruct -I/glade/scratch/rlong/esmf-testing/intel_18.0.5_openmpi_O_jedwards_pio_update2/src/apps/ESMF_Scrip2Unstruct/../include -I/glade/scratch/rlong/esmf-testing/intel_18.0.5_openmpi_O_jedwards_pio_update2/build_config/Linux.intel.default -I/glade/scratch/rlong/esmf-testing/intel_18.0.5_openmpi_O_jedwards_pio_update2/src/Infrastructure -I/glade/scratch/rlong/esmf-testing/intel_18.0.5_openmpi_O_jedwards_pio_update2/src/Superstructure -I/glade/scratch/rlong/esmf-testing/intel_18.0.5_openmpi_O_jedwards_pio_update2/src/Infrastructure/stubs/pthread  -I/glade/scratch/rlong/esmf-testing/intel_18.0.5_openmpi_O_jedwards_pio_update2/src/include  -I/glade/u/apps/ch/opt/netcdf/4.6.3/intel/18.0.5/include -I/glade/scratch/rlong/esmf-testing/intel_18.0.5_openmpi_O_jedwards_pio_update2/src/prologue/yaml-cpp/include -DESMF_NO_INTEGER_1_BYTE -DESMF_NO_INTEGER_2_BYTE -DESMF_VERSION_STRING_GIT='"v8.3.0b09-93-ga567ee5dcd"' -DESMF_MOAB=1 -DESMF_LAPACK=1 -DESMF_LAPACK_INTERNAL=1 -DESMF_NO_ACC_SOFTWARE_STACK=1 -DESMF_NETCDF=1 -DESMF_YAMLCPP=1 -DESMF_YAML=1 -DESMF_PIO=1 -DESMF_NO_OPENACC -DESMF_TESTEXHAUSTIVE -DESMF_BOPT_O -DESMF_TESTCOMPTUNNEL -DESMF_TESTWITHTHREADS -DSx86_64_small=1 -DESMF_OS_Linux=1 -DESMF_COMM=openmpi -DESMF_DIR=/glade/scratch/rlong/esmf-testing/intel_18.0.5_openmpi_O_jedwards_pio_update2 -D__SDIR__='"src/apps/ESMF_Scrip2Unstruct"' -DESMF_CXXSTD=11 -DESMF_NO_SIGUSR2 ESMF_Scrip2Unstruct.C -o /glade/scratch/rlong/esmf-testing/intel_18.0.5_openmpi_O_jedwards_pio_update2/obj/objO/Linux.intel.64.openmpi.default/src/apps/ESMF_Scrip2Unstruct/ESMF_Scrip2Unstruct.o
make chkdir_apps
make[5]: Entering directory '/glade/scratch/rlong/esmf-testing/intel_18.0.5_openmpi_O_jedwards_pio_update2/src/apps/ESMF_Scrip2Unstruct'
make[5]: Leaving directory '/glade/scratch/rlong/esmf-testing/intel_18.0.5_openmpi_O_jedwards_pio_update2/src/apps/ESMF_Scrip2Unstruct'
mpicxx    -m64 -mcmodel=small -pthread -Wl,--no-as-needed  -qopenmp -L/glade/scratch/rlong/esmf-testing/intel_18.0.5_openmpi_O_jedwards_pio_update2/DEFAULTINSTALLDIR/lib/libO/Linux.intel.64.openmpi.default -L/glade/u/apps/ch/opt/netcdf/4.6.3/intel/18.0.5/lib -L/glade/u/apps/ch/opt/netcdf/4.6.3/intel/18.0.5/lib -L/glade/u/apps/ch/opt/netcdf/4.6.3/intel/18.0.5//lib -L/glade/u/apps/opt/intel/2018u4/compilers_and_libraries_2018.5.274/linux/compiler/lib/intel64_lin/ -Wl,-rpath,/glade/scratch/rlong/esmf-testing/intel_18.0.5_openmpi_O_jedwards_pio_update2/DEFAULTINSTALLDIR/lib/libO/Linux.intel.64.openmpi.default -Wl,-rpath,/glade/u/apps/ch/opt/netcdf/4.6.3/intel/18.0.5/lib -Wl,-rpath,/glade/u/apps/ch/opt/netcdf/4.6.3/intel/18.0.5/lib -Wl,-rpath,/glade/u/apps/ch/opt/netcdf/4.6.3/intel/18.0.5//lib  -Wl,-rpath,/glade/u/apps/opt/intel/2018u4/compilers_and_libraries_2018.5.274/linux/compiler/lib/intel64_lin/ -o /glade/scratch/rlong/esmf-testing/intel_18.0.5_openmpi_O_jedwards_pio_update2/DEFAULTINSTALLDIR/bin/binO/Linux.intel.64.openmpi.default/ESMF_Scrip2Unstruct /glade/scratch/rlong/esmf-testing/intel_18.0.5_openmpi_O_jedwards_pio_update2/obj/objO/Linux.intel.64.openmpi.default/src/apps/ESMF_Scrip2Unstruct/ESMF_Scrip2Unstruct.o -lesmf  -lsz -lz -limf -lm -ldl -lsec -lrt -ldl -lifport -lifcoremt -limf -lsvml -lm -lipgo -liomp5 -lintlc -lpthread -lsvml -lgcc -lgcc_s -lirc_s -ldl -lrt -ldl -lnetcdf -lnetcdff -lnetcdf -lnetcdf -lpioc
make[4]: Leaving directory '/glade/scratch/rlong/esmf-testing/intel_18.0.5_openmpi_O_jedwards_pio_update2/src/apps/ESMF_Scrip2Unstruct'
tree_build_apps in: /glade/scratch/rlong/esmf-testing/intel_18.0.5_openmpi_O_jedwards_pio_update2/src/apps/ESMF_Regrid
make[4]: Entering directory '/glade/scratch/rlong/esmf-testing/intel_18.0.5_openmpi_O_jedwards_pio_update2/src/apps/ESMF_Regrid'
make chkdir_locobj
make[5]: Entering directory '/glade/scratch/rlong/esmf-testing/intel_18.0.5_openmpi_O_jedwards_pio_update2/src/apps/ESMF_Regrid'
Making directory /glade/scratch/rlong/esmf-testing/intel_18.0.5_openmpi_O_jedwards_pio_update2/obj/objO/Linux.intel.64.openmpi.default/src/apps/ESMF_Regrid for apps output
make[5]: Leaving directory '/glade/scratch/rlong/esmf-testing/intel_18.0.5_openmpi_O_jedwards_pio_update2/src/apps/ESMF_Regrid'
mpifort -c -O -fPIC -debug minimal -assume realloc_lhs -m64 -mcmodel=small -pthread -threads  -qopenmp -I/glade/scratch/rlong/esmf-testing/intel_18.0.5_openmpi_O_jedwards_pio_update2/src/apps/ESMF_Regrid -I/glade/scratch/rlong/esmf-testing/intel_18.0.5_openmpi_O_jedwards_pio_update2/build_config/Linux.intel.default -I/glade/scratch/rlong/esmf-testing/intel_18.0.5_openmpi_O_jedwards_pio_update2/src/Infrastructure -I/glade/scratch/rlong/esmf-testing/intel_18.0.5_openmpi_O_jedwards_pio_update2/src/Superstructure -I/glade/scratch/rlong/esmf-testing/intel_18.0.5_openmpi_O_jedwards_pio_update2/DEFAULTINSTALLDIR/mod/modO/Linux.intel.64.openmpi.default -I/glade/scratch/rlong/esmf-testing/intel_18.0.5_openmpi_O_jedwards_pio_update2/src/include -I/glade/u/apps/ch/opt/netcdf/4.6.3/intel/18.0.5/include -I/glade/u/apps/ch/opt/netcdf/4.6.3/intel/18.0.5/include  -DESMF_NO_INTEGER_1_BYTE -DESMF_NO_INTEGER_2_BYTE -DESMF_VERSION_STRING_GIT='"v8.3.0b09-93-ga567ee5dcd"' -DESMF_MOAB=1 -DESMF_LAPACK=1 -DESMF_LAPACK_INTERNAL=1 -DESMF_NO_ACC_SOFTWARE_STACK=1 -DESMF_NETCDF=1 -DESMF_YAMLCPP=1 -DESMF_YAML=1 -DESMF_PIO=1 -DESMF_NO_OPENACC -DESMF_TESTEXHAUSTIVE -DESMF_BOPT_O -DESMF_TESTCOMPTUNNEL -DESMF_TESTWITHTHREADS -DSx86_64_small=1 -DESMF_OS_Linux=1 -DESMF_COMM=openmpi -DESMF_DIR=/glade/scratch/rlong/esmf-testing/intel_18.0.5_openmpi_O_jedwards_pio_update2 ESMF_Regrid.F90 -o /glade/scratch/rlong/esmf-testing/intel_18.0.5_openmpi_O_jedwards_pio_update2/obj/objO/Linux.intel.64.openmpi.default/src/apps/ESMF_Regrid/ESMF_Regrid.o
ls: cannot access '/glade/u/apps/ch/opt/ncarcompilers/0.5.0/intel/18.0.5/mpi/../lib*': No such file or directory
make chkdir_apps
make[5]: Entering directory '/glade/scratch/rlong/esmf-testing/intel_18.0.5_openmpi_O_jedwards_pio_update2/src/apps/ESMF_Regrid'
make[5]: Leaving directory '/glade/scratch/rlong/esmf-testing/intel_18.0.5_openmpi_O_jedwards_pio_update2/src/apps/ESMF_Regrid'
mpifort    -m64 -mcmodel=small -pthread -threads -Wl,--no-as-needed  -qopenmp -L/glade/scratch/rlong/esmf-testing/intel_18.0.5_openmpi_O_jedwards_pio_update2/DEFAULTINSTALLDIR/lib/libO/Linux.intel.64.openmpi.default -L/glade/u/apps/ch/opt/netcdf/4.6.3/intel/18.0.5/lib -L/glade/u/apps/ch/opt/netcdf/4.6.3/intel/18.0.5/lib -L/glade/u/apps/ch/opt/netcdf/4.6.3/intel/18.0.5//lib  -Wl,-rpath,/glade/scratch/rlong/esmf-testing/intel_18.0.5_openmpi_O_jedwards_pio_update2/DEFAULTINSTALLDIR/lib/libO/Linux.intel.64.openmpi.default -Wl,-rpath,/glade/u/apps/ch/opt/netcdf/4.6.3/intel/18.0.5/lib -Wl,-rpath,/glade/u/apps/ch/opt/netcdf/4.6.3/intel/18.0.5/lib -Wl,-rpath,/glade/u/apps/ch/opt/netcdf/4.6.3/intel/18.0.5//lib  -o /glade/scratch/rlong/esmf-testing/intel_18.0.5_openmpi_O_jedwards_pio_update2/DEFAULTINSTALLDIR/bin/binO/Linux.intel.64.openmpi.default/ESMF_Regrid /glade/scratch/rlong/esmf-testing/intel_18.0.5_openmpi_O_jedwards_pio_update2/obj/objO/Linux.intel.64.openmpi.default/src/apps/ESMF_Regrid/ESMF_Regrid.o -lesmf   -cxxlib -lrt -ldl -lnetcdf -lnetcdff -lnetcdf -lnetcdf -lpioc
make[4]: Leaving directory '/glade/scratch/rlong/esmf-testing/intel_18.0.5_openmpi_O_jedwards_pio_update2/src/apps/ESMF_Regrid'
make[3]: Leaving directory '/glade/scratch/rlong/esmf-testing/intel_18.0.5_openmpi_O_jedwards_pio_update2/src/apps'
ESMF apps built successfully.
make[2]: Leaving directory '/glade/scratch/rlong/esmf-testing/intel_18.0.5_openmpi_O_jedwards_pio_update2'
make[1]: Leaving directory '/glade/scratch/rlong/esmf-testing/intel_18.0.5_openmpi_O_jedwards_pio_update2'
mkdir -p /glade/scratch/rlong/esmf-testing/intel_18.0.5_openmpi_O_jedwards_pio_update2/DEFAULTINSTALLDIR/doc
make install_info_mk
make[1]: Entering directory '/glade/scratch/rlong/esmf-testing/intel_18.0.5_openmpi_O_jedwards_pio_update2'
make info_mk ESMF_APPSDIR=/glade/scratch/rlong/esmf-testing/intel_18.0.5_openmpi_O_jedwards_pio_update2/DEFAULTINSTALLDIR/bin/binO/Linux.intel.64.openmpi.default ESMF_LDIR=/glade/scratch/rlong/esmf-testing/intel_18.0.5_openmpi_O_jedwards_pio_update2/DEFAULTINSTALLDIR/lib/libO/Linux.intel.64.openmpi.default ESMF_LIBDIR=/glade/scratch/rlong/esmf-testing/intel_18.0.5_openmpi_O_jedwards_pio_update2/DEFAULTINSTALLDIR/lib/libO/Linux.intel.64.openmpi.default ESMF_MODDIR=/glade/scratch/rlong/esmf-testing/intel_18.0.5_openmpi_O_jedwards_pio_update2/DEFAULTINSTALLDIR/mod/modO/Linux.intel.64.openmpi.default ESMF_INCDIR=/glade/scratch/rlong/esmf-testing/intel_18.0.5_openmpi_O_jedwards_pio_update2/DEFAULTINSTALLDIR/include
make[2]: Entering directory '/glade/scratch/rlong/esmf-testing/intel_18.0.5_openmpi_O_jedwards_pio_update2'
ls: cannot access '/glade/u/apps/ch/opt/ncarcompilers/0.5.0/intel/18.0.5/mpi/../lib*': No such file or directory
ls: cannot access '/glade/u/apps/ch/opt/ncarcompilers/0.5.0/intel/18.0.5/mpi/../lib*': No such file or directory
make[2]: Leaving directory '/glade/scratch/rlong/esmf-testing/intel_18.0.5_openmpi_O_jedwards_pio_update2'
make[1]: Leaving directory '/glade/scratch/rlong/esmf-testing/intel_18.0.5_openmpi_O_jedwards_pio_update2'
 
ESMF installation complete.
 
