build time -- 2022-03-04 23:57:57
20220305 003459.898 INFO             PET0 !!!!!!!!!!!!!!!!!!!!!!!!!!!!!!!!!!!!!!!!!!!!!!!!!!!!!!
20220305 003459.898 INFO             PET0 !!! THE ESMF_LOG IS SET TO OUTPUT ALL LOG MESSAGES !!!
20220305 003459.898 INFO             PET0 !!!     THIS MAY CAUSE SLOWDOWN IN PERFORMANCE     !!!
20220305 003459.898 INFO             PET0 !!! FOR PRODUCTION RUNS, USE:                      !!!
20220305 003459.898 INFO             PET0 !!!                   ESMF_LOGKIND_Multi_On_Error  !!!
20220305 003459.898 INFO             PET0 !!!!!!!!!!!!!!!!!!!!!!!!!!!!!!!!!!!!!!!!!!!!!!!!!!!!!!
20220305 003459.898 INFO             PET0 Running with ESMF Version   : v8.3.0b09
20220305 003459.898 INFO             PET0 ESMF library build date/time: "Mar  4 2022" "23:55:59"
20220305 003459.898 INFO             PET0 ESMF library build location : /lustre/f2/dev/ncep/Mark.Potts/intel_2019.5_mpi_g_develop
20220305 003459.898 INFO             PET0 ESMF_COMM                   : mpi
20220305 003459.899 INFO             PET0 ESMF_MOAB                   : enabled
20220305 003459.899 INFO             PET0 ESMF_LAPACK                 : enabled
20220305 003459.899 INFO             PET0 ESMF_NETCDF                 : enabled
20220305 003459.899 INFO             PET0 ESMF_PNETCDF                : disabled
20220305 003459.899 INFO             PET0 ESMF_PIO                    : enabled
20220305 003459.899 INFO             PET0 ESMF_YAMLCPP                : enabled
20220305 003459.900 INFO             PET0  NUMBER_OF_PROCESSORS           1
20220305 003459.900 INFO             PET0  PASS  Example ESMF_TimeIntervalEx, ESMF_TimeIntervalEx.F90, line 176
20220305 003459.900 INFO             PET0 Finalizing ESMF
