build time -- 2022-03-22 01:24:42
20220322 020007.449 INFO             PET0 !!!!!!!!!!!!!!!!!!!!!!!!!!!!!!!!!!!!!!!!!!!!!!!!!!!!!!
20220322 020007.449 INFO             PET0 !!! THE ESMF_LOG IS SET TO OUTPUT ALL LOG MESSAGES !!!
20220322 020007.449 INFO             PET0 !!!     THIS MAY CAUSE SLOWDOWN IN PERFORMANCE     !!!
20220322 020007.449 INFO             PET0 !!! FOR PRODUCTION RUNS, USE:                      !!!
20220322 020007.449 INFO             PET0 !!!                   ESMF_LOGKIND_Multi_On_Error  !!!
20220322 020007.449 INFO             PET0 !!!!!!!!!!!!!!!!!!!!!!!!!!!!!!!!!!!!!!!!!!!!!!!!!!!!!!
20220322 020007.449 INFO             PET0 Running with ESMF Version   : v8.3.0b09-5-g496f893947
20220322 020007.449 INFO             PET0 ESMF library build date/time: "Mar 22 2022" "01:22:50"
20220322 020007.449 INFO             PET0 ESMF library build location : /lustre/f2/dev/ncep/Mark.Potts/intel_2019.5_mpi_g_develop
20220322 020007.449 INFO             PET0 ESMF_COMM                   : mpi
20220322 020007.450 INFO             PET0 ESMF_MOAB                   : enabled
20220322 020007.450 INFO             PET0 ESMF_LAPACK                 : enabled
20220322 020007.450 INFO             PET0 ESMF_NETCDF                 : enabled
20220322 020007.450 INFO             PET0 ESMF_PNETCDF                : disabled
20220322 020007.450 INFO             PET0 ESMF_PIO                    : enabled
20220322 020007.450 INFO             PET0 ESMF_YAMLCPP                : enabled
20220322 020007.467 INFO             PET0  NUMBER_OF_PROCESSORS           4
20220322 020007.467 INFO             PET0  PASS  Example ESMF_FieldArbGridEx, ESMF_FieldArbGridEx.F90, line 243
20220322 020007.467 INFO             PET0 Finalizing ESMF
20220322 020007.457 INFO             PET1 !!!!!!!!!!!!!!!!!!!!!!!!!!!!!!!!!!!!!!!!!!!!!!!!!!!!!!
20220322 020007.457 INFO             PET1 !!! THE ESMF_LOG IS SET TO OUTPUT ALL LOG MESSAGES !!!
20220322 020007.457 INFO             PET1 !!!     THIS MAY CAUSE SLOWDOWN IN PERFORMANCE     !!!
20220322 020007.457 INFO             PET1 !!! FOR PRODUCTION RUNS, USE:                      !!!
20220322 020007.457 INFO             PET1 !!!                   ESMF_LOGKIND_Multi_On_Error  !!!
20220322 020007.457 INFO             PET1 !!!!!!!!!!!!!!!!!!!!!!!!!!!!!!!!!!!!!!!!!!!!!!!!!!!!!!
20220322 020007.457 INFO             PET1 Running with ESMF Version   : v8.3.0b09-5-g496f893947
20220322 020007.457 INFO             PET1 ESMF library build date/time: "Mar 22 2022" "01:22:50"
20220322 020007.457 INFO             PET1 ESMF library build location : /lustre/f2/dev/ncep/Mark.Potts/intel_2019.5_mpi_g_develop
20220322 020007.457 INFO             PET1 ESMF_COMM                   : mpi
20220322 020007.458 INFO             PET1 ESMF_MOAB                   : enabled
20220322 020007.458 INFO             PET1 ESMF_LAPACK                 : enabled
20220322 020007.458 INFO             PET1 ESMF_NETCDF                 : enabled
20220322 020007.458 INFO             PET1 ESMF_PNETCDF                : disabled
20220322 020007.458 INFO             PET1 ESMF_PIO                    : enabled
20220322 020007.458 INFO             PET1 ESMF_YAMLCPP                : enabled
20220322 020007.467 INFO             PET1  NUMBER_OF_PROCESSORS           4
20220322 020007.467 INFO             PET1  PASS  Example ESMF_FieldArbGridEx, ESMF_FieldArbGridEx.F90, line 243
20220322 020007.467 INFO             PET1 Finalizing ESMF
20220322 020007.451 INFO             PET2 !!!!!!!!!!!!!!!!!!!!!!!!!!!!!!!!!!!!!!!!!!!!!!!!!!!!!!
20220322 020007.451 INFO             PET2 !!! THE ESMF_LOG IS SET TO OUTPUT ALL LOG MESSAGES !!!
20220322 020007.451 INFO             PET2 !!!     THIS MAY CAUSE SLOWDOWN IN PERFORMANCE     !!!
20220322 020007.451 INFO             PET2 !!! FOR PRODUCTION RUNS, USE:                      !!!
20220322 020007.451 INFO             PET2 !!!                   ESMF_LOGKIND_Multi_On_Error  !!!
20220322 020007.451 INFO             PET2 !!!!!!!!!!!!!!!!!!!!!!!!!!!!!!!!!!!!!!!!!!!!!!!!!!!!!!
20220322 020007.451 INFO             PET2 Running with ESMF Version   : v8.3.0b09-5-g496f893947
20220322 020007.451 INFO             PET2 ESMF library build date/time: "Mar 22 2022" "01:22:50"
20220322 020007.451 INFO             PET2 ESMF library build location : /lustre/f2/dev/ncep/Mark.Potts/intel_2019.5_mpi_g_develop
20220322 020007.451 INFO             PET2 ESMF_COMM                   : mpi
20220322 020007.452 INFO             PET2 ESMF_MOAB                   : enabled
20220322 020007.452 INFO             PET2 ESMF_LAPACK                 : enabled
20220322 020007.452 INFO             PET2 ESMF_NETCDF                 : enabled
20220322 020007.452 INFO             PET2 ESMF_PNETCDF                : disabled
20220322 020007.452 INFO             PET2 ESMF_PIO                    : enabled
20220322 020007.452 INFO             PET2 ESMF_YAMLCPP                : enabled
20220322 020007.467 INFO             PET2  NUMBER_OF_PROCESSORS           4
20220322 020007.467 INFO             PET2  PASS  Example ESMF_FieldArbGridEx, ESMF_FieldArbGridEx.F90, line 243
20220322 020007.467 INFO             PET2 Finalizing ESMF
20220322 020007.461 INFO             PET3 !!!!!!!!!!!!!!!!!!!!!!!!!!!!!!!!!!!!!!!!!!!!!!!!!!!!!!
20220322 020007.461 INFO             PET3 !!! THE ESMF_LOG IS SET TO OUTPUT ALL LOG MESSAGES !!!
20220322 020007.461 INFO             PET3 !!!     THIS MAY CAUSE SLOWDOWN IN PERFORMANCE     !!!
20220322 020007.461 INFO             PET3 !!! FOR PRODUCTION RUNS, USE:                      !!!
20220322 020007.461 INFO             PET3 !!!                   ESMF_LOGKIND_Multi_On_Error  !!!
20220322 020007.461 INFO             PET3 !!!!!!!!!!!!!!!!!!!!!!!!!!!!!!!!!!!!!!!!!!!!!!!!!!!!!!
20220322 020007.461 INFO             PET3 Running with ESMF Version   : v8.3.0b09-5-g496f893947
20220322 020007.461 INFO             PET3 ESMF library build date/time: "Mar 22 2022" "01:22:50"
20220322 020007.461 INFO             PET3 ESMF library build location : /lustre/f2/dev/ncep/Mark.Potts/intel_2019.5_mpi_g_develop
20220322 020007.461 INFO             PET3 ESMF_COMM                   : mpi
20220322 020007.462 INFO             PET3 ESMF_MOAB                   : enabled
20220322 020007.462 INFO             PET3 ESMF_LAPACK                 : enabled
20220322 020007.462 INFO             PET3 ESMF_NETCDF                 : enabled
20220322 020007.462 INFO             PET3 ESMF_PNETCDF                : disabled
20220322 020007.462 INFO             PET3 ESMF_PIO                    : enabled
20220322 020007.462 INFO             PET3 ESMF_YAMLCPP                : enabled
20220322 020007.467 INFO             PET3  NUMBER_OF_PROCESSORS           4
20220322 020007.467 INFO             PET3  PASS  Example ESMF_FieldArbGridEx, ESMF_FieldArbGridEx.F90, line 243
20220322 020007.467 INFO             PET3 Finalizing ESMF
