build time -- 2022-03-07 00:12:41
20220307 004811.012 INFO             PET0 !!!!!!!!!!!!!!!!!!!!!!!!!!!!!!!!!!!!!!!!!!!!!!!!!!!!!!
20220307 004811.013 INFO             PET0 !!! THE ESMF_LOG IS SET TO OUTPUT ALL LOG MESSAGES !!!
20220307 004811.013 INFO             PET0 !!!     THIS MAY CAUSE SLOWDOWN IN PERFORMANCE     !!!
20220307 004811.013 INFO             PET0 !!! FOR PRODUCTION RUNS, USE:                      !!!
20220307 004811.013 INFO             PET0 !!!                   ESMF_LOGKIND_Multi_On_Error  !!!
20220307 004811.013 INFO             PET0 !!!!!!!!!!!!!!!!!!!!!!!!!!!!!!!!!!!!!!!!!!!!!!!!!!!!!!
20220307 004811.014 INFO             PET0 Running with ESMF Version   : v8.3.0b09
20220307 004811.014 INFO             PET0 ESMF library build date/time: "Mar  7 2022" "00:10:35"
20220307 004811.014 INFO             PET0 ESMF library build location : /lustre/f2/dev/ncep/Mark.Potts/intel_2019.5_mpi_g_develop
20220307 004811.014 INFO             PET0 ESMF_COMM                   : mpi
20220307 004811.017 INFO             PET0 ESMF_MOAB                   : enabled
20220307 004811.017 INFO             PET0 ESMF_LAPACK                 : enabled
20220307 004811.017 INFO             PET0 ESMF_NETCDF                 : enabled
20220307 004811.017 INFO             PET0 ESMF_PNETCDF                : disabled
20220307 004811.017 INFO             PET0 ESMF_PIO                    : enabled
20220307 004811.017 INFO             PET0 ESMF_YAMLCPP                : enabled
20220307 004811.022 INFO             PET0  NUMBER_OF_PROCESSORS           2
20220307 004811.022 INFO             PET0  PASS  Example ESMF_VMUserMpiCommEx, ESMF_VMUserMpiCommEx.F90, line 113
20220307 004811.023 INFO             PET0 Finalizing ESMF
20220307 004811.017 INFO             PET1 !!!!!!!!!!!!!!!!!!!!!!!!!!!!!!!!!!!!!!!!!!!!!!!!!!!!!!
20220307 004811.018 INFO             PET1 !!! THE ESMF_LOG IS SET TO OUTPUT ALL LOG MESSAGES !!!
20220307 004811.018 INFO             PET1 !!!     THIS MAY CAUSE SLOWDOWN IN PERFORMANCE     !!!
20220307 004811.018 INFO             PET1 !!! FOR PRODUCTION RUNS, USE:                      !!!
20220307 004811.018 INFO             PET1 !!!                   ESMF_LOGKIND_Multi_On_Error  !!!
20220307 004811.018 INFO             PET1 !!!!!!!!!!!!!!!!!!!!!!!!!!!!!!!!!!!!!!!!!!!!!!!!!!!!!!
20220307 004811.018 INFO             PET1 Running with ESMF Version   : v8.3.0b09
20220307 004811.018 INFO             PET1 ESMF library build date/time: "Mar  7 2022" "00:10:35"
20220307 004811.018 INFO             PET1 ESMF library build location : /lustre/f2/dev/ncep/Mark.Potts/intel_2019.5_mpi_g_develop
20220307 004811.018 INFO             PET1 ESMF_COMM                   : mpi
20220307 004811.019 INFO             PET1 ESMF_MOAB                   : enabled
20220307 004811.019 INFO             PET1 ESMF_LAPACK                 : enabled
20220307 004811.019 INFO             PET1 ESMF_NETCDF                 : enabled
20220307 004811.019 INFO             PET1 ESMF_PNETCDF                : disabled
20220307 004811.019 INFO             PET1 ESMF_PIO                    : enabled
20220307 004811.019 INFO             PET1 ESMF_YAMLCPP                : enabled
20220307 004811.022 INFO             PET1  NUMBER_OF_PROCESSORS           2
20220307 004811.022 INFO             PET1  PASS  Example ESMF_VMUserMpiCommEx, ESMF_VMUserMpiCommEx.F90, line 113
20220307 004811.023 INFO             PET1 Finalizing ESMF
