build time -- 2022-03-27 00:34:34
 localPET=           0  localDE=           0 : array(           1 ,           1 
 )=  6.953289877498647E-310
 localPET=           0  localDE=           0 : array(           1 ,           2 
 )=  6.109163475470851E+223
 localPET=           1  localDE=           0 : array(           1 ,           1 
 )=  0.000000000000000E+000
 localPET=           1  localDE=           0 : array(           1 ,           2 
 )=  0.000000000000000E+000
 localPET=           1  localDE=           0 : array(           2 ,           1 
 )=  0.000000000000000E+000
 localPET=           1  localDE=           0 : array(           2 ,           2 
 )=  0.000000000000000E+000
 localPET=           1  localDE=           1 : array(           1 ,           1 
 )=  0.000000000000000E+000
 localPET=           1  localDE=           1 : array(           2 ,           1 
 )=  0.000000000000000E+000
 localPET=           2  localDE=           0 : array(           1 ,           1 
 )=  6.953289877498647E-310
 localPET=           2  localDE=           0 : array(           1 ,           2 
 )=  6.109163475470851E+223
 localPET=           2  localDE=           0 : array(           2 ,           1 
 )=  6.013471088102870E-154
 localPET=           2  localDE=           0 : array(           2 ,           2 
 )=  6.013858495167002E-154
 localPET=           2  localDE=           0 : array(           3 ,           1 
 )=  6.013470016999068E-154
 localPET=           2  localDE=           0 : array(           3 ,           2 
 )=  6.013470016999068E-154
 localPET=           3  localDE=           0 : array(           1 ,           1 
 )=  9.881312916824931E-324
 localPET=           3  localDE=           0 : array(           1 ,           2 
 )=  0.000000000000000E+000
 localPET=           3  localDE=           0 : array(           2 ,           1 
 )=  0.000000000000000E+000
 localPET=           3  localDE=           0 : array(           2 ,           2 
 )=  0.000000000000000E+000
 localPET=           0  localDE=           0 : array(           2 ,           1 
 )=  6.013471088102870E-154
 localPET=           0  localDE=           0 : array(           2 ,           2 
 )=  6.013858495167002E-154
 localPET=           0  localDE=           0 : array(           3 ,           1 
 )=  6.013470016999068E-154
 localPET=           0  localDE=           0 : array(           3 ,           2 
 )=  6.013470016999068E-154
 localPET=           0  localDE=           1 : array(           1 ,           1 
 )=  9.881312916824931E-324
 localPET=           0  localDE=           1 : array(           2 ,           1 
 )=  0.000000000000000E+000
 localPET=           0  localDE=           1 : array(           3 ,           1 
 )=  0.000000000000000E+000
 localPet:            0 DE            0  [           1           3 ]
 localPet:            0 DE            4  [           1           3 ]
 localPet:            2 DE            2  [           1           3 ]
 localPet:            3 DE            3  [           1           2 ]
 localPet:            1 DE            1  [           1           2 ]
 localPet:            1 DE            5  [           1           2 ]
  PASS  Example ESMF_ArrayEx, ESMF_ArrayEx.F90, line 1899
 PASS: ESMF_ArrayEx.F90
  PASS  Example ESMF_ArrayEx, ESMF_ArrayEx.F90, line 1899
 PASS: ESMF_ArrayEx.F90
  PASS  Example ESMF_ArrayEx, ESMF_ArrayEx.F90, line 1899
 PASS: ESMF_ArrayEx.F90
  PASS  Example ESMF_ArrayEx, ESMF_ArrayEx.F90, line 1899
 PASS: ESMF_ArrayEx.F90
