build time -- 2022-03-11 23:53:50
20220312 002704.502 INFO             PET0 !!!!!!!!!!!!!!!!!!!!!!!!!!!!!!!!!!!!!!!!!!!!!!!!!!!!!!
20220312 002704.502 INFO             PET0 !!! THE ESMF_LOG IS SET TO OUTPUT ALL LOG MESSAGES !!!
20220312 002704.502 INFO             PET0 !!!     THIS MAY CAUSE SLOWDOWN IN PERFORMANCE     !!!
20220312 002704.502 INFO             PET0 !!! FOR PRODUCTION RUNS, USE:                      !!!
20220312 002704.502 INFO             PET0 !!!                   ESMF_LOGKIND_Multi_On_Error  !!!
20220312 002704.502 INFO             PET0 !!!!!!!!!!!!!!!!!!!!!!!!!!!!!!!!!!!!!!!!!!!!!!!!!!!!!!
20220312 002704.502 INFO             PET0 Running with ESMF Version   : v8.3.0b09
20220312 002704.502 INFO             PET0 ESMF library build date/time: "Mar 11 2022" "23:51:57"
20220312 002704.502 INFO             PET0 ESMF library build location : /lustre/f2/dev/ncep/Mark.Potts/intel_2019.5_mpi_g_develop
20220312 002704.502 INFO             PET0 ESMF_COMM                   : mpi
20220312 002704.504 INFO             PET0 ESMF_MOAB                   : enabled
20220312 002704.504 INFO             PET0 ESMF_LAPACK                 : enabled
20220312 002704.504 INFO             PET0 ESMF_NETCDF                 : enabled
20220312 002704.504 INFO             PET0 ESMF_PNETCDF                : disabled
20220312 002704.504 INFO             PET0 ESMF_PIO                    : enabled
20220312 002704.504 INFO             PET0 ESMF_YAMLCPP                : enabled
20220312 002704.504 INFO             PET0 ESMF Tracing Enabled
20220312 002704.504 INFO             PET0 ESMF Profiling Enabled
20220312 002704.504 INFO             PET0 ESMF Trace/Profile clock: REALTIME
20220312 002704.507 INFO             PET0  NUMBER_OF_PROCESSORS           4
20220312 002704.507 INFO             PET0  PASS  Example ESMF_TraceEx, ESMF_TraceEx.F90, line 178
20220312 002704.507 INFO             PET0 Finalizing ESMF
20220312 002704.507 INFO             PET0 **************** Region Timings *******************
20220312 002704.507 INFO             PET0 Region              Count  Total (s)   Self (s)    Mean (s)    Min (s)     Max (s)
20220312 002704.507 INFO             PET0   [test] Run 1      5      0.0000      0.0000      0.0000      0.0000      0.0000
20220312 002704.507 INFO             PET0   [test] Init 1     1      0.0000      0.0000      0.0000      0.0000      0.0000
20220312 002704.508 INFO             PET0   [test] Final 1    1      0.0000      0.0000      0.0000      0.0000      0.0000
20220312 002704.489 INFO             PET1 !!!!!!!!!!!!!!!!!!!!!!!!!!!!!!!!!!!!!!!!!!!!!!!!!!!!!!
20220312 002704.489 INFO             PET1 !!! THE ESMF_LOG IS SET TO OUTPUT ALL LOG MESSAGES !!!
20220312 002704.489 INFO             PET1 !!!     THIS MAY CAUSE SLOWDOWN IN PERFORMANCE     !!!
20220312 002704.489 INFO             PET1 !!! FOR PRODUCTION RUNS, USE:                      !!!
20220312 002704.489 INFO             PET1 !!!                   ESMF_LOGKIND_Multi_On_Error  !!!
20220312 002704.489 INFO             PET1 !!!!!!!!!!!!!!!!!!!!!!!!!!!!!!!!!!!!!!!!!!!!!!!!!!!!!!
20220312 002704.489 INFO             PET1 Running with ESMF Version   : v8.3.0b09
20220312 002704.489 INFO             PET1 ESMF library build date/time: "Mar 11 2022" "23:51:57"
20220312 002704.489 INFO             PET1 ESMF library build location : /lustre/f2/dev/ncep/Mark.Potts/intel_2019.5_mpi_g_develop
20220312 002704.489 INFO             PET1 ESMF_COMM                   : mpi
20220312 002704.489 INFO             PET1 ESMF_MOAB                   : enabled
20220312 002704.489 INFO             PET1 ESMF_LAPACK                 : enabled
20220312 002704.489 INFO             PET1 ESMF_NETCDF                 : enabled
20220312 002704.489 INFO             PET1 ESMF_PNETCDF                : disabled
20220312 002704.489 INFO             PET1 ESMF_PIO                    : enabled
20220312 002704.489 INFO             PET1 ESMF_YAMLCPP                : enabled
20220312 002704.490 INFO             PET1 ESMF Tracing Enabled
20220312 002704.490 INFO             PET1 ESMF Profiling Enabled
20220312 002704.490 INFO             PET1 ESMF Trace/Profile clock: REALTIME
20220312 002704.507 INFO             PET1  NUMBER_OF_PROCESSORS           4
20220312 002704.508 INFO             PET1  PASS  Example ESMF_TraceEx, ESMF_TraceEx.F90, line 178
20220312 002704.508 INFO             PET1 Finalizing ESMF
20220312 002704.508 INFO             PET1 **************** Region Timings *******************
20220312 002704.508 INFO             PET1 Region              Count  Total (s)   Self (s)    Mean (s)    Min (s)     Max (s)
20220312 002704.508 INFO             PET1   [test] Init 1     1      0.0001      0.0001      0.0001      0.0001      0.0001
20220312 002704.508 INFO             PET1   [test] Run 1      5      0.0000      0.0000      0.0000      0.0000      0.0000
20220312 002704.508 INFO             PET1   [test] Final 1    1      0.0000      0.0000      0.0000      0.0000      0.0000
20220312 002704.493 INFO             PET2 !!!!!!!!!!!!!!!!!!!!!!!!!!!!!!!!!!!!!!!!!!!!!!!!!!!!!!
20220312 002704.493 INFO             PET2 !!! THE ESMF_LOG IS SET TO OUTPUT ALL LOG MESSAGES !!!
20220312 002704.493 INFO             PET2 !!!     THIS MAY CAUSE SLOWDOWN IN PERFORMANCE     !!!
20220312 002704.493 INFO             PET2 !!! FOR PRODUCTION RUNS, USE:                      !!!
20220312 002704.493 INFO             PET2 !!!                   ESMF_LOGKIND_Multi_On_Error  !!!
20220312 002704.493 INFO             PET2 !!!!!!!!!!!!!!!!!!!!!!!!!!!!!!!!!!!!!!!!!!!!!!!!!!!!!!
20220312 002704.493 INFO             PET2 Running with ESMF Version   : v8.3.0b09
20220312 002704.493 INFO             PET2 ESMF library build date/time: "Mar 11 2022" "23:51:57"
20220312 002704.493 INFO             PET2 ESMF library build location : /lustre/f2/dev/ncep/Mark.Potts/intel_2019.5_mpi_g_develop
20220312 002704.493 INFO             PET2 ESMF_COMM                   : mpi
20220312 002704.494 INFO             PET2 ESMF_MOAB                   : enabled
20220312 002704.494 INFO             PET2 ESMF_LAPACK                 : enabled
20220312 002704.494 INFO             PET2 ESMF_NETCDF                 : enabled
20220312 002704.494 INFO             PET2 ESMF_PNETCDF                : disabled
20220312 002704.494 INFO             PET2 ESMF_PIO                    : enabled
20220312 002704.494 INFO             PET2 ESMF_YAMLCPP                : enabled
20220312 002704.494 INFO             PET2 ESMF Tracing Enabled
20220312 002704.494 INFO             PET2 ESMF Profiling Enabled
20220312 002704.494 INFO             PET2 ESMF Trace/Profile clock: REALTIME
20220312 002704.507 INFO             PET2  NUMBER_OF_PROCESSORS           4
20220312 002704.507 INFO             PET2  PASS  Example ESMF_TraceEx, ESMF_TraceEx.F90, line 178
20220312 002704.507 INFO             PET2 Finalizing ESMF
20220312 002704.507 INFO             PET2 **************** Region Timings *******************
20220312 002704.508 INFO             PET2 Region              Count  Total (s)   Self (s)    Mean (s)    Min (s)     Max (s)
20220312 002704.508 INFO             PET2   [test] Init 1     1      0.0001      0.0001      0.0001      0.0001      0.0001
20220312 002704.508 INFO             PET2   [test] Run 1      5      0.0000      0.0000      0.0000      0.0000      0.0000
20220312 002704.508 INFO             PET2   [test] Final 1    1      0.0000      0.0000      0.0000      0.0000      0.0000
20220312 002704.498 INFO             PET3 !!!!!!!!!!!!!!!!!!!!!!!!!!!!!!!!!!!!!!!!!!!!!!!!!!!!!!
20220312 002704.498 INFO             PET3 !!! THE ESMF_LOG IS SET TO OUTPUT ALL LOG MESSAGES !!!
20220312 002704.498 INFO             PET3 !!!     THIS MAY CAUSE SLOWDOWN IN PERFORMANCE     !!!
20220312 002704.498 INFO             PET3 !!! FOR PRODUCTION RUNS, USE:                      !!!
20220312 002704.498 INFO             PET3 !!!                   ESMF_LOGKIND_Multi_On_Error  !!!
20220312 002704.498 INFO             PET3 !!!!!!!!!!!!!!!!!!!!!!!!!!!!!!!!!!!!!!!!!!!!!!!!!!!!!!
20220312 002704.498 INFO             PET3 Running with ESMF Version   : v8.3.0b09
20220312 002704.498 INFO             PET3 ESMF library build date/time: "Mar 11 2022" "23:51:57"
20220312 002704.498 INFO             PET3 ESMF library build location : /lustre/f2/dev/ncep/Mark.Potts/intel_2019.5_mpi_g_develop
20220312 002704.498 INFO             PET3 ESMF_COMM                   : mpi
20220312 002704.499 INFO             PET3 ESMF_MOAB                   : enabled
20220312 002704.499 INFO             PET3 ESMF_LAPACK                 : enabled
20220312 002704.499 INFO             PET3 ESMF_NETCDF                 : enabled
20220312 002704.499 INFO             PET3 ESMF_PNETCDF                : disabled
20220312 002704.499 INFO             PET3 ESMF_PIO                    : enabled
20220312 002704.499 INFO             PET3 ESMF_YAMLCPP                : enabled
20220312 002704.499 INFO             PET3 ESMF Tracing Enabled
20220312 002704.499 INFO             PET3 ESMF Profiling Enabled
20220312 002704.499 INFO             PET3 ESMF Trace/Profile clock: REALTIME
20220312 002704.507 INFO             PET3  NUMBER_OF_PROCESSORS           4
20220312 002704.507 INFO             PET3  PASS  Example ESMF_TraceEx, ESMF_TraceEx.F90, line 178
20220312 002704.508 INFO             PET3 Finalizing ESMF
20220312 002704.508 INFO             PET3 **************** Region Timings *******************
20220312 002704.508 INFO             PET3 Region              Count  Total (s)   Self (s)    Mean (s)    Min (s)     Max (s)
20220312 002704.508 INFO             PET3   [test] Init 1     1      0.0001      0.0001      0.0001      0.0001      0.0001
20220312 002704.508 INFO             PET3   [test] Run 1      5      0.0000      0.0000      0.0000      0.0000      0.0000
20220312 002704.508 INFO             PET3   [test] Final 1    1      0.0000      0.0000      0.0000      0.0000      0.0000
