build time -- 2022-03-23 00:59:18
20220323 013553.709 INFO             PET0 !!!!!!!!!!!!!!!!!!!!!!!!!!!!!!!!!!!!!!!!!!!!!!!!!!!!!!
20220323 013553.709 INFO             PET0 !!! THE ESMF_LOG IS SET TO OUTPUT ALL LOG MESSAGES !!!
20220323 013553.709 INFO             PET0 !!!     THIS MAY CAUSE SLOWDOWN IN PERFORMANCE     !!!
20220323 013553.709 INFO             PET0 !!! FOR PRODUCTION RUNS, USE:                      !!!
20220323 013553.709 INFO             PET0 !!!                   ESMF_LOGKIND_Multi_On_Error  !!!
20220323 013553.709 INFO             PET0 !!!!!!!!!!!!!!!!!!!!!!!!!!!!!!!!!!!!!!!!!!!!!!!!!!!!!!
20220323 013553.709 INFO             PET0 Running with ESMF Version   : v8.3.0b09-6-gdac1bc5728
20220323 013553.709 INFO             PET0 ESMF library build date/time: "Mar 23 2022" "00:57:12"
20220323 013553.709 INFO             PET0 ESMF library build location : /lustre/f2/dev/ncep/Mark.Potts/intel_2019.5_mpi_g_develop
20220323 013553.709 INFO             PET0 ESMF_COMM                   : mpi
20220323 013553.710 INFO             PET0 ESMF_MOAB                   : enabled
20220323 013553.710 INFO             PET0 ESMF_LAPACK                 : enabled
20220323 013553.710 INFO             PET0 ESMF_NETCDF                 : enabled
20220323 013553.710 INFO             PET0 ESMF_PNETCDF                : disabled
20220323 013553.710 INFO             PET0 ESMF_PIO                    : enabled
20220323 013553.710 INFO             PET0 ESMF_YAMLCPP                : enabled
20220323 013553.744 INFO             PET0 ESMF_FieldRedistStoreNF(): Just entered routine.
20220323 013553.788 INFO             PET0 ESMF_FieldRedistStoreNF(): Leaving routine.
20220323 013553.792 INFO             PET0  NUMBER_OF_PROCESSORS           4
20220323 013553.793 INFO             PET0  PASS  Example ESMF_RHandleFromRHandleEx, ESMF_RHandleFromRHandleEx.F90, line 660
20220323 013553.793 INFO             PET0 Finalizing ESMF
20220323 013553.727 INFO             PET1 !!!!!!!!!!!!!!!!!!!!!!!!!!!!!!!!!!!!!!!!!!!!!!!!!!!!!!
20220323 013553.727 INFO             PET1 !!! THE ESMF_LOG IS SET TO OUTPUT ALL LOG MESSAGES !!!
20220323 013553.727 INFO             PET1 !!!     THIS MAY CAUSE SLOWDOWN IN PERFORMANCE     !!!
20220323 013553.727 INFO             PET1 !!! FOR PRODUCTION RUNS, USE:                      !!!
20220323 013553.727 INFO             PET1 !!!                   ESMF_LOGKIND_Multi_On_Error  !!!
20220323 013553.727 INFO             PET1 !!!!!!!!!!!!!!!!!!!!!!!!!!!!!!!!!!!!!!!!!!!!!!!!!!!!!!
20220323 013553.727 INFO             PET1 Running with ESMF Version   : v8.3.0b09-6-gdac1bc5728
20220323 013553.727 INFO             PET1 ESMF library build date/time: "Mar 23 2022" "00:57:12"
20220323 013553.727 INFO             PET1 ESMF library build location : /lustre/f2/dev/ncep/Mark.Potts/intel_2019.5_mpi_g_develop
20220323 013553.727 INFO             PET1 ESMF_COMM                   : mpi
20220323 013553.728 INFO             PET1 ESMF_MOAB                   : enabled
20220323 013553.728 INFO             PET1 ESMF_LAPACK                 : enabled
20220323 013553.728 INFO             PET1 ESMF_NETCDF                 : enabled
20220323 013553.728 INFO             PET1 ESMF_PNETCDF                : disabled
20220323 013553.728 INFO             PET1 ESMF_PIO                    : enabled
20220323 013553.728 INFO             PET1 ESMF_YAMLCPP                : enabled
20220323 013553.744 INFO             PET1 ESMF_FieldRedistStoreNF(): Just entered routine.
20220323 013553.788 INFO             PET1 ESMF_FieldRedistStoreNF(): Leaving routine.
20220323 013553.792 INFO             PET1  NUMBER_OF_PROCESSORS           4
20220323 013553.793 INFO             PET1  PASS  Example ESMF_RHandleFromRHandleEx, ESMF_RHandleFromRHandleEx.F90, line 660
20220323 013553.793 INFO             PET1 Finalizing ESMF
20220323 013553.720 INFO             PET2 !!!!!!!!!!!!!!!!!!!!!!!!!!!!!!!!!!!!!!!!!!!!!!!!!!!!!!
20220323 013553.720 INFO             PET2 !!! THE ESMF_LOG IS SET TO OUTPUT ALL LOG MESSAGES !!!
20220323 013553.720 INFO             PET2 !!!     THIS MAY CAUSE SLOWDOWN IN PERFORMANCE     !!!
20220323 013553.720 INFO             PET2 !!! FOR PRODUCTION RUNS, USE:                      !!!
20220323 013553.720 INFO             PET2 !!!                   ESMF_LOGKIND_Multi_On_Error  !!!
20220323 013553.720 INFO             PET2 !!!!!!!!!!!!!!!!!!!!!!!!!!!!!!!!!!!!!!!!!!!!!!!!!!!!!!
20220323 013553.720 INFO             PET2 Running with ESMF Version   : v8.3.0b09-6-gdac1bc5728
20220323 013553.720 INFO             PET2 ESMF library build date/time: "Mar 23 2022" "00:57:12"
20220323 013553.720 INFO             PET2 ESMF library build location : /lustre/f2/dev/ncep/Mark.Potts/intel_2019.5_mpi_g_develop
20220323 013553.720 INFO             PET2 ESMF_COMM                   : mpi
20220323 013553.721 INFO             PET2 ESMF_MOAB                   : enabled
20220323 013553.721 INFO             PET2 ESMF_LAPACK                 : enabled
20220323 013553.721 INFO             PET2 ESMF_NETCDF                 : enabled
20220323 013553.721 INFO             PET2 ESMF_PNETCDF                : disabled
20220323 013553.721 INFO             PET2 ESMF_PIO                    : enabled
20220323 013553.721 INFO             PET2 ESMF_YAMLCPP                : enabled
20220323 013553.744 INFO             PET2 ESMF_FieldRedistStoreNF(): Just entered routine.
20220323 013553.788 INFO             PET2 ESMF_FieldRedistStoreNF(): Leaving routine.
20220323 013553.791 INFO             PET2  NUMBER_OF_PROCESSORS           4
20220323 013553.791 INFO             PET2  PASS  Example ESMF_RHandleFromRHandleEx, ESMF_RHandleFromRHandleEx.F90, line 660
20220323 013553.791 INFO             PET2 Finalizing ESMF
20220323 013553.730 INFO             PET3 !!!!!!!!!!!!!!!!!!!!!!!!!!!!!!!!!!!!!!!!!!!!!!!!!!!!!!
20220323 013553.731 INFO             PET3 !!! THE ESMF_LOG IS SET TO OUTPUT ALL LOG MESSAGES !!!
20220323 013553.731 INFO             PET3 !!!     THIS MAY CAUSE SLOWDOWN IN PERFORMANCE     !!!
20220323 013553.731 INFO             PET3 !!! FOR PRODUCTION RUNS, USE:                      !!!
20220323 013553.731 INFO             PET3 !!!                   ESMF_LOGKIND_Multi_On_Error  !!!
20220323 013553.731 INFO             PET3 !!!!!!!!!!!!!!!!!!!!!!!!!!!!!!!!!!!!!!!!!!!!!!!!!!!!!!
20220323 013553.731 INFO             PET3 Running with ESMF Version   : v8.3.0b09-6-gdac1bc5728
20220323 013553.731 INFO             PET3 ESMF library build date/time: "Mar 23 2022" "00:57:12"
20220323 013553.731 INFO             PET3 ESMF library build location : /lustre/f2/dev/ncep/Mark.Potts/intel_2019.5_mpi_g_develop
20220323 013553.731 INFO             PET3 ESMF_COMM                   : mpi
20220323 013553.731 INFO             PET3 ESMF_MOAB                   : enabled
20220323 013553.731 INFO             PET3 ESMF_LAPACK                 : enabled
20220323 013553.731 INFO             PET3 ESMF_NETCDF                 : enabled
20220323 013553.731 INFO             PET3 ESMF_PNETCDF                : disabled
20220323 013553.731 INFO             PET3 ESMF_PIO                    : enabled
20220323 013553.731 INFO             PET3 ESMF_YAMLCPP                : enabled
20220323 013553.744 INFO             PET3 ESMF_FieldRedistStoreNF(): Just entered routine.
20220323 013553.787 INFO             PET3 ESMF_FieldRedistStoreNF(): Leaving routine.
20220323 013553.793 INFO             PET3  NUMBER_OF_PROCESSORS           4
20220323 013553.793 INFO             PET3  PASS  Example ESMF_RHandleFromRHandleEx, ESMF_RHandleFromRHandleEx.F90, line 660
20220323 013553.793 INFO             PET3 Finalizing ESMF
