build time -- 2022-03-23 20:54:05
[1648070157.289946] [h4c03:59796:0]         mxm.c:196  MXM  WARN  The 'ulimit -s' on the system is set to 'unlimited'. This may have negative performance implications. Please set the stack size to the default value (10240) 
[1648070157.295333] [h4c03:59796:0]         mxm.c:196  MXM  WARN  The 'ulimit -s' on the system is set to 'unlimited'. This may have negative performance implications. Please set the stack size to the default value (10240) 
[1648070157.289993] [h4c03:59798:0]         mxm.c:196  MXM  WARN  The 'ulimit -s' on the system is set to 'unlimited'. This may have negative performance implications. Please set the stack size to the default value (10240) 
[1648070157.295706] [h4c03:59798:0]         mxm.c:196  MXM  WARN  The 'ulimit -s' on the system is set to 'unlimited'. This may have negative performance implications. Please set the stack size to the default value (10240) 
[1648070157.293658] [h4c03:59797:0]         mxm.c:196  MXM  WARN  The 'ulimit -s' on the system is set to 'unlimited'. This may have negative performance implications. Please set the stack size to the default value (10240) 
[1648070157.298779] [h4c03:59797:0]         mxm.c:196  MXM  WARN  The 'ulimit -s' on the system is set to 'unlimited'. This may have negative performance implications. Please set the stack size to the default value (10240) 
[1648070157.293617] [h4c03:59799:0]         mxm.c:196  MXM  WARN  The 'ulimit -s' on the system is set to 'unlimited'. This may have negative performance implications. Please set the stack size to the default value (10240) 
[1648070157.298713] [h4c03:59799:0]         mxm.c:196  MXM  WARN  The 'ulimit -s' on the system is set to 'unlimited'. This may have negative performance implications. Please set the stack size to the default value (10240) 
 I am PET           0  and I am offering service for DE            0
 I am PET           3  and I am offering service for DE            3
 I am PET           3 , service offer for DE            3  was accepted.
 I am PET           0 , service offer for DE            0  was accepted.
 I am PET           0  and I am offering service for DE            4
 I am PET           0 , service offer for DE            4  was accepted.
 I am PET           1  and I am offering service for DE            1
 I am PET           1 , service offer for DE            1  was accepted.
 I am PET           1  and I am offering service for DE            5
 I am PET           1 , service offer for DE            5  was accepted.
 I am PET           2  and I am offering service for DE            2
 I am PET           2 , service offer for DE            2  was accepted.
  PASS  Example ESMF_DELayoutEx, ESMF_DELayoutEx.F90, line 394
  PASS  Example ESMF_DELayoutEx, ESMF_DELayoutEx.F90, line 394
  PASS  Example ESMF_DELayoutEx, ESMF_DELayoutEx.F90, line 394
  PASS  Example ESMF_DELayoutEx, ESMF_DELayoutEx.F90, line 394
 PASS: ESMF_DELayoutEx.F90
 PASS: ESMF_DELayoutEx.F90
 PASS: ESMF_DELayoutEx.F90
 PASS: ESMF_DELayoutEx.F90
