build time -- 2022-03-24 05:56:35
[1648102727.147567] [h24c03:237453:0]         mxm.c:196  MXM  WARN  The 'ulimit -s' on the system is set to 'unlimited'. This may have negative performance implications. Please set the stack size to the default value (10240) 
[1648102727.152554] [h24c03:237453:0]         mxm.c:196  MXM  WARN  The 'ulimit -s' on the system is set to 'unlimited'. This may have negative performance implications. Please set the stack size to the default value (10240) 
[1648102727.135343] [h24c03:237454:0]         mxm.c:196  MXM  WARN  The 'ulimit -s' on the system is set to 'unlimited'. This may have negative performance implications. Please set the stack size to the default value (10240) 
[1648102727.140132] [h24c03:237454:0]         mxm.c:196  MXM  WARN  The 'ulimit -s' on the system is set to 'unlimited'. This may have negative performance implications. Please set the stack size to the default value (10240) 
[1648102727.147542] [h24c03:237455:0]         mxm.c:196  MXM  WARN  The 'ulimit -s' on the system is set to 'unlimited'. This may have negative performance implications. Please set the stack size to the default value (10240) 
[1648102727.152643] [h24c03:237455:0]         mxm.c:196  MXM  WARN  The 'ulimit -s' on the system is set to 'unlimited'. This may have negative performance implications. Please set the stack size to the default value (10240) 
[1648102727.139155] [h24c03:237452:0]         mxm.c:196  MXM  WARN  The 'ulimit -s' on the system is set to 'unlimited'. This may have negative performance implications. Please set the stack size to the default value (10240) 
[1648102727.144054] [h24c03:237452:0]         mxm.c:196  MXM  WARN  The 'ulimit -s' on the system is set to 'unlimited'. This may have negative performance implications. Please set the stack size to the default value (10240) 
 Somewhat of a SILLY @$^@_ label
 finalCalculation               
 dummy output from attached method 
 Somewhat of a SILLY @$^@_ label
 finalCalculation               
 dummy output from attached method 
 Somewhat of a SILLY @$^@_ label
 finalCalculation               
 dummy output from attached method 
 Somewhat of a SILLY @$^@_ label
 finalCalculation               
 dummy output from attached method 
  PASS  Example ESMF_AttachMethodsEx, ESMF_AttachMethodsEx.F90, line 292
  PASS  Example ESMF_AttachMethodsEx, ESMF_AttachMethodsEx.F90, line 292
  PASS  Example ESMF_AttachMethodsEx, ESMF_AttachMethodsEx.F90, line 292
  PASS  Example ESMF_AttachMethodsEx, ESMF_AttachMethodsEx.F90, line 292
 PASS: ESMF_AttachMethodsEx.F90
 PASS: ESMF_AttachMethodsEx.F90
 PASS: ESMF_AttachMethodsEx.F90
 PASS: ESMF_AttachMethodsEx.F90
