build time -- 2022-03-26 03:25:16.157230
20220326 042313.410 INFO             PET0 !!!!!!!!!!!!!!!!!!!!!!!!!!!!!!!!!!!!!!!!!!!!!!!!!!!!!!
20220326 042313.411 INFO             PET0 !!! THE ESMF_LOG IS SET TO OUTPUT ALL LOG MESSAGES !!!
20220326 042313.411 INFO             PET0 !!!     THIS MAY CAUSE SLOWDOWN IN PERFORMANCE     !!!
20220326 042313.411 INFO             PET0 !!! FOR PRODUCTION RUNS, USE:                      !!!
20220326 042313.411 INFO             PET0 !!!                   ESMF_LOGKIND_Multi_On_Error  !!!
20220326 042313.411 INFO             PET0 !!!!!!!!!!!!!!!!!!!!!!!!!!!!!!!!!!!!!!!!!!!!!!!!!!!!!!
20220326 042313.411 INFO             PET0 Running with ESMF Version   : v8.3.0b10-105-ga5295e34ae
20220326 042313.411 INFO             PET0 ESMF library build date/time: "Mar 26 2022" "03:21:04"
20220326 042313.411 INFO             PET0 ESMF library build location : /gpfsm/dnb04/projects/p98/mpotts/esmf/pgi_20.4_mpiuni_g_develop
20220326 042313.411 INFO             PET0 ESMF_COMM                   : mpiuni
20220326 042313.417 INFO             PET0 ESMF_MOAB                   : enabled
20220326 042313.417 INFO             PET0 ESMF_LAPACK                 : enabled
20220326 042313.417 INFO             PET0 ESMF_NETCDF                 : disabled
20220326 042313.417 INFO             PET0 ESMF_PNETCDF                : disabled
20220326 042313.417 INFO             PET0 ESMF_PIO                    : disabled
20220326 042313.417 INFO             PET0 ESMF_YAMLCPP                : enabled
20220326 042313.430 INFO             PET0 Log Write 2
20220326 042313.430 ERROR            PET0 Invalid object  - Convergence failure
20220326 042313.447 ERROR            PET0 ESMCI_Fraction.C:1444 ESMCI::Fraction::validate() must have non-zero denominator.
20220326 042313.448 ERROR            PET0 ESMCI_Time.C:838 ESMCI::Time::syncToRealTime() Wrong argument specified  - ; calkindflag is JULIANDAY, MODJULIANDAY or NOCALENDAR.
20220326 042313.448 ERROR            PET0 ESMF_Time.F90:1485 ESMF_TimeSyncToRealTime() Wrong argument specified  - Internal subroutine call returned Error
20220326 042313.448 ERROR            PET0 Wrong argument specified  - getting wall clock time
20220326 042313.448 INFO             PET0  NUMBER_OF_PROCESSORS            1
20220326 042313.448 INFO             PET0  PASS  Example ESMF_LogErrEx, ESMF_LogErrEx.F90, line 186
20220326 042313.448 INFO             PET0 Finalizing ESMF
