build time -- 2022-03-24 01:14:16.818114
20220324 015025.780 INFO             PET0 !!!!!!!!!!!!!!!!!!!!!!!!!!!!!!!!!!!!!!!!!!!!!!!!!!!!!!
20220324 015025.780 INFO             PET0 !!! THE ESMF_LOG IS SET TO OUTPUT ALL LOG MESSAGES !!!
20220324 015025.780 INFO             PET0 !!!     THIS MAY CAUSE SLOWDOWN IN PERFORMANCE     !!!
20220324 015025.780 INFO             PET0 !!! FOR PRODUCTION RUNS, USE:                      !!!
20220324 015025.780 INFO             PET0 !!!                   ESMF_LOGKIND_Multi_On_Error  !!!
20220324 015025.780 INFO             PET0 !!!!!!!!!!!!!!!!!!!!!!!!!!!!!!!!!!!!!!!!!!!!!!!!!!!!!!
20220324 015025.780 INFO             PET0 Running with ESMF Version   : v8.3.0b09-6-gdac1bc5728
20220324 015025.780 INFO             PET0 ESMF library build date/time: "Mar 24 2022" "01:12:06"
20220324 015025.780 INFO             PET0 ESMF library build location : /gpfsm/dnb04/projects/p98/mpotts/esmf/intel_19.1.3_intelmpi_O_develop
20220324 015025.780 INFO             PET0 ESMF_COMM                   : intelmpi
20220324 015025.780 INFO             PET0 ESMF_MOAB                   : enabled
20220324 015025.780 INFO             PET0 ESMF_LAPACK                 : enabled
20220324 015025.780 INFO             PET0 ESMF_NETCDF                 : enabled
20220324 015025.780 INFO             PET0 ESMF_PNETCDF                : disabled
20220324 015025.780 INFO             PET0 ESMF_PIO                    : enabled
20220324 015025.780 INFO             PET0 ESMF_YAMLCPP                : enabled
20220324 015025.823 DEBUG            PET0 about to destroy Grid: 0xaefb60
20220324 015025.826 DEBUG            PET0 about to destroy Grid: 0xaf23a0
20220324 015025.837 INFO             PET0  NUMBER_OF_PROCESSORS           4
20220324 015025.837 INFO             PET0  PASS  Example ESMF_NUOPCAtmModelEx, ESMF_NUOPCAtmModelEx.F90, line 806
20220324 015025.837 INFO             PET0 Finalizing ESMF
20220324 015025.780 INFO             PET1 !!!!!!!!!!!!!!!!!!!!!!!!!!!!!!!!!!!!!!!!!!!!!!!!!!!!!!
20220324 015025.780 INFO             PET1 !!! THE ESMF_LOG IS SET TO OUTPUT ALL LOG MESSAGES !!!
20220324 015025.780 INFO             PET1 !!!     THIS MAY CAUSE SLOWDOWN IN PERFORMANCE     !!!
20220324 015025.780 INFO             PET1 !!! FOR PRODUCTION RUNS, USE:                      !!!
20220324 015025.780 INFO             PET1 !!!                   ESMF_LOGKIND_Multi_On_Error  !!!
20220324 015025.780 INFO             PET1 !!!!!!!!!!!!!!!!!!!!!!!!!!!!!!!!!!!!!!!!!!!!!!!!!!!!!!
20220324 015025.780 INFO             PET1 Running with ESMF Version   : v8.3.0b09-6-gdac1bc5728
20220324 015025.780 INFO             PET1 ESMF library build date/time: "Mar 24 2022" "01:12:06"
20220324 015025.780 INFO             PET1 ESMF library build location : /gpfsm/dnb04/projects/p98/mpotts/esmf/intel_19.1.3_intelmpi_O_develop
20220324 015025.780 INFO             PET1 ESMF_COMM                   : intelmpi
20220324 015025.780 INFO             PET1 ESMF_MOAB                   : enabled
20220324 015025.780 INFO             PET1 ESMF_LAPACK                 : enabled
20220324 015025.780 INFO             PET1 ESMF_NETCDF                 : enabled
20220324 015025.780 INFO             PET1 ESMF_PNETCDF                : disabled
20220324 015025.780 INFO             PET1 ESMF_PIO                    : enabled
20220324 015025.780 INFO             PET1 ESMF_YAMLCPP                : enabled
20220324 015025.823 DEBUG            PET1 about to destroy Grid: 0xaf02c0
20220324 015025.826 DEBUG            PET1 about to destroy Grid: 0xaf1400
20220324 015025.837 INFO             PET1  NUMBER_OF_PROCESSORS           4
20220324 015025.837 INFO             PET1  PASS  Example ESMF_NUOPCAtmModelEx, ESMF_NUOPCAtmModelEx.F90, line 806
20220324 015025.837 INFO             PET1 Finalizing ESMF
20220324 015025.780 INFO             PET2 !!!!!!!!!!!!!!!!!!!!!!!!!!!!!!!!!!!!!!!!!!!!!!!!!!!!!!
20220324 015025.780 INFO             PET2 !!! THE ESMF_LOG IS SET TO OUTPUT ALL LOG MESSAGES !!!
20220324 015025.780 INFO             PET2 !!!     THIS MAY CAUSE SLOWDOWN IN PERFORMANCE     !!!
20220324 015025.780 INFO             PET2 !!! FOR PRODUCTION RUNS, USE:                      !!!
20220324 015025.780 INFO             PET2 !!!                   ESMF_LOGKIND_Multi_On_Error  !!!
20220324 015025.780 INFO             PET2 !!!!!!!!!!!!!!!!!!!!!!!!!!!!!!!!!!!!!!!!!!!!!!!!!!!!!!
20220324 015025.780 INFO             PET2 Running with ESMF Version   : v8.3.0b09-6-gdac1bc5728
20220324 015025.780 INFO             PET2 ESMF library build date/time: "Mar 24 2022" "01:12:06"
20220324 015025.780 INFO             PET2 ESMF library build location : /gpfsm/dnb04/projects/p98/mpotts/esmf/intel_19.1.3_intelmpi_O_develop
20220324 015025.780 INFO             PET2 ESMF_COMM                   : intelmpi
20220324 015025.781 INFO             PET2 ESMF_MOAB                   : enabled
20220324 015025.781 INFO             PET2 ESMF_LAPACK                 : enabled
20220324 015025.781 INFO             PET2 ESMF_NETCDF                 : enabled
20220324 015025.781 INFO             PET2 ESMF_PNETCDF                : disabled
20220324 015025.781 INFO             PET2 ESMF_PIO                    : enabled
20220324 015025.781 INFO             PET2 ESMF_YAMLCPP                : enabled
20220324 015025.823 DEBUG            PET2 about to destroy Grid: 0xaf0550
20220324 015025.826 DEBUG            PET2 about to destroy Grid: 0xaf1690
20220324 015025.837 INFO             PET2  NUMBER_OF_PROCESSORS           4
20220324 015025.837 INFO             PET2  PASS  Example ESMF_NUOPCAtmModelEx, ESMF_NUOPCAtmModelEx.F90, line 806
20220324 015025.837 INFO             PET2 Finalizing ESMF
20220324 015025.780 INFO             PET3 !!!!!!!!!!!!!!!!!!!!!!!!!!!!!!!!!!!!!!!!!!!!!!!!!!!!!!
20220324 015025.780 INFO             PET3 !!! THE ESMF_LOG IS SET TO OUTPUT ALL LOG MESSAGES !!!
20220324 015025.780 INFO             PET3 !!!     THIS MAY CAUSE SLOWDOWN IN PERFORMANCE     !!!
20220324 015025.780 INFO             PET3 !!! FOR PRODUCTION RUNS, USE:                      !!!
20220324 015025.780 INFO             PET3 !!!                   ESMF_LOGKIND_Multi_On_Error  !!!
20220324 015025.780 INFO             PET3 !!!!!!!!!!!!!!!!!!!!!!!!!!!!!!!!!!!!!!!!!!!!!!!!!!!!!!
20220324 015025.780 INFO             PET3 Running with ESMF Version   : v8.3.0b09-6-gdac1bc5728
20220324 015025.780 INFO             PET3 ESMF library build date/time: "Mar 24 2022" "01:12:06"
20220324 015025.780 INFO             PET3 ESMF library build location : /gpfsm/dnb04/projects/p98/mpotts/esmf/intel_19.1.3_intelmpi_O_develop
20220324 015025.780 INFO             PET3 ESMF_COMM                   : intelmpi
20220324 015025.781 INFO             PET3 ESMF_MOAB                   : enabled
20220324 015025.781 INFO             PET3 ESMF_LAPACK                 : enabled
20220324 015025.781 INFO             PET3 ESMF_NETCDF                 : enabled
20220324 015025.781 INFO             PET3 ESMF_PNETCDF                : disabled
20220324 015025.781 INFO             PET3 ESMF_PIO                    : enabled
20220324 015025.781 INFO             PET3 ESMF_YAMLCPP                : enabled
20220324 015025.823 DEBUG            PET3 about to destroy Grid: 0xaf0630
20220324 015025.826 DEBUG            PET3 about to destroy Grid: 0xaf1770
20220324 015025.837 INFO             PET3  NUMBER_OF_PROCESSORS           4
20220324 015025.837 INFO             PET3  PASS  Example ESMF_NUOPCAtmModelEx, ESMF_NUOPCAtmModelEx.F90, line 806
20220324 015025.837 INFO             PET3 Finalizing ESMF
