build time -- 2022-03-20 01:13:33.440399
20220320 014445.161 INFO             PET0 !!!!!!!!!!!!!!!!!!!!!!!!!!!!!!!!!!!!!!!!!!!!!!!!!!!!!!
20220320 014445.161 INFO             PET0 !!! THE ESMF_LOG IS SET TO OUTPUT ALL LOG MESSAGES !!!
20220320 014445.161 INFO             PET0 !!!     THIS MAY CAUSE SLOWDOWN IN PERFORMANCE     !!!
20220320 014445.161 INFO             PET0 !!! FOR PRODUCTION RUNS, USE:                      !!!
20220320 014445.161 INFO             PET0 !!!                   ESMF_LOGKIND_Multi_On_Error  !!!
20220320 014445.161 INFO             PET0 !!!!!!!!!!!!!!!!!!!!!!!!!!!!!!!!!!!!!!!!!!!!!!!!!!!!!!
20220320 014445.161 INFO             PET0 Running with ESMF Version   : v8.3.0b09-4-g424b2f26e0
20220320 014445.161 INFO             PET0 ESMF library build date/time: "Mar 20 2022" "01:11:19"
20220320 014445.161 INFO             PET0 ESMF library build location : /gpfsm/dnb04/projects/p98/mpotts/esmf/intel_19.1.3_intelmpi_O_develop
20220320 014445.161 INFO             PET0 ESMF_COMM                   : intelmpi
20220320 014445.162 INFO             PET0 ESMF_MOAB                   : enabled
20220320 014445.162 INFO             PET0 ESMF_LAPACK                 : enabled
20220320 014445.162 INFO             PET0 ESMF_NETCDF                 : enabled
20220320 014445.162 INFO             PET0 ESMF_PNETCDF                : disabled
20220320 014445.162 INFO             PET0 ESMF_PIO                    : enabled
20220320 014445.162 INFO             PET0 ESMF_YAMLCPP                : enabled
20220320 014445.163 INFO             PET0  NUMBER_OF_PROCESSORS           1
20220320 014445.163 INFO             PET0  PASS  Example CalendarEx, ESMF_CalendarEx.F90, line 217
20220320 014445.163 INFO             PET0 Finalizing ESMF
