build time -- 2022-03-16 01:14:21.293600
20220316 014643.565 INFO             PET0 !!!!!!!!!!!!!!!!!!!!!!!!!!!!!!!!!!!!!!!!!!!!!!!!!!!!!!
20220316 014643.565 INFO             PET0 !!! THE ESMF_LOG IS SET TO OUTPUT ALL LOG MESSAGES !!!
20220316 014643.565 INFO             PET0 !!!     THIS MAY CAUSE SLOWDOWN IN PERFORMANCE     !!!
20220316 014643.565 INFO             PET0 !!! FOR PRODUCTION RUNS, USE:                      !!!
20220316 014643.565 INFO             PET0 !!!                   ESMF_LOGKIND_Multi_On_Error  !!!
20220316 014643.565 INFO             PET0 !!!!!!!!!!!!!!!!!!!!!!!!!!!!!!!!!!!!!!!!!!!!!!!!!!!!!!
20220316 014643.565 INFO             PET0 Running with ESMF Version   : v8.3.0b09-3-ge20ebbf11d
20220316 014643.565 INFO             PET0 ESMF library build date/time: "Mar 16 2022" "01:12:13"
20220316 014643.565 INFO             PET0 ESMF library build location : /gpfsm/dnb04/projects/p98/mpotts/esmf/intel_19.1.3_intelmpi_O_develop
20220316 014643.565 INFO             PET0 ESMF_COMM                   : intelmpi
20220316 014643.567 INFO             PET0 ESMF_MOAB                   : enabled
20220316 014643.567 INFO             PET0 ESMF_LAPACK                 : enabled
20220316 014643.567 INFO             PET0 ESMF_NETCDF                 : enabled
20220316 014643.567 INFO             PET0 ESMF_PNETCDF                : disabled
20220316 014643.567 INFO             PET0 ESMF_PIO                    : enabled
20220316 014643.567 INFO             PET0 ESMF_YAMLCPP                : enabled
20220316 014643.568 INFO             PET0  NUMBER_OF_PROCESSORS           1
20220316 014643.568 INFO             PET0  PASS  Example ESMF_ClockEx, ESMF_ClockEx.F90, line 220
20220316 014643.568 INFO             PET0 Finalizing ESMF
