build time -- 2022-03-19 01:17:17.812291
20220319 014635.714 INFO             PET0 !!!!!!!!!!!!!!!!!!!!!!!!!!!!!!!!!!!!!!!!!!!!!!!!!!!!!!
20220319 014635.714 INFO             PET0 !!! THE ESMF_LOG IS SET TO OUTPUT ALL LOG MESSAGES !!!
20220319 014635.714 INFO             PET0 !!!     THIS MAY CAUSE SLOWDOWN IN PERFORMANCE     !!!
20220319 014635.714 INFO             PET0 !!! FOR PRODUCTION RUNS, USE:                      !!!
20220319 014635.714 INFO             PET0 !!!                   ESMF_LOGKIND_Multi_On_Error  !!!
20220319 014635.714 INFO             PET0 !!!!!!!!!!!!!!!!!!!!!!!!!!!!!!!!!!!!!!!!!!!!!!!!!!!!!!
20220319 014635.714 INFO             PET0 Running with ESMF Version   : v8.3.0b09-102-gabaf3ef548
20220319 014635.714 INFO             PET0 ESMF library build date/time: "Mar 19 2022" "01:14:15"
20220319 014635.714 INFO             PET0 ESMF library build location : /gpfsm/dnb04/projects/p98/mpotts/esmf/intel_19.1.3_mpt_g_jedwards_pio_update2
20220319 014635.714 INFO             PET0 ESMF_COMM                   : mpt
20220319 014635.715 INFO             PET0 ESMF_MOAB                   : enabled
20220319 014635.715 INFO             PET0 ESMF_LAPACK                 : enabled
20220319 014635.715 INFO             PET0 ESMF_NETCDF                 : enabled
20220319 014635.715 INFO             PET0 ESMF_PNETCDF                : disabled
20220319 014635.715 INFO             PET0 ESMF_PIO                    : enabled
20220319 014635.715 INFO             PET0 ESMF_YAMLCPP                : enabled
20220319 014635.716 INFO             PET0  NUMBER_OF_PROCESSORS           4
20220319 014635.716 INFO             PET0  PASS  Example ESMF_DELayoutEx, ESMF_DELayoutEx.F90, line 394
20220319 014635.716 INFO             PET0 Finalizing ESMF
20220319 014635.714 INFO             PET1 !!!!!!!!!!!!!!!!!!!!!!!!!!!!!!!!!!!!!!!!!!!!!!!!!!!!!!
20220319 014635.714 INFO             PET1 !!! THE ESMF_LOG IS SET TO OUTPUT ALL LOG MESSAGES !!!
20220319 014635.714 INFO             PET1 !!!     THIS MAY CAUSE SLOWDOWN IN PERFORMANCE     !!!
20220319 014635.714 INFO             PET1 !!! FOR PRODUCTION RUNS, USE:                      !!!
20220319 014635.714 INFO             PET1 !!!                   ESMF_LOGKIND_Multi_On_Error  !!!
20220319 014635.714 INFO             PET1 !!!!!!!!!!!!!!!!!!!!!!!!!!!!!!!!!!!!!!!!!!!!!!!!!!!!!!
20220319 014635.714 INFO             PET1 Running with ESMF Version   : v8.3.0b09-102-gabaf3ef548
20220319 014635.714 INFO             PET1 ESMF library build date/time: "Mar 19 2022" "01:14:15"
20220319 014635.714 INFO             PET1 ESMF library build location : /gpfsm/dnb04/projects/p98/mpotts/esmf/intel_19.1.3_mpt_g_jedwards_pio_update2
20220319 014635.714 INFO             PET1 ESMF_COMM                   : mpt
20220319 014635.715 INFO             PET1 ESMF_MOAB                   : enabled
20220319 014635.715 INFO             PET1 ESMF_LAPACK                 : enabled
20220319 014635.715 INFO             PET1 ESMF_NETCDF                 : enabled
20220319 014635.715 INFO             PET1 ESMF_PNETCDF                : disabled
20220319 014635.715 INFO             PET1 ESMF_PIO                    : enabled
20220319 014635.715 INFO             PET1 ESMF_YAMLCPP                : enabled
20220319 014635.716 INFO             PET1  NUMBER_OF_PROCESSORS           4
20220319 014635.716 INFO             PET1  PASS  Example ESMF_DELayoutEx, ESMF_DELayoutEx.F90, line 394
20220319 014635.716 INFO             PET1 Finalizing ESMF
20220319 014635.714 INFO             PET2 !!!!!!!!!!!!!!!!!!!!!!!!!!!!!!!!!!!!!!!!!!!!!!!!!!!!!!
20220319 014635.714 INFO             PET2 !!! THE ESMF_LOG IS SET TO OUTPUT ALL LOG MESSAGES !!!
20220319 014635.714 INFO             PET2 !!!     THIS MAY CAUSE SLOWDOWN IN PERFORMANCE     !!!
20220319 014635.714 INFO             PET2 !!! FOR PRODUCTION RUNS, USE:                      !!!
20220319 014635.714 INFO             PET2 !!!                   ESMF_LOGKIND_Multi_On_Error  !!!
20220319 014635.714 INFO             PET2 !!!!!!!!!!!!!!!!!!!!!!!!!!!!!!!!!!!!!!!!!!!!!!!!!!!!!!
20220319 014635.714 INFO             PET2 Running with ESMF Version   : v8.3.0b09-102-gabaf3ef548
20220319 014635.714 INFO             PET2 ESMF library build date/time: "Mar 19 2022" "01:14:15"
20220319 014635.714 INFO             PET2 ESMF library build location : /gpfsm/dnb04/projects/p98/mpotts/esmf/intel_19.1.3_mpt_g_jedwards_pio_update2
20220319 014635.714 INFO             PET2 ESMF_COMM                   : mpt
20220319 014635.716 INFO             PET2 ESMF_MOAB                   : enabled
20220319 014635.716 INFO             PET2 ESMF_LAPACK                 : enabled
20220319 014635.716 INFO             PET2 ESMF_NETCDF                 : enabled
20220319 014635.716 INFO             PET2 ESMF_PNETCDF                : disabled
20220319 014635.716 INFO             PET2 ESMF_PIO                    : enabled
20220319 014635.716 INFO             PET2 ESMF_YAMLCPP                : enabled
20220319 014635.716 INFO             PET2  NUMBER_OF_PROCESSORS           4
20220319 014635.717 INFO             PET2  PASS  Example ESMF_DELayoutEx, ESMF_DELayoutEx.F90, line 394
20220319 014635.717 INFO             PET2 Finalizing ESMF
20220319 014635.713 INFO             PET3 !!!!!!!!!!!!!!!!!!!!!!!!!!!!!!!!!!!!!!!!!!!!!!!!!!!!!!
20220319 014635.714 INFO             PET3 !!! THE ESMF_LOG IS SET TO OUTPUT ALL LOG MESSAGES !!!
20220319 014635.714 INFO             PET3 !!!     THIS MAY CAUSE SLOWDOWN IN PERFORMANCE     !!!
20220319 014635.714 INFO             PET3 !!! FOR PRODUCTION RUNS, USE:                      !!!
20220319 014635.714 INFO             PET3 !!!                   ESMF_LOGKIND_Multi_On_Error  !!!
20220319 014635.714 INFO             PET3 !!!!!!!!!!!!!!!!!!!!!!!!!!!!!!!!!!!!!!!!!!!!!!!!!!!!!!
20220319 014635.714 INFO             PET3 Running with ESMF Version   : v8.3.0b09-102-gabaf3ef548
20220319 014635.714 INFO             PET3 ESMF library build date/time: "Mar 19 2022" "01:14:15"
20220319 014635.714 INFO             PET3 ESMF library build location : /gpfsm/dnb04/projects/p98/mpotts/esmf/intel_19.1.3_mpt_g_jedwards_pio_update2
20220319 014635.714 INFO             PET3 ESMF_COMM                   : mpt
20220319 014635.715 INFO             PET3 ESMF_MOAB                   : enabled
20220319 014635.715 INFO             PET3 ESMF_LAPACK                 : enabled
20220319 014635.715 INFO             PET3 ESMF_NETCDF                 : enabled
20220319 014635.715 INFO             PET3 ESMF_PNETCDF                : disabled
20220319 014635.715 INFO             PET3 ESMF_PIO                    : enabled
20220319 014635.715 INFO             PET3 ESMF_YAMLCPP                : enabled
20220319 014635.716 INFO             PET3  NUMBER_OF_PROCESSORS           4
20220319 014635.716 INFO             PET3  PASS  Example ESMF_DELayoutEx, ESMF_DELayoutEx.F90, line 394
20220319 014635.716 INFO             PET3 Finalizing ESMF
