build time -- 2022-03-21 01:20:11.444733
20220321 014921.051 INFO             PET0 !!!!!!!!!!!!!!!!!!!!!!!!!!!!!!!!!!!!!!!!!!!!!!!!!!!!!!
20220321 014921.051 INFO             PET0 !!! THE ESMF_LOG IS SET TO OUTPUT ALL LOG MESSAGES !!!
20220321 014921.051 INFO             PET0 !!!     THIS MAY CAUSE SLOWDOWN IN PERFORMANCE     !!!
20220321 014921.051 INFO             PET0 !!! FOR PRODUCTION RUNS, USE:                      !!!
20220321 014921.051 INFO             PET0 !!!                   ESMF_LOGKIND_Multi_On_Error  !!!
20220321 014921.051 INFO             PET0 !!!!!!!!!!!!!!!!!!!!!!!!!!!!!!!!!!!!!!!!!!!!!!!!!!!!!!
20220321 014921.051 INFO             PET0 Running with ESMF Version   : v8.3.0b09-102-gabaf3ef548
20220321 014921.051 INFO             PET0 ESMF library build date/time: "Mar 21 2022" "01:17:11"
20220321 014921.051 INFO             PET0 ESMF library build location : /gpfsm/dnb04/projects/p98/mpotts/esmf/intel_19.1.3_mpt_g_jedwards_pio_update2
20220321 014921.051 INFO             PET0 ESMF_COMM                   : mpt
20220321 014921.052 INFO             PET0 ESMF_MOAB                   : enabled
20220321 014921.052 INFO             PET0 ESMF_LAPACK                 : enabled
20220321 014921.052 INFO             PET0 ESMF_NETCDF                 : enabled
20220321 014921.052 INFO             PET0 ESMF_PNETCDF                : disabled
20220321 014921.052 INFO             PET0 ESMF_PIO                    : enabled
20220321 014921.052 INFO             PET0 ESMF_YAMLCPP                : enabled
20220321 014921.071 INFO             PET0  NUMBER_OF_PROCESSORS           1
20220321 014921.071 INFO             PET0  PASS  Example ESMF_ClockEx, ESMF_ClockEx.F90, line 220
20220321 014921.071 INFO             PET0 Finalizing ESMF
