build time -- 2022-03-25 01:17:57.318971
20220325 014646.061 INFO             PET0 !!!!!!!!!!!!!!!!!!!!!!!!!!!!!!!!!!!!!!!!!!!!!!!!!!!!!!
20220325 014646.061 INFO             PET0 !!! THE ESMF_LOG IS SET TO OUTPUT ALL LOG MESSAGES !!!
20220325 014646.061 INFO             PET0 !!!     THIS MAY CAUSE SLOWDOWN IN PERFORMANCE     !!!
20220325 014646.061 INFO             PET0 !!! FOR PRODUCTION RUNS, USE:                      !!!
20220325 014646.077 INFO             PET0 !!!                   ESMF_LOGKIND_Multi_On_Error  !!!
20220325 014646.077 INFO             PET0 !!!!!!!!!!!!!!!!!!!!!!!!!!!!!!!!!!!!!!!!!!!!!!!!!!!!!!
20220325 014646.077 INFO             PET0 Running with ESMF Version   : v8.3.0b09-103-gbb860f29f6
20220325 014646.078 INFO             PET0 ESMF library build date/time: "Mar 25 2022" "01:15:12"
20220325 014646.078 INFO             PET0 ESMF library build location : /gpfsm/dnb04/projects/p98/mpotts/esmf/intel_19.1.3_mpt_g_jedwards_pio_update2
20220325 014646.078 INFO             PET0 ESMF_COMM                   : mpt
20220325 014646.085 INFO             PET0 ESMF_MOAB                   : enabled
20220325 014646.085 INFO             PET0 ESMF_LAPACK                 : enabled
20220325 014646.085 INFO             PET0 ESMF_NETCDF                 : enabled
20220325 014646.085 INFO             PET0 ESMF_PNETCDF                : disabled
20220325 014646.085 INFO             PET0 ESMF_PIO                    : enabled
20220325 014646.085 INFO             PET0 ESMF_YAMLCPP                : enabled
20220325 014646.100 INFO             PET0 Log Write 2
20220325 014646.100 ERROR            PET0 Invalid object  - Convergence failure
20220325 014646.179 ERROR            PET0 ESMCI_Fraction.C:1444 ESMCI::Fraction::validate() must have non-zero denominator.
20220325 014646.196 ERROR            PET0 ESMCI_Time.C:838 ESMCI::Time::syncToRealTime() Wrong argument specified  - ; calkindflag is JULIANDAY, MODJULIANDAY or NOCALENDAR.
20220325 014646.214 ERROR            PET0 ESMF_Time.F90:1485 ESMF_TimeSyncToRealTime() Wrong argument specified  - Internal subroutine call returned Error
20220325 014646.214 ERROR            PET0 Wrong argument specified  - getting wall clock time
20220325 014646.257 INFO             PET0  NUMBER_OF_PROCESSORS           4
20220325 014646.265 INFO             PET0  PASS  Example ESMF_LogErrEx, ESMF_LogErrEx.F90, line 186
20220325 014646.265 INFO             PET0 Finalizing ESMF
20220325 014646.061 INFO             PET1 !!!!!!!!!!!!!!!!!!!!!!!!!!!!!!!!!!!!!!!!!!!!!!!!!!!!!!
20220325 014646.061 INFO             PET1 !!! THE ESMF_LOG IS SET TO OUTPUT ALL LOG MESSAGES !!!
20220325 014646.061 INFO             PET1 !!!     THIS MAY CAUSE SLOWDOWN IN PERFORMANCE     !!!
20220325 014646.061 INFO             PET1 !!! FOR PRODUCTION RUNS, USE:                      !!!
20220325 014646.077 INFO             PET1 !!!                   ESMF_LOGKIND_Multi_On_Error  !!!
20220325 014646.077 INFO             PET1 !!!!!!!!!!!!!!!!!!!!!!!!!!!!!!!!!!!!!!!!!!!!!!!!!!!!!!
20220325 014646.077 INFO             PET1 Running with ESMF Version   : v8.3.0b09-103-gbb860f29f6
20220325 014646.078 INFO             PET1 ESMF library build date/time: "Mar 25 2022" "01:15:12"
20220325 014646.078 INFO             PET1 ESMF library build location : /gpfsm/dnb04/projects/p98/mpotts/esmf/intel_19.1.3_mpt_g_jedwards_pio_update2
20220325 014646.078 INFO             PET1 ESMF_COMM                   : mpt
20220325 014646.084 INFO             PET1 ESMF_MOAB                   : enabled
20220325 014646.084 INFO             PET1 ESMF_LAPACK                 : enabled
20220325 014646.084 INFO             PET1 ESMF_NETCDF                 : enabled
20220325 014646.084 INFO             PET1 ESMF_PNETCDF                : disabled
20220325 014646.084 INFO             PET1 ESMF_PIO                    : enabled
20220325 014646.084 INFO             PET1 ESMF_YAMLCPP                : enabled
20220325 014646.100 INFO             PET1 Log Write 2
20220325 014646.100 ERROR            PET1 Invalid object  - Convergence failure
20220325 014646.179 ERROR            PET1 ESMCI_Fraction.C:1444 ESMCI::Fraction::validate() must have non-zero denominator.
20220325 014646.196 ERROR            PET1 ESMCI_Time.C:838 ESMCI::Time::syncToRealTime() Wrong argument specified  - ; calkindflag is JULIANDAY, MODJULIANDAY or NOCALENDAR.
20220325 014646.214 ERROR            PET1 ESMF_Time.F90:1485 ESMF_TimeSyncToRealTime() Wrong argument specified  - Internal subroutine call returned Error
20220325 014646.214 ERROR            PET1 Wrong argument specified  - getting wall clock time
20220325 014646.257 INFO             PET1  NUMBER_OF_PROCESSORS           4
20220325 014646.265 INFO             PET1  PASS  Example ESMF_LogErrEx, ESMF_LogErrEx.F90, line 186
20220325 014646.265 INFO             PET1 Finalizing ESMF
20220325 014646.061 INFO             PET2 !!!!!!!!!!!!!!!!!!!!!!!!!!!!!!!!!!!!!!!!!!!!!!!!!!!!!!
20220325 014646.061 INFO             PET2 !!! THE ESMF_LOG IS SET TO OUTPUT ALL LOG MESSAGES !!!
20220325 014646.061 INFO             PET2 !!!     THIS MAY CAUSE SLOWDOWN IN PERFORMANCE     !!!
20220325 014646.061 INFO             PET2 !!! FOR PRODUCTION RUNS, USE:                      !!!
20220325 014646.077 INFO             PET2 !!!                   ESMF_LOGKIND_Multi_On_Error  !!!
20220325 014646.077 INFO             PET2 !!!!!!!!!!!!!!!!!!!!!!!!!!!!!!!!!!!!!!!!!!!!!!!!!!!!!!
20220325 014646.077 INFO             PET2 Running with ESMF Version   : v8.3.0b09-103-gbb860f29f6
20220325 014646.078 INFO             PET2 ESMF library build date/time: "Mar 25 2022" "01:15:12"
20220325 014646.078 INFO             PET2 ESMF library build location : /gpfsm/dnb04/projects/p98/mpotts/esmf/intel_19.1.3_mpt_g_jedwards_pio_update2
20220325 014646.078 INFO             PET2 ESMF_COMM                   : mpt
20220325 014646.085 INFO             PET2 ESMF_MOAB                   : enabled
20220325 014646.085 INFO             PET2 ESMF_LAPACK                 : enabled
20220325 014646.085 INFO             PET2 ESMF_NETCDF                 : enabled
20220325 014646.085 INFO             PET2 ESMF_PNETCDF                : disabled
20220325 014646.085 INFO             PET2 ESMF_PIO                    : enabled
20220325 014646.085 INFO             PET2 ESMF_YAMLCPP                : enabled
20220325 014646.100 INFO             PET2 Log Write 2
20220325 014646.100 ERROR            PET2 Invalid object  - Convergence failure
20220325 014646.179 ERROR            PET2 ESMCI_Fraction.C:1444 ESMCI::Fraction::validate() must have non-zero denominator.
20220325 014646.196 ERROR            PET2 ESMCI_Time.C:838 ESMCI::Time::syncToRealTime() Wrong argument specified  - ; calkindflag is JULIANDAY, MODJULIANDAY or NOCALENDAR.
20220325 014646.214 ERROR            PET2 ESMF_Time.F90:1485 ESMF_TimeSyncToRealTime() Wrong argument specified  - Internal subroutine call returned Error
20220325 014646.214 ERROR            PET2 Wrong argument specified  - getting wall clock time
20220325 014646.257 INFO             PET2  NUMBER_OF_PROCESSORS           4
20220325 014646.265 INFO             PET2  PASS  Example ESMF_LogErrEx, ESMF_LogErrEx.F90, line 186
20220325 014646.265 INFO             PET2 Finalizing ESMF
20220325 014646.061 INFO             PET3 !!!!!!!!!!!!!!!!!!!!!!!!!!!!!!!!!!!!!!!!!!!!!!!!!!!!!!
20220325 014646.061 INFO             PET3 !!! THE ESMF_LOG IS SET TO OUTPUT ALL LOG MESSAGES !!!
20220325 014646.061 INFO             PET3 !!!     THIS MAY CAUSE SLOWDOWN IN PERFORMANCE     !!!
20220325 014646.061 INFO             PET3 !!! FOR PRODUCTION RUNS, USE:                      !!!
20220325 014646.077 INFO             PET3 !!!                   ESMF_LOGKIND_Multi_On_Error  !!!
20220325 014646.077 INFO             PET3 !!!!!!!!!!!!!!!!!!!!!!!!!!!!!!!!!!!!!!!!!!!!!!!!!!!!!!
20220325 014646.077 INFO             PET3 Running with ESMF Version   : v8.3.0b09-103-gbb860f29f6
20220325 014646.078 INFO             PET3 ESMF library build date/time: "Mar 25 2022" "01:15:12"
20220325 014646.078 INFO             PET3 ESMF library build location : /gpfsm/dnb04/projects/p98/mpotts/esmf/intel_19.1.3_mpt_g_jedwards_pio_update2
20220325 014646.078 INFO             PET3 ESMF_COMM                   : mpt
20220325 014646.084 INFO             PET3 ESMF_MOAB                   : enabled
20220325 014646.084 INFO             PET3 ESMF_LAPACK                 : enabled
20220325 014646.084 INFO             PET3 ESMF_NETCDF                 : enabled
20220325 014646.084 INFO             PET3 ESMF_PNETCDF                : disabled
20220325 014646.084 INFO             PET3 ESMF_PIO                    : enabled
20220325 014646.084 INFO             PET3 ESMF_YAMLCPP                : enabled
20220325 014646.100 INFO             PET3 Log Write 2
20220325 014646.100 ERROR            PET3 Invalid object  - Convergence failure
20220325 014646.179 ERROR            PET3 ESMCI_Fraction.C:1444 ESMCI::Fraction::validate() must have non-zero denominator.
20220325 014646.196 ERROR            PET3 ESMCI_Time.C:838 ESMCI::Time::syncToRealTime() Wrong argument specified  - ; calkindflag is JULIANDAY, MODJULIANDAY or NOCALENDAR.
20220325 014646.214 ERROR            PET3 ESMF_Time.F90:1485 ESMF_TimeSyncToRealTime() Wrong argument specified  - Internal subroutine call returned Error
20220325 014646.214 ERROR            PET3 Wrong argument specified  - getting wall clock time
20220325 014646.257 INFO             PET3  NUMBER_OF_PROCESSORS           4
20220325 014646.265 INFO             PET3  PASS  Example ESMF_LogErrEx, ESMF_LogErrEx.F90, line 186
20220325 014646.265 INFO             PET3 Finalizing ESMF
