build time -- 2022-03-17 01:17:42.219248
20220317 014855.951 INFO             PET0 !!!!!!!!!!!!!!!!!!!!!!!!!!!!!!!!!!!!!!!!!!!!!!!!!!!!!!
20220317 014855.951 INFO             PET0 !!! THE ESMF_LOG IS SET TO OUTPUT ALL LOG MESSAGES !!!
20220317 014855.951 INFO             PET0 !!!     THIS MAY CAUSE SLOWDOWN IN PERFORMANCE     !!!
20220317 014855.951 INFO             PET0 !!! FOR PRODUCTION RUNS, USE:                      !!!
20220317 014855.951 INFO             PET0 !!!                   ESMF_LOGKIND_Multi_On_Error  !!!
20220317 014855.951 INFO             PET0 !!!!!!!!!!!!!!!!!!!!!!!!!!!!!!!!!!!!!!!!!!!!!!!!!!!!!!
20220317 014855.951 INFO             PET0 Running with ESMF Version   : v8.3.0b09-100-g5ff85a963f
20220317 014855.951 INFO             PET0 ESMF library build date/time: "Mar 17 2022" "01:14:50"
20220317 014855.951 INFO             PET0 ESMF library build location : /gpfsm/dnb04/projects/p98/mpotts/esmf/intel_19.1.3_mpt_g_jedwards_pio_update2
20220317 014855.951 INFO             PET0 ESMF_COMM                   : mpt
20220317 014855.952 INFO             PET0 ESMF_MOAB                   : enabled
20220317 014855.952 INFO             PET0 ESMF_LAPACK                 : enabled
20220317 014855.952 INFO             PET0 ESMF_NETCDF                 : enabled
20220317 014855.952 INFO             PET0 ESMF_PNETCDF                : disabled
20220317 014855.952 INFO             PET0 ESMF_PIO                    : enabled
20220317 014855.952 INFO             PET0 ESMF_YAMLCPP                : enabled
20220317 014856.082 DEBUG            PET0 about to destroy Grid: 0x19affd0
20220317 014856.097 DEBUG            PET0 about to destroy Grid: 0x19b2d40
20220317 014856.140 INFO             PET0  NUMBER_OF_PROCESSORS           4
20220317 014856.141 INFO             PET0  PASS  Example ESMF_NUOPCAtmModelEx, ESMF_NUOPCAtmModelEx.F90, line 806
20220317 014856.141 INFO             PET0 Finalizing ESMF
20220317 014855.951 INFO             PET1 !!!!!!!!!!!!!!!!!!!!!!!!!!!!!!!!!!!!!!!!!!!!!!!!!!!!!!
20220317 014855.951 INFO             PET1 !!! THE ESMF_LOG IS SET TO OUTPUT ALL LOG MESSAGES !!!
20220317 014855.951 INFO             PET1 !!!     THIS MAY CAUSE SLOWDOWN IN PERFORMANCE     !!!
20220317 014855.951 INFO             PET1 !!! FOR PRODUCTION RUNS, USE:                      !!!
20220317 014855.951 INFO             PET1 !!!                   ESMF_LOGKIND_Multi_On_Error  !!!
20220317 014855.951 INFO             PET1 !!!!!!!!!!!!!!!!!!!!!!!!!!!!!!!!!!!!!!!!!!!!!!!!!!!!!!
20220317 014855.951 INFO             PET1 Running with ESMF Version   : v8.3.0b09-100-g5ff85a963f
20220317 014855.951 INFO             PET1 ESMF library build date/time: "Mar 17 2022" "01:14:50"
20220317 014855.951 INFO             PET1 ESMF library build location : /gpfsm/dnb04/projects/p98/mpotts/esmf/intel_19.1.3_mpt_g_jedwards_pio_update2
20220317 014855.951 INFO             PET1 ESMF_COMM                   : mpt
20220317 014855.951 INFO             PET1 ESMF_MOAB                   : enabled
20220317 014855.951 INFO             PET1 ESMF_LAPACK                 : enabled
20220317 014855.951 INFO             PET1 ESMF_NETCDF                 : enabled
20220317 014855.951 INFO             PET1 ESMF_PNETCDF                : disabled
20220317 014855.951 INFO             PET1 ESMF_PIO                    : enabled
20220317 014855.951 INFO             PET1 ESMF_YAMLCPP                : enabled
20220317 014856.082 DEBUG            PET1 about to destroy Grid: 0x19b2e10
20220317 014856.097 DEBUG            PET1 about to destroy Grid: 0x19b3e00
20220317 014856.140 INFO             PET1  NUMBER_OF_PROCESSORS           4
20220317 014856.141 INFO             PET1  PASS  Example ESMF_NUOPCAtmModelEx, ESMF_NUOPCAtmModelEx.F90, line 806
20220317 014856.141 INFO             PET1 Finalizing ESMF
20220317 014855.951 INFO             PET2 !!!!!!!!!!!!!!!!!!!!!!!!!!!!!!!!!!!!!!!!!!!!!!!!!!!!!!
20220317 014855.951 INFO             PET2 !!! THE ESMF_LOG IS SET TO OUTPUT ALL LOG MESSAGES !!!
20220317 014855.951 INFO             PET2 !!!     THIS MAY CAUSE SLOWDOWN IN PERFORMANCE     !!!
20220317 014855.951 INFO             PET2 !!! FOR PRODUCTION RUNS, USE:                      !!!
20220317 014855.951 INFO             PET2 !!!                   ESMF_LOGKIND_Multi_On_Error  !!!
20220317 014855.951 INFO             PET2 !!!!!!!!!!!!!!!!!!!!!!!!!!!!!!!!!!!!!!!!!!!!!!!!!!!!!!
20220317 014855.951 INFO             PET2 Running with ESMF Version   : v8.3.0b09-100-g5ff85a963f
20220317 014855.951 INFO             PET2 ESMF library build date/time: "Mar 17 2022" "01:14:50"
20220317 014855.951 INFO             PET2 ESMF library build location : /gpfsm/dnb04/projects/p98/mpotts/esmf/intel_19.1.3_mpt_g_jedwards_pio_update2
20220317 014855.951 INFO             PET2 ESMF_COMM                   : mpt
20220317 014855.951 INFO             PET2 ESMF_MOAB                   : enabled
20220317 014855.951 INFO             PET2 ESMF_LAPACK                 : enabled
20220317 014855.951 INFO             PET2 ESMF_NETCDF                 : enabled
20220317 014855.951 INFO             PET2 ESMF_PNETCDF                : disabled
20220317 014855.951 INFO             PET2 ESMF_PIO                    : enabled
20220317 014855.951 INFO             PET2 ESMF_YAMLCPP                : enabled
20220317 014856.082 DEBUG            PET2 about to destroy Grid: 0x19b2e90
20220317 014856.097 DEBUG            PET2 about to destroy Grid: 0x19b3e80
20220317 014856.140 INFO             PET2  NUMBER_OF_PROCESSORS           4
20220317 014856.141 INFO             PET2  PASS  Example ESMF_NUOPCAtmModelEx, ESMF_NUOPCAtmModelEx.F90, line 806
20220317 014856.141 INFO             PET2 Finalizing ESMF
20220317 014855.951 INFO             PET3 !!!!!!!!!!!!!!!!!!!!!!!!!!!!!!!!!!!!!!!!!!!!!!!!!!!!!!
20220317 014855.951 INFO             PET3 !!! THE ESMF_LOG IS SET TO OUTPUT ALL LOG MESSAGES !!!
20220317 014855.951 INFO             PET3 !!!     THIS MAY CAUSE SLOWDOWN IN PERFORMANCE     !!!
20220317 014855.951 INFO             PET3 !!! FOR PRODUCTION RUNS, USE:                      !!!
20220317 014855.951 INFO             PET3 !!!                   ESMF_LOGKIND_Multi_On_Error  !!!
20220317 014855.951 INFO             PET3 !!!!!!!!!!!!!!!!!!!!!!!!!!!!!!!!!!!!!!!!!!!!!!!!!!!!!!
20220317 014855.951 INFO             PET3 Running with ESMF Version   : v8.3.0b09-100-g5ff85a963f
20220317 014855.951 INFO             PET3 ESMF library build date/time: "Mar 17 2022" "01:14:50"
20220317 014855.951 INFO             PET3 ESMF library build location : /gpfsm/dnb04/projects/p98/mpotts/esmf/intel_19.1.3_mpt_g_jedwards_pio_update2
20220317 014855.951 INFO             PET3 ESMF_COMM                   : mpt
20220317 014855.951 INFO             PET3 ESMF_MOAB                   : enabled
20220317 014855.951 INFO             PET3 ESMF_LAPACK                 : enabled
20220317 014855.951 INFO             PET3 ESMF_NETCDF                 : enabled
20220317 014855.951 INFO             PET3 ESMF_PNETCDF                : disabled
20220317 014855.951 INFO             PET3 ESMF_PIO                    : enabled
20220317 014855.951 INFO             PET3 ESMF_YAMLCPP                : enabled
20220317 014856.082 DEBUG            PET3 about to destroy Grid: 0x19b2f10
20220317 014856.097 DEBUG            PET3 about to destroy Grid: 0x19b3f00
20220317 014856.140 INFO             PET3  NUMBER_OF_PROCESSORS           4
20220317 014856.141 INFO             PET3  PASS  Example ESMF_NUOPCAtmModelEx, ESMF_NUOPCAtmModelEx.F90, line 806
20220317 014856.141 INFO             PET3 Finalizing ESMF
