build time -- 2022-03-23 01:35:34.855666
20220323 020443.939 INFO             PET0 !!!!!!!!!!!!!!!!!!!!!!!!!!!!!!!!!!!!!!!!!!!!!!!!!!!!!!
20220323 020443.939 INFO             PET0 !!! THE ESMF_LOG IS SET TO OUTPUT ALL LOG MESSAGES !!!
20220323 020443.939 INFO             PET0 !!!     THIS MAY CAUSE SLOWDOWN IN PERFORMANCE     !!!
20220323 020443.939 INFO             PET0 !!! FOR PRODUCTION RUNS, USE:                      !!!
20220323 020443.939 INFO             PET0 !!!                   ESMF_LOGKIND_Multi_On_Error  !!!
20220323 020443.939 INFO             PET0 !!!!!!!!!!!!!!!!!!!!!!!!!!!!!!!!!!!!!!!!!!!!!!!!!!!!!!
20220323 020443.939 INFO             PET0 Running with ESMF Version   : v8.3.0b09-103-gbb860f29f6
20220323 020443.939 INFO             PET0 ESMF library build date/time: "Mar 23 2022" "01:32:12"
20220323 020443.939 INFO             PET0 ESMF library build location : /gpfsm/dnb04/projects/p98/mpotts/esmf/intel_19.1.3_mpt_g_jedwards_pio_update2
20220323 020443.940 INFO             PET0 ESMF_COMM                   : mpt
20220323 020443.941 INFO             PET0 ESMF_MOAB                   : enabled
20220323 020443.941 INFO             PET0 ESMF_LAPACK                 : enabled
20220323 020443.941 INFO             PET0 ESMF_NETCDF                 : enabled
20220323 020443.941 INFO             PET0 ESMF_PNETCDF                : disabled
20220323 020443.941 INFO             PET0 ESMF_PIO                    : enabled
20220323 020443.941 INFO             PET0 ESMF_YAMLCPP                : enabled
20220323 020443.972 INFO             PET0  NUMBER_OF_PROCESSORS           1
20220323 020443.972 INFO             PET0  PASS  Example ESMF_TimeEx, ESMF_TimeEx.F90, line 141
20220323 020443.972 INFO             PET0 Finalizing ESMF
