build time -- 2022-03-24 01:17:12.205784
0: --- ESMCI::Array::print start ---
1: --- ESMCI::Array::print start ---
1:  Base name    = Array002
1:  Status: Base = Ready,  object = Ready
1:  Proxy        = no
1:  Root Info (Attributes):
2: --- ESMCI::Array::print start ---
2:  Base name    = Array002
2:  Status: Base = Ready,  object = Ready
2:  Proxy        = no
2:  Root Info (Attributes):
3: --- ESMCI::Array::print start ---
0:  Base name    = Array002
0:  Status: Base = Ready,  object = Ready
0:  Proxy        = no
0:  Root Info (Attributes):
3:  Base name    = Array002
2: {}Array typekind/rank: Real*8 / 2 
0: {}Array typekind/rank: Real*8 / 2 
0: ~ lower class' values ~
0: DistGrid dimCount = 2
0: deCount = 4
0: localDeCount = 1
0: ~ local data in LocalArray for DE 0 ~
1: {}Array typekind/rank: Real*8 / 2 
1: ~ lower class' values ~
1: DistGrid dimCount = 2
1: deCount = 4
1: localDeCount = 1
1: ~ local data in LocalArray for DE 1 ~
1: LocalArrayPrint: Array at address 0x18f0a60:
1:             rank = 2, typekind = 6, base_addr = 0x7fffe61effe0
2: ~ lower class' values ~
2: DistGrid dimCount = 2
2: deCount = 4
2: localDeCount = 1
2: ~ local data in LocalArray for DE 2 ~
2: LocalArrayPrint: Array at address 0x18f0ae0:
2:             rank = 2, typekind = 6, base_addr = 0x7fffe61effe0
0: LocalArrayPrint: Array at address 0x18f09a0:
0:             rank = 2, typekind = 6, base_addr = 0x7fffe61effe0
1:             dim[0] = 2  dim[1] = 2  
2:             dim[0] = 2  dim[1] = 2  
2:   Real, *8, Dim 2, Data values:
0:             dim[0] = 2  dim[1] = 2  
0:   Real, *8, Dim 2, Data values:
1:   Real, *8, Dim 2, Data values:
1: ( 1, 1) =  101
0: ( 1, 1) =  100
0: ( 2, 1) =  100
0: ( 1, 2) =  100
0: ( 2, 2) =  100
1: ( 2, 1) =  101
1: ( 1, 2) =  101
1: ( 2, 2) =  101
2: ( 1, 1) =  102
2: ( 2, 1) =  102
2: ( 1, 2) =  102
2: ( 2, 2) =  102
0: dim 1: [0]: [1 [1 [1, 2] 2] 2]
0: dim 2: [1]: [1 [1 [1, 2] 2] 2]
0: --- ESMCI::Array::print end ---
1: dim 1: [0]: [1 [1 [1, 2] 2] 2]
1: dim 2: [1]: [1 [1 [1, 2] 2] 2]
1: --- ESMCI::Array::print end ---
2: dim 1: [0]: [1 [1 [1, 2] 2] 2]
2: dim 2: [1]: [1 [1 [1, 2] 2] 2]
2: --- ESMCI::Array::print end ---
2: --- ESMCI::Array::print start ---
0: --- ESMCI::Array::print start ---
0:  Base name    = Array003
0:  Status: Base = Ready,  object = Ready
1: --- ESMCI::Array::print start ---
1:  Base name    = Array003
1:  Status: Base = Ready,  object = Ready
2:  Base name    = Array003
2:  Status: Base = Ready,  object = Ready
2:  Proxy        = no
2:  Root Info (Attributes):
0:  Proxy        = no
0:  Root Info (Attributes):
1:  Proxy        = no
1:  Root Info (Attributes):
1: {}Array typekind/rank: Real*8 / 2 
1: ~ lower class' values ~
1: DistGrid dimCount = 2
1: deCount = 4
1: localDeCount = 1
1: ~ local data in LocalArray for DE 1 ~
1: LocalArrayPrint: Array at address 0x18f1530:
1:             rank = 2, typekind = 6, base_addr = 0x7fffe61effc0
1:             dim[0] = 2  dim[1] = 2  
1:   Real, *8, Dim 2, Data values:
1: ( 1, 1) =  201
2: {}Array typekind/rank: Real*8 / 2 
2: ~ lower class' values ~
2: DistGrid dimCount = 2
2: deCount = 4
2: localDeCount = 1
2: ~ local data in LocalArray for DE 2 ~
2: LocalArrayPrint: Array at address 0x18f15b0:
2:             rank = 2, typekind = 6, base_addr = 0x7fffe61effc0
2:             dim[0] = 2  dim[1] = 2  
2:   Real, *8, Dim 2, Data values:
2: ( 1, 1) =  202
2: ( 2, 1) =  202
3:  Status: Base = Ready,  object = Ready
3:  Proxy        = no
3:  Root Info (Attributes):
1: ( 2, 1) =  201
1: ( 1, 2) =  201
1: ( 2, 2) =  201
1: dim 1: [0]: [1 [1 [1, 2] 2] 2]
1: dim 2: [1]: [1 [1 [1, 2] 2] 2]
1: --- ESMCI::Array::print end ---
1: --- ESMCI::Array::print start ---
2: ( 1, 2) =  202
2: ( 2, 2) =  202
2: dim 1: [0]: [1 [1 [1, 2] 2] 2]
2: dim 2: [1]: [1 [1 [1, 2] 2] 2]
2: --- ESMCI::Array::print end ---
2: --- ESMCI::Array::print start ---
2:  Base name    = Array004
1:  Base name    = Array004
1:  Status: Base = Ready,  object = Ready
1:  Proxy        = no
1:  Root Info (Attributes):
2:  Status: Base = Ready,  object = Ready
2:  Proxy        = no
2:  Root Info (Attributes):
1: {}Array typekind/rank: Real*8 / 2 
1: ~ lower class' values ~
2: {}Array typekind/rank: Real*8 / 2 
2: ~ lower class' values ~
2: DistGrid dimCount = 2
2: deCount = 4
1: DistGrid dimCount = 2
1: deCount = 4
1: localDeCount = 1
1: ~ local data in LocalArray for DE 1 ~
1: LocalArrayPrint: Array at address 0x18f20a0:
1:             rank = 2, typekind = 6, base_addr = 0x7fffe61ebf80
2: localDeCount = 1
2: ~ local data in LocalArray for DE 2 ~
2: LocalArrayPrint: Array at address 0x18f2120:
2:             rank = 2, typekind = 6, base_addr = 0x7fffe61ebf80
1:             dim[0] = 4  dim[1] = 4  
1:   Real, *8, Dim 2, Data values:
1: ( 0, 0) =  301
2:             dim[0] = 4  dim[1] = 4  
2:   Real, *8, Dim 2, Data values:
2: ( 0, 0) =  302
2: ( 1, 0) =  300
1: ( 1, 0) =  301
1: ( 2, 0) =  301
1: ( 3, 0) =  301
1: ( 0, 1) =  300
2: ( 2, 0) =  300
2: ( 3, 0) =  301
2: ( 0, 1) =  302
2: ( 1, 1) =  302
1: ( 1, 1) =  301
1: ( 2, 1) =  301
1: ( 3, 1) =  301
1: ( 0, 2) =  300
2: ( 2, 1) =  302
2: ( 3, 1) =  303
2: ( 0, 2) =  302
2: ( 1, 2) =  302
1: ( 1, 2) =  301
1: ( 2, 2) =  301
1: ( 3, 2) =  301
1: ( 0, 3) =  302
1: ( 1, 3) =  303
2: ( 2, 2) =  302
2: ( 3, 2) =  303
2: ( 0, 3) =  302
2: ( 1, 3) =  302
2: ( 2, 3) =  302
1: ( 2, 3) =  303
1: ( 3, 3) =  301
1: dim 1: [0]: [0 [1 [1, 2] 2] 3]
1: dim 2: [1]: [0 [1 [1, 2] 2] 3]
1: --- ESMCI::Array::print end ---
2: ( 3, 3) =  302
2: dim 1: [0]: [0 [1 [1, 2] 2] 3]
2: dim 2: [1]: [0 [1 [1, 2] 2] 3]
2: --- ESMCI::Array::print end ---
1: --- ESMCI::Array::print start ---
1:  Base name    = Array005
2: --- ESMCI::Array::print start ---
2:  Base name    = Array005
1:  Status: Base = Ready,  object = Ready
1:  Proxy        = no
2:  Status: Base = Ready,  object = Ready
2:  Proxy        = no
2:  Root Info (Attributes):
1:  Root Info (Attributes):
1: {}Array typekind/rank: Real*8 / 2 
1: ~ lower class' values ~
1: DistGrid dimCount = 2
1: deCount = 4
1: localDeCount = 1
2: {}Array typekind/rank: Real*8 / 2 
2: ~ lower class' values ~
2: DistGrid dimCount = 2
2: deCount = 4
2: localDeCount = 1
2: ~ local data in LocalArray for DE 2 ~
2: LocalArrayPrint: Array at address 0x18f2e60:
2:             rank = 2, typekind = 6, base_addr = 0x7fffe61ebf00
1: ~ local data in LocalArray for DE 1 ~
1: LocalArrayPrint: Array at address 0x18f2dc0:
1:             rank = 2, typekind = 6, base_addr = 0x7fffe61ebf00
2:             dim[0] = 4  dim[1] = 4  
2:   Real, *8, Dim 2, Data values:
2: ( 0, 0) =  402
1:             dim[0] = 4  dim[1] = 4  
1:   Real, *8, Dim 2, Data values:
1: ( 0, 0) =  401
1: ( 1, 0) =  401
1: ( 2, 0) =  401
1: ( 3, 0) =  401
1: ( 0, 1) =  400
2: ( 1, 0) =  400
2: ( 2, 0) =  400
2: ( 3, 0) =  401
2: ( 0, 1) =  402
2: ( 1, 1) =  402
2: ( 2, 1) =  402
3: {}Array typekind/rank: Real*8 / 2 
3: ~ lower class' values ~
3: DistGrid dimCount = 2
3: deCount = 4
3: localDeCount = 1
3: ~ local data in LocalArray for DE 3 ~
3: LocalArrayPrint: Array at address 0x18f0b60:
1: ( 1, 1) =  401
1: ( 2, 1) =  401
1: ( 3, 1) =  401
1: ( 0, 2) =  400
1: ( 1, 2) =  401
1: ( 2, 2) =  401
2: ( 3, 1) =  403
2: ( 0, 2) =  402
2: ( 1, 2) =  402
2: ( 2, 2) =  402
2: ( 3, 2) =  403
2: ( 0, 3) =  402
3:             rank = 2, typekind = 6, base_addr = 0x7fffe61effe0
3:             dim[0] = 2  dim[1] = 2  
1: ( 3, 2) =  401
1: ( 0, 3) =  402
1: ( 1, 3) =  403
1: ( 2, 3) =  403
1: ( 3, 3) =  401
2: ( 1, 3) =  402
2: ( 2, 3) =  402
2: ( 3, 3) =  402
2: dim 1: [0]: [0 [1 [1, 2] 2] 3]
2: dim 2: [1]: [0 [1 [1, 2] 2] 3]
2: --- ESMCI::Array::print end ---
3:   Real, *8, Dim 2, Data values:
3: ( 1, 1) =  103
1: dim 1: [0]: [0 [1 [1, 2] 2] 3]
1: dim 2: [1]: [0 [1 [1, 2] 2] 3]
1: --- ESMCI::Array::print end ---
1: --- ESMCI::Array::print start ---
2: --- ESMCI::Array::print start ---
2:  Base name    = Array006
2:  Status: Base = Ready,  object = Ready
3: ( 2, 1) =  103
3: ( 1, 2) =  103
3: ( 2, 2) =  103
1:  Base name    = Array006
1:  Status: Base = Ready,  object = Ready
1:  Proxy        = no
1:  Root Info (Attributes):
2:  Proxy        = no
2:  Root Info (Attributes):
2: {}Array typekind/rank: Real*8 / 2 
3: dim 1: [0]: [1 [1 [1, 2] 2] 2]
3: dim 2: [1]: [1 [1 [1, 2] 2] 2]
3: --- ESMCI::Array::print end ---
1: {}Array typekind/rank: Real*8 / 2 
1: ~ lower class' values ~
1: DistGrid dimCount = 2
1: deCount = 4
2: ~ lower class' values ~
2: DistGrid dimCount = 2
2: deCount = 4
2: localDeCount = 1
2: ~ local data in LocalArray for DE 2 ~
2: LocalArrayPrint: Array at address 0x18f3ac0:
2:             rank = 2, typekind = 6, base_addr = 0x7fffe61e3fa0
3: --- ESMCI::Array::print start ---
3:  Base name    = Array003
1: localDeCount = 1
1: ~ local data in LocalArray for DE 1 ~
1: LocalArrayPrint: Array at address 0x18f3a20:
1:             rank = 2, typekind = 6, base_addr = 0x7fffe61e3fa0
2:             dim[0] = 4  dim[1] = 3  
2:   Real, *8, Dim 2, Data values:
2: ( 0, 0) =  502
2: ( 1, 0) =  500
2: ( 2, 0) =  500
3:  Status: Base = Ready,  object = Ready
3:  Proxy        = no
3:  Root Info (Attributes):
1:             dim[0] = 4  dim[1] = 3  
1:   Real, *8, Dim 2, Data values:
1: ( 0, 0) =  501
1: ( 1, 0) =  501
1: ( 2, 0) =  501
1: ( 3, 0) =  501
2: ( 3, 0) =  501
2: ( 0, 1) =  502
2: ( 1, 1) =  502
2: ( 2, 1) =  502
2: ( 3, 1) =  503
1: ( 0, 1) =  500
1: ( 1, 1) =  501
1: ( 2, 1) =  501
1: ( 3, 1) =  501
1: ( 0, 2) =  500
2: ( 0, 2) =  502
2: ( 1, 2) =  502
2: ( 2, 2) =  502
2: ( 3, 2) =  503
3: {}Array typekind/rank: Real*8 / 2 
3: ~ lower class' values ~
3: DistGrid dimCount = 2
3: deCount = 4
1: ( 1, 2) =  501
1: ( 2, 2) =  501
1: ( 3, 2) =  501
1: dim 1: [0]: [0 [1 [1, 2] 2] 3]
1: dim 2: [1]: [0 [1 [1, 2] 2] 2]
1: --- ESMCI::Array::print end ---
2: dim 1: [0]: [0 [1 [1, 2] 2] 3]
2: dim 2: [1]: [0 [1 [1, 2] 2] 2]
2: --- ESMCI::Array::print end ---
3: localDeCount = 1
3: ~ local data in LocalArray for DE 3 ~
3: LocalArrayPrint: Array at address 0x18f1630:
3:             rank = 2, typekind = 6, base_addr = 0x7fffe61effc0
3:             dim[0] = 2  dim[1] = 2  
3:   Real, *8, Dim 2, Data values:
3: ( 1, 1) =  203
3: ( 2, 1) =  203
3: ( 1, 2) =  203
3: ( 2, 2) =  203
3: dim 1: [0]: [1 [1 [1, 2] 2] 2]
3: dim 2: [1]: [1 [1 [1, 2] 2] 2]
3: --- ESMCI::Array::print end ---
3: --- ESMCI::Array::print start ---
3:  Base name    = Array004
3:  Status: Base = Ready,  object = Ready
3:  Proxy        = no
3:  Root Info (Attributes):
0: {}Array typekind/rank: Real*8 / 2 
0: ~ lower class' values ~
0: DistGrid dimCount = 2
0: deCount = 4
0: localDeCount = 1
0: ~ local data in LocalArray for DE 0 ~
0: LocalArrayPrint: Array at address 0x18f1470:
0:             rank = 2, typekind = 6, base_addr = 0x7fffe61effc0
0:             dim[0] = 2  dim[1] = 2  
0:   Real, *8, Dim 2, Data values:
0: ( 1, 1) =  200
0: ( 2, 1) =  200
0: ( 1, 2) =  200
0: ( 2, 2) =  200
0: dim 1: [0]: [1 [1 [1, 2] 2] 2]
0: dim 2: [1]: [1 [1 [1, 2] 2] 2]
0: --- ESMCI::Array::print end ---
0: --- ESMCI::Array::print start ---
3: {}Array typekind/rank: Real*8 / 2 
3: ~ lower class' values ~
3: DistGrid dimCount = 2
3: deCount = 4
3: localDeCount = 1
3: ~ local data in LocalArray for DE 3 ~
3: LocalArrayPrint: Array at address 0x18f21a0:
3:             rank = 2, typekind = 6, base_addr = 0x7fffe61ebf80
3:             dim[0] = 4  dim[1] = 4  
3:   Real, *8, Dim 2, Data values:
3: ( 0, 0) =  300
3: ( 1, 0) =  301
3: ( 2, 0) =  301
3: ( 3, 0) =  303
3: ( 0, 1) =  302
3: ( 1, 1) =  303
3: ( 2, 1) =  303
3: ( 3, 1) =  303
3: ( 0, 2) =  302
3: ( 1, 2) =  303
3: ( 2, 2) =  303
3: ( 3, 2) =  303
3: ( 0, 3) =  303
3: ( 1, 3) =  303
3: ( 2, 3) =  303
3: ( 3, 3) =  303
3: dim 1: [0]: [0 [1 [1, 2] 2] 3]
3: dim 2: [1]: [0 [1 [1, 2] 2] 3]
3: --- ESMCI::Array::print end ---
0:  Base name    = Array004
0:  Status: Base = Ready,  object = Ready
0:  Proxy        = no
3: --- ESMCI::Array::print start ---
0:  Root Info (Attributes):
3:  Base name    = Array005
3:  Status: Base = Ready,  object = Ready
3:  Proxy        = no
3:  Root Info (Attributes):
0: {}Array typekind/rank: Real*8 / 2 
0: ~ lower class' values ~
0: DistGrid dimCount = 2
0: deCount = 4
0: localDeCount = 1
0: ~ local data in LocalArray for DE 0 ~
0: LocalArrayPrint: Array at address 0x18f1fe0:
0:             rank = 2, typekind = 6, base_addr = 0x7fffe61ebf80
0:             dim[0] = 4  dim[1] = 4  
0:   Real, *8, Dim 2, Data values:
0: ( 0, 0) =  300
0: ( 1, 0) =  300
0: ( 2, 0) =  300
0: ( 3, 0) =  300
0: ( 0, 1) =  300
0: ( 1, 1) =  300
0: ( 2, 1) =  300
0: ( 3, 1) =  301
0: ( 0, 2) =  300
0: ( 1, 2) =  300
0: ( 2, 2) =  300
0: ( 3, 2) =  301
0: ( 0, 3) =  300
0: ( 1, 3) =  302
0: ( 2, 3) =  302
0: ( 3, 3) =  303
0: dim 1: [0]: [0 [1 [1, 2] 2] 3]
0: dim 2: [1]: [0 [1 [1, 2] 2] 3]
0: --- ESMCI::Array::print end ---
0: --- ESMCI::Array::print start ---
3: {}Array typekind/rank: Real*8 / 2 
3: ~ lower class' values ~
3: DistGrid dimCount = 2
3: deCount = 4
3: localDeCount = 1
3: ~ local data in LocalArray for DE 3 ~
3: LocalArrayPrint: Array at address 0x18f2ee0:
3:             rank = 2, typekind = 6, base_addr = 0x7fffe61ebf00
1:   PASS  Example ESMF_ArrayBundleHaloEx, ESMF_ArrayBundleHaloEx.F90, line 172
2:   PASS  Example ESMF_ArrayBundleHaloEx, ESMF_ArrayBundleHaloEx.F90, line 172
3:             dim[0] = 4  dim[1] = 4  
3:   Real, *8, Dim 2, Data values:
3: ( 0, 0) =  400
3: ( 1, 0) =  401
3: ( 2, 0) =  401
3: ( 3, 0) =  403
3: ( 0, 1) =  402
3: ( 1, 1) =  403
3: ( 2, 1) =  403
3: ( 3, 1) =  403
3: ( 0, 2) =  402
3: ( 1, 2) =  403
3: ( 2, 2) =  403
3: ( 3, 2) =  403
3: ( 0, 3) =  403
3: ( 1, 3) =  403
3: ( 2, 3) =  403
3: ( 3, 3) =  403
3: dim 1: [0]: [0 [1 [1, 2] 2] 3]
3: dim 2: [1]: [0 [1 [1, 2] 2] 3]
3: --- ESMCI::Array::print end ---
3: --- ESMCI::Array::print start ---
3:  Base name    = Array006
3:  Status: Base = Ready,  object = Ready
3:  Proxy        = no
3:  Root Info (Attributes):
0:  Base name    = Array005
0:  Status: Base = Ready,  object = Ready
0:  Proxy        = no
0:  Root Info (Attributes):
0: {}Array typekind/rank: Real*8 / 2 
0: ~ lower class' values ~
0: DistGrid dimCount = 2
0: deCount = 4
0: localDeCount = 1
0: ~ local data in LocalArray for DE 0 ~
0: LocalArrayPrint: Array at address 0x18f2ce0:
0:             rank = 2, typekind = 6, base_addr = 0x7fffe61ebf00
0:             dim[0] = 4  dim[1] = 4  
0:   Real, *8, Dim 2, Data values:
0: ( 0, 0) =  400
0: ( 1, 0) =  400
0: ( 2, 0) =  400
0: ( 3, 0) =  400
0: ( 0, 1) =  400
0: ( 1, 1) =  400
0: ( 2, 1) =  400
0: ( 3, 1) =  401
0: ( 0, 2) =  400
0: ( 1, 2) =  400
0: ( 2, 2) =  400
0: ( 3, 2) =  401
0: ( 0, 3) =  400
0: ( 1, 3) =  402
0: ( 2, 3) =  402
0: ( 3, 3) =  403
0: dim 1: [0]: [0 [1 [1, 2] 2] 3]
0: dim 2: [1]: [0 [1 [1, 2] 2] 3]
0: --- ESMCI::Array::print end ---
0: --- ESMCI::Array::print start ---
0:  Base name    = Array006
0:  Status: Base = Ready,  object = Ready
0:  Proxy        = no
0:  Root Info (Attributes):
3: {}Array typekind/rank: Real*8 / 2 
3: ~ lower class' values ~
3: DistGrid dimCount = 2
3: deCount = 4
3: localDeCount = 1
3: ~ local data in LocalArray for DE 3 ~
3: LocalArrayPrint: Array at address 0x18f3b40:
3:             rank = 2, typekind = 6, base_addr = 0x7fffe61e3fa0
3:             dim[0] = 4  dim[1] = 3  
3:   Real, *8, Dim 2, Data values:
3: ( 0, 0) =  500
3: ( 1, 0) =  501
3: ( 2, 0) =  501
3: ( 3, 0) =  503
3: ( 0, 1) =  502
3: ( 1, 1) =  503
3: ( 2, 1) =  503
3: ( 3, 1) =  503
3: ( 0, 2) =  502
3: ( 1, 2) =  503
3: ( 2, 2) =  503
3: ( 3, 2) =  503
3: dim 1: [0]: [0 [1 [1, 2] 2] 3]
3: dim 2: [1]: [0 [1 [1, 2] 2] 2]
3: --- ESMCI::Array::print end ---
0: {}Array typekind/rank: Real*8 / 2 
0: ~ lower class' values ~
0: DistGrid dimCount = 2
0: deCount = 4
0: localDeCount = 1
0: ~ local data in LocalArray for DE 0 ~
0: LocalArrayPrint: Array at address 0x18f3940:
0:             rank = 2, typekind = 6, base_addr = 0x7fffe61e3fa0
0:             dim[0] = 4  dim[1] = 3  
0:   Real, *8, Dim 2, Data values:
0: ( 0, 0) =  500
3:   PASS  Example ESMF_ArrayBundleHaloEx, ESMF_ArrayBundleHaloEx.F90, line 172
0: ( 1, 0) =  500
0: ( 2, 0) =  500
0: ( 3, 0) =  500
0: ( 0, 1) =  500
0: ( 1, 1) =  500
0: ( 2, 1) =  500
0: ( 3, 1) =  501
0: ( 0, 2) =  500
0: ( 1, 2) =  500
0: ( 2, 2) =  500
0: ( 3, 2) =  501
0: dim 1: [0]: [0 [1 [1, 2] 2] 3]
0: dim 2: [1]: [0 [1 [1, 2] 2] 2]
0: --- ESMCI::Array::print end ---
0:   PASS  Example ESMF_ArrayBundleHaloEx, ESMF_ArrayBundleHaloEx.F90, line 172
0:  PASS: ESMF_ArrayBundleHaloEx.F90
3:  PASS: ESMF_ArrayBundleHaloEx.F90
1:  PASS: ESMF_ArrayBundleHaloEx.F90
2:  PASS: ESMF_ArrayBundleHaloEx.F90
