build time -- 2022-03-23 21:17:58
20220323 221151.346 INFO             PET0 !!!!!!!!!!!!!!!!!!!!!!!!!!!!!!!!!!!!!!!!!!!!!!!!!!!!!!
20220323 221151.347 INFO             PET0 !!! THE ESMF_LOG IS SET TO OUTPUT ALL LOG MESSAGES !!!
20220323 221151.347 INFO             PET0 !!!     THIS MAY CAUSE SLOWDOWN IN PERFORMANCE     !!!
20220323 221151.347 INFO             PET0 !!! FOR PRODUCTION RUNS, USE:                      !!!
20220323 221151.347 INFO             PET0 !!!                   ESMF_LOGKIND_Multi_On_Error  !!!
20220323 221151.347 INFO             PET0 !!!!!!!!!!!!!!!!!!!!!!!!!!!!!!!!!!!!!!!!!!!!!!!!!!!!!!
20220323 221151.347 INFO             PET0 Running with ESMF Version   : v8.3.0b09-6-gdac1bc5728
20220323 221151.347 INFO             PET0 ESMF library build date/time: "Mar 23 2022" "21:14:23"
20220323 221151.347 INFO             PET0 ESMF library build location : /scratch1/NCEPDEV/stmp2/role.esmfmaint/pgi_19.1_mpiuni_O_develop
20220323 221151.347 INFO             PET0 ESMF_COMM                   : mpiuni
20220323 221151.347 INFO             PET0 ESMF_MOAB                   : enabled
20220323 221151.347 INFO             PET0 ESMF_LAPACK                 : enabled
20220323 221151.347 INFO             PET0 ESMF_NETCDF                 : disabled
20220323 221151.347 INFO             PET0 ESMF_PNETCDF                : disabled
20220323 221151.347 INFO             PET0 ESMF_PIO                    : disabled
20220323 221151.347 INFO             PET0 ESMF_YAMLCPP                : enabled
20220323 221151.348 INFO             PET0  NUMBER_OF_PROCESSORS            1
20220323 221151.348 INFO             PET0  PASS  Example ESMF_StateReconcileEx, ESMF_StateReconcileEx.F90, line 294
20220323 221151.348 INFO             PET0 Finalizing ESMF
