build time -- 2022-03-24 01:39:08.132257
20220324 024349.874 INFO             PET0 !!!!!!!!!!!!!!!!!!!!!!!!!!!!!!!!!!!!!!!!!!!!!!!!!!!!!!
20220324 024349.874 INFO             PET0 !!! THE ESMF_LOG IS SET TO OUTPUT ALL LOG MESSAGES !!!
20220324 024349.874 INFO             PET0 !!!     THIS MAY CAUSE SLOWDOWN IN PERFORMANCE     !!!
20220324 024349.874 INFO             PET0 !!! FOR PRODUCTION RUNS, USE:                      !!!
20220324 024349.874 INFO             PET0 !!!                   ESMF_LOGKIND_Multi_On_Error  !!!
20220324 024349.874 INFO             PET0 !!!!!!!!!!!!!!!!!!!!!!!!!!!!!!!!!!!!!!!!!!!!!!!!!!!!!!
20220324 024349.874 INFO             PET0 Running with ESMF Version   : v8.3.0b09-103-gbb860f29f6
20220324 024349.874 INFO             PET0 ESMF library build date/time: "Mar 24 2022" "01:34:47"
20220324 024349.874 INFO             PET0 ESMF library build location : /gpfsm/dnb04/projects/p98/mpotts/esmf/pgi_2020_mpiuni_O_jedwards_pio_update2
20220324 024349.874 INFO             PET0 ESMF_COMM                   : mpiuni
20220324 024349.874 INFO             PET0 ESMF_MOAB                   : enabled
20220324 024349.874 INFO             PET0 ESMF_LAPACK                 : enabled
20220324 024349.874 INFO             PET0 ESMF_NETCDF                 : disabled
20220324 024349.874 INFO             PET0 ESMF_PNETCDF                : disabled
20220324 024349.874 INFO             PET0 ESMF_PIO                    : disabled
20220324 024349.874 INFO             PET0 ESMF_YAMLCPP                : enabled
20220324 024349.877 INFO             PET0 ESMF_FieldRedistStoreNF(): Just entered routine.
20220324 024349.961 INFO             PET0 ESMF_FieldRedistStoreNF(): Leaving routine.
20220324 024349.970 INFO             PET0  NUMBER_OF_PROCESSORS            1
20220324 024349.970 INFO             PET0  PASS  Example ESMF_RHandleFromFileEx, ESMF_RHandleFromFileEx.F90, line 192
20220324 024349.970 INFO             PET0 Finalizing ESMF
