build time -- 2022-03-06 01:39:25.409619
20220306 023742.820 INFO             PET0 !!!!!!!!!!!!!!!!!!!!!!!!!!!!!!!!!!!!!!!!!!!!!!!!!!!!!!
20220306 023742.825 INFO             PET0 !!! THE ESMF_LOG IS SET TO OUTPUT ALL LOG MESSAGES !!!
20220306 023742.825 INFO             PET0 !!!     THIS MAY CAUSE SLOWDOWN IN PERFORMANCE     !!!
20220306 023742.825 INFO             PET0 !!! FOR PRODUCTION RUNS, USE:                      !!!
20220306 023742.825 INFO             PET0 !!!                   ESMF_LOGKIND_Multi_On_Error  !!!
20220306 023742.825 INFO             PET0 !!!!!!!!!!!!!!!!!!!!!!!!!!!!!!!!!!!!!!!!!!!!!!!!!!!!!!
20220306 023742.825 INFO             PET0 Running with ESMF Version   : v8.3.0b08-90-g763a12848c
20220306 023742.825 INFO             PET0 ESMF library build date/time: "Mar  6 2022" "01:35:34"
20220306 023742.825 INFO             PET0 ESMF library build location : /gpfsm/dnb04/projects/p98/mpotts/esmf/pgi_2020_mpiuni_O_jedwards_pio_update2
20220306 023742.825 INFO             PET0 ESMF_COMM                   : mpiuni
20220306 023742.827 INFO             PET0 ESMF_MOAB                   : enabled
20220306 023742.827 INFO             PET0 ESMF_LAPACK                 : enabled
20220306 023742.827 INFO             PET0 ESMF_NETCDF                 : disabled
20220306 023742.827 INFO             PET0 ESMF_PNETCDF                : disabled
20220306 023742.827 INFO             PET0 ESMF_PIO                    : disabled
20220306 023742.827 INFO             PET0 ESMF_YAMLCPP                : enabled
20220306 023742.827 INFO             PET0 Log Write 2
20220306 023742.827 ERROR            PET0 Invalid object  - Convergence failure
20220306 023742.828 ERROR            PET0 ESMCI_Fraction.C:1444 ESMCI::Fraction::validate() must have non-zero denominator.
20220306 023742.828 ERROR            PET0 ESMCI_Time.C:838 ESMCI::Time::syncToRealTime() Wrong argument specified  - ; calkindflag is JULIANDAY, MODJULIANDAY or NOCALENDAR.
20220306 023742.828 ERROR            PET0 ESMF_Time.F90:1485 ESMF_TimeSyncToRealTime() Wrong argument specified  - Internal subroutine call returned Error
20220306 023742.828 ERROR            PET0 Wrong argument specified  - getting wall clock time
20220306 023742.828 INFO             PET0  NUMBER_OF_PROCESSORS            1
20220306 023742.829 INFO             PET0  PASS  Example ESMF_LogErrEx, ESMF_LogErrEx.F90, line 186
20220306 023742.829 INFO             PET0 Finalizing ESMF
20220306 023742.829 INFO             PET0 ESMCI_IO_Handler.C:356 ESMCI::IO_Handler::finalize() before return, localrc = 0
