build time -- 2022-03-10 06:08:27
20220310 062927.902 INFO             PET0 !!!!!!!!!!!!!!!!!!!!!!!!!!!!!!!!!!!!!!!!!!!!!!!!!!!!!!
20220310 062927.902 INFO             PET0 !!! THE ESMF_LOG IS SET TO OUTPUT ALL LOG MESSAGES !!!
20220310 062927.902 INFO             PET0 !!!     THIS MAY CAUSE SLOWDOWN IN PERFORMANCE     !!!
20220310 062927.902 INFO             PET0 !!! FOR PRODUCTION RUNS, USE:                      !!!
20220310 062927.902 INFO             PET0 !!!                   ESMF_LOGKIND_Multi_On_Error  !!!
20220310 062927.902 INFO             PET0 !!!!!!!!!!!!!!!!!!!!!!!!!!!!!!!!!!!!!!!!!!!!!!!!!!!!!!
20220310 062927.902 INFO             PET0 Running with ESMF Version   : v8.3.0b09
20220310 062927.902 INFO             PET0 ESMF library build date/time: "Mar 10 2022" "06:06:54"
20220310 062927.902 INFO             PET0 ESMF library build location : /scratch1/NCEPDEV/stmp2/role.esmfmaint/intel_18.0.4_mpiuni_O_develop
20220310 062927.902 INFO             PET0 ESMF_COMM                   : mpiuni
20220310 062927.903 INFO             PET0 ESMF_MOAB                   : enabled
20220310 062927.903 INFO             PET0 ESMF_LAPACK                 : enabled
20220310 062927.903 INFO             PET0 ESMF_NETCDF                 : enabled
20220310 062927.903 INFO             PET0 ESMF_PNETCDF                : disabled
20220310 062927.903 INFO             PET0 ESMF_PIO                    : disabled
20220310 062927.903 INFO             PET0 ESMF_YAMLCPP                : enabled
20220310 062927.939 INFO             PET0  NUMBER_OF_PROCESSORS           1
20220310 062927.940 INFO             PET0  PASS  Example ESMF_RHandleDynamicMaskingEx, ESMF_RHandleDynamicMaskingEx.F90, line 1116
20220310 062927.941 INFO             PET0 Finalizing ESMF
