build time -- 2022-03-24 06:08:12
20220324 063119.002 INFO             PET0 !!!!!!!!!!!!!!!!!!!!!!!!!!!!!!!!!!!!!!!!!!!!!!!!!!!!!!
20220324 063119.002 INFO             PET0 !!! THE ESMF_LOG IS SET TO OUTPUT ALL LOG MESSAGES !!!
20220324 063119.002 INFO             PET0 !!!     THIS MAY CAUSE SLOWDOWN IN PERFORMANCE     !!!
20220324 063119.002 INFO             PET0 !!! FOR PRODUCTION RUNS, USE:                      !!!
20220324 063119.002 INFO             PET0 !!!                   ESMF_LOGKIND_Multi_On_Error  !!!
20220324 063119.002 INFO             PET0 !!!!!!!!!!!!!!!!!!!!!!!!!!!!!!!!!!!!!!!!!!!!!!!!!!!!!!
20220324 063119.002 INFO             PET0 Running with ESMF Version   : v8.3.0b09-103-gbb860f29f6
20220324 063119.002 INFO             PET0 ESMF library build date/time: "Mar 24 2022" "06:06:40"
20220324 063119.002 INFO             PET0 ESMF library build location : /scratch1/NCEPDEV/stmp2/role.esmfmaint/gfortran_9.2.0b_openmpi_g_jedwards_pio_update2
20220324 063119.002 INFO             PET0 ESMF_COMM                   : openmpi
20220324 063119.028 INFO             PET0 ESMF_MOAB                   : enabled
20220324 063119.028 INFO             PET0 ESMF_LAPACK                 : enabled
20220324 063119.028 INFO             PET0 ESMF_NETCDF                 : disabled
20220324 063119.028 INFO             PET0 ESMF_PNETCDF                : disabled
20220324 063119.028 INFO             PET0 ESMF_PIO                    : disabled
20220324 063119.028 INFO             PET0 ESMF_YAMLCPP                : enabled
20220324 063119.029 INFO             PET0  NUMBER_OF_PROCESSORS           1
20220324 063119.029 INFO             PET0  PASS  Example ESMF_ClockEx, ESMF_ClockEx.F90, line 220
20220324 063119.029 INFO             PET0 Finalizing ESMF
