build time -- 2022-03-14 22:24:39
20220314 230922.644 INFO             PET0 !!!!!!!!!!!!!!!!!!!!!!!!!!!!!!!!!!!!!!!!!!!!!!!!!!!!!!
20220314 230922.645 INFO             PET0 !!! THE ESMF_LOG IS SET TO OUTPUT ALL LOG MESSAGES !!!
20220314 230922.645 INFO             PET0 !!!     THIS MAY CAUSE SLOWDOWN IN PERFORMANCE     !!!
20220314 230922.645 INFO             PET0 !!! FOR PRODUCTION RUNS, USE:                      !!!
20220314 230922.645 INFO             PET0 !!!                   ESMF_LOGKIND_Multi_On_Error  !!!
20220314 230922.645 INFO             PET0 !!!!!!!!!!!!!!!!!!!!!!!!!!!!!!!!!!!!!!!!!!!!!!!!!!!!!!
20220314 230922.645 INFO             PET0 Running with ESMF Version   : v8.3.0b09-1-g1bcf58054d
20220314 230922.645 INFO             PET0 ESMF library build date/time: "Mar 14 2022" "22:22:45"
20220314 230922.645 INFO             PET0 ESMF library build location : /scratch1/NCEPDEV/stmp2/role.esmfmaint/intel_18.0.4_intelmpi_g_develop
20220314 230922.645 INFO             PET0 ESMF_COMM                   : intelmpi
20220314 230922.646 INFO             PET0 ESMF_MOAB                   : enabled
20220314 230922.646 INFO             PET0 ESMF_LAPACK                 : enabled
20220314 230922.646 INFO             PET0 ESMF_NETCDF                 : enabled
20220314 230922.646 INFO             PET0 ESMF_PNETCDF                : disabled
20220314 230922.646 INFO             PET0 ESMF_PIO                    : enabled
20220314 230922.646 INFO             PET0 ESMF_YAMLCPP                : enabled
20220314 230923.024 INFO             PET0  NUMBER_OF_PROCESSORS           4
20220314 230923.024 INFO             PET0  PASS  Example ESMF_FieldRegridEx, ESMF_FieldRegridEx.F90, line 352
20220314 230923.024 INFO             PET0 Finalizing ESMF
20220314 230922.645 INFO             PET1 !!!!!!!!!!!!!!!!!!!!!!!!!!!!!!!!!!!!!!!!!!!!!!!!!!!!!!
20220314 230922.645 INFO             PET1 !!! THE ESMF_LOG IS SET TO OUTPUT ALL LOG MESSAGES !!!
20220314 230922.645 INFO             PET1 !!!     THIS MAY CAUSE SLOWDOWN IN PERFORMANCE     !!!
20220314 230922.645 INFO             PET1 !!! FOR PRODUCTION RUNS, USE:                      !!!
20220314 230922.645 INFO             PET1 !!!                   ESMF_LOGKIND_Multi_On_Error  !!!
20220314 230922.645 INFO             PET1 !!!!!!!!!!!!!!!!!!!!!!!!!!!!!!!!!!!!!!!!!!!!!!!!!!!!!!
20220314 230922.645 INFO             PET1 Running with ESMF Version   : v8.3.0b09-1-g1bcf58054d
20220314 230922.645 INFO             PET1 ESMF library build date/time: "Mar 14 2022" "22:22:45"
20220314 230922.645 INFO             PET1 ESMF library build location : /scratch1/NCEPDEV/stmp2/role.esmfmaint/intel_18.0.4_intelmpi_g_develop
20220314 230922.645 INFO             PET1 ESMF_COMM                   : intelmpi
20220314 230922.646 INFO             PET1 ESMF_MOAB                   : enabled
20220314 230922.646 INFO             PET1 ESMF_LAPACK                 : enabled
20220314 230922.646 INFO             PET1 ESMF_NETCDF                 : enabled
20220314 230922.646 INFO             PET1 ESMF_PNETCDF                : disabled
20220314 230922.646 INFO             PET1 ESMF_PIO                    : enabled
20220314 230922.646 INFO             PET1 ESMF_YAMLCPP                : enabled
20220314 230923.024 INFO             PET1  NUMBER_OF_PROCESSORS           4
20220314 230923.024 INFO             PET1  PASS  Example ESMF_FieldRegridEx, ESMF_FieldRegridEx.F90, line 352
20220314 230923.024 INFO             PET1 Finalizing ESMF
20220314 230922.645 INFO             PET2 !!!!!!!!!!!!!!!!!!!!!!!!!!!!!!!!!!!!!!!!!!!!!!!!!!!!!!
20220314 230922.645 INFO             PET2 !!! THE ESMF_LOG IS SET TO OUTPUT ALL LOG MESSAGES !!!
20220314 230922.645 INFO             PET2 !!!     THIS MAY CAUSE SLOWDOWN IN PERFORMANCE     !!!
20220314 230922.645 INFO             PET2 !!! FOR PRODUCTION RUNS, USE:                      !!!
20220314 230922.645 INFO             PET2 !!!                   ESMF_LOGKIND_Multi_On_Error  !!!
20220314 230922.645 INFO             PET2 !!!!!!!!!!!!!!!!!!!!!!!!!!!!!!!!!!!!!!!!!!!!!!!!!!!!!!
20220314 230922.645 INFO             PET2 Running with ESMF Version   : v8.3.0b09-1-g1bcf58054d
20220314 230922.645 INFO             PET2 ESMF library build date/time: "Mar 14 2022" "22:22:45"
20220314 230922.645 INFO             PET2 ESMF library build location : /scratch1/NCEPDEV/stmp2/role.esmfmaint/intel_18.0.4_intelmpi_g_develop
20220314 230922.645 INFO             PET2 ESMF_COMM                   : intelmpi
20220314 230922.646 INFO             PET2 ESMF_MOAB                   : enabled
20220314 230922.646 INFO             PET2 ESMF_LAPACK                 : enabled
20220314 230922.646 INFO             PET2 ESMF_NETCDF                 : enabled
20220314 230922.646 INFO             PET2 ESMF_PNETCDF                : disabled
20220314 230922.646 INFO             PET2 ESMF_PIO                    : enabled
20220314 230922.646 INFO             PET2 ESMF_YAMLCPP                : enabled
20220314 230923.024 INFO             PET2  NUMBER_OF_PROCESSORS           4
20220314 230923.024 INFO             PET2  PASS  Example ESMF_FieldRegridEx, ESMF_FieldRegridEx.F90, line 352
20220314 230923.024 INFO             PET2 Finalizing ESMF
20220314 230922.645 INFO             PET3 !!!!!!!!!!!!!!!!!!!!!!!!!!!!!!!!!!!!!!!!!!!!!!!!!!!!!!
20220314 230922.645 INFO             PET3 !!! THE ESMF_LOG IS SET TO OUTPUT ALL LOG MESSAGES !!!
20220314 230922.645 INFO             PET3 !!!     THIS MAY CAUSE SLOWDOWN IN PERFORMANCE     !!!
20220314 230922.645 INFO             PET3 !!! FOR PRODUCTION RUNS, USE:                      !!!
20220314 230922.645 INFO             PET3 !!!                   ESMF_LOGKIND_Multi_On_Error  !!!
20220314 230922.645 INFO             PET3 !!!!!!!!!!!!!!!!!!!!!!!!!!!!!!!!!!!!!!!!!!!!!!!!!!!!!!
20220314 230922.645 INFO             PET3 Running with ESMF Version   : v8.3.0b09-1-g1bcf58054d
20220314 230922.645 INFO             PET3 ESMF library build date/time: "Mar 14 2022" "22:22:45"
20220314 230922.645 INFO             PET3 ESMF library build location : /scratch1/NCEPDEV/stmp2/role.esmfmaint/intel_18.0.4_intelmpi_g_develop
20220314 230922.645 INFO             PET3 ESMF_COMM                   : intelmpi
20220314 230922.646 INFO             PET3 ESMF_MOAB                   : enabled
20220314 230922.646 INFO             PET3 ESMF_LAPACK                 : enabled
20220314 230922.646 INFO             PET3 ESMF_NETCDF                 : enabled
20220314 230922.646 INFO             PET3 ESMF_PNETCDF                : disabled
20220314 230922.646 INFO             PET3 ESMF_PIO                    : enabled
20220314 230922.646 INFO             PET3 ESMF_YAMLCPP                : enabled
20220314 230923.024 INFO             PET3  NUMBER_OF_PROCESSORS           4
20220314 230923.024 INFO             PET3  PASS  Example ESMF_FieldRegridEx, ESMF_FieldRegridEx.F90, line 352
20220314 230923.024 INFO             PET3 Finalizing ESMF
