build time -- 2022-03-19 06:13:10
20220319 064338.598 INFO             PET0 !!!!!!!!!!!!!!!!!!!!!!!!!!!!!!!!!!!!!!!!!!!!!!!!!!!!!!
20220319 064338.599 INFO             PET0 !!! THE ESMF_LOG IS SET TO OUTPUT ALL LOG MESSAGES !!!
20220319 064338.599 INFO             PET0 !!!     THIS MAY CAUSE SLOWDOWN IN PERFORMANCE     !!!
20220319 064338.599 INFO             PET0 !!! FOR PRODUCTION RUNS, USE:                      !!!
20220319 064338.599 INFO             PET0 !!!                   ESMF_LOGKIND_Multi_On_Error  !!!
20220319 064338.599 INFO             PET0 !!!!!!!!!!!!!!!!!!!!!!!!!!!!!!!!!!!!!!!!!!!!!!!!!!!!!!
20220319 064338.599 INFO             PET0 Running with ESMF Version   : v8.3.0b09-4-g424b2f26e0
20220319 064338.599 INFO             PET0 ESMF library build date/time: "Mar 19 2022" "06:10:52"
20220319 064338.599 INFO             PET0 ESMF library build location : /scratch1/NCEPDEV/stmp2/role.esmfmaint/intel_18.0.4_intelmpi_g_develop
20220319 064338.599 INFO             PET0 ESMF_COMM                   : intelmpi
20220319 064338.600 INFO             PET0 ESMF_MOAB                   : enabled
20220319 064338.600 INFO             PET0 ESMF_LAPACK                 : enabled
20220319 064338.600 INFO             PET0 ESMF_NETCDF                 : enabled
20220319 064338.600 INFO             PET0 ESMF_PNETCDF                : disabled
20220319 064338.600 INFO             PET0 ESMF_PIO                    : enabled
20220319 064338.600 INFO             PET0 ESMF_YAMLCPP                : enabled
20220319 064338.601 INFO             PET0  NUMBER_OF_PROCESSORS           1
20220319 064338.601 INFO             PET0  PASS  Example ESMF_ClockEx, ESMF_ClockEx.F90, line 220
20220319 064338.601 INFO             PET0 Finalizing ESMF
