build time -- 2022-03-12 06:09:10
20220312 064059.879 INFO             PET0 !!!!!!!!!!!!!!!!!!!!!!!!!!!!!!!!!!!!!!!!!!!!!!!!!!!!!!
20220312 064059.879 INFO             PET0 !!! THE ESMF_LOG IS SET TO OUTPUT ALL LOG MESSAGES !!!
20220312 064059.879 INFO             PET0 !!!     THIS MAY CAUSE SLOWDOWN IN PERFORMANCE     !!!
20220312 064059.879 INFO             PET0 !!! FOR PRODUCTION RUNS, USE:                      !!!
20220312 064059.879 INFO             PET0 !!!                   ESMF_LOGKIND_Multi_On_Error  !!!
20220312 064059.879 INFO             PET0 !!!!!!!!!!!!!!!!!!!!!!!!!!!!!!!!!!!!!!!!!!!!!!!!!!!!!!
20220312 064059.879 INFO             PET0 Running with ESMF Version   : v8.3.0b09
20220312 064059.879 INFO             PET0 ESMF library build date/time: "Mar 12 2022" "06:07:25"
20220312 064059.879 INFO             PET0 ESMF library build location : /scratch1/NCEPDEV/stmp2/role.esmfmaint/intel_18.0.4_intelmpi_g_develop
20220312 064059.879 INFO             PET0 ESMF_COMM                   : intelmpi
20220312 064059.880 INFO             PET0 ESMF_MOAB                   : enabled
20220312 064059.880 INFO             PET0 ESMF_LAPACK                 : enabled
20220312 064059.880 INFO             PET0 ESMF_NETCDF                 : enabled
20220312 064059.880 INFO             PET0 ESMF_PNETCDF                : disabled
20220312 064059.880 INFO             PET0 ESMF_PIO                    : enabled
20220312 064059.880 INFO             PET0 ESMF_YAMLCPP                : enabled
20220312 064100.006 DEBUG            PET0 about to destroy Grid: 0xa78940
20220312 064100.022 DEBUG            PET0 about to destroy Grid: 0xa7abc0
20220312 064100.067 INFO             PET0  NUMBER_OF_PROCESSORS           4
20220312 064100.067 INFO             PET0  PASS  Example ESMF_NUOPCAtmModelEx, ESMF_NUOPCAtmModelEx.F90, line 806
20220312 064100.067 INFO             PET0 Finalizing ESMF
20220312 064059.878 INFO             PET1 !!!!!!!!!!!!!!!!!!!!!!!!!!!!!!!!!!!!!!!!!!!!!!!!!!!!!!
20220312 064059.878 INFO             PET1 !!! THE ESMF_LOG IS SET TO OUTPUT ALL LOG MESSAGES !!!
20220312 064059.878 INFO             PET1 !!!     THIS MAY CAUSE SLOWDOWN IN PERFORMANCE     !!!
20220312 064059.878 INFO             PET1 !!! FOR PRODUCTION RUNS, USE:                      !!!
20220312 064059.878 INFO             PET1 !!!                   ESMF_LOGKIND_Multi_On_Error  !!!
20220312 064059.878 INFO             PET1 !!!!!!!!!!!!!!!!!!!!!!!!!!!!!!!!!!!!!!!!!!!!!!!!!!!!!!
20220312 064059.878 INFO             PET1 Running with ESMF Version   : v8.3.0b09
20220312 064059.878 INFO             PET1 ESMF library build date/time: "Mar 12 2022" "06:07:25"
20220312 064059.878 INFO             PET1 ESMF library build location : /scratch1/NCEPDEV/stmp2/role.esmfmaint/intel_18.0.4_intelmpi_g_develop
20220312 064059.878 INFO             PET1 ESMF_COMM                   : intelmpi
20220312 064059.879 INFO             PET1 ESMF_MOAB                   : enabled
20220312 064059.879 INFO             PET1 ESMF_LAPACK                 : enabled
20220312 064059.879 INFO             PET1 ESMF_NETCDF                 : enabled
20220312 064059.879 INFO             PET1 ESMF_PNETCDF                : disabled
20220312 064059.879 INFO             PET1 ESMF_PIO                    : enabled
20220312 064059.879 INFO             PET1 ESMF_YAMLCPP                : enabled
20220312 064100.006 DEBUG            PET1 about to destroy Grid: 0x261c5a0
20220312 064100.022 DEBUG            PET1 about to destroy Grid: 0x261ce90
20220312 064100.068 INFO             PET1  NUMBER_OF_PROCESSORS           4
20220312 064100.068 INFO             PET1  PASS  Example ESMF_NUOPCAtmModelEx, ESMF_NUOPCAtmModelEx.F90, line 806
20220312 064100.068 INFO             PET1 Finalizing ESMF
20220312 064059.878 INFO             PET2 !!!!!!!!!!!!!!!!!!!!!!!!!!!!!!!!!!!!!!!!!!!!!!!!!!!!!!
20220312 064059.879 INFO             PET2 !!! THE ESMF_LOG IS SET TO OUTPUT ALL LOG MESSAGES !!!
20220312 064059.879 INFO             PET2 !!!     THIS MAY CAUSE SLOWDOWN IN PERFORMANCE     !!!
20220312 064059.879 INFO             PET2 !!! FOR PRODUCTION RUNS, USE:                      !!!
20220312 064059.879 INFO             PET2 !!!                   ESMF_LOGKIND_Multi_On_Error  !!!
20220312 064059.879 INFO             PET2 !!!!!!!!!!!!!!!!!!!!!!!!!!!!!!!!!!!!!!!!!!!!!!!!!!!!!!
20220312 064059.879 INFO             PET2 Running with ESMF Version   : v8.3.0b09
20220312 064059.879 INFO             PET2 ESMF library build date/time: "Mar 12 2022" "06:07:25"
20220312 064059.879 INFO             PET2 ESMF library build location : /scratch1/NCEPDEV/stmp2/role.esmfmaint/intel_18.0.4_intelmpi_g_develop
20220312 064059.879 INFO             PET2 ESMF_COMM                   : intelmpi
20220312 064059.879 INFO             PET2 ESMF_MOAB                   : enabled
20220312 064059.879 INFO             PET2 ESMF_LAPACK                 : enabled
20220312 064059.879 INFO             PET2 ESMF_NETCDF                 : enabled
20220312 064059.879 INFO             PET2 ESMF_PNETCDF                : disabled
20220312 064059.879 INFO             PET2 ESMF_PIO                    : enabled
20220312 064059.879 INFO             PET2 ESMF_YAMLCPP                : enabled
20220312 064100.006 DEBUG            PET2 about to destroy Grid: 0x13ab5a0
20220312 064100.022 DEBUG            PET2 about to destroy Grid: 0x13abe90
20220312 064100.067 INFO             PET2  NUMBER_OF_PROCESSORS           4
20220312 064100.067 INFO             PET2  PASS  Example ESMF_NUOPCAtmModelEx, ESMF_NUOPCAtmModelEx.F90, line 806
20220312 064100.067 INFO             PET2 Finalizing ESMF
20220312 064059.878 INFO             PET3 !!!!!!!!!!!!!!!!!!!!!!!!!!!!!!!!!!!!!!!!!!!!!!!!!!!!!!
20220312 064059.878 INFO             PET3 !!! THE ESMF_LOG IS SET TO OUTPUT ALL LOG MESSAGES !!!
20220312 064059.878 INFO             PET3 !!!     THIS MAY CAUSE SLOWDOWN IN PERFORMANCE     !!!
20220312 064059.878 INFO             PET3 !!! FOR PRODUCTION RUNS, USE:                      !!!
20220312 064059.878 INFO             PET3 !!!                   ESMF_LOGKIND_Multi_On_Error  !!!
20220312 064059.878 INFO             PET3 !!!!!!!!!!!!!!!!!!!!!!!!!!!!!!!!!!!!!!!!!!!!!!!!!!!!!!
20220312 064059.878 INFO             PET3 Running with ESMF Version   : v8.3.0b09
20220312 064059.878 INFO             PET3 ESMF library build date/time: "Mar 12 2022" "06:07:25"
20220312 064059.878 INFO             PET3 ESMF library build location : /scratch1/NCEPDEV/stmp2/role.esmfmaint/intel_18.0.4_intelmpi_g_develop
20220312 064059.878 INFO             PET3 ESMF_COMM                   : intelmpi
20220312 064059.879 INFO             PET3 ESMF_MOAB                   : enabled
20220312 064059.879 INFO             PET3 ESMF_LAPACK                 : enabled
20220312 064059.879 INFO             PET3 ESMF_NETCDF                 : enabled
20220312 064059.879 INFO             PET3 ESMF_PNETCDF                : disabled
20220312 064059.879 INFO             PET3 ESMF_PIO                    : enabled
20220312 064059.879 INFO             PET3 ESMF_YAMLCPP                : enabled
20220312 064100.006 DEBUG            PET3 about to destroy Grid: 0x1e325a0
20220312 064100.022 DEBUG            PET3 about to destroy Grid: 0x1e32e90
20220312 064100.067 INFO             PET3  NUMBER_OF_PROCESSORS           4
20220312 064100.067 INFO             PET3  PASS  Example ESMF_NUOPCAtmModelEx, ESMF_NUOPCAtmModelEx.F90, line 806
20220312 064100.067 INFO             PET3 Finalizing ESMF
