build time -- 2022-03-06 06:08:56
20220306 063929.183 INFO             PET0 !!!!!!!!!!!!!!!!!!!!!!!!!!!!!!!!!!!!!!!!!!!!!!!!!!!!!!
20220306 063929.183 INFO             PET0 !!! THE ESMF_LOG IS SET TO OUTPUT ALL LOG MESSAGES !!!
20220306 063929.183 INFO             PET0 !!!     THIS MAY CAUSE SLOWDOWN IN PERFORMANCE     !!!
20220306 063929.183 INFO             PET0 !!! FOR PRODUCTION RUNS, USE:                      !!!
20220306 063929.183 INFO             PET0 !!!                   ESMF_LOGKIND_Multi_On_Error  !!!
20220306 063929.183 INFO             PET0 !!!!!!!!!!!!!!!!!!!!!!!!!!!!!!!!!!!!!!!!!!!!!!!!!!!!!!
20220306 063929.183 INFO             PET0 Running with ESMF Version   : v8.3.0b09
20220306 063929.183 INFO             PET0 ESMF library build date/time: "Mar  6 2022" "06:07:11"
20220306 063929.183 INFO             PET0 ESMF library build location : /scratch1/NCEPDEV/stmp2/role.esmfmaint/intel_18.0.4_intelmpi_g_develop
20220306 063929.183 INFO             PET0 ESMF_COMM                   : intelmpi
20220306 063929.184 INFO             PET0 ESMF_MOAB                   : enabled
20220306 063929.184 INFO             PET0 ESMF_LAPACK                 : enabled
20220306 063929.184 INFO             PET0 ESMF_NETCDF                 : enabled
20220306 063929.184 INFO             PET0 ESMF_PNETCDF                : disabled
20220306 063929.184 INFO             PET0 ESMF_PIO                    : enabled
20220306 063929.184 INFO             PET0 ESMF_YAMLCPP                : enabled
20220306 063929.192 INFO             PET0 ESMF_FieldRedistStoreNF(): Just entered routine.
20220306 063929.506 INFO             PET0 ESMF_FieldRedistStoreNF(): Leaving routine.
20220306 063929.539 INFO             PET0  NUMBER_OF_PROCESSORS           4
20220306 063929.540 INFO             PET0  PASS  Example ESMF_RHandleFromFileEx, ESMF_RHandleFromFileEx.F90, line 192
20220306 063929.540 INFO             PET0 Finalizing ESMF
20220306 063929.184 INFO             PET1 !!!!!!!!!!!!!!!!!!!!!!!!!!!!!!!!!!!!!!!!!!!!!!!!!!!!!!
20220306 063929.184 INFO             PET1 !!! THE ESMF_LOG IS SET TO OUTPUT ALL LOG MESSAGES !!!
20220306 063929.184 INFO             PET1 !!!     THIS MAY CAUSE SLOWDOWN IN PERFORMANCE     !!!
20220306 063929.184 INFO             PET1 !!! FOR PRODUCTION RUNS, USE:                      !!!
20220306 063929.184 INFO             PET1 !!!                   ESMF_LOGKIND_Multi_On_Error  !!!
20220306 063929.184 INFO             PET1 !!!!!!!!!!!!!!!!!!!!!!!!!!!!!!!!!!!!!!!!!!!!!!!!!!!!!!
20220306 063929.184 INFO             PET1 Running with ESMF Version   : v8.3.0b09
20220306 063929.184 INFO             PET1 ESMF library build date/time: "Mar  6 2022" "06:07:11"
20220306 063929.184 INFO             PET1 ESMF library build location : /scratch1/NCEPDEV/stmp2/role.esmfmaint/intel_18.0.4_intelmpi_g_develop
20220306 063929.184 INFO             PET1 ESMF_COMM                   : intelmpi
20220306 063929.185 INFO             PET1 ESMF_MOAB                   : enabled
20220306 063929.185 INFO             PET1 ESMF_LAPACK                 : enabled
20220306 063929.185 INFO             PET1 ESMF_NETCDF                 : enabled
20220306 063929.185 INFO             PET1 ESMF_PNETCDF                : disabled
20220306 063929.185 INFO             PET1 ESMF_PIO                    : enabled
20220306 063929.185 INFO             PET1 ESMF_YAMLCPP                : enabled
20220306 063929.191 INFO             PET1 ESMF_FieldRedistStoreNF(): Just entered routine.
20220306 063929.506 INFO             PET1 ESMF_FieldRedistStoreNF(): Leaving routine.
20220306 063929.539 INFO             PET1  NUMBER_OF_PROCESSORS           4
20220306 063929.539 INFO             PET1  PASS  Example ESMF_RHandleFromFileEx, ESMF_RHandleFromFileEx.F90, line 192
20220306 063929.539 INFO             PET1 Finalizing ESMF
20220306 063929.183 INFO             PET2 !!!!!!!!!!!!!!!!!!!!!!!!!!!!!!!!!!!!!!!!!!!!!!!!!!!!!!
20220306 063929.183 INFO             PET2 !!! THE ESMF_LOG IS SET TO OUTPUT ALL LOG MESSAGES !!!
20220306 063929.183 INFO             PET2 !!!     THIS MAY CAUSE SLOWDOWN IN PERFORMANCE     !!!
20220306 063929.183 INFO             PET2 !!! FOR PRODUCTION RUNS, USE:                      !!!
20220306 063929.183 INFO             PET2 !!!                   ESMF_LOGKIND_Multi_On_Error  !!!
20220306 063929.183 INFO             PET2 !!!!!!!!!!!!!!!!!!!!!!!!!!!!!!!!!!!!!!!!!!!!!!!!!!!!!!
20220306 063929.183 INFO             PET2 Running with ESMF Version   : v8.3.0b09
20220306 063929.183 INFO             PET2 ESMF library build date/time: "Mar  6 2022" "06:07:11"
20220306 063929.183 INFO             PET2 ESMF library build location : /scratch1/NCEPDEV/stmp2/role.esmfmaint/intel_18.0.4_intelmpi_g_develop
20220306 063929.183 INFO             PET2 ESMF_COMM                   : intelmpi
20220306 063929.184 INFO             PET2 ESMF_MOAB                   : enabled
20220306 063929.184 INFO             PET2 ESMF_LAPACK                 : enabled
20220306 063929.184 INFO             PET2 ESMF_NETCDF                 : enabled
20220306 063929.184 INFO             PET2 ESMF_PNETCDF                : disabled
20220306 063929.184 INFO             PET2 ESMF_PIO                    : enabled
20220306 063929.184 INFO             PET2 ESMF_YAMLCPP                : enabled
20220306 063929.191 INFO             PET2 ESMF_FieldRedistStoreNF(): Just entered routine.
20220306 063929.506 INFO             PET2 ESMF_FieldRedistStoreNF(): Leaving routine.
20220306 063929.539 INFO             PET2  NUMBER_OF_PROCESSORS           4
20220306 063929.540 INFO             PET2  PASS  Example ESMF_RHandleFromFileEx, ESMF_RHandleFromFileEx.F90, line 192
20220306 063929.540 INFO             PET2 Finalizing ESMF
20220306 063929.184 INFO             PET3 !!!!!!!!!!!!!!!!!!!!!!!!!!!!!!!!!!!!!!!!!!!!!!!!!!!!!!
20220306 063929.184 INFO             PET3 !!! THE ESMF_LOG IS SET TO OUTPUT ALL LOG MESSAGES !!!
20220306 063929.184 INFO             PET3 !!!     THIS MAY CAUSE SLOWDOWN IN PERFORMANCE     !!!
20220306 063929.184 INFO             PET3 !!! FOR PRODUCTION RUNS, USE:                      !!!
20220306 063929.184 INFO             PET3 !!!                   ESMF_LOGKIND_Multi_On_Error  !!!
20220306 063929.184 INFO             PET3 !!!!!!!!!!!!!!!!!!!!!!!!!!!!!!!!!!!!!!!!!!!!!!!!!!!!!!
20220306 063929.184 INFO             PET3 Running with ESMF Version   : v8.3.0b09
20220306 063929.184 INFO             PET3 ESMF library build date/time: "Mar  6 2022" "06:07:11"
20220306 063929.184 INFO             PET3 ESMF library build location : /scratch1/NCEPDEV/stmp2/role.esmfmaint/intel_18.0.4_intelmpi_g_develop
20220306 063929.184 INFO             PET3 ESMF_COMM                   : intelmpi
20220306 063929.185 INFO             PET3 ESMF_MOAB                   : enabled
20220306 063929.185 INFO             PET3 ESMF_LAPACK                 : enabled
20220306 063929.185 INFO             PET3 ESMF_NETCDF                 : enabled
20220306 063929.185 INFO             PET3 ESMF_PNETCDF                : disabled
20220306 063929.185 INFO             PET3 ESMF_PIO                    : enabled
20220306 063929.185 INFO             PET3 ESMF_YAMLCPP                : enabled
20220306 063929.192 INFO             PET3 ESMF_FieldRedistStoreNF(): Just entered routine.
20220306 063929.506 INFO             PET3 ESMF_FieldRedistStoreNF(): Leaving routine.
20220306 063929.539 INFO             PET3  NUMBER_OF_PROCESSORS           4
20220306 063929.539 INFO             PET3  PASS  Example ESMF_RHandleFromFileEx, ESMF_RHandleFromFileEx.F90, line 192
20220306 063929.539 INFO             PET3 Finalizing ESMF
