build time -- 05:55:39
running test_regrid_from_file
Traceback (most recent call last):
  File "/scratch1/NCEPDEV/stmp2/role.esmfmaint/gfortran_9.2.0_openmpi_O_develop/src/addon/ESMPy/src/ESMF/test/regrid_from_file/run_regrid_from_file.py", line 6, in <module>
    import ESMF.api.constants as constants
  File "/scratch1/NCEPDEV/stmp2/role.esmfmaint/gfortran_9.2.0_openmpi_O_develop/src/addon/ESMPy/src/ESMF/__init__.py", line 69, in <module>
    from ESMF.api.esmpymanager import *
  File "/scratch1/NCEPDEV/stmp2/role.esmfmaint/gfortran_9.2.0_openmpi_O_develop/src/addon/ESMPy/src/ESMF/api/esmpymanager.py", line 11, in <module>
    from ESMF.interface.cbindings import *
  File "/scratch1/NCEPDEV/stmp2/role.esmfmaint/gfortran_9.2.0_openmpi_O_develop/src/addon/ESMPy/src/ESMF/interface/cbindings.py", line 13, in <module>
    from ESMF.interface.loadESMF import _ESMF
  File "/scratch1/NCEPDEV/stmp2/role.esmfmaint/gfortran_9.2.0_openmpi_O_develop/src/addon/ESMPy/src/ESMF/interface/loadESMF.py", line 36, in <module>
    with open(esmfmk, 'r') as MKFILE:
FileNotFoundError: [Errno 2] No such file or directory: ''
Traceback (most recent call last):
  File "/scratch1/NCEPDEV/stmp2/role.esmfmaint/gfortran_9.2.0_openmpi_O_develop/src/addon/ESMPy/setup.py", line 244, in <module>
    setup(name="ESMPy",
  File "/apps/oneapi/intelpython/latest/lib/python3.9/distutils/core.py", line 148, in setup
    dist.run_commands()
  File "/apps/oneapi/intelpython/latest/lib/python3.9/distutils/dist.py", line 966, in run_commands
    self.run_command(cmd)
  File "/apps/oneapi/intelpython/latest/lib/python3.9/distutils/dist.py", line 985, in run_command
    cmd_obj.run()
  File "/scratch1/NCEPDEV/stmp2/role.esmfmaint/gfortran_9.2.0_openmpi_O_develop/src/addon/ESMPy/setup.py", line 192, in run
    subprocess.check_call(cmd)
  File "/apps/oneapi/intelpython/latest/lib/python3.9/subprocess.py", line 373, in check_call
    raise CalledProcessError(retcode, cmd)
subprocess.CalledProcessError: Command '['/apps/oneapi/intelpython/latest/bin/python3', 'src/ESMF/test/regrid_from_file/run_regrid_from_file.py']' returned non-zero exit status 1.
