build time -- 2022-03-17 02:55:15.322591
20220317 031403.166 INFO             PET0 !!!!!!!!!!!!!!!!!!!!!!!!!!!!!!!!!!!!!!!!!!!!!!!!!!!!!!
20220317 031403.166 INFO             PET0 !!! THE ESMF_LOG IS SET TO OUTPUT ALL LOG MESSAGES !!!
20220317 031403.166 INFO             PET0 !!!     THIS MAY CAUSE SLOWDOWN IN PERFORMANCE     !!!
20220317 031403.166 INFO             PET0 !!! FOR PRODUCTION RUNS, USE:                      !!!
20220317 031403.166 INFO             PET0 !!!                   ESMF_LOGKIND_Multi_On_Error  !!!
20220317 031403.166 INFO             PET0 !!!!!!!!!!!!!!!!!!!!!!!!!!!!!!!!!!!!!!!!!!!!!!!!!!!!!!
20220317 031403.167 INFO             PET0 Running with ESMF Version   : v8.3.0b09-3-ge20ebbf11d
20220317 031403.167 INFO             PET0 ESMF library build date/time: "Mar 17 2022" "02:54:05"
20220317 031403.167 INFO             PET0 ESMF library build location : /home/mpotts/intel_2021.2_intelmpi_g_develop
20220317 031403.167 INFO             PET0 ESMF_COMM                   : intelmpi
20220317 031403.167 INFO             PET0 ESMF_MOAB                   : enabled
20220317 031403.167 INFO             PET0 ESMF_LAPACK                 : enabled
20220317 031403.167 INFO             PET0 ESMF_NETCDF                 : enabled
20220317 031403.167 INFO             PET0 ESMF_PNETCDF                : disabled
20220317 031403.167 INFO             PET0 ESMF_PIO                    : enabled
20220317 031403.167 INFO             PET0 ESMF_YAMLCPP                : enabled
20220317 031403.168 INFO             PET0  NUMBER_OF_PROCESSORS           1
20220317 031403.168 INFO             PET0  PASS  Example CalendarEx, ESMF_CalendarEx.F90, line 217
20220317 031403.168 INFO             PET0 Finalizing ESMF
