build time -- 2022-03-27 02:56:59.338773
20220327 031814.678 INFO             PET0 !!!!!!!!!!!!!!!!!!!!!!!!!!!!!!!!!!!!!!!!!!!!!!!!!!!!!!
20220327 031814.678 INFO             PET0 !!! THE ESMF_LOG IS SET TO OUTPUT ALL LOG MESSAGES !!!
20220327 031814.678 INFO             PET0 !!!     THIS MAY CAUSE SLOWDOWN IN PERFORMANCE     !!!
20220327 031814.678 INFO             PET0 !!! FOR PRODUCTION RUNS, USE:                      !!!
20220327 031814.678 INFO             PET0 !!!                   ESMF_LOGKIND_Multi_On_Error  !!!
20220327 031814.678 INFO             PET0 !!!!!!!!!!!!!!!!!!!!!!!!!!!!!!!!!!!!!!!!!!!!!!!!!!!!!!
20220327 031814.678 INFO             PET0 Running with ESMF Version   : v8.3.0b10-105-ga5295e34ae
20220327 031814.678 INFO             PET0 ESMF library build date/time: "Mar 27 2022" "02:55:46"
20220327 031814.678 INFO             PET0 ESMF library build location : /home/mpotts/intel_2021.2_intelmpi_g_develop
20220327 031814.678 INFO             PET0 ESMF_COMM                   : intelmpi
20220327 031814.678 INFO             PET0 ESMF_MOAB                   : enabled
20220327 031814.678 INFO             PET0 ESMF_LAPACK                 : enabled
20220327 031814.678 INFO             PET0 ESMF_NETCDF                 : enabled
20220327 031814.678 INFO             PET0 ESMF_PNETCDF                : disabled
20220327 031814.678 INFO             PET0 ESMF_PIO                    : enabled
20220327 031814.678 INFO             PET0 ESMF_YAMLCPP                : enabled
20220327 031814.761 DEBUG            PET0 about to destroy Grid: 0xa48e20
20220327 031814.773 DEBUG            PET0 about to destroy Grid: 0xa49f80
20220327 031814.804 INFO             PET0  NUMBER_OF_PROCESSORS           4
20220327 031814.804 INFO             PET0  PASS  Example ESMF_NUOPCAtmModelEx, ESMF_NUOPCAtmModelEx.F90, line 806
20220327 031814.804 INFO             PET0 Finalizing ESMF
20220327 031814.678 INFO             PET1 !!!!!!!!!!!!!!!!!!!!!!!!!!!!!!!!!!!!!!!!!!!!!!!!!!!!!!
20220327 031814.678 INFO             PET1 !!! THE ESMF_LOG IS SET TO OUTPUT ALL LOG MESSAGES !!!
20220327 031814.678 INFO             PET1 !!!     THIS MAY CAUSE SLOWDOWN IN PERFORMANCE     !!!
20220327 031814.678 INFO             PET1 !!! FOR PRODUCTION RUNS, USE:                      !!!
20220327 031814.678 INFO             PET1 !!!                   ESMF_LOGKIND_Multi_On_Error  !!!
20220327 031814.678 INFO             PET1 !!!!!!!!!!!!!!!!!!!!!!!!!!!!!!!!!!!!!!!!!!!!!!!!!!!!!!
20220327 031814.678 INFO             PET1 Running with ESMF Version   : v8.3.0b10-105-ga5295e34ae
20220327 031814.678 INFO             PET1 ESMF library build date/time: "Mar 27 2022" "02:55:46"
20220327 031814.678 INFO             PET1 ESMF library build location : /home/mpotts/intel_2021.2_intelmpi_g_develop
20220327 031814.678 INFO             PET1 ESMF_COMM                   : intelmpi
20220327 031814.678 INFO             PET1 ESMF_MOAB                   : enabled
20220327 031814.678 INFO             PET1 ESMF_LAPACK                 : enabled
20220327 031814.678 INFO             PET1 ESMF_NETCDF                 : enabled
20220327 031814.678 INFO             PET1 ESMF_PNETCDF                : disabled
20220327 031814.678 INFO             PET1 ESMF_PIO                    : enabled
20220327 031814.678 INFO             PET1 ESMF_YAMLCPP                : enabled
20220327 031814.761 DEBUG            PET1 about to destroy Grid: 0xa8f4f0
20220327 031814.773 DEBUG            PET1 about to destroy Grid: 0xa901d0
20220327 031814.804 INFO             PET1  NUMBER_OF_PROCESSORS           4
20220327 031814.804 INFO             PET1  PASS  Example ESMF_NUOPCAtmModelEx, ESMF_NUOPCAtmModelEx.F90, line 806
20220327 031814.804 INFO             PET1 Finalizing ESMF
20220327 031814.678 INFO             PET2 !!!!!!!!!!!!!!!!!!!!!!!!!!!!!!!!!!!!!!!!!!!!!!!!!!!!!!
20220327 031814.678 INFO             PET2 !!! THE ESMF_LOG IS SET TO OUTPUT ALL LOG MESSAGES !!!
20220327 031814.678 INFO             PET2 !!!     THIS MAY CAUSE SLOWDOWN IN PERFORMANCE     !!!
20220327 031814.678 INFO             PET2 !!! FOR PRODUCTION RUNS, USE:                      !!!
20220327 031814.678 INFO             PET2 !!!                   ESMF_LOGKIND_Multi_On_Error  !!!
20220327 031814.678 INFO             PET2 !!!!!!!!!!!!!!!!!!!!!!!!!!!!!!!!!!!!!!!!!!!!!!!!!!!!!!
20220327 031814.678 INFO             PET2 Running with ESMF Version   : v8.3.0b10-105-ga5295e34ae
20220327 031814.678 INFO             PET2 ESMF library build date/time: "Mar 27 2022" "02:55:46"
20220327 031814.678 INFO             PET2 ESMF library build location : /home/mpotts/intel_2021.2_intelmpi_g_develop
20220327 031814.678 INFO             PET2 ESMF_COMM                   : intelmpi
20220327 031814.678 INFO             PET2 ESMF_MOAB                   : enabled
20220327 031814.678 INFO             PET2 ESMF_LAPACK                 : enabled
20220327 031814.678 INFO             PET2 ESMF_NETCDF                 : enabled
20220327 031814.678 INFO             PET2 ESMF_PNETCDF                : disabled
20220327 031814.678 INFO             PET2 ESMF_PIO                    : enabled
20220327 031814.678 INFO             PET2 ESMF_YAMLCPP                : enabled
20220327 031814.761 DEBUG            PET2 about to destroy Grid: 0xb8f4f0
20220327 031814.773 DEBUG            PET2 about to destroy Grid: 0xb901d0
20220327 031814.804 INFO             PET2  NUMBER_OF_PROCESSORS           4
20220327 031814.804 INFO             PET2  PASS  Example ESMF_NUOPCAtmModelEx, ESMF_NUOPCAtmModelEx.F90, line 806
20220327 031814.804 INFO             PET2 Finalizing ESMF
20220327 031814.678 INFO             PET3 !!!!!!!!!!!!!!!!!!!!!!!!!!!!!!!!!!!!!!!!!!!!!!!!!!!!!!
20220327 031814.678 INFO             PET3 !!! THE ESMF_LOG IS SET TO OUTPUT ALL LOG MESSAGES !!!
20220327 031814.678 INFO             PET3 !!!     THIS MAY CAUSE SLOWDOWN IN PERFORMANCE     !!!
20220327 031814.678 INFO             PET3 !!! FOR PRODUCTION RUNS, USE:                      !!!
20220327 031814.678 INFO             PET3 !!!                   ESMF_LOGKIND_Multi_On_Error  !!!
20220327 031814.678 INFO             PET3 !!!!!!!!!!!!!!!!!!!!!!!!!!!!!!!!!!!!!!!!!!!!!!!!!!!!!!
20220327 031814.678 INFO             PET3 Running with ESMF Version   : v8.3.0b10-105-ga5295e34ae
20220327 031814.678 INFO             PET3 ESMF library build date/time: "Mar 27 2022" "02:55:46"
20220327 031814.678 INFO             PET3 ESMF library build location : /home/mpotts/intel_2021.2_intelmpi_g_develop
20220327 031814.678 INFO             PET3 ESMF_COMM                   : intelmpi
20220327 031814.678 INFO             PET3 ESMF_MOAB                   : enabled
20220327 031814.678 INFO             PET3 ESMF_LAPACK                 : enabled
20220327 031814.678 INFO             PET3 ESMF_NETCDF                 : enabled
20220327 031814.678 INFO             PET3 ESMF_PNETCDF                : disabled
20220327 031814.678 INFO             PET3 ESMF_PIO                    : enabled
20220327 031814.678 INFO             PET3 ESMF_YAMLCPP                : enabled
20220327 031814.761 DEBUG            PET3 about to destroy Grid: 0x11874f0
20220327 031814.773 DEBUG            PET3 about to destroy Grid: 0x11881d0
20220327 031814.804 INFO             PET3  NUMBER_OF_PROCESSORS           4
20220327 031814.804 INFO             PET3  PASS  Example ESMF_NUOPCAtmModelEx, ESMF_NUOPCAtmModelEx.F90, line 806
20220327 031814.804 INFO             PET3 Finalizing ESMF
