build time -- 2022-03-22 02:54:20.852485
20220322 031255.912 INFO             PET0 !!!!!!!!!!!!!!!!!!!!!!!!!!!!!!!!!!!!!!!!!!!!!!!!!!!!!!
20220322 031255.912 INFO             PET0 !!! THE ESMF_LOG IS SET TO OUTPUT ALL LOG MESSAGES !!!
20220322 031255.912 INFO             PET0 !!!     THIS MAY CAUSE SLOWDOWN IN PERFORMANCE     !!!
20220322 031255.912 INFO             PET0 !!! FOR PRODUCTION RUNS, USE:                      !!!
20220322 031255.912 INFO             PET0 !!!                   ESMF_LOGKIND_Multi_On_Error  !!!
20220322 031255.912 INFO             PET0 !!!!!!!!!!!!!!!!!!!!!!!!!!!!!!!!!!!!!!!!!!!!!!!!!!!!!!
20220322 031255.912 INFO             PET0 Running with ESMF Version   : v8.3.0b09-5-g496f893947
20220322 031255.912 INFO             PET0 ESMF library build date/time: "Mar 22 2022" "02:53:09"
20220322 031255.912 INFO             PET0 ESMF library build location : /home/mpotts/intel_2021.2_intelmpi_g_develop
20220322 031255.912 INFO             PET0 ESMF_COMM                   : intelmpi
20220322 031255.913 INFO             PET0 ESMF_MOAB                   : enabled
20220322 031255.913 INFO             PET0 ESMF_LAPACK                 : enabled
20220322 031255.913 INFO             PET0 ESMF_NETCDF                 : enabled
20220322 031255.913 INFO             PET0 ESMF_PNETCDF                : disabled
20220322 031255.913 INFO             PET0 ESMF_PIO                    : enabled
20220322 031255.913 INFO             PET0 ESMF_YAMLCPP                : enabled
20220322 031255.913 INFO             PET0  NUMBER_OF_PROCESSORS           1
20220322 031255.913 INFO             PET0  PASS  Example ESMF_TimeIntervalEx, ESMF_TimeIntervalEx.F90, line 176
20220322 031255.913 INFO             PET0 Finalizing ESMF
