build time -- 2022-03-23 13:39:00.133622
20220323 140910.101 INFO             PET0 !!!!!!!!!!!!!!!!!!!!!!!!!!!!!!!!!!!!!!!!!!!!!!!!!!!!!!
20220323 140910.101 INFO             PET0 !!! THE ESMF_LOG IS SET TO OUTPUT ALL LOG MESSAGES !!!
20220323 140910.101 INFO             PET0 !!!     THIS MAY CAUSE SLOWDOWN IN PERFORMANCE     !!!
20220323 140910.101 INFO             PET0 !!! FOR PRODUCTION RUNS, USE:                      !!!
20220323 140910.101 INFO             PET0 !!!                   ESMF_LOGKIND_Multi_On_Error  !!!
20220323 140910.101 INFO             PET0 !!!!!!!!!!!!!!!!!!!!!!!!!!!!!!!!!!!!!!!!!!!!!!!!!!!!!!
20220323 140910.101 INFO             PET0 Running with ESMF Version   : v8.3.0b09-103-gbb860f29f6
20220323 140910.101 INFO             PET0 ESMF library build date/time: "Mar 23 2022" "13:36:59"
20220323 140910.101 INFO             PET0 ESMF library build location : /glade/scratch/rlong/esmf-testing/gfortran_7.4.0_openmpi_O_jedwards_pio_update2
20220323 140910.101 INFO             PET0 ESMF_COMM                   : openmpi
20220323 140910.101 INFO             PET0 ESMF_MOAB                   : enabled
20220323 140910.101 INFO             PET0 ESMF_LAPACK                 : enabled
20220323 140910.101 INFO             PET0 ESMF_NETCDF                 : enabled
20220323 140910.101 INFO             PET0 ESMF_PNETCDF                : disabled
20220323 140910.101 INFO             PET0 ESMF_PIO                    : enabled
20220323 140910.101 INFO             PET0 ESMF_YAMLCPP                : enabled
20220323 140910.103 INFO             PET0  NUMBER_OF_PROCESSORS           1
20220323 140910.103 INFO             PET0  PASS  Example ESMF_XGridSparseMatEx, ESMF_XGridSparseMatEx.F90, line 642
20220323 140910.103 INFO             PET0 Finalizing ESMF
