build time -- 2022-03-17 17:58:48.513445
20220317 183108.263 INFO             PET0 !!!!!!!!!!!!!!!!!!!!!!!!!!!!!!!!!!!!!!!!!!!!!!!!!!!!!!
20220317 183108.263 INFO             PET0 !!! THE ESMF_LOG IS SET TO OUTPUT ALL LOG MESSAGES !!!
20220317 183108.263 INFO             PET0 !!!     THIS MAY CAUSE SLOWDOWN IN PERFORMANCE     !!!
20220317 183108.263 INFO             PET0 !!! FOR PRODUCTION RUNS, USE:                      !!!
20220317 183108.263 INFO             PET0 !!!                   ESMF_LOGKIND_Multi_On_Error  !!!
20220317 183108.263 INFO             PET0 !!!!!!!!!!!!!!!!!!!!!!!!!!!!!!!!!!!!!!!!!!!!!!!!!!!!!!
20220317 183108.263 INFO             PET0 Running with ESMF Version   : v8.3.0b09-102-gabaf3ef548
20220317 183108.263 INFO             PET0 ESMF library build date/time: "Mar 17 2022" "17:56:51"
20220317 183108.263 INFO             PET0 ESMF library build location : /glade/scratch/rlong/esmf-testing/gfortran_7.4.0_openmpi_O_jedwards_pio_update2
20220317 183108.263 INFO             PET0 ESMF_COMM                   : openmpi
20220317 183108.263 INFO             PET0 ESMF_MOAB                   : enabled
20220317 183108.263 INFO             PET0 ESMF_LAPACK                 : enabled
20220317 183108.263 INFO             PET0 ESMF_NETCDF                 : enabled
20220317 183108.263 INFO             PET0 ESMF_PNETCDF                : disabled
20220317 183108.263 INFO             PET0 ESMF_PIO                    : enabled
20220317 183108.263 INFO             PET0 ESMF_YAMLCPP                : enabled
20220317 183108.302 DEBUG            PET0 about to destroy Grid: 0x12c41d0
20220317 183108.306 DEBUG            PET0 about to destroy Grid: 0x12c6f10
20220317 183108.318 INFO             PET0  NUMBER_OF_PROCESSORS           4
20220317 183108.318 INFO             PET0  PASS  Example ESMF_NUOPCAtmModelEx, ESMF_NUOPCAtmModelEx.F90, line 806
20220317 183108.318 INFO             PET0 Finalizing ESMF
20220317 183108.264 INFO             PET1 !!!!!!!!!!!!!!!!!!!!!!!!!!!!!!!!!!!!!!!!!!!!!!!!!!!!!!
20220317 183108.264 INFO             PET1 !!! THE ESMF_LOG IS SET TO OUTPUT ALL LOG MESSAGES !!!
20220317 183108.264 INFO             PET1 !!!     THIS MAY CAUSE SLOWDOWN IN PERFORMANCE     !!!
20220317 183108.264 INFO             PET1 !!! FOR PRODUCTION RUNS, USE:                      !!!
20220317 183108.264 INFO             PET1 !!!                   ESMF_LOGKIND_Multi_On_Error  !!!
20220317 183108.264 INFO             PET1 !!!!!!!!!!!!!!!!!!!!!!!!!!!!!!!!!!!!!!!!!!!!!!!!!!!!!!
20220317 183108.264 INFO             PET1 Running with ESMF Version   : v8.3.0b09-102-gabaf3ef548
20220317 183108.264 INFO             PET1 ESMF library build date/time: "Mar 17 2022" "17:56:51"
20220317 183108.264 INFO             PET1 ESMF library build location : /glade/scratch/rlong/esmf-testing/gfortran_7.4.0_openmpi_O_jedwards_pio_update2
20220317 183108.264 INFO             PET1 ESMF_COMM                   : openmpi
20220317 183108.264 INFO             PET1 ESMF_MOAB                   : enabled
20220317 183108.264 INFO             PET1 ESMF_LAPACK                 : enabled
20220317 183108.264 INFO             PET1 ESMF_NETCDF                 : enabled
20220317 183108.264 INFO             PET1 ESMF_PNETCDF                : disabled
20220317 183108.264 INFO             PET1 ESMF_PIO                    : enabled
20220317 183108.264 INFO             PET1 ESMF_YAMLCPP                : enabled
20220317 183108.302 DEBUG            PET1 about to destroy Grid: 0x2797e20
20220317 183108.306 DEBUG            PET1 about to destroy Grid: 0x2799120
20220317 183108.318 INFO             PET1  NUMBER_OF_PROCESSORS           4
20220317 183108.318 INFO             PET1  PASS  Example ESMF_NUOPCAtmModelEx, ESMF_NUOPCAtmModelEx.F90, line 806
20220317 183108.318 INFO             PET1 Finalizing ESMF
20220317 183108.263 INFO             PET2 !!!!!!!!!!!!!!!!!!!!!!!!!!!!!!!!!!!!!!!!!!!!!!!!!!!!!!
20220317 183108.263 INFO             PET2 !!! THE ESMF_LOG IS SET TO OUTPUT ALL LOG MESSAGES !!!
20220317 183108.263 INFO             PET2 !!!     THIS MAY CAUSE SLOWDOWN IN PERFORMANCE     !!!
20220317 183108.263 INFO             PET2 !!! FOR PRODUCTION RUNS, USE:                      !!!
20220317 183108.263 INFO             PET2 !!!                   ESMF_LOGKIND_Multi_On_Error  !!!
20220317 183108.263 INFO             PET2 !!!!!!!!!!!!!!!!!!!!!!!!!!!!!!!!!!!!!!!!!!!!!!!!!!!!!!
20220317 183108.263 INFO             PET2 Running with ESMF Version   : v8.3.0b09-102-gabaf3ef548
20220317 183108.263 INFO             PET2 ESMF library build date/time: "Mar 17 2022" "17:56:51"
20220317 183108.263 INFO             PET2 ESMF library build location : /glade/scratch/rlong/esmf-testing/gfortran_7.4.0_openmpi_O_jedwards_pio_update2
20220317 183108.263 INFO             PET2 ESMF_COMM                   : openmpi
20220317 183108.263 INFO             PET2 ESMF_MOAB                   : enabled
20220317 183108.263 INFO             PET2 ESMF_LAPACK                 : enabled
20220317 183108.263 INFO             PET2 ESMF_NETCDF                 : enabled
20220317 183108.263 INFO             PET2 ESMF_PNETCDF                : disabled
20220317 183108.263 INFO             PET2 ESMF_PIO                    : enabled
20220317 183108.263 INFO             PET2 ESMF_YAMLCPP                : enabled
20220317 183108.302 DEBUG            PET2 about to destroy Grid: 0x22175d0
20220317 183108.306 DEBUG            PET2 about to destroy Grid: 0x2218750
20220317 183108.318 INFO             PET2  NUMBER_OF_PROCESSORS           4
20220317 183108.318 INFO             PET2  PASS  Example ESMF_NUOPCAtmModelEx, ESMF_NUOPCAtmModelEx.F90, line 806
20220317 183108.318 INFO             PET2 Finalizing ESMF
20220317 183108.263 INFO             PET3 !!!!!!!!!!!!!!!!!!!!!!!!!!!!!!!!!!!!!!!!!!!!!!!!!!!!!!
20220317 183108.263 INFO             PET3 !!! THE ESMF_LOG IS SET TO OUTPUT ALL LOG MESSAGES !!!
20220317 183108.263 INFO             PET3 !!!     THIS MAY CAUSE SLOWDOWN IN PERFORMANCE     !!!
20220317 183108.263 INFO             PET3 !!! FOR PRODUCTION RUNS, USE:                      !!!
20220317 183108.263 INFO             PET3 !!!                   ESMF_LOGKIND_Multi_On_Error  !!!
20220317 183108.263 INFO             PET3 !!!!!!!!!!!!!!!!!!!!!!!!!!!!!!!!!!!!!!!!!!!!!!!!!!!!!!
20220317 183108.263 INFO             PET3 Running with ESMF Version   : v8.3.0b09-102-gabaf3ef548
20220317 183108.263 INFO             PET3 ESMF library build date/time: "Mar 17 2022" "17:56:51"
20220317 183108.263 INFO             PET3 ESMF library build location : /glade/scratch/rlong/esmf-testing/gfortran_7.4.0_openmpi_O_jedwards_pio_update2
20220317 183108.263 INFO             PET3 ESMF_COMM                   : openmpi
20220317 183108.263 INFO             PET3 ESMF_MOAB                   : enabled
20220317 183108.263 INFO             PET3 ESMF_LAPACK                 : enabled
20220317 183108.263 INFO             PET3 ESMF_NETCDF                 : enabled
20220317 183108.263 INFO             PET3 ESMF_PNETCDF                : disabled
20220317 183108.263 INFO             PET3 ESMF_PIO                    : enabled
20220317 183108.263 INFO             PET3 ESMF_YAMLCPP                : enabled
20220317 183108.302 DEBUG            PET3 about to destroy Grid: 0x26677c0
20220317 183108.306 DEBUG            PET3 about to destroy Grid: 0x2668e30
20220317 183108.318 INFO             PET3  NUMBER_OF_PROCESSORS           4
20220317 183108.318 INFO             PET3  PASS  Example ESMF_NUOPCAtmModelEx, ESMF_NUOPCAtmModelEx.F90, line 806
20220317 183108.318 INFO             PET3 Finalizing ESMF
