build time -- 2022-03-18 06:00:24.196589
20220318 062937.021 INFO             PET0 !!!!!!!!!!!!!!!!!!!!!!!!!!!!!!!!!!!!!!!!!!!!!!!!!!!!!!
20220318 062937.021 INFO             PET0 !!! THE ESMF_LOG IS SET TO OUTPUT ALL LOG MESSAGES !!!
20220318 062937.021 INFO             PET0 !!!     THIS MAY CAUSE SLOWDOWN IN PERFORMANCE     !!!
20220318 062937.021 INFO             PET0 !!! FOR PRODUCTION RUNS, USE:                      !!!
20220318 062937.021 INFO             PET0 !!!                   ESMF_LOGKIND_Multi_On_Error  !!!
20220318 062937.021 INFO             PET0 !!!!!!!!!!!!!!!!!!!!!!!!!!!!!!!!!!!!!!!!!!!!!!!!!!!!!!
20220318 062937.021 INFO             PET0 Running with ESMF Version   : v8.3.0b09-102-gabaf3ef548
20220318 062937.021 INFO             PET0 ESMF library build date/time: "Mar 18 2022" "05:58:21"
20220318 062937.021 INFO             PET0 ESMF library build location : /glade/scratch/rlong/esmf-testing/gfortran_7.4.0_openmpi_O_jedwards_pio_update2
20220318 062937.021 INFO             PET0 ESMF_COMM                   : openmpi
20220318 062937.022 INFO             PET0 ESMF_MOAB                   : enabled
20220318 062937.022 INFO             PET0 ESMF_LAPACK                 : enabled
20220318 062937.022 INFO             PET0 ESMF_NETCDF                 : enabled
20220318 062937.022 INFO             PET0 ESMF_PNETCDF                : disabled
20220318 062937.022 INFO             PET0 ESMF_PIO                    : enabled
20220318 062937.022 INFO             PET0 ESMF_YAMLCPP                : enabled
20220318 062937.574 INFO             PET0  NUMBER_OF_PROCESSORS           4
20220318 062937.574 INFO             PET0  PASS  Example ESMF_ArrayRedistEx, ESMF_ArrayRedistEx.F90, line 595
20220318 062937.574 INFO             PET0 Finalizing ESMF
20220318 062937.022 INFO             PET1 !!!!!!!!!!!!!!!!!!!!!!!!!!!!!!!!!!!!!!!!!!!!!!!!!!!!!!
20220318 062937.022 INFO             PET1 !!! THE ESMF_LOG IS SET TO OUTPUT ALL LOG MESSAGES !!!
20220318 062937.022 INFO             PET1 !!!     THIS MAY CAUSE SLOWDOWN IN PERFORMANCE     !!!
20220318 062937.022 INFO             PET1 !!! FOR PRODUCTION RUNS, USE:                      !!!
20220318 062937.022 INFO             PET1 !!!                   ESMF_LOGKIND_Multi_On_Error  !!!
20220318 062937.022 INFO             PET1 !!!!!!!!!!!!!!!!!!!!!!!!!!!!!!!!!!!!!!!!!!!!!!!!!!!!!!
20220318 062937.022 INFO             PET1 Running with ESMF Version   : v8.3.0b09-102-gabaf3ef548
20220318 062937.022 INFO             PET1 ESMF library build date/time: "Mar 18 2022" "05:58:21"
20220318 062937.022 INFO             PET1 ESMF library build location : /glade/scratch/rlong/esmf-testing/gfortran_7.4.0_openmpi_O_jedwards_pio_update2
20220318 062937.022 INFO             PET1 ESMF_COMM                   : openmpi
20220318 062937.022 INFO             PET1 ESMF_MOAB                   : enabled
20220318 062937.022 INFO             PET1 ESMF_LAPACK                 : enabled
20220318 062937.022 INFO             PET1 ESMF_NETCDF                 : enabled
20220318 062937.022 INFO             PET1 ESMF_PNETCDF                : disabled
20220318 062937.022 INFO             PET1 ESMF_PIO                    : enabled
20220318 062937.022 INFO             PET1 ESMF_YAMLCPP                : enabled
20220318 062937.574 INFO             PET1  NUMBER_OF_PROCESSORS           4
20220318 062937.574 INFO             PET1  PASS  Example ESMF_ArrayRedistEx, ESMF_ArrayRedistEx.F90, line 595
20220318 062937.574 INFO             PET1 Finalizing ESMF
20220318 062937.022 INFO             PET2 !!!!!!!!!!!!!!!!!!!!!!!!!!!!!!!!!!!!!!!!!!!!!!!!!!!!!!
20220318 062937.022 INFO             PET2 !!! THE ESMF_LOG IS SET TO OUTPUT ALL LOG MESSAGES !!!
20220318 062937.022 INFO             PET2 !!!     THIS MAY CAUSE SLOWDOWN IN PERFORMANCE     !!!
20220318 062937.022 INFO             PET2 !!! FOR PRODUCTION RUNS, USE:                      !!!
20220318 062937.022 INFO             PET2 !!!                   ESMF_LOGKIND_Multi_On_Error  !!!
20220318 062937.022 INFO             PET2 !!!!!!!!!!!!!!!!!!!!!!!!!!!!!!!!!!!!!!!!!!!!!!!!!!!!!!
20220318 062937.022 INFO             PET2 Running with ESMF Version   : v8.3.0b09-102-gabaf3ef548
20220318 062937.022 INFO             PET2 ESMF library build date/time: "Mar 18 2022" "05:58:21"
20220318 062937.022 INFO             PET2 ESMF library build location : /glade/scratch/rlong/esmf-testing/gfortran_7.4.0_openmpi_O_jedwards_pio_update2
20220318 062937.022 INFO             PET2 ESMF_COMM                   : openmpi
20220318 062937.022 INFO             PET2 ESMF_MOAB                   : enabled
20220318 062937.022 INFO             PET2 ESMF_LAPACK                 : enabled
20220318 062937.022 INFO             PET2 ESMF_NETCDF                 : enabled
20220318 062937.022 INFO             PET2 ESMF_PNETCDF                : disabled
20220318 062937.022 INFO             PET2 ESMF_PIO                    : enabled
20220318 062937.022 INFO             PET2 ESMF_YAMLCPP                : enabled
20220318 062937.574 INFO             PET2  NUMBER_OF_PROCESSORS           4
20220318 062937.574 INFO             PET2  PASS  Example ESMF_ArrayRedistEx, ESMF_ArrayRedistEx.F90, line 595
20220318 062937.574 INFO             PET2 Finalizing ESMF
20220318 062937.022 INFO             PET3 !!!!!!!!!!!!!!!!!!!!!!!!!!!!!!!!!!!!!!!!!!!!!!!!!!!!!!
20220318 062937.023 INFO             PET3 !!! THE ESMF_LOG IS SET TO OUTPUT ALL LOG MESSAGES !!!
20220318 062937.023 INFO             PET3 !!!     THIS MAY CAUSE SLOWDOWN IN PERFORMANCE     !!!
20220318 062937.023 INFO             PET3 !!! FOR PRODUCTION RUNS, USE:                      !!!
20220318 062937.023 INFO             PET3 !!!                   ESMF_LOGKIND_Multi_On_Error  !!!
20220318 062937.023 INFO             PET3 !!!!!!!!!!!!!!!!!!!!!!!!!!!!!!!!!!!!!!!!!!!!!!!!!!!!!!
20220318 062937.023 INFO             PET3 Running with ESMF Version   : v8.3.0b09-102-gabaf3ef548
20220318 062937.023 INFO             PET3 ESMF library build date/time: "Mar 18 2022" "05:58:21"
20220318 062937.023 INFO             PET3 ESMF library build location : /glade/scratch/rlong/esmf-testing/gfortran_7.4.0_openmpi_O_jedwards_pio_update2
20220318 062937.023 INFO             PET3 ESMF_COMM                   : openmpi
20220318 062937.023 INFO             PET3 ESMF_MOAB                   : enabled
20220318 062937.023 INFO             PET3 ESMF_LAPACK                 : enabled
20220318 062937.023 INFO             PET3 ESMF_NETCDF                 : enabled
20220318 062937.023 INFO             PET3 ESMF_PNETCDF                : disabled
20220318 062937.023 INFO             PET3 ESMF_PIO                    : enabled
20220318 062937.023 INFO             PET3 ESMF_YAMLCPP                : enabled
20220318 062937.574 INFO             PET3  NUMBER_OF_PROCESSORS           4
20220318 062937.574 INFO             PET3  PASS  Example ESMF_ArrayRedistEx, ESMF_ArrayRedistEx.F90, line 595
20220318 062937.574 INFO             PET3 Finalizing ESMF
