build time -- 2022-03-08 11:45:52.734279
20220308 124859.336 INFO             PET0 !!!!!!!!!!!!!!!!!!!!!!!!!!!!!!!!!!!!!!!!!!!!!!!!!!!!!!
20220308 124859.336 INFO             PET0 !!! THE ESMF_LOG IS SET TO OUTPUT ALL LOG MESSAGES !!!
20220308 124859.336 INFO             PET0 !!!     THIS MAY CAUSE SLOWDOWN IN PERFORMANCE     !!!
20220308 124859.336 INFO             PET0 !!! FOR PRODUCTION RUNS, USE:                      !!!
20220308 124859.336 INFO             PET0 !!!                   ESMF_LOGKIND_Multi_On_Error  !!!
20220308 124859.336 INFO             PET0 !!!!!!!!!!!!!!!!!!!!!!!!!!!!!!!!!!!!!!!!!!!!!!!!!!!!!!
20220308 124859.336 INFO             PET0 Running with ESMF Version   : v8.3.0b08-93-g7b747143aa
20220308 124859.336 INFO             PET0 ESMF library build date/time: "Mar  8 2022" "11:39:40"
20220308 124859.336 INFO             PET0 ESMF library build location : /glade/scratch/rlong/esmf-testing/intel_18.0.5_mpt_O_jedwards_pio_update2
20220308 124859.336 INFO             PET0 ESMF_COMM                   : mpt
20220308 124859.336 INFO             PET0 ESMF_MOAB                   : enabled
20220308 124859.336 INFO             PET0 ESMF_LAPACK                 : enabled
20220308 124859.336 INFO             PET0 ESMF_NETCDF                 : enabled
20220308 124859.336 INFO             PET0 ESMF_PNETCDF                : disabled
20220308 124859.336 INFO             PET0 ESMF_PIO                    : enabled
20220308 124859.336 INFO             PET0 ESMF_YAMLCPP                : enabled
20220308 124859.338 INFO             PET0 ESMF_FieldRedistStoreNF(): Just entered routine.
20220308 124859.372 INFO             PET0 ESMF_FieldRedistStoreNF(): Leaving routine.
20220308 124859.378 INFO             PET0  NUMBER_OF_PROCESSORS           4
20220308 124859.378 INFO             PET0  PASS  Example ESMF_RHandleFromFileEx, ESMF_RHandleFromFileEx.F90, line 192
20220308 124859.378 INFO             PET0 Finalizing ESMF
20220308 124859.378 INFO             PET0 ESMCI_IO_Handler.C:331 ESMCI::IO_Handler::finalize() 
20220308 124859.378 INFO             PET0 ESMCI_PIO_Handler.C:361 ESMCI::PIO_Handler::finalize() 
20220308 124859.378 INFO             PET0 ESMCI_IO_Handler.C:333 ESMCI::IO_Handler::finalize() after finalize, localrc = 0
20220308 124859.378 INFO             PET0 ESMCI_IO_Handler.C:356 ESMCI::IO_Handler::finalize() before return, localrc = 0
20220308 124859.336 INFO             PET1 !!!!!!!!!!!!!!!!!!!!!!!!!!!!!!!!!!!!!!!!!!!!!!!!!!!!!!
20220308 124859.336 INFO             PET1 !!! THE ESMF_LOG IS SET TO OUTPUT ALL LOG MESSAGES !!!
20220308 124859.336 INFO             PET1 !!!     THIS MAY CAUSE SLOWDOWN IN PERFORMANCE     !!!
20220308 124859.336 INFO             PET1 !!! FOR PRODUCTION RUNS, USE:                      !!!
20220308 124859.336 INFO             PET1 !!!                   ESMF_LOGKIND_Multi_On_Error  !!!
20220308 124859.336 INFO             PET1 !!!!!!!!!!!!!!!!!!!!!!!!!!!!!!!!!!!!!!!!!!!!!!!!!!!!!!
20220308 124859.336 INFO             PET1 Running with ESMF Version   : v8.3.0b08-93-g7b747143aa
20220308 124859.336 INFO             PET1 ESMF library build date/time: "Mar  8 2022" "11:39:40"
20220308 124859.336 INFO             PET1 ESMF library build location : /glade/scratch/rlong/esmf-testing/intel_18.0.5_mpt_O_jedwards_pio_update2
20220308 124859.336 INFO             PET1 ESMF_COMM                   : mpt
20220308 124859.336 INFO             PET1 ESMF_MOAB                   : enabled
20220308 124859.336 INFO             PET1 ESMF_LAPACK                 : enabled
20220308 124859.336 INFO             PET1 ESMF_NETCDF                 : enabled
20220308 124859.336 INFO             PET1 ESMF_PNETCDF                : disabled
20220308 124859.336 INFO             PET1 ESMF_PIO                    : enabled
20220308 124859.336 INFO             PET1 ESMF_YAMLCPP                : enabled
20220308 124859.338 INFO             PET1 ESMF_FieldRedistStoreNF(): Just entered routine.
20220308 124859.372 INFO             PET1 ESMF_FieldRedistStoreNF(): Leaving routine.
20220308 124859.378 INFO             PET1  NUMBER_OF_PROCESSORS           4
20220308 124859.378 INFO             PET1  PASS  Example ESMF_RHandleFromFileEx, ESMF_RHandleFromFileEx.F90, line 192
20220308 124859.378 INFO             PET1 Finalizing ESMF
20220308 124859.378 INFO             PET1 ESMCI_IO_Handler.C:331 ESMCI::IO_Handler::finalize() 
20220308 124859.378 INFO             PET1 ESMCI_PIO_Handler.C:361 ESMCI::PIO_Handler::finalize() 
20220308 124859.378 INFO             PET1 ESMCI_IO_Handler.C:333 ESMCI::IO_Handler::finalize() after finalize, localrc = 0
20220308 124859.378 INFO             PET1 ESMCI_IO_Handler.C:356 ESMCI::IO_Handler::finalize() before return, localrc = 0
20220308 124859.336 INFO             PET2 !!!!!!!!!!!!!!!!!!!!!!!!!!!!!!!!!!!!!!!!!!!!!!!!!!!!!!
20220308 124859.336 INFO             PET2 !!! THE ESMF_LOG IS SET TO OUTPUT ALL LOG MESSAGES !!!
20220308 124859.336 INFO             PET2 !!!     THIS MAY CAUSE SLOWDOWN IN PERFORMANCE     !!!
20220308 124859.336 INFO             PET2 !!! FOR PRODUCTION RUNS, USE:                      !!!
20220308 124859.336 INFO             PET2 !!!                   ESMF_LOGKIND_Multi_On_Error  !!!
20220308 124859.336 INFO             PET2 !!!!!!!!!!!!!!!!!!!!!!!!!!!!!!!!!!!!!!!!!!!!!!!!!!!!!!
20220308 124859.336 INFO             PET2 Running with ESMF Version   : v8.3.0b08-93-g7b747143aa
20220308 124859.336 INFO             PET2 ESMF library build date/time: "Mar  8 2022" "11:39:40"
20220308 124859.336 INFO             PET2 ESMF library build location : /glade/scratch/rlong/esmf-testing/intel_18.0.5_mpt_O_jedwards_pio_update2
20220308 124859.336 INFO             PET2 ESMF_COMM                   : mpt
20220308 124859.336 INFO             PET2 ESMF_MOAB                   : enabled
20220308 124859.336 INFO             PET2 ESMF_LAPACK                 : enabled
20220308 124859.336 INFO             PET2 ESMF_NETCDF                 : enabled
20220308 124859.336 INFO             PET2 ESMF_PNETCDF                : disabled
20220308 124859.336 INFO             PET2 ESMF_PIO                    : enabled
20220308 124859.336 INFO             PET2 ESMF_YAMLCPP                : enabled
20220308 124859.338 INFO             PET2 ESMF_FieldRedistStoreNF(): Just entered routine.
20220308 124859.372 INFO             PET2 ESMF_FieldRedistStoreNF(): Leaving routine.
20220308 124859.378 INFO             PET2  NUMBER_OF_PROCESSORS           4
20220308 124859.378 INFO             PET2  PASS  Example ESMF_RHandleFromFileEx, ESMF_RHandleFromFileEx.F90, line 192
20220308 124859.378 INFO             PET2 Finalizing ESMF
20220308 124859.378 INFO             PET2 ESMCI_IO_Handler.C:331 ESMCI::IO_Handler::finalize() 
20220308 124859.378 INFO             PET2 ESMCI_PIO_Handler.C:361 ESMCI::PIO_Handler::finalize() 
20220308 124859.378 INFO             PET2 ESMCI_IO_Handler.C:333 ESMCI::IO_Handler::finalize() after finalize, localrc = 0
20220308 124859.378 INFO             PET2 ESMCI_IO_Handler.C:356 ESMCI::IO_Handler::finalize() before return, localrc = 0
20220308 124859.336 INFO             PET3 !!!!!!!!!!!!!!!!!!!!!!!!!!!!!!!!!!!!!!!!!!!!!!!!!!!!!!
20220308 124859.336 INFO             PET3 !!! THE ESMF_LOG IS SET TO OUTPUT ALL LOG MESSAGES !!!
20220308 124859.336 INFO             PET3 !!!     THIS MAY CAUSE SLOWDOWN IN PERFORMANCE     !!!
20220308 124859.336 INFO             PET3 !!! FOR PRODUCTION RUNS, USE:                      !!!
20220308 124859.336 INFO             PET3 !!!                   ESMF_LOGKIND_Multi_On_Error  !!!
20220308 124859.336 INFO             PET3 !!!!!!!!!!!!!!!!!!!!!!!!!!!!!!!!!!!!!!!!!!!!!!!!!!!!!!
20220308 124859.336 INFO             PET3 Running with ESMF Version   : v8.3.0b08-93-g7b747143aa
20220308 124859.336 INFO             PET3 ESMF library build date/time: "Mar  8 2022" "11:39:40"
20220308 124859.336 INFO             PET3 ESMF library build location : /glade/scratch/rlong/esmf-testing/intel_18.0.5_mpt_O_jedwards_pio_update2
20220308 124859.336 INFO             PET3 ESMF_COMM                   : mpt
20220308 124859.336 INFO             PET3 ESMF_MOAB                   : enabled
20220308 124859.336 INFO             PET3 ESMF_LAPACK                 : enabled
20220308 124859.336 INFO             PET3 ESMF_NETCDF                 : enabled
20220308 124859.336 INFO             PET3 ESMF_PNETCDF                : disabled
20220308 124859.336 INFO             PET3 ESMF_PIO                    : enabled
20220308 124859.336 INFO             PET3 ESMF_YAMLCPP                : enabled
20220308 124859.338 INFO             PET3 ESMF_FieldRedistStoreNF(): Just entered routine.
20220308 124859.372 INFO             PET3 ESMF_FieldRedistStoreNF(): Leaving routine.
20220308 124859.378 INFO             PET3  NUMBER_OF_PROCESSORS           4
20220308 124859.378 INFO             PET3  PASS  Example ESMF_RHandleFromFileEx, ESMF_RHandleFromFileEx.F90, line 192
20220308 124859.378 INFO             PET3 Finalizing ESMF
20220308 124859.378 INFO             PET3 ESMCI_IO_Handler.C:331 ESMCI::IO_Handler::finalize() 
20220308 124859.378 INFO             PET3 ESMCI_PIO_Handler.C:361 ESMCI::PIO_Handler::finalize() 
20220308 124859.378 INFO             PET3 ESMCI_IO_Handler.C:333 ESMCI::IO_Handler::finalize() after finalize, localrc = 0
20220308 124859.378 INFO             PET3 ESMCI_IO_Handler.C:356 ESMCI::IO_Handler::finalize() before return, localrc = 0
