build time -- 2022-03-10 06:30:02.092868
0: --- ESMCI::ArrayBundle::print start ---
0: ArrayBundle: MyArrayBundle
0: arrayCount = 3
1: --- ESMCI::ArrayBundle::print start ---
1: ArrayBundle: MyArrayBundle
1: arrayCount = 3
2: --- ESMCI::ArrayBundle::print start ---
2: ArrayBundle: MyArrayBundle
2: arrayCount = 3
3: --- ESMCI::ArrayBundle::print start ---
3: ArrayBundle: MyArrayBundle
3: arrayCount = 3
0: Container::print() multipmap:item=0 key=AonFly value=0x29d8c20
1: Container::print() multipmap:item=0 key=AonFly value=0x29d8cb0
1: Container::print() multipmap:item=1 key=Array002 value=0x29d4bb0
2: Container::print() multipmap:item=0 key=AonFly value=0x29d7b60
2: Container::print() multipmap:item=1 key=Array002 value=0x29d47e0
2: Container::print() multipmap:item=2 key=Array003 value=0x29d5270
2: Container::print()      list:item=0 key=Array002 value=0x29d47e0
3: Container::print() multipmap:item=0 key=AonFly value=0x29d7be0
3: Container::print() multipmap:item=1 key=Array002 value=0x29d4860
3: Container::print() multipmap:item=2 key=Array003 value=0x29d52f0
3: Container::print()      list:item=0 key=Array002 value=0x29d4860
0: Container::print() multipmap:item=1 key=Array002 value=0x29d4b40
0: Container::print() multipmap:item=2 key=Array003 value=0x29d58e0
0: Container::print()      list:item=0 key=Array002 value=0x29d4b40
0: Container::print()      list:item=1 key=Array003 value=0x29d58e0
0: Container::print()      list:item=2 key=AonFly value=0x29d8c20
0: --- ESMCI::ArrayBundle::print end ---
1: Container::print() multipmap:item=2 key=Array003 value=0x29d5970
1: Container::print()      list:item=0 key=Array002 value=0x29d4bb0
1: Container::print()      list:item=1 key=Array003 value=0x29d5970
1: Container::print()      list:item=2 key=AonFly value=0x29d8cb0
1: --- ESMCI::ArrayBundle::print end ---
2: Container::print()      list:item=1 key=Array003 value=0x29d5270
2: Container::print()      list:item=2 key=AonFly value=0x29d7b60
2: --- ESMCI::ArrayBundle::print end ---
3: Container::print()      list:item=1 key=Array003 value=0x29d52f0
3: Container::print()      list:item=2 key=AonFly value=0x29d7be0
3: --- ESMCI::ArrayBundle::print end ---
0: --- ESMCI::Array::print start ---
1: --- ESMCI::Array::print start ---
1:  Base name    = AonFly
0:  Base name    = AonFly
0:  Status: Base = Ready,  object = Ready
0:  Proxy        = no
0:  Root Info (Attributes):
1:  Status: Base = Ready,  object = Ready
1:  Proxy        = no
1:  Root Info (Attributes):
2: --- ESMCI::Array::print start ---
2:  Base name    = AonFly
2:  Status: Base = Ready,  object = Ready
2:  Proxy        = no
3: --- ESMCI::Array::print start ---
3:  Base name    = AonFly
3:  Status: Base = Ready,  object = Ready
3:  Proxy        = no
3:  Root Info (Attributes):
2:  Root Info (Attributes):
2: {}Array typekind/rank: Real*4 / 2 
0: {}Array typekind/rank: Real*4 / 2 
0: ~ lower class' values ~
0: DistGrid dimCount = 2
0: deCount = 6
0: localDeCount = 2
0: ~ local data in LocalArray for DE 0 ~
0: LocalArrayPrint: Array at address 0x29d85c0:
0:             rank = 2, typekind = 5, base_addr = 0x2b54ba20bf40
1: {}Array typekind/rank: Real*4 / 2 
1: ~ lower class' values ~
1: DistGrid dimCount = 2
1: deCount = 6
1: localDeCount = 2
1: ~ local data in LocalArray for DE 1 ~
1: LocalArrayPrint: Array at address 0x29d8650:
1:             rank = 2, typekind = 5, base_addr = 0x2b54ba20bee0
1:             dim[0] = 2  dim[1] = 2  
2: ~ lower class' values ~
2: DistGrid dimCount = 2
2: deCount = 6
2: localDeCount = 1
2: ~ local data in LocalArray for DE 2 ~
2: LocalArrayPrint: Array at address 0x29d7830:
2:             rank = 2, typekind = 5, base_addr = 0x2b54ba20bfc0
2:             dim[0] = 3  dim[1] = 2  
2:   Real, *4, Dim 2, Data values:
3: {}Array typekind/rank: Real*4 / 2 
3: ~ lower class' values ~
3: DistGrid dimCount = 2
3: deCount = 6
3: localDeCount = 1
3: ~ local data in LocalArray for DE 3 ~
3: LocalArrayPrint: Array at address 0x29d78b0:
3:             rank = 2, typekind = 5, base_addr = 0x2b54ba20bf60
3:             dim[0] = 2  dim[1] = 2  
3:   Real, *4, Dim 2, Data values:
0:             dim[0] = 3  dim[1] = 2  
0:   Real, *4, Dim 2, Data values:
0: ( 1, 1) =  0
0: ( 2, 1) =  0
0: ( 3, 1) =  0
0: ( 1, 2) =  0
1:   Real, *4, Dim 2, Data values:
1: ( 1, 1) =  0
1: ( 2, 1) =  0
1: ( 1, 2) =  0
1: ( 2, 2) =  0
1: dim 1: [0]: [1 [1 [1, 2] 2] 2]
3: ( 1, 1) =  0
3: ( 2, 1) =  0
3: ( 1, 2) =  0
3: ( 2, 2) =  0
3: dim 1: [0]: [1 [1 [1, 2] 2] 2]
3: dim 2: [1]: [1 [1 [1, 2] 2] 2]
3: --- ESMCI::Array::print end ---
3: --- ESMCI::Array::print start ---
3:  Base name    = Array002
0: ( 2, 2) =  0
0: ( 3, 2) =  0
0: dim 1: [0]: [1 [1 [1, 3] 3] 3]
0: dim 2: [1]: [1 [1 [1, 2] 2] 2]
0: ~ local data in LocalArray for DE 4 ~
0: LocalArrayPrint: Array at address 0x29d88f0:
0:             rank = 2, typekind = 5, base_addr = 0x2b54ba20bf20
0:             dim[0] = 3  dim[1] = 1  
0:   Real, *4, Dim 2, Data values:
0: ( 1, 1) =  0
0: ( 2, 1) =  0
0: ( 3, 1) =  0
0: dim 1: [0]: [1 [1 [1, 3] 3] 3]
1: dim 2: [1]: [1 [1 [1, 2] 2] 2]
1: ~ local data in LocalArray for DE 5 ~
1: LocalArrayPrint: Array at address 0x29d8980:
1:             rank = 2, typekind = 5, base_addr = 0x2b54ba20bec0
1:             dim[0] = 2  dim[1] = 1  
1:   Real, *4, Dim 2, Data values:
1: ( 1, 1) =  0
1: ( 2, 1) =  0
1: dim 1: [0]: [1 [1 [1, 2] 2] 2]
1: dim 2: [1]: [1 [1 [1, 1] 1] 1]
1: --- ESMCI::Array::print end ---
1: --- ESMCI::Array::print start ---
1:  Base name    = Array002
2: ( 1, 1) =  0
2: ( 2, 1) =  0
2: ( 3, 1) =  2.31164e-37
2: ( 1, 2) =  0
2: ( 2, 2) =  0
2: ( 3, 2) =  0
2: dim 1: [0]: [1 [1 [1, 3] 3] 3]
2: dim 2: [1]: [1 [1 [1, 2] 2] 2]
2: --- ESMCI::Array::print end ---
2: --- ESMCI::Array::print start ---
2:  Base name    = Array002
2:  Status: Base = Ready,  object = Ready
2:  Proxy        = no
2:  Root Info (Attributes):
2: {}Array typekind/rank: Real*8 / 2 
3:  Status: Base = Ready,  object = Ready
3:  Proxy        = no
3:  Root Info (Attributes):
3: {}Array typekind/rank: Real*8 / 2 
3: ~ lower class' values ~
3: DistGrid dimCount = 2
3: deCount = 6
3: localDeCount = 1
3: ~ local data in LocalArray for DE 3 ~
3: LocalArrayPrint: Array at address 0x29d4530:
3:             rank = 2, typekind = 6, base_addr = 0x2b54ba20bfc0
3:             dim[0] = 2  dim[1] = 2  
3:   Real, *8, Dim 2, Data values:
3: ( 1, 1) =  0
3: ( 2, 1) =  0
0: dim 2: [1]: [1 [1 [1, 1] 1] 1]
0: --- ESMCI::Array::print end ---
0: --- ESMCI::Array::print start ---
0:  Base name    = Array002
0:  Status: Base = Ready,  object = Ready
0:  Proxy        = no
0:  Root Info (Attributes):
0: {}Array typekind/rank: Real*8 / 2 
0: ~ lower class' values ~
0: DistGrid dimCount = 2
0: deCount = 6
0: localDeCount = 2
0: ~ local data in LocalArray for DE 0 ~
0: LocalArrayPrint: Array at address 0x29d44e0:
1:  Status: Base = Ready,  object = Ready
1:  Proxy        = no
1:  Root Info (Attributes):
1: {}Array typekind/rank: Real*8 / 2 
1: ~ lower class' values ~
1: DistGrid dimCount = 2
1: deCount = 6
1: localDeCount = 2
1: ~ local data in LocalArray for DE 1 ~
1: LocalArrayPrint: Array at address 0x29d4550:
1:             rank = 2, typekind = 6, base_addr = 0x2b54ba20bfc0
1:             dim[0] = 2  dim[1] = 2  
1:   Real, *8, Dim 2, Data values:
1: ( 1, 1) =  0
1: ( 2, 1) =  0
1: ( 1, 2) =  0
2: ~ lower class' values ~
2: DistGrid dimCount = 2
2: deCount = 6
2: localDeCount = 1
2: ~ local data in LocalArray for DE 2 ~
2: LocalArrayPrint: Array at address 0x29d44b0:
2:             rank = 2, typekind = 6, base_addr = 0x2b54ba21fd40
2:             dim[0] = 3  dim[1] = 2  
2:   Real, *8, Dim 2, Data values:
2: ( 1, 1) =  2.35387e-310
2: ( 2, 1) =  6.01347e-154
2: ( 3, 1) =  6.01347e-154
2: ( 1, 2) =  6.10916e+223
2: ( 2, 2) =  6.01386e-154
2: ( 3, 2) =  6.01347e-154
3: ( 1, 2) =  0
3: ( 2, 2) =  0
3: dim 1: [0]: [1 [1 [1, 2] 2] 2]
3: dim 2: [1]: [1 [1 [1, 2] 2] 2]
3: --- ESMCI::Array::print end ---
3: --- ESMCI::Array::print start ---
3:  Base name    = Array003
3:  Status: Base = Ready,  object = Ready
3:  Proxy        = no
3:  Root Info (Attributes):
3: {}Array typekind/rank: Real*8 / 2 
3: ~ lower class' values ~
3: DistGrid dimCount = 2
3: deCount = 6
3: localDeCount = 1
3: ~ local data in LocalArray for DE 3 ~
3: LocalArrayPrint: Array at address 0x29d4fc0:
3:             rank = 2, typekind = 6, base_addr = 0x2b54ba20bfa0
0:             rank = 2, typekind = 6, base_addr = 0x2b54ba21fd40
0:             dim[0] = 3  dim[1] = 2  
0:   Real, *8, Dim 2, Data values:
0: ( 1, 1) =  2.35387e-310
0: ( 2, 1) =  6.01347e-154
0: ( 3, 1) =  6.01347e-154
0: ( 1, 2) =  6.10916e+223
0: ( 2, 2) =  6.01386e-154
0: ( 3, 2) =  6.01347e-154
0: dim 1: [0]: [1 [1 [1, 3] 3] 3]
0: dim 2: [1]: [1 [1 [1, 2] 2] 2]
0: ~ local data in LocalArray for DE 4 ~
0: LocalArrayPrint: Array at address 0x29d4810:
0:             rank = 2, typekind = 6, base_addr = 0x2b54ba20bfc0
0:             dim[0] = 3  dim[1] = 1  
1: ( 2, 2) =  0
1: dim 1: [0]: [1 [1 [1, 2] 2] 2]
1: dim 2: [1]: [1 [1 [1, 2] 2] 2]
1: ~ local data in LocalArray for DE 5 ~
1: LocalArrayPrint: Array at address 0x29d4880:
1:             rank = 2, typekind = 6, base_addr = 0x2b54ba20bfa0
1:             dim[0] = 2  dim[1] = 1  
1:   Real, *8, Dim 2, Data values:
1: ( 1, 1) =  0
1: ( 2, 1) =  0
1: dim 1: [0]: [1 [1 [1, 2] 2] 2]
1: dim 2: [1]: [1 [1 [1, 1] 1] 1]
1: --- ESMCI::Array::print end ---
1: --- ESMCI::Array::print start ---
1:  Base name    = Array003
1:  Status: Base = Ready,  object = Ready
1:  Proxy        = no
1:  Root Info (Attributes):
2: dim 1: [0]: [1 [1 [1, 3] 3] 3]
2: dim 2: [1]: [1 [1 [1, 2] 2] 2]
2: --- ESMCI::Array::print end ---
2: --- ESMCI::Array::print start ---
2:  Base name    = Array003
2:  Status: Base = Ready,  object = Ready
2:  Proxy        = no
2:  Root Info (Attributes):
2: {}Array typekind/rank: Real*8 / 2 
2: ~ lower class' values ~
2: DistGrid dimCount = 2
2: deCount = 6
2: localDeCount = 1
2: ~ local data in LocalArray for DE 2 ~
2: LocalArrayPrint: Array at address 0x29d4f40:
2:             rank = 2, typekind = 6, base_addr = 0x2b54ba21fd00
2:             dim[0] = 3  dim[1] = 2  
2:   Real, *8, Dim 2, Data values:
2: ( 1, 1) =  2.35387e-310
3:             dim[0] = 2  dim[1] = 2  
3:   Real, *8, Dim 2, Data values:
3: ( 1, 1) =  0
3: ( 2, 1) =  0
3: ( 1, 2) =  0
3: ( 2, 2) =  0
3: dim 1: [0]: [1 [1 [1, 2] 2] 2]
3: dim 2: [1]: [1 [1 [1, 2] 2] 2]
3: --- ESMCI::Array::print end ---
0:   Real, *8, Dim 2, Data values:
0: ( 1, 1) =  0
0: ( 2, 1) =  0
0: ( 3, 1) =  0
0: dim 1: [0]: [1 [1 [1, 3] 3] 3]
0: dim 2: [1]: [1 [1 [1, 1] 1] 1]
0: --- ESMCI::Array::print end ---
0: --- ESMCI::Array::print start ---
0:  Base name    = Array003
0:  Status: Base = Ready,  object = Ready
0:  Proxy        = no
0:  Root Info (Attributes):
0: {}Array typekind/rank: Real*8 / 2 
0: ~ lower class' values ~
0: DistGrid dimCount = 2
0: deCount = 6
0: localDeCount = 2
0: ~ local data in LocalArray for DE 0 ~
1: {}Array typekind/rank: Real*8 / 2 
1: ~ lower class' values ~
1: DistGrid dimCount = 2
1: deCount = 6
1: localDeCount = 2
1: ~ local data in LocalArray for DE 1 ~
1: LocalArrayPrint: Array at address 0x29d5310:
1:             rank = 2, typekind = 6, base_addr = 0x2b54ba20bf80
1:             dim[0] = 2  dim[1] = 2  
1:   Real, *8, Dim 2, Data values:
1: ( 1, 1) =  0
1: ( 2, 1) =  0
1: ( 1, 2) =  0
1: ( 2, 2) =  0
1: dim 1: [0]: [1 [1 [1, 2] 2] 2]
1: dim 2: [1]: [1 [1 [1, 2] 2] 2]
1: ~ local data in LocalArray for DE 5 ~
1: LocalArrayPrint: Array at address 0x29d5640:
1:             rank = 2, typekind = 6, base_addr = 0x2b54ba20bf60
1:             dim[0] = 2  dim[1] = 1  
1:   Real, *8, Dim 2, Data values:
2: ( 2, 1) =  6.01347e-154
2: ( 3, 1) =  6.01347e-154
2: ( 1, 2) =  6.10916e+223
2: ( 2, 2) =  9.77069e+199
2: ( 3, 2) =  6.99178e+228
2: dim 1: [0]: [1 [1 [1, 3] 3] 3]
2: dim 2: [1]: [1 [1 [1, 2] 2] 2]
2: --- ESMCI::Array::print end ---
0: LocalArrayPrint: Array at address 0x29d5280:
0:             rank = 2, typekind = 6, base_addr = 0x2b54ba21fd00
0:             dim[0] = 3  dim[1] = 2  
0:   Real, *8, Dim 2, Data values:
0: ( 1, 1) =  2.35387e-310
0: ( 2, 1) =  6.01347e-154
0: ( 3, 1) =  6.01347e-154
0: ( 1, 2) =  6.10916e+223
0: ( 2, 2) =  9.77069e+199
0: ( 3, 2) =  6.99178e+228
0: dim 1: [0]: [1 [1 [1, 3] 3] 3]
0: dim 2: [1]: [1 [1 [1, 2] 2] 2]
1: ( 1, 1) =  0
1: ( 2, 1) =  0
1: dim 1: [0]: [1 [1 [1, 2] 2] 2]
1: dim 2: [1]: [1 [1 [1, 1] 1] 1]
1: --- ESMCI::Array::print end ---
0: ~ local data in LocalArray for DE 4 ~
0: LocalArrayPrint: Array at address 0x29d55b0:
0:             rank = 2, typekind = 6, base_addr = 0x2b54ba20bfa0
0:             dim[0] = 3  dim[1] = 1  
0:   Real, *8, Dim 2, Data values:
0: ( 1, 1) =  0
0: ( 2, 1) =  0
0: ( 3, 1) =  0
0: dim 1: [0]: [1 [1 [1, 3] 3] 3]
0: dim 2: [1]: [1 [1 [1, 1] 1] 1]
0: --- ESMCI::Array::print end ---
2:   PASS  Example ESMF_ArrayBundleEx, ESMF_ArrayBundleEx.F90, line 267
3:   PASS  Example ESMF_ArrayBundleEx, ESMF_ArrayBundleEx.F90, line 267
1:   PASS  Example ESMF_ArrayBundleEx, ESMF_ArrayBundleEx.F90, line 267
0:   PASS  Example ESMF_ArrayBundleEx, ESMF_ArrayBundleEx.F90, line 267
1:  PASS: ESMF_ArrayBundleEx.F90
2:  PASS: ESMF_ArrayBundleEx.F90
3:  PASS: ESMF_ArrayBundleEx.F90
0:  PASS: ESMF_ArrayBundleEx.F90
