build time -- 2022-03-09 06:30:13.851225
20220309 073547.817 INFO             PET0 !!!!!!!!!!!!!!!!!!!!!!!!!!!!!!!!!!!!!!!!!!!!!!!!!!!!!!
20220309 073547.817 INFO             PET0 !!! THE ESMF_LOG IS SET TO OUTPUT ALL LOG MESSAGES !!!
20220309 073547.817 INFO             PET0 !!!     THIS MAY CAUSE SLOWDOWN IN PERFORMANCE     !!!
20220309 073547.817 INFO             PET0 !!! FOR PRODUCTION RUNS, USE:                      !!!
20220309 073547.817 INFO             PET0 !!!                   ESMF_LOGKIND_Multi_On_Error  !!!
20220309 073547.817 INFO             PET0 !!!!!!!!!!!!!!!!!!!!!!!!!!!!!!!!!!!!!!!!!!!!!!!!!!!!!!
20220309 073547.817 INFO             PET0 Running with ESMF Version   : v8.3.0b09-93-ga567ee5dcd
20220309 073547.817 INFO             PET0 ESMF library build date/time: "Mar  9 2022" "06:24:06"
20220309 073547.817 INFO             PET0 ESMF library build location : /glade/scratch/rlong/esmf-testing/intel_18.0.5_mpt_O_jedwards_pio_update2
20220309 073547.817 INFO             PET0 ESMF_COMM                   : mpt
20220309 073547.818 INFO             PET0 ESMF_MOAB                   : enabled
20220309 073547.818 INFO             PET0 ESMF_LAPACK                 : enabled
20220309 073547.818 INFO             PET0 ESMF_NETCDF                 : enabled
20220309 073547.818 INFO             PET0 ESMF_PNETCDF                : disabled
20220309 073547.818 INFO             PET0 ESMF_PIO                    : enabled
20220309 073547.818 INFO             PET0 ESMF_YAMLCPP                : enabled
20220309 073547.820 INFO             PET0  NUMBER_OF_PROCESSORS           1
20220309 073547.820 INFO             PET0  PASS  Example ESMF_XGridSparseMatEx, ESMF_XGridSparseMatEx.F90, line 642
20220309 073547.820 INFO             PET0 Finalizing ESMF
20220309 073547.820 INFO             PET0 ESMCI_IO_Handler.C:331 ESMCI::IO_Handler::finalize() 
20220309 073547.820 INFO             PET0 ESMCI_PIO_Handler.C:361 ESMCI::PIO_Handler::finalize() 
20220309 073547.820 INFO             PET0 ESMCI_IO_Handler.C:333 ESMCI::IO_Handler::finalize() after finalize, localrc = 0
20220309 073547.820 INFO             PET0 ESMCI_IO_Handler.C:356 ESMCI::IO_Handler::finalize() before return, localrc = 0
