build time -- 2022-03-13 04:08:46
Warning: Process to core binding is enabled and OMP_NUM_THREADS is set to non-zero (1) value
If your program has OpenMP sections, this can cause over-subscription of cores and consequently poor performance
To avoid this, please re-run your application after setting MV2_ENABLE_AFFINITY=0
Use MV2_USE_THREAD_WARNING=0 to suppress this message
Clock ----------------------------------
currTime = 
Time -----------------------------------
2003-09-02T00:00:00
end Time -------------------------------

end Clock ------------------------------

 number of ringing alarms =            1
 Alarm002 is ringing!
Clock ----------------------------------
currTime = 
Time -----------------------------------
2003-09-03T00:00:00
end Time -------------------------------

end Clock ------------------------------

Clock ----------------------------------
currTime = 
Time -----------------------------------
2003-09-04T00:00:00
end Time -------------------------------

end Clock ------------------------------

Clock ----------------------------------
currTime = 
Time -----------------------------------
2003-09-05T00:00:00
end Time -------------------------------

end Clock ------------------------------

Clock ----------------------------------
currTime = 
Time -----------------------------------
2003-09-06T00:00:00
end Time -------------------------------

end Clock ------------------------------

Clock ----------------------------------
currTime = 
Time -----------------------------------
2003-09-07T00:00:00
end Time -------------------------------

end Clock ------------------------------

Clock ----------------------------------
currTime = 
Time -----------------------------------
2003-09-08T00:00:00
end Time -------------------------------

end Clock ------------------------------

 number of ringing alarms =            1
 Alarm002 is ringing!
Clock ----------------------------------
currTime = 
Time -----------------------------------
2003-09-09T00:00:00
end Time -------------------------------

end Clock ------------------------------

Clock ----------------------------------
currTime = 
Time -----------------------------------
2003-09-10T00:00:00
end Time -------------------------------

end Clock ------------------------------

Clock ----------------------------------
currTime = 
Time -----------------------------------
2003-09-11T00:00:00
end Time -------------------------------

end Clock ------------------------------

Clock ----------------------------------
currTime = 
Time -----------------------------------
2003-09-12T00:00:00
end Time -------------------------------

end Clock ------------------------------

Clock ----------------------------------
currTime = 
Time -----------------------------------
2003-09-13T00:00:00
end Time -------------------------------

end Clock ------------------------------

Clock ----------------------------------
currTime = 
Time -----------------------------------
2003-09-14T00:00:00
end Time -------------------------------

end Clock ------------------------------

Clock ----------------------------------
currTime = 
Time -----------------------------------
2003-09-15T00:00:00
end Time -------------------------------

end Clock ------------------------------

 number of ringing alarms =            2
 Example alarm 1 is ringing!
 Alarm002 is ringing!
Clock ----------------------------------
currTime = 
Time -----------------------------------
2003-09-16T00:00:00
end Time -------------------------------

end Clock ------------------------------

Clock ----------------------------------
currTime = 
Time -----------------------------------
2003-09-17T00:00:00
end Time -------------------------------

end Clock ------------------------------

Clock ----------------------------------
currTime = 
Time -----------------------------------
2003-09-18T00:00:00
end Time -------------------------------

end Clock ------------------------------

Clock ----------------------------------
currTime = 
Time -----------------------------------
2003-09-19T00:00:00
end Time -------------------------------

end Clock ------------------------------

Clock ----------------------------------
currTime = 
Time -----------------------------------
2003-09-20T00:00:00
end Time -------------------------------

end Clock ------------------------------

Clock ----------------------------------
currTime = 
Time -----------------------------------
2003-09-21T00:00:00
end Time -------------------------------

end Clock ------------------------------

Clock ----------------------------------
currTime = 
Time -----------------------------------
2003-09-22T00:00:00
end Time -------------------------------

end Clock ------------------------------

 number of ringing alarms =            1
 Alarm002 is ringing!
Clock ----------------------------------
currTime = 
Time -----------------------------------
2003-09-23T00:00:00
end Time -------------------------------

end Clock ------------------------------

Clock ----------------------------------
currTime = 
Time -----------------------------------
2003-09-24T00:00:00
end Time -------------------------------

end Clock ------------------------------

Clock ----------------------------------
currTime = 
Time -----------------------------------
2003-09-25T00:00:00
end Time -------------------------------

end Clock ------------------------------

Clock ----------------------------------
currTime = 
Time -----------------------------------
2003-09-26T00:00:00
end Time -------------------------------

end Clock ------------------------------

Clock ----------------------------------
currTime = 
Time -----------------------------------
2003-09-27T00:00:00
end Time -------------------------------

end Clock ------------------------------

Clock ----------------------------------
currTime = 
Time -----------------------------------
2003-09-28T00:00:00
end Time -------------------------------

end Clock ------------------------------

Clock ----------------------------------
currTime = 
Time -----------------------------------
2003-09-29T00:00:00
end Time -------------------------------

end Clock ------------------------------

 number of ringing alarms =            1
 Alarm002 is ringing!
Clock ----------------------------------
currTime = 
Time -----------------------------------
2003-09-30T00:00:00
end Time -------------------------------

end Clock ------------------------------

  PASS  Example ESMF_AlarmEx, ESMF_AlarmEx.F90, line 244
Error in system call pthread_mutex_destroy: Device or resource busy
    src/mpi/init/initthread.c:241
 PASS: ESMF_AlarmEx.F90
