build time -- 2022-03-18 04:09:38
Warning: Process to core binding is enabled and OMP_NUM_THREADS is set to non-zero (1) value
If your program has OpenMP sections, this can cause over-subscription of cores and consequently poor performance
To avoid this, please re-run your application after setting MV2_ENABLE_AFFINITY=0
Use MV2_USE_THREAD_WARNING=0 to suppress this message
 localPET=           1  localDE=           0 : array(           1 ,           1 
 )=  0.000000000000000E+000
 localPET=           1  localDE=           0 : array(           1 ,           2 
 localPET=           2  localDE=           0 : array(           1 ,           1 
 )=  2.331071653536766E-310
 localPET=           2  localDE=           0 : array(           1 ,           2 
 )=  6.109163475470851E+223
 localPET=           0  localDE=           0 : array(           1 ,           1 
 )=  2.356580378447654E-310
 localPET=           0  localDE=           0 : array(           1 ,           2 
 )=  6.109163475470851E+223
 localPET=           0  localDE=           0 : array(           2 ,           1 
 )=  6.013471088102870E-154
 localPET=           0  localDE=           0 : array(           2 ,           2 
 )=  6.013858495167002E-154
 localPET=           0  localDE=           0 : array(           3 ,           1 
 )=  6.013470016999068E-154
 localPET=           0  localDE=           0 : array(           3 ,           2 
 )=  6.013470016999068E-154
 localPET=           0  localDE=           1 : array(           1 ,           1 
 )=  0.000000000000000E+000
 localPET=           1  localDE=           0 : array(           2 ,           1 
 )=  0.000000000000000E+000
 localPET=           1  localDE=           0 : array(           2 ,           2 
 )=  0.000000000000000E+000
 localPET=           1  localDE=           1 : array(           1 ,           1 
 )=  0.000000000000000E+000
 localPET=           1  localDE=           1 : array(           2 ,           1 
 )=  0.000000000000000E+000
 localPET=           2  localDE=           0 : array(           2 ,           1 
 )=  6.013471088102870E-154
 localPET=           2  localDE=           0 : array(           2 ,           2 
 )=  6.013858495167002E-154
 localPET=           2  localDE=           0 : array(           3 ,           1 
 )=  6.013470016999068E-154
 localPET=           2  localDE=           0 : array(           3 ,           2 
 )=  6.013470016999068E-154
 localPET=           3  localDE=           0 : array(           1 ,           1 
 )=  9.881312916824931E-324
 localPET=           3  localDE=           0 : array(           1 ,           2 
 )=  0.000000000000000E+000
 localPET=           3  localDE=           0 : array(           2 ,           1 
 )=  0.000000000000000E+000
 localPET=           3  localDE=           0 : array(           2 ,           2 
 )=  0.000000000000000E+000
 )=  9.881312916824931E-324
 localPET=           0  localDE=           1 : array(           2 ,           1 
 )=  0.000000000000000E+000
 localPET=           0  localDE=           1 : array(           3 ,           1 
 )=  0.000000000000000E+000
 localPet:            3 DE            3  [           1           2 ]
 localPet:            2 DE            2  [           1           3 ]
 localPet:            1 DE            1  [           1           2 ]
 localPet:            1 DE            5  [           1           2 ]
 localPet:            0 DE            0  [           1           3 ]
 localPet:            0 DE            4  [           1           3 ]
  PASS  Example ESMF_ArrayEx, ESMF_ArrayEx.F90, line 1899
  PASS  Example ESMF_ArrayEx, ESMF_ArrayEx.F90, line 1899
  PASS  Example ESMF_ArrayEx, ESMF_ArrayEx.F90, line 1899
  PASS  Example ESMF_ArrayEx, ESMF_ArrayEx.F90, line 1899
 PASS: ESMF_ArrayEx.F90
 PASS: ESMF_ArrayEx.F90
 PASS: ESMF_ArrayEx.F90
 PASS: ESMF_ArrayEx.F90
Error in system call pthread_mutex_destroy: Device or resource busy
    src/mpi/init/initthread.c:241
Error in system call pthread_mutex_destroy: Device or resource busy
    src/mpi/init/initthread.c:241
Error in system call pthread_mutex_destroy: Device or resource busy
    src/mpi/init/initthread.c:241
Error in system call pthread_mutex_destroy: Device or resource busy
    src/mpi/init/initthread.c:241
