build time -- 2022-03-13 04:08:46
20220313 050543.209 INFO             PET0 !!!!!!!!!!!!!!!!!!!!!!!!!!!!!!!!!!!!!!!!!!!!!!!!!!!!!!
20220313 050543.209 INFO             PET0 !!! THE ESMF_LOG IS SET TO OUTPUT ALL LOG MESSAGES !!!
20220313 050543.209 INFO             PET0 !!!     THIS MAY CAUSE SLOWDOWN IN PERFORMANCE     !!!
20220313 050543.209 INFO             PET0 !!! FOR PRODUCTION RUNS, USE:                      !!!
20220313 050543.209 INFO             PET0 !!!                   ESMF_LOGKIND_Multi_On_Error  !!!
20220313 050543.209 INFO             PET0 !!!!!!!!!!!!!!!!!!!!!!!!!!!!!!!!!!!!!!!!!!!!!!!!!!!!!!
20220313 050543.209 INFO             PET0 Running with ESMF Version   : v8.3.0b09
20220313 050543.209 INFO             PET0 ESMF library build date/time: "Mar 13 2022" "04:05:42"
20220313 050543.209 INFO             PET0 ESMF library build location : /mnt/lfs4/HFIP/hfv3gfs/Mark.Potts/intel_2020.2_mvapich2_g_develop
20220313 050543.209 INFO             PET0 ESMF_COMM                   : mvapich2
20220313 050543.210 INFO             PET0 ESMF_MOAB                   : enabled
20220313 050543.210 INFO             PET0 ESMF_LAPACK                 : enabled
20220313 050543.210 INFO             PET0 ESMF_NETCDF                 : enabled
20220313 050543.210 INFO             PET0 ESMF_PNETCDF                : disabled
20220313 050543.210 INFO             PET0 ESMF_PIO                    : enabled
20220313 050543.210 INFO             PET0 ESMF_YAMLCPP                : enabled
20220313 050543.380 DEBUG            PET0 about to destroy Grid: 0x2833a30
20220313 050543.402 DEBUG            PET0 about to destroy Grid: 0x2835850
20220313 050543.462 INFO             PET0  NUMBER_OF_PROCESSORS           4
20220313 050543.462 INFO             PET0  PASS  Example ESMF_NUOPCAtmModelEx, ESMF_NUOPCAtmModelEx.F90, line 806
20220313 050543.462 INFO             PET0 Finalizing ESMF
20220313 050543.209 INFO             PET1 !!!!!!!!!!!!!!!!!!!!!!!!!!!!!!!!!!!!!!!!!!!!!!!!!!!!!!
20220313 050543.209 INFO             PET1 !!! THE ESMF_LOG IS SET TO OUTPUT ALL LOG MESSAGES !!!
20220313 050543.209 INFO             PET1 !!!     THIS MAY CAUSE SLOWDOWN IN PERFORMANCE     !!!
20220313 050543.209 INFO             PET1 !!! FOR PRODUCTION RUNS, USE:                      !!!
20220313 050543.209 INFO             PET1 !!!                   ESMF_LOGKIND_Multi_On_Error  !!!
20220313 050543.209 INFO             PET1 !!!!!!!!!!!!!!!!!!!!!!!!!!!!!!!!!!!!!!!!!!!!!!!!!!!!!!
20220313 050543.209 INFO             PET1 Running with ESMF Version   : v8.3.0b09
20220313 050543.209 INFO             PET1 ESMF library build date/time: "Mar 13 2022" "04:05:42"
20220313 050543.209 INFO             PET1 ESMF library build location : /mnt/lfs4/HFIP/hfv3gfs/Mark.Potts/intel_2020.2_mvapich2_g_develop
20220313 050543.209 INFO             PET1 ESMF_COMM                   : mvapich2
20220313 050543.210 INFO             PET1 ESMF_MOAB                   : enabled
20220313 050543.210 INFO             PET1 ESMF_LAPACK                 : enabled
20220313 050543.210 INFO             PET1 ESMF_NETCDF                 : enabled
20220313 050543.210 INFO             PET1 ESMF_PNETCDF                : disabled
20220313 050543.210 INFO             PET1 ESMF_PIO                    : enabled
20220313 050543.210 INFO             PET1 ESMF_YAMLCPP                : enabled
20220313 050543.380 DEBUG            PET1 about to destroy Grid: 0x14d2070
20220313 050543.402 DEBUG            PET1 about to destroy Grid: 0x14d44d0
20220313 050543.462 INFO             PET1  NUMBER_OF_PROCESSORS           4
20220313 050543.462 INFO             PET1  PASS  Example ESMF_NUOPCAtmModelEx, ESMF_NUOPCAtmModelEx.F90, line 806
20220313 050543.462 INFO             PET1 Finalizing ESMF
20220313 050543.209 INFO             PET2 !!!!!!!!!!!!!!!!!!!!!!!!!!!!!!!!!!!!!!!!!!!!!!!!!!!!!!
20220313 050543.209 INFO             PET2 !!! THE ESMF_LOG IS SET TO OUTPUT ALL LOG MESSAGES !!!
20220313 050543.209 INFO             PET2 !!!     THIS MAY CAUSE SLOWDOWN IN PERFORMANCE     !!!
20220313 050543.209 INFO             PET2 !!! FOR PRODUCTION RUNS, USE:                      !!!
20220313 050543.209 INFO             PET2 !!!                   ESMF_LOGKIND_Multi_On_Error  !!!
20220313 050543.209 INFO             PET2 !!!!!!!!!!!!!!!!!!!!!!!!!!!!!!!!!!!!!!!!!!!!!!!!!!!!!!
20220313 050543.209 INFO             PET2 Running with ESMF Version   : v8.3.0b09
20220313 050543.209 INFO             PET2 ESMF library build date/time: "Mar 13 2022" "04:05:42"
20220313 050543.209 INFO             PET2 ESMF library build location : /mnt/lfs4/HFIP/hfv3gfs/Mark.Potts/intel_2020.2_mvapich2_g_develop
20220313 050543.209 INFO             PET2 ESMF_COMM                   : mvapich2
20220313 050543.210 INFO             PET2 ESMF_MOAB                   : enabled
20220313 050543.210 INFO             PET2 ESMF_LAPACK                 : enabled
20220313 050543.210 INFO             PET2 ESMF_NETCDF                 : enabled
20220313 050543.210 INFO             PET2 ESMF_PNETCDF                : disabled
20220313 050543.210 INFO             PET2 ESMF_PIO                    : enabled
20220313 050543.210 INFO             PET2 ESMF_YAMLCPP                : enabled
20220313 050543.380 DEBUG            PET2 about to destroy Grid: 0x18ea070
20220313 050543.402 DEBUG            PET2 about to destroy Grid: 0x18ec4d0
20220313 050543.462 INFO             PET2  NUMBER_OF_PROCESSORS           4
20220313 050543.462 INFO             PET2  PASS  Example ESMF_NUOPCAtmModelEx, ESMF_NUOPCAtmModelEx.F90, line 806
20220313 050543.462 INFO             PET2 Finalizing ESMF
20220313 050543.209 INFO             PET3 !!!!!!!!!!!!!!!!!!!!!!!!!!!!!!!!!!!!!!!!!!!!!!!!!!!!!!
20220313 050543.209 INFO             PET3 !!! THE ESMF_LOG IS SET TO OUTPUT ALL LOG MESSAGES !!!
20220313 050543.209 INFO             PET3 !!!     THIS MAY CAUSE SLOWDOWN IN PERFORMANCE     !!!
20220313 050543.209 INFO             PET3 !!! FOR PRODUCTION RUNS, USE:                      !!!
20220313 050543.209 INFO             PET3 !!!                   ESMF_LOGKIND_Multi_On_Error  !!!
20220313 050543.209 INFO             PET3 !!!!!!!!!!!!!!!!!!!!!!!!!!!!!!!!!!!!!!!!!!!!!!!!!!!!!!
20220313 050543.209 INFO             PET3 Running with ESMF Version   : v8.3.0b09
20220313 050543.209 INFO             PET3 ESMF library build date/time: "Mar 13 2022" "04:05:42"
20220313 050543.209 INFO             PET3 ESMF library build location : /mnt/lfs4/HFIP/hfv3gfs/Mark.Potts/intel_2020.2_mvapich2_g_develop
20220313 050543.209 INFO             PET3 ESMF_COMM                   : mvapich2
20220313 050543.210 INFO             PET3 ESMF_MOAB                   : enabled
20220313 050543.210 INFO             PET3 ESMF_LAPACK                 : enabled
20220313 050543.210 INFO             PET3 ESMF_NETCDF                 : enabled
20220313 050543.210 INFO             PET3 ESMF_PNETCDF                : disabled
20220313 050543.210 INFO             PET3 ESMF_PIO                    : enabled
20220313 050543.210 INFO             PET3 ESMF_YAMLCPP                : enabled
20220313 050543.380 DEBUG            PET3 about to destroy Grid: 0x1cae070
20220313 050543.402 DEBUG            PET3 about to destroy Grid: 0x1cb04d0
20220313 050543.462 INFO             PET3  NUMBER_OF_PROCESSORS           4
20220313 050543.462 INFO             PET3  PASS  Example ESMF_NUOPCAtmModelEx, ESMF_NUOPCAtmModelEx.F90, line 806
20220313 050543.462 INFO             PET3 Finalizing ESMF
