build time -- 2022-03-13 04:08:46
Warning: Process to core binding is enabled and OMP_NUM_THREADS is set to non-zero (1) value
If your program has OpenMP sections, this can cause over-subscription of cores and consequently poor performance
To avoid this, please re-run your application after setting MV2_ENABLE_AFFINITY=0
Use MV2_USE_THREAD_WARNING=0 to suppress this message
 sumA =   0.7000000    
 sumB =   0.7000000    
 sumC =   0.9000000    
 sumD =   0.9000000    
 sumE =   0.9000000    
 result SRCSEQ#1 =   0.7000000      expect:   0.7000000    
 result SRCSEQ#2 =   0.7000000      expect:   0.7000000    
 result SRCPET#1 =   0.7000000      expect:   0.7000000    
 result SRCPET#2 =   0.7000000      expect:   0.7000000    
 result SRCPET#3 =   0.7000000      expect:   0.7000000    
 result SRCPET#4 =   0.7000000      expect:   0.7000000    
 result SRCPET#5 =   0.7000000      expect:   0.7000000    
 result SRCPET#6 =   0.7000000      expect:   0.7000000    
 result SRCPET#7 =   0.7000000      expect:   0.7000000    
 result SRCPET#8 =   0.9000000      expect:   0.9000000    
 result SRCPET#9 =   0.9000000      expect:   0.9000000    
 result SRCPET#10 =   0.9000000      expect:   0.9000000    
 SMM parameters determined via auto-tuning -> dump to file
 result SRCPET#11 =   0.9000000    
 SMM parameters successfully read from file
  srcTermProcessing=           6  pipelineDepth=           4  ==>> sumCompare=
  0.9000000    
 result SRCPET#11 =   0.9000000      expect:   0.9000000    
 SMM parameters successfully read from file
  srcTermProcessing=           6  pipelineDepth=           4  ==>> sumCompare=
  0.9000000    
 result SRCPET#11 =   0.9000000      expect:   0.9000000    
 SMM parameters successfully read from file
  srcTermProcessing=           6  pipelineDepth=           4  ==>> sumCompare=
  0.9000000    
 result SRCPET#11 =   0.9000000      expect:   0.9000000    
 SMM parameters successfully read from file
  srcTermProcessing=           6  pipelineDepth=           4  ==>> sumCompare=
  0.9000000    
 result SRCPET#11 =   0.9000000      expect:   0.9000000    
 result SRCSEQ#3 =   0.9000000      expect:   0.9000000    
  PASS  Example ESMF_RHandleBitForBitEx, ESMF_RHandleBitForBitEx.F90, line 1557
  PASS  Example ESMF_RHandleBitForBitEx, ESMF_RHandleBitForBitEx.F90, line 1557
  PASS  Example ESMF_RHandleBitForBitEx, ESMF_RHandleBitForBitEx.F90, line 1557
  PASS  Example ESMF_RHandleBitForBitEx, ESMF_RHandleBitForBitEx.F90, line 1557
Error in system call pthread_mutex_destroy: Device or resource busy
    src/mpi/init/initthread.c:241
Error in system call pthread_mutex_destroy: Device or resource busy
    src/mpi/init/initthread.c:241
 PASS: ESMF_RHandleBitForBitEx.F90
 PASS: ESMF_RHandleBitForBitEx.F90
Error in system call pthread_mutex_destroy: Device or resource busy
    src/mpi/init/initthread.c:241
Error in system call pthread_mutex_destroy: Device or resource busy
    src/mpi/init/initthread.c:241
 PASS: ESMF_RHandleBitForBitEx.F90
 PASS: ESMF_RHandleBitForBitEx.F90
