build time -- 2022-03-13 04:08:46
Warning: Process to core binding is enabled and OMP_NUM_THREADS is set to non-zero (1) value
If your program has OpenMP sections, this can cause over-subscription of cores and consequently poor performance
To avoid this, please re-run your application after setting MV2_ENABLE_AFFINITY=0
Use MV2_USE_THREAD_WARNING=0 to suppress this message
Clock ----------------------------------
currTime = 
Time -----------------------------------
2003-04-01T02:24:00
end Time -------------------------------

end Clock ------------------------------

Clock ----------------------------------
currTime = 
Time -----------------------------------
2003-04-03T06:24:00
end Time -------------------------------

end Clock ------------------------------

Clock ----------------------------------
currTime = 
Time -----------------------------------
2003-04-05T10:24:00
end Time -------------------------------

end Clock ------------------------------

Clock ----------------------------------
currTime = 
Time -----------------------------------
2003-04-07T14:24:00
end Time -------------------------------

end Clock ------------------------------

Clock ----------------------------------
currTime = 
Time -----------------------------------
2003-04-09T18:24:00
end Time -------------------------------

end Clock ------------------------------

Clock ----------------------------------
currTime = 
Time -----------------------------------
2003-04-11T22:24:00
end Time -------------------------------

end Clock ------------------------------

 The clock's final current time is         2003 /           4 /          14  
           2 :          24 :           0
 The clock was advanced                      6  times.
Clock ----------------------------------
currTime = 
Time -----------------------------------
2003-04-14T02:24:00
end Time -------------------------------

end Clock ------------------------------

Clock ----------------------------------
currTime = 
Time -----------------------------------
2003-04-11T22:24:00
end Time -------------------------------

end Clock ------------------------------

Clock ----------------------------------
currTime = 
Time -----------------------------------
2003-04-09T18:24:00
end Time -------------------------------

end Clock ------------------------------

Clock ----------------------------------
currTime = 
Time -----------------------------------
2003-04-07T14:24:00
end Time -------------------------------

end Clock ------------------------------

Clock ----------------------------------
currTime = 
Time -----------------------------------
2003-04-05T10:24:00
end Time -------------------------------

end Clock ------------------------------

Clock ----------------------------------
currTime = 
Time -----------------------------------
2003-04-03T06:24:00
end Time -------------------------------

end Clock ------------------------------

  PASS  Example ESMF_ClockEx, ESMF_ClockEx.F90, line 220
Error in system call pthread_mutex_destroy: Device or resource busy
    src/mpi/init/initthread.c:241
 PASS: ESMF_ClockEx.F90
