build time -- 2022-03-18 04:09:38
Warning: Process to core binding is enabled and OMP_NUM_THREADS is set to non-zero (1) value
If your program has OpenMP sections, this can cause over-subscription of cores and consequently poor performance
To avoid this, please re-run your application after setting MV2_ENABLE_AFFINITY=0
Use MV2_USE_THREAD_WARNING=0 to suppress this message
TimeInterval ---------------------------
P0Y0M1DT0H0M0S
end TimeInterval -----------------------

TimeInterval ---------------------------
P0Y0M4DT1H30M10S
end TimeInterval -----------------------

 Time Interval1 =        86400  seconds.
 Time Interval2 =           97  hours,           30  minutes,           10 
  seconds.
 Difference between TimeInterval2 and TimeInterval1 =            3  days, 
           1  hours,           30  minutes,           10  seconds.
 TimeInterval2 multiplied by 3 =           12  days,            4  hours, 
          30  minutes,           30  seconds.
 TimeInterval1 is smaller than TimeInterval2
  PASS  Example ESMF_TimeIntervalEx, ESMF_TimeIntervalEx.F90, line 176
Error in system call pthread_mutex_destroy: Device or resource busy
    src/mpi/init/initthread.c:241
 PASS: ESMF_TimeIntervalEx.F90
