build time -- 2022-03-18 04:09:38
Warning: Process to core binding is enabled and OMP_NUM_THREADS is set to non-zero (1) value
If your program has OpenMP sections, this can cause over-subscription of cores and consequently poor performance
To avoid this, please re-run your application after setting MV2_ENABLE_AFFINITY=0
Use MV2_USE_THREAD_WARNING=0 to suppress this message
  PASS  Example ESMF_FieldRedistEx, ESMF_FieldRedistEx.F90, line 521
  PASS  Example ESMF_FieldRedistEx, ESMF_FieldRedistEx.F90, line 521
  PASS  Example ESMF_FieldRedistEx, ESMF_FieldRedistEx.F90, line 521
  PASS  Example ESMF_FieldRedistEx, ESMF_FieldRedistEx.F90, line 521
Error in system call pthread_mutex_destroy: Device or resource busy
    src/mpi/init/initthread.c:241
Error in system call pthread_mutex_destroy: Device or resource busy
    src/mpi/init/initthread.c:241
 PASS: ESMF_FieldRedistEx.F90
 PASS: ESMF_FieldRedistEx.F90
Error in system call pthread_mutex_destroy: Device or resource busy
    src/mpi/init/initthread.c:241
Error in system call pthread_mutex_destroy: Device or resource busy
    src/mpi/init/initthread.c:241
 PASS: ESMF_FieldRedistEx.F90
 PASS: ESMF_FieldRedistEx.F90
