build time -- 2022-03-18 04:09:38
Warning: Process to core binding is enabled and OMP_NUM_THREADS is set to non-zero (1) value
If your program has OpenMP sections, this can cause over-subscription of cores and consequently poor performance
To avoid this, please re-run your application after setting MV2_ENABLE_AFFINITY=0
Use MV2_USE_THREAD_WARNING=0 to suppress this message
 local DE            0  - DE            0  localIndexList along dim=           1
  ::            1           2           3
 local DE            0  - DE            0  localIndexList along dim=           2
  ::            1
 local DE            0  - DE            1  localIndexList along dim=           1
  ::            4           5
 local DE            0  - DE            1  localIndexList along dim=           2
  ::            1
 local DE            1  - DE            5  localIndexList along dim=           1
  ::            4           5
 local DE            1  - DE            4  localIndexList along dim=           1
  ::            1           2           3
 local DE            1  - DE            4  localIndexList along dim=           2
  ::            3           4           5
 local DE            1  - DE            5  localIndexList along dim=           2
  ::            3           4           5
 local DE            0  - DE            2  localIndexList along dim=           1
  ::            1           2           3
 local DE            0  - DE            2  localIndexList along dim=           2
  ::            2
 local DE            0  - DE            3  localIndexList along dim=           1
  ::            4           5
 local DE            0  - DE            3  localIndexList along dim=           2
  ::            2
  PASS  Example ESMF_DistGridEx, ESMF_DistGridEx.F90, line 1902
  PASS  Example ESMF_DistGridEx, ESMF_DistGridEx.F90, line 1902
  PASS  Example ESMF_DistGridEx, ESMF_DistGridEx.F90, line 1902
  PASS  Example ESMF_DistGridEx, ESMF_DistGridEx.F90, line 1902
Error in system call pthread_mutex_destroy: Device or resource busy
    src/mpi/init/initthread.c:241
Error in system call pthread_mutex_destroy: Device or resource busy
    src/mpi/init/initthread.c:241
 PASS: ESMF_DistGridEx.F90
 PASS: ESMF_DistGridEx.F90
Error in system call pthread_mutex_destroy: Device or resource busy
    src/mpi/init/initthread.c:241
Error in system call pthread_mutex_destroy: Device or resource busy
    src/mpi/init/initthread.c:241
 PASS: ESMF_DistGridEx.F90
 PASS: ESMF_DistGridEx.F90
