build time -- 2022-03-13 04:08:46
Warning: Process to core binding is enabled and OMP_NUM_THREADS is set to non-zero (1) value
If your program has OpenMP sections, this can cause over-subscription of cores and consequently poor performance
To avoid this, please re-run your application after setting MV2_ENABLE_AFFINITY=0
Use MV2_USE_THREAD_WARNING=0 to suppress this message
 localData for PET            1 :          101
 localData for PET            1 :          102
 localData for PET            1 :          103
 localData for PET            1 :          104
 localData for PET            1 :          105
 localData for PET            1 :          106
 localData for PET            1 :          107
 localData for PET            1 :          108
 localData for PET            1 :          109
 localData for PET            1 :          110
 localData for PET            0 :          301
 localData for PET            0 :          302
 localData for PET            0 :          303
 localData for PET            0 :          304
 localData for PET            0 :          305
 localData for PET            0 :          306
 localData for PET            2 :          201
 localData for PET            2 :          202
 localData for PET            2 :          203
 localData for PET            2 :          204
 localData for PET            2 :          205
 localData for PET            2 :          206
 localData for PET            2 :          207
 localData for PET            2 :          208
 localData for PET            2 :          209
 localData for PET            2 :          210
  PASS  Example ESMF_VMSendVMRecvEx, ESMF_VMSendVMRecvEx.F90, line 120
 localData for PET            0 :          307
 localData for PET            0 :          308
 localData for PET            0 :          309
 localData for PET            0 :          310
  PASS  Example ESMF_VMSendVMRecvEx, ESMF_VMSendVMRecvEx.F90, line 120
  PASS  Example ESMF_VMSendVMRecvEx, ESMF_VMSendVMRecvEx.F90, line 120
 localData for PET            3 :          301
 localData for PET            3 :          302
 localData for PET            3 :          303
 localData for PET            3 :          304
 localData for PET            3 :          305
 localData for PET            3 :          306
 localData for PET            3 :          307
 localData for PET            3 :          308
 localData for PET            3 :          309
 localData for PET            3 :          310
  PASS  Example ESMF_VMSendVMRecvEx, ESMF_VMSendVMRecvEx.F90, line 120
Error in system call pthread_mutex_destroy: Device or resource busy
    src/mpi/init/initthread.c:241
Error in system call pthread_mutex_destroy: Device or resource busy
    src/mpi/init/initthread.c:241
Error in system call pthread_mutex_destroy: Device or resource busy
    src/mpi/init/initthread.c:241
Error in system call pthread_mutex_destroy: Device or resource busy
    src/mpi/init/initthread.c:241
 PASS: ESMF_VMSendVMRecvEx.F90
 PASS: ESMF_VMSendVMRecvEx.F90
 PASS: ESMF_VMSendVMRecvEx.F90
 PASS: ESMF_VMSendVMRecvEx.F90
