build time -- 2022-03-23 20:53:05
[1648070162.708806] [h2c52:53432:0]         mxm.c:196  MXM  WARN  The 'ulimit -s' on the system is set to 'unlimited'. This may have negative performance implications. Please set the stack size to the default value (10240) 
[1648070162.713697] [h2c52:53432:0]         mxm.c:196  MXM  WARN  The 'ulimit -s' on the system is set to 'unlimited'. This may have negative performance implications. Please set the stack size to the default value (10240) 
[1648070162.713018] [h2c52:53433:0]         mxm.c:196  MXM  WARN  The 'ulimit -s' on the system is set to 'unlimited'. This may have negative performance implications. Please set the stack size to the default value (10240) 
[1648070162.718117] [h2c52:53433:0]         mxm.c:196  MXM  WARN  The 'ulimit -s' on the system is set to 'unlimited'. This may have negative performance implications. Please set the stack size to the default value (10240) 
[1648070162.702636] [h2c52:53434:0]         mxm.c:196  MXM  WARN  The 'ulimit -s' on the system is set to 'unlimited'. This may have negative performance implications. Please set the stack size to the default value (10240) 
[1648070162.707392] [h2c52:53434:0]         mxm.c:196  MXM  WARN  The 'ulimit -s' on the system is set to 'unlimited'. This may have negative performance implications. Please set the stack size to the default value (10240) 
[1648070162.712883] [h2c52:53435:0]         mxm.c:196  MXM  WARN  The 'ulimit -s' on the system is set to 'unlimited'. This may have negative performance implications. Please set the stack size to the default value (10240) 
[1648070162.717855] [h2c52:53435:0]         mxm.c:196  MXM  WARN  The 'ulimit -s' on the system is set to 'unlimited'. This may have negative performance implications. Please set the stack size to the default value (10240) 
 local DE            0  - DE            0  localIndexList along dim=           1  ::            1           2           3
 local DE            0  - DE            0  localIndexList along dim=           2  ::            1
 local DE            0  - DE            2  localIndexList along dim=           1  ::            1           2           3
 local DE            0  - DE            2  localIndexList along dim=           2  ::            2
 local DE            1  - DE            4  localIndexList along dim=           1  ::            1           2           3
 local DE            1  - DE            4  localIndexList along dim=           2  ::            3           4           5
 local DE            0  - DE            3  localIndexList along dim=           1  ::            4           5
 local DE            0  - DE            3  localIndexList along dim=           2  ::            2
 local DE            0  - DE            1  localIndexList along dim=           1  ::            4           5
 local DE            0  - DE            1  localIndexList along dim=           2  ::            1
 local DE            1  - DE            5  localIndexList along dim=           1  ::            4           5
 local DE            1  - DE            5  localIndexList along dim=           2  ::            3           4           5
  PASS  Example ESMF_DistGridEx, ESMF_DistGridEx.F90, line 1902
  PASS  Example ESMF_DistGridEx, ESMF_DistGridEx.F90, line 1902
  PASS  Example ESMF_DistGridEx, ESMF_DistGridEx.F90, line 1902
  PASS  Example ESMF_DistGridEx, ESMF_DistGridEx.F90, line 1902
 PASS: ESMF_DistGridEx.F90
 PASS: ESMF_DistGridEx.F90
 PASS: ESMF_DistGridEx.F90
 PASS: ESMF_DistGridEx.F90
