build time -- 2022-03-24 05:55:03
[1648102610.006691] [h21c28:137487:0]         mxm.c:196  MXM  WARN  The 'ulimit -s' on the system is set to 'unlimited'. This may have negative performance implications. Please set the stack size to the default value (10240) 
[1648102610.011892] [h21c28:137487:0]         mxm.c:196  MXM  WARN  The 'ulimit -s' on the system is set to 'unlimited'. This may have negative performance implications. Please set the stack size to the default value (10240) 
[1648102610.006710] [h21c28:137485:0]         mxm.c:196  MXM  WARN  The 'ulimit -s' on the system is set to 'unlimited'. This may have negative performance implications. Please set the stack size to the default value (10240) 
[1648102610.012323] [h21c28:137485:0]         mxm.c:196  MXM  WARN  The 'ulimit -s' on the system is set to 'unlimited'. This may have negative performance implications. Please set the stack size to the default value (10240) 
[1648102610.007462] [h21c28:137486:0]         mxm.c:196  MXM  WARN  The 'ulimit -s' on the system is set to 'unlimited'. This may have negative performance implications. Please set the stack size to the default value (10240) 
[1648102610.013291] [h21c28:137486:0]         mxm.c:196  MXM  WARN  The 'ulimit -s' on the system is set to 'unlimited'. This may have negative performance implications. Please set the stack size to the default value (10240) 
[1648102610.007421] [h21c28:137488:0]         mxm.c:196  MXM  WARN  The 'ulimit -s' on the system is set to 'unlimited'. This may have negative performance implications. Please set the stack size to the default value (10240) 
[1648102610.013245] [h21c28:137488:0]         mxm.c:196  MXM  WARN  The 'ulimit -s' on the system is set to 'unlimited'. This may have negative performance implications. Please set the stack size to the default value (10240) 
 State Reconcile Example 1: Component Creation
 State Reconcile Example 1: Component Creation
 State Reconcile Example 1: Component Creation
 State Reconcile Example 1: Component Creation
 GridComp Create returned, name = Atmosphere
 GridComp Create returned, name = Atmosphere
 GridComp Create returned, name = Atmosphere
 GridComp Create returned, name = Atmosphere
 GridComp Create returned, name = Ocean
 GridComp Create returned, name = Ocean
 GridComp Create returned, name = Ocean
 GridComp Create returned, name = Ocean
 State Create returned, name = Ocn2Atm
 State Example 1 finished
 State Create returned, name = Ocn2Atm
 State Example 1 finished
 State Create returned, name = Ocn2Atm
 State Example 1 finished
 State Create returned, name = Ocn2Atm
 State Example 1 finished
 ready to set entry point 1
 ready to set entry point 1
 ready to set entry point 2
 ready to call init for comp 1
 ready to set entry point 1
 ready to set entry point 2
 ready to call init for comp 1
 ready to set entry point 1
 ready to set entry point 2
 ready to call init for comp 1
 ready to set entry point 2
 ready to call init for comp 1
 ready to call init for comp 2
 i am comp2_init
 ready to call init for comp 2
 i am comp2_init
 i am comp1_init
 i am comp1_init
 State Example 2 finished
 State before calling StateReconcile()
 ready to call init for comp 2
 State Example 2 finished
 State before calling StateReconcile()
 ready to call init for comp 2
 State Example 2 finished
 State before calling StateReconcile()
 ESMF_StatePrint: (pet 2):
 State Example 2 finished
 State before calling StateReconcile()
 ESMF_StatePrint: (pet 0):
 ESMF_StatePrint: (pet 1):
  State name: Ocn2Atm
 ESMF_StatePrint: (pet 3):
  State name: Ocn2Atm
  State name: Ocn2Atm
  State name: Ocn2Atm
     status: Unspecified intent direction, object count: 0
     reconcile needed: F
     status: Unspecified intent direction, object count: 0
     reconcile needed: F
     status: Unspecified intent direction, object count: 0
     reconcile needed: F
     status: Unspecified intent direction, object count: 0
     reconcile needed: F
 Base name    = Ocn2Atm
 Base name    = Ocn2Atm
 Status: Base = Ready,  object = Ready
 Proxy        = no
 Root Info (Attributes):
 Base name    = Ocn2Atm
 Status: Base = Ready,  object = Ready
 Proxy        = no
 Root Info (Attributes):
 Status: Base = Ready,  object = Ready
 Proxy        = no
 Root Info (Attributes):
 Base name    = Ocn2Atm
 Status: Base = Ready,  object = Ready
 Proxy        = no
 Root Info (Attributes):
{} State after calling StateReconcile()
 ESMF_StatePrint: (pet 3):
  State name: Ocn2Atm
{} State after calling StateReconcile()
 ESMF_StatePrint: (pet 1):
     status: Unspecified intent direction, object count: 0
     reconcile needed: F
 Base name    = Ocn2Atm
 Status: Base = Ready,  object = Ready
 Proxy        = no
 Root Info (Attributes):
  State name: Ocn2Atm
     status: Unspecified intent direction, object count: 0
     reconcile needed: F
 Base name    = Ocn2Atm
 Status: Base = Ready,  object = Ready
 Proxy        = no
{} State Example 3 finished
 Root Info (Attributes):
{} State Example 3 finished
{} State after calling StateReconcile()
{} State after calling StateReconcile()
 ESMF_StatePrint: (pet 2):
  State name: Ocn2Atm
     status: Unspecified intent direction, object count: 0
     reconcile needed: F
 ESMF_StatePrint: (pet 0):
  State name: Ocn2Atm
     status: Unspecified intent direction, object count: 0
     reconcile needed: F
 Base name    = Ocn2Atm
 Status: Base = Ready,  object = Ready
 Proxy        = no
 Root Info (Attributes):
 Base name    = Ocn2Atm
 Status: Base = Ready,  object = Ready
 Proxy        = no
 Root Info (Attributes):
{} State Example 3 finished
{} State Example 3 finished
  PASS  Example ESMF_StateReconcileEx, ESMF_StateReconcileEx.F90, line 294
  PASS  Example ESMF_StateReconcileEx, ESMF_StateReconcileEx.F90, line 294
  PASS  Example ESMF_StateReconcileEx, ESMF_StateReconcileEx.F90, line 294
  PASS  Example ESMF_StateReconcileEx, ESMF_StateReconcileEx.F90, line 294
 PASS: ESMF_StateReconcileEx.F90
 PASS: ESMF_StateReconcileEx.F90
 PASS: ESMF_StateReconcileEx.F90
 PASS: ESMF_StateReconcileEx.F90
