build time -- 2022-03-24 05:55:03
[1648102592.915999] [h21c28:133904:0]         mxm.c:196  MXM  WARN  The 'ulimit -s' on the system is set to 'unlimited'. This may have negative performance implications. Please set the stack size to the default value (10240) 
[1648102592.920970] [h21c28:133904:0]         mxm.c:196  MXM  WARN  The 'ulimit -s' on the system is set to 'unlimited'. This may have negative performance implications. Please set the stack size to the default value (10240) 
[1648102592.915030] [h21c28:133906:0]         mxm.c:196  MXM  WARN  The 'ulimit -s' on the system is set to 'unlimited'. This may have negative performance implications. Please set the stack size to the default value (10240) 
[1648102592.919811] [h21c28:133906:0]         mxm.c:196  MXM  WARN  The 'ulimit -s' on the system is set to 'unlimited'. This may have negative performance implications. Please set the stack size to the default value (10240) 
[1648102592.923864] [h21c28:133905:0]         mxm.c:196  MXM  WARN  The 'ulimit -s' on the system is set to 'unlimited'. This may have negative performance implications. Please set the stack size to the default value (10240) 
[1648102592.928888] [h21c28:133905:0]         mxm.c:196  MXM  WARN  The 'ulimit -s' on the system is set to 'unlimited'. This may have negative performance implications. Please set the stack size to the default value (10240) 
[1648102592.923793] [h21c28:133907:0]         mxm.c:196  MXM  WARN  The 'ulimit -s' on the system is set to 'unlimited'. This may have negative performance implications. Please set the stack size to the default value (10240) 
[1648102592.928700] [h21c28:133907:0]         mxm.c:196  MXM  WARN  The 'ulimit -s' on the system is set to 'unlimited'. This may have negative performance implications. Please set the stack size to the default value (10240) 
 State Example 1: Import State
 State Example 1: Import State
 State Example 1: Import State
 State Example 1: Import State
 State Create returned, name = Atmosphere
 State Example 1 finished
 State Example 2: Export State
 State Create returned, name = Atmosphere
 State Example 1 finished
 State Example 2: Export State
 State Create returned, name = Ocean
 State Create returned, name = Atmosphere
 State Example 1 finished
 State Example 2: Export State
 State Create returned, name = Ocean
 State Create returned, name = Ocean
 FieldBundle Create returned           0
 FieldBundle Create returned           0
 FieldBundle Create returned           0
 State Create returned, name = Atmosphere
 State Example 1 finished
 State Example 2: Export State
 State Create returned, name = Ocean
 FieldBundle Create returned           0
 StateAdd returned           0
 StateAdd returned           0
 StateAdd returned           0
 State Destroy returned           0
 StateAdd returned           0
 State Destroy returned           0
 FieldBundle Destroy returned           0
 State Destroy returned           0
 FieldBundle Destroy returned           0
 State Example 2 finished
 State Example 3: Export State with Placeholder
 State Create returned           0  name = Ocean
 State Destroy returned           0
 FieldBundle Destroy returned           0
 State Example 2 finished
 State Example 3: Export State with Placeholder
 State Create returned           0  name = Ocean
 FieldBundle Destroy returned           0
 State Example 2 finished
 State Example 3: Export State with Placeholder
 State Create returned           0  name = Ocean
 State Example 2 finished
 State Example 3: Export State with Placeholder
 State Create returned           0  name = Ocean
 AttributeSet returned           0  name = Downward wind:needed
 AttributeSet returned           0  name = Humidity:needed
 State Example 3 finished
 State Example 4: Get/Set Needed flags in Export State
 AttributeSet returned           0  name = Downward wind:needed
 AttributeSet returned           0
 State Example 5: Get/Set Needed flags in Export State, continued
 AttributeSet returned           0  name = Humidity:needed
 State Example 3 finished
 State Example 4: Get/Set Needed flags in Export State
 AttributeSet returned           0
 State Example 5: Get/Set Needed flags in Export State, continued
 FieldBundle Create returned           0 name = Downward wind:needed
 StateAdd returned           0
 State Example 5 finished
 State Destroy returned           0
 FieldBundle Create returned           0 name = Downward wind:needed
 StateAdd returned           0
 State Example 5 finished
  PASS  Example ESMF_StateEx, ESMF_StateEx.F90, line 237
 State Destroy returned           0
  PASS  Example ESMF_StateEx, ESMF_StateEx.F90, line 237
 AttributeSet returned           0  name = Downward wind:needed
 AttributeSet returned           0  name = Downward wind:needed
 AttributeSet returned           0  name = Humidity:needed
 State Example 3 finished
 State Example 4: Get/Set Needed flags in Export State
 AttributeSet returned           0
 State Example 5: Get/Set Needed flags in Export State, continued
 AttributeSet returned           0  name = Humidity:needed
 State Example 3 finished
 State Example 4: Get/Set Needed flags in Export State
 AttributeSet returned           0
 State Example 5: Get/Set Needed flags in Export State, continued
 FieldBundle Create returned           0 name = Downward wind:needed
 FieldBundle Create returned           0 name = Downward wind:needed
 StateAdd returned           0
 State Example 5 finished
 State Destroy returned           0
 StateAdd returned           0
 State Example 5 finished
 State Destroy returned           0
  PASS  Example ESMF_StateEx, ESMF_StateEx.F90, line 237
  PASS  Example ESMF_StateEx, ESMF_StateEx.F90, line 237
 PASS: ESMF_StateEx.F90
 PASS: ESMF_StateEx.F90
 PASS: ESMF_StateEx.F90
 PASS: ESMF_StateEx.F90
