build time -- 2022-03-24 05:55:03
[1648102507.074552] [h21c28:110581:0]         mxm.c:196  MXM  WARN  The 'ulimit -s' on the system is set to 'unlimited'. This may have negative performance implications. Please set the stack size to the default value (10240) 
[1648102507.079767] [h21c28:110581:0]         mxm.c:196  MXM  WARN  The 'ulimit -s' on the system is set to 'unlimited'. This may have negative performance implications. Please set the stack size to the default value (10240) 
[1648102507.065431] [h21c28:110582:0]         mxm.c:196  MXM  WARN  The 'ulimit -s' on the system is set to 'unlimited'. This may have negative performance implications. Please set the stack size to the default value (10240) 
[1648102507.070183] [h21c28:110582:0]         mxm.c:196  MXM  WARN  The 'ulimit -s' on the system is set to 'unlimited'. This may have negative performance implications. Please set the stack size to the default value (10240) 
[1648102507.074493] [h21c28:110583:0]         mxm.c:196  MXM  WARN  The 'ulimit -s' on the system is set to 'unlimited'. This may have negative performance implications. Please set the stack size to the default value (10240) 
[1648102507.079805] [h21c28:110583:0]         mxm.c:196  MXM  WARN  The 'ulimit -s' on the system is set to 'unlimited'. This may have negative performance implications. Please set the stack size to the default value (10240) 
[1648102507.066781] [h21c28:110580:0]         mxm.c:196  MXM  WARN  The 'ulimit -s' on the system is set to 'unlimited'. This may have negative performance implications. Please set the stack size to the default value (10240) 
[1648102507.071705] [h21c28:110580:0]         mxm.c:196  MXM  WARN  The 'ulimit -s' on the system is set to 'unlimited'. This may have negative performance implications. Please set the stack size to the default value (10240) 
 recvData for PET            1 :            0
 recvData for PET            1 :            0
 recvData for PET            1 :            0
 recvData for PET            1 :            0
 recvData for PET            1 :            0
 recvData for PET            1 :            0
 recvData for PET            1 :            0
 recvData for PET            1 :            0
 recvData for PET            2 :            0
 recvData for PET            2 :            0
 recvData for PET            2 :            0
 recvData for PET            2 :            0
 recvData for PET            2 :            0
 recvData for PET            2 :            0
 recvData for PET            2 :            0
 recvData for PET            2 :            0
 recvData for PET            2 :            0
 recvData for PET            2 :            0
 recvData for PET            2 :            0
 recvData for PET            2 :            0
 recvData for PET            2 :            0
 recvData for PET            2 :            0
 recvData for PET            1 :            0
 recvData for PET            1 :            0
 recvData for PET            1 :            0
 recvData for PET            1 :            0
 recvData for PET            1 :            0
 recvData for PET            1 :            0
 recvData for PET            1 :            0
 recvData for PET            1 :            0
 recvData for PET            1 :            0
 recvData for PET            1 :            0
 recvData for PET            1 :            0
 recvData for PET            1 :            0
 recvData for PET            1 :            0
 recvData for PET            1 :            0
 recvData for PET            1 :            0
 recvData for PET            1 :            0
 recvData for PET            1 :            0
 recvData for PET            1 :            0
 recvData for PET            2 :            0
 recvData for PET            2 :            0
 recvData for PET            2 :            0
 recvData for PET            2 :            0
 recvData for PET            2 :            0
 recvData for PET            2 :            0
 recvData for PET            2 :            0
 recvData for PET            2 :            0
 recvData for PET            2 :            0
 recvData for PET            2 :            0
 recvData for PET            2 :            0
 recvData for PET            2 :            0
 recvData for PET            2 :            0
 recvData for PET            2 :            0
 recvData for PET            2 :            0
 recvData for PET            2 :            0
 recvData for PET            2 :            0
 recvData for PET            2 :            0
 recvData for PET            2 :            0
 recvData for PET            2 :            0
 recvData for PET            2 :            0
 recvData for PET            2 :            0
 recvData for PET            2 :            0
 recvData for PET            2 :            0
 recvData for PET            2 :            0
 recvData for PET            2 :            0
 recvData for PET            1 :            0
 recvData for PET            1 :            0
 recvData for PET            1 :            0
 recvData for PET            1 :            0
 recvData for PET            1 :            0
 recvData for PET            1 :            0
 recvData for PET            1 :            0
 recvData for PET            1 :            0
 recvData for PET            1 :            0
 recvData for PET            1 :            0
 recvData for PET            1 :            0
 recvData for PET            1 :            0
 recvData for PET            1 :            0
 recvData for PET            1 :            0
  PASS  Example ESMF_VMHigherRankDataEx, ESMF_VMHigherRankDataEx.F90, line 140
  PASS  Example ESMF_VMHigherRankDataEx, ESMF_VMHigherRankDataEx.F90, line 140
 recvData for PET            0 :            0
 recvData for PET            0 :            0
 recvData for PET            0 :            0
 recvData for PET            3 :            1
 recvData for PET            3 :            2
 recvData for PET            3 :            3
 recvData for PET            3 :            4
 recvData for PET            3 :            5
 recvData for PET            0 :            0
 recvData for PET            0 :            0
 recvData for PET            0 :            0
 recvData for PET            0 :            0
 recvData for PET            0 :            0
 recvData for PET            0 :            0
 recvData for PET            0 :            0
 recvData for PET            0 :            0
 recvData for PET            0 :            0
 recvData for PET            0 :            0
 recvData for PET            0 :            0
 recvData for PET            0 :            0
 recvData for PET            0 :            0
 recvData for PET            0 :            0
 recvData for PET            3 :            6
 recvData for PET            3 :            7
 recvData for PET            3 :            8
 recvData for PET            3 :            9
 recvData for PET            3 :           10
 recvData for PET            3 :            0
 recvData for PET            3 :            0
 recvData for PET            3 :            0
 recvData for PET            3 :            0
 recvData for PET            3 :            0
 recvData for PET            3 :            0
 recvData for PET            0 :            0
 recvData for PET            0 :            0
 recvData for PET            0 :            0
 recvData for PET            0 :            0
 recvData for PET            0 :            0
 recvData for PET            0 :            0
 recvData for PET            0 :            0
 recvData for PET            0 :            0
 recvData for PET            0 :            0
 recvData for PET            0 :            0
 recvData for PET            0 :            0
 recvData for PET            0 :            0
 recvData for PET            0 :            0
 recvData for PET            0 :            0
 recvData for PET            0 :            0
 recvData for PET            0 :            0
 recvData for PET            0 :            0
 recvData for PET            0 :            0
 recvData for PET            0 :            0
 recvData for PET            0 :            0
 recvData for PET            0 :            0
 recvData for PET            0 :            0
 recvData for PET            0 :            0
 recvData for PET            3 :            0
 recvData for PET            3 :            0
 recvData for PET            3 :            0
 recvData for PET            3 :            0
 recvData for PET            3 :            0
 recvData for PET            3 :            0
 recvData for PET            3 :            0
 recvData for PET            3 :            0
 recvData for PET            3 :            0
 recvData for PET            3 :            0
 recvData for PET            3 :            0
 recvData for PET            3 :            0
 recvData for PET            3 :            0
 recvData for PET            3 :            0
 recvData for PET            3 :            0
 recvData for PET            3 :            0
 recvData for PET            3 :            0
 recvData for PET            3 :            0
 recvData for PET            3 :            0
 recvData for PET            3 :            0
 recvData for PET            3 :            0
 recvData for PET            3 :            0
  PASS  Example ESMF_VMHigherRankDataEx, ESMF_VMHigherRankDataEx.F90, line 140
 recvData for PET            3 :            0
 recvData for PET            3 :            0
  PASS  Example ESMF_VMHigherRankDataEx, ESMF_VMHigherRankDataEx.F90, line 140
 PASS: ESMF_VMHigherRankDataEx.F90
 PASS: ESMF_VMHigherRankDataEx.F90
 PASS: ESMF_VMHigherRankDataEx.F90
 PASS: ESMF_VMHigherRankDataEx.F90
