build time -- 2022-03-16 16:14:07.375476
20220316 170358.689 INFO             PET0 !!!!!!!!!!!!!!!!!!!!!!!!!!!!!!!!!!!!!!!!!!!!!!!!!!!!!!
20220316 170358.689 INFO             PET0 !!! THE ESMF_LOG IS SET TO OUTPUT ALL LOG MESSAGES !!!
20220316 170358.689 INFO             PET0 !!!     THIS MAY CAUSE SLOWDOWN IN PERFORMANCE     !!!
20220316 170358.689 INFO             PET0 !!! FOR PRODUCTION RUNS, USE:                      !!!
20220316 170358.689 INFO             PET0 !!!                   ESMF_LOGKIND_Multi_On_Error  !!!
20220316 170358.689 INFO             PET0 !!!!!!!!!!!!!!!!!!!!!!!!!!!!!!!!!!!!!!!!!!!!!!!!!!!!!!
20220316 170358.689 INFO             PET0 Running with ESMF Version   : v8.3.0b09-100-g5ff85a963f
20220316 170358.689 INFO             PET0 ESMF library build date/time: "Mar 16 2022" "16:09:16"
20220316 170358.689 INFO             PET0 ESMF library build location : /glade/scratch/rlong/esmf-testing/intel_18.0.5_mpiuni_O_jedwards_pio_update2
20220316 170358.689 INFO             PET0 ESMF_COMM                   : mpiuni
20220316 170358.689 INFO             PET0 ESMF_MOAB                   : enabled
20220316 170358.689 INFO             PET0 ESMF_LAPACK                 : enabled
20220316 170358.689 INFO             PET0 ESMF_NETCDF                 : enabled
20220316 170358.689 INFO             PET0 ESMF_PNETCDF                : disabled
20220316 170358.689 INFO             PET0 ESMF_PIO                    : disabled
20220316 170358.689 INFO             PET0 ESMF_YAMLCPP                : enabled
20220316 170358.692 INFO             PET0 ESMF_FieldRedistStoreNF(): Just entered routine.
20220316 170358.792 INFO             PET0 ESMF_FieldRedistStoreNF(): Leaving routine.
20220316 170358.800 INFO             PET0  NUMBER_OF_PROCESSORS           1
20220316 170358.800 INFO             PET0  PASS  Example ESMF_RHandleFromFileEx, ESMF_RHandleFromFileEx.F90, line 192
20220316 170358.800 INFO             PET0 Finalizing ESMF
