build time -- 2022-03-22 04:02:15
MPI startup(): Warning: I_MPI_PMI_LIBRARY will be ignored since the hydra process manager was found
MPI startup(): Warning: I_MPI_PMI_LIBRARY will be ignored since the hydra process manager was found
MPI startup(): Warning: I_MPI_PMI_LIBRARY will be ignored since the hydra process manager was found
MPI startup(): Warning: I_MPI_PMI_LIBRARY will be ignored since the hydra process manager was found
 NUOPC Basic Model template run
 NUOPC Basic Model template run
 NUOPC Basic Model template run
 NUOPC Basic Model template run
------>Advancing MODEL from:    0  1  1  0  0  0   0
------>Advancing MODEL from:    0  1  1  0  0  0   0
--------------------------------> to:    0  1  1  0  0 30   0
------>Advancing MODEL from:    0  1  1  0  0  0   0
--------------------------------> to:    0  1  1  0  0 30   0
------>Advancing MODEL from:    0  1  1  0  0  0   0
--------------------------------> to:    0  1  1  0  0 30   0
--------------------------------> to:    0  1  1  0  0 30   0
------>Advancing MODEL from:    0  1  1  0  0 30   0
------>Advancing MODEL from:    0  1  1  0  0 30   0
--------------------------------> to:    0  1  1  0  1  0   0
------>Advancing MODEL from:    0  1  1  0  0 30   0
--------------------------------> to:    0  1  1  0  1  0   0
--------------------------------> to:    0  1  1  0  1  0   0
------>Advancing MODEL from:    0  1  1  0  0 30   0
--------------------------------> to:    0  1  1  0  1  0   0
------>Advancing MODEL from:    0  1  1  0  1  0   0
------>Advancing MODEL from:    0  1  1  0  1  0   0
--------------------------------> to:    0  1  1  0  1 30   0
------>Advancing MODEL from:    0  1  1  0  1  0   0
--------------------------------> to:    0  1  1  0  1 30   0
--------------------------------> to:    0  1  1  0  1 30   0
------>Advancing MODEL from:    0  1  1  0  1  0   0
--------------------------------> to:    0  1  1  0  1 30   0
------>Advancing MODEL from:    0  1  1  0  1 30   0
------>Advancing MODEL from:    0  1  1  0  1 30   0
--------------------------------> to:    0  1  1  0  2  0   0
--------------------------------> to:    0  1  1  0  2  0   0
------>Advancing MODEL from:    0  1  1  0  1 30   0
--------------------------------> to:    0  1  1  0  2  0   0
------>Advancing MODEL from:    0  1  1  0  1 30   0
--------------------------------> to:    0  1  1  0  2  0   0
------>Advancing MODEL from:    0  1  1  0  2  0   0
------>Advancing MODEL from:    0  1  1  0  2  0   0
--------------------------------> to:    0  1  1  0  2 30   0
--------------------------------> to:    0  1  1  0  2 30   0
------>Advancing MODEL from:    0  1  1  0  2  0   0
--------------------------------> to:    0  1  1  0  2 30   0
------>Advancing MODEL from:    0  1  1  0  2  0   0
--------------------------------> to:    0  1  1  0  2 30   0
  PASS  Example ESMF_NUOPCBasicModelEx, ESMF_NUOPCBasicModelEx.F90, line 339
  PASS  Example ESMF_NUOPCBasicModelEx, ESMF_NUOPCBasicModelEx.F90, line 339
  PASS  Example ESMF_NUOPCBasicModelEx, ESMF_NUOPCBasicModelEx.F90, line 339
  PASS  Example ESMF_NUOPCBasicModelEx, ESMF_NUOPCBasicModelEx.F90, line 339
 PASS: ESMF_NUOPCBasicModelEx.F90
 PASS: ESMF_NUOPCBasicModelEx.F90
 PASS: ESMF_NUOPCBasicModelEx.F90
 PASS: ESMF_NUOPCBasicModelEx.F90
