build time -- 2022-03-26 02:10:34.368544
20220326 030859.230 INFO             PET0 !!!!!!!!!!!!!!!!!!!!!!!!!!!!!!!!!!!!!!!!!!!!!!!!!!!!!!
20220326 030859.230 INFO             PET0 !!! THE ESMF_LOG IS SET TO OUTPUT ALL LOG MESSAGES !!!
20220326 030859.230 INFO             PET0 !!!     THIS MAY CAUSE SLOWDOWN IN PERFORMANCE     !!!
20220326 030859.230 INFO             PET0 !!! FOR PRODUCTION RUNS, USE:                      !!!
20220326 030859.230 INFO             PET0 !!!                   ESMF_LOGKIND_Multi_On_Error  !!!
20220326 030859.230 INFO             PET0 !!!!!!!!!!!!!!!!!!!!!!!!!!!!!!!!!!!!!!!!!!!!!!!!!!!!!!
20220326 030859.230 INFO             PET0 Running with ESMF Version   : v8.3.0b10-105-ga5295e34ae
20220326 030859.230 INFO             PET0 ESMF library build date/time: "Mar 26 2022" "02:09:12"
20220326 030859.230 INFO             PET0 ESMF library build location : /gpfsm/dnb04/projects/p98/mpotts/esmf/gfortran_8.3.0_mpiuni_g_develop
20220326 030859.230 INFO             PET0 ESMF_COMM                   : mpiuni
20220326 030859.230 INFO             PET0 ESMF_MOAB                   : enabled
20220326 030859.230 INFO             PET0 ESMF_LAPACK                 : enabled
20220326 030859.230 INFO             PET0 ESMF_NETCDF                 : disabled
20220326 030859.230 INFO             PET0 ESMF_PNETCDF                : disabled
20220326 030859.230 INFO             PET0 ESMF_PIO                    : disabled
20220326 030859.230 INFO             PET0 ESMF_YAMLCPP                : enabled
20220326 030859.254 INFO             PET0  NUMBER_OF_PROCESSORS           1
20220326 030859.254 INFO             PET0  PASS  Example ESMF_StateEx, ESMF_StateEx.F90, line 237
20220326 030859.254 INFO             PET0 Finalizing ESMF
