build time -- 2022-03-15 01:17:13.736835
20220315 014107.327 INFO             PET0 !!!!!!!!!!!!!!!!!!!!!!!!!!!!!!!!!!!!!!!!!!!!!!!!!!!!!!
20220315 014107.327 INFO             PET0 !!! THE ESMF_LOG IS SET TO OUTPUT ALL LOG MESSAGES !!!
20220315 014107.327 INFO             PET0 !!!     THIS MAY CAUSE SLOWDOWN IN PERFORMANCE     !!!
20220315 014107.327 INFO             PET0 !!! FOR PRODUCTION RUNS, USE:                      !!!
20220315 014107.327 INFO             PET0 !!!                   ESMF_LOGKIND_Multi_On_Error  !!!
20220315 014107.327 INFO             PET0 !!!!!!!!!!!!!!!!!!!!!!!!!!!!!!!!!!!!!!!!!!!!!!!!!!!!!!
20220315 014107.327 INFO             PET0 Running with ESMF Version   : v8.3.0b09-2-g2a2241bd36
20220315 014107.341 INFO             PET0 ESMF library build date/time: "Mar 15 2022" "01:15:55"
20220315 014107.341 INFO             PET0 ESMF library build location : /gpfsm/dnb04/projects/p98/mpotts/esmf/gfortran_8.3.0_mpiuni_g_develop
20220315 014107.341 INFO             PET0 ESMF_COMM                   : mpiuni
20220315 014107.343 INFO             PET0 ESMF_MOAB                   : enabled
20220315 014107.343 INFO             PET0 ESMF_LAPACK                 : enabled
20220315 014107.343 INFO             PET0 ESMF_NETCDF                 : disabled
20220315 014107.343 INFO             PET0 ESMF_PNETCDF                : disabled
20220315 014107.343 INFO             PET0 ESMF_PIO                    : disabled
20220315 014107.343 INFO             PET0 ESMF_YAMLCPP                : enabled
20220315 014107.353 INFO             PET0 Log Write 2
20220315 014107.366 ERROR            PET0 Invalid object  - Convergence failure
20220315 014107.391 ERROR            PET0 ESMCI_Fraction.C:1444 ESMCI::Fraction::validate() must have non-zero denominator.
20220315 014107.391 ERROR            PET0 ESMCI_Time.C:838 ESMCI::Time::syncToRealTime() Wrong argument specified  - ; calkindflag is JULIANDAY, MODJULIANDAY or NOCALENDAR.
20220315 014107.402 ERROR            PET0 ESMF_Time.F90:1485 ESMF_TimeSyncToRealTime() Wrong argument specified  - Internal subroutine call returned Error
20220315 014107.402 ERROR            PET0 Wrong argument specified  - getting wall clock time
20220315 014107.410 INFO             PET0  NUMBER_OF_PROCESSORS           1
20220315 014107.410 INFO             PET0  PASS  Example ESMF_LogErrEx, ESMF_LogErrEx.F90, line 186
20220315 014107.410 INFO             PET0 Finalizing ESMF
