build time -- 2022-03-23 01:34:34.014771
20220323 020102.731 INFO             PET0 !!!!!!!!!!!!!!!!!!!!!!!!!!!!!!!!!!!!!!!!!!!!!!!!!!!!!!
20220323 020102.731 INFO             PET0 !!! THE ESMF_LOG IS SET TO OUTPUT ALL LOG MESSAGES !!!
20220323 020102.731 INFO             PET0 !!!     THIS MAY CAUSE SLOWDOWN IN PERFORMANCE     !!!
20220323 020102.731 INFO             PET0 !!! FOR PRODUCTION RUNS, USE:                      !!!
20220323 020102.731 INFO             PET0 !!!                   ESMF_LOGKIND_Multi_On_Error  !!!
20220323 020102.731 INFO             PET0 !!!!!!!!!!!!!!!!!!!!!!!!!!!!!!!!!!!!!!!!!!!!!!!!!!!!!!
20220323 020102.731 INFO             PET0 Running with ESMF Version   : v8.3.0b09-6-gdac1bc5728
20220323 020102.731 INFO             PET0 ESMF library build date/time: "Mar 23 2022" "01:28:56"
20220323 020102.731 INFO             PET0 ESMF library build location : /gpfsm/dnb04/projects/p98/mpotts/esmf/gfortran_8.3.0_mpiuni_g_develop
20220323 020102.731 INFO             PET0 ESMF_COMM                   : mpiuni
20220323 020102.731 INFO             PET0 ESMF_MOAB                   : enabled
20220323 020102.731 INFO             PET0 ESMF_LAPACK                 : enabled
20220323 020102.731 INFO             PET0 ESMF_NETCDF                 : disabled
20220323 020102.731 INFO             PET0 ESMF_PNETCDF                : disabled
20220323 020102.731 INFO             PET0 ESMF_PIO                    : disabled
20220323 020102.731 INFO             PET0 ESMF_YAMLCPP                : enabled
20220323 020102.731 INFO             PET0  NUMBER_OF_PROCESSORS           1
20220323 020102.731 INFO             PET0  PASS  Example ESMF_VMGetMPICommunicatorEx, ESMF_VMGetMPICommunicatorEx.F90, line 95
20220323 020102.731 INFO             PET0 Finalizing ESMF
