build time -- 2022-03-16 16:17:53.242802
20220316 172044.098 INFO             PET0 !!!!!!!!!!!!!!!!!!!!!!!!!!!!!!!!!!!!!!!!!!!!!!!!!!!!!!
20220316 172044.098 INFO             PET0 !!! THE ESMF_LOG IS SET TO OUTPUT ALL LOG MESSAGES !!!
20220316 172044.098 INFO             PET0 !!!     THIS MAY CAUSE SLOWDOWN IN PERFORMANCE     !!!
20220316 172044.098 INFO             PET0 !!! FOR PRODUCTION RUNS, USE:                      !!!
20220316 172044.098 INFO             PET0 !!!                   ESMF_LOGKIND_Multi_On_Error  !!!
20220316 172044.098 INFO             PET0 !!!!!!!!!!!!!!!!!!!!!!!!!!!!!!!!!!!!!!!!!!!!!!!!!!!!!!
20220316 172044.098 INFO             PET0 Running with ESMF Version   : v8.3.0b09-3-ge20ebbf11d
20220316 172044.098 INFO             PET0 ESMF library build date/time: "Mar 16 2022" "16:11:27"
20220316 172044.098 INFO             PET0 ESMF library build location : /glade/scratch/rlong/esmf-testing/intel_18.0.5_openmpi_g_develop
20220316 172044.098 INFO             PET0 ESMF_COMM                   : openmpi
20220316 172044.098 INFO             PET0 ESMF_MOAB                   : enabled
20220316 172044.098 INFO             PET0 ESMF_LAPACK                 : enabled
20220316 172044.098 INFO             PET0 ESMF_NETCDF                 : enabled
20220316 172044.098 INFO             PET0 ESMF_PNETCDF                : disabled
20220316 172044.098 INFO             PET0 ESMF_PIO                    : enabled
20220316 172044.098 INFO             PET0 ESMF_YAMLCPP                : enabled
20220316 172044.099 INFO             PET0  NUMBER_OF_PROCESSORS           1
20220316 172044.099 INFO             PET0  PASS  Example ESMF_TimeIntervalEx, ESMF_TimeIntervalEx.F90, line 176
20220316 172044.099 INFO             PET0 Finalizing ESMF
