build time -- 2022-03-15 01:20:22.043588
20220315 014539.330 INFO             PET0 !!!!!!!!!!!!!!!!!!!!!!!!!!!!!!!!!!!!!!!!!!!!!!!!!!!!!!
20220315 014539.330 INFO             PET0 !!! THE ESMF_LOG IS SET TO OUTPUT ALL LOG MESSAGES !!!
20220315 014539.330 INFO             PET0 !!!     THIS MAY CAUSE SLOWDOWN IN PERFORMANCE     !!!
20220315 014539.330 INFO             PET0 !!! FOR PRODUCTION RUNS, USE:                      !!!
20220315 014539.330 INFO             PET0 !!!                   ESMF_LOGKIND_Multi_On_Error  !!!
20220315 014539.330 INFO             PET0 !!!!!!!!!!!!!!!!!!!!!!!!!!!!!!!!!!!!!!!!!!!!!!!!!!!!!!
20220315 014539.330 INFO             PET0 Running with ESMF Version   : v8.3.0b09-2-g2a2241bd36
20220315 014539.330 INFO             PET0 ESMF library build date/time: "Mar 15 2022" "01:18:47"
20220315 014539.330 INFO             PET0 ESMF library build location : /gpfsm/dnb04/projects/p98/mpotts/esmf/gfortran_10.1.0_intelmpi_g_develop
20220315 014539.330 INFO             PET0 ESMF_COMM                   : intelmpi
20220315 014539.330 INFO             PET0 ESMF_MOAB                   : enabled
20220315 014539.330 INFO             PET0 ESMF_LAPACK                 : enabled
20220315 014539.330 INFO             PET0 ESMF_NETCDF                 : disabled
20220315 014539.330 INFO             PET0 ESMF_PNETCDF                : disabled
20220315 014539.330 INFO             PET0 ESMF_PIO                    : enabled
20220315 014539.330 INFO             PET0 ESMF_YAMLCPP                : enabled
20220315 014539.330 INFO             PET0  NUMBER_OF_PROCESSORS           2
20220315 014539.330 INFO             PET0  PASS  Example ESMF_VMUserMpiCommEx, ESMF_VMUserMpiCommEx.F90, line 113
20220315 014539.330 INFO             PET0 Finalizing ESMF
20220315 014539.330 INFO             PET1 !!!!!!!!!!!!!!!!!!!!!!!!!!!!!!!!!!!!!!!!!!!!!!!!!!!!!!
20220315 014539.330 INFO             PET1 !!! THE ESMF_LOG IS SET TO OUTPUT ALL LOG MESSAGES !!!
20220315 014539.330 INFO             PET1 !!!     THIS MAY CAUSE SLOWDOWN IN PERFORMANCE     !!!
20220315 014539.330 INFO             PET1 !!! FOR PRODUCTION RUNS, USE:                      !!!
20220315 014539.330 INFO             PET1 !!!                   ESMF_LOGKIND_Multi_On_Error  !!!
20220315 014539.330 INFO             PET1 !!!!!!!!!!!!!!!!!!!!!!!!!!!!!!!!!!!!!!!!!!!!!!!!!!!!!!
20220315 014539.330 INFO             PET1 Running with ESMF Version   : v8.3.0b09-2-g2a2241bd36
20220315 014539.330 INFO             PET1 ESMF library build date/time: "Mar 15 2022" "01:18:47"
20220315 014539.330 INFO             PET1 ESMF library build location : /gpfsm/dnb04/projects/p98/mpotts/esmf/gfortran_10.1.0_intelmpi_g_develop
20220315 014539.330 INFO             PET1 ESMF_COMM                   : intelmpi
20220315 014539.330 INFO             PET1 ESMF_MOAB                   : enabled
20220315 014539.330 INFO             PET1 ESMF_LAPACK                 : enabled
20220315 014539.330 INFO             PET1 ESMF_NETCDF                 : disabled
20220315 014539.330 INFO             PET1 ESMF_PNETCDF                : disabled
20220315 014539.330 INFO             PET1 ESMF_PIO                    : enabled
20220315 014539.330 INFO             PET1 ESMF_YAMLCPP                : enabled
20220315 014539.330 INFO             PET1  NUMBER_OF_PROCESSORS           2
20220315 014539.330 INFO             PET1  PASS  Example ESMF_VMUserMpiCommEx, ESMF_VMUserMpiCommEx.F90, line 113
20220315 014539.331 INFO             PET1 Finalizing ESMF
