Sat Mar 26 04:24:12 EDT 2022
 
Installing ESMF:
 
mkdir -p /gpfsm/dnb04/projects/p98/mpotts/esmf/pgi_20.4_mpiuni_O_develop/DEFAULTINSTALLDIR/include
cp -f /gpfsm/dnb04/projects/p98/mpotts/esmf/pgi_20.4_mpiuni_O_develop/src/include/ESMC.h /gpfsm/dnb04/projects/p98/mpotts/esmf/pgi_20.4_mpiuni_O_develop/DEFAULTINSTALLDIR/include
cp -f /gpfsm/dnb04/projects/p98/mpotts/esmf/pgi_20.4_mpiuni_O_develop/src/include/ESMC_*.h /gpfsm/dnb04/projects/p98/mpotts/esmf/pgi_20.4_mpiuni_O_develop/DEFAULTINSTALLDIR/include
cp -f /gpfsm/dnb04/projects/p98/mpotts/esmf/pgi_20.4_mpiuni_O_develop/build_config/Linux.pgi.default/ESMC_Conf.h /gpfsm/dnb04/projects/p98/mpotts/esmf/pgi_20.4_mpiuni_O_develop/DEFAULTINSTALLDIR/include
mkdir -p /gpfsm/dnb04/projects/p98/mpotts/esmf/pgi_20.4_mpiuni_O_develop/DEFAULTINSTALLDIR/mod/modO/Linux.pgi.64.mpiuni.default
cp -f /gpfsm/dnb04/projects/p98/mpotts/esmf/pgi_20.4_mpiuni_O_develop/mod/modO/Linux.pgi.64.mpiuni.default/*.mod /gpfsm/dnb04/projects/p98/mpotts/esmf/pgi_20.4_mpiuni_O_develop/DEFAULTINSTALLDIR/mod/modO/Linux.pgi.64.mpiuni.default
mkdir -p /gpfsm/dnb04/projects/p98/mpotts/esmf/pgi_20.4_mpiuni_O_develop/DEFAULTINSTALLDIR/lib/libO/Linux.pgi.64.mpiuni.default
cp -f /gpfsm/dnb04/projects/p98/mpotts/esmf/pgi_20.4_mpiuni_O_develop/lib/libO/Linux.pgi.64.mpiuni.default/libesmf*.* /gpfsm/dnb04/projects/p98/mpotts/esmf/pgi_20.4_mpiuni_O_develop/DEFAULTINSTALLDIR/lib/libO/Linux.pgi.64.mpiuni.default
make ESMF_PRELOADDIR=/gpfsm/dnb04/projects/p98/mpotts/esmf/pgi_20.4_mpiuni_O_develop/DEFAULTINSTALLDIR/lib/libO/Linux.pgi.64.mpiuni.default build_preload_script
make[1]: Entering directory '/gpfsm/dnb04/projects/p98/mpotts/esmf/pgi_20.4_mpiuni_O_develop'
chmod 755 /gpfsm/dnb04/projects/p98/mpotts/esmf/pgi_20.4_mpiuni_O_develop/DEFAULTINSTALLDIR/lib/libO/Linux.pgi.64.mpiuni.default/preload.sh
make[1]: Leaving directory '/gpfsm/dnb04/projects/p98/mpotts/esmf/pgi_20.4_mpiuni_O_develop'
ranlib /gpfsm/dnb04/projects/p98/mpotts/esmf/pgi_20.4_mpiuni_O_develop/DEFAULTINSTALLDIR/lib/libO/Linux.pgi.64.mpiuni.default/libesmf*.a
make install_apps
make[1]: Entering directory '/gpfsm/dnb04/projects/p98/mpotts/esmf/pgi_20.4_mpiuni_O_develop'
mkdir -p /gpfsm/dnb04/projects/p98/mpotts/esmf/pgi_20.4_mpiuni_O_develop/DEFAULTINSTALLDIR/bin/binO/Linux.pgi.64.mpiuni.default
make build_apps ESMF_APPSDIR=/gpfsm/dnb04/projects/p98/mpotts/esmf/pgi_20.4_mpiuni_O_develop/DEFAULTINSTALLDIR/bin/binO/Linux.pgi.64.mpiuni.default ESMF_LDIR=/gpfsm/dnb04/projects/p98/mpotts/esmf/pgi_20.4_mpiuni_O_develop/DEFAULTINSTALLDIR/lib/libO/Linux.pgi.64.mpiuni.default ESMF_LIBDIR=/gpfsm/dnb04/projects/p98/mpotts/esmf/pgi_20.4_mpiuni_O_develop/DEFAULTINSTALLDIR/lib/libO/Linux.pgi.64.mpiuni.default ESMF_MODDIR=/gpfsm/dnb04/projects/p98/mpotts/esmf/pgi_20.4_mpiuni_O_develop/DEFAULTINSTALLDIR/mod/modO/Linux.pgi.64.mpiuni.default
make[2]: Entering directory '/gpfsm/dnb04/projects/p98/mpotts/esmf/pgi_20.4_mpiuni_O_develop'
cd /gpfsm/dnb04/projects/p98/mpotts/esmf/pgi_20.4_mpiuni_O_develop/src/apps; make ACTION=tree_build_apps tree
make[3]: Entering directory '/gpfsm/dnb04/projects/p98/mpotts/esmf/pgi_20.4_mpiuni_O_develop/src/apps'
tree_build_apps in: /gpfsm/dnb04/projects/p98/mpotts/esmf/pgi_20.4_mpiuni_O_develop/src/apps/ESMF_PrintInfo
make[4]: Entering directory '/gpfsm/dnb04/projects/p98/mpotts/esmf/pgi_20.4_mpiuni_O_develop/src/apps/ESMF_PrintInfo'
make chkdir_locobj
make[5]: Entering directory '/gpfsm/dnb04/projects/p98/mpotts/esmf/pgi_20.4_mpiuni_O_develop/src/apps/ESMF_PrintInfo'
Making directory /gpfsm/dnb04/projects/p98/mpotts/esmf/pgi_20.4_mpiuni_O_develop/obj/objO/Linux.pgi.64.mpiuni.default/src/apps/ESMF_PrintInfo for apps output
make[5]: Leaving directory '/gpfsm/dnb04/projects/p98/mpotts/esmf/pgi_20.4_mpiuni_O_develop/src/apps/ESMF_PrintInfo'
pgf90 -c -O -fpic -Mallocatable=03 -lpthread -I/gpfsm/dnb04/projects/p98/mpotts/esmf/pgi_20.4_mpiuni_O_develop/src/apps/ESMF_PrintInfo -I/gpfsm/dnb04/projects/p98/mpotts/esmf/pgi_20.4_mpiuni_O_develop/build_config/Linux.pgi.default -I/gpfsm/dnb04/projects/p98/mpotts/esmf/pgi_20.4_mpiuni_O_develop/src/Infrastructure -I/gpfsm/dnb04/projects/p98/mpotts/esmf/pgi_20.4_mpiuni_O_develop/src/Superstructure -I/gpfsm/dnb04/projects/p98/mpotts/esmf/pgi_20.4_mpiuni_O_develop/DEFAULTINSTALLDIR/mod/modO/Linux.pgi.64.mpiuni.default -I/gpfsm/dnb04/projects/p98/mpotts/esmf/pgi_20.4_mpiuni_O_develop/src/include   -DESMF_NO_INTEGER_1_BYTE -DESMF_NO_INTEGER_2_BYTE -DESMF_VERSION_STRING_GIT='"v8.3.0b10-105-ga5295e34ae"' -DESMF_MOAB=1 -DESMF_LAPACK=1 -DESMF_LAPACK_INTERNAL=1 -DESMF_NO_ACC_SOFTWARE_STACK=1 -DESMF_YAMLCPP=1 -DESMF_YAML=1 -DESMF_NO_OPENMP -DESMF_NO_OPENACC -DESMF_TESTEXHAUSTIVE -DESMF_BOPT_O -DESMF_TESTCOMPTUNNEL -DESMF_TESTWITHTHREADS -DSx86_64_small=1 -DESMF_OS_Linux=1 -DESMF_COMM=mpiuni -DESMF_DIR=/gpfsm/dnb04/projects/p98/mpotts/esmf/pgi_20.4_mpiuni_O_develop -DESMF_MPIUNI -DESMF_PGIVERSION_MAJOR=20 -DESMF_PGIVERSION_MINOR=4 -DESMF_PGIVERSION_PATCH=0 -DESMF_NO_F2018ASSUMEDTYPE ESMF_PrintInfo.F90 -o /gpfsm/dnb04/projects/p98/mpotts/esmf/pgi_20.4_mpiuni_O_develop/obj/objO/Linux.pgi.64.mpiuni.default/src/apps/ESMF_PrintInfo/ESMF_PrintInfo.o
make chkdir_apps
make[5]: Entering directory '/gpfsm/dnb04/projects/p98/mpotts/esmf/pgi_20.4_mpiuni_O_develop/src/apps/ESMF_PrintInfo'
make[5]: Leaving directory '/gpfsm/dnb04/projects/p98/mpotts/esmf/pgi_20.4_mpiuni_O_develop/src/apps/ESMF_PrintInfo'
pgf90    -lpthread -Wl,--no-as-needed -L/gpfsm/dnb04/projects/p98/mpotts/esmf/pgi_20.4_mpiuni_O_develop/DEFAULTINSTALLDIR/lib/libO/Linux.pgi.64.mpiuni.default  -L/gpfsm/dulocal/sles12/pgi/linux86-64-llvm/20.4/libso -Wl,-rpath,/gpfsm/dnb04/projects/p98/mpotts/esmf/pgi_20.4_mpiuni_O_develop/DEFAULTINSTALLDIR/lib/libO/Linux.pgi.64.mpiuni.default  -Wl,-rpath,/gpfsm/dulocal/sles12/pgi/linux86-64-llvm/20.4/libso -o /gpfsm/dnb04/projects/p98/mpotts/esmf/pgi_20.4_mpiuni_O_develop/DEFAULTINSTALLDIR/bin/binO/Linux.pgi.64.mpiuni.default/ESMF_PrintInfo /gpfsm/dnb04/projects/p98/mpotts/esmf/pgi_20.4_mpiuni_O_develop/obj/objO/Linux.pgi.64.mpiuni.default/src/apps/ESMF_PrintInfo/ESMF_PrintInfo.o -lesmf  -pgc++libs -ldl
make[4]: Leaving directory '/gpfsm/dnb04/projects/p98/mpotts/esmf/pgi_20.4_mpiuni_O_develop/src/apps/ESMF_PrintInfo'
tree_build_apps in: /gpfsm/dnb04/projects/p98/mpotts/esmf/pgi_20.4_mpiuni_O_develop/src/apps/ESMF_PrintInfoC
make[4]: Entering directory '/gpfsm/dnb04/projects/p98/mpotts/esmf/pgi_20.4_mpiuni_O_develop/src/apps/ESMF_PrintInfoC'
make chkdir_locobj
make[5]: Entering directory '/gpfsm/dnb04/projects/p98/mpotts/esmf/pgi_20.4_mpiuni_O_develop/src/apps/ESMF_PrintInfoC'
Making directory /gpfsm/dnb04/projects/p98/mpotts/esmf/pgi_20.4_mpiuni_O_develop/obj/objO/Linux.pgi.64.mpiuni.default/src/apps/ESMF_PrintInfoC for apps output
make[5]: Leaving directory '/gpfsm/dnb04/projects/p98/mpotts/esmf/pgi_20.4_mpiuni_O_develop/src/apps/ESMF_PrintInfoC'
pgc++ -c -std=c++11 -O -DNDEBUG -fpic -lpthread -I/gpfsm/dnb04/projects/p98/mpotts/esmf/pgi_20.4_mpiuni_O_develop/src/apps/ESMF_PrintInfoC -I/gpfsm/dnb04/projects/p98/mpotts/esmf/pgi_20.4_mpiuni_O_develop/src/apps/ESMF_PrintInfoC/../include -I/gpfsm/dnb04/projects/p98/mpotts/esmf/pgi_20.4_mpiuni_O_develop/build_config/Linux.pgi.default -I/gpfsm/dnb04/projects/p98/mpotts/esmf/pgi_20.4_mpiuni_O_develop/src/Infrastructure -I/gpfsm/dnb04/projects/p98/mpotts/esmf/pgi_20.4_mpiuni_O_develop/src/Superstructure -I/gpfsm/dnb04/projects/p98/mpotts/esmf/pgi_20.4_mpiuni_O_develop/src/Infrastructure/stubs/pthread  -I/gpfsm/dnb04/projects/p98/mpotts/esmf/pgi_20.4_mpiuni_O_develop/src/include   -I/gpfsm/dnb04/projects/p98/mpotts/esmf/pgi_20.4_mpiuni_O_develop/src/Infrastructure/stubs/mpiuni -I/gpfsm/dnb04/projects/p98/mpotts/esmf/pgi_20.4_mpiuni_O_develop/src/prologue/yaml-cpp/include -DESMF_NO_INTEGER_1_BYTE -DESMF_NO_INTEGER_2_BYTE -DESMF_VERSION_STRING_GIT='"v8.3.0b10-105-ga5295e34ae"' -DESMF_MOAB=1 -DESMF_LAPACK=1 -DESMF_LAPACK_INTERNAL=1 -DESMF_NO_ACC_SOFTWARE_STACK=1 -DESMF_YAMLCPP=1 -DESMF_YAML=1 -DESMF_NO_OPENMP -DESMF_NO_OPENACC -DESMF_TESTEXHAUSTIVE -DESMF_BOPT_O -DESMF_TESTCOMPTUNNEL -DESMF_TESTWITHTHREADS -DSx86_64_small=1 -DESMF_OS_Linux=1 -DESMF_COMM=mpiuni -DESMF_DIR=/gpfsm/dnb04/projects/p98/mpotts/esmf/pgi_20.4_mpiuni_O_develop -D__SDIR__='"src/apps/ESMF_PrintInfoC"' -DESMF_CXXSTD=11 -DESMF_MPIUNI -DESMF_PGIVERSION_MAJOR=20 -DESMF_PGIVERSION_MINOR=4 -DESMF_PGIVERSION_PATCH=0 -DESMF_NO_F2018ASSUMEDTYPE ESMF_PrintInfoC.c -o /gpfsm/dnb04/projects/p98/mpotts/esmf/pgi_20.4_mpiuni_O_develop/obj/objO/Linux.pgi.64.mpiuni.default/src/apps/ESMF_PrintInfoC/ESMF_PrintInfoC.o
make chkdir_apps
make[5]: Entering directory '/gpfsm/dnb04/projects/p98/mpotts/esmf/pgi_20.4_mpiuni_O_develop/src/apps/ESMF_PrintInfoC'
make[5]: Leaving directory '/gpfsm/dnb04/projects/p98/mpotts/esmf/pgi_20.4_mpiuni_O_develop/src/apps/ESMF_PrintInfoC'
pgc++    -lpthread -Wl,--no-as-needed -L/gpfsm/dnb04/projects/p98/mpotts/esmf/pgi_20.4_mpiuni_O_develop/DEFAULTINSTALLDIR/lib/libO/Linux.pgi.64.mpiuni.default  -L/gpfsm/dulocal/sles12/pgi/linux86-64-llvm/20.4/libso -Wl,-rpath,/gpfsm/dnb04/projects/p98/mpotts/esmf/pgi_20.4_mpiuni_O_develop/DEFAULTINSTALLDIR/lib/libO/Linux.pgi.64.mpiuni.default  -Wl,-rpath,/gpfsm/dulocal/sles12/pgi/linux86-64-llvm/20.4/libso -o /gpfsm/dnb04/projects/p98/mpotts/esmf/pgi_20.4_mpiuni_O_develop/DEFAULTINSTALLDIR/bin/binO/Linux.pgi.64.mpiuni.default/ESMF_PrintInfoC /gpfsm/dnb04/projects/p98/mpotts/esmf/pgi_20.4_mpiuni_O_develop/obj/objO/Linux.pgi.64.mpiuni.default/src/apps/ESMF_PrintInfoC/ESMF_PrintInfoC.o -lesmf  -pgf90libs -ldl
make[4]: Leaving directory '/gpfsm/dnb04/projects/p98/mpotts/esmf/pgi_20.4_mpiuni_O_develop/src/apps/ESMF_PrintInfoC'
tree_build_apps in: /gpfsm/dnb04/projects/p98/mpotts/esmf/pgi_20.4_mpiuni_O_develop/src/apps/ESMF_RegridWeightGen
make[4]: Entering directory '/gpfsm/dnb04/projects/p98/mpotts/esmf/pgi_20.4_mpiuni_O_develop/src/apps/ESMF_RegridWeightGen'
make chkdir_locobj
make[5]: Entering directory '/gpfsm/dnb04/projects/p98/mpotts/esmf/pgi_20.4_mpiuni_O_develop/src/apps/ESMF_RegridWeightGen'
Making directory /gpfsm/dnb04/projects/p98/mpotts/esmf/pgi_20.4_mpiuni_O_develop/obj/objO/Linux.pgi.64.mpiuni.default/src/apps/ESMF_RegridWeightGen for apps output
make[5]: Leaving directory '/gpfsm/dnb04/projects/p98/mpotts/esmf/pgi_20.4_mpiuni_O_develop/src/apps/ESMF_RegridWeightGen'
pgf90 -c -O -fpic -Mallocatable=03 -lpthread -I/gpfsm/dnb04/projects/p98/mpotts/esmf/pgi_20.4_mpiuni_O_develop/src/apps/ESMF_RegridWeightGen -I/gpfsm/dnb04/projects/p98/mpotts/esmf/pgi_20.4_mpiuni_O_develop/build_config/Linux.pgi.default -I/gpfsm/dnb04/projects/p98/mpotts/esmf/pgi_20.4_mpiuni_O_develop/src/Infrastructure -I/gpfsm/dnb04/projects/p98/mpotts/esmf/pgi_20.4_mpiuni_O_develop/src/Superstructure -I/gpfsm/dnb04/projects/p98/mpotts/esmf/pgi_20.4_mpiuni_O_develop/DEFAULTINSTALLDIR/mod/modO/Linux.pgi.64.mpiuni.default -I/gpfsm/dnb04/projects/p98/mpotts/esmf/pgi_20.4_mpiuni_O_develop/src/include   -DESMF_NO_INTEGER_1_BYTE -DESMF_NO_INTEGER_2_BYTE -DESMF_VERSION_STRING_GIT='"v8.3.0b10-105-ga5295e34ae"' -DESMF_MOAB=1 -DESMF_LAPACK=1 -DESMF_LAPACK_INTERNAL=1 -DESMF_NO_ACC_SOFTWARE_STACK=1 -DESMF_YAMLCPP=1 -DESMF_YAML=1 -DESMF_NO_OPENMP -DESMF_NO_OPENACC -DESMF_TESTEXHAUSTIVE -DESMF_BOPT_O -DESMF_TESTCOMPTUNNEL -DESMF_TESTWITHTHREADS -DSx86_64_small=1 -DESMF_OS_Linux=1 -DESMF_COMM=mpiuni -DESMF_DIR=/gpfsm/dnb04/projects/p98/mpotts/esmf/pgi_20.4_mpiuni_O_develop -DESMF_MPIUNI -DESMF_PGIVERSION_MAJOR=20 -DESMF_PGIVERSION_MINOR=4 -DESMF_PGIVERSION_PATCH=0 -DESMF_NO_F2018ASSUMEDTYPE ESMF_RegridWeightGen.F90 -o /gpfsm/dnb04/projects/p98/mpotts/esmf/pgi_20.4_mpiuni_O_develop/obj/objO/Linux.pgi.64.mpiuni.default/src/apps/ESMF_RegridWeightGen/ESMF_RegridWeightGen.o
make chkdir_apps
make[5]: Entering directory '/gpfsm/dnb04/projects/p98/mpotts/esmf/pgi_20.4_mpiuni_O_develop/src/apps/ESMF_RegridWeightGen'
make[5]: Leaving directory '/gpfsm/dnb04/projects/p98/mpotts/esmf/pgi_20.4_mpiuni_O_develop/src/apps/ESMF_RegridWeightGen'
pgf90    -lpthread -Wl,--no-as-needed -L/gpfsm/dnb04/projects/p98/mpotts/esmf/pgi_20.4_mpiuni_O_develop/DEFAULTINSTALLDIR/lib/libO/Linux.pgi.64.mpiuni.default  -L/gpfsm/dulocal/sles12/pgi/linux86-64-llvm/20.4/libso -Wl,-rpath,/gpfsm/dnb04/projects/p98/mpotts/esmf/pgi_20.4_mpiuni_O_develop/DEFAULTINSTALLDIR/lib/libO/Linux.pgi.64.mpiuni.default  -Wl,-rpath,/gpfsm/dulocal/sles12/pgi/linux86-64-llvm/20.4/libso -o /gpfsm/dnb04/projects/p98/mpotts/esmf/pgi_20.4_mpiuni_O_develop/DEFAULTINSTALLDIR/bin/binO/Linux.pgi.64.mpiuni.default/ESMF_RegridWeightGen /gpfsm/dnb04/projects/p98/mpotts/esmf/pgi_20.4_mpiuni_O_develop/obj/objO/Linux.pgi.64.mpiuni.default/src/apps/ESMF_RegridWeightGen/ESMF_RegridWeightGen.o -lesmf  -pgc++libs -ldl
make[4]: Leaving directory '/gpfsm/dnb04/projects/p98/mpotts/esmf/pgi_20.4_mpiuni_O_develop/src/apps/ESMF_RegridWeightGen'
tree_build_apps in: /gpfsm/dnb04/projects/p98/mpotts/esmf/pgi_20.4_mpiuni_O_develop/src/apps/ESMF_WebServController
make[4]: Entering directory '/gpfsm/dnb04/projects/p98/mpotts/esmf/pgi_20.4_mpiuni_O_develop/src/apps/ESMF_WebServController'
make chkdir_locobj
make[5]: Entering directory '/gpfsm/dnb04/projects/p98/mpotts/esmf/pgi_20.4_mpiuni_O_develop/src/apps/ESMF_WebServController'
Making directory /gpfsm/dnb04/projects/p98/mpotts/esmf/pgi_20.4_mpiuni_O_develop/obj/objO/Linux.pgi.64.mpiuni.default/src/apps/ESMF_WebServController for apps output
make[5]: Leaving directory '/gpfsm/dnb04/projects/p98/mpotts/esmf/pgi_20.4_mpiuni_O_develop/src/apps/ESMF_WebServController'
pgc++ -c -std=c++11 -O -DNDEBUG -fpic -lpthread -I/gpfsm/dnb04/projects/p98/mpotts/esmf/pgi_20.4_mpiuni_O_develop/src/apps/ESMF_WebServController -I/gpfsm/dnb04/projects/p98/mpotts/esmf/pgi_20.4_mpiuni_O_develop/src/apps/ESMF_WebServController/../include -I/gpfsm/dnb04/projects/p98/mpotts/esmf/pgi_20.4_mpiuni_O_develop/build_config/Linux.pgi.default -I/gpfsm/dnb04/projects/p98/mpotts/esmf/pgi_20.4_mpiuni_O_develop/src/Infrastructure -I/gpfsm/dnb04/projects/p98/mpotts/esmf/pgi_20.4_mpiuni_O_develop/src/Superstructure -I/gpfsm/dnb04/projects/p98/mpotts/esmf/pgi_20.4_mpiuni_O_develop/src/Infrastructure/stubs/pthread  -I/gpfsm/dnb04/projects/p98/mpotts/esmf/pgi_20.4_mpiuni_O_develop/src/include   -I/gpfsm/dnb04/projects/p98/mpotts/esmf/pgi_20.4_mpiuni_O_develop/src/Infrastructure/stubs/mpiuni -I/gpfsm/dnb04/projects/p98/mpotts/esmf/pgi_20.4_mpiuni_O_develop/src/prologue/yaml-cpp/include -DESMF_NO_INTEGER_1_BYTE -DESMF_NO_INTEGER_2_BYTE -DESMF_VERSION_STRING_GIT='"v8.3.0b10-105-ga5295e34ae"' -DESMF_MOAB=1 -DESMF_LAPACK=1 -DESMF_LAPACK_INTERNAL=1 -DESMF_NO_ACC_SOFTWARE_STACK=1 -DESMF_YAMLCPP=1 -DESMF_YAML=1 -DESMF_NO_OPENMP -DESMF_NO_OPENACC -DESMF_TESTEXHAUSTIVE -DESMF_BOPT_O -DESMF_TESTCOMPTUNNEL -DESMF_TESTWITHTHREADS -DSx86_64_small=1 -DESMF_OS_Linux=1 -DESMF_COMM=mpiuni -DESMF_DIR=/gpfsm/dnb04/projects/p98/mpotts/esmf/pgi_20.4_mpiuni_O_develop -D__SDIR__='"src/apps/ESMF_WebServController"' -DESMF_CXXSTD=11 -DESMF_MPIUNI -DESMF_PGIVERSION_MAJOR=20 -DESMF_PGIVERSION_MINOR=4 -DESMF_PGIVERSION_PATCH=0 -DESMF_NO_F2018ASSUMEDTYPE ESMF_WebServController.C -o /gpfsm/dnb04/projects/p98/mpotts/esmf/pgi_20.4_mpiuni_O_develop/obj/objO/Linux.pgi.64.mpiuni.default/src/apps/ESMF_WebServController/ESMF_WebServController.o
make chkdir_apps
make[5]: Entering directory '/gpfsm/dnb04/projects/p98/mpotts/esmf/pgi_20.4_mpiuni_O_develop/src/apps/ESMF_WebServController'
make[5]: Leaving directory '/gpfsm/dnb04/projects/p98/mpotts/esmf/pgi_20.4_mpiuni_O_develop/src/apps/ESMF_WebServController'
pgc++    -lpthread -Wl,--no-as-needed -L/gpfsm/dnb04/projects/p98/mpotts/esmf/pgi_20.4_mpiuni_O_develop/DEFAULTINSTALLDIR/lib/libO/Linux.pgi.64.mpiuni.default  -L/gpfsm/dulocal/sles12/pgi/linux86-64-llvm/20.4/libso -Wl,-rpath,/gpfsm/dnb04/projects/p98/mpotts/esmf/pgi_20.4_mpiuni_O_develop/DEFAULTINSTALLDIR/lib/libO/Linux.pgi.64.mpiuni.default  -Wl,-rpath,/gpfsm/dulocal/sles12/pgi/linux86-64-llvm/20.4/libso -o /gpfsm/dnb04/projects/p98/mpotts/esmf/pgi_20.4_mpiuni_O_develop/DEFAULTINSTALLDIR/bin/binO/Linux.pgi.64.mpiuni.default/ESMF_WebServController /gpfsm/dnb04/projects/p98/mpotts/esmf/pgi_20.4_mpiuni_O_develop/obj/objO/Linux.pgi.64.mpiuni.default/src/apps/ESMF_WebServController/ESMF_WebServController.o -lesmf  -pgf90libs -ldl
make[4]: Leaving directory '/gpfsm/dnb04/projects/p98/mpotts/esmf/pgi_20.4_mpiuni_O_develop/src/apps/ESMF_WebServController'
tree_build_apps in: /gpfsm/dnb04/projects/p98/mpotts/esmf/pgi_20.4_mpiuni_O_develop/src/apps/ESMF_Scrip2Unstruct
make[4]: Entering directory '/gpfsm/dnb04/projects/p98/mpotts/esmf/pgi_20.4_mpiuni_O_develop/src/apps/ESMF_Scrip2Unstruct'
make chkdir_locobj
make[5]: Entering directory '/gpfsm/dnb04/projects/p98/mpotts/esmf/pgi_20.4_mpiuni_O_develop/src/apps/ESMF_Scrip2Unstruct'
Making directory /gpfsm/dnb04/projects/p98/mpotts/esmf/pgi_20.4_mpiuni_O_develop/obj/objO/Linux.pgi.64.mpiuni.default/src/apps/ESMF_Scrip2Unstruct for apps output
make[5]: Leaving directory '/gpfsm/dnb04/projects/p98/mpotts/esmf/pgi_20.4_mpiuni_O_develop/src/apps/ESMF_Scrip2Unstruct'
pgc++ -c -std=c++11 -O -DNDEBUG -fpic -lpthread -I/gpfsm/dnb04/projects/p98/mpotts/esmf/pgi_20.4_mpiuni_O_develop/src/apps/ESMF_Scrip2Unstruct -I/gpfsm/dnb04/projects/p98/mpotts/esmf/pgi_20.4_mpiuni_O_develop/src/apps/ESMF_Scrip2Unstruct/../include -I/gpfsm/dnb04/projects/p98/mpotts/esmf/pgi_20.4_mpiuni_O_develop/build_config/Linux.pgi.default -I/gpfsm/dnb04/projects/p98/mpotts/esmf/pgi_20.4_mpiuni_O_develop/src/Infrastructure -I/gpfsm/dnb04/projects/p98/mpotts/esmf/pgi_20.4_mpiuni_O_develop/src/Superstructure -I/gpfsm/dnb04/projects/p98/mpotts/esmf/pgi_20.4_mpiuni_O_develop/src/Infrastructure/stubs/pthread  -I/gpfsm/dnb04/projects/p98/mpotts/esmf/pgi_20.4_mpiuni_O_develop/src/include   -I/gpfsm/dnb04/projects/p98/mpotts/esmf/pgi_20.4_mpiuni_O_develop/src/Infrastructure/stubs/mpiuni -I/gpfsm/dnb04/projects/p98/mpotts/esmf/pgi_20.4_mpiuni_O_develop/src/prologue/yaml-cpp/include -DESMF_NO_INTEGER_1_BYTE -DESMF_NO_INTEGER_2_BYTE -DESMF_VERSION_STRING_GIT='"v8.3.0b10-105-ga5295e34ae"' -DESMF_MOAB=1 -DESMF_LAPACK=1 -DESMF_LAPACK_INTERNAL=1 -DESMF_NO_ACC_SOFTWARE_STACK=1 -DESMF_YAMLCPP=1 -DESMF_YAML=1 -DESMF_NO_OPENMP -DESMF_NO_OPENACC -DESMF_TESTEXHAUSTIVE -DESMF_BOPT_O -DESMF_TESTCOMPTUNNEL -DESMF_TESTWITHTHREADS -DSx86_64_small=1 -DESMF_OS_Linux=1 -DESMF_COMM=mpiuni -DESMF_DIR=/gpfsm/dnb04/projects/p98/mpotts/esmf/pgi_20.4_mpiuni_O_develop -D__SDIR__='"src/apps/ESMF_Scrip2Unstruct"' -DESMF_CXXSTD=11 -DESMF_MPIUNI -DESMF_PGIVERSION_MAJOR=20 -DESMF_PGIVERSION_MINOR=4 -DESMF_PGIVERSION_PATCH=0 -DESMF_NO_F2018ASSUMEDTYPE ESMF_Scrip2Unstruct.C -o /gpfsm/dnb04/projects/p98/mpotts/esmf/pgi_20.4_mpiuni_O_develop/obj/objO/Linux.pgi.64.mpiuni.default/src/apps/ESMF_Scrip2Unstruct/ESMF_Scrip2Unstruct.o
"ESMF_Scrip2Unstruct.C", line 71: warning: variable "ncid1" was declared but
          never referenced
    int ncid1, ncid2;
        ^

"ESMF_Scrip2Unstruct.C", line 71: warning: variable "ncid2" was declared but
          never referenced
    int ncid1, ncid2;
               ^

"ESMF_Scrip2Unstruct.C", line 72: warning: variable "vertdimid" was declared
          but never referenced
    int vertdimid, celldimid, vpcdimid,vdimid;
        ^

"ESMF_Scrip2Unstruct.C", line 72: warning: variable "celldimid" was declared
          but never referenced
    int vertdimid, celldimid, vpcdimid,vdimid;
                   ^

"ESMF_Scrip2Unstruct.C", line 72: warning: variable "vpcdimid" was declared but
          never referenced
    int vertdimid, celldimid, vpcdimid,vdimid;
                              ^

"ESMF_Scrip2Unstruct.C", line 72: warning: variable "vdimid" was declared but
          never referenced
    int vertdimid, celldimid, vpcdimid,vdimid;
                                       ^

"ESMF_Scrip2Unstruct.C", line 73: warning: variable "vertexid" was declared but
          never referenced
    int vertexid, edgeid, ccoordid, cellid, caid, cmid;
        ^

"ESMF_Scrip2Unstruct.C", line 73: warning: variable "edgeid" was declared but
          never referenced
    int vertexid, edgeid, ccoordid, cellid, caid, cmid;
                  ^

"ESMF_Scrip2Unstruct.C", line 73: warning: variable "ccoordid" was declared but
          never referenced
    int vertexid, edgeid, ccoordid, cellid, caid, cmid;
                          ^

"ESMF_Scrip2Unstruct.C", line 73: warning: variable "cellid" was declared but
          never referenced
    int vertexid, edgeid, ccoordid, cellid, caid, cmid;
                                    ^

"ESMF_Scrip2Unstruct.C", line 73: warning: variable "caid" was declared but
          never referenced
    int vertexid, edgeid, ccoordid, cellid, caid, cmid;
                                            ^

"ESMF_Scrip2Unstruct.C", line 73: warning: variable "cmid" was declared but
          never referenced
    int vertexid, edgeid, ccoordid, cellid, caid, cmid;
                                                  ^

"ESMF_Scrip2Unstruct.C", line 74: warning: variable "ogr_dimid" was declared
          but never referenced
    int ogr_dimid, ogd_id, areaid, maskid, attid;
        ^

"ESMF_Scrip2Unstruct.C", line 74: warning: variable "ogd_id" was declared but
          never referenced
    int ogr_dimid, ogd_id, areaid, maskid, attid;
                   ^

"ESMF_Scrip2Unstruct.C", line 74: warning: variable "areaid" was declared but
          never referenced
    int ogr_dimid, ogd_id, areaid, maskid, attid;
                           ^

"ESMF_Scrip2Unstruct.C", line 74: warning: variable "maskid" was declared but
          never referenced
    int ogr_dimid, ogd_id, areaid, maskid, attid;
                                   ^

"ESMF_Scrip2Unstruct.C", line 74: warning: variable "attid" was declared but
          never referenced
    int ogr_dimid, ogd_id, areaid, maskid, attid;
                                           ^

"ESMF_Scrip2Unstruct.C", line 75: warning: variable "tloc" was declared but
          never referenced
    time_t tloc;
           ^

"ESMF_Scrip2Unstruct.C", line 76: warning: variable "dims" was declared but
          never referenced
    int dims[2];
        ^

"ESMF_Scrip2Unstruct.C", line 77: warning: variable "status" was declared but
          never referenced
    int status, fillvalue;
        ^

"ESMF_Scrip2Unstruct.C", line 77: warning: variable "fillvalue" was declared
          but never referenced
    int status, fillvalue;
                ^

"ESMF_Scrip2Unstruct.C", line 78: warning: variable "strbuf" was declared but
          never referenced
    const char* strbuf;
                ^

"ESMF_Scrip2Unstruct.C", line 79: warning: variable "strbuf1" was declared but
          never referenced
    char * strbuf1;
           ^

"ESMF_Scrip2Unstruct.C", line 223: warning: variable "ncid2" was declared but
          never referenced
    int ncid2;
        ^

"ESMF_Scrip2Unstruct.C", line 224: warning: variable "vertdimid" was declared
          but never referenced
    int vertdimid, celldimid, vpcdimid;
        ^

"ESMF_Scrip2Unstruct.C", line 224: warning: variable "celldimid" was declared
          but never referenced
    int vertdimid, celldimid, vpcdimid;
                   ^

"ESMF_Scrip2Unstruct.C", line 224: warning: variable "vpcdimid" was declared
          but never referenced
    int vertdimid, celldimid, vpcdimid;
                              ^

"ESMF_Scrip2Unstruct.C", line 225: warning: variable "varid" was declared but
          never referenced
    int varid;
        ^

"ESMF_Scrip2Unstruct.C", line 226: warning: variable "dims" was declared but
          never referenced
    int dims[2];
        ^

"ESMF_Scrip2Unstruct.C", line 227: warning: variable "tloc" was declared but
          never referenced
    time_t tloc;
           ^

"ESMF_Scrip2Unstruct.C", line 228: warning: variable "status" was declared but
          never referenced
    int status, var;
        ^

"ESMF_Scrip2Unstruct.C", line 228: warning: variable "var" was declared but
          never referenced
    int status, var;
                ^

"ESMF_Scrip2Unstruct.C", line 229: warning: variable "strbuf" was declared but
          never referenced
    const char *strbuf;
                ^

"ESMF_Scrip2Unstruct.C", line 230: warning: variable "strbuf1" was declared but
          never referenced
    char *strbuf1;
          ^

"ESMF_Scrip2Unstruct.C", line 375: warning: variable "ncid1" was declared but
          never referenced
    int ncid1, ncid2;
        ^

"ESMF_Scrip2Unstruct.C", line 375: warning: variable "ncid2" was declared but
          never referenced
    int ncid1, ncid2;
               ^

"ESMF_Scrip2Unstruct.C", line 376: warning: variable "gsdimid" was declared but
          never referenced
    int gsdimid, gcdimid, grdimid;
        ^

"ESMF_Scrip2Unstruct.C", line 376: warning: variable "gcdimid" was declared but
          never referenced
    int gsdimid, gcdimid, grdimid;
                 ^

"ESMF_Scrip2Unstruct.C", line 376: warning: variable "grdimid" was declared but
          never referenced
    int gsdimid, gcdimid, grdimid;
                          ^

"ESMF_Scrip2Unstruct.C", line 377: warning: variable "gsdim" was declared but
          never referenced
    size_t  gsdim, gcdim, grdim;
            ^

"ESMF_Scrip2Unstruct.C", line 377: warning: variable "gcdim" was declared but
          never referenced
    size_t  gsdim, gcdim, grdim;
                   ^

"ESMF_Scrip2Unstruct.C", line 377: warning: variable "grdim" was declared but
          never referenced
    size_t  gsdim, gcdim, grdim;
                          ^

"ESMF_Scrip2Unstruct.C", line 378: warning: variable "areaid" was declared but
          never referenced
    int areaid, ctlatid, ctlonid, colatid, colonid, maskid;
        ^

"ESMF_Scrip2Unstruct.C", line 378: warning: variable "ctlatid" was declared but
          never referenced
    int areaid, ctlatid, ctlonid, colatid, colonid, maskid;
                ^

"ESMF_Scrip2Unstruct.C", line 378: warning: variable "ctlonid" was declared but
          never referenced
    int areaid, ctlatid, ctlonid, colatid, colonid, maskid;
                         ^

"ESMF_Scrip2Unstruct.C", line 378: warning: variable "colatid" was declared but
          never referenced
    int areaid, ctlatid, ctlonid, colatid, colonid, maskid;
                                  ^

"ESMF_Scrip2Unstruct.C", line 378: warning: variable "colonid" was declared but
          never referenced
    int areaid, ctlatid, ctlonid, colatid, colonid, maskid;
                                           ^

"ESMF_Scrip2Unstruct.C", line 378: warning: variable "maskid" was declared but
          never referenced
    int areaid, ctlatid, ctlonid, colatid, colonid, maskid;
                                                    ^

"ESMF_Scrip2Unstruct.C", line 380: warning: variable "vertexid" was declared
          but never referenced
    int vertexid, cellid, edgeid, ccoordid, caid, cmid;
        ^

"ESMF_Scrip2Unstruct.C", line 380: warning: variable "cellid" was declared but
          never referenced
    int vertexid, cellid, edgeid, ccoordid, caid, cmid;
                  ^

"ESMF_Scrip2Unstruct.C", line 380: warning: variable "edgeid" was declared but
          never referenced
    int vertexid, cellid, edgeid, ccoordid, caid, cmid;
                          ^

"ESMF_Scrip2Unstruct.C", line 380: warning: variable "ccoordid" was declared
          but never referenced
    int vertexid, cellid, edgeid, ccoordid, caid, cmid;
                                  ^

"ESMF_Scrip2Unstruct.C", line 380: warning: variable "caid" was declared but
          never referenced
    int vertexid, cellid, edgeid, ccoordid, caid, cmid;
                                            ^

"ESMF_Scrip2Unstruct.C", line 380: warning: variable "cmid" was declared but
          never referenced
    int vertexid, cellid, edgeid, ccoordid, caid, cmid;
                                                  ^

"ESMF_Scrip2Unstruct.C", line 381: warning: variable "varid" was declared but
          never referenced
    int varid;
        ^

"ESMF_Scrip2Unstruct.C", line 382: warning: variable "cornerlats" was declared
          but never referenced
    double *cornerlats, *cornerlons, *nodelatlon;
            ^

"ESMF_Scrip2Unstruct.C", line 382: warning: variable "cornerlons" was declared
          but never referenced
    double *cornerlats, *cornerlons, *nodelatlon;
                         ^

"ESMF_Scrip2Unstruct.C", line 382: warning: variable "nodelatlon" was declared
          but never referenced
    double *cornerlats, *cornerlons, *nodelatlon;
                                      ^

"ESMF_Scrip2Unstruct.C", line 383: warning: variable "nodelats" was declared
          but never referenced
    double *nodelats, *nodelons;
            ^

"ESMF_Scrip2Unstruct.C", line 383: warning: variable "nodelons" was declared
          but never referenced
    double *nodelats, *nodelons;
                       ^

"ESMF_Scrip2Unstruct.C", line 384: warning: variable "inbuf" was declared but
          never referenced
    double *inbuf, *inbuf1;
            ^

"ESMF_Scrip2Unstruct.C", line 384: warning: variable "inbuf1" was declared but
          never referenced
    double *inbuf, *inbuf1;
                    ^

"ESMF_Scrip2Unstruct.C", line 385: warning: variable "inbuf2" was declared but
          never referenced
    int *inbuf2;
         ^

"ESMF_Scrip2Unstruct.C", line 386: warning: variable "dualcells" was declared
          but never referenced
    int *dualcells;
         ^

"ESMF_Scrip2Unstruct.C", line 387: warning: variable "dualcellcounts" was
          declared but never referenced
    int *dualcellcounts;
         ^

"ESMF_Scrip2Unstruct.C", line 388: warning: variable "cells" was declared but
          never referenced
    int *cells, temp[16];
         ^

"ESMF_Scrip2Unstruct.C", line 388: warning: variable "temp" was declared but
          never referenced
    int *cells, temp[16];
                ^

"ESMF_Scrip2Unstruct.C", line 389: warning: variable "numedges" was declared
          but never referenced
    int numedges, *next;
        ^

"ESMF_Scrip2Unstruct.C", line 389: warning: variable "next" was declared but
          never referenced
    int numedges, *next;
                   ^

"ESMF_Scrip2Unstruct.C", line 390: warning: variable "totalneighbors" was
          declared but never referenced
    int *totalneighbors;
         ^

"ESMF_Scrip2Unstruct.C", line 391: warning: variable "edges" was declared but
          never referenced
    int *edges;
         ^

"ESMF_Scrip2Unstruct.C", line 392: warning: variable "i" was declared but never
          referenced
    int i,i1, j, k, totalnodes, goodnodes, count;
        ^

"ESMF_Scrip2Unstruct.C", line 392: warning: variable "i1" was declared but
          never referenced
    int i,i1, j, k, totalnodes, goodnodes, count;
          ^

"ESMF_Scrip2Unstruct.C", line 392: warning: variable "j" was declared but never
          referenced
    int i,i1, j, k, totalnodes, goodnodes, count;
              ^

"ESMF_Scrip2Unstruct.C", line 392: warning: variable "k" was declared but never
          referenced
    int i,i1, j, k, totalnodes, goodnodes, count;
                 ^

"ESMF_Scrip2Unstruct.C", line 392: warning: variable "totalnodes" was declared
          but never referenced
    int i,i1, j, k, totalnodes, goodnodes, count;
                    ^

"ESMF_Scrip2Unstruct.C", line 392: warning: variable "goodnodes" was declared
          but never referenced
    int i,i1, j, k, totalnodes, goodnodes, count;
                                ^

"ESMF_Scrip2Unstruct.C", line 392: warning: variable "count" was declared but
          never referenced
    int i,i1, j, k, totalnodes, goodnodes, count;
                                           ^

"ESMF_Scrip2Unstruct.C", line 393: warning: variable "globalnodes" was declared
          but never referenced
    int *globalnodes;
         ^

"ESMF_Scrip2Unstruct.C", line 394: warning: variable "noarea" was declared but
          never referenced
    int noarea, nocenter, nomask;
        ^

"ESMF_Scrip2Unstruct.C", line 394: warning: variable "nocenter" was declared
          but never referenced
    int noarea, nocenter, nomask;
                ^

"ESMF_Scrip2Unstruct.C", line 394: warning: variable "nomask" was declared but
          never referenced
    int noarea, nocenter, nomask;
                          ^

"ESMF_Scrip2Unstruct.C", line 395: warning: variable "starts" was declared but
          never referenced
    size_t starts[2], counts[2];
           ^

"ESMF_Scrip2Unstruct.C", line 395: warning: variable "counts" was declared but
          never referenced
    size_t starts[2], counts[2];
                      ^

"ESMF_Scrip2Unstruct.C", line 396: warning: variable "maxconnection" was
          declared but never referenced
    int maxconnection;
        ^

"ESMF_Scrip2Unstruct.C", line 397: warning: variable "c_infile" was declared
          but never referenced
    char *c_infile;
          ^

"ESMF_Scrip2Unstruct.C", line 398: warning: variable "c_outfile" was declared
          but never referenced
    char *c_outfile;
          ^

"ESMF_Scrip2Unstruct.C", line 399: warning: variable "units" was declared but
          never referenced
    char units[80];
         ^

"ESMF_Scrip2Unstruct.C", line 400: warning: variable "len" was declared but
          never referenced
    size_t len;
           ^

"ESMF_Scrip2Unstruct.C", line 401: warning: variable "rad2deg" was declared but
          never referenced
    double rad2deg = 180.0/M_PI;
           ^

"ESMF_Scrip2Unstruct.C", line 402: warning: variable "dualflag" was declared
          but never referenced
    int dualflag;
        ^

"ESMF_Scrip2Unstruct.C", line 403: warning: variable "ind" was declared but
          never referenced
    int ind, startind;
        ^

"ESMF_Scrip2Unstruct.C", line 403: warning: variable "startind" was declared
          but never referenced
    int ind, startind;
             ^

"ESMF_Scrip2Unstruct.C", line 404: warning: variable "minlat" was declared but
          never referenced
    double minlat, maxlat, startlat, endlat, part;
           ^

"ESMF_Scrip2Unstruct.C", line 404: warning: variable "maxlat" was declared but
          never referenced
    double minlat, maxlat, startlat, endlat, part;
                   ^

"ESMF_Scrip2Unstruct.C", line 404: warning: variable "startlat" was declared
          but never referenced
    double minlat, maxlat, startlat, endlat, part;
                           ^

"ESMF_Scrip2Unstruct.C", line 404: warning: variable "endlat" was declared but
          never referenced
    double minlat, maxlat, startlat, endlat, part;
                                     ^

"ESMF_Scrip2Unstruct.C", line 404: warning: variable "part" was declared but
          never referenced
    double minlat, maxlat, startlat, endlat, part;
                                             ^

"ESMF_Scrip2Unstruct.C", line 406: warning: variable "mycells" was declared but
          never referenced
    int *mycells;
         ^

"ESMF_Scrip2Unstruct.C", line 407: warning: variable "alltotal" was declared
          but never referenced
    int alltotal, mypart, left, offset, mystart, mystartelement;
        ^

"ESMF_Scrip2Unstruct.C", line 407: warning: variable "mypart" was declared but
          never referenced
    int alltotal, mypart, left, offset, mystart, mystartelement;
                  ^

"ESMF_Scrip2Unstruct.C", line 407: warning: variable "left" was declared but
          never referenced
    int alltotal, mypart, left, offset, mystart, mystartelement;
                          ^

"ESMF_Scrip2Unstruct.C", line 407: warning: variable "offset" was declared but
          never referenced
    int alltotal, mypart, left, offset, mystart, mystartelement;
                                ^

"ESMF_Scrip2Unstruct.C", line 407: warning: variable "mystart" was declared but
          never referenced
    int alltotal, mypart, left, offset, mystart, mystartelement;
                                        ^

"ESMF_Scrip2Unstruct.C", line 407: warning: variable "mystartelement" was
          declared but never referenced
    int alltotal, mypart, left, offset, mystart, mystartelement;
                                                 ^

"ESMF_Scrip2Unstruct.C", line 408: warning: variable "start1" was declared but
          never referenced
    size_t start1[1], count1[1], start2[2], count2[2];
           ^

"ESMF_Scrip2Unstruct.C", line 408: warning: variable "count1" was declared but
          never referenced
    size_t start1[1], count1[1], start2[2], count2[2];
                      ^

"ESMF_Scrip2Unstruct.C", line 408: warning: variable "start2" was declared but
          never referenced
    size_t start1[1], count1[1], start2[2], count2[2];
                                 ^

"ESMF_Scrip2Unstruct.C", line 408: warning: variable "count2" was declared but
          never referenced
    size_t start1[1], count1[1], start2[2], count2[2];
                                            ^

"ESMF_Scrip2Unstruct.C", line 409: warning: variable "doesmf" was declared but
          never referenced
    int doesmf = 1;
        ^

"ESMF_Scrip2Unstruct.C", line 410: warning: variable "coord1d" was declared but
          never referenced
    double *coord1d;
            ^

"ESMF_Scrip2Unstruct.C", line 411: warning: variable "totalsize" was declared
          but never referenced
    int totalsize;
        ^

"ESMF_Scrip2Unstruct.C", line 419: warning: variable "grid_dims" was declared
          but never referenced
    int grid_dims[MAX_GRID_RANK];
        ^

"ESMF_Scrip2Unstruct.C", line 420: warning: variable "ogr_dimid" was declared
          but never referenced
    int ogr_dimid, ogd_id;  
        ^

"ESMF_Scrip2Unstruct.C", line 420: warning: variable "ogd_id" was declared but
          never referenced
    int ogr_dimid, ogd_id;  
                   ^

make chkdir_apps
make[5]: Entering directory '/gpfsm/dnb04/projects/p98/mpotts/esmf/pgi_20.4_mpiuni_O_develop/src/apps/ESMF_Scrip2Unstruct'
make[5]: Leaving directory '/gpfsm/dnb04/projects/p98/mpotts/esmf/pgi_20.4_mpiuni_O_develop/src/apps/ESMF_Scrip2Unstruct'
pgc++    -lpthread -Wl,--no-as-needed -L/gpfsm/dnb04/projects/p98/mpotts/esmf/pgi_20.4_mpiuni_O_develop/DEFAULTINSTALLDIR/lib/libO/Linux.pgi.64.mpiuni.default  -L/gpfsm/dulocal/sles12/pgi/linux86-64-llvm/20.4/libso -Wl,-rpath,/gpfsm/dnb04/projects/p98/mpotts/esmf/pgi_20.4_mpiuni_O_develop/DEFAULTINSTALLDIR/lib/libO/Linux.pgi.64.mpiuni.default  -Wl,-rpath,/gpfsm/dulocal/sles12/pgi/linux86-64-llvm/20.4/libso -o /gpfsm/dnb04/projects/p98/mpotts/esmf/pgi_20.4_mpiuni_O_develop/DEFAULTINSTALLDIR/bin/binO/Linux.pgi.64.mpiuni.default/ESMF_Scrip2Unstruct /gpfsm/dnb04/projects/p98/mpotts/esmf/pgi_20.4_mpiuni_O_develop/obj/objO/Linux.pgi.64.mpiuni.default/src/apps/ESMF_Scrip2Unstruct/ESMF_Scrip2Unstruct.o -lesmf  -pgf90libs -ldl
make[4]: Leaving directory '/gpfsm/dnb04/projects/p98/mpotts/esmf/pgi_20.4_mpiuni_O_develop/src/apps/ESMF_Scrip2Unstruct'
tree_build_apps in: /gpfsm/dnb04/projects/p98/mpotts/esmf/pgi_20.4_mpiuni_O_develop/src/apps/ESMF_Regrid
make[4]: Entering directory '/gpfsm/dnb04/projects/p98/mpotts/esmf/pgi_20.4_mpiuni_O_develop/src/apps/ESMF_Regrid'
make chkdir_locobj
make[5]: Entering directory '/gpfsm/dnb04/projects/p98/mpotts/esmf/pgi_20.4_mpiuni_O_develop/src/apps/ESMF_Regrid'
Making directory /gpfsm/dnb04/projects/p98/mpotts/esmf/pgi_20.4_mpiuni_O_develop/obj/objO/Linux.pgi.64.mpiuni.default/src/apps/ESMF_Regrid for apps output
make[5]: Leaving directory '/gpfsm/dnb04/projects/p98/mpotts/esmf/pgi_20.4_mpiuni_O_develop/src/apps/ESMF_Regrid'
pgf90 -c -O -fpic -Mallocatable=03 -lpthread -I/gpfsm/dnb04/projects/p98/mpotts/esmf/pgi_20.4_mpiuni_O_develop/src/apps/ESMF_Regrid -I/gpfsm/dnb04/projects/p98/mpotts/esmf/pgi_20.4_mpiuni_O_develop/build_config/Linux.pgi.default -I/gpfsm/dnb04/projects/p98/mpotts/esmf/pgi_20.4_mpiuni_O_develop/src/Infrastructure -I/gpfsm/dnb04/projects/p98/mpotts/esmf/pgi_20.4_mpiuni_O_develop/src/Superstructure -I/gpfsm/dnb04/projects/p98/mpotts/esmf/pgi_20.4_mpiuni_O_develop/DEFAULTINSTALLDIR/mod/modO/Linux.pgi.64.mpiuni.default -I/gpfsm/dnb04/projects/p98/mpotts/esmf/pgi_20.4_mpiuni_O_develop/src/include   -DESMF_NO_INTEGER_1_BYTE -DESMF_NO_INTEGER_2_BYTE -DESMF_VERSION_STRING_GIT='"v8.3.0b10-105-ga5295e34ae"' -DESMF_MOAB=1 -DESMF_LAPACK=1 -DESMF_LAPACK_INTERNAL=1 -DESMF_NO_ACC_SOFTWARE_STACK=1 -DESMF_YAMLCPP=1 -DESMF_YAML=1 -DESMF_NO_OPENMP -DESMF_NO_OPENACC -DESMF_TESTEXHAUSTIVE -DESMF_BOPT_O -DESMF_TESTCOMPTUNNEL -DESMF_TESTWITHTHREADS -DSx86_64_small=1 -DESMF_OS_Linux=1 -DESMF_COMM=mpiuni -DESMF_DIR=/gpfsm/dnb04/projects/p98/mpotts/esmf/pgi_20.4_mpiuni_O_develop -DESMF_MPIUNI -DESMF_PGIVERSION_MAJOR=20 -DESMF_PGIVERSION_MINOR=4 -DESMF_PGIVERSION_PATCH=0 -DESMF_NO_F2018ASSUMEDTYPE ESMF_Regrid.F90 -o /gpfsm/dnb04/projects/p98/mpotts/esmf/pgi_20.4_mpiuni_O_develop/obj/objO/Linux.pgi.64.mpiuni.default/src/apps/ESMF_Regrid/ESMF_Regrid.o
make chkdir_apps
make[5]: Entering directory '/gpfsm/dnb04/projects/p98/mpotts/esmf/pgi_20.4_mpiuni_O_develop/src/apps/ESMF_Regrid'
make[5]: Leaving directory '/gpfsm/dnb04/projects/p98/mpotts/esmf/pgi_20.4_mpiuni_O_develop/src/apps/ESMF_Regrid'
pgf90    -lpthread -Wl,--no-as-needed -L/gpfsm/dnb04/projects/p98/mpotts/esmf/pgi_20.4_mpiuni_O_develop/DEFAULTINSTALLDIR/lib/libO/Linux.pgi.64.mpiuni.default  -L/gpfsm/dulocal/sles12/pgi/linux86-64-llvm/20.4/libso -Wl,-rpath,/gpfsm/dnb04/projects/p98/mpotts/esmf/pgi_20.4_mpiuni_O_develop/DEFAULTINSTALLDIR/lib/libO/Linux.pgi.64.mpiuni.default  -Wl,-rpath,/gpfsm/dulocal/sles12/pgi/linux86-64-llvm/20.4/libso -o /gpfsm/dnb04/projects/p98/mpotts/esmf/pgi_20.4_mpiuni_O_develop/DEFAULTINSTALLDIR/bin/binO/Linux.pgi.64.mpiuni.default/ESMF_Regrid /gpfsm/dnb04/projects/p98/mpotts/esmf/pgi_20.4_mpiuni_O_develop/obj/objO/Linux.pgi.64.mpiuni.default/src/apps/ESMF_Regrid/ESMF_Regrid.o -lesmf  -pgc++libs -ldl
make[4]: Leaving directory '/gpfsm/dnb04/projects/p98/mpotts/esmf/pgi_20.4_mpiuni_O_develop/src/apps/ESMF_Regrid'
make[3]: Leaving directory '/gpfsm/dnb04/projects/p98/mpotts/esmf/pgi_20.4_mpiuni_O_develop/src/apps'
ESMF apps built successfully.
make[2]: Leaving directory '/gpfsm/dnb04/projects/p98/mpotts/esmf/pgi_20.4_mpiuni_O_develop'
make[1]: Leaving directory '/gpfsm/dnb04/projects/p98/mpotts/esmf/pgi_20.4_mpiuni_O_develop'
mkdir -p /gpfsm/dnb04/projects/p98/mpotts/esmf/pgi_20.4_mpiuni_O_develop/DEFAULTINSTALLDIR/doc
make install_info_mk
make[1]: Entering directory '/gpfsm/dnb04/projects/p98/mpotts/esmf/pgi_20.4_mpiuni_O_develop'
make info_mk ESMF_APPSDIR=/gpfsm/dnb04/projects/p98/mpotts/esmf/pgi_20.4_mpiuni_O_develop/DEFAULTINSTALLDIR/bin/binO/Linux.pgi.64.mpiuni.default ESMF_LDIR=/gpfsm/dnb04/projects/p98/mpotts/esmf/pgi_20.4_mpiuni_O_develop/DEFAULTINSTALLDIR/lib/libO/Linux.pgi.64.mpiuni.default ESMF_LIBDIR=/gpfsm/dnb04/projects/p98/mpotts/esmf/pgi_20.4_mpiuni_O_develop/DEFAULTINSTALLDIR/lib/libO/Linux.pgi.64.mpiuni.default ESMF_MODDIR=/gpfsm/dnb04/projects/p98/mpotts/esmf/pgi_20.4_mpiuni_O_develop/DEFAULTINSTALLDIR/mod/modO/Linux.pgi.64.mpiuni.default ESMF_INCDIR=/gpfsm/dnb04/projects/p98/mpotts/esmf/pgi_20.4_mpiuni_O_develop/DEFAULTINSTALLDIR/include
make[2]: Entering directory '/gpfsm/dnb04/projects/p98/mpotts/esmf/pgi_20.4_mpiuni_O_develop'
make[2]: Leaving directory '/gpfsm/dnb04/projects/p98/mpotts/esmf/pgi_20.4_mpiuni_O_develop'
make[1]: Leaving directory '/gpfsm/dnb04/projects/p98/mpotts/esmf/pgi_20.4_mpiuni_O_develop'
 
ESMF installation complete.
 
