build time -- 2022-03-19 06:05:35
20220319 063101.252 INFO             PET0 !!!!!!!!!!!!!!!!!!!!!!!!!!!!!!!!!!!!!!!!!!!!!!!!!!!!!!
20220319 063101.252 INFO             PET0 !!! THE ESMF_LOG IS SET TO OUTPUT ALL LOG MESSAGES !!!
20220319 063101.252 INFO             PET0 !!!     THIS MAY CAUSE SLOWDOWN IN PERFORMANCE     !!!
20220319 063101.252 INFO             PET0 !!! FOR PRODUCTION RUNS, USE:                      !!!
20220319 063101.252 INFO             PET0 !!!                   ESMF_LOGKIND_Multi_On_Error  !!!
20220319 063101.252 INFO             PET0 !!!!!!!!!!!!!!!!!!!!!!!!!!!!!!!!!!!!!!!!!!!!!!!!!!!!!!
20220319 063101.252 INFO             PET0 Running with ESMF Version   : v8.3.0b09-4-g424b2f26e0
20220319 063101.252 INFO             PET0 ESMF library build date/time: "Mar 19 2022" "06:02:38"
20220319 063101.252 INFO             PET0 ESMF library build location : /scratch1/NCEPDEV/stmp2/role.esmfmaint/intel_18.0.4_intelmpi_O_develop
20220319 063101.252 INFO             PET0 ESMF_COMM                   : intelmpi
20220319 063101.253 INFO             PET0 ESMF_MOAB                   : enabled
20220319 063101.253 INFO             PET0 ESMF_LAPACK                 : enabled
20220319 063101.253 INFO             PET0 ESMF_NETCDF                 : enabled
20220319 063101.253 INFO             PET0 ESMF_PNETCDF                : disabled
20220319 063101.253 INFO             PET0 ESMF_PIO                    : enabled
20220319 063101.253 INFO             PET0 ESMF_YAMLCPP                : enabled
20220319 063101.253 INFO             PET0  NUMBER_OF_PROCESSORS           2
20220319 063101.253 INFO             PET0  PASS  Example ESMF_VMUserMpiCommEx, ESMF_VMUserMpiCommEx.F90, line 113
20220319 063101.253 INFO             PET0 Finalizing ESMF
20220319 063101.252 INFO             PET1 !!!!!!!!!!!!!!!!!!!!!!!!!!!!!!!!!!!!!!!!!!!!!!!!!!!!!!
20220319 063101.252 INFO             PET1 !!! THE ESMF_LOG IS SET TO OUTPUT ALL LOG MESSAGES !!!
20220319 063101.252 INFO             PET1 !!!     THIS MAY CAUSE SLOWDOWN IN PERFORMANCE     !!!
20220319 063101.252 INFO             PET1 !!! FOR PRODUCTION RUNS, USE:                      !!!
20220319 063101.252 INFO             PET1 !!!                   ESMF_LOGKIND_Multi_On_Error  !!!
20220319 063101.252 INFO             PET1 !!!!!!!!!!!!!!!!!!!!!!!!!!!!!!!!!!!!!!!!!!!!!!!!!!!!!!
20220319 063101.252 INFO             PET1 Running with ESMF Version   : v8.3.0b09-4-g424b2f26e0
20220319 063101.252 INFO             PET1 ESMF library build date/time: "Mar 19 2022" "06:02:38"
20220319 063101.252 INFO             PET1 ESMF library build location : /scratch1/NCEPDEV/stmp2/role.esmfmaint/intel_18.0.4_intelmpi_O_develop
20220319 063101.252 INFO             PET1 ESMF_COMM                   : intelmpi
20220319 063101.253 INFO             PET1 ESMF_MOAB                   : enabled
20220319 063101.253 INFO             PET1 ESMF_LAPACK                 : enabled
20220319 063101.253 INFO             PET1 ESMF_NETCDF                 : enabled
20220319 063101.253 INFO             PET1 ESMF_PNETCDF                : disabled
20220319 063101.253 INFO             PET1 ESMF_PIO                    : enabled
20220319 063101.253 INFO             PET1 ESMF_YAMLCPP                : enabled
20220319 063101.253 INFO             PET1  NUMBER_OF_PROCESSORS           2
20220319 063101.253 INFO             PET1  PASS  Example ESMF_VMUserMpiCommEx, ESMF_VMUserMpiCommEx.F90, line 113
20220319 063101.253 INFO             PET1 Finalizing ESMF
