build time -- 2022-03-08 06:07:30
20220308 063227.637 INFO             PET0 !!!!!!!!!!!!!!!!!!!!!!!!!!!!!!!!!!!!!!!!!!!!!!!!!!!!!!
20220308 063227.637 INFO             PET0 !!! THE ESMF_LOG IS SET TO OUTPUT ALL LOG MESSAGES !!!
20220308 063227.637 INFO             PET0 !!!     THIS MAY CAUSE SLOWDOWN IN PERFORMANCE     !!!
20220308 063227.637 INFO             PET0 !!! FOR PRODUCTION RUNS, USE:                      !!!
20220308 063227.637 INFO             PET0 !!!                   ESMF_LOGKIND_Multi_On_Error  !!!
20220308 063227.637 INFO             PET0 !!!!!!!!!!!!!!!!!!!!!!!!!!!!!!!!!!!!!!!!!!!!!!!!!!!!!!
20220308 063227.637 INFO             PET0 Running with ESMF Version   : v8.3.0b09
20220308 063227.637 INFO             PET0 ESMF library build date/time: "Mar  8 2022" "06:05:37"
20220308 063227.637 INFO             PET0 ESMF library build location : /scratch1/NCEPDEV/stmp2/role.esmfmaint/intel_18.0.4_intelmpi_O_develop
20220308 063227.638 INFO             PET0 ESMF_COMM                   : intelmpi
20220308 063227.638 INFO             PET0 ESMF_MOAB                   : enabled
20220308 063227.638 INFO             PET0 ESMF_LAPACK                 : enabled
20220308 063227.638 INFO             PET0 ESMF_NETCDF                 : enabled
20220308 063227.638 INFO             PET0 ESMF_PNETCDF                : disabled
20220308 063227.638 INFO             PET0 ESMF_PIO                    : enabled
20220308 063227.638 INFO             PET0 ESMF_YAMLCPP                : enabled
20220308 063227.639 INFO             PET0  NUMBER_OF_PROCESSORS           1
20220308 063227.639 INFO             PET0  PASS  Example ESMF_TimeEx, ESMF_TimeEx.F90, line 141
20220308 063227.639 INFO             PET0 Finalizing ESMF
