build time -- 2022-03-17 06:19:22
20220317 064635.890 INFO             PET0 !!!!!!!!!!!!!!!!!!!!!!!!!!!!!!!!!!!!!!!!!!!!!!!!!!!!!!
20220317 064635.890 INFO             PET0 !!! THE ESMF_LOG IS SET TO OUTPUT ALL LOG MESSAGES !!!
20220317 064635.890 INFO             PET0 !!!     THIS MAY CAUSE SLOWDOWN IN PERFORMANCE     !!!
20220317 064635.890 INFO             PET0 !!! FOR PRODUCTION RUNS, USE:                      !!!
20220317 064635.890 INFO             PET0 !!!                   ESMF_LOGKIND_Multi_On_Error  !!!
20220317 064635.890 INFO             PET0 !!!!!!!!!!!!!!!!!!!!!!!!!!!!!!!!!!!!!!!!!!!!!!!!!!!!!!
20220317 064635.890 INFO             PET0 Running with ESMF Version   : v8.3.0b09-3-ge20ebbf11d
20220317 064635.890 INFO             PET0 ESMF library build date/time: "Mar 17 2022" "06:17:39"
20220317 064635.890 INFO             PET0 ESMF library build location : /scratch1/NCEPDEV/stmp2/role.esmfmaint/intel_18.0.4_intelmpi_O_develop
20220317 064635.890 INFO             PET0 ESMF_COMM                   : intelmpi
20220317 064635.891 INFO             PET0 ESMF_MOAB                   : enabled
20220317 064635.891 INFO             PET0 ESMF_LAPACK                 : enabled
20220317 064635.891 INFO             PET0 ESMF_NETCDF                 : enabled
20220317 064635.891 INFO             PET0 ESMF_PNETCDF                : disabled
20220317 064635.891 INFO             PET0 ESMF_PIO                    : enabled
20220317 064635.891 INFO             PET0 ESMF_YAMLCPP                : enabled
20220317 064635.931 DEBUG            PET0 about to destroy Grid: 0x1a11e00
20220317 064635.935 DEBUG            PET0 about to destroy Grid: 0x1a13820
20220317 064635.946 INFO             PET0  NUMBER_OF_PROCESSORS           4
20220317 064635.946 INFO             PET0  PASS  Example ESMF_NUOPCAtmModelEx, ESMF_NUOPCAtmModelEx.F90, line 806
20220317 064635.946 INFO             PET0 Finalizing ESMF
20220317 064635.889 INFO             PET1 !!!!!!!!!!!!!!!!!!!!!!!!!!!!!!!!!!!!!!!!!!!!!!!!!!!!!!
20220317 064635.889 INFO             PET1 !!! THE ESMF_LOG IS SET TO OUTPUT ALL LOG MESSAGES !!!
20220317 064635.889 INFO             PET1 !!!     THIS MAY CAUSE SLOWDOWN IN PERFORMANCE     !!!
20220317 064635.889 INFO             PET1 !!! FOR PRODUCTION RUNS, USE:                      !!!
20220317 064635.889 INFO             PET1 !!!                   ESMF_LOGKIND_Multi_On_Error  !!!
20220317 064635.889 INFO             PET1 !!!!!!!!!!!!!!!!!!!!!!!!!!!!!!!!!!!!!!!!!!!!!!!!!!!!!!
20220317 064635.889 INFO             PET1 Running with ESMF Version   : v8.3.0b09-3-ge20ebbf11d
20220317 064635.889 INFO             PET1 ESMF library build date/time: "Mar 17 2022" "06:17:39"
20220317 064635.889 INFO             PET1 ESMF library build location : /scratch1/NCEPDEV/stmp2/role.esmfmaint/intel_18.0.4_intelmpi_O_develop
20220317 064635.889 INFO             PET1 ESMF_COMM                   : intelmpi
20220317 064635.890 INFO             PET1 ESMF_MOAB                   : enabled
20220317 064635.890 INFO             PET1 ESMF_LAPACK                 : enabled
20220317 064635.890 INFO             PET1 ESMF_NETCDF                 : enabled
20220317 064635.890 INFO             PET1 ESMF_PNETCDF                : disabled
20220317 064635.890 INFO             PET1 ESMF_PIO                    : enabled
20220317 064635.890 INFO             PET1 ESMF_YAMLCPP                : enabled
20220317 064635.931 DEBUG            PET1 about to destroy Grid: 0x17369c0
20220317 064635.935 DEBUG            PET1 about to destroy Grid: 0x17372b0
20220317 064635.945 INFO             PET1  NUMBER_OF_PROCESSORS           4
20220317 064635.945 INFO             PET1  PASS  Example ESMF_NUOPCAtmModelEx, ESMF_NUOPCAtmModelEx.F90, line 806
20220317 064635.945 INFO             PET1 Finalizing ESMF
20220317 064635.890 INFO             PET2 !!!!!!!!!!!!!!!!!!!!!!!!!!!!!!!!!!!!!!!!!!!!!!!!!!!!!!
20220317 064635.890 INFO             PET2 !!! THE ESMF_LOG IS SET TO OUTPUT ALL LOG MESSAGES !!!
20220317 064635.890 INFO             PET2 !!!     THIS MAY CAUSE SLOWDOWN IN PERFORMANCE     !!!
20220317 064635.890 INFO             PET2 !!! FOR PRODUCTION RUNS, USE:                      !!!
20220317 064635.890 INFO             PET2 !!!                   ESMF_LOGKIND_Multi_On_Error  !!!
20220317 064635.890 INFO             PET2 !!!!!!!!!!!!!!!!!!!!!!!!!!!!!!!!!!!!!!!!!!!!!!!!!!!!!!
20220317 064635.890 INFO             PET2 Running with ESMF Version   : v8.3.0b09-3-ge20ebbf11d
20220317 064635.890 INFO             PET2 ESMF library build date/time: "Mar 17 2022" "06:17:39"
20220317 064635.890 INFO             PET2 ESMF library build location : /scratch1/NCEPDEV/stmp2/role.esmfmaint/intel_18.0.4_intelmpi_O_develop
20220317 064635.890 INFO             PET2 ESMF_COMM                   : intelmpi
20220317 064635.891 INFO             PET2 ESMF_MOAB                   : enabled
20220317 064635.891 INFO             PET2 ESMF_LAPACK                 : enabled
20220317 064635.891 INFO             PET2 ESMF_NETCDF                 : enabled
20220317 064635.891 INFO             PET2 ESMF_PNETCDF                : disabled
20220317 064635.891 INFO             PET2 ESMF_PIO                    : enabled
20220317 064635.891 INFO             PET2 ESMF_YAMLCPP                : enabled
20220317 064635.931 DEBUG            PET2 about to destroy Grid: 0x19739c0
20220317 064635.935 DEBUG            PET2 about to destroy Grid: 0x19742b0
20220317 064635.946 INFO             PET2  NUMBER_OF_PROCESSORS           4
20220317 064635.946 INFO             PET2  PASS  Example ESMF_NUOPCAtmModelEx, ESMF_NUOPCAtmModelEx.F90, line 806
20220317 064635.946 INFO             PET2 Finalizing ESMF
20220317 064635.889 INFO             PET3 !!!!!!!!!!!!!!!!!!!!!!!!!!!!!!!!!!!!!!!!!!!!!!!!!!!!!!
20220317 064635.889 INFO             PET3 !!! THE ESMF_LOG IS SET TO OUTPUT ALL LOG MESSAGES !!!
20220317 064635.889 INFO             PET3 !!!     THIS MAY CAUSE SLOWDOWN IN PERFORMANCE     !!!
20220317 064635.889 INFO             PET3 !!! FOR PRODUCTION RUNS, USE:                      !!!
20220317 064635.889 INFO             PET3 !!!                   ESMF_LOGKIND_Multi_On_Error  !!!
20220317 064635.889 INFO             PET3 !!!!!!!!!!!!!!!!!!!!!!!!!!!!!!!!!!!!!!!!!!!!!!!!!!!!!!
20220317 064635.889 INFO             PET3 Running with ESMF Version   : v8.3.0b09-3-ge20ebbf11d
20220317 064635.889 INFO             PET3 ESMF library build date/time: "Mar 17 2022" "06:17:39"
20220317 064635.889 INFO             PET3 ESMF library build location : /scratch1/NCEPDEV/stmp2/role.esmfmaint/intel_18.0.4_intelmpi_O_develop
20220317 064635.889 INFO             PET3 ESMF_COMM                   : intelmpi
20220317 064635.890 INFO             PET3 ESMF_MOAB                   : enabled
20220317 064635.890 INFO             PET3 ESMF_LAPACK                 : enabled
20220317 064635.890 INFO             PET3 ESMF_NETCDF                 : enabled
20220317 064635.890 INFO             PET3 ESMF_PNETCDF                : disabled
20220317 064635.890 INFO             PET3 ESMF_PIO                    : enabled
20220317 064635.890 INFO             PET3 ESMF_YAMLCPP                : enabled
20220317 064635.931 DEBUG            PET3 about to destroy Grid: 0xbe05b0
20220317 064635.935 DEBUG            PET3 about to destroy Grid: 0xbe1290
20220317 064635.945 INFO             PET3  NUMBER_OF_PROCESSORS           4
20220317 064635.945 INFO             PET3  PASS  Example ESMF_NUOPCAtmModelEx, ESMF_NUOPCAtmModelEx.F90, line 806
20220317 064635.945 INFO             PET3 Finalizing ESMF
