build time -- 2022-03-18 03:08:14
20220318 035445.235 INFO             PET0 !!!!!!!!!!!!!!!!!!!!!!!!!!!!!!!!!!!!!!!!!!!!!!!!!!!!!!
20220318 035445.235 INFO             PET0 !!! THE ESMF_LOG IS SET TO OUTPUT ALL LOG MESSAGES !!!
20220318 035445.235 INFO             PET0 !!!     THIS MAY CAUSE SLOWDOWN IN PERFORMANCE     !!!
20220318 035445.235 INFO             PET0 !!! FOR PRODUCTION RUNS, USE:                      !!!
20220318 035445.235 INFO             PET0 !!!                   ESMF_LOGKIND_Multi_On_Error  !!!
20220318 035445.235 INFO             PET0 !!!!!!!!!!!!!!!!!!!!!!!!!!!!!!!!!!!!!!!!!!!!!!!!!!!!!!
20220318 035445.235 INFO             PET0 Running with ESMF Version   : v8.3.0b09-4-g424b2f26e0
20220318 035445.235 INFO             PET0 ESMF library build date/time: "Mar 18 2022" "03:06:28"
20220318 035445.235 INFO             PET0 ESMF library build location : /global/cscratch1/sd/rsdunlap/esmf-testing/intel_19.0.3_mpiuni_g_develop
20220318 035445.235 INFO             PET0 ESMF_COMM                   : mpiuni
20220318 035445.237 INFO             PET0 ESMF_MOAB                   : enabled
20220318 035445.237 INFO             PET0 ESMF_LAPACK                 : enabled
20220318 035445.237 INFO             PET0 ESMF_NETCDF                 : enabled
20220318 035445.237 INFO             PET0 ESMF_PNETCDF                : disabled
20220318 035445.237 INFO             PET0 ESMF_PIO                    : disabled
20220318 035445.237 INFO             PET0 ESMF_YAMLCPP                : enabled
20220318 035445.276 DEBUG            PET0 about to destroy Grid: 0x100000f73f0
20220318 035445.280 DEBUG            PET0 about to destroy Grid: 0x100000f8cd0
20220318 035445.293 INFO             PET0  NUMBER_OF_PROCESSORS           1
20220318 035445.293 INFO             PET0  PASS  Example ESMF_NUOPCAtmModelEx, ESMF_NUOPCAtmModelEx.F90, line 806
20220318 035445.293 INFO             PET0 Finalizing ESMF
