build time -- 2022-03-28 02:25:10
20220328 031020.292 INFO             PET0 !!!!!!!!!!!!!!!!!!!!!!!!!!!!!!!!!!!!!!!!!!!!!!!!!!!!!!
20220328 031020.292 INFO             PET0 !!! THE ESMF_LOG IS SET TO OUTPUT ALL LOG MESSAGES !!!
20220328 031020.292 INFO             PET0 !!!     THIS MAY CAUSE SLOWDOWN IN PERFORMANCE     !!!
20220328 031020.292 INFO             PET0 !!! FOR PRODUCTION RUNS, USE:                      !!!
20220328 031020.292 INFO             PET0 !!!                   ESMF_LOGKIND_Multi_On_Error  !!!
20220328 031020.292 INFO             PET0 !!!!!!!!!!!!!!!!!!!!!!!!!!!!!!!!!!!!!!!!!!!!!!!!!!!!!!
20220328 031020.292 INFO             PET0 Running with ESMF Version   : v8.3.0b10-105-ga5295e34ae
20220328 031020.292 INFO             PET0 ESMF library build date/time: "Mar 28 2022" "02:23:37"
20220328 031020.292 INFO             PET0 ESMF library build location : /global/cscratch1/sd/rsdunlap/esmf-testing/intel_19.0.3_mpiuni_g_develop
20220328 031020.292 INFO             PET0 ESMF_COMM                   : mpiuni
20220328 031020.294 INFO             PET0 ESMF_MOAB                   : enabled
20220328 031020.294 INFO             PET0 ESMF_LAPACK                 : enabled
20220328 031020.294 INFO             PET0 ESMF_NETCDF                 : enabled
20220328 031020.294 INFO             PET0 ESMF_PNETCDF                : disabled
20220328 031020.294 INFO             PET0 ESMF_PIO                    : disabled
20220328 031020.294 INFO             PET0 ESMF_YAMLCPP                : enabled
20220328 031022.760 INFO             PET0  NUMBER_OF_PROCESSORS           1
20220328 031022.762 INFO             PET0  PASS  Example ESMF_GridUsageEx, ESMF_GridUsageEx.F90, line 3470
20220328 031022.762 INFO             PET0 Finalizing ESMF
