build time -- 2022-03-19 07:39:31
20220319 195438.387 INFO             PET0 !!!!!!!!!!!!!!!!!!!!!!!!!!!!!!!!!!!!!!!!!!!!!!!!!!!!!!
20220319 195438.387 INFO             PET0 !!! THE ESMF_LOG IS SET TO OUTPUT ALL LOG MESSAGES !!!
20220319 195438.387 INFO             PET0 !!!     THIS MAY CAUSE SLOWDOWN IN PERFORMANCE     !!!
20220319 195438.387 INFO             PET0 !!! FOR PRODUCTION RUNS, USE:                      !!!
20220319 195438.387 INFO             PET0 !!!                   ESMF_LOGKIND_Multi_On_Error  !!!
20220319 195438.387 INFO             PET0 !!!!!!!!!!!!!!!!!!!!!!!!!!!!!!!!!!!!!!!!!!!!!!!!!!!!!!
20220319 195438.387 INFO             PET0 Running with ESMF Version   : v8.3.0b09-4-g424b2f26e0
20220319 195438.388 INFO             PET0 ESMF library build date/time: "Mar 19 2022" "07:37:57"
20220319 195438.388 INFO             PET0 ESMF library build location : /global/cscratch1/sd/rsdunlap/esmf-testing/intel_19.0.3_mpiuni_g_develop
20220319 195438.388 INFO             PET0 ESMF_COMM                   : mpiuni
20220319 195438.390 INFO             PET0 ESMF_MOAB                   : enabled
20220319 195438.390 INFO             PET0 ESMF_LAPACK                 : enabled
20220319 195438.390 INFO             PET0 ESMF_NETCDF                 : enabled
20220319 195438.390 INFO             PET0 ESMF_PNETCDF                : disabled
20220319 195438.390 INFO             PET0 ESMF_PIO                    : disabled
20220319 195438.390 INFO             PET0 ESMF_YAMLCPP                : enabled
20220319 195438.400 INFO             PET0  NUMBER_OF_PROCESSORS           1
20220319 195438.400 INFO             PET0  PASS  Example ESMF_NUOPCBasicModelEx, ESMF_NUOPCBasicModelEx.F90, line 339
20220319 195438.400 INFO             PET0 Finalizing ESMF
