build time -- 2022-03-25 02:45:05
20220325 034451.349 INFO             PET0 !!!!!!!!!!!!!!!!!!!!!!!!!!!!!!!!!!!!!!!!!!!!!!!!!!!!!!
20220325 034451.349 INFO             PET0 !!! THE ESMF_LOG IS SET TO OUTPUT ALL LOG MESSAGES !!!
20220325 034451.349 INFO             PET0 !!!     THIS MAY CAUSE SLOWDOWN IN PERFORMANCE     !!!
20220325 034451.349 INFO             PET0 !!! FOR PRODUCTION RUNS, USE:                      !!!
20220325 034451.349 INFO             PET0 !!!                   ESMF_LOGKIND_Multi_On_Error  !!!
20220325 034451.349 INFO             PET0 !!!!!!!!!!!!!!!!!!!!!!!!!!!!!!!!!!!!!!!!!!!!!!!!!!!!!!
20220325 034451.349 INFO             PET0 Running with ESMF Version   : v8.3.0b10-1-gffc7863d57
20220325 034451.349 INFO             PET0 ESMF library build date/time: "Mar 25 2022" "02:42:33"
20220325 034451.349 INFO             PET0 ESMF library build location : /global/cscratch1/sd/rsdunlap/esmf-testing/intel_19.0.3_mpiuni_g_develop
20220325 034451.349 INFO             PET0 ESMF_COMM                   : mpiuni
20220325 034451.350 INFO             PET0 ESMF_MOAB                   : enabled
20220325 034451.350 INFO             PET0 ESMF_LAPACK                 : enabled
20220325 034451.350 INFO             PET0 ESMF_NETCDF                 : enabled
20220325 034451.350 INFO             PET0 ESMF_PNETCDF                : disabled
20220325 034451.350 INFO             PET0 ESMF_PIO                    : disabled
20220325 034451.350 INFO             PET0 ESMF_YAMLCPP                : enabled
20220325 034451.352 INFO             PET0  NUMBER_OF_PROCESSORS           1
20220325 034451.352 INFO             PET0  PASS  Example ESMF_TimeEx, ESMF_TimeEx.F90, line 141
20220325 034451.352 INFO             PET0 Finalizing ESMF
