build time -- 2022-03-23 01:28:15.204869
20220323 014851.394 INFO             PET0 !!!!!!!!!!!!!!!!!!!!!!!!!!!!!!!!!!!!!!!!!!!!!!!!!!!!!!
20220323 014851.394 INFO             PET0 !!! THE ESMF_LOG IS SET TO OUTPUT ALL LOG MESSAGES !!!
20220323 014851.394 INFO             PET0 !!!     THIS MAY CAUSE SLOWDOWN IN PERFORMANCE     !!!
20220323 014851.394 INFO             PET0 !!! FOR PRODUCTION RUNS, USE:                      !!!
20220323 014851.394 INFO             PET0 !!!                   ESMF_LOGKIND_Multi_On_Error  !!!
20220323 014851.394 INFO             PET0 !!!!!!!!!!!!!!!!!!!!!!!!!!!!!!!!!!!!!!!!!!!!!!!!!!!!!!
20220323 014851.394 INFO             PET0 Running with ESMF Version   : v8.3.0b09-103-gbb860f29f6
20220323 014851.394 INFO             PET0 ESMF library build date/time: "Mar 23 2022" "01:27:01"
20220323 014851.394 INFO             PET0 ESMF library build location : /gpfsm/dnb04/projects/p98/mpotts/esmf/gfortran_8.3.0_mpt_O_jedwards_pio_update2
20220323 014851.394 INFO             PET0 ESMF_COMM                   : mpt
20220323 014851.394 INFO             PET0 ESMF_MOAB                   : enabled
20220323 014851.394 INFO             PET0 ESMF_LAPACK                 : enabled
20220323 014851.394 INFO             PET0 ESMF_NETCDF                 : disabled
20220323 014851.394 INFO             PET0 ESMF_PNETCDF                : disabled
20220323 014851.394 INFO             PET0 ESMF_PIO                    : disabled
20220323 014851.394 INFO             PET0 ESMF_YAMLCPP                : enabled
20220323 014851.394 INFO             PET0  NUMBER_OF_PROCESSORS           1
20220323 014851.394 INFO             PET0  PASS  Example CalendarEx, ESMF_CalendarEx.F90, line 217
20220323 014851.394 INFO             PET0 Finalizing ESMF
