build time -- 2022-03-19 01:07:39.108387
20220319 012654.851 INFO             PET0 !!!!!!!!!!!!!!!!!!!!!!!!!!!!!!!!!!!!!!!!!!!!!!!!!!!!!!
20220319 012654.851 INFO             PET0 !!! THE ESMF_LOG IS SET TO OUTPUT ALL LOG MESSAGES !!!
20220319 012654.851 INFO             PET0 !!!     THIS MAY CAUSE SLOWDOWN IN PERFORMANCE     !!!
20220319 012654.851 INFO             PET0 !!! FOR PRODUCTION RUNS, USE:                      !!!
20220319 012654.851 INFO             PET0 !!!                   ESMF_LOGKIND_Multi_On_Error  !!!
20220319 012654.851 INFO             PET0 !!!!!!!!!!!!!!!!!!!!!!!!!!!!!!!!!!!!!!!!!!!!!!!!!!!!!!
20220319 012654.851 INFO             PET0 Running with ESMF Version   : v8.3.0b09-102-gabaf3ef548
20220319 012654.851 INFO             PET0 ESMF library build date/time: "Mar 19 2022" "01:06:28"
20220319 012654.851 INFO             PET0 ESMF library build location : /gpfsm/dnb04/projects/p98/mpotts/esmf/gfortran_8.3.0_mpt_O_jedwards_pio_update2
20220319 012654.851 INFO             PET0 ESMF_COMM                   : mpt
20220319 012654.851 INFO             PET0 ESMF_MOAB                   : enabled
20220319 012654.851 INFO             PET0 ESMF_LAPACK                 : enabled
20220319 012654.851 INFO             PET0 ESMF_NETCDF                 : disabled
20220319 012654.851 INFO             PET0 ESMF_PNETCDF                : disabled
20220319 012654.851 INFO             PET0 ESMF_PIO                    : disabled
20220319 012654.851 INFO             PET0 ESMF_YAMLCPP                : enabled
20220319 012654.883 DEBUG            PET0 about to destroy Grid: 0x17ac0f0
20220319 012654.886 DEBUG            PET0 about to destroy Grid: 0x17add20
20220319 012654.896 INFO             PET0  NUMBER_OF_PROCESSORS           4
20220319 012654.896 INFO             PET0  PASS  Example ESMF_NUOPCAtmModelEx, ESMF_NUOPCAtmModelEx.F90, line 806
20220319 012654.896 INFO             PET0 Finalizing ESMF
20220319 012654.851 INFO             PET1 !!!!!!!!!!!!!!!!!!!!!!!!!!!!!!!!!!!!!!!!!!!!!!!!!!!!!!
20220319 012654.851 INFO             PET1 !!! THE ESMF_LOG IS SET TO OUTPUT ALL LOG MESSAGES !!!
20220319 012654.851 INFO             PET1 !!!     THIS MAY CAUSE SLOWDOWN IN PERFORMANCE     !!!
20220319 012654.851 INFO             PET1 !!! FOR PRODUCTION RUNS, USE:                      !!!
20220319 012654.851 INFO             PET1 !!!                   ESMF_LOGKIND_Multi_On_Error  !!!
20220319 012654.851 INFO             PET1 !!!!!!!!!!!!!!!!!!!!!!!!!!!!!!!!!!!!!!!!!!!!!!!!!!!!!!
20220319 012654.851 INFO             PET1 Running with ESMF Version   : v8.3.0b09-102-gabaf3ef548
20220319 012654.851 INFO             PET1 ESMF library build date/time: "Mar 19 2022" "01:06:28"
20220319 012654.851 INFO             PET1 ESMF library build location : /gpfsm/dnb04/projects/p98/mpotts/esmf/gfortran_8.3.0_mpt_O_jedwards_pio_update2
20220319 012654.851 INFO             PET1 ESMF_COMM                   : mpt
20220319 012654.851 INFO             PET1 ESMF_MOAB                   : enabled
20220319 012654.851 INFO             PET1 ESMF_LAPACK                 : enabled
20220319 012654.851 INFO             PET1 ESMF_NETCDF                 : disabled
20220319 012654.851 INFO             PET1 ESMF_PNETCDF                : disabled
20220319 012654.851 INFO             PET1 ESMF_PIO                    : disabled
20220319 012654.851 INFO             PET1 ESMF_YAMLCPP                : enabled
20220319 012654.883 DEBUG            PET1 about to destroy Grid: 0x17ac5a0
20220319 012654.886 DEBUG            PET1 about to destroy Grid: 0x17a9f00
20220319 012654.896 INFO             PET1  NUMBER_OF_PROCESSORS           4
20220319 012654.896 INFO             PET1  PASS  Example ESMF_NUOPCAtmModelEx, ESMF_NUOPCAtmModelEx.F90, line 806
20220319 012654.896 INFO             PET1 Finalizing ESMF
20220319 012654.851 INFO             PET2 !!!!!!!!!!!!!!!!!!!!!!!!!!!!!!!!!!!!!!!!!!!!!!!!!!!!!!
20220319 012654.851 INFO             PET2 !!! THE ESMF_LOG IS SET TO OUTPUT ALL LOG MESSAGES !!!
20220319 012654.851 INFO             PET2 !!!     THIS MAY CAUSE SLOWDOWN IN PERFORMANCE     !!!
20220319 012654.851 INFO             PET2 !!! FOR PRODUCTION RUNS, USE:                      !!!
20220319 012654.851 INFO             PET2 !!!                   ESMF_LOGKIND_Multi_On_Error  !!!
20220319 012654.851 INFO             PET2 !!!!!!!!!!!!!!!!!!!!!!!!!!!!!!!!!!!!!!!!!!!!!!!!!!!!!!
20220319 012654.851 INFO             PET2 Running with ESMF Version   : v8.3.0b09-102-gabaf3ef548
20220319 012654.851 INFO             PET2 ESMF library build date/time: "Mar 19 2022" "01:06:28"
20220319 012654.851 INFO             PET2 ESMF library build location : /gpfsm/dnb04/projects/p98/mpotts/esmf/gfortran_8.3.0_mpt_O_jedwards_pio_update2
20220319 012654.851 INFO             PET2 ESMF_COMM                   : mpt
20220319 012654.851 INFO             PET2 ESMF_MOAB                   : enabled
20220319 012654.851 INFO             PET2 ESMF_LAPACK                 : enabled
20220319 012654.851 INFO             PET2 ESMF_NETCDF                 : disabled
20220319 012654.851 INFO             PET2 ESMF_PNETCDF                : disabled
20220319 012654.851 INFO             PET2 ESMF_PIO                    : disabled
20220319 012654.851 INFO             PET2 ESMF_YAMLCPP                : enabled
20220319 012654.883 DEBUG            PET2 about to destroy Grid: 0x17abb40
20220319 012654.886 DEBUG            PET2 about to destroy Grid: 0x17ad050
20220319 012654.896 INFO             PET2  NUMBER_OF_PROCESSORS           4
20220319 012654.896 INFO             PET2  PASS  Example ESMF_NUOPCAtmModelEx, ESMF_NUOPCAtmModelEx.F90, line 806
20220319 012654.896 INFO             PET2 Finalizing ESMF
20220319 012654.851 INFO             PET3 !!!!!!!!!!!!!!!!!!!!!!!!!!!!!!!!!!!!!!!!!!!!!!!!!!!!!!
20220319 012654.851 INFO             PET3 !!! THE ESMF_LOG IS SET TO OUTPUT ALL LOG MESSAGES !!!
20220319 012654.851 INFO             PET3 !!!     THIS MAY CAUSE SLOWDOWN IN PERFORMANCE     !!!
20220319 012654.851 INFO             PET3 !!! FOR PRODUCTION RUNS, USE:                      !!!
20220319 012654.851 INFO             PET3 !!!                   ESMF_LOGKIND_Multi_On_Error  !!!
20220319 012654.851 INFO             PET3 !!!!!!!!!!!!!!!!!!!!!!!!!!!!!!!!!!!!!!!!!!!!!!!!!!!!!!
20220319 012654.851 INFO             PET3 Running with ESMF Version   : v8.3.0b09-102-gabaf3ef548
20220319 012654.851 INFO             PET3 ESMF library build date/time: "Mar 19 2022" "01:06:28"
20220319 012654.851 INFO             PET3 ESMF library build location : /gpfsm/dnb04/projects/p98/mpotts/esmf/gfortran_8.3.0_mpt_O_jedwards_pio_update2
20220319 012654.851 INFO             PET3 ESMF_COMM                   : mpt
20220319 012654.851 INFO             PET3 ESMF_MOAB                   : enabled
20220319 012654.851 INFO             PET3 ESMF_LAPACK                 : enabled
20220319 012654.851 INFO             PET3 ESMF_NETCDF                 : disabled
20220319 012654.851 INFO             PET3 ESMF_PNETCDF                : disabled
20220319 012654.851 INFO             PET3 ESMF_PIO                    : disabled
20220319 012654.851 INFO             PET3 ESMF_YAMLCPP                : enabled
20220319 012654.883 DEBUG            PET3 about to destroy Grid: 0x17abbc0
20220319 012654.886 DEBUG            PET3 about to destroy Grid: 0x17ad0d0
20220319 012654.896 INFO             PET3  NUMBER_OF_PROCESSORS           4
20220319 012654.896 INFO             PET3  PASS  Example ESMF_NUOPCAtmModelEx, ESMF_NUOPCAtmModelEx.F90, line 806
20220319 012654.896 INFO             PET3 Finalizing ESMF
