build time -- 2022-03-09 01:09:54.359536
20220309 013122.333 INFO             PET0 !!!!!!!!!!!!!!!!!!!!!!!!!!!!!!!!!!!!!!!!!!!!!!!!!!!!!!
20220309 013122.333 INFO             PET0 !!! THE ESMF_LOG IS SET TO OUTPUT ALL LOG MESSAGES !!!
20220309 013122.333 INFO             PET0 !!!     THIS MAY CAUSE SLOWDOWN IN PERFORMANCE     !!!
20220309 013122.333 INFO             PET0 !!! FOR PRODUCTION RUNS, USE:                      !!!
20220309 013122.333 INFO             PET0 !!!                   ESMF_LOGKIND_Multi_On_Error  !!!
20220309 013122.333 INFO             PET0 !!!!!!!!!!!!!!!!!!!!!!!!!!!!!!!!!!!!!!!!!!!!!!!!!!!!!!
20220309 013122.333 INFO             PET0 Running with ESMF Version   : v8.3.0b09-93-ga567ee5dcd
20220309 013122.333 INFO             PET0 ESMF library build date/time: "Mar  9 2022" "01:08:41"
20220309 013122.333 INFO             PET0 ESMF library build location : /gpfsm/dnb04/projects/p98/mpotts/esmf/gfortran_8.3.0_mpt_O_jedwards_pio_update2
20220309 013122.333 INFO             PET0 ESMF_COMM                   : mpt
20220309 013122.333 INFO             PET0 ESMF_MOAB                   : enabled
20220309 013122.333 INFO             PET0 ESMF_LAPACK                 : enabled
20220309 013122.333 INFO             PET0 ESMF_NETCDF                 : disabled
20220309 013122.333 INFO             PET0 ESMF_PNETCDF                : disabled
20220309 013122.333 INFO             PET0 ESMF_PIO                    : disabled
20220309 013122.333 INFO             PET0 ESMF_YAMLCPP                : enabled
20220309 013122.335 INFO             PET0  NUMBER_OF_PROCESSORS           1
20220309 013122.335 INFO             PET0  PASS  Example ESMF_ClockEx, ESMF_ClockEx.F90, line 220
20220309 013122.335 INFO             PET0 Finalizing ESMF
20220309 013122.335 INFO             PET0 ESMCI_IO_Handler.C:356 ESMCI::IO_Handler::finalize() before return, localrc = 0
