build time -- 2022-03-26 00:22:11
Sat Mar 26 01:41:43 2022: [unset]:_pmi_alps_init:alps_get_placement_info returned with error -1
Sat Mar 26 01:41:43 2022: [unset]:_pmi_init:_pmi_alps_init returned -1
--- ESMCI::VM::print() start ---
--- ESMCI::VMId::print() start ---
  vmKeyWidth = 1
  vmKey=0x80000000
  localID = 1
--- ESMCI::VMId::print() end ---
--- VMK::print() start ---
vm located at: 0x3085280
npets = 1, mypet=0
  pth_mutex =		 0x30820c0
  pth_finish_count =	 0x3086c80
MPI_Comm_size: 1
MPI_Comm_rank in local MPI communicator: 0
MPI_Comm_rank in MPI_COMM_WORLD: 0
MPI thread level support: 2
mpi_mutex_flag: 1
mpionly: 0
threadsflag: 0
  lpid[0]=0, tid[0]=0, vas[0]=0, ncpet[0]=1, nadevs[0]=0, cid[0][0]=0
ncores = 1
  cpuid[0]=0, ssiid[0]=0
--- VMK::print() end ---
--- ESMCI::VM::print() end ---
--- ESMCI::VM::print() start ---
--- ESMCI::VMId::print() start ---
  vmKeyWidth = 1
  vmKey=0x80000000
  localID = 1
--- ESMCI::VMId::print() end ---
--- VMK::print() start ---
vm located at: 0x3085280
npets = 1, mypet=0
  pth_mutex =		 0x30820c0
  pth_finish_count =	 0x3086c80
MPI_Comm_size: 1
MPI_Comm_rank in local MPI communicator: 0
MPI_Comm_rank in MPI_COMM_WORLD: 0
MPI thread level support: 2
mpi_mutex_flag: 1
mpionly: 0
threadsflag: 0
  lpid[0]=0, tid[0]=0, vas[0]=0, ncpet[0]=1, nadevs[0]=0, cid[0][0]=0
ncores = 1
  cpuid[0]=0, ssiid[0]=0
--- VMK::print() end ---
--- ESMCI::VM::print() end ---
--- ESMCI::VM::print() start ---
--- ESMCI::VMId::print() start ---
  vmKeyWidth = 1
  vmKey=0x80000000
  localID = 1
--- ESMCI::VMId::print() end ---
--- VMK::print() start ---
vm located at: 0x3085280
npets = 1, mypet=0
  pth_mutex =		 0x30820c0
  pth_finish_count =	 0x3086c80
MPI_Comm_size: 1
MPI_Comm_rank in local MPI communicator: 0
MPI_Comm_rank in MPI_COMM_WORLD: 0
MPI thread level support: 2
mpi_mutex_flag: 1
mpionly: 0
threadsflag: 0
  lpid[0]=0, tid[0]=0, vas[0]=0, ncpet[0]=1, nadevs[0]=0, cid[0][0]=0
ncores = 1
  cpuid[0]=0, ssiid[0]=0
--- VMK::print() end ---
--- ESMCI::VM::print() end ---
  PASS  Example ESMF_VMComponentEx, ESMF_VMComponentEx.F90, line 197
 PASS: ESMF_VMComponentEx.F90
