build time -- 2022-03-07 23:47:39
20220308 011335.573 INFO             PET0 !!!!!!!!!!!!!!!!!!!!!!!!!!!!!!!!!!!!!!!!!!!!!!!!!!!!!!
20220308 011335.574 INFO             PET0 !!! THE ESMF_LOG IS SET TO OUTPUT ALL LOG MESSAGES !!!
20220308 011335.574 INFO             PET0 !!!     THIS MAY CAUSE SLOWDOWN IN PERFORMANCE     !!!
20220308 011335.574 INFO             PET0 !!! FOR PRODUCTION RUNS, USE:                      !!!
20220308 011335.574 INFO             PET0 !!!                   ESMF_LOGKIND_Multi_On_Error  !!!
20220308 011335.574 INFO             PET0 !!!!!!!!!!!!!!!!!!!!!!!!!!!!!!!!!!!!!!!!!!!!!!!!!!!!!!
20220308 011335.574 INFO             PET0 Running with ESMF Version   : v8.3.0b09
20220308 011335.574 INFO             PET0 ESMF library build date/time: "Mar  7 2022" "23:45:54"
20220308 011335.574 INFO             PET0 ESMF library build location : /lustre/f2/dev/ncep/Mark.Potts/gfortran_8.3.0_mpiuni_g_develop
20220308 011335.574 INFO             PET0 ESMF_COMM                   : mpiuni
20220308 011335.583 INFO             PET0 ESMF_MOAB                   : enabled
20220308 011335.583 INFO             PET0 ESMF_LAPACK                 : enabled
20220308 011335.583 INFO             PET0 ESMF_NETCDF                 : enabled
20220308 011335.583 INFO             PET0 ESMF_PNETCDF                : disabled
20220308 011335.583 INFO             PET0 ESMF_PIO                    : disabled
20220308 011335.583 INFO             PET0 ESMF_YAMLCPP                : enabled
20220308 011335.588 INFO             PET0 ESMF_FieldRedistStoreNF(): Just entered routine.
20220308 011336.064 INFO             PET0 ESMF_FieldRedistStoreNF(): Leaving routine.
20220308 011336.147 INFO             PET0  NUMBER_OF_PROCESSORS           1
20220308 011336.147 INFO             PET0  PASS  Example ESMF_RHandleFromFileEx, ESMF_RHandleFromFileEx.F90, line 192
20220308 011336.147 INFO             PET0 Finalizing ESMF
