build time -- 2022-03-12 23:38:12
20220313 010306.531 INFO             PET0 !!!!!!!!!!!!!!!!!!!!!!!!!!!!!!!!!!!!!!!!!!!!!!!!!!!!!!
20220313 010306.531 INFO             PET0 !!! THE ESMF_LOG IS SET TO OUTPUT ALL LOG MESSAGES !!!
20220313 010306.531 INFO             PET0 !!!     THIS MAY CAUSE SLOWDOWN IN PERFORMANCE     !!!
20220313 010306.531 INFO             PET0 !!! FOR PRODUCTION RUNS, USE:                      !!!
20220313 010306.531 INFO             PET0 !!!                   ESMF_LOGKIND_Multi_On_Error  !!!
20220313 010306.531 INFO             PET0 !!!!!!!!!!!!!!!!!!!!!!!!!!!!!!!!!!!!!!!!!!!!!!!!!!!!!!
20220313 010306.531 INFO             PET0 Running with ESMF Version   : v8.3.0b09
20220313 010306.531 INFO             PET0 ESMF library build date/time: "Mar 12 2022" "23:36:25"
20220313 010306.531 INFO             PET0 ESMF library build location : /lustre/f2/dev/ncep/Mark.Potts/gfortran_8.3.0_mpiuni_g_develop
20220313 010306.531 INFO             PET0 ESMF_COMM                   : mpiuni
20220313 010306.532 INFO             PET0 ESMF_MOAB                   : enabled
20220313 010306.532 INFO             PET0 ESMF_LAPACK                 : enabled
20220313 010306.532 INFO             PET0 ESMF_NETCDF                 : enabled
20220313 010306.532 INFO             PET0 ESMF_PNETCDF                : disabled
20220313 010306.532 INFO             PET0 ESMF_PIO                    : disabled
20220313 010306.532 INFO             PET0 ESMF_YAMLCPP                : enabled
20220313 010306.591 ERROR            PET0 ESMCI_Info.C:1278 Info::set(<json>) Cannot set value  - Error/Return Code 540 (ESMC_RC_CANNOT_SET) - Key '/myIntegerKey' already in map and force=false.
20220313 010306.591 ERROR            PET0 ESMCI_Info.C:1281 Info::set(<json>) Cannot set value  - Internal subroutine call returned Error
20220313 010306.591 ERROR            PET0 ESMCI_Info.C:1323 Info::set(<json>) Cannot set value  - Internal subroutine call returned Error
20220313 010306.591 ERROR            PET0 ESMCI_Info.C:1326 Info::set(<json>) Cannot set value  - Internal subroutine call returned Error
20220313 010306.591 ERROR            PET0 ESMCI_Info.C:1374 Info::set(<scalar>) Cannot set value  - Internal subroutine call returned Error
20220313 010306.591 ERROR            PET0 ESMC_InfoCDefGeneric.C:387 ESMC_InfoSetI4() Cannot set value  - Internal subroutine call returned Error
20220313 010306.591 ERROR            PET0 ESMF_Info.F90:2866 ESMF_InfoSetI4() Cannot set value  - Internal subroutine call returned Error
20220313 010306.591 INFO             PET0  NUMBER_OF_PROCESSORS           1
20220313 010306.591 INFO             PET0  PASS  Example ESMF_InfoTutorialEx, ESMF_InfoTutorialEx.F90, line 335
20220313 010306.591 INFO             PET0 Finalizing ESMF
