build time -- 2022-03-10 23:37:40
20220311 010021.282 INFO             PET0 !!!!!!!!!!!!!!!!!!!!!!!!!!!!!!!!!!!!!!!!!!!!!!!!!!!!!!
20220311 010021.282 INFO             PET0 !!! THE ESMF_LOG IS SET TO OUTPUT ALL LOG MESSAGES !!!
20220311 010021.282 INFO             PET0 !!!     THIS MAY CAUSE SLOWDOWN IN PERFORMANCE     !!!
20220311 010021.282 INFO             PET0 !!! FOR PRODUCTION RUNS, USE:                      !!!
20220311 010021.282 INFO             PET0 !!!                   ESMF_LOGKIND_Multi_On_Error  !!!
20220311 010021.282 INFO             PET0 !!!!!!!!!!!!!!!!!!!!!!!!!!!!!!!!!!!!!!!!!!!!!!!!!!!!!!
20220311 010021.282 INFO             PET0 Running with ESMF Version   : v8.3.0b09
20220311 010021.282 INFO             PET0 ESMF library build date/time: "Mar 10 2022" "23:35:54"
20220311 010021.282 INFO             PET0 ESMF library build location : /lustre/f2/dev/ncep/Mark.Potts/gfortran_8.3.0_mpiuni_g_develop
20220311 010021.282 INFO             PET0 ESMF_COMM                   : mpiuni
20220311 010021.283 INFO             PET0 ESMF_MOAB                   : enabled
20220311 010021.283 INFO             PET0 ESMF_LAPACK                 : enabled
20220311 010021.283 INFO             PET0 ESMF_NETCDF                 : enabled
20220311 010021.283 INFO             PET0 ESMF_PNETCDF                : disabled
20220311 010021.283 INFO             PET0 ESMF_PIO                    : disabled
20220311 010021.283 INFO             PET0 ESMF_YAMLCPP                : enabled
20220311 010021.283 INFO             PET0  NUMBER_OF_PROCESSORS           1
20220311 010021.283 INFO             PET0  PASS  Example ESMF_VMHigherRankDataEx, ESMF_VMHigherRankDataEx.F90, line 140
20220311 010021.283 INFO             PET0 Finalizing ESMF
