build time -- 2022-03-24 00:39:42
20220324 020142.238 INFO             PET0 !!!!!!!!!!!!!!!!!!!!!!!!!!!!!!!!!!!!!!!!!!!!!!!!!!!!!!
20220324 020142.238 INFO             PET0 !!! THE ESMF_LOG IS SET TO OUTPUT ALL LOG MESSAGES !!!
20220324 020142.238 INFO             PET0 !!!     THIS MAY CAUSE SLOWDOWN IN PERFORMANCE     !!!
20220324 020142.238 INFO             PET0 !!! FOR PRODUCTION RUNS, USE:                      !!!
20220324 020142.238 INFO             PET0 !!!                   ESMF_LOGKIND_Multi_On_Error  !!!
20220324 020142.238 INFO             PET0 !!!!!!!!!!!!!!!!!!!!!!!!!!!!!!!!!!!!!!!!!!!!!!!!!!!!!!
20220324 020142.238 INFO             PET0 Running with ESMF Version   : v8.3.0b09-6-gdac1bc5728
20220324 020142.238 INFO             PET0 ESMF library build date/time: "Mar 24 2022" "00:37:54"
20220324 020142.238 INFO             PET0 ESMF library build location : /lustre/f2/dev/ncep/Mark.Potts/gfortran_8.3.0_mpiuni_g_develop
20220324 020142.238 INFO             PET0 ESMF_COMM                   : mpiuni
20220324 020142.239 INFO             PET0 ESMF_MOAB                   : enabled
20220324 020142.239 INFO             PET0 ESMF_LAPACK                 : enabled
20220324 020142.239 INFO             PET0 ESMF_NETCDF                 : enabled
20220324 020142.239 INFO             PET0 ESMF_PNETCDF                : disabled
20220324 020142.239 INFO             PET0 ESMF_PIO                    : disabled
20220324 020142.239 INFO             PET0 ESMF_YAMLCPP                : enabled
20220324 020142.239 INFO             PET0  NUMBER_OF_PROCESSORS           1
20220324 020142.239 INFO             PET0  PASS  Example ESMF_VMNonBlockingEx, ESMF_VMNonBlockingEx.F90, line 434
20220324 020142.239 INFO             PET0 Finalizing ESMF
