build time -- 2022-03-19 01:15:18.983938
20220319 013555.438 INFO             PET0 !!!!!!!!!!!!!!!!!!!!!!!!!!!!!!!!!!!!!!!!!!!!!!!!!!!!!!
20220319 013555.438 INFO             PET0 !!! THE ESMF_LOG IS SET TO OUTPUT ALL LOG MESSAGES !!!
20220319 013555.438 INFO             PET0 !!!     THIS MAY CAUSE SLOWDOWN IN PERFORMANCE     !!!
20220319 013555.438 INFO             PET0 !!! FOR PRODUCTION RUNS, USE:                      !!!
20220319 013555.438 INFO             PET0 !!!                   ESMF_LOGKIND_Multi_On_Error  !!!
20220319 013555.438 INFO             PET0 !!!!!!!!!!!!!!!!!!!!!!!!!!!!!!!!!!!!!!!!!!!!!!!!!!!!!!
20220319 013555.438 INFO             PET0 Running with ESMF Version   : v8.3.0b09-4-g424b2f26e0
20220319 013555.438 INFO             PET0 ESMF library build date/time: "Mar 19 2022" "01:13:45"
20220319 013555.438 INFO             PET0 ESMF library build location : /gpfsm/dnb04/projects/p98/mpotts/esmf/gfortran_8.3.0_mpt_g_develop
20220319 013555.438 INFO             PET0 ESMF_COMM                   : mpt
20220319 013555.438 INFO             PET0 ESMF_MOAB                   : enabled
20220319 013555.438 INFO             PET0 ESMF_LAPACK                 : enabled
20220319 013555.438 INFO             PET0 ESMF_NETCDF                 : disabled
20220319 013555.438 INFO             PET0 ESMF_PNETCDF                : disabled
20220319 013555.438 INFO             PET0 ESMF_PIO                    : enabled
20220319 013555.438 INFO             PET0 ESMF_YAMLCPP                : enabled
20220319 013555.438 INFO             PET0  NUMBER_OF_PROCESSORS           1
20220319 013555.438 INFO             PET0  PASS  Example ESMF_TimeIntervalEx, ESMF_TimeIntervalEx.F90, line 176
20220319 013555.438 INFO             PET0 Finalizing ESMF
