build time -- 2022-03-08 01:24:35.162955
20220308 014628.266 INFO             PET0 !!!!!!!!!!!!!!!!!!!!!!!!!!!!!!!!!!!!!!!!!!!!!!!!!!!!!!
20220308 014628.266 INFO             PET0 !!! THE ESMF_LOG IS SET TO OUTPUT ALL LOG MESSAGES !!!
20220308 014628.266 INFO             PET0 !!!     THIS MAY CAUSE SLOWDOWN IN PERFORMANCE     !!!
20220308 014628.266 INFO             PET0 !!! FOR PRODUCTION RUNS, USE:                      !!!
20220308 014628.266 INFO             PET0 !!!                   ESMF_LOGKIND_Multi_On_Error  !!!
20220308 014628.266 INFO             PET0 !!!!!!!!!!!!!!!!!!!!!!!!!!!!!!!!!!!!!!!!!!!!!!!!!!!!!!
20220308 014628.266 INFO             PET0 Running with ESMF Version   : v8.3.0b09
20220308 014628.266 INFO             PET0 ESMF library build date/time: "Mar  8 2022" "01:23:05"
20220308 014628.266 INFO             PET0 ESMF library build location : /gpfsm/dnb04/projects/p98/mpotts/esmf/gfortran_8.3.0_mpt_g_develop
20220308 014628.266 INFO             PET0 ESMF_COMM                   : mpt
20220308 014628.266 INFO             PET0 ESMF_MOAB                   : enabled
20220308 014628.266 INFO             PET0 ESMF_LAPACK                 : enabled
20220308 014628.266 INFO             PET0 ESMF_NETCDF                 : disabled
20220308 014628.266 INFO             PET0 ESMF_PNETCDF                : disabled
20220308 014628.266 INFO             PET0 ESMF_PIO                    : enabled
20220308 014628.266 INFO             PET0 ESMF_YAMLCPP                : enabled
20220308 014628.355 DEBUG            PET0 about to destroy Grid: 0x17abc60
20220308 014628.366 DEBUG            PET0 about to destroy Grid: 0x17ad260
20220308 014628.396 INFO             PET0  NUMBER_OF_PROCESSORS           4
20220308 014628.396 INFO             PET0  PASS  Example ESMF_NUOPCAtmModelEx, ESMF_NUOPCAtmModelEx.F90, line 806
20220308 014628.396 INFO             PET0 Finalizing ESMF
20220308 014628.266 INFO             PET1 !!!!!!!!!!!!!!!!!!!!!!!!!!!!!!!!!!!!!!!!!!!!!!!!!!!!!!
20220308 014628.266 INFO             PET1 !!! THE ESMF_LOG IS SET TO OUTPUT ALL LOG MESSAGES !!!
20220308 014628.266 INFO             PET1 !!!     THIS MAY CAUSE SLOWDOWN IN PERFORMANCE     !!!
20220308 014628.266 INFO             PET1 !!! FOR PRODUCTION RUNS, USE:                      !!!
20220308 014628.266 INFO             PET1 !!!                   ESMF_LOGKIND_Multi_On_Error  !!!
20220308 014628.266 INFO             PET1 !!!!!!!!!!!!!!!!!!!!!!!!!!!!!!!!!!!!!!!!!!!!!!!!!!!!!!
20220308 014628.266 INFO             PET1 Running with ESMF Version   : v8.3.0b09
20220308 014628.266 INFO             PET1 ESMF library build date/time: "Mar  8 2022" "01:23:05"
20220308 014628.266 INFO             PET1 ESMF library build location : /gpfsm/dnb04/projects/p98/mpotts/esmf/gfortran_8.3.0_mpt_g_develop
20220308 014628.266 INFO             PET1 ESMF_COMM                   : mpt
20220308 014628.266 INFO             PET1 ESMF_MOAB                   : enabled
20220308 014628.266 INFO             PET1 ESMF_LAPACK                 : enabled
20220308 014628.266 INFO             PET1 ESMF_NETCDF                 : disabled
20220308 014628.266 INFO             PET1 ESMF_PNETCDF                : disabled
20220308 014628.266 INFO             PET1 ESMF_PIO                    : enabled
20220308 014628.266 INFO             PET1 ESMF_YAMLCPP                : enabled
20220308 014628.355 DEBUG            PET1 about to destroy Grid: 0x17ac2f0
20220308 014628.366 DEBUG            PET1 about to destroy Grid: 0x17ad550
20220308 014628.396 INFO             PET1  NUMBER_OF_PROCESSORS           4
20220308 014628.396 INFO             PET1  PASS  Example ESMF_NUOPCAtmModelEx, ESMF_NUOPCAtmModelEx.F90, line 806
20220308 014628.396 INFO             PET1 Finalizing ESMF
20220308 014628.266 INFO             PET2 !!!!!!!!!!!!!!!!!!!!!!!!!!!!!!!!!!!!!!!!!!!!!!!!!!!!!!
20220308 014628.266 INFO             PET2 !!! THE ESMF_LOG IS SET TO OUTPUT ALL LOG MESSAGES !!!
20220308 014628.266 INFO             PET2 !!!     THIS MAY CAUSE SLOWDOWN IN PERFORMANCE     !!!
20220308 014628.266 INFO             PET2 !!! FOR PRODUCTION RUNS, USE:                      !!!
20220308 014628.266 INFO             PET2 !!!                   ESMF_LOGKIND_Multi_On_Error  !!!
20220308 014628.266 INFO             PET2 !!!!!!!!!!!!!!!!!!!!!!!!!!!!!!!!!!!!!!!!!!!!!!!!!!!!!!
20220308 014628.266 INFO             PET2 Running with ESMF Version   : v8.3.0b09
20220308 014628.266 INFO             PET2 ESMF library build date/time: "Mar  8 2022" "01:23:05"
20220308 014628.266 INFO             PET2 ESMF library build location : /gpfsm/dnb04/projects/p98/mpotts/esmf/gfortran_8.3.0_mpt_g_develop
20220308 014628.266 INFO             PET2 ESMF_COMM                   : mpt
20220308 014628.266 INFO             PET2 ESMF_MOAB                   : enabled
20220308 014628.266 INFO             PET2 ESMF_LAPACK                 : enabled
20220308 014628.266 INFO             PET2 ESMF_NETCDF                 : disabled
20220308 014628.266 INFO             PET2 ESMF_PNETCDF                : disabled
20220308 014628.266 INFO             PET2 ESMF_PIO                    : enabled
20220308 014628.266 INFO             PET2 ESMF_YAMLCPP                : enabled
20220308 014628.355 DEBUG            PET2 about to destroy Grid: 0x17ab920
20220308 014628.366 DEBUG            PET2 about to destroy Grid: 0x17ad610
20220308 014628.396 INFO             PET2  NUMBER_OF_PROCESSORS           4
20220308 014628.396 INFO             PET2  PASS  Example ESMF_NUOPCAtmModelEx, ESMF_NUOPCAtmModelEx.F90, line 806
20220308 014628.396 INFO             PET2 Finalizing ESMF
20220308 014628.266 INFO             PET3 !!!!!!!!!!!!!!!!!!!!!!!!!!!!!!!!!!!!!!!!!!!!!!!!!!!!!!
20220308 014628.266 INFO             PET3 !!! THE ESMF_LOG IS SET TO OUTPUT ALL LOG MESSAGES !!!
20220308 014628.266 INFO             PET3 !!!     THIS MAY CAUSE SLOWDOWN IN PERFORMANCE     !!!
20220308 014628.266 INFO             PET3 !!! FOR PRODUCTION RUNS, USE:                      !!!
20220308 014628.266 INFO             PET3 !!!                   ESMF_LOGKIND_Multi_On_Error  !!!
20220308 014628.266 INFO             PET3 !!!!!!!!!!!!!!!!!!!!!!!!!!!!!!!!!!!!!!!!!!!!!!!!!!!!!!
20220308 014628.266 INFO             PET3 Running with ESMF Version   : v8.3.0b09
20220308 014628.266 INFO             PET3 ESMF library build date/time: "Mar  8 2022" "01:23:05"
20220308 014628.266 INFO             PET3 ESMF library build location : /gpfsm/dnb04/projects/p98/mpotts/esmf/gfortran_8.3.0_mpt_g_develop
20220308 014628.266 INFO             PET3 ESMF_COMM                   : mpt
20220308 014628.266 INFO             PET3 ESMF_MOAB                   : enabled
20220308 014628.266 INFO             PET3 ESMF_LAPACK                 : enabled
20220308 014628.266 INFO             PET3 ESMF_NETCDF                 : disabled
20220308 014628.266 INFO             PET3 ESMF_PNETCDF                : disabled
20220308 014628.266 INFO             PET3 ESMF_PIO                    : enabled
20220308 014628.266 INFO             PET3 ESMF_YAMLCPP                : enabled
20220308 014628.355 DEBUG            PET3 about to destroy Grid: 0x17abb00
20220308 014628.366 DEBUG            PET3 about to destroy Grid: 0x17acf70
20220308 014628.396 INFO             PET3  NUMBER_OF_PROCESSORS           4
20220308 014628.396 INFO             PET3  PASS  Example ESMF_NUOPCAtmModelEx, ESMF_NUOPCAtmModelEx.F90, line 806
20220308 014628.396 INFO             PET3 Finalizing ESMF
