build time -- 2022-03-20 01:17:04.486817
20220320 014023.615 INFO             PET0 !!!!!!!!!!!!!!!!!!!!!!!!!!!!!!!!!!!!!!!!!!!!!!!!!!!!!!
20220320 014023.615 INFO             PET0 !!! THE ESMF_LOG IS SET TO OUTPUT ALL LOG MESSAGES !!!
20220320 014023.615 INFO             PET0 !!!     THIS MAY CAUSE SLOWDOWN IN PERFORMANCE     !!!
20220320 014023.615 INFO             PET0 !!! FOR PRODUCTION RUNS, USE:                      !!!
20220320 014023.615 INFO             PET0 !!!                   ESMF_LOGKIND_Multi_On_Error  !!!
20220320 014023.615 INFO             PET0 !!!!!!!!!!!!!!!!!!!!!!!!!!!!!!!!!!!!!!!!!!!!!!!!!!!!!!
20220320 014023.615 INFO             PET0 Running with ESMF Version   : v8.3.0b09-4-g424b2f26e0
20220320 014023.615 INFO             PET0 ESMF library build date/time: "Mar 20 2022" "01:15:30"
20220320 014023.615 INFO             PET0 ESMF library build location : /gpfsm/dnb04/projects/p98/mpotts/esmf/gfortran_8.3.0_mpt_g_develop
20220320 014023.615 INFO             PET0 ESMF_COMM                   : mpt
20220320 014023.615 INFO             PET0 ESMF_MOAB                   : enabled
20220320 014023.615 INFO             PET0 ESMF_LAPACK                 : enabled
20220320 014023.615 INFO             PET0 ESMF_NETCDF                 : disabled
20220320 014023.615 INFO             PET0 ESMF_PNETCDF                : disabled
20220320 014023.615 INFO             PET0 ESMF_PIO                    : enabled
20220320 014023.615 INFO             PET0 ESMF_YAMLCPP                : enabled
20220320 014023.615 INFO             PET0  NUMBER_OF_PROCESSORS           4
20220320 014023.615 INFO             PET0  PASS  Example ESMF_VMUserMpiCommMultiEx, ESMF_VMUserMpiCommMultiEx.F90, line 126
20220320 014023.615 INFO             PET0 Finalizing ESMF
20220320 014023.615 INFO             PET0 !!!!!!!!!!!!!!!!!!!!!!!!!!!!!!!!!!!!!!!!!!!!!!!!!!!!!!
20220320 014023.615 INFO             PET0 !!! THE ESMF_LOG IS SET TO OUTPUT ALL LOG MESSAGES !!!
20220320 014023.615 INFO             PET0 !!!     THIS MAY CAUSE SLOWDOWN IN PERFORMANCE     !!!
20220320 014023.615 INFO             PET0 !!! FOR PRODUCTION RUNS, USE:                      !!!
20220320 014023.615 INFO             PET0 !!!                   ESMF_LOGKIND_Multi_On_Error  !!!
20220320 014023.615 INFO             PET0 !!!!!!!!!!!!!!!!!!!!!!!!!!!!!!!!!!!!!!!!!!!!!!!!!!!!!!
20220320 014023.615 INFO             PET0 Running with ESMF Version   : v8.3.0b09-4-g424b2f26e0
20220320 014023.615 INFO             PET0 ESMF library build date/time: "Mar 20 2022" "01:15:30"
20220320 014023.615 INFO             PET0 ESMF library build location : /gpfsm/dnb04/projects/p98/mpotts/esmf/gfortran_8.3.0_mpt_g_develop
20220320 014023.615 INFO             PET0 ESMF_COMM                   : mpt
20220320 014023.615 INFO             PET0 ESMF_MOAB                   : enabled
20220320 014023.615 INFO             PET0 ESMF_LAPACK                 : enabled
20220320 014023.615 INFO             PET0 ESMF_NETCDF                 : disabled
20220320 014023.615 INFO             PET0 ESMF_PNETCDF                : disabled
20220320 014023.615 INFO             PET0 ESMF_PIO                    : enabled
20220320 014023.615 INFO             PET0 ESMF_YAMLCPP                : enabled
20220320 014023.615 INFO             PET0  NUMBER_OF_PROCESSORS           4
20220320 014023.615 INFO             PET0  PASS  Example ESMF_VMUserMpiCommMultiEx, ESMF_VMUserMpiCommMultiEx.F90, line 154
20220320 014023.615 INFO             PET0 Finalizing ESMF
20220320 014023.615 INFO             PET1 !!!!!!!!!!!!!!!!!!!!!!!!!!!!!!!!!!!!!!!!!!!!!!!!!!!!!!
20220320 014023.615 INFO             PET1 !!! THE ESMF_LOG IS SET TO OUTPUT ALL LOG MESSAGES !!!
20220320 014023.615 INFO             PET1 !!!     THIS MAY CAUSE SLOWDOWN IN PERFORMANCE     !!!
20220320 014023.615 INFO             PET1 !!! FOR PRODUCTION RUNS, USE:                      !!!
20220320 014023.615 INFO             PET1 !!!                   ESMF_LOGKIND_Multi_On_Error  !!!
20220320 014023.615 INFO             PET1 !!!!!!!!!!!!!!!!!!!!!!!!!!!!!!!!!!!!!!!!!!!!!!!!!!!!!!
20220320 014023.615 INFO             PET1 Running with ESMF Version   : v8.3.0b09-4-g424b2f26e0
20220320 014023.615 INFO             PET1 ESMF library build date/time: "Mar 20 2022" "01:15:30"
20220320 014023.615 INFO             PET1 ESMF library build location : /gpfsm/dnb04/projects/p98/mpotts/esmf/gfortran_8.3.0_mpt_g_develop
20220320 014023.615 INFO             PET1 ESMF_COMM                   : mpt
20220320 014023.615 INFO             PET1 ESMF_MOAB                   : enabled
20220320 014023.615 INFO             PET1 ESMF_LAPACK                 : enabled
20220320 014023.615 INFO             PET1 ESMF_NETCDF                 : disabled
20220320 014023.615 INFO             PET1 ESMF_PNETCDF                : disabled
20220320 014023.615 INFO             PET1 ESMF_PIO                    : enabled
20220320 014023.615 INFO             PET1 ESMF_YAMLCPP                : enabled
20220320 014023.615 INFO             PET1  NUMBER_OF_PROCESSORS           4
20220320 014023.615 INFO             PET1  PASS  Example ESMF_VMUserMpiCommMultiEx, ESMF_VMUserMpiCommMultiEx.F90, line 126
20220320 014023.615 INFO             PET1 Finalizing ESMF
20220320 014023.615 INFO             PET1 !!!!!!!!!!!!!!!!!!!!!!!!!!!!!!!!!!!!!!!!!!!!!!!!!!!!!!
20220320 014023.615 INFO             PET1 !!! THE ESMF_LOG IS SET TO OUTPUT ALL LOG MESSAGES !!!
20220320 014023.615 INFO             PET1 !!!     THIS MAY CAUSE SLOWDOWN IN PERFORMANCE     !!!
20220320 014023.615 INFO             PET1 !!! FOR PRODUCTION RUNS, USE:                      !!!
20220320 014023.615 INFO             PET1 !!!                   ESMF_LOGKIND_Multi_On_Error  !!!
20220320 014023.615 INFO             PET1 !!!!!!!!!!!!!!!!!!!!!!!!!!!!!!!!!!!!!!!!!!!!!!!!!!!!!!
20220320 014023.615 INFO             PET1 Running with ESMF Version   : v8.3.0b09-4-g424b2f26e0
20220320 014023.615 INFO             PET1 ESMF library build date/time: "Mar 20 2022" "01:15:30"
20220320 014023.615 INFO             PET1 ESMF library build location : /gpfsm/dnb04/projects/p98/mpotts/esmf/gfortran_8.3.0_mpt_g_develop
20220320 014023.615 INFO             PET1 ESMF_COMM                   : mpt
20220320 014023.615 INFO             PET1 ESMF_MOAB                   : enabled
20220320 014023.615 INFO             PET1 ESMF_LAPACK                 : enabled
20220320 014023.615 INFO             PET1 ESMF_NETCDF                 : disabled
20220320 014023.615 INFO             PET1 ESMF_PNETCDF                : disabled
20220320 014023.615 INFO             PET1 ESMF_PIO                    : enabled
20220320 014023.615 INFO             PET1 ESMF_YAMLCPP                : enabled
20220320 014023.615 INFO             PET1  NUMBER_OF_PROCESSORS           4
20220320 014023.615 INFO             PET1  PASS  Example ESMF_VMUserMpiCommMultiEx, ESMF_VMUserMpiCommMultiEx.F90, line 154
20220320 014023.615 INFO             PET1 Finalizing ESMF
