build time -- 2022-03-15 08:51:22
20220315 102703.966 INFO             PET0 !!!!!!!!!!!!!!!!!!!!!!!!!!!!!!!!!!!!!!!!!!!!!!!!!!!!!!
20220315 102703.966 INFO             PET0 !!! THE ESMF_LOG IS SET TO OUTPUT ALL LOG MESSAGES !!!
20220315 102703.966 INFO             PET0 !!!     THIS MAY CAUSE SLOWDOWN IN PERFORMANCE     !!!
20220315 102703.966 INFO             PET0 !!! FOR PRODUCTION RUNS, USE:                      !!!
20220315 102703.966 INFO             PET0 !!!                   ESMF_LOGKIND_Multi_On_Error  !!!
20220315 102703.966 INFO             PET0 !!!!!!!!!!!!!!!!!!!!!!!!!!!!!!!!!!!!!!!!!!!!!!!!!!!!!!
20220315 102703.966 INFO             PET0 Running with ESMF Version   : v8.3.0b09-2-g2a2241bd36
20220315 102703.966 INFO             PET0 ESMF library build date/time: "Mar 15 2022" "08:50:16"
20220315 102703.966 INFO             PET0 ESMF library build location : /scratch1/NCEPDEV/stmp2/role.esmfmaint/gfortran_9.2.0_mpiuni_g_develop
20220315 102703.966 INFO             PET0 ESMF_COMM                   : mpiuni
20220315 102703.967 INFO             PET0 ESMF_MOAB                   : enabled
20220315 102703.967 INFO             PET0 ESMF_LAPACK                 : enabled
20220315 102703.967 INFO             PET0 ESMF_NETCDF                 : enabled
20220315 102703.967 INFO             PET0 ESMF_PNETCDF                : disabled
20220315 102703.967 INFO             PET0 ESMF_PIO                    : disabled
20220315 102703.967 INFO             PET0 ESMF_YAMLCPP                : enabled
20220315 102703.968 INFO             PET0  NUMBER_OF_PROCESSORS           1
20220315 102703.968 INFO             PET0  PASS  Example ESMF_VMDefaultBasicsEx, ESMF_VMDefaultBasicsEx.F90, line 107
20220315 102703.968 INFO             PET0 Finalizing ESMF
