Sun 20 Mar 01:56:38 UTC 2022
 
Installing ESMF:
 
mkdir -p /lfs/h1/emc/ptmp/Mark.Potts/gfortran_10.3.0_mpi_O_jedwards_pio_update2/DEFAULTINSTALLDIR/include
cp -f /lfs/h1/emc/ptmp/Mark.Potts/gfortran_10.3.0_mpi_O_jedwards_pio_update2/src/include/ESMC.h /lfs/h1/emc/ptmp/Mark.Potts/gfortran_10.3.0_mpi_O_jedwards_pio_update2/DEFAULTINSTALLDIR/include
cp -f /lfs/h1/emc/ptmp/Mark.Potts/gfortran_10.3.0_mpi_O_jedwards_pio_update2/src/include/ESMC_*.h /lfs/h1/emc/ptmp/Mark.Potts/gfortran_10.3.0_mpi_O_jedwards_pio_update2/DEFAULTINSTALLDIR/include
cp -f /lfs/h1/emc/ptmp/Mark.Potts/gfortran_10.3.0_mpi_O_jedwards_pio_update2/build_config/Unicos.gfortran.default/ESMC_Conf.h /lfs/h1/emc/ptmp/Mark.Potts/gfortran_10.3.0_mpi_O_jedwards_pio_update2/DEFAULTINSTALLDIR/include
mkdir -p /lfs/h1/emc/ptmp/Mark.Potts/gfortran_10.3.0_mpi_O_jedwards_pio_update2/DEFAULTINSTALLDIR/mod/modO/Unicos.gfortran.64.mpi.default
cp -f /lfs/h1/emc/ptmp/Mark.Potts/gfortran_10.3.0_mpi_O_jedwards_pio_update2/mod/modO/Unicos.gfortran.64.mpi.default/*.mod /lfs/h1/emc/ptmp/Mark.Potts/gfortran_10.3.0_mpi_O_jedwards_pio_update2/DEFAULTINSTALLDIR/mod/modO/Unicos.gfortran.64.mpi.default
mkdir -p /lfs/h1/emc/ptmp/Mark.Potts/gfortran_10.3.0_mpi_O_jedwards_pio_update2/DEFAULTINSTALLDIR/lib/libO/Unicos.gfortran.64.mpi.default
cp -f /lfs/h1/emc/ptmp/Mark.Potts/gfortran_10.3.0_mpi_O_jedwards_pio_update2/lib/libO/Unicos.gfortran.64.mpi.default/libesmf*.* /lfs/h1/emc/ptmp/Mark.Potts/gfortran_10.3.0_mpi_O_jedwards_pio_update2/DEFAULTINSTALLDIR/lib/libO/Unicos.gfortran.64.mpi.default
cp -f /lfs/h1/emc/ptmp/Mark.Potts/gfortran_10.3.0_mpi_O_jedwards_pio_update2/lib/libO/Unicos.gfortran.64.mpi.default/libpioc.* /lfs/h1/emc/ptmp/Mark.Potts/gfortran_10.3.0_mpi_O_jedwards_pio_update2/DEFAULTINSTALLDIR/lib/libO/Unicos.gfortran.64.mpi.default
make ESMF_PRELOADDIR=/lfs/h1/emc/ptmp/Mark.Potts/gfortran_10.3.0_mpi_O_jedwards_pio_update2/DEFAULTINSTALLDIR/lib/libO/Unicos.gfortran.64.mpi.default build_preload_script
make[1]: Entering directory '/lfs/h1/emc/ptmp/Mark.Potts/gfortran_10.3.0_mpi_O_jedwards_pio_update2'
chmod 755 /lfs/h1/emc/ptmp/Mark.Potts/gfortran_10.3.0_mpi_O_jedwards_pio_update2/DEFAULTINSTALLDIR/lib/libO/Unicos.gfortran.64.mpi.default/preload.sh
make[1]: Leaving directory '/lfs/h1/emc/ptmp/Mark.Potts/gfortran_10.3.0_mpi_O_jedwards_pio_update2'
ranlib /lfs/h1/emc/ptmp/Mark.Potts/gfortran_10.3.0_mpi_O_jedwards_pio_update2/DEFAULTINSTALLDIR/lib/libO/Unicos.gfortran.64.mpi.default/libesmf*.a
make install_apps
make[1]: Entering directory '/lfs/h1/emc/ptmp/Mark.Potts/gfortran_10.3.0_mpi_O_jedwards_pio_update2'
mkdir -p /lfs/h1/emc/ptmp/Mark.Potts/gfortran_10.3.0_mpi_O_jedwards_pio_update2/DEFAULTINSTALLDIR/bin/binO/Unicos.gfortran.64.mpi.default
make build_apps ESMF_APPSDIR=/lfs/h1/emc/ptmp/Mark.Potts/gfortran_10.3.0_mpi_O_jedwards_pio_update2/DEFAULTINSTALLDIR/bin/binO/Unicos.gfortran.64.mpi.default ESMF_LDIR=/lfs/h1/emc/ptmp/Mark.Potts/gfortran_10.3.0_mpi_O_jedwards_pio_update2/DEFAULTINSTALLDIR/lib/libO/Unicos.gfortran.64.mpi.default ESMF_LIBDIR=/lfs/h1/emc/ptmp/Mark.Potts/gfortran_10.3.0_mpi_O_jedwards_pio_update2/DEFAULTINSTALLDIR/lib/libO/Unicos.gfortran.64.mpi.default ESMF_MODDIR=/lfs/h1/emc/ptmp/Mark.Potts/gfortran_10.3.0_mpi_O_jedwards_pio_update2/DEFAULTINSTALLDIR/mod/modO/Unicos.gfortran.64.mpi.default
make[2]: Entering directory '/lfs/h1/emc/ptmp/Mark.Potts/gfortran_10.3.0_mpi_O_jedwards_pio_update2'
cd /lfs/h1/emc/ptmp/Mark.Potts/gfortran_10.3.0_mpi_O_jedwards_pio_update2/src/apps; make ACTION=tree_build_apps tree
make[3]: Entering directory '/lfs/h1/emc/ptmp/Mark.Potts/gfortran_10.3.0_mpi_O_jedwards_pio_update2/src/apps'
tree_build_apps in: /lfs/h1/emc/ptmp/Mark.Potts/gfortran_10.3.0_mpi_O_jedwards_pio_update2/src/apps/ESMF_PrintInfo
make[4]: Entering directory '/lfs/h1/emc/ptmp/Mark.Potts/gfortran_10.3.0_mpi_O_jedwards_pio_update2/src/apps/ESMF_PrintInfo'
make chkdir_locobj
make[5]: Entering directory '/lfs/h1/emc/ptmp/Mark.Potts/gfortran_10.3.0_mpi_O_jedwards_pio_update2/src/apps/ESMF_PrintInfo'
Making directory /lfs/h1/emc/ptmp/Mark.Potts/gfortran_10.3.0_mpi_O_jedwards_pio_update2/obj/objO/Unicos.gfortran.64.mpi.default/src/apps/ESMF_PrintInfo for apps output
make[5]: Leaving directory '/lfs/h1/emc/ptmp/Mark.Potts/gfortran_10.3.0_mpi_O_jedwards_pio_update2/src/apps/ESMF_PrintInfo'
ftn -c -fallow-argument-mismatch -fallow-invalid-boz -O -fPIC  -pthread -ffree-line-length-none  -fopenmp -I/lfs/h1/emc/ptmp/Mark.Potts/gfortran_10.3.0_mpi_O_jedwards_pio_update2/src/apps/ESMF_PrintInfo -I/lfs/h1/emc/ptmp/Mark.Potts/gfortran_10.3.0_mpi_O_jedwards_pio_update2/build_config/Unicos.gfortran.default -I/lfs/h1/emc/ptmp/Mark.Potts/gfortran_10.3.0_mpi_O_jedwards_pio_update2/src/Infrastructure -I/lfs/h1/emc/ptmp/Mark.Potts/gfortran_10.3.0_mpi_O_jedwards_pio_update2/src/Superstructure -I/lfs/h1/emc/ptmp/Mark.Potts/gfortran_10.3.0_mpi_O_jedwards_pio_update2/DEFAULTINSTALLDIR/mod/modO/Unicos.gfortran.64.mpi.default -I/lfs/h1/emc/ptmp/Mark.Potts/gfortran_10.3.0_mpi_O_jedwards_pio_update2/src/include -I/apps/prod/netcdf-hdf5parallel/4.7.4/gcc/10.2.0/cray-mpich/8.1.4/include -I/apps/prod/netcdf-hdf5parallel/4.7.4/gcc/10.2.0/cray-mpich/8.1.4/include  -DESMF_NO_INTEGER_1_BYTE -DESMF_NO_INTEGER_2_BYTE -DESMF_VERSION_STRING_GIT='"v8.3.0b09-102-gabaf3ef548"' -DESMF_MOAB=1 -DESMF_LAPACK=1 -DESMF_LAPACK_INTERNAL=1 -DESMF_NO_ACC_SOFTWARE_STACK=1 -DESMF_NETCDF=1 -DESMF_YAMLCPP=1 -DESMF_YAML=1 -DESMF_PIO=1 -DESMF_NO_OPENACC -DESMF_TESTEXHAUSTIVE -DESMF_BOPT_O -DESMF_TESTCOMPTUNNEL -DESMF_TESTWITHTHREADS -DS64=1 -DESMF_OS_Unicos=1 -DESMF_COMM=mpi -DESMF_DIR=/lfs/h1/emc/ptmp/Mark.Potts/gfortran_10.3.0_mpi_O_jedwards_pio_update2 ESMF_PrintInfo.F90 -o /lfs/h1/emc/ptmp/Mark.Potts/gfortran_10.3.0_mpi_O_jedwards_pio_update2/obj/objO/Unicos.gfortran.64.mpi.default/src/apps/ESMF_PrintInfo/ESMF_PrintInfo.o
make chkdir_apps
make[5]: Entering directory '/lfs/h1/emc/ptmp/Mark.Potts/gfortran_10.3.0_mpi_O_jedwards_pio_update2/src/apps/ESMF_PrintInfo'
make[5]: Leaving directory '/lfs/h1/emc/ptmp/Mark.Potts/gfortran_10.3.0_mpi_O_jedwards_pio_update2/src/apps/ESMF_PrintInfo'
ftn     -pthread  -fopenmp -L/lfs/h1/emc/ptmp/Mark.Potts/gfortran_10.3.0_mpi_O_jedwards_pio_update2/DEFAULTINSTALLDIR/lib/libO/Unicos.gfortran.64.mpi.default -L/apps/prod/netcdf-hdf5parallel/4.7.4/gcc/10.2.0/cray-mpich/8.1.4/lib -L/apps/prod/netcdf-hdf5parallel/4.7.4/gcc/10.2.0/cray-mpich/8.1.4/lib -L/opt/cray/pe/gcc/10.3.0/snos/lib/gcc/x86_64-suse-linux/10.3.0/../../../../lib64/ -Wl,-rpath,/lfs/h1/emc/ptmp/Mark.Potts/gfortran_10.3.0_mpi_O_jedwards_pio_update2/DEFAULTINSTALLDIR/lib/libO/Unicos.gfortran.64.mpi.default -Wl,-rpath,/apps/prod/netcdf-hdf5parallel/4.7.4/gcc/10.2.0/cray-mpich/8.1.4/lib -Wl,-rpath,/apps/prod/netcdf-hdf5parallel/4.7.4/gcc/10.2.0/cray-mpich/8.1.4/lib  -Wl,-rpath,/opt/cray/pe/gcc/10.3.0/snos/lib/gcc/x86_64-suse-linux/10.3.0/../../../../lib64/ -o /lfs/h1/emc/ptmp/Mark.Potts/gfortran_10.3.0_mpi_O_jedwards_pio_update2/DEFAULTINSTALLDIR/bin/binO/Unicos.gfortran.64.mpi.default/ESMF_PrintInfo /lfs/h1/emc/ptmp/Mark.Potts/gfortran_10.3.0_mpi_O_jedwards_pio_update2/obj/objO/Unicos.gfortran.64.mpi.default/src/apps/ESMF_PrintInfo/ESMF_PrintInfo.o -lesmf   -lrt -lstdc++ -ldl -lnetcdf -lnetcdff -lpioc
make[4]: Leaving directory '/lfs/h1/emc/ptmp/Mark.Potts/gfortran_10.3.0_mpi_O_jedwards_pio_update2/src/apps/ESMF_PrintInfo'
tree_build_apps in: /lfs/h1/emc/ptmp/Mark.Potts/gfortran_10.3.0_mpi_O_jedwards_pio_update2/src/apps/ESMF_PrintInfoC
make[4]: Entering directory '/lfs/h1/emc/ptmp/Mark.Potts/gfortran_10.3.0_mpi_O_jedwards_pio_update2/src/apps/ESMF_PrintInfoC'
make chkdir_locobj
make[5]: Entering directory '/lfs/h1/emc/ptmp/Mark.Potts/gfortran_10.3.0_mpi_O_jedwards_pio_update2/src/apps/ESMF_PrintInfoC'
Making directory /lfs/h1/emc/ptmp/Mark.Potts/gfortran_10.3.0_mpi_O_jedwards_pio_update2/obj/objO/Unicos.gfortran.64.mpi.default/src/apps/ESMF_PrintInfoC for apps output
make[5]: Leaving directory '/lfs/h1/emc/ptmp/Mark.Potts/gfortran_10.3.0_mpi_O_jedwards_pio_update2/src/apps/ESMF_PrintInfoC'
CC -c -std=c++11 -O -DNDEBUG -fPIC -DESMF_LOWERCASE_SINGLEUNDERSCORE -pthread  -fopenmp -I/lfs/h1/emc/ptmp/Mark.Potts/gfortran_10.3.0_mpi_O_jedwards_pio_update2/src/apps/ESMF_PrintInfoC -I/lfs/h1/emc/ptmp/Mark.Potts/gfortran_10.3.0_mpi_O_jedwards_pio_update2/src/apps/ESMF_PrintInfoC/../include -I/lfs/h1/emc/ptmp/Mark.Potts/gfortran_10.3.0_mpi_O_jedwards_pio_update2/build_config/Unicos.gfortran.default -I/lfs/h1/emc/ptmp/Mark.Potts/gfortran_10.3.0_mpi_O_jedwards_pio_update2/src/Infrastructure -I/lfs/h1/emc/ptmp/Mark.Potts/gfortran_10.3.0_mpi_O_jedwards_pio_update2/src/Superstructure -I/lfs/h1/emc/ptmp/Mark.Potts/gfortran_10.3.0_mpi_O_jedwards_pio_update2/src/Infrastructure/stubs/pthread  -I/lfs/h1/emc/ptmp/Mark.Potts/gfortran_10.3.0_mpi_O_jedwards_pio_update2/src/include  -I/apps/prod/netcdf-hdf5parallel/4.7.4/gcc/10.2.0/cray-mpich/8.1.4/include -I/lfs/h1/emc/ptmp/Mark.Potts/gfortran_10.3.0_mpi_O_jedwards_pio_update2/src/prologue/yaml-cpp/include -DESMF_NO_INTEGER_1_BYTE -DESMF_NO_INTEGER_2_BYTE -DESMF_VERSION_STRING_GIT='"v8.3.0b09-102-gabaf3ef548"' -DESMF_MOAB=1 -DESMF_LAPACK=1 -DESMF_LAPACK_INTERNAL=1 -DESMF_NO_ACC_SOFTWARE_STACK=1 -DESMF_NETCDF=1 -DESMF_YAMLCPP=1 -DESMF_YAML=1 -DESMF_PIO=1 -DESMF_NO_OPENACC -DESMF_TESTEXHAUSTIVE -DESMF_BOPT_O -DESMF_TESTCOMPTUNNEL -DESMF_TESTWITHTHREADS -DS64=1 -DESMF_OS_Unicos=1 -DESMF_COMM=mpi -DESMF_DIR=/lfs/h1/emc/ptmp/Mark.Potts/gfortran_10.3.0_mpi_O_jedwards_pio_update2 -D__SDIR__='"src/apps/ESMF_PrintInfoC"' -DESMF_CXXSTD=11 -DESMF_NO_POSIXIPC ESMF_PrintInfoC.c -o /lfs/h1/emc/ptmp/Mark.Potts/gfortran_10.3.0_mpi_O_jedwards_pio_update2/obj/objO/Unicos.gfortran.64.mpi.default/src/apps/ESMF_PrintInfoC/ESMF_PrintInfoC.o
make chkdir_apps
make[5]: Entering directory '/lfs/h1/emc/ptmp/Mark.Potts/gfortran_10.3.0_mpi_O_jedwards_pio_update2/src/apps/ESMF_PrintInfoC'
make[5]: Leaving directory '/lfs/h1/emc/ptmp/Mark.Potts/gfortran_10.3.0_mpi_O_jedwards_pio_update2/src/apps/ESMF_PrintInfoC'
CC  -fPIC -lnetcdff -lnetcdff  -pthread  -fopenmp -L/lfs/h1/emc/ptmp/Mark.Potts/gfortran_10.3.0_mpi_O_jedwards_pio_update2/DEFAULTINSTALLDIR/lib/libO/Unicos.gfortran.64.mpi.default -L/apps/prod/netcdf-hdf5parallel/4.7.4/gcc/10.2.0/cray-mpich/8.1.4/lib -L/apps/prod/netcdf-hdf5parallel/4.7.4/gcc/10.2.0/cray-mpich/8.1.4/lib -L/opt/cray/pe/gcc/10.3.0/snos/lib/gcc/x86_64-suse-linux/10.3.0/../../../../lib64/ -Wl,-rpath,/lfs/h1/emc/ptmp/Mark.Potts/gfortran_10.3.0_mpi_O_jedwards_pio_update2/DEFAULTINSTALLDIR/lib/libO/Unicos.gfortran.64.mpi.default -Wl,-rpath,/apps/prod/netcdf-hdf5parallel/4.7.4/gcc/10.2.0/cray-mpich/8.1.4/lib -Wl,-rpath,/apps/prod/netcdf-hdf5parallel/4.7.4/gcc/10.2.0/cray-mpich/8.1.4/lib  -Wl,-rpath,/opt/cray/pe/gcc/10.3.0/snos/lib/gcc/x86_64-suse-linux/10.3.0/../../../../lib64/ -o /lfs/h1/emc/ptmp/Mark.Potts/gfortran_10.3.0_mpi_O_jedwards_pio_update2/DEFAULTINSTALLDIR/bin/binO/Unicos.gfortran.64.mpi.default/ESMF_PrintInfoC /lfs/h1/emc/ptmp/Mark.Potts/gfortran_10.3.0_mpi_O_jedwards_pio_update2/obj/objO/Unicos.gfortran.64.mpi.default/src/apps/ESMF_PrintInfoC/ESMF_PrintInfoC.o -lesmf   -lrt -lgfortran -ldl -lnetcdf -lnetcdff -lpioc
make[4]: Leaving directory '/lfs/h1/emc/ptmp/Mark.Potts/gfortran_10.3.0_mpi_O_jedwards_pio_update2/src/apps/ESMF_PrintInfoC'
tree_build_apps in: /lfs/h1/emc/ptmp/Mark.Potts/gfortran_10.3.0_mpi_O_jedwards_pio_update2/src/apps/ESMF_RegridWeightGen
make[4]: Entering directory '/lfs/h1/emc/ptmp/Mark.Potts/gfortran_10.3.0_mpi_O_jedwards_pio_update2/src/apps/ESMF_RegridWeightGen'
make chkdir_locobj
make[5]: Entering directory '/lfs/h1/emc/ptmp/Mark.Potts/gfortran_10.3.0_mpi_O_jedwards_pio_update2/src/apps/ESMF_RegridWeightGen'
Making directory /lfs/h1/emc/ptmp/Mark.Potts/gfortran_10.3.0_mpi_O_jedwards_pio_update2/obj/objO/Unicos.gfortran.64.mpi.default/src/apps/ESMF_RegridWeightGen for apps output
make[5]: Leaving directory '/lfs/h1/emc/ptmp/Mark.Potts/gfortran_10.3.0_mpi_O_jedwards_pio_update2/src/apps/ESMF_RegridWeightGen'
ftn -c -fallow-argument-mismatch -fallow-invalid-boz -O -fPIC  -pthread -ffree-line-length-none  -fopenmp -I/lfs/h1/emc/ptmp/Mark.Potts/gfortran_10.3.0_mpi_O_jedwards_pio_update2/src/apps/ESMF_RegridWeightGen -I/lfs/h1/emc/ptmp/Mark.Potts/gfortran_10.3.0_mpi_O_jedwards_pio_update2/build_config/Unicos.gfortran.default -I/lfs/h1/emc/ptmp/Mark.Potts/gfortran_10.3.0_mpi_O_jedwards_pio_update2/src/Infrastructure -I/lfs/h1/emc/ptmp/Mark.Potts/gfortran_10.3.0_mpi_O_jedwards_pio_update2/src/Superstructure -I/lfs/h1/emc/ptmp/Mark.Potts/gfortran_10.3.0_mpi_O_jedwards_pio_update2/DEFAULTINSTALLDIR/mod/modO/Unicos.gfortran.64.mpi.default -I/lfs/h1/emc/ptmp/Mark.Potts/gfortran_10.3.0_mpi_O_jedwards_pio_update2/src/include -I/apps/prod/netcdf-hdf5parallel/4.7.4/gcc/10.2.0/cray-mpich/8.1.4/include -I/apps/prod/netcdf-hdf5parallel/4.7.4/gcc/10.2.0/cray-mpich/8.1.4/include  -DESMF_NO_INTEGER_1_BYTE -DESMF_NO_INTEGER_2_BYTE -DESMF_VERSION_STRING_GIT='"v8.3.0b09-102-gabaf3ef548"' -DESMF_MOAB=1 -DESMF_LAPACK=1 -DESMF_LAPACK_INTERNAL=1 -DESMF_NO_ACC_SOFTWARE_STACK=1 -DESMF_NETCDF=1 -DESMF_YAMLCPP=1 -DESMF_YAML=1 -DESMF_PIO=1 -DESMF_NO_OPENACC -DESMF_TESTEXHAUSTIVE -DESMF_BOPT_O -DESMF_TESTCOMPTUNNEL -DESMF_TESTWITHTHREADS -DS64=1 -DESMF_OS_Unicos=1 -DESMF_COMM=mpi -DESMF_DIR=/lfs/h1/emc/ptmp/Mark.Potts/gfortran_10.3.0_mpi_O_jedwards_pio_update2 ESMF_RegridWeightGen.F90 -o /lfs/h1/emc/ptmp/Mark.Potts/gfortran_10.3.0_mpi_O_jedwards_pio_update2/obj/objO/Unicos.gfortran.64.mpi.default/src/apps/ESMF_RegridWeightGen/ESMF_RegridWeightGen.o
make chkdir_apps
make[5]: Entering directory '/lfs/h1/emc/ptmp/Mark.Potts/gfortran_10.3.0_mpi_O_jedwards_pio_update2/src/apps/ESMF_RegridWeightGen'
make[5]: Leaving directory '/lfs/h1/emc/ptmp/Mark.Potts/gfortran_10.3.0_mpi_O_jedwards_pio_update2/src/apps/ESMF_RegridWeightGen'
ftn     -pthread  -fopenmp -L/lfs/h1/emc/ptmp/Mark.Potts/gfortran_10.3.0_mpi_O_jedwards_pio_update2/DEFAULTINSTALLDIR/lib/libO/Unicos.gfortran.64.mpi.default -L/apps/prod/netcdf-hdf5parallel/4.7.4/gcc/10.2.0/cray-mpich/8.1.4/lib -L/apps/prod/netcdf-hdf5parallel/4.7.4/gcc/10.2.0/cray-mpich/8.1.4/lib -L/opt/cray/pe/gcc/10.3.0/snos/lib/gcc/x86_64-suse-linux/10.3.0/../../../../lib64/ -Wl,-rpath,/lfs/h1/emc/ptmp/Mark.Potts/gfortran_10.3.0_mpi_O_jedwards_pio_update2/DEFAULTINSTALLDIR/lib/libO/Unicos.gfortran.64.mpi.default -Wl,-rpath,/apps/prod/netcdf-hdf5parallel/4.7.4/gcc/10.2.0/cray-mpich/8.1.4/lib -Wl,-rpath,/apps/prod/netcdf-hdf5parallel/4.7.4/gcc/10.2.0/cray-mpich/8.1.4/lib  -Wl,-rpath,/opt/cray/pe/gcc/10.3.0/snos/lib/gcc/x86_64-suse-linux/10.3.0/../../../../lib64/ -o /lfs/h1/emc/ptmp/Mark.Potts/gfortran_10.3.0_mpi_O_jedwards_pio_update2/DEFAULTINSTALLDIR/bin/binO/Unicos.gfortran.64.mpi.default/ESMF_RegridWeightGen /lfs/h1/emc/ptmp/Mark.Potts/gfortran_10.3.0_mpi_O_jedwards_pio_update2/obj/objO/Unicos.gfortran.64.mpi.default/src/apps/ESMF_RegridWeightGen/ESMF_RegridWeightGen.o -lesmf   -lrt -lstdc++ -ldl -lnetcdf -lnetcdff -lpioc
make[4]: Leaving directory '/lfs/h1/emc/ptmp/Mark.Potts/gfortran_10.3.0_mpi_O_jedwards_pio_update2/src/apps/ESMF_RegridWeightGen'
tree_build_apps in: /lfs/h1/emc/ptmp/Mark.Potts/gfortran_10.3.0_mpi_O_jedwards_pio_update2/src/apps/ESMF_WebServController
make[4]: Entering directory '/lfs/h1/emc/ptmp/Mark.Potts/gfortran_10.3.0_mpi_O_jedwards_pio_update2/src/apps/ESMF_WebServController'
make chkdir_locobj
make[5]: Entering directory '/lfs/h1/emc/ptmp/Mark.Potts/gfortran_10.3.0_mpi_O_jedwards_pio_update2/src/apps/ESMF_WebServController'
Making directory /lfs/h1/emc/ptmp/Mark.Potts/gfortran_10.3.0_mpi_O_jedwards_pio_update2/obj/objO/Unicos.gfortran.64.mpi.default/src/apps/ESMF_WebServController for apps output
make[5]: Leaving directory '/lfs/h1/emc/ptmp/Mark.Potts/gfortran_10.3.0_mpi_O_jedwards_pio_update2/src/apps/ESMF_WebServController'
CC -c -std=c++11 -O -DNDEBUG -fPIC -DESMF_LOWERCASE_SINGLEUNDERSCORE -pthread  -fopenmp -I/lfs/h1/emc/ptmp/Mark.Potts/gfortran_10.3.0_mpi_O_jedwards_pio_update2/src/apps/ESMF_WebServController -I/lfs/h1/emc/ptmp/Mark.Potts/gfortran_10.3.0_mpi_O_jedwards_pio_update2/src/apps/ESMF_WebServController/../include -I/lfs/h1/emc/ptmp/Mark.Potts/gfortran_10.3.0_mpi_O_jedwards_pio_update2/build_config/Unicos.gfortran.default -I/lfs/h1/emc/ptmp/Mark.Potts/gfortran_10.3.0_mpi_O_jedwards_pio_update2/src/Infrastructure -I/lfs/h1/emc/ptmp/Mark.Potts/gfortran_10.3.0_mpi_O_jedwards_pio_update2/src/Superstructure -I/lfs/h1/emc/ptmp/Mark.Potts/gfortran_10.3.0_mpi_O_jedwards_pio_update2/src/Infrastructure/stubs/pthread  -I/lfs/h1/emc/ptmp/Mark.Potts/gfortran_10.3.0_mpi_O_jedwards_pio_update2/src/include  -I/apps/prod/netcdf-hdf5parallel/4.7.4/gcc/10.2.0/cray-mpich/8.1.4/include -I/lfs/h1/emc/ptmp/Mark.Potts/gfortran_10.3.0_mpi_O_jedwards_pio_update2/src/prologue/yaml-cpp/include -DESMF_NO_INTEGER_1_BYTE -DESMF_NO_INTEGER_2_BYTE -DESMF_VERSION_STRING_GIT='"v8.3.0b09-102-gabaf3ef548"' -DESMF_MOAB=1 -DESMF_LAPACK=1 -DESMF_LAPACK_INTERNAL=1 -DESMF_NO_ACC_SOFTWARE_STACK=1 -DESMF_NETCDF=1 -DESMF_YAMLCPP=1 -DESMF_YAML=1 -DESMF_PIO=1 -DESMF_NO_OPENACC -DESMF_TESTEXHAUSTIVE -DESMF_BOPT_O -DESMF_TESTCOMPTUNNEL -DESMF_TESTWITHTHREADS -DS64=1 -DESMF_OS_Unicos=1 -DESMF_COMM=mpi -DESMF_DIR=/lfs/h1/emc/ptmp/Mark.Potts/gfortran_10.3.0_mpi_O_jedwards_pio_update2 -D__SDIR__='"src/apps/ESMF_WebServController"' -DESMF_CXXSTD=11 -DESMF_NO_POSIXIPC ESMF_WebServController.C -o /lfs/h1/emc/ptmp/Mark.Potts/gfortran_10.3.0_mpi_O_jedwards_pio_update2/obj/objO/Unicos.gfortran.64.mpi.default/src/apps/ESMF_WebServController/ESMF_WebServController.o
make chkdir_apps
make[5]: Entering directory '/lfs/h1/emc/ptmp/Mark.Potts/gfortran_10.3.0_mpi_O_jedwards_pio_update2/src/apps/ESMF_WebServController'
make[5]: Leaving directory '/lfs/h1/emc/ptmp/Mark.Potts/gfortran_10.3.0_mpi_O_jedwards_pio_update2/src/apps/ESMF_WebServController'
CC  -fPIC -lnetcdff -lnetcdff  -pthread  -fopenmp -L/lfs/h1/emc/ptmp/Mark.Potts/gfortran_10.3.0_mpi_O_jedwards_pio_update2/DEFAULTINSTALLDIR/lib/libO/Unicos.gfortran.64.mpi.default -L/apps/prod/netcdf-hdf5parallel/4.7.4/gcc/10.2.0/cray-mpich/8.1.4/lib -L/apps/prod/netcdf-hdf5parallel/4.7.4/gcc/10.2.0/cray-mpich/8.1.4/lib -L/opt/cray/pe/gcc/10.3.0/snos/lib/gcc/x86_64-suse-linux/10.3.0/../../../../lib64/ -Wl,-rpath,/lfs/h1/emc/ptmp/Mark.Potts/gfortran_10.3.0_mpi_O_jedwards_pio_update2/DEFAULTINSTALLDIR/lib/libO/Unicos.gfortran.64.mpi.default -Wl,-rpath,/apps/prod/netcdf-hdf5parallel/4.7.4/gcc/10.2.0/cray-mpich/8.1.4/lib -Wl,-rpath,/apps/prod/netcdf-hdf5parallel/4.7.4/gcc/10.2.0/cray-mpich/8.1.4/lib  -Wl,-rpath,/opt/cray/pe/gcc/10.3.0/snos/lib/gcc/x86_64-suse-linux/10.3.0/../../../../lib64/ -o /lfs/h1/emc/ptmp/Mark.Potts/gfortran_10.3.0_mpi_O_jedwards_pio_update2/DEFAULTINSTALLDIR/bin/binO/Unicos.gfortran.64.mpi.default/ESMF_WebServController /lfs/h1/emc/ptmp/Mark.Potts/gfortran_10.3.0_mpi_O_jedwards_pio_update2/obj/objO/Unicos.gfortran.64.mpi.default/src/apps/ESMF_WebServController/ESMF_WebServController.o -lesmf   -lrt -lgfortran -ldl -lnetcdf -lnetcdff -lpioc
make[4]: Leaving directory '/lfs/h1/emc/ptmp/Mark.Potts/gfortran_10.3.0_mpi_O_jedwards_pio_update2/src/apps/ESMF_WebServController'
tree_build_apps in: /lfs/h1/emc/ptmp/Mark.Potts/gfortran_10.3.0_mpi_O_jedwards_pio_update2/src/apps/ESMF_Scrip2Unstruct
make[4]: Entering directory '/lfs/h1/emc/ptmp/Mark.Potts/gfortran_10.3.0_mpi_O_jedwards_pio_update2/src/apps/ESMF_Scrip2Unstruct'
make chkdir_locobj
make[5]: Entering directory '/lfs/h1/emc/ptmp/Mark.Potts/gfortran_10.3.0_mpi_O_jedwards_pio_update2/src/apps/ESMF_Scrip2Unstruct'
Making directory /lfs/h1/emc/ptmp/Mark.Potts/gfortran_10.3.0_mpi_O_jedwards_pio_update2/obj/objO/Unicos.gfortran.64.mpi.default/src/apps/ESMF_Scrip2Unstruct for apps output
make[5]: Leaving directory '/lfs/h1/emc/ptmp/Mark.Potts/gfortran_10.3.0_mpi_O_jedwards_pio_update2/src/apps/ESMF_Scrip2Unstruct'
CC -c -std=c++11 -O -DNDEBUG -fPIC -DESMF_LOWERCASE_SINGLEUNDERSCORE -pthread  -fopenmp -I/lfs/h1/emc/ptmp/Mark.Potts/gfortran_10.3.0_mpi_O_jedwards_pio_update2/src/apps/ESMF_Scrip2Unstruct -I/lfs/h1/emc/ptmp/Mark.Potts/gfortran_10.3.0_mpi_O_jedwards_pio_update2/src/apps/ESMF_Scrip2Unstruct/../include -I/lfs/h1/emc/ptmp/Mark.Potts/gfortran_10.3.0_mpi_O_jedwards_pio_update2/build_config/Unicos.gfortran.default -I/lfs/h1/emc/ptmp/Mark.Potts/gfortran_10.3.0_mpi_O_jedwards_pio_update2/src/Infrastructure -I/lfs/h1/emc/ptmp/Mark.Potts/gfortran_10.3.0_mpi_O_jedwards_pio_update2/src/Superstructure -I/lfs/h1/emc/ptmp/Mark.Potts/gfortran_10.3.0_mpi_O_jedwards_pio_update2/src/Infrastructure/stubs/pthread  -I/lfs/h1/emc/ptmp/Mark.Potts/gfortran_10.3.0_mpi_O_jedwards_pio_update2/src/include  -I/apps/prod/netcdf-hdf5parallel/4.7.4/gcc/10.2.0/cray-mpich/8.1.4/include -I/lfs/h1/emc/ptmp/Mark.Potts/gfortran_10.3.0_mpi_O_jedwards_pio_update2/src/prologue/yaml-cpp/include -DESMF_NO_INTEGER_1_BYTE -DESMF_NO_INTEGER_2_BYTE -DESMF_VERSION_STRING_GIT='"v8.3.0b09-102-gabaf3ef548"' -DESMF_MOAB=1 -DESMF_LAPACK=1 -DESMF_LAPACK_INTERNAL=1 -DESMF_NO_ACC_SOFTWARE_STACK=1 -DESMF_NETCDF=1 -DESMF_YAMLCPP=1 -DESMF_YAML=1 -DESMF_PIO=1 -DESMF_NO_OPENACC -DESMF_TESTEXHAUSTIVE -DESMF_BOPT_O -DESMF_TESTCOMPTUNNEL -DESMF_TESTWITHTHREADS -DS64=1 -DESMF_OS_Unicos=1 -DESMF_COMM=mpi -DESMF_DIR=/lfs/h1/emc/ptmp/Mark.Potts/gfortran_10.3.0_mpi_O_jedwards_pio_update2 -D__SDIR__='"src/apps/ESMF_Scrip2Unstruct"' -DESMF_CXXSTD=11 -DESMF_NO_POSIXIPC ESMF_Scrip2Unstruct.C -o /lfs/h1/emc/ptmp/Mark.Potts/gfortran_10.3.0_mpi_O_jedwards_pio_update2/obj/objO/Unicos.gfortran.64.mpi.default/src/apps/ESMF_Scrip2Unstruct/ESMF_Scrip2Unstruct.o
make chkdir_apps
make[5]: Entering directory '/lfs/h1/emc/ptmp/Mark.Potts/gfortran_10.3.0_mpi_O_jedwards_pio_update2/src/apps/ESMF_Scrip2Unstruct'
make[5]: Leaving directory '/lfs/h1/emc/ptmp/Mark.Potts/gfortran_10.3.0_mpi_O_jedwards_pio_update2/src/apps/ESMF_Scrip2Unstruct'
CC  -fPIC -lnetcdff -lnetcdff  -pthread  -fopenmp -L/lfs/h1/emc/ptmp/Mark.Potts/gfortran_10.3.0_mpi_O_jedwards_pio_update2/DEFAULTINSTALLDIR/lib/libO/Unicos.gfortran.64.mpi.default -L/apps/prod/netcdf-hdf5parallel/4.7.4/gcc/10.2.0/cray-mpich/8.1.4/lib -L/apps/prod/netcdf-hdf5parallel/4.7.4/gcc/10.2.0/cray-mpich/8.1.4/lib -L/opt/cray/pe/gcc/10.3.0/snos/lib/gcc/x86_64-suse-linux/10.3.0/../../../../lib64/ -Wl,-rpath,/lfs/h1/emc/ptmp/Mark.Potts/gfortran_10.3.0_mpi_O_jedwards_pio_update2/DEFAULTINSTALLDIR/lib/libO/Unicos.gfortran.64.mpi.default -Wl,-rpath,/apps/prod/netcdf-hdf5parallel/4.7.4/gcc/10.2.0/cray-mpich/8.1.4/lib -Wl,-rpath,/apps/prod/netcdf-hdf5parallel/4.7.4/gcc/10.2.0/cray-mpich/8.1.4/lib  -Wl,-rpath,/opt/cray/pe/gcc/10.3.0/snos/lib/gcc/x86_64-suse-linux/10.3.0/../../../../lib64/ -o /lfs/h1/emc/ptmp/Mark.Potts/gfortran_10.3.0_mpi_O_jedwards_pio_update2/DEFAULTINSTALLDIR/bin/binO/Unicos.gfortran.64.mpi.default/ESMF_Scrip2Unstruct /lfs/h1/emc/ptmp/Mark.Potts/gfortran_10.3.0_mpi_O_jedwards_pio_update2/obj/objO/Unicos.gfortran.64.mpi.default/src/apps/ESMF_Scrip2Unstruct/ESMF_Scrip2Unstruct.o -lesmf   -lrt -lgfortran -ldl -lnetcdf -lnetcdff -lpioc
make[4]: Leaving directory '/lfs/h1/emc/ptmp/Mark.Potts/gfortran_10.3.0_mpi_O_jedwards_pio_update2/src/apps/ESMF_Scrip2Unstruct'
tree_build_apps in: /lfs/h1/emc/ptmp/Mark.Potts/gfortran_10.3.0_mpi_O_jedwards_pio_update2/src/apps/ESMF_Regrid
make[4]: Entering directory '/lfs/h1/emc/ptmp/Mark.Potts/gfortran_10.3.0_mpi_O_jedwards_pio_update2/src/apps/ESMF_Regrid'
make chkdir_locobj
make[5]: Entering directory '/lfs/h1/emc/ptmp/Mark.Potts/gfortran_10.3.0_mpi_O_jedwards_pio_update2/src/apps/ESMF_Regrid'
Making directory /lfs/h1/emc/ptmp/Mark.Potts/gfortran_10.3.0_mpi_O_jedwards_pio_update2/obj/objO/Unicos.gfortran.64.mpi.default/src/apps/ESMF_Regrid for apps output
make[5]: Leaving directory '/lfs/h1/emc/ptmp/Mark.Potts/gfortran_10.3.0_mpi_O_jedwards_pio_update2/src/apps/ESMF_Regrid'
ftn -c -fallow-argument-mismatch -fallow-invalid-boz -O -fPIC  -pthread -ffree-line-length-none  -fopenmp -I/lfs/h1/emc/ptmp/Mark.Potts/gfortran_10.3.0_mpi_O_jedwards_pio_update2/src/apps/ESMF_Regrid -I/lfs/h1/emc/ptmp/Mark.Potts/gfortran_10.3.0_mpi_O_jedwards_pio_update2/build_config/Unicos.gfortran.default -I/lfs/h1/emc/ptmp/Mark.Potts/gfortran_10.3.0_mpi_O_jedwards_pio_update2/src/Infrastructure -I/lfs/h1/emc/ptmp/Mark.Potts/gfortran_10.3.0_mpi_O_jedwards_pio_update2/src/Superstructure -I/lfs/h1/emc/ptmp/Mark.Potts/gfortran_10.3.0_mpi_O_jedwards_pio_update2/DEFAULTINSTALLDIR/mod/modO/Unicos.gfortran.64.mpi.default -I/lfs/h1/emc/ptmp/Mark.Potts/gfortran_10.3.0_mpi_O_jedwards_pio_update2/src/include -I/apps/prod/netcdf-hdf5parallel/4.7.4/gcc/10.2.0/cray-mpich/8.1.4/include -I/apps/prod/netcdf-hdf5parallel/4.7.4/gcc/10.2.0/cray-mpich/8.1.4/include  -DESMF_NO_INTEGER_1_BYTE -DESMF_NO_INTEGER_2_BYTE -DESMF_VERSION_STRING_GIT='"v8.3.0b09-102-gabaf3ef548"' -DESMF_MOAB=1 -DESMF_LAPACK=1 -DESMF_LAPACK_INTERNAL=1 -DESMF_NO_ACC_SOFTWARE_STACK=1 -DESMF_NETCDF=1 -DESMF_YAMLCPP=1 -DESMF_YAML=1 -DESMF_PIO=1 -DESMF_NO_OPENACC -DESMF_TESTEXHAUSTIVE -DESMF_BOPT_O -DESMF_TESTCOMPTUNNEL -DESMF_TESTWITHTHREADS -DS64=1 -DESMF_OS_Unicos=1 -DESMF_COMM=mpi -DESMF_DIR=/lfs/h1/emc/ptmp/Mark.Potts/gfortran_10.3.0_mpi_O_jedwards_pio_update2 ESMF_Regrid.F90 -o /lfs/h1/emc/ptmp/Mark.Potts/gfortran_10.3.0_mpi_O_jedwards_pio_update2/obj/objO/Unicos.gfortran.64.mpi.default/src/apps/ESMF_Regrid/ESMF_Regrid.o
make chkdir_apps
make[5]: Entering directory '/lfs/h1/emc/ptmp/Mark.Potts/gfortran_10.3.0_mpi_O_jedwards_pio_update2/src/apps/ESMF_Regrid'
make[5]: Leaving directory '/lfs/h1/emc/ptmp/Mark.Potts/gfortran_10.3.0_mpi_O_jedwards_pio_update2/src/apps/ESMF_Regrid'
ftn     -pthread  -fopenmp -L/lfs/h1/emc/ptmp/Mark.Potts/gfortran_10.3.0_mpi_O_jedwards_pio_update2/DEFAULTINSTALLDIR/lib/libO/Unicos.gfortran.64.mpi.default -L/apps/prod/netcdf-hdf5parallel/4.7.4/gcc/10.2.0/cray-mpich/8.1.4/lib -L/apps/prod/netcdf-hdf5parallel/4.7.4/gcc/10.2.0/cray-mpich/8.1.4/lib -L/opt/cray/pe/gcc/10.3.0/snos/lib/gcc/x86_64-suse-linux/10.3.0/../../../../lib64/ -Wl,-rpath,/lfs/h1/emc/ptmp/Mark.Potts/gfortran_10.3.0_mpi_O_jedwards_pio_update2/DEFAULTINSTALLDIR/lib/libO/Unicos.gfortran.64.mpi.default -Wl,-rpath,/apps/prod/netcdf-hdf5parallel/4.7.4/gcc/10.2.0/cray-mpich/8.1.4/lib -Wl,-rpath,/apps/prod/netcdf-hdf5parallel/4.7.4/gcc/10.2.0/cray-mpich/8.1.4/lib  -Wl,-rpath,/opt/cray/pe/gcc/10.3.0/snos/lib/gcc/x86_64-suse-linux/10.3.0/../../../../lib64/ -o /lfs/h1/emc/ptmp/Mark.Potts/gfortran_10.3.0_mpi_O_jedwards_pio_update2/DEFAULTINSTALLDIR/bin/binO/Unicos.gfortran.64.mpi.default/ESMF_Regrid /lfs/h1/emc/ptmp/Mark.Potts/gfortran_10.3.0_mpi_O_jedwards_pio_update2/obj/objO/Unicos.gfortran.64.mpi.default/src/apps/ESMF_Regrid/ESMF_Regrid.o -lesmf   -lrt -lstdc++ -ldl -lnetcdf -lnetcdff -lpioc
make[4]: Leaving directory '/lfs/h1/emc/ptmp/Mark.Potts/gfortran_10.3.0_mpi_O_jedwards_pio_update2/src/apps/ESMF_Regrid'
make[3]: Leaving directory '/lfs/h1/emc/ptmp/Mark.Potts/gfortran_10.3.0_mpi_O_jedwards_pio_update2/src/apps'
ESMF apps built successfully.
make[2]: Leaving directory '/lfs/h1/emc/ptmp/Mark.Potts/gfortran_10.3.0_mpi_O_jedwards_pio_update2'
make[1]: Leaving directory '/lfs/h1/emc/ptmp/Mark.Potts/gfortran_10.3.0_mpi_O_jedwards_pio_update2'
mkdir -p /lfs/h1/emc/ptmp/Mark.Potts/gfortran_10.3.0_mpi_O_jedwards_pio_update2/DEFAULTINSTALLDIR/doc
make install_info_mk
make[1]: Entering directory '/lfs/h1/emc/ptmp/Mark.Potts/gfortran_10.3.0_mpi_O_jedwards_pio_update2'
make info_mk ESMF_APPSDIR=/lfs/h1/emc/ptmp/Mark.Potts/gfortran_10.3.0_mpi_O_jedwards_pio_update2/DEFAULTINSTALLDIR/bin/binO/Unicos.gfortran.64.mpi.default ESMF_LDIR=/lfs/h1/emc/ptmp/Mark.Potts/gfortran_10.3.0_mpi_O_jedwards_pio_update2/DEFAULTINSTALLDIR/lib/libO/Unicos.gfortran.64.mpi.default ESMF_LIBDIR=/lfs/h1/emc/ptmp/Mark.Potts/gfortran_10.3.0_mpi_O_jedwards_pio_update2/DEFAULTINSTALLDIR/lib/libO/Unicos.gfortran.64.mpi.default ESMF_MODDIR=/lfs/h1/emc/ptmp/Mark.Potts/gfortran_10.3.0_mpi_O_jedwards_pio_update2/DEFAULTINSTALLDIR/mod/modO/Unicos.gfortran.64.mpi.default ESMF_INCDIR=/lfs/h1/emc/ptmp/Mark.Potts/gfortran_10.3.0_mpi_O_jedwards_pio_update2/DEFAULTINSTALLDIR/include
make[2]: Entering directory '/lfs/h1/emc/ptmp/Mark.Potts/gfortran_10.3.0_mpi_O_jedwards_pio_update2'
make[2]: Leaving directory '/lfs/h1/emc/ptmp/Mark.Potts/gfortran_10.3.0_mpi_O_jedwards_pio_update2'
make[1]: Leaving directory '/lfs/h1/emc/ptmp/Mark.Potts/gfortran_10.3.0_mpi_O_jedwards_pio_update2'
 
ESMF installation complete.
 
