build time -- 2022-03-10 01:38:38.600917
20220310 015206.103 INFO             PET0 !!!!!!!!!!!!!!!!!!!!!!!!!!!!!!!!!!!!!!!!!!!!!!!!!!!!!!
20220310 015206.103 INFO             PET0 !!! THE ESMF_LOG IS SET TO OUTPUT ALL LOG MESSAGES !!!
20220310 015206.103 INFO             PET0 !!!     THIS MAY CAUSE SLOWDOWN IN PERFORMANCE     !!!
20220310 015206.103 INFO             PET0 !!! FOR PRODUCTION RUNS, USE:                      !!!
20220310 015206.103 INFO             PET0 !!!                   ESMF_LOGKIND_Multi_On_Error  !!!
20220310 015206.103 INFO             PET0 !!!!!!!!!!!!!!!!!!!!!!!!!!!!!!!!!!!!!!!!!!!!!!!!!!!!!!
20220310 015206.103 INFO             PET0 Running with ESMF Version   : v8.3.0b09
20220310 015206.103 INFO             PET0 ESMF library build date/time: "Mar 10 2022" "01:37:53"
20220310 015206.103 INFO             PET0 ESMF library build location : /home/mpotts/gfortran_9.3.0_openmpi_O_develop
20220310 015206.103 INFO             PET0 ESMF_COMM                   : openmpi
20220310 015206.103 INFO             PET0 ESMF_MOAB                   : enabled
20220310 015206.103 INFO             PET0 ESMF_LAPACK                 : enabled
20220310 015206.103 INFO             PET0 ESMF_NETCDF                 : enabled
20220310 015206.103 INFO             PET0 ESMF_PNETCDF                : disabled
20220310 015206.103 INFO             PET0 ESMF_PIO                    : enabled
20220310 015206.103 INFO             PET0 ESMF_YAMLCPP                : enabled
20220310 015206.105 INFO             PET0  NUMBER_OF_PROCESSORS           1
20220310 015206.105 INFO             PET0  PASS  Example ESMF_XGridSparseMatEx, ESMF_XGridSparseMatEx.F90, line 642
20220310 015206.105 INFO             PET0 Finalizing ESMF
