build time -- 2022-03-08 01:45:22.642712
20220308 015816.683 INFO             PET0 !!!!!!!!!!!!!!!!!!!!!!!!!!!!!!!!!!!!!!!!!!!!!!!!!!!!!!
20220308 015816.683 INFO             PET0 !!! THE ESMF_LOG IS SET TO OUTPUT ALL LOG MESSAGES !!!
20220308 015816.683 INFO             PET0 !!!     THIS MAY CAUSE SLOWDOWN IN PERFORMANCE     !!!
20220308 015816.683 INFO             PET0 !!! FOR PRODUCTION RUNS, USE:                      !!!
20220308 015816.683 INFO             PET0 !!!                   ESMF_LOGKIND_Multi_On_Error  !!!
20220308 015816.683 INFO             PET0 !!!!!!!!!!!!!!!!!!!!!!!!!!!!!!!!!!!!!!!!!!!!!!!!!!!!!!
20220308 015816.683 INFO             PET0 Running with ESMF Version   : v8.3.0b09
20220308 015816.683 INFO             PET0 ESMF library build date/time: "Mar  8 2022" "01:44:38"
20220308 015816.683 INFO             PET0 ESMF library build location : /home/mpotts/gfortran_9.3.0_openmpi_O_develop
20220308 015816.683 INFO             PET0 ESMF_COMM                   : openmpi
20220308 015816.683 INFO             PET0 ESMF_MOAB                   : enabled
20220308 015816.683 INFO             PET0 ESMF_LAPACK                 : enabled
20220308 015816.683 INFO             PET0 ESMF_NETCDF                 : enabled
20220308 015816.683 INFO             PET0 ESMF_PNETCDF                : disabled
20220308 015816.683 INFO             PET0 ESMF_PIO                    : enabled
20220308 015816.683 INFO             PET0 ESMF_YAMLCPP                : enabled
20220308 015816.684 INFO             PET0  NUMBER_OF_PROCESSORS           1
20220308 015816.684 INFO             PET0  PASS  Example ESMF_AlarmEx, ESMF_AlarmEx.F90, line 244
20220308 015816.684 INFO             PET0 Finalizing ESMF
