build time -- 2022-03-22 02:29:10.025159
20220322 024514.615 INFO             PET0 !!!!!!!!!!!!!!!!!!!!!!!!!!!!!!!!!!!!!!!!!!!!!!!!!!!!!!
20220322 024514.615 INFO             PET0 !!! THE ESMF_LOG IS SET TO OUTPUT ALL LOG MESSAGES !!!
20220322 024514.615 INFO             PET0 !!!     THIS MAY CAUSE SLOWDOWN IN PERFORMANCE     !!!
20220322 024514.615 INFO             PET0 !!! FOR PRODUCTION RUNS, USE:                      !!!
20220322 024514.615 INFO             PET0 !!!                   ESMF_LOGKIND_Multi_On_Error  !!!
20220322 024514.615 INFO             PET0 !!!!!!!!!!!!!!!!!!!!!!!!!!!!!!!!!!!!!!!!!!!!!!!!!!!!!!
20220322 024514.615 INFO             PET0 Running with ESMF Version   : v8.3.0b09-5-g496f893947
20220322 024514.615 INFO             PET0 ESMF library build date/time: "Mar 22 2022" "02:28:15"
20220322 024514.615 INFO             PET0 ESMF library build location : /home/mpotts/gfortran_9.3.0_openmpi_g_develop
20220322 024514.615 INFO             PET0 ESMF_COMM                   : openmpi
20220322 024514.615 INFO             PET0 ESMF_MOAB                   : enabled
20220322 024514.615 INFO             PET0 ESMF_LAPACK                 : enabled
20220322 024514.615 INFO             PET0 ESMF_NETCDF                 : enabled
20220322 024514.615 INFO             PET0 ESMF_PNETCDF                : disabled
20220322 024514.615 INFO             PET0 ESMF_PIO                    : enabled
20220322 024514.615 INFO             PET0 ESMF_YAMLCPP                : enabled
20220322 024514.670 DEBUG            PET0 about to destroy Grid: 0x260c430
20220322 024514.677 DEBUG            PET0 about to destroy Grid: 0x260e1b0
20220322 024514.695 INFO             PET0  NUMBER_OF_PROCESSORS           4
20220322 024514.695 INFO             PET0  PASS  Example ESMF_NUOPCAtmModelEx, ESMF_NUOPCAtmModelEx.F90, line 806
20220322 024514.695 INFO             PET0 Finalizing ESMF
20220322 024514.615 INFO             PET1 !!!!!!!!!!!!!!!!!!!!!!!!!!!!!!!!!!!!!!!!!!!!!!!!!!!!!!
20220322 024514.615 INFO             PET1 !!! THE ESMF_LOG IS SET TO OUTPUT ALL LOG MESSAGES !!!
20220322 024514.615 INFO             PET1 !!!     THIS MAY CAUSE SLOWDOWN IN PERFORMANCE     !!!
20220322 024514.615 INFO             PET1 !!! FOR PRODUCTION RUNS, USE:                      !!!
20220322 024514.615 INFO             PET1 !!!                   ESMF_LOGKIND_Multi_On_Error  !!!
20220322 024514.615 INFO             PET1 !!!!!!!!!!!!!!!!!!!!!!!!!!!!!!!!!!!!!!!!!!!!!!!!!!!!!!
20220322 024514.615 INFO             PET1 Running with ESMF Version   : v8.3.0b09-5-g496f893947
20220322 024514.615 INFO             PET1 ESMF library build date/time: "Mar 22 2022" "02:28:15"
20220322 024514.615 INFO             PET1 ESMF library build location : /home/mpotts/gfortran_9.3.0_openmpi_g_develop
20220322 024514.615 INFO             PET1 ESMF_COMM                   : openmpi
20220322 024514.615 INFO             PET1 ESMF_MOAB                   : enabled
20220322 024514.615 INFO             PET1 ESMF_LAPACK                 : enabled
20220322 024514.615 INFO             PET1 ESMF_NETCDF                 : enabled
20220322 024514.615 INFO             PET1 ESMF_PNETCDF                : disabled
20220322 024514.615 INFO             PET1 ESMF_PIO                    : enabled
20220322 024514.615 INFO             PET1 ESMF_YAMLCPP                : enabled
20220322 024514.670 DEBUG            PET1 about to destroy Grid: 0x9b4780
20220322 024514.677 DEBUG            PET1 about to destroy Grid: 0x9b8e70
20220322 024514.695 INFO             PET1  NUMBER_OF_PROCESSORS           4
20220322 024514.695 INFO             PET1  PASS  Example ESMF_NUOPCAtmModelEx, ESMF_NUOPCAtmModelEx.F90, line 806
20220322 024514.695 INFO             PET1 Finalizing ESMF
20220322 024514.615 INFO             PET2 !!!!!!!!!!!!!!!!!!!!!!!!!!!!!!!!!!!!!!!!!!!!!!!!!!!!!!
20220322 024514.615 INFO             PET2 !!! THE ESMF_LOG IS SET TO OUTPUT ALL LOG MESSAGES !!!
20220322 024514.615 INFO             PET2 !!!     THIS MAY CAUSE SLOWDOWN IN PERFORMANCE     !!!
20220322 024514.615 INFO             PET2 !!! FOR PRODUCTION RUNS, USE:                      !!!
20220322 024514.615 INFO             PET2 !!!                   ESMF_LOGKIND_Multi_On_Error  !!!
20220322 024514.615 INFO             PET2 !!!!!!!!!!!!!!!!!!!!!!!!!!!!!!!!!!!!!!!!!!!!!!!!!!!!!!
20220322 024514.615 INFO             PET2 Running with ESMF Version   : v8.3.0b09-5-g496f893947
20220322 024514.615 INFO             PET2 ESMF library build date/time: "Mar 22 2022" "02:28:15"
20220322 024514.615 INFO             PET2 ESMF library build location : /home/mpotts/gfortran_9.3.0_openmpi_g_develop
20220322 024514.615 INFO             PET2 ESMF_COMM                   : openmpi
20220322 024514.615 INFO             PET2 ESMF_MOAB                   : enabled
20220322 024514.615 INFO             PET2 ESMF_LAPACK                 : enabled
20220322 024514.615 INFO             PET2 ESMF_NETCDF                 : enabled
20220322 024514.615 INFO             PET2 ESMF_PNETCDF                : disabled
20220322 024514.615 INFO             PET2 ESMF_PIO                    : enabled
20220322 024514.615 INFO             PET2 ESMF_YAMLCPP                : enabled
20220322 024514.670 DEBUG            PET2 about to destroy Grid: 0x17a3a90
20220322 024514.677 DEBUG            PET2 about to destroy Grid: 0x17a8290
20220322 024514.695 INFO             PET2  NUMBER_OF_PROCESSORS           4
20220322 024514.695 INFO             PET2  PASS  Example ESMF_NUOPCAtmModelEx, ESMF_NUOPCAtmModelEx.F90, line 806
20220322 024514.695 INFO             PET2 Finalizing ESMF
20220322 024514.615 INFO             PET3 !!!!!!!!!!!!!!!!!!!!!!!!!!!!!!!!!!!!!!!!!!!!!!!!!!!!!!
20220322 024514.615 INFO             PET3 !!! THE ESMF_LOG IS SET TO OUTPUT ALL LOG MESSAGES !!!
20220322 024514.615 INFO             PET3 !!!     THIS MAY CAUSE SLOWDOWN IN PERFORMANCE     !!!
20220322 024514.615 INFO             PET3 !!! FOR PRODUCTION RUNS, USE:                      !!!
20220322 024514.615 INFO             PET3 !!!                   ESMF_LOGKIND_Multi_On_Error  !!!
20220322 024514.615 INFO             PET3 !!!!!!!!!!!!!!!!!!!!!!!!!!!!!!!!!!!!!!!!!!!!!!!!!!!!!!
20220322 024514.615 INFO             PET3 Running with ESMF Version   : v8.3.0b09-5-g496f893947
20220322 024514.615 INFO             PET3 ESMF library build date/time: "Mar 22 2022" "02:28:15"
20220322 024514.615 INFO             PET3 ESMF library build location : /home/mpotts/gfortran_9.3.0_openmpi_g_develop
20220322 024514.615 INFO             PET3 ESMF_COMM                   : openmpi
20220322 024514.615 INFO             PET3 ESMF_MOAB                   : enabled
20220322 024514.615 INFO             PET3 ESMF_LAPACK                 : enabled
20220322 024514.615 INFO             PET3 ESMF_NETCDF                 : enabled
20220322 024514.615 INFO             PET3 ESMF_PNETCDF                : disabled
20220322 024514.615 INFO             PET3 ESMF_PIO                    : enabled
20220322 024514.615 INFO             PET3 ESMF_YAMLCPP                : enabled
20220322 024514.670 DEBUG            PET3 about to destroy Grid: 0x145cc30
20220322 024514.677 DEBUG            PET3 about to destroy Grid: 0x1461430
20220322 024514.695 INFO             PET3  NUMBER_OF_PROCESSORS           4
20220322 024514.695 INFO             PET3  PASS  Example ESMF_NUOPCAtmModelEx, ESMF_NUOPCAtmModelEx.F90, line 806
20220322 024514.695 INFO             PET3 Finalizing ESMF
