build time -- 2022-03-24 06:02:55
20220324 062347.284 INFO             PET0 !!!!!!!!!!!!!!!!!!!!!!!!!!!!!!!!!!!!!!!!!!!!!!!!!!!!!!
20220324 062347.284 INFO             PET0 !!! THE ESMF_LOG IS SET TO OUTPUT ALL LOG MESSAGES !!!
20220324 062347.284 INFO             PET0 !!!     THIS MAY CAUSE SLOWDOWN IN PERFORMANCE     !!!
20220324 062347.284 INFO             PET0 !!! FOR PRODUCTION RUNS, USE:                      !!!
20220324 062347.284 INFO             PET0 !!!                   ESMF_LOGKIND_Multi_On_Error  !!!
20220324 062347.284 INFO             PET0 !!!!!!!!!!!!!!!!!!!!!!!!!!!!!!!!!!!!!!!!!!!!!!!!!!!!!!
20220324 062347.284 INFO             PET0 Running with ESMF Version   : v8.3.0b10
20220324 062347.284 INFO             PET0 ESMF library build date/time: "Mar 24 2022" "06:01:11"
20220324 062347.284 INFO             PET0 ESMF library build location : /scratch1/NCEPDEV/stmp2/role.esmfmaint/intel_18.0.5a_mpiuni_O_develop
20220324 062347.284 INFO             PET0 ESMF_COMM                   : mpiuni
20220324 062347.285 INFO             PET0 ESMF_MOAB                   : enabled
20220324 062347.285 INFO             PET0 ESMF_LAPACK                 : enabled
20220324 062347.285 INFO             PET0 ESMF_NETCDF                 : enabled
20220324 062347.285 INFO             PET0 ESMF_PNETCDF                : disabled
20220324 062347.285 INFO             PET0 ESMF_PIO                    : disabled
20220324 062347.285 INFO             PET0 ESMF_YAMLCPP                : enabled
20220324 062347.285 INFO             PET0 Log Write 2
20220324 062347.285 ERROR            PET0 Invalid object  - Convergence failure
20220324 062347.285 ERROR            PET0 ESMCI_Fraction.C:1444 ESMCI::Fraction::validate() must have non-zero denominator.
20220324 062347.285 ERROR            PET0 ESMCI_Time.C:838 ESMCI::Time::syncToRealTime() Wrong argument specified  - ; calkindflag is JULIANDAY, MODJULIANDAY or NOCALENDAR.
20220324 062347.285 ERROR            PET0 ESMF_Time.F90:1485 ESMF_TimeSyncToRealTime() Wrong argument specified  - Internal subroutine call returned Error
20220324 062347.285 ERROR            PET0 Wrong argument specified  - getting wall clock time
20220324 062347.287 INFO             PET0  NUMBER_OF_PROCESSORS           1
20220324 062347.288 INFO             PET0  PASS  Example ESMF_LogErrEx, ESMF_LogErrEx.F90, line 186
20220324 062347.288 INFO             PET0 Finalizing ESMF
