build time -- 2022-03-09 23:31:49
20220310 004124.561 INFO             PET0 !!!!!!!!!!!!!!!!!!!!!!!!!!!!!!!!!!!!!!!!!!!!!!!!!!!!!!
20220310 004124.561 INFO             PET0 !!! THE ESMF_LOG IS SET TO OUTPUT ALL LOG MESSAGES !!!
20220310 004124.561 INFO             PET0 !!!     THIS MAY CAUSE SLOWDOWN IN PERFORMANCE     !!!
20220310 004124.561 INFO             PET0 !!! FOR PRODUCTION RUNS, USE:                      !!!
20220310 004124.561 INFO             PET0 !!!                   ESMF_LOGKIND_Multi_On_Error  !!!
20220310 004124.561 INFO             PET0 !!!!!!!!!!!!!!!!!!!!!!!!!!!!!!!!!!!!!!!!!!!!!!!!!!!!!!
20220310 004124.561 INFO             PET0 Running with ESMF Version   : v8.3.0b09-93-ga567ee5dcd
20220310 004124.561 INFO             PET0 ESMF library build date/time: "Mar  9 2022" "23:29:59"
20220310 004124.561 INFO             PET0 ESMF library build location : /lustre/f2/dev/ncep/Mark.Potts/gfortran_8.3.0_mpi_O_jedwards_pio_update2
20220310 004124.561 INFO             PET0 ESMF_COMM                   : mpi
20220310 004124.562 INFO             PET0 ESMF_MOAB                   : enabled
20220310 004124.562 INFO             PET0 ESMF_LAPACK                 : enabled
20220310 004124.562 INFO             PET0 ESMF_NETCDF                 : enabled
20220310 004124.562 INFO             PET0 ESMF_PNETCDF                : disabled
20220310 004124.562 INFO             PET0 ESMF_PIO                    : enabled
20220310 004124.562 INFO             PET0 ESMF_YAMLCPP                : enabled
20220310 004124.588 INFO             PET0  NUMBER_OF_PROCESSORS           4
20220310 004124.588 INFO             PET0  PASS  Example ESMF_ArrayEx, ESMF_ArrayEx.F90, line 1899
20220310 004124.588 INFO             PET0 Finalizing ESMF
20220310 004124.589 INFO             PET0 ESMCI_IO_Handler.C:331 ESMCI::IO_Handler::finalize() 
20220310 004124.590 INFO             PET0 ESMCI_PIO_Handler.C:361 ESMCI::PIO_Handler::finalize() 
20220310 004124.591 INFO             PET0 ESMCI_IO_Handler.C:333 ESMCI::IO_Handler::finalize() after finalize, localrc = 0
20220310 004124.592 INFO             PET0 ESMCI_IO_Handler.C:356 ESMCI::IO_Handler::finalize() before return, localrc = 0
20220310 004124.551 INFO             PET1 !!!!!!!!!!!!!!!!!!!!!!!!!!!!!!!!!!!!!!!!!!!!!!!!!!!!!!
20220310 004124.551 INFO             PET1 !!! THE ESMF_LOG IS SET TO OUTPUT ALL LOG MESSAGES !!!
20220310 004124.551 INFO             PET1 !!!     THIS MAY CAUSE SLOWDOWN IN PERFORMANCE     !!!
20220310 004124.551 INFO             PET1 !!! FOR PRODUCTION RUNS, USE:                      !!!
20220310 004124.551 INFO             PET1 !!!                   ESMF_LOGKIND_Multi_On_Error  !!!
20220310 004124.551 INFO             PET1 !!!!!!!!!!!!!!!!!!!!!!!!!!!!!!!!!!!!!!!!!!!!!!!!!!!!!!
20220310 004124.551 INFO             PET1 Running with ESMF Version   : v8.3.0b09-93-ga567ee5dcd
20220310 004124.551 INFO             PET1 ESMF library build date/time: "Mar  9 2022" "23:29:59"
20220310 004124.551 INFO             PET1 ESMF library build location : /lustre/f2/dev/ncep/Mark.Potts/gfortran_8.3.0_mpi_O_jedwards_pio_update2
20220310 004124.551 INFO             PET1 ESMF_COMM                   : mpi
20220310 004124.552 INFO             PET1 ESMF_MOAB                   : enabled
20220310 004124.552 INFO             PET1 ESMF_LAPACK                 : enabled
20220310 004124.552 INFO             PET1 ESMF_NETCDF                 : enabled
20220310 004124.552 INFO             PET1 ESMF_PNETCDF                : disabled
20220310 004124.552 INFO             PET1 ESMF_PIO                    : enabled
20220310 004124.552 INFO             PET1 ESMF_YAMLCPP                : enabled
20220310 004124.588 INFO             PET1  NUMBER_OF_PROCESSORS           4
20220310 004124.588 INFO             PET1  PASS  Example ESMF_ArrayEx, ESMF_ArrayEx.F90, line 1899
20220310 004124.588 INFO             PET1 Finalizing ESMF
20220310 004124.589 INFO             PET1 ESMCI_IO_Handler.C:331 ESMCI::IO_Handler::finalize() 
20220310 004124.590 INFO             PET1 ESMCI_PIO_Handler.C:361 ESMCI::PIO_Handler::finalize() 
20220310 004124.591 INFO             PET1 ESMCI_IO_Handler.C:333 ESMCI::IO_Handler::finalize() after finalize, localrc = 0
20220310 004124.592 INFO             PET1 ESMCI_IO_Handler.C:356 ESMCI::IO_Handler::finalize() before return, localrc = 0
20220310 004124.555 INFO             PET2 !!!!!!!!!!!!!!!!!!!!!!!!!!!!!!!!!!!!!!!!!!!!!!!!!!!!!!
20220310 004124.555 INFO             PET2 !!! THE ESMF_LOG IS SET TO OUTPUT ALL LOG MESSAGES !!!
20220310 004124.555 INFO             PET2 !!!     THIS MAY CAUSE SLOWDOWN IN PERFORMANCE     !!!
20220310 004124.555 INFO             PET2 !!! FOR PRODUCTION RUNS, USE:                      !!!
20220310 004124.555 INFO             PET2 !!!                   ESMF_LOGKIND_Multi_On_Error  !!!
20220310 004124.555 INFO             PET2 !!!!!!!!!!!!!!!!!!!!!!!!!!!!!!!!!!!!!!!!!!!!!!!!!!!!!!
20220310 004124.555 INFO             PET2 Running with ESMF Version   : v8.3.0b09-93-ga567ee5dcd
20220310 004124.555 INFO             PET2 ESMF library build date/time: "Mar  9 2022" "23:29:59"
20220310 004124.555 INFO             PET2 ESMF library build location : /lustre/f2/dev/ncep/Mark.Potts/gfortran_8.3.0_mpi_O_jedwards_pio_update2
20220310 004124.555 INFO             PET2 ESMF_COMM                   : mpi
20220310 004124.556 INFO             PET2 ESMF_MOAB                   : enabled
20220310 004124.556 INFO             PET2 ESMF_LAPACK                 : enabled
20220310 004124.556 INFO             PET2 ESMF_NETCDF                 : enabled
20220310 004124.556 INFO             PET2 ESMF_PNETCDF                : disabled
20220310 004124.556 INFO             PET2 ESMF_PIO                    : enabled
20220310 004124.556 INFO             PET2 ESMF_YAMLCPP                : enabled
20220310 004124.588 INFO             PET2  NUMBER_OF_PROCESSORS           4
20220310 004124.588 INFO             PET2  PASS  Example ESMF_ArrayEx, ESMF_ArrayEx.F90, line 1899
20220310 004124.588 INFO             PET2 Finalizing ESMF
20220310 004124.589 INFO             PET2 ESMCI_IO_Handler.C:331 ESMCI::IO_Handler::finalize() 
20220310 004124.590 INFO             PET2 ESMCI_PIO_Handler.C:361 ESMCI::PIO_Handler::finalize() 
20220310 004124.591 INFO             PET2 ESMCI_IO_Handler.C:333 ESMCI::IO_Handler::finalize() after finalize, localrc = 0
20220310 004124.592 INFO             PET2 ESMCI_IO_Handler.C:356 ESMCI::IO_Handler::finalize() before return, localrc = 0
20220310 004124.542 INFO             PET3 !!!!!!!!!!!!!!!!!!!!!!!!!!!!!!!!!!!!!!!!!!!!!!!!!!!!!!
20220310 004124.543 INFO             PET3 !!! THE ESMF_LOG IS SET TO OUTPUT ALL LOG MESSAGES !!!
20220310 004124.543 INFO             PET3 !!!     THIS MAY CAUSE SLOWDOWN IN PERFORMANCE     !!!
20220310 004124.543 INFO             PET3 !!! FOR PRODUCTION RUNS, USE:                      !!!
20220310 004124.543 INFO             PET3 !!!                   ESMF_LOGKIND_Multi_On_Error  !!!
20220310 004124.543 INFO             PET3 !!!!!!!!!!!!!!!!!!!!!!!!!!!!!!!!!!!!!!!!!!!!!!!!!!!!!!
20220310 004124.543 INFO             PET3 Running with ESMF Version   : v8.3.0b09-93-ga567ee5dcd
20220310 004124.543 INFO             PET3 ESMF library build date/time: "Mar  9 2022" "23:29:59"
20220310 004124.543 INFO             PET3 ESMF library build location : /lustre/f2/dev/ncep/Mark.Potts/gfortran_8.3.0_mpi_O_jedwards_pio_update2
20220310 004124.543 INFO             PET3 ESMF_COMM                   : mpi
20220310 004124.543 INFO             PET3 ESMF_MOAB                   : enabled
20220310 004124.543 INFO             PET3 ESMF_LAPACK                 : enabled
20220310 004124.543 INFO             PET3 ESMF_NETCDF                 : enabled
20220310 004124.543 INFO             PET3 ESMF_PNETCDF                : disabled
20220310 004124.543 INFO             PET3 ESMF_PIO                    : enabled
20220310 004124.543 INFO             PET3 ESMF_YAMLCPP                : enabled
20220310 004124.588 INFO             PET3  NUMBER_OF_PROCESSORS           4
20220310 004124.588 INFO             PET3  PASS  Example ESMF_ArrayEx, ESMF_ArrayEx.F90, line 1899
20220310 004124.588 INFO             PET3 Finalizing ESMF
20220310 004124.589 INFO             PET3 ESMCI_IO_Handler.C:331 ESMCI::IO_Handler::finalize() 
20220310 004124.590 INFO             PET3 ESMCI_PIO_Handler.C:361 ESMCI::PIO_Handler::finalize() 
20220310 004124.591 INFO             PET3 ESMCI_IO_Handler.C:333 ESMCI::IO_Handler::finalize() after finalize, localrc = 0
20220310 004124.592 INFO             PET3 ESMCI_IO_Handler.C:356 ESMCI::IO_Handler::finalize() before return, localrc = 0
