build time -- 2022-03-04 23:30:00
20220305 004457.232 INFO             PET0 !!!!!!!!!!!!!!!!!!!!!!!!!!!!!!!!!!!!!!!!!!!!!!!!!!!!!!
20220305 004457.232 INFO             PET0 !!! THE ESMF_LOG IS SET TO OUTPUT ALL LOG MESSAGES !!!
20220305 004457.232 INFO             PET0 !!!     THIS MAY CAUSE SLOWDOWN IN PERFORMANCE     !!!
20220305 004457.232 INFO             PET0 !!! FOR PRODUCTION RUNS, USE:                      !!!
20220305 004457.232 INFO             PET0 !!!                   ESMF_LOGKIND_Multi_On_Error  !!!
20220305 004457.232 INFO             PET0 !!!!!!!!!!!!!!!!!!!!!!!!!!!!!!!!!!!!!!!!!!!!!!!!!!!!!!
20220305 004457.232 INFO             PET0 Running with ESMF Version   : v8.3.0b08-90-g763a12848c
20220305 004457.233 INFO             PET0 ESMF library build date/time: "Mar  4 2022" "23:28:21"
20220305 004457.233 INFO             PET0 ESMF library build location : /lustre/f2/dev/ncep/Mark.Potts/gfortran_8.3.0_mpi_O_jedwards_pio_update2
20220305 004457.233 INFO             PET0 ESMF_COMM                   : mpi
20220305 004457.233 INFO             PET0 ESMF_MOAB                   : enabled
20220305 004457.233 INFO             PET0 ESMF_LAPACK                 : enabled
20220305 004457.233 INFO             PET0 ESMF_NETCDF                 : enabled
20220305 004457.234 INFO             PET0 ESMF_PNETCDF                : disabled
20220305 004457.234 INFO             PET0 ESMF_PIO                    : enabled
20220305 004457.234 INFO             PET0 ESMF_YAMLCPP                : enabled
20220305 004457.288 INFO             PET0  NUMBER_OF_PROCESSORS           4
20220305 004457.288 INFO             PET0  PASS  Example ESMF_FieldArbGridEx, ESMF_FieldArbGridEx.F90, line 243
20220305 004457.288 INFO             PET0 Finalizing ESMF
20220305 004457.289 INFO             PET0 ESMCI_IO_Handler.C:331 ESMCI::IO_Handler::finalize() 
20220305 004457.290 INFO             PET0 ESMCI_PIO_Handler.C:361 ESMCI::PIO_Handler::finalize() 
20220305 004457.290 INFO             PET0 ESMCI_IO_Handler.C:333 ESMCI::IO_Handler::finalize() after finalize, localrc = 0
20220305 004457.290 INFO             PET0 ESMCI_IO_Handler.C:356 ESMCI::IO_Handler::finalize() before return, localrc = 0
20220305 004457.230 INFO             PET1 !!!!!!!!!!!!!!!!!!!!!!!!!!!!!!!!!!!!!!!!!!!!!!!!!!!!!!
20220305 004457.232 INFO             PET1 !!! THE ESMF_LOG IS SET TO OUTPUT ALL LOG MESSAGES !!!
20220305 004457.232 INFO             PET1 !!!     THIS MAY CAUSE SLOWDOWN IN PERFORMANCE     !!!
20220305 004457.232 INFO             PET1 !!! FOR PRODUCTION RUNS, USE:                      !!!
20220305 004457.232 INFO             PET1 !!!                   ESMF_LOGKIND_Multi_On_Error  !!!
20220305 004457.232 INFO             PET1 !!!!!!!!!!!!!!!!!!!!!!!!!!!!!!!!!!!!!!!!!!!!!!!!!!!!!!
20220305 004457.232 INFO             PET1 Running with ESMF Version   : v8.3.0b08-90-g763a12848c
20220305 004457.233 INFO             PET1 ESMF library build date/time: "Mar  4 2022" "23:28:21"
20220305 004457.233 INFO             PET1 ESMF library build location : /lustre/f2/dev/ncep/Mark.Potts/gfortran_8.3.0_mpi_O_jedwards_pio_update2
20220305 004457.233 INFO             PET1 ESMF_COMM                   : mpi
20220305 004457.234 INFO             PET1 ESMF_MOAB                   : enabled
20220305 004457.234 INFO             PET1 ESMF_LAPACK                 : enabled
20220305 004457.234 INFO             PET1 ESMF_NETCDF                 : enabled
20220305 004457.234 INFO             PET1 ESMF_PNETCDF                : disabled
20220305 004457.234 INFO             PET1 ESMF_PIO                    : enabled
20220305 004457.234 INFO             PET1 ESMF_YAMLCPP                : enabled
20220305 004457.288 INFO             PET1  NUMBER_OF_PROCESSORS           4
20220305 004457.288 INFO             PET1  PASS  Example ESMF_FieldArbGridEx, ESMF_FieldArbGridEx.F90, line 243
20220305 004457.288 INFO             PET1 Finalizing ESMF
20220305 004457.289 INFO             PET1 ESMCI_IO_Handler.C:331 ESMCI::IO_Handler::finalize() 
20220305 004457.290 INFO             PET1 ESMCI_PIO_Handler.C:361 ESMCI::PIO_Handler::finalize() 
20220305 004457.290 INFO             PET1 ESMCI_IO_Handler.C:333 ESMCI::IO_Handler::finalize() after finalize, localrc = 0
20220305 004457.290 INFO             PET1 ESMCI_IO_Handler.C:356 ESMCI::IO_Handler::finalize() before return, localrc = 0
20220305 004457.234 INFO             PET2 !!!!!!!!!!!!!!!!!!!!!!!!!!!!!!!!!!!!!!!!!!!!!!!!!!!!!!
20220305 004457.234 INFO             PET2 !!! THE ESMF_LOG IS SET TO OUTPUT ALL LOG MESSAGES !!!
20220305 004457.234 INFO             PET2 !!!     THIS MAY CAUSE SLOWDOWN IN PERFORMANCE     !!!
20220305 004457.234 INFO             PET2 !!! FOR PRODUCTION RUNS, USE:                      !!!
20220305 004457.234 INFO             PET2 !!!                   ESMF_LOGKIND_Multi_On_Error  !!!
20220305 004457.234 INFO             PET2 !!!!!!!!!!!!!!!!!!!!!!!!!!!!!!!!!!!!!!!!!!!!!!!!!!!!!!
20220305 004457.234 INFO             PET2 Running with ESMF Version   : v8.3.0b08-90-g763a12848c
20220305 004457.234 INFO             PET2 ESMF library build date/time: "Mar  4 2022" "23:28:21"
20220305 004457.234 INFO             PET2 ESMF library build location : /lustre/f2/dev/ncep/Mark.Potts/gfortran_8.3.0_mpi_O_jedwards_pio_update2
20220305 004457.234 INFO             PET2 ESMF_COMM                   : mpi
20220305 004457.235 INFO             PET2 ESMF_MOAB                   : enabled
20220305 004457.235 INFO             PET2 ESMF_LAPACK                 : enabled
20220305 004457.235 INFO             PET2 ESMF_NETCDF                 : enabled
20220305 004457.235 INFO             PET2 ESMF_PNETCDF                : disabled
20220305 004457.235 INFO             PET2 ESMF_PIO                    : enabled
20220305 004457.235 INFO             PET2 ESMF_YAMLCPP                : enabled
20220305 004457.288 INFO             PET2  NUMBER_OF_PROCESSORS           4
20220305 004457.288 INFO             PET2  PASS  Example ESMF_FieldArbGridEx, ESMF_FieldArbGridEx.F90, line 243
20220305 004457.288 INFO             PET2 Finalizing ESMF
20220305 004457.289 INFO             PET2 ESMCI_IO_Handler.C:331 ESMCI::IO_Handler::finalize() 
20220305 004457.290 INFO             PET2 ESMCI_PIO_Handler.C:361 ESMCI::PIO_Handler::finalize() 
20220305 004457.290 INFO             PET2 ESMCI_IO_Handler.C:333 ESMCI::IO_Handler::finalize() after finalize, localrc = 0
20220305 004457.290 INFO             PET2 ESMCI_IO_Handler.C:356 ESMCI::IO_Handler::finalize() before return, localrc = 0
20220305 004457.238 INFO             PET3 !!!!!!!!!!!!!!!!!!!!!!!!!!!!!!!!!!!!!!!!!!!!!!!!!!!!!!
20220305 004457.238 INFO             PET3 !!! THE ESMF_LOG IS SET TO OUTPUT ALL LOG MESSAGES !!!
20220305 004457.238 INFO             PET3 !!!     THIS MAY CAUSE SLOWDOWN IN PERFORMANCE     !!!
20220305 004457.238 INFO             PET3 !!! FOR PRODUCTION RUNS, USE:                      !!!
20220305 004457.238 INFO             PET3 !!!                   ESMF_LOGKIND_Multi_On_Error  !!!
20220305 004457.238 INFO             PET3 !!!!!!!!!!!!!!!!!!!!!!!!!!!!!!!!!!!!!!!!!!!!!!!!!!!!!!
20220305 004457.238 INFO             PET3 Running with ESMF Version   : v8.3.0b08-90-g763a12848c
20220305 004457.238 INFO             PET3 ESMF library build date/time: "Mar  4 2022" "23:28:21"
20220305 004457.238 INFO             PET3 ESMF library build location : /lustre/f2/dev/ncep/Mark.Potts/gfortran_8.3.0_mpi_O_jedwards_pio_update2
20220305 004457.238 INFO             PET3 ESMF_COMM                   : mpi
20220305 004457.239 INFO             PET3 ESMF_MOAB                   : enabled
20220305 004457.239 INFO             PET3 ESMF_LAPACK                 : enabled
20220305 004457.239 INFO             PET3 ESMF_NETCDF                 : enabled
20220305 004457.239 INFO             PET3 ESMF_PNETCDF                : disabled
20220305 004457.239 INFO             PET3 ESMF_PIO                    : enabled
20220305 004457.239 INFO             PET3 ESMF_YAMLCPP                : enabled
20220305 004457.288 INFO             PET3  NUMBER_OF_PROCESSORS           4
20220305 004457.288 INFO             PET3  PASS  Example ESMF_FieldArbGridEx, ESMF_FieldArbGridEx.F90, line 243
20220305 004457.288 INFO             PET3 Finalizing ESMF
20220305 004457.289 INFO             PET3 ESMCI_IO_Handler.C:331 ESMCI::IO_Handler::finalize() 
20220305 004457.290 INFO             PET3 ESMCI_PIO_Handler.C:361 ESMCI::PIO_Handler::finalize() 
20220305 004457.290 INFO             PET3 ESMCI_IO_Handler.C:333 ESMCI::IO_Handler::finalize() after finalize, localrc = 0
20220305 004457.290 INFO             PET3 ESMCI_IO_Handler.C:356 ESMCI::IO_Handler::finalize() before return, localrc = 0
