build time -- 2022-03-18 00:38:34
20220318 015155.538 INFO             PET0 !!!!!!!!!!!!!!!!!!!!!!!!!!!!!!!!!!!!!!!!!!!!!!!!!!!!!!
20220318 015155.539 INFO             PET0 !!! THE ESMF_LOG IS SET TO OUTPUT ALL LOG MESSAGES !!!
20220318 015155.539 INFO             PET0 !!!     THIS MAY CAUSE SLOWDOWN IN PERFORMANCE     !!!
20220318 015155.539 INFO             PET0 !!! FOR PRODUCTION RUNS, USE:                      !!!
20220318 015155.539 INFO             PET0 !!!                   ESMF_LOGKIND_Multi_On_Error  !!!
20220318 015155.539 INFO             PET0 !!!!!!!!!!!!!!!!!!!!!!!!!!!!!!!!!!!!!!!!!!!!!!!!!!!!!!
20220318 015155.539 INFO             PET0 Running with ESMF Version   : v8.3.0b09-102-gabaf3ef548
20220318 015155.539 INFO             PET0 ESMF library build date/time: "Mar 18 2022" "00:36:57"
20220318 015155.539 INFO             PET0 ESMF library build location : /lustre/f2/dev/ncep/Mark.Potts/gfortran_8.3.0_mpi_O_jedwards_pio_update2
20220318 015155.539 INFO             PET0 ESMF_COMM                   : mpi
20220318 015155.541 INFO             PET0 ESMF_MOAB                   : enabled
20220318 015155.541 INFO             PET0 ESMF_LAPACK                 : enabled
20220318 015155.541 INFO             PET0 ESMF_NETCDF                 : enabled
20220318 015155.541 INFO             PET0 ESMF_PNETCDF                : disabled
20220318 015155.541 INFO             PET0 ESMF_PIO                    : enabled
20220318 015155.541 INFO             PET0 ESMF_YAMLCPP                : enabled
20220318 015155.542 INFO             PET0  NUMBER_OF_PROCESSORS           1
20220318 015155.543 INFO             PET0  PASS  Example ESMF_TimeEx, ESMF_TimeEx.F90, line 141
20220318 015155.543 INFO             PET0 Finalizing ESMF
