build time -- 2022-03-08 23:28:41
20220309 004144.187 INFO             PET0 !!!!!!!!!!!!!!!!!!!!!!!!!!!!!!!!!!!!!!!!!!!!!!!!!!!!!!
20220309 004144.187 INFO             PET0 !!! THE ESMF_LOG IS SET TO OUTPUT ALL LOG MESSAGES !!!
20220309 004144.187 INFO             PET0 !!!     THIS MAY CAUSE SLOWDOWN IN PERFORMANCE     !!!
20220309 004144.187 INFO             PET0 !!! FOR PRODUCTION RUNS, USE:                      !!!
20220309 004144.187 INFO             PET0 !!!                   ESMF_LOGKIND_Multi_On_Error  !!!
20220309 004144.187 INFO             PET0 !!!!!!!!!!!!!!!!!!!!!!!!!!!!!!!!!!!!!!!!!!!!!!!!!!!!!!
20220309 004144.187 INFO             PET0 Running with ESMF Version   : v8.3.0b09-93-ga567ee5dcd
20220309 004144.187 INFO             PET0 ESMF library build date/time: "Mar  8 2022" "23:27:02"
20220309 004144.187 INFO             PET0 ESMF library build location : /lustre/f2/dev/ncep/Mark.Potts/gfortran_8.3.0_mpi_O_jedwards_pio_update2
20220309 004144.187 INFO             PET0 ESMF_COMM                   : mpi
20220309 004144.188 INFO             PET0 ESMF_MOAB                   : enabled
20220309 004144.188 INFO             PET0 ESMF_LAPACK                 : enabled
20220309 004144.188 INFO             PET0 ESMF_NETCDF                 : enabled
20220309 004144.188 INFO             PET0 ESMF_PNETCDF                : disabled
20220309 004144.188 INFO             PET0 ESMF_PIO                    : enabled
20220309 004144.188 INFO             PET0 ESMF_YAMLCPP                : enabled
20220309 004144.292 INFO             PET0  NUMBER_OF_PROCESSORS           4
20220309 004144.292 INFO             PET0  PASS  Example ESMF_XGridEx, ESMF_XGridEx.F90, line 525
20220309 004144.292 INFO             PET0 Finalizing ESMF
20220309 004144.292 INFO             PET0 ESMCI_IO_Handler.C:331 ESMCI::IO_Handler::finalize() 
20220309 004144.292 INFO             PET0 ESMCI_PIO_Handler.C:361 ESMCI::PIO_Handler::finalize() 
20220309 004144.292 INFO             PET0 ESMCI_IO_Handler.C:333 ESMCI::IO_Handler::finalize() after finalize, localrc = 0
20220309 004144.292 INFO             PET0 ESMCI_IO_Handler.C:356 ESMCI::IO_Handler::finalize() before return, localrc = 0
20220309 004144.181 INFO             PET1 !!!!!!!!!!!!!!!!!!!!!!!!!!!!!!!!!!!!!!!!!!!!!!!!!!!!!!
20220309 004144.181 INFO             PET1 !!! THE ESMF_LOG IS SET TO OUTPUT ALL LOG MESSAGES !!!
20220309 004144.181 INFO             PET1 !!!     THIS MAY CAUSE SLOWDOWN IN PERFORMANCE     !!!
20220309 004144.181 INFO             PET1 !!! FOR PRODUCTION RUNS, USE:                      !!!
20220309 004144.181 INFO             PET1 !!!                   ESMF_LOGKIND_Multi_On_Error  !!!
20220309 004144.181 INFO             PET1 !!!!!!!!!!!!!!!!!!!!!!!!!!!!!!!!!!!!!!!!!!!!!!!!!!!!!!
20220309 004144.181 INFO             PET1 Running with ESMF Version   : v8.3.0b09-93-ga567ee5dcd
20220309 004144.181 INFO             PET1 ESMF library build date/time: "Mar  8 2022" "23:27:02"
20220309 004144.181 INFO             PET1 ESMF library build location : /lustre/f2/dev/ncep/Mark.Potts/gfortran_8.3.0_mpi_O_jedwards_pio_update2
20220309 004144.181 INFO             PET1 ESMF_COMM                   : mpi
20220309 004144.182 INFO             PET1 ESMF_MOAB                   : enabled
20220309 004144.182 INFO             PET1 ESMF_LAPACK                 : enabled
20220309 004144.182 INFO             PET1 ESMF_NETCDF                 : enabled
20220309 004144.182 INFO             PET1 ESMF_PNETCDF                : disabled
20220309 004144.182 INFO             PET1 ESMF_PIO                    : enabled
20220309 004144.182 INFO             PET1 ESMF_YAMLCPP                : enabled
20220309 004144.292 INFO             PET1  NUMBER_OF_PROCESSORS           4
20220309 004144.292 INFO             PET1  PASS  Example ESMF_XGridEx, ESMF_XGridEx.F90, line 525
20220309 004144.292 INFO             PET1 Finalizing ESMF
20220309 004144.292 INFO             PET1 ESMCI_IO_Handler.C:331 ESMCI::IO_Handler::finalize() 
20220309 004144.292 INFO             PET1 ESMCI_PIO_Handler.C:361 ESMCI::PIO_Handler::finalize() 
20220309 004144.292 INFO             PET1 ESMCI_IO_Handler.C:333 ESMCI::IO_Handler::finalize() after finalize, localrc = 0
20220309 004144.292 INFO             PET1 ESMCI_IO_Handler.C:356 ESMCI::IO_Handler::finalize() before return, localrc = 0
20220309 004144.183 INFO             PET2 !!!!!!!!!!!!!!!!!!!!!!!!!!!!!!!!!!!!!!!!!!!!!!!!!!!!!!
20220309 004144.183 INFO             PET2 !!! THE ESMF_LOG IS SET TO OUTPUT ALL LOG MESSAGES !!!
20220309 004144.183 INFO             PET2 !!!     THIS MAY CAUSE SLOWDOWN IN PERFORMANCE     !!!
20220309 004144.183 INFO             PET2 !!! FOR PRODUCTION RUNS, USE:                      !!!
20220309 004144.183 INFO             PET2 !!!                   ESMF_LOGKIND_Multi_On_Error  !!!
20220309 004144.183 INFO             PET2 !!!!!!!!!!!!!!!!!!!!!!!!!!!!!!!!!!!!!!!!!!!!!!!!!!!!!!
20220309 004144.183 INFO             PET2 Running with ESMF Version   : v8.3.0b09-93-ga567ee5dcd
20220309 004144.183 INFO             PET2 ESMF library build date/time: "Mar  8 2022" "23:27:02"
20220309 004144.183 INFO             PET2 ESMF library build location : /lustre/f2/dev/ncep/Mark.Potts/gfortran_8.3.0_mpi_O_jedwards_pio_update2
20220309 004144.183 INFO             PET2 ESMF_COMM                   : mpi
20220309 004144.184 INFO             PET2 ESMF_MOAB                   : enabled
20220309 004144.184 INFO             PET2 ESMF_LAPACK                 : enabled
20220309 004144.184 INFO             PET2 ESMF_NETCDF                 : enabled
20220309 004144.184 INFO             PET2 ESMF_PNETCDF                : disabled
20220309 004144.184 INFO             PET2 ESMF_PIO                    : enabled
20220309 004144.184 INFO             PET2 ESMF_YAMLCPP                : enabled
20220309 004144.292 INFO             PET2  NUMBER_OF_PROCESSORS           4
20220309 004144.292 INFO             PET2  PASS  Example ESMF_XGridEx, ESMF_XGridEx.F90, line 525
20220309 004144.292 INFO             PET2 Finalizing ESMF
20220309 004144.292 INFO             PET2 ESMCI_IO_Handler.C:331 ESMCI::IO_Handler::finalize() 
20220309 004144.292 INFO             PET2 ESMCI_PIO_Handler.C:361 ESMCI::PIO_Handler::finalize() 
20220309 004144.292 INFO             PET2 ESMCI_IO_Handler.C:333 ESMCI::IO_Handler::finalize() after finalize, localrc = 0
20220309 004144.292 INFO             PET2 ESMCI_IO_Handler.C:356 ESMCI::IO_Handler::finalize() before return, localrc = 0
20220309 004144.170 INFO             PET3 !!!!!!!!!!!!!!!!!!!!!!!!!!!!!!!!!!!!!!!!!!!!!!!!!!!!!!
20220309 004144.170 INFO             PET3 !!! THE ESMF_LOG IS SET TO OUTPUT ALL LOG MESSAGES !!!
20220309 004144.170 INFO             PET3 !!!     THIS MAY CAUSE SLOWDOWN IN PERFORMANCE     !!!
20220309 004144.170 INFO             PET3 !!! FOR PRODUCTION RUNS, USE:                      !!!
20220309 004144.170 INFO             PET3 !!!                   ESMF_LOGKIND_Multi_On_Error  !!!
20220309 004144.170 INFO             PET3 !!!!!!!!!!!!!!!!!!!!!!!!!!!!!!!!!!!!!!!!!!!!!!!!!!!!!!
20220309 004144.170 INFO             PET3 Running with ESMF Version   : v8.3.0b09-93-ga567ee5dcd
20220309 004144.170 INFO             PET3 ESMF library build date/time: "Mar  8 2022" "23:27:02"
20220309 004144.170 INFO             PET3 ESMF library build location : /lustre/f2/dev/ncep/Mark.Potts/gfortran_8.3.0_mpi_O_jedwards_pio_update2
20220309 004144.170 INFO             PET3 ESMF_COMM                   : mpi
20220309 004144.171 INFO             PET3 ESMF_MOAB                   : enabled
20220309 004144.171 INFO             PET3 ESMF_LAPACK                 : enabled
20220309 004144.171 INFO             PET3 ESMF_NETCDF                 : enabled
20220309 004144.171 INFO             PET3 ESMF_PNETCDF                : disabled
20220309 004144.171 INFO             PET3 ESMF_PIO                    : enabled
20220309 004144.171 INFO             PET3 ESMF_YAMLCPP                : enabled
20220309 004144.292 INFO             PET3  NUMBER_OF_PROCESSORS           4
20220309 004144.292 INFO             PET3  PASS  Example ESMF_XGridEx, ESMF_XGridEx.F90, line 525
20220309 004144.292 INFO             PET3 Finalizing ESMF
20220309 004144.292 INFO             PET3 ESMCI_IO_Handler.C:331 ESMCI::IO_Handler::finalize() 
20220309 004144.292 INFO             PET3 ESMCI_PIO_Handler.C:361 ESMCI::PIO_Handler::finalize() 
20220309 004144.292 INFO             PET3 ESMCI_IO_Handler.C:333 ESMCI::IO_Handler::finalize() after finalize, localrc = 0
20220309 004144.292 INFO             PET3 ESMCI_IO_Handler.C:356 ESMCI::IO_Handler::finalize() before return, localrc = 0
