build time -- 2022-03-10 23:28:26
20220311 004229.320 INFO             PET0 !!!!!!!!!!!!!!!!!!!!!!!!!!!!!!!!!!!!!!!!!!!!!!!!!!!!!!
20220311 004229.320 INFO             PET0 !!! THE ESMF_LOG IS SET TO OUTPUT ALL LOG MESSAGES !!!
20220311 004229.320 INFO             PET0 !!!     THIS MAY CAUSE SLOWDOWN IN PERFORMANCE     !!!
20220311 004229.320 INFO             PET0 !!! FOR PRODUCTION RUNS, USE:                      !!!
20220311 004229.320 INFO             PET0 !!!                   ESMF_LOGKIND_Multi_On_Error  !!!
20220311 004229.320 INFO             PET0 !!!!!!!!!!!!!!!!!!!!!!!!!!!!!!!!!!!!!!!!!!!!!!!!!!!!!!
20220311 004229.320 INFO             PET0 Running with ESMF Version   : v8.3.0b09-94-gba2d53fd60
20220311 004229.320 INFO             PET0 ESMF library build date/time: "Mar 10 2022" "23:26:50"
20220311 004229.320 INFO             PET0 ESMF library build location : /lustre/f2/dev/ncep/Mark.Potts/gfortran_8.3.0_mpi_O_jedwards_pio_update2
20220311 004229.320 INFO             PET0 ESMF_COMM                   : mpi
20220311 004229.321 INFO             PET0 ESMF_MOAB                   : enabled
20220311 004229.321 INFO             PET0 ESMF_LAPACK                 : enabled
20220311 004229.321 INFO             PET0 ESMF_NETCDF                 : enabled
20220311 004229.321 INFO             PET0 ESMF_PNETCDF                : disabled
20220311 004229.321 INFO             PET0 ESMF_PIO                    : enabled
20220311 004229.321 INFO             PET0 ESMF_YAMLCPP                : enabled
20220311 004229.349 ERROR            PET0 ESMF_StateAPI.cppF90:1189 ESMF_StateAddList Object being used before creation  - Bad Object
20220311 004229.408 INFO             PET0  NUMBER_OF_PROCESSORS           4
20220311 004229.408 INFO             PET0  PASS  Example ESMF_StateReconcileEx, ESMF_StateReconcileEx.F90, line 294
20220311 004229.408 INFO             PET0 Finalizing ESMF
20220311 004229.408 INFO             PET0 ESMCI_IO_Handler.C:331 ESMCI::IO_Handler::finalize() 
20220311 004229.409 INFO             PET0 ESMCI_PIO_Handler.C:361 ESMCI::PIO_Handler::finalize() 
20220311 004229.410 INFO             PET0 ESMCI_IO_Handler.C:333 ESMCI::IO_Handler::finalize() after finalize, localrc = 0
20220311 004229.410 INFO             PET0 ESMCI_IO_Handler.C:356 ESMCI::IO_Handler::finalize() before return, localrc = 0
20220311 004229.326 INFO             PET1 !!!!!!!!!!!!!!!!!!!!!!!!!!!!!!!!!!!!!!!!!!!!!!!!!!!!!!
20220311 004229.326 INFO             PET1 !!! THE ESMF_LOG IS SET TO OUTPUT ALL LOG MESSAGES !!!
20220311 004229.326 INFO             PET1 !!!     THIS MAY CAUSE SLOWDOWN IN PERFORMANCE     !!!
20220311 004229.326 INFO             PET1 !!! FOR PRODUCTION RUNS, USE:                      !!!
20220311 004229.326 INFO             PET1 !!!                   ESMF_LOGKIND_Multi_On_Error  !!!
20220311 004229.326 INFO             PET1 !!!!!!!!!!!!!!!!!!!!!!!!!!!!!!!!!!!!!!!!!!!!!!!!!!!!!!
20220311 004229.326 INFO             PET1 Running with ESMF Version   : v8.3.0b09-94-gba2d53fd60
20220311 004229.326 INFO             PET1 ESMF library build date/time: "Mar 10 2022" "23:26:50"
20220311 004229.326 INFO             PET1 ESMF library build location : /lustre/f2/dev/ncep/Mark.Potts/gfortran_8.3.0_mpi_O_jedwards_pio_update2
20220311 004229.326 INFO             PET1 ESMF_COMM                   : mpi
20220311 004229.326 INFO             PET1 ESMF_MOAB                   : enabled
20220311 004229.326 INFO             PET1 ESMF_LAPACK                 : enabled
20220311 004229.326 INFO             PET1 ESMF_NETCDF                 : enabled
20220311 004229.326 INFO             PET1 ESMF_PNETCDF                : disabled
20220311 004229.326 INFO             PET1 ESMF_PIO                    : enabled
20220311 004229.326 INFO             PET1 ESMF_YAMLCPP                : enabled
20220311 004229.349 ERROR            PET1 ESMF_StateAPI.cppF90:1189 ESMF_StateAddList Object being used before creation  - Bad Object
20220311 004229.408 INFO             PET1  NUMBER_OF_PROCESSORS           4
20220311 004229.408 INFO             PET1  PASS  Example ESMF_StateReconcileEx, ESMF_StateReconcileEx.F90, line 294
20220311 004229.408 INFO             PET1 Finalizing ESMF
20220311 004229.408 INFO             PET1 ESMCI_IO_Handler.C:331 ESMCI::IO_Handler::finalize() 
20220311 004229.409 INFO             PET1 ESMCI_PIO_Handler.C:361 ESMCI::PIO_Handler::finalize() 
20220311 004229.410 INFO             PET1 ESMCI_IO_Handler.C:333 ESMCI::IO_Handler::finalize() after finalize, localrc = 0
20220311 004229.410 INFO             PET1 ESMCI_IO_Handler.C:356 ESMCI::IO_Handler::finalize() before return, localrc = 0
20220311 004229.319 INFO             PET2 !!!!!!!!!!!!!!!!!!!!!!!!!!!!!!!!!!!!!!!!!!!!!!!!!!!!!!
20220311 004229.319 INFO             PET2 !!! THE ESMF_LOG IS SET TO OUTPUT ALL LOG MESSAGES !!!
20220311 004229.319 INFO             PET2 !!!     THIS MAY CAUSE SLOWDOWN IN PERFORMANCE     !!!
20220311 004229.319 INFO             PET2 !!! FOR PRODUCTION RUNS, USE:                      !!!
20220311 004229.319 INFO             PET2 !!!                   ESMF_LOGKIND_Multi_On_Error  !!!
20220311 004229.319 INFO             PET2 !!!!!!!!!!!!!!!!!!!!!!!!!!!!!!!!!!!!!!!!!!!!!!!!!!!!!!
20220311 004229.320 INFO             PET2 Running with ESMF Version   : v8.3.0b09-94-gba2d53fd60
20220311 004229.320 INFO             PET2 ESMF library build date/time: "Mar 10 2022" "23:26:50"
20220311 004229.320 INFO             PET2 ESMF library build location : /lustre/f2/dev/ncep/Mark.Potts/gfortran_8.3.0_mpi_O_jedwards_pio_update2
20220311 004229.320 INFO             PET2 ESMF_COMM                   : mpi
20220311 004229.320 INFO             PET2 ESMF_MOAB                   : enabled
20220311 004229.320 INFO             PET2 ESMF_LAPACK                 : enabled
20220311 004229.320 INFO             PET2 ESMF_NETCDF                 : enabled
20220311 004229.320 INFO             PET2 ESMF_PNETCDF                : disabled
20220311 004229.320 INFO             PET2 ESMF_PIO                    : enabled
20220311 004229.320 INFO             PET2 ESMF_YAMLCPP                : enabled
20220311 004229.349 ERROR            PET2 ESMF_StateAPI.cppF90:1189 ESMF_StateAddList Object being used before creation  - Bad Object
20220311 004229.408 INFO             PET2  NUMBER_OF_PROCESSORS           4
20220311 004229.408 INFO             PET2  PASS  Example ESMF_StateReconcileEx, ESMF_StateReconcileEx.F90, line 294
20220311 004229.408 INFO             PET2 Finalizing ESMF
20220311 004229.408 INFO             PET2 ESMCI_IO_Handler.C:331 ESMCI::IO_Handler::finalize() 
20220311 004229.409 INFO             PET2 ESMCI_PIO_Handler.C:361 ESMCI::PIO_Handler::finalize() 
20220311 004229.410 INFO             PET2 ESMCI_IO_Handler.C:333 ESMCI::IO_Handler::finalize() after finalize, localrc = 0
20220311 004229.410 INFO             PET2 ESMCI_IO_Handler.C:356 ESMCI::IO_Handler::finalize() before return, localrc = 0
20220311 004229.310 INFO             PET3 !!!!!!!!!!!!!!!!!!!!!!!!!!!!!!!!!!!!!!!!!!!!!!!!!!!!!!
20220311 004229.310 INFO             PET3 !!! THE ESMF_LOG IS SET TO OUTPUT ALL LOG MESSAGES !!!
20220311 004229.310 INFO             PET3 !!!     THIS MAY CAUSE SLOWDOWN IN PERFORMANCE     !!!
20220311 004229.310 INFO             PET3 !!! FOR PRODUCTION RUNS, USE:                      !!!
20220311 004229.310 INFO             PET3 !!!                   ESMF_LOGKIND_Multi_On_Error  !!!
20220311 004229.310 INFO             PET3 !!!!!!!!!!!!!!!!!!!!!!!!!!!!!!!!!!!!!!!!!!!!!!!!!!!!!!
20220311 004229.310 INFO             PET3 Running with ESMF Version   : v8.3.0b09-94-gba2d53fd60
20220311 004229.311 INFO             PET3 ESMF library build date/time: "Mar 10 2022" "23:26:50"
20220311 004229.311 INFO             PET3 ESMF library build location : /lustre/f2/dev/ncep/Mark.Potts/gfortran_8.3.0_mpi_O_jedwards_pio_update2
20220311 004229.311 INFO             PET3 ESMF_COMM                   : mpi
20220311 004229.311 INFO             PET3 ESMF_MOAB                   : enabled
20220311 004229.311 INFO             PET3 ESMF_LAPACK                 : enabled
20220311 004229.311 INFO             PET3 ESMF_NETCDF                 : enabled
20220311 004229.311 INFO             PET3 ESMF_PNETCDF                : disabled
20220311 004229.311 INFO             PET3 ESMF_PIO                    : enabled
20220311 004229.311 INFO             PET3 ESMF_YAMLCPP                : enabled
20220311 004229.349 ERROR            PET3 ESMF_StateAPI.cppF90:1189 ESMF_StateAddList Object being used before creation  - Bad Object
20220311 004229.408 INFO             PET3  NUMBER_OF_PROCESSORS           4
20220311 004229.408 INFO             PET3  PASS  Example ESMF_StateReconcileEx, ESMF_StateReconcileEx.F90, line 294
20220311 004229.408 INFO             PET3 Finalizing ESMF
20220311 004229.408 INFO             PET3 ESMCI_IO_Handler.C:331 ESMCI::IO_Handler::finalize() 
20220311 004229.409 INFO             PET3 ESMCI_PIO_Handler.C:361 ESMCI::PIO_Handler::finalize() 
20220311 004229.410 INFO             PET3 ESMCI_IO_Handler.C:333 ESMCI::IO_Handler::finalize() after finalize, localrc = 0
20220311 004229.410 INFO             PET3 ESMCI_IO_Handler.C:356 ESMCI::IO_Handler::finalize() before return, localrc = 0
