build time -- 2022-03-10 01:20:04.831873
20220310 015630.516 INFO             PET0 !!!!!!!!!!!!!!!!!!!!!!!!!!!!!!!!!!!!!!!!!!!!!!!!!!!!!!
20220310 015630.516 INFO             PET0 !!! THE ESMF_LOG IS SET TO OUTPUT ALL LOG MESSAGES !!!
20220310 015630.516 INFO             PET0 !!!     THIS MAY CAUSE SLOWDOWN IN PERFORMANCE     !!!
20220310 015630.516 INFO             PET0 !!! FOR PRODUCTION RUNS, USE:                      !!!
20220310 015630.516 INFO             PET0 !!!                   ESMF_LOGKIND_Multi_On_Error  !!!
20220310 015630.516 INFO             PET0 !!!!!!!!!!!!!!!!!!!!!!!!!!!!!!!!!!!!!!!!!!!!!!!!!!!!!!
20220310 015630.516 INFO             PET0 Running with ESMF Version   : v8.3.0b09-93-ga567ee5dcd
20220310 015630.516 INFO             PET0 ESMF library build date/time: "Mar 10 2022" "01:17:28"
20220310 015630.516 INFO             PET0 ESMF library build location : /gpfsm/dnb04/projects/p98/mpotts/esmf/intel_2020_intelmpi_g_jedwards_pio_update2
20220310 015630.516 INFO             PET0 ESMF_COMM                   : intelmpi
20220310 015630.517 INFO             PET0 ESMF_MOAB                   : enabled
20220310 015630.517 INFO             PET0 ESMF_LAPACK                 : enabled
20220310 015630.517 INFO             PET0 ESMF_NETCDF                 : enabled
20220310 015630.517 INFO             PET0 ESMF_PNETCDF                : disabled
20220310 015630.517 INFO             PET0 ESMF_PIO                    : enabled
20220310 015630.517 INFO             PET0 ESMF_YAMLCPP                : enabled
20220310 015630.580 INFO             PET0  NUMBER_OF_PROCESSORS           1
20220310 015630.580 INFO             PET0  PASS  Example ESMF_TimeEx, ESMF_TimeEx.F90, line 141
20220310 015630.580 INFO             PET0 Finalizing ESMF
20220310 015630.580 INFO             PET0 ESMCI_IO_Handler.C:331 ESMCI::IO_Handler::finalize() 
20220310 015630.580 INFO             PET0 ESMCI_PIO_Handler.C:361 ESMCI::PIO_Handler::finalize() 
20220310 015630.580 INFO             PET0 ESMCI_IO_Handler.C:333 ESMCI::IO_Handler::finalize() after finalize, localrc = 0
20220310 015630.580 INFO             PET0 ESMCI_IO_Handler.C:356 ESMCI::IO_Handler::finalize() before return, localrc = 0
