build time -- 2022-03-13 01:18:47.579298
20220313 015318.602 INFO             PET0 !!!!!!!!!!!!!!!!!!!!!!!!!!!!!!!!!!!!!!!!!!!!!!!!!!!!!!
20220313 015318.602 INFO             PET0 !!! THE ESMF_LOG IS SET TO OUTPUT ALL LOG MESSAGES !!!
20220313 015318.602 INFO             PET0 !!!     THIS MAY CAUSE SLOWDOWN IN PERFORMANCE     !!!
20220313 015318.602 INFO             PET0 !!! FOR PRODUCTION RUNS, USE:                      !!!
20220313 015318.602 INFO             PET0 !!!                   ESMF_LOGKIND_Multi_On_Error  !!!
20220313 015318.602 INFO             PET0 !!!!!!!!!!!!!!!!!!!!!!!!!!!!!!!!!!!!!!!!!!!!!!!!!!!!!!
20220313 015318.602 INFO             PET0 Running with ESMF Version   : v8.3.0b09-96-g559b459836
20220313 015318.602 INFO             PET0 ESMF library build date/time: "Mar 13 2022" "01:16:11"
20220313 015318.602 INFO             PET0 ESMF library build location : /gpfsm/dnb04/projects/p98/mpotts/esmf/intel_2020_intelmpi_g_jedwards_pio_update2
20220313 015318.602 INFO             PET0 ESMF_COMM                   : intelmpi
20220313 015318.604 INFO             PET0 ESMF_MOAB                   : enabled
20220313 015318.604 INFO             PET0 ESMF_LAPACK                 : enabled
20220313 015318.604 INFO             PET0 ESMF_NETCDF                 : enabled
20220313 015318.604 INFO             PET0 ESMF_PNETCDF                : disabled
20220313 015318.604 INFO             PET0 ESMF_PIO                    : enabled
20220313 015318.604 INFO             PET0 ESMF_YAMLCPP                : enabled
20220313 015318.605 INFO             PET0  NUMBER_OF_PROCESSORS           1
20220313 015318.605 INFO             PET0  PASS  Example ESMF_AlarmEx, ESMF_AlarmEx.F90, line 244
20220313 015318.605 INFO             PET0 Finalizing ESMF
