build time -- 2022-03-11 01:18:36.196070
20220311 015301.732 INFO             PET0 !!!!!!!!!!!!!!!!!!!!!!!!!!!!!!!!!!!!!!!!!!!!!!!!!!!!!!
20220311 015301.732 INFO             PET0 !!! THE ESMF_LOG IS SET TO OUTPUT ALL LOG MESSAGES !!!
20220311 015301.732 INFO             PET0 !!!     THIS MAY CAUSE SLOWDOWN IN PERFORMANCE     !!!
20220311 015301.732 INFO             PET0 !!! FOR PRODUCTION RUNS, USE:                      !!!
20220311 015301.732 INFO             PET0 !!!                   ESMF_LOGKIND_Multi_On_Error  !!!
20220311 015301.732 INFO             PET0 !!!!!!!!!!!!!!!!!!!!!!!!!!!!!!!!!!!!!!!!!!!!!!!!!!!!!!
20220311 015301.732 INFO             PET0 Running with ESMF Version   : v8.3.0b09-94-gba2d53fd60
20220311 015301.732 INFO             PET0 ESMF library build date/time: "Mar 11 2022" "01:15:34"
20220311 015301.732 INFO             PET0 ESMF library build location : /gpfsm/dnb04/projects/p98/mpotts/esmf/intel_2020_intelmpi_g_jedwards_pio_update2
20220311 015301.732 INFO             PET0 ESMF_COMM                   : intelmpi
20220311 015301.732 INFO             PET0 ESMF_MOAB                   : enabled
20220311 015301.732 INFO             PET0 ESMF_LAPACK                 : enabled
20220311 015301.732 INFO             PET0 ESMF_NETCDF                 : enabled
20220311 015301.732 INFO             PET0 ESMF_PNETCDF                : disabled
20220311 015301.732 INFO             PET0 ESMF_PIO                    : enabled
20220311 015301.732 INFO             PET0 ESMF_YAMLCPP                : enabled
20220311 015301.733 INFO             PET0  NUMBER_OF_PROCESSORS           2
20220311 015301.733 INFO             PET0  PASS  Example ESMF_VMUserMpiCommEx, ESMF_VMUserMpiCommEx.F90, line 113
20220311 015301.733 INFO             PET0 Finalizing ESMF
20220311 015301.733 INFO             PET0 ESMCI_IO_Handler.C:331 ESMCI::IO_Handler::finalize() 
20220311 015301.733 INFO             PET0 ESMCI_PIO_Handler.C:361 ESMCI::PIO_Handler::finalize() 
20220311 015301.733 INFO             PET0 ESMCI_IO_Handler.C:333 ESMCI::IO_Handler::finalize() after finalize, localrc = 0
20220311 015301.733 INFO             PET0 ESMCI_IO_Handler.C:356 ESMCI::IO_Handler::finalize() before return, localrc = 0
20220311 015301.732 INFO             PET1 !!!!!!!!!!!!!!!!!!!!!!!!!!!!!!!!!!!!!!!!!!!!!!!!!!!!!!
20220311 015301.732 INFO             PET1 !!! THE ESMF_LOG IS SET TO OUTPUT ALL LOG MESSAGES !!!
20220311 015301.732 INFO             PET1 !!!     THIS MAY CAUSE SLOWDOWN IN PERFORMANCE     !!!
20220311 015301.732 INFO             PET1 !!! FOR PRODUCTION RUNS, USE:                      !!!
20220311 015301.732 INFO             PET1 !!!                   ESMF_LOGKIND_Multi_On_Error  !!!
20220311 015301.732 INFO             PET1 !!!!!!!!!!!!!!!!!!!!!!!!!!!!!!!!!!!!!!!!!!!!!!!!!!!!!!
20220311 015301.732 INFO             PET1 Running with ESMF Version   : v8.3.0b09-94-gba2d53fd60
20220311 015301.732 INFO             PET1 ESMF library build date/time: "Mar 11 2022" "01:15:34"
20220311 015301.732 INFO             PET1 ESMF library build location : /gpfsm/dnb04/projects/p98/mpotts/esmf/intel_2020_intelmpi_g_jedwards_pio_update2
20220311 015301.732 INFO             PET1 ESMF_COMM                   : intelmpi
20220311 015301.732 INFO             PET1 ESMF_MOAB                   : enabled
20220311 015301.732 INFO             PET1 ESMF_LAPACK                 : enabled
20220311 015301.732 INFO             PET1 ESMF_NETCDF                 : enabled
20220311 015301.732 INFO             PET1 ESMF_PNETCDF                : disabled
20220311 015301.732 INFO             PET1 ESMF_PIO                    : enabled
20220311 015301.732 INFO             PET1 ESMF_YAMLCPP                : enabled
20220311 015301.733 INFO             PET1  NUMBER_OF_PROCESSORS           2
20220311 015301.733 INFO             PET1  PASS  Example ESMF_VMUserMpiCommEx, ESMF_VMUserMpiCommEx.F90, line 113
20220311 015301.733 INFO             PET1 Finalizing ESMF
20220311 015301.733 INFO             PET1 ESMCI_IO_Handler.C:331 ESMCI::IO_Handler::finalize() 
20220311 015301.733 INFO             PET1 ESMCI_PIO_Handler.C:361 ESMCI::PIO_Handler::finalize() 
20220311 015301.733 INFO             PET1 ESMCI_IO_Handler.C:333 ESMCI::IO_Handler::finalize() after finalize, localrc = 0
20220311 015301.733 INFO             PET1 ESMCI_IO_Handler.C:356 ESMCI::IO_Handler::finalize() before return, localrc = 0
