build time -- 2022-03-27 02:34:37
20220327 031241.622 INFO             PET0 !!!!!!!!!!!!!!!!!!!!!!!!!!!!!!!!!!!!!!!!!!!!!!!!!!!!!!
20220327 031241.622 INFO             PET0 !!! THE ESMF_LOG IS SET TO OUTPUT ALL LOG MESSAGES !!!
20220327 031241.622 INFO             PET0 !!!     THIS MAY CAUSE SLOWDOWN IN PERFORMANCE     !!!
20220327 031241.622 INFO             PET0 !!! FOR PRODUCTION RUNS, USE:                      !!!
20220327 031241.622 INFO             PET0 !!!                   ESMF_LOGKIND_Multi_On_Error  !!!
20220327 031241.622 INFO             PET0 !!!!!!!!!!!!!!!!!!!!!!!!!!!!!!!!!!!!!!!!!!!!!!!!!!!!!!
20220327 031241.622 INFO             PET0 Running with ESMF Version   : v8.3.0b10-105-ga5295e3
20220327 031241.622 INFO             PET0 ESMF library build date/time: "Mar 27 2022" "02:32:41"
20220327 031241.622 INFO             PET0 ESMF library build location : /work/noaa/da/mpotts/sandbox/gfortran_8.3.0_openmpi_g_develop
20220327 031241.622 INFO             PET0 ESMF_COMM                   : openmpi
20220327 031241.623 INFO             PET0 ESMF_MOAB                   : enabled
20220327 031241.623 INFO             PET0 ESMF_LAPACK                 : enabled
20220327 031241.623 INFO             PET0 ESMF_NETCDF                 : enabled
20220327 031241.623 INFO             PET0 ESMF_PNETCDF                : disabled
20220327 031241.623 INFO             PET0 ESMF_PIO                    : enabled
20220327 031241.623 INFO             PET0 ESMF_YAMLCPP                : enabled
20220327 031241.716 DEBUG            PET0 about to destroy Grid: 0x2482b80
20220327 031241.728 DEBUG            PET0 about to destroy Grid: 0x2482020
20220327 031241.758 INFO             PET0  NUMBER_OF_PROCESSORS           4
20220327 031241.758 INFO             PET0  PASS  Example ESMF_NUOPCAtmModelEx, ESMF_NUOPCAtmModelEx.F90, line 806
20220327 031241.758 INFO             PET0 Finalizing ESMF
20220327 031241.623 INFO             PET1 !!!!!!!!!!!!!!!!!!!!!!!!!!!!!!!!!!!!!!!!!!!!!!!!!!!!!!
20220327 031241.623 INFO             PET1 !!! THE ESMF_LOG IS SET TO OUTPUT ALL LOG MESSAGES !!!
20220327 031241.623 INFO             PET1 !!!     THIS MAY CAUSE SLOWDOWN IN PERFORMANCE     !!!
20220327 031241.623 INFO             PET1 !!! FOR PRODUCTION RUNS, USE:                      !!!
20220327 031241.623 INFO             PET1 !!!                   ESMF_LOGKIND_Multi_On_Error  !!!
20220327 031241.623 INFO             PET1 !!!!!!!!!!!!!!!!!!!!!!!!!!!!!!!!!!!!!!!!!!!!!!!!!!!!!!
20220327 031241.623 INFO             PET1 Running with ESMF Version   : v8.3.0b10-105-ga5295e3
20220327 031241.623 INFO             PET1 ESMF library build date/time: "Mar 27 2022" "02:32:41"
20220327 031241.623 INFO             PET1 ESMF library build location : /work/noaa/da/mpotts/sandbox/gfortran_8.3.0_openmpi_g_develop
20220327 031241.623 INFO             PET1 ESMF_COMM                   : openmpi
20220327 031241.623 INFO             PET1 ESMF_MOAB                   : enabled
20220327 031241.623 INFO             PET1 ESMF_LAPACK                 : enabled
20220327 031241.623 INFO             PET1 ESMF_NETCDF                 : enabled
20220327 031241.623 INFO             PET1 ESMF_PNETCDF                : disabled
20220327 031241.623 INFO             PET1 ESMF_PIO                    : enabled
20220327 031241.623 INFO             PET1 ESMF_YAMLCPP                : enabled
20220327 031241.716 DEBUG            PET1 about to destroy Grid: 0xc1a930
20220327 031241.728 DEBUG            PET1 about to destroy Grid: 0xc1baf0
20220327 031241.759 INFO             PET1  NUMBER_OF_PROCESSORS           4
20220327 031241.759 INFO             PET1  PASS  Example ESMF_NUOPCAtmModelEx, ESMF_NUOPCAtmModelEx.F90, line 806
20220327 031241.759 INFO             PET1 Finalizing ESMF
20220327 031241.622 INFO             PET2 !!!!!!!!!!!!!!!!!!!!!!!!!!!!!!!!!!!!!!!!!!!!!!!!!!!!!!
20220327 031241.622 INFO             PET2 !!! THE ESMF_LOG IS SET TO OUTPUT ALL LOG MESSAGES !!!
20220327 031241.622 INFO             PET2 !!!     THIS MAY CAUSE SLOWDOWN IN PERFORMANCE     !!!
20220327 031241.622 INFO             PET2 !!! FOR PRODUCTION RUNS, USE:                      !!!
20220327 031241.622 INFO             PET2 !!!                   ESMF_LOGKIND_Multi_On_Error  !!!
20220327 031241.622 INFO             PET2 !!!!!!!!!!!!!!!!!!!!!!!!!!!!!!!!!!!!!!!!!!!!!!!!!!!!!!
20220327 031241.622 INFO             PET2 Running with ESMF Version   : v8.3.0b10-105-ga5295e3
20220327 031241.622 INFO             PET2 ESMF library build date/time: "Mar 27 2022" "02:32:41"
20220327 031241.622 INFO             PET2 ESMF library build location : /work/noaa/da/mpotts/sandbox/gfortran_8.3.0_openmpi_g_develop
20220327 031241.622 INFO             PET2 ESMF_COMM                   : openmpi
20220327 031241.623 INFO             PET2 ESMF_MOAB                   : enabled
20220327 031241.623 INFO             PET2 ESMF_LAPACK                 : enabled
20220327 031241.623 INFO             PET2 ESMF_NETCDF                 : enabled
20220327 031241.623 INFO             PET2 ESMF_PNETCDF                : disabled
20220327 031241.623 INFO             PET2 ESMF_PIO                    : enabled
20220327 031241.623 INFO             PET2 ESMF_YAMLCPP                : enabled
20220327 031241.716 DEBUG            PET2 about to destroy Grid: 0x177af90
20220327 031241.728 DEBUG            PET2 about to destroy Grid: 0x177c0b0
20220327 031241.758 INFO             PET2  NUMBER_OF_PROCESSORS           4
20220327 031241.758 INFO             PET2  PASS  Example ESMF_NUOPCAtmModelEx, ESMF_NUOPCAtmModelEx.F90, line 806
20220327 031241.758 INFO             PET2 Finalizing ESMF
20220327 031241.622 INFO             PET3 !!!!!!!!!!!!!!!!!!!!!!!!!!!!!!!!!!!!!!!!!!!!!!!!!!!!!!
20220327 031241.623 INFO             PET3 !!! THE ESMF_LOG IS SET TO OUTPUT ALL LOG MESSAGES !!!
20220327 031241.623 INFO             PET3 !!!     THIS MAY CAUSE SLOWDOWN IN PERFORMANCE     !!!
20220327 031241.623 INFO             PET3 !!! FOR PRODUCTION RUNS, USE:                      !!!
20220327 031241.623 INFO             PET3 !!!                   ESMF_LOGKIND_Multi_On_Error  !!!
20220327 031241.623 INFO             PET3 !!!!!!!!!!!!!!!!!!!!!!!!!!!!!!!!!!!!!!!!!!!!!!!!!!!!!!
20220327 031241.623 INFO             PET3 Running with ESMF Version   : v8.3.0b10-105-ga5295e3
20220327 031241.623 INFO             PET3 ESMF library build date/time: "Mar 27 2022" "02:32:41"
20220327 031241.623 INFO             PET3 ESMF library build location : /work/noaa/da/mpotts/sandbox/gfortran_8.3.0_openmpi_g_develop
20220327 031241.623 INFO             PET3 ESMF_COMM                   : openmpi
20220327 031241.623 INFO             PET3 ESMF_MOAB                   : enabled
20220327 031241.623 INFO             PET3 ESMF_LAPACK                 : enabled
20220327 031241.623 INFO             PET3 ESMF_NETCDF                 : enabled
20220327 031241.623 INFO             PET3 ESMF_PNETCDF                : disabled
20220327 031241.623 INFO             PET3 ESMF_PIO                    : enabled
20220327 031241.623 INFO             PET3 ESMF_YAMLCPP                : enabled
20220327 031241.716 DEBUG            PET3 about to destroy Grid: 0xa8c990
20220327 031241.728 DEBUG            PET3 about to destroy Grid: 0xa8db00
20220327 031241.758 INFO             PET3  NUMBER_OF_PROCESSORS           4
20220327 031241.758 INFO             PET3  PASS  Example ESMF_NUOPCAtmModelEx, ESMF_NUOPCAtmModelEx.F90, line 806
20220327 031241.758 INFO             PET3 Finalizing ESMF
