build time -- 2022-03-15 02:35:42
20220315 030021.930 INFO             PET0 !!!!!!!!!!!!!!!!!!!!!!!!!!!!!!!!!!!!!!!!!!!!!!!!!!!!!!
20220315 030021.930 INFO             PET0 !!! THE ESMF_LOG IS SET TO OUTPUT ALL LOG MESSAGES !!!
20220315 030021.930 INFO             PET0 !!!     THIS MAY CAUSE SLOWDOWN IN PERFORMANCE     !!!
20220315 030021.930 INFO             PET0 !!! FOR PRODUCTION RUNS, USE:                      !!!
20220315 030021.930 INFO             PET0 !!!                   ESMF_LOGKIND_Multi_On_Error  !!!
20220315 030021.930 INFO             PET0 !!!!!!!!!!!!!!!!!!!!!!!!!!!!!!!!!!!!!!!!!!!!!!!!!!!!!!
20220315 030021.930 INFO             PET0 Running with ESMF Version   : v8.3.0b09-2-g2a2241b
20220315 030021.930 INFO             PET0 ESMF library build date/time: "Mar 15 2022" "02:34:21"
20220315 030021.930 INFO             PET0 ESMF library build location : /work/noaa/da/mpotts/sandbox/gfortran_8.3.0_openmpi_g_develop
20220315 030021.930 INFO             PET0 ESMF_COMM                   : openmpi
20220315 030021.931 INFO             PET0 ESMF_MOAB                   : enabled
20220315 030021.931 INFO             PET0 ESMF_LAPACK                 : enabled
20220315 030021.931 INFO             PET0 ESMF_NETCDF                 : enabled
20220315 030021.931 INFO             PET0 ESMF_PNETCDF                : disabled
20220315 030021.931 INFO             PET0 ESMF_PIO                    : enabled
20220315 030021.931 INFO             PET0 ESMF_YAMLCPP                : enabled
20220315 030021.932 INFO             PET0  NUMBER_OF_PROCESSORS           1
20220315 030021.932 INFO             PET0  PASS  Example ESMF_ClockEx, ESMF_ClockEx.F90, line 220
20220315 030021.932 INFO             PET0 Finalizing ESMF
