build time -- 2022-03-16 05:38:14
20220316 080816.068 INFO             PET0 !!!!!!!!!!!!!!!!!!!!!!!!!!!!!!!!!!!!!!!!!!!!!!!!!!!!!!
20220316 080816.068 INFO             PET0 !!! THE ESMF_LOG IS SET TO OUTPUT ALL LOG MESSAGES !!!
20220316 080816.068 INFO             PET0 !!!     THIS MAY CAUSE SLOWDOWN IN PERFORMANCE     !!!
20220316 080816.068 INFO             PET0 !!! FOR PRODUCTION RUNS, USE:                      !!!
20220316 080816.068 INFO             PET0 !!!                   ESMF_LOGKIND_Multi_On_Error  !!!
20220316 080816.068 INFO             PET0 !!!!!!!!!!!!!!!!!!!!!!!!!!!!!!!!!!!!!!!!!!!!!!!!!!!!!!
20220316 080816.068 INFO             PET0 Running with ESMF Version   : v8.3.0b09-3-ge20ebbf
20220316 080816.068 INFO             PET0 ESMF library build date/time: "Mar 16 2022" "05:36:08"
20220316 080816.068 INFO             PET0 ESMF library build location : /work/noaa/da/mpotts/sandbox/gfortran_8.3.0_openmpi_g_develop
20220316 080816.068 INFO             PET0 ESMF_COMM                   : openmpi
20220316 080816.069 INFO             PET0 ESMF_MOAB                   : enabled
20220316 080816.069 INFO             PET0 ESMF_LAPACK                 : enabled
20220316 080816.069 INFO             PET0 ESMF_NETCDF                 : enabled
20220316 080816.069 INFO             PET0 ESMF_PNETCDF                : disabled
20220316 080816.069 INFO             PET0 ESMF_PIO                    : enabled
20220316 080816.069 INFO             PET0 ESMF_YAMLCPP                : enabled
20220316 080816.069 INFO             PET0  NUMBER_OF_PROCESSORS           2
20220316 080816.069 INFO             PET0  PASS  Example ESMF_VMUserMpiCommEx, ESMF_VMUserMpiCommEx.F90, line 113
20220316 080816.069 INFO             PET0 Finalizing ESMF
20220316 080816.068 INFO             PET1 !!!!!!!!!!!!!!!!!!!!!!!!!!!!!!!!!!!!!!!!!!!!!!!!!!!!!!
20220316 080816.068 INFO             PET1 !!! THE ESMF_LOG IS SET TO OUTPUT ALL LOG MESSAGES !!!
20220316 080816.068 INFO             PET1 !!!     THIS MAY CAUSE SLOWDOWN IN PERFORMANCE     !!!
20220316 080816.068 INFO             PET1 !!! FOR PRODUCTION RUNS, USE:                      !!!
20220316 080816.068 INFO             PET1 !!!                   ESMF_LOGKIND_Multi_On_Error  !!!
20220316 080816.068 INFO             PET1 !!!!!!!!!!!!!!!!!!!!!!!!!!!!!!!!!!!!!!!!!!!!!!!!!!!!!!
20220316 080816.068 INFO             PET1 Running with ESMF Version   : v8.3.0b09-3-ge20ebbf
20220316 080816.068 INFO             PET1 ESMF library build date/time: "Mar 16 2022" "05:36:08"
20220316 080816.068 INFO             PET1 ESMF library build location : /work/noaa/da/mpotts/sandbox/gfortran_8.3.0_openmpi_g_develop
20220316 080816.068 INFO             PET1 ESMF_COMM                   : openmpi
20220316 080816.068 INFO             PET1 ESMF_MOAB                   : enabled
20220316 080816.068 INFO             PET1 ESMF_LAPACK                 : enabled
20220316 080816.068 INFO             PET1 ESMF_NETCDF                 : enabled
20220316 080816.068 INFO             PET1 ESMF_PNETCDF                : disabled
20220316 080816.068 INFO             PET1 ESMF_PIO                    : enabled
20220316 080816.068 INFO             PET1 ESMF_YAMLCPP                : enabled
20220316 080816.069 INFO             PET1  NUMBER_OF_PROCESSORS           2
20220316 080816.069 INFO             PET1  PASS  Example ESMF_VMUserMpiCommEx, ESMF_VMUserMpiCommEx.F90, line 113
20220316 080816.069 INFO             PET1 Finalizing ESMF
