build time -- 2022-03-28 01:24:06
20220328 014117.967 INFO             PET0 !!!!!!!!!!!!!!!!!!!!!!!!!!!!!!!!!!!!!!!!!!!!!!!!!!!!!!
20220328 014117.967 INFO             PET0 !!! THE ESMF_LOG IS SET TO OUTPUT ALL LOG MESSAGES !!!
20220328 014117.967 INFO             PET0 !!!     THIS MAY CAUSE SLOWDOWN IN PERFORMANCE     !!!
20220328 014117.967 INFO             PET0 !!! FOR PRODUCTION RUNS, USE:                      !!!
20220328 014117.967 INFO             PET0 !!!                   ESMF_LOGKIND_Multi_On_Error  !!!
20220328 014117.967 INFO             PET0 !!!!!!!!!!!!!!!!!!!!!!!!!!!!!!!!!!!!!!!!!!!!!!!!!!!!!!
20220328 014117.967 INFO             PET0 Running with ESMF Version   : v8.3.0b10-105-ga5295e34ae
20220328 014117.967 INFO             PET0 ESMF library build date/time: "Mar 28 2022" "01:22:59"
20220328 014117.967 INFO             PET0 ESMF library build location : /lfs/h1/emc/ptmp/Mark.Potts/gfortran_10.3.0_mpi_O_develop
20220328 014117.967 INFO             PET0 ESMF_COMM                   : mpi
20220328 014117.968 INFO             PET0 ESMF_MOAB                   : enabled
20220328 014117.968 INFO             PET0 ESMF_LAPACK                 : enabled
20220328 014117.968 INFO             PET0 ESMF_NETCDF                 : enabled
20220328 014117.968 INFO             PET0 ESMF_PNETCDF                : disabled
20220328 014117.968 INFO             PET0 ESMF_PIO                    : enabled
20220328 014117.968 INFO             PET0 ESMF_YAMLCPP                : enabled
20220328 014118.000 DEBUG            PET0 about to destroy Grid: 0x1fd9690
20220328 014118.003 DEBUG            PET0 about to destroy Grid: 0x1fdc490
20220328 014118.012 INFO             PET0  NUMBER_OF_PROCESSORS           4
20220328 014118.012 INFO             PET0  PASS  Example ESMF_NUOPCAtmModelEx, ESMF_NUOPCAtmModelEx.F90, line 806
20220328 014118.012 INFO             PET0 Finalizing ESMF
20220328 014117.967 INFO             PET1 !!!!!!!!!!!!!!!!!!!!!!!!!!!!!!!!!!!!!!!!!!!!!!!!!!!!!!
20220328 014117.967 INFO             PET1 !!! THE ESMF_LOG IS SET TO OUTPUT ALL LOG MESSAGES !!!
20220328 014117.967 INFO             PET1 !!!     THIS MAY CAUSE SLOWDOWN IN PERFORMANCE     !!!
20220328 014117.967 INFO             PET1 !!! FOR PRODUCTION RUNS, USE:                      !!!
20220328 014117.967 INFO             PET1 !!!                   ESMF_LOGKIND_Multi_On_Error  !!!
20220328 014117.967 INFO             PET1 !!!!!!!!!!!!!!!!!!!!!!!!!!!!!!!!!!!!!!!!!!!!!!!!!!!!!!
20220328 014117.967 INFO             PET1 Running with ESMF Version   : v8.3.0b10-105-ga5295e34ae
20220328 014117.967 INFO             PET1 ESMF library build date/time: "Mar 28 2022" "01:22:59"
20220328 014117.967 INFO             PET1 ESMF library build location : /lfs/h1/emc/ptmp/Mark.Potts/gfortran_10.3.0_mpi_O_develop
20220328 014117.967 INFO             PET1 ESMF_COMM                   : mpi
20220328 014117.968 INFO             PET1 ESMF_MOAB                   : enabled
20220328 014117.968 INFO             PET1 ESMF_LAPACK                 : enabled
20220328 014117.968 INFO             PET1 ESMF_NETCDF                 : enabled
20220328 014117.968 INFO             PET1 ESMF_PNETCDF                : disabled
20220328 014117.968 INFO             PET1 ESMF_PIO                    : enabled
20220328 014117.968 INFO             PET1 ESMF_YAMLCPP                : enabled
20220328 014118.000 DEBUG            PET1 about to destroy Grid: 0x23034f0
20220328 014118.003 DEBUG            PET1 about to destroy Grid: 0x2305450
20220328 014118.012 INFO             PET1  NUMBER_OF_PROCESSORS           4
20220328 014118.012 INFO             PET1  PASS  Example ESMF_NUOPCAtmModelEx, ESMF_NUOPCAtmModelEx.F90, line 806
20220328 014118.012 INFO             PET1 Finalizing ESMF
20220328 014117.967 INFO             PET2 !!!!!!!!!!!!!!!!!!!!!!!!!!!!!!!!!!!!!!!!!!!!!!!!!!!!!!
20220328 014117.967 INFO             PET2 !!! THE ESMF_LOG IS SET TO OUTPUT ALL LOG MESSAGES !!!
20220328 014117.967 INFO             PET2 !!!     THIS MAY CAUSE SLOWDOWN IN PERFORMANCE     !!!
20220328 014117.967 INFO             PET2 !!! FOR PRODUCTION RUNS, USE:                      !!!
20220328 014117.967 INFO             PET2 !!!                   ESMF_LOGKIND_Multi_On_Error  !!!
20220328 014117.967 INFO             PET2 !!!!!!!!!!!!!!!!!!!!!!!!!!!!!!!!!!!!!!!!!!!!!!!!!!!!!!
20220328 014117.967 INFO             PET2 Running with ESMF Version   : v8.3.0b10-105-ga5295e34ae
20220328 014117.967 INFO             PET2 ESMF library build date/time: "Mar 28 2022" "01:22:59"
20220328 014117.967 INFO             PET2 ESMF library build location : /lfs/h1/emc/ptmp/Mark.Potts/gfortran_10.3.0_mpi_O_develop
20220328 014117.967 INFO             PET2 ESMF_COMM                   : mpi
20220328 014117.968 INFO             PET2 ESMF_MOAB                   : enabled
20220328 014117.968 INFO             PET2 ESMF_LAPACK                 : enabled
20220328 014117.968 INFO             PET2 ESMF_NETCDF                 : enabled
20220328 014117.968 INFO             PET2 ESMF_PNETCDF                : disabled
20220328 014117.968 INFO             PET2 ESMF_PIO                    : enabled
20220328 014117.968 INFO             PET2 ESMF_YAMLCPP                : enabled
20220328 014118.000 DEBUG            PET2 about to destroy Grid: 0x25a6b90
20220328 014118.003 DEBUG            PET2 about to destroy Grid: 0x25a8790
20220328 014118.012 INFO             PET2  NUMBER_OF_PROCESSORS           4
20220328 014118.012 INFO             PET2  PASS  Example ESMF_NUOPCAtmModelEx, ESMF_NUOPCAtmModelEx.F90, line 806
20220328 014118.012 INFO             PET2 Finalizing ESMF
20220328 014117.967 INFO             PET3 !!!!!!!!!!!!!!!!!!!!!!!!!!!!!!!!!!!!!!!!!!!!!!!!!!!!!!
20220328 014117.967 INFO             PET3 !!! THE ESMF_LOG IS SET TO OUTPUT ALL LOG MESSAGES !!!
20220328 014117.967 INFO             PET3 !!!     THIS MAY CAUSE SLOWDOWN IN PERFORMANCE     !!!
20220328 014117.967 INFO             PET3 !!! FOR PRODUCTION RUNS, USE:                      !!!
20220328 014117.967 INFO             PET3 !!!                   ESMF_LOGKIND_Multi_On_Error  !!!
20220328 014117.967 INFO             PET3 !!!!!!!!!!!!!!!!!!!!!!!!!!!!!!!!!!!!!!!!!!!!!!!!!!!!!!
20220328 014117.967 INFO             PET3 Running with ESMF Version   : v8.3.0b10-105-ga5295e34ae
20220328 014117.967 INFO             PET3 ESMF library build date/time: "Mar 28 2022" "01:22:59"
20220328 014117.967 INFO             PET3 ESMF library build location : /lfs/h1/emc/ptmp/Mark.Potts/gfortran_10.3.0_mpi_O_develop
20220328 014117.967 INFO             PET3 ESMF_COMM                   : mpi
20220328 014117.968 INFO             PET3 ESMF_MOAB                   : enabled
20220328 014117.968 INFO             PET3 ESMF_LAPACK                 : enabled
20220328 014117.968 INFO             PET3 ESMF_NETCDF                 : enabled
20220328 014117.968 INFO             PET3 ESMF_PNETCDF                : disabled
20220328 014117.968 INFO             PET3 ESMF_PIO                    : enabled
20220328 014117.968 INFO             PET3 ESMF_YAMLCPP                : enabled
20220328 014118.000 DEBUG            PET3 about to destroy Grid: 0x7df190
20220328 014118.003 DEBUG            PET3 about to destroy Grid: 0x7e0d40
20220328 014118.012 INFO             PET3  NUMBER_OF_PROCESSORS           4
20220328 014118.012 INFO             PET3  PASS  Example ESMF_NUOPCAtmModelEx, ESMF_NUOPCAtmModelEx.F90, line 806
20220328 014118.012 INFO             PET3 Finalizing ESMF
