build time -- 2022-03-29 01:23:50
20220329 013936.555 INFO             PET0 !!!!!!!!!!!!!!!!!!!!!!!!!!!!!!!!!!!!!!!!!!!!!!!!!!!!!!
20220329 013936.555 INFO             PET0 !!! THE ESMF_LOG IS SET TO OUTPUT ALL LOG MESSAGES !!!
20220329 013936.555 INFO             PET0 !!!     THIS MAY CAUSE SLOWDOWN IN PERFORMANCE     !!!
20220329 013936.555 INFO             PET0 !!! FOR PRODUCTION RUNS, USE:                      !!!
20220329 013936.555 INFO             PET0 !!!                   ESMF_LOGKIND_Multi_On_Error  !!!
20220329 013936.555 INFO             PET0 !!!!!!!!!!!!!!!!!!!!!!!!!!!!!!!!!!!!!!!!!!!!!!!!!!!!!!
20220329 013936.555 INFO             PET0 Running with ESMF Version   : v8.3.0b11
20220329 013936.555 INFO             PET0 ESMF library build date/time: "Mar 29 2022" "01:22:45"
20220329 013936.555 INFO             PET0 ESMF library build location : /lfs/h1/emc/ptmp/Mark.Potts/gfortran_10.3.0_mpi_O_develop
20220329 013936.555 INFO             PET0 ESMF_COMM                   : mpi
20220329 013936.555 INFO             PET0 ESMF_MOAB                   : enabled
20220329 013936.555 INFO             PET0 ESMF_LAPACK                 : enabled
20220329 013936.555 INFO             PET0 ESMF_NETCDF                 : enabled
20220329 013936.555 INFO             PET0 ESMF_PNETCDF                : disabled
20220329 013936.555 INFO             PET0 ESMF_PIO                    : enabled
20220329 013936.555 INFO             PET0 ESMF_YAMLCPP                : enabled
20220329 013936.556 INFO             PET0  NUMBER_OF_PROCESSORS           1
20220329 013936.556 INFO             PET0  PASS  Example ESMF_TimeIntervalEx, ESMF_TimeIntervalEx.F90, line 176
20220329 013936.556 INFO             PET0 Finalizing ESMF
