build time -- 2022-03-04 20:42:09
running test_examples
test_field_read (examples.exampletest.TestExamples) ... ok
test_grid_create_peridim_mask (examples.exampletest.TestExamples) ... ok
test_grid_locstream_regrid (examples.exampletest.TestExamples) ... ok
test_helloworld (examples.exampletest.TestExamples) ... ok
test_locstream_grid_regrid (examples.exampletest.TestExamples) ... FAIL
test_mesh_locstream_regrid (examples.exampletest.TestExamples) ... ok
test_read_write_weight_file (examples.exampletest.TestExamples) ... ok
test_regrid_from_file (examples.exampletest.TestExamples) ... ok
test_ugrid_latlon_regrid (examples.exampletest.TestExamples) ... ok
test_ungridded_dimension_regrid (examples.exampletest.TestExamples) ... ok

======================================================================
FAIL: test_locstream_grid_regrid (examples.exampletest.TestExamples)
----------------------------------------------------------------------
Traceback (most recent call last):
  File "/lfs/h1/emc/ptmp/Mark.Potts/intel_2019.3_mpi_O_develop/src/addon/ESMPy/examples/exampletest.py", line 42, in test_locstream_grid_regrid
    from . import locstream_grid_regrid
  File "/lfs/h1/emc/ptmp/Mark.Potts/intel_2019.3_mpi_O_develop/src/addon/ESMPy/examples/locstream_grid_regrid.py", line 104, in <module>
    assert (meanrelerr < 9e-5)
AssertionError

----------------------------------------------------------------------
XML: /lfs/h1/emc/ptmp/Mark.Potts/intel_2019.3_mpi_O_develop/src/addon/ESMPy/nosetests.xml
----------------------------------------------------------------------
Ran 10 tests in 9.128s

FAILED (failures=1)
ESMPy Field Data Regridding Example Finished Successfully
Successfully created a grid with masking and switched periodic dimensions for regridding!
ESMPy Grid LocStream Regridding Example
  interpolation mean relative error = 0.019442756357648854
Hello ESMPy World from PET (processor) 0!
ESMPy LocStream Grid Regridding Example
  interpolation mean relative error = 9.314569845513805e-05
ESMPy Grid Mesh Regridding Example
  interpolation mean relative error = 2.2839050714024556e-05
ESMPy Grid Mesh Regridding Example
  interpolation mean relative error = 0.0029621541650294756
Fields created from file regridded successfully :)
ESMPy UGRID to LatLon Regridding Example
ESMPy Ungridded Field Dimensions Example
  interpolation mean relative error = 0.0007688159033639296
  mass conservation relative error  = 2.9851525031349444e-16
Traceback (most recent call last):
  File "setup.py", line 273, in <module>
    'test_regrid_from_file_parallel': TestRegridFromFileParallelCommand})
  File "/usr/lib64/python3.6/distutils/core.py", line 148, in setup
    dist.run_commands()
  File "/usr/lib64/python3.6/distutils/dist.py", line 955, in run_commands
    self.run_command(cmd)
  File "/usr/lib64/python3.6/distutils/dist.py", line 974, in run_command
    cmd_obj.run()
  File "setup.py", line 15, in wrapper
    return func(self)
  File "setup.py", line 166, in run
    AbstractESMFNoseCommand.run(self)
  File "setup.py", line 49, in run
    subprocess.check_call(cmd)
  File "/usr/lib64/python3.6/subprocess.py", line 311, in check_call
    raise CalledProcessError(retcode, cmd)
subprocess.CalledProcessError: Command '['nosetests', '-vs', '--with-xunit', '-a', '!slow,!parallel', 'examples/exampletest.py']' returned non-zero exit status 1.
