Sun Mar 27 01:58:45 EDT 2022
 
Installing ESMF:
 
mkdir -p /gpfsm/dnb04/projects/p98/mpotts/esmf/gfortran_10.1.0_intelmpi_g_develop/DEFAULTINSTALLDIR/include
cp -f /gpfsm/dnb04/projects/p98/mpotts/esmf/gfortran_10.1.0_intelmpi_g_develop/src/include/ESMC.h /gpfsm/dnb04/projects/p98/mpotts/esmf/gfortran_10.1.0_intelmpi_g_develop/DEFAULTINSTALLDIR/include
cp -f /gpfsm/dnb04/projects/p98/mpotts/esmf/gfortran_10.1.0_intelmpi_g_develop/src/include/ESMC_*.h /gpfsm/dnb04/projects/p98/mpotts/esmf/gfortran_10.1.0_intelmpi_g_develop/DEFAULTINSTALLDIR/include
cp -f /gpfsm/dnb04/projects/p98/mpotts/esmf/gfortran_10.1.0_intelmpi_g_develop/build_config/Linux.gfortran.default/ESMC_Conf.h /gpfsm/dnb04/projects/p98/mpotts/esmf/gfortran_10.1.0_intelmpi_g_develop/DEFAULTINSTALLDIR/include
mkdir -p /gpfsm/dnb04/projects/p98/mpotts/esmf/gfortran_10.1.0_intelmpi_g_develop/DEFAULTINSTALLDIR/mod/modg/Linux.gfortran.64.intelmpi.default
cp -f /gpfsm/dnb04/projects/p98/mpotts/esmf/gfortran_10.1.0_intelmpi_g_develop/mod/modg/Linux.gfortran.64.intelmpi.default/*.mod /gpfsm/dnb04/projects/p98/mpotts/esmf/gfortran_10.1.0_intelmpi_g_develop/DEFAULTINSTALLDIR/mod/modg/Linux.gfortran.64.intelmpi.default
mkdir -p /gpfsm/dnb04/projects/p98/mpotts/esmf/gfortran_10.1.0_intelmpi_g_develop/DEFAULTINSTALLDIR/lib/libg/Linux.gfortran.64.intelmpi.default
cp -f /gpfsm/dnb04/projects/p98/mpotts/esmf/gfortran_10.1.0_intelmpi_g_develop/lib/libg/Linux.gfortran.64.intelmpi.default/libesmf*.* /gpfsm/dnb04/projects/p98/mpotts/esmf/gfortran_10.1.0_intelmpi_g_develop/DEFAULTINSTALLDIR/lib/libg/Linux.gfortran.64.intelmpi.default
make ESMF_PRELOADDIR=/gpfsm/dnb04/projects/p98/mpotts/esmf/gfortran_10.1.0_intelmpi_g_develop/DEFAULTINSTALLDIR/lib/libg/Linux.gfortran.64.intelmpi.default build_preload_script
make[1]: Entering directory '/gpfsm/dnb04/projects/p98/mpotts/esmf/gfortran_10.1.0_intelmpi_g_develop'
chmod 755 /gpfsm/dnb04/projects/p98/mpotts/esmf/gfortran_10.1.0_intelmpi_g_develop/DEFAULTINSTALLDIR/lib/libg/Linux.gfortran.64.intelmpi.default/preload.sh
make[1]: Leaving directory '/gpfsm/dnb04/projects/p98/mpotts/esmf/gfortran_10.1.0_intelmpi_g_develop'
ranlib /gpfsm/dnb04/projects/p98/mpotts/esmf/gfortran_10.1.0_intelmpi_g_develop/DEFAULTINSTALLDIR/lib/libg/Linux.gfortran.64.intelmpi.default/libesmf*.a
make install_apps
make[1]: Entering directory '/gpfsm/dnb04/projects/p98/mpotts/esmf/gfortran_10.1.0_intelmpi_g_develop'
mkdir -p /gpfsm/dnb04/projects/p98/mpotts/esmf/gfortran_10.1.0_intelmpi_g_develop/DEFAULTINSTALLDIR/bin/bing/Linux.gfortran.64.intelmpi.default
make build_apps ESMF_APPSDIR=/gpfsm/dnb04/projects/p98/mpotts/esmf/gfortran_10.1.0_intelmpi_g_develop/DEFAULTINSTALLDIR/bin/bing/Linux.gfortran.64.intelmpi.default ESMF_LDIR=/gpfsm/dnb04/projects/p98/mpotts/esmf/gfortran_10.1.0_intelmpi_g_develop/DEFAULTINSTALLDIR/lib/libg/Linux.gfortran.64.intelmpi.default ESMF_LIBDIR=/gpfsm/dnb04/projects/p98/mpotts/esmf/gfortran_10.1.0_intelmpi_g_develop/DEFAULTINSTALLDIR/lib/libg/Linux.gfortran.64.intelmpi.default ESMF_MODDIR=/gpfsm/dnb04/projects/p98/mpotts/esmf/gfortran_10.1.0_intelmpi_g_develop/DEFAULTINSTALLDIR/mod/modg/Linux.gfortran.64.intelmpi.default
make[2]: Entering directory '/gpfsm/dnb04/projects/p98/mpotts/esmf/gfortran_10.1.0_intelmpi_g_develop'
cd /gpfsm/dnb04/projects/p98/mpotts/esmf/gfortran_10.1.0_intelmpi_g_develop/src/apps; make ACTION=tree_build_apps tree
make[3]: Entering directory '/gpfsm/dnb04/projects/p98/mpotts/esmf/gfortran_10.1.0_intelmpi_g_develop/src/apps'
tree_build_apps in: /gpfsm/dnb04/projects/p98/mpotts/esmf/gfortran_10.1.0_intelmpi_g_develop/src/apps/ESMF_PrintInfo
make[4]: Entering directory '/gpfsm/dnb04/projects/p98/mpotts/esmf/gfortran_10.1.0_intelmpi_g_develop/src/apps/ESMF_PrintInfo'
make chkdir_locobj
make[5]: Entering directory '/gpfsm/dnb04/projects/p98/mpotts/esmf/gfortran_10.1.0_intelmpi_g_develop/src/apps/ESMF_PrintInfo'
Making directory /gpfsm/dnb04/projects/p98/mpotts/esmf/gfortran_10.1.0_intelmpi_g_develop/obj/objg/Linux.gfortran.64.intelmpi.default/src/apps/ESMF_PrintInfo for apps output
make[5]: Leaving directory '/gpfsm/dnb04/projects/p98/mpotts/esmf/gfortran_10.1.0_intelmpi_g_develop/src/apps/ESMF_PrintInfo'
mpifc -c -fallow-argument-mismatch -fallow-invalid-boz -g -Wall -Wextra -Wconversion -Wno-unused -Wno-unused-dummy-argument -fbacktrace -fimplicit-none -fcheck=all,no-pointer -fPIC  -m64 -mcmodel=small -pthread -ffree-line-length-none  -fopenmp -I/gpfsm/dnb04/projects/p98/mpotts/esmf/gfortran_10.1.0_intelmpi_g_develop/src/apps/ESMF_PrintInfo -I/gpfsm/dnb04/projects/p98/mpotts/esmf/gfortran_10.1.0_intelmpi_g_develop/build_config/Linux.gfortran.default -I/gpfsm/dnb04/projects/p98/mpotts/esmf/gfortran_10.1.0_intelmpi_g_develop/src/Infrastructure -I/gpfsm/dnb04/projects/p98/mpotts/esmf/gfortran_10.1.0_intelmpi_g_develop/src/Superstructure -I/gpfsm/dnb04/projects/p98/mpotts/esmf/gfortran_10.1.0_intelmpi_g_develop/DEFAULTINSTALLDIR/mod/modg/Linux.gfortran.64.intelmpi.default -I/gpfsm/dnb04/projects/p98/mpotts/esmf/gfortran_10.1.0_intelmpi_g_develop/src/include   -DESMF_NO_INTEGER_1_BYTE -DESMF_NO_INTEGER_2_BYTE -DESMF_VERSION_STRING_GIT='"v8.3.0b10-105-ga5295e34ae"' -DESMF_MOAB=1 -DESMF_LAPACK=1 -DESMF_LAPACK_INTERNAL=1 -DESMF_NO_ACC_SOFTWARE_STACK=1 -DESMF_YAMLCPP=1 -DESMF_YAML=1 -DESMF_NO_OPENACC -DESMF_TESTEXHAUSTIVE -DESMF_BOPT_g -DESMF_TESTCOMPTUNNEL -DESMF_TESTWITHTHREADS -DSx86_64_small=1 -DESMF_OS_Linux=1 -DESMF_COMM=intelmpi -DESMF_DIR=/gpfsm/dnb04/projects/p98/mpotts/esmf/gfortran_10.1.0_intelmpi_g_develop ESMF_PrintInfo.F90 -o /gpfsm/dnb04/projects/p98/mpotts/esmf/gfortran_10.1.0_intelmpi_g_develop/obj/objg/Linux.gfortran.64.intelmpi.default/src/apps/ESMF_PrintInfo/ESMF_PrintInfo.o
make chkdir_apps
make[5]: Entering directory '/gpfsm/dnb04/projects/p98/mpotts/esmf/gfortran_10.1.0_intelmpi_g_develop/src/apps/ESMF_PrintInfo'
make[5]: Leaving directory '/gpfsm/dnb04/projects/p98/mpotts/esmf/gfortran_10.1.0_intelmpi_g_develop/src/apps/ESMF_PrintInfo'
mpifc     -m64 -mcmodel=small -pthread -Wl,--no-as-needed  -fopenmp -L/gpfsm/dnb04/projects/p98/mpotts/esmf/gfortran_10.1.0_intelmpi_g_develop/DEFAULTINSTALLDIR/lib/libg/Linux.gfortran.64.intelmpi.default  -L/usr/local/other/gcc/10.1.0/lib64/../lib64/ -Wl,-rpath,/gpfsm/dnb04/projects/p98/mpotts/esmf/gfortran_10.1.0_intelmpi_g_develop/DEFAULTINSTALLDIR/lib/libg/Linux.gfortran.64.intelmpi.default  -Wl,-rpath,/usr/local/other/gcc/10.1.0/lib64/../lib64/ -o /gpfsm/dnb04/projects/p98/mpotts/esmf/gfortran_10.1.0_intelmpi_g_develop/DEFAULTINSTALLDIR/bin/bing/Linux.gfortran.64.intelmpi.default/ESMF_PrintInfo /gpfsm/dnb04/projects/p98/mpotts/esmf/gfortran_10.1.0_intelmpi_g_develop/obj/objg/Linux.gfortran.64.intelmpi.default/src/apps/ESMF_PrintInfo/ESMF_PrintInfo.o -lesmf  -lrt -lstdc++ -ldl
make[4]: Leaving directory '/gpfsm/dnb04/projects/p98/mpotts/esmf/gfortran_10.1.0_intelmpi_g_develop/src/apps/ESMF_PrintInfo'
tree_build_apps in: /gpfsm/dnb04/projects/p98/mpotts/esmf/gfortran_10.1.0_intelmpi_g_develop/src/apps/ESMF_PrintInfoC
make[4]: Entering directory '/gpfsm/dnb04/projects/p98/mpotts/esmf/gfortran_10.1.0_intelmpi_g_develop/src/apps/ESMF_PrintInfoC'
make chkdir_locobj
make[5]: Entering directory '/gpfsm/dnb04/projects/p98/mpotts/esmf/gfortran_10.1.0_intelmpi_g_develop/src/apps/ESMF_PrintInfoC'
Making directory /gpfsm/dnb04/projects/p98/mpotts/esmf/gfortran_10.1.0_intelmpi_g_develop/obj/objg/Linux.gfortran.64.intelmpi.default/src/apps/ESMF_PrintInfoC for apps output
make[5]: Leaving directory '/gpfsm/dnb04/projects/p98/mpotts/esmf/gfortran_10.1.0_intelmpi_g_develop/src/apps/ESMF_PrintInfoC'
mpigxx -c -std=c++11 -g -Wall -Wextra -Wno-unused  -fPIC -DESMF_LOWERCASE_SINGLEUNDERSCORE -m64 -mcmodel=small -pthread  -fopenmp -I/gpfsm/dnb04/projects/p98/mpotts/esmf/gfortran_10.1.0_intelmpi_g_develop/src/apps/ESMF_PrintInfoC -I/gpfsm/dnb04/projects/p98/mpotts/esmf/gfortran_10.1.0_intelmpi_g_develop/src/apps/ESMF_PrintInfoC/../include -I/gpfsm/dnb04/projects/p98/mpotts/esmf/gfortran_10.1.0_intelmpi_g_develop/build_config/Linux.gfortran.default -I/gpfsm/dnb04/projects/p98/mpotts/esmf/gfortran_10.1.0_intelmpi_g_develop/src/Infrastructure -I/gpfsm/dnb04/projects/p98/mpotts/esmf/gfortran_10.1.0_intelmpi_g_develop/src/Superstructure -I/gpfsm/dnb04/projects/p98/mpotts/esmf/gfortran_10.1.0_intelmpi_g_develop/src/Infrastructure/stubs/pthread  -I/gpfsm/dnb04/projects/p98/mpotts/esmf/gfortran_10.1.0_intelmpi_g_develop/src/include   -I/gpfsm/dnb04/projects/p98/mpotts/esmf/gfortran_10.1.0_intelmpi_g_develop/src/prologue/yaml-cpp/include -DESMF_NO_INTEGER_1_BYTE -DESMF_NO_INTEGER_2_BYTE -DESMF_VERSION_STRING_GIT='"v8.3.0b10-105-ga5295e34ae"' -DESMF_MOAB=1 -DESMF_LAPACK=1 -DESMF_LAPACK_INTERNAL=1 -DESMF_NO_ACC_SOFTWARE_STACK=1 -DESMF_YAMLCPP=1 -DESMF_YAML=1 -DESMF_NO_OPENACC -DESMF_TESTEXHAUSTIVE -DESMF_BOPT_g -DESMF_TESTCOMPTUNNEL -DESMF_TESTWITHTHREADS -DSx86_64_small=1 -DESMF_OS_Linux=1 -DESMF_COMM=intelmpi -DESMF_DIR=/gpfsm/dnb04/projects/p98/mpotts/esmf/gfortran_10.1.0_intelmpi_g_develop -D__SDIR__='"src/apps/ESMF_PrintInfoC"' -DESMF_CXXSTD=11 ESMF_PrintInfoC.c -o /gpfsm/dnb04/projects/p98/mpotts/esmf/gfortran_10.1.0_intelmpi_g_develop/obj/objg/Linux.gfortran.64.intelmpi.default/src/apps/ESMF_PrintInfoC/ESMF_PrintInfoC.o
make chkdir_apps
make[5]: Entering directory '/gpfsm/dnb04/projects/p98/mpotts/esmf/gfortran_10.1.0_intelmpi_g_develop/src/apps/ESMF_PrintInfoC'
make[5]: Leaving directory '/gpfsm/dnb04/projects/p98/mpotts/esmf/gfortran_10.1.0_intelmpi_g_develop/src/apps/ESMF_PrintInfoC'
mpigxx    -m64 -mcmodel=small -pthread -Wl,--no-as-needed  -fopenmp -L/gpfsm/dnb04/projects/p98/mpotts/esmf/gfortran_10.1.0_intelmpi_g_develop/DEFAULTINSTALLDIR/lib/libg/Linux.gfortran.64.intelmpi.default  -L/usr/local/other/gcc/10.1.0/lib64/../lib64/ -Wl,-rpath,/gpfsm/dnb04/projects/p98/mpotts/esmf/gfortran_10.1.0_intelmpi_g_develop/DEFAULTINSTALLDIR/lib/libg/Linux.gfortran.64.intelmpi.default  -Wl,-rpath,/usr/local/other/gcc/10.1.0/lib64/../lib64/ -o /gpfsm/dnb04/projects/p98/mpotts/esmf/gfortran_10.1.0_intelmpi_g_develop/DEFAULTINSTALLDIR/bin/bing/Linux.gfortran.64.intelmpi.default/ESMF_PrintInfoC /gpfsm/dnb04/projects/p98/mpotts/esmf/gfortran_10.1.0_intelmpi_g_develop/obj/objg/Linux.gfortran.64.intelmpi.default/src/apps/ESMF_PrintInfoC/ESMF_PrintInfoC.o -lesmf  -lrt -lgfortran -ldl
make[4]: Leaving directory '/gpfsm/dnb04/projects/p98/mpotts/esmf/gfortran_10.1.0_intelmpi_g_develop/src/apps/ESMF_PrintInfoC'
tree_build_apps in: /gpfsm/dnb04/projects/p98/mpotts/esmf/gfortran_10.1.0_intelmpi_g_develop/src/apps/ESMF_RegridWeightGen
make[4]: Entering directory '/gpfsm/dnb04/projects/p98/mpotts/esmf/gfortran_10.1.0_intelmpi_g_develop/src/apps/ESMF_RegridWeightGen'
make chkdir_locobj
make[5]: Entering directory '/gpfsm/dnb04/projects/p98/mpotts/esmf/gfortran_10.1.0_intelmpi_g_develop/src/apps/ESMF_RegridWeightGen'
Making directory /gpfsm/dnb04/projects/p98/mpotts/esmf/gfortran_10.1.0_intelmpi_g_develop/obj/objg/Linux.gfortran.64.intelmpi.default/src/apps/ESMF_RegridWeightGen for apps output
make[5]: Leaving directory '/gpfsm/dnb04/projects/p98/mpotts/esmf/gfortran_10.1.0_intelmpi_g_develop/src/apps/ESMF_RegridWeightGen'
mpifc -c -fallow-argument-mismatch -fallow-invalid-boz -g -Wall -Wextra -Wconversion -Wno-unused -Wno-unused-dummy-argument -fbacktrace -fimplicit-none -fcheck=all,no-pointer -fPIC  -m64 -mcmodel=small -pthread -ffree-line-length-none  -fopenmp -I/gpfsm/dnb04/projects/p98/mpotts/esmf/gfortran_10.1.0_intelmpi_g_develop/src/apps/ESMF_RegridWeightGen -I/gpfsm/dnb04/projects/p98/mpotts/esmf/gfortran_10.1.0_intelmpi_g_develop/build_config/Linux.gfortran.default -I/gpfsm/dnb04/projects/p98/mpotts/esmf/gfortran_10.1.0_intelmpi_g_develop/src/Infrastructure -I/gpfsm/dnb04/projects/p98/mpotts/esmf/gfortran_10.1.0_intelmpi_g_develop/src/Superstructure -I/gpfsm/dnb04/projects/p98/mpotts/esmf/gfortran_10.1.0_intelmpi_g_develop/DEFAULTINSTALLDIR/mod/modg/Linux.gfortran.64.intelmpi.default -I/gpfsm/dnb04/projects/p98/mpotts/esmf/gfortran_10.1.0_intelmpi_g_develop/src/include   -DESMF_NO_INTEGER_1_BYTE -DESMF_NO_INTEGER_2_BYTE -DESMF_VERSION_STRING_GIT='"v8.3.0b10-105-ga5295e34ae"' -DESMF_MOAB=1 -DESMF_LAPACK=1 -DESMF_LAPACK_INTERNAL=1 -DESMF_NO_ACC_SOFTWARE_STACK=1 -DESMF_YAMLCPP=1 -DESMF_YAML=1 -DESMF_NO_OPENACC -DESMF_TESTEXHAUSTIVE -DESMF_BOPT_g -DESMF_TESTCOMPTUNNEL -DESMF_TESTWITHTHREADS -DSx86_64_small=1 -DESMF_OS_Linux=1 -DESMF_COMM=intelmpi -DESMF_DIR=/gpfsm/dnb04/projects/p98/mpotts/esmf/gfortran_10.1.0_intelmpi_g_develop ESMF_RegridWeightGen.F90 -o /gpfsm/dnb04/projects/p98/mpotts/esmf/gfortran_10.1.0_intelmpi_g_develop/obj/objg/Linux.gfortran.64.intelmpi.default/src/apps/ESMF_RegridWeightGen/ESMF_RegridWeightGen.o
make chkdir_apps
make[5]: Entering directory '/gpfsm/dnb04/projects/p98/mpotts/esmf/gfortran_10.1.0_intelmpi_g_develop/src/apps/ESMF_RegridWeightGen'
make[5]: Leaving directory '/gpfsm/dnb04/projects/p98/mpotts/esmf/gfortran_10.1.0_intelmpi_g_develop/src/apps/ESMF_RegridWeightGen'
mpifc     -m64 -mcmodel=small -pthread -Wl,--no-as-needed  -fopenmp -L/gpfsm/dnb04/projects/p98/mpotts/esmf/gfortran_10.1.0_intelmpi_g_develop/DEFAULTINSTALLDIR/lib/libg/Linux.gfortran.64.intelmpi.default  -L/usr/local/other/gcc/10.1.0/lib64/../lib64/ -Wl,-rpath,/gpfsm/dnb04/projects/p98/mpotts/esmf/gfortran_10.1.0_intelmpi_g_develop/DEFAULTINSTALLDIR/lib/libg/Linux.gfortran.64.intelmpi.default  -Wl,-rpath,/usr/local/other/gcc/10.1.0/lib64/../lib64/ -o /gpfsm/dnb04/projects/p98/mpotts/esmf/gfortran_10.1.0_intelmpi_g_develop/DEFAULTINSTALLDIR/bin/bing/Linux.gfortran.64.intelmpi.default/ESMF_RegridWeightGen /gpfsm/dnb04/projects/p98/mpotts/esmf/gfortran_10.1.0_intelmpi_g_develop/obj/objg/Linux.gfortran.64.intelmpi.default/src/apps/ESMF_RegridWeightGen/ESMF_RegridWeightGen.o -lesmf  -lrt -lstdc++ -ldl
make[4]: Leaving directory '/gpfsm/dnb04/projects/p98/mpotts/esmf/gfortran_10.1.0_intelmpi_g_develop/src/apps/ESMF_RegridWeightGen'
tree_build_apps in: /gpfsm/dnb04/projects/p98/mpotts/esmf/gfortran_10.1.0_intelmpi_g_develop/src/apps/ESMF_WebServController
make[4]: Entering directory '/gpfsm/dnb04/projects/p98/mpotts/esmf/gfortran_10.1.0_intelmpi_g_develop/src/apps/ESMF_WebServController'
make chkdir_locobj
make[5]: Entering directory '/gpfsm/dnb04/projects/p98/mpotts/esmf/gfortran_10.1.0_intelmpi_g_develop/src/apps/ESMF_WebServController'
Making directory /gpfsm/dnb04/projects/p98/mpotts/esmf/gfortran_10.1.0_intelmpi_g_develop/obj/objg/Linux.gfortran.64.intelmpi.default/src/apps/ESMF_WebServController for apps output
make[5]: Leaving directory '/gpfsm/dnb04/projects/p98/mpotts/esmf/gfortran_10.1.0_intelmpi_g_develop/src/apps/ESMF_WebServController'
mpigxx -c -std=c++11 -g -Wall -Wextra -Wno-unused  -fPIC -DESMF_LOWERCASE_SINGLEUNDERSCORE -m64 -mcmodel=small -pthread  -fopenmp -I/gpfsm/dnb04/projects/p98/mpotts/esmf/gfortran_10.1.0_intelmpi_g_develop/src/apps/ESMF_WebServController -I/gpfsm/dnb04/projects/p98/mpotts/esmf/gfortran_10.1.0_intelmpi_g_develop/src/apps/ESMF_WebServController/../include -I/gpfsm/dnb04/projects/p98/mpotts/esmf/gfortran_10.1.0_intelmpi_g_develop/build_config/Linux.gfortran.default -I/gpfsm/dnb04/projects/p98/mpotts/esmf/gfortran_10.1.0_intelmpi_g_develop/src/Infrastructure -I/gpfsm/dnb04/projects/p98/mpotts/esmf/gfortran_10.1.0_intelmpi_g_develop/src/Superstructure -I/gpfsm/dnb04/projects/p98/mpotts/esmf/gfortran_10.1.0_intelmpi_g_develop/src/Infrastructure/stubs/pthread  -I/gpfsm/dnb04/projects/p98/mpotts/esmf/gfortran_10.1.0_intelmpi_g_develop/src/include   -I/gpfsm/dnb04/projects/p98/mpotts/esmf/gfortran_10.1.0_intelmpi_g_develop/src/prologue/yaml-cpp/include -DESMF_NO_INTEGER_1_BYTE -DESMF_NO_INTEGER_2_BYTE -DESMF_VERSION_STRING_GIT='"v8.3.0b10-105-ga5295e34ae"' -DESMF_MOAB=1 -DESMF_LAPACK=1 -DESMF_LAPACK_INTERNAL=1 -DESMF_NO_ACC_SOFTWARE_STACK=1 -DESMF_YAMLCPP=1 -DESMF_YAML=1 -DESMF_NO_OPENACC -DESMF_TESTEXHAUSTIVE -DESMF_BOPT_g -DESMF_TESTCOMPTUNNEL -DESMF_TESTWITHTHREADS -DSx86_64_small=1 -DESMF_OS_Linux=1 -DESMF_COMM=intelmpi -DESMF_DIR=/gpfsm/dnb04/projects/p98/mpotts/esmf/gfortran_10.1.0_intelmpi_g_develop -D__SDIR__='"src/apps/ESMF_WebServController"' -DESMF_CXXSTD=11 ESMF_WebServController.C -o /gpfsm/dnb04/projects/p98/mpotts/esmf/gfortran_10.1.0_intelmpi_g_develop/obj/objg/Linux.gfortran.64.intelmpi.default/src/apps/ESMF_WebServController/ESMF_WebServController.o
make chkdir_apps
make[5]: Entering directory '/gpfsm/dnb04/projects/p98/mpotts/esmf/gfortran_10.1.0_intelmpi_g_develop/src/apps/ESMF_WebServController'
make[5]: Leaving directory '/gpfsm/dnb04/projects/p98/mpotts/esmf/gfortran_10.1.0_intelmpi_g_develop/src/apps/ESMF_WebServController'
mpigxx    -m64 -mcmodel=small -pthread -Wl,--no-as-needed  -fopenmp -L/gpfsm/dnb04/projects/p98/mpotts/esmf/gfortran_10.1.0_intelmpi_g_develop/DEFAULTINSTALLDIR/lib/libg/Linux.gfortran.64.intelmpi.default  -L/usr/local/other/gcc/10.1.0/lib64/../lib64/ -Wl,-rpath,/gpfsm/dnb04/projects/p98/mpotts/esmf/gfortran_10.1.0_intelmpi_g_develop/DEFAULTINSTALLDIR/lib/libg/Linux.gfortran.64.intelmpi.default  -Wl,-rpath,/usr/local/other/gcc/10.1.0/lib64/../lib64/ -o /gpfsm/dnb04/projects/p98/mpotts/esmf/gfortran_10.1.0_intelmpi_g_develop/DEFAULTINSTALLDIR/bin/bing/Linux.gfortran.64.intelmpi.default/ESMF_WebServController /gpfsm/dnb04/projects/p98/mpotts/esmf/gfortran_10.1.0_intelmpi_g_develop/obj/objg/Linux.gfortran.64.intelmpi.default/src/apps/ESMF_WebServController/ESMF_WebServController.o -lesmf  -lrt -lgfortran -ldl
make[4]: Leaving directory '/gpfsm/dnb04/projects/p98/mpotts/esmf/gfortran_10.1.0_intelmpi_g_develop/src/apps/ESMF_WebServController'
tree_build_apps in: /gpfsm/dnb04/projects/p98/mpotts/esmf/gfortran_10.1.0_intelmpi_g_develop/src/apps/ESMF_Scrip2Unstruct
make[4]: Entering directory '/gpfsm/dnb04/projects/p98/mpotts/esmf/gfortran_10.1.0_intelmpi_g_develop/src/apps/ESMF_Scrip2Unstruct'
make chkdir_locobj
make[5]: Entering directory '/gpfsm/dnb04/projects/p98/mpotts/esmf/gfortran_10.1.0_intelmpi_g_develop/src/apps/ESMF_Scrip2Unstruct'
Making directory /gpfsm/dnb04/projects/p98/mpotts/esmf/gfortran_10.1.0_intelmpi_g_develop/obj/objg/Linux.gfortran.64.intelmpi.default/src/apps/ESMF_Scrip2Unstruct for apps output
make[5]: Leaving directory '/gpfsm/dnb04/projects/p98/mpotts/esmf/gfortran_10.1.0_intelmpi_g_develop/src/apps/ESMF_Scrip2Unstruct'
mpigxx -c -std=c++11 -g -Wall -Wextra -Wno-unused  -fPIC -DESMF_LOWERCASE_SINGLEUNDERSCORE -m64 -mcmodel=small -pthread  -fopenmp -I/gpfsm/dnb04/projects/p98/mpotts/esmf/gfortran_10.1.0_intelmpi_g_develop/src/apps/ESMF_Scrip2Unstruct -I/gpfsm/dnb04/projects/p98/mpotts/esmf/gfortran_10.1.0_intelmpi_g_develop/src/apps/ESMF_Scrip2Unstruct/../include -I/gpfsm/dnb04/projects/p98/mpotts/esmf/gfortran_10.1.0_intelmpi_g_develop/build_config/Linux.gfortran.default -I/gpfsm/dnb04/projects/p98/mpotts/esmf/gfortran_10.1.0_intelmpi_g_develop/src/Infrastructure -I/gpfsm/dnb04/projects/p98/mpotts/esmf/gfortran_10.1.0_intelmpi_g_develop/src/Superstructure -I/gpfsm/dnb04/projects/p98/mpotts/esmf/gfortran_10.1.0_intelmpi_g_develop/src/Infrastructure/stubs/pthread  -I/gpfsm/dnb04/projects/p98/mpotts/esmf/gfortran_10.1.0_intelmpi_g_develop/src/include   -I/gpfsm/dnb04/projects/p98/mpotts/esmf/gfortran_10.1.0_intelmpi_g_develop/src/prologue/yaml-cpp/include -DESMF_NO_INTEGER_1_BYTE -DESMF_NO_INTEGER_2_BYTE -DESMF_VERSION_STRING_GIT='"v8.3.0b10-105-ga5295e34ae"' -DESMF_MOAB=1 -DESMF_LAPACK=1 -DESMF_LAPACK_INTERNAL=1 -DESMF_NO_ACC_SOFTWARE_STACK=1 -DESMF_YAMLCPP=1 -DESMF_YAML=1 -DESMF_NO_OPENACC -DESMF_TESTEXHAUSTIVE -DESMF_BOPT_g -DESMF_TESTCOMPTUNNEL -DESMF_TESTWITHTHREADS -DSx86_64_small=1 -DESMF_OS_Linux=1 -DESMF_COMM=intelmpi -DESMF_DIR=/gpfsm/dnb04/projects/p98/mpotts/esmf/gfortran_10.1.0_intelmpi_g_develop -D__SDIR__='"src/apps/ESMF_Scrip2Unstruct"' -DESMF_CXXSTD=11 ESMF_Scrip2Unstruct.C -o /gpfsm/dnb04/projects/p98/mpotts/esmf/gfortran_10.1.0_intelmpi_g_develop/obj/objg/Linux.gfortran.64.intelmpi.default/src/apps/ESMF_Scrip2Unstruct/ESMF_Scrip2Unstruct.o
make chkdir_apps
make[5]: Entering directory '/gpfsm/dnb04/projects/p98/mpotts/esmf/gfortran_10.1.0_intelmpi_g_develop/src/apps/ESMF_Scrip2Unstruct'
make[5]: Leaving directory '/gpfsm/dnb04/projects/p98/mpotts/esmf/gfortran_10.1.0_intelmpi_g_develop/src/apps/ESMF_Scrip2Unstruct'
mpigxx    -m64 -mcmodel=small -pthread -Wl,--no-as-needed  -fopenmp -L/gpfsm/dnb04/projects/p98/mpotts/esmf/gfortran_10.1.0_intelmpi_g_develop/DEFAULTINSTALLDIR/lib/libg/Linux.gfortran.64.intelmpi.default  -L/usr/local/other/gcc/10.1.0/lib64/../lib64/ -Wl,-rpath,/gpfsm/dnb04/projects/p98/mpotts/esmf/gfortran_10.1.0_intelmpi_g_develop/DEFAULTINSTALLDIR/lib/libg/Linux.gfortran.64.intelmpi.default  -Wl,-rpath,/usr/local/other/gcc/10.1.0/lib64/../lib64/ -o /gpfsm/dnb04/projects/p98/mpotts/esmf/gfortran_10.1.0_intelmpi_g_develop/DEFAULTINSTALLDIR/bin/bing/Linux.gfortran.64.intelmpi.default/ESMF_Scrip2Unstruct /gpfsm/dnb04/projects/p98/mpotts/esmf/gfortran_10.1.0_intelmpi_g_develop/obj/objg/Linux.gfortran.64.intelmpi.default/src/apps/ESMF_Scrip2Unstruct/ESMF_Scrip2Unstruct.o -lesmf  -lrt -lgfortran -ldl
make[4]: Leaving directory '/gpfsm/dnb04/projects/p98/mpotts/esmf/gfortran_10.1.0_intelmpi_g_develop/src/apps/ESMF_Scrip2Unstruct'
tree_build_apps in: /gpfsm/dnb04/projects/p98/mpotts/esmf/gfortran_10.1.0_intelmpi_g_develop/src/apps/ESMF_Regrid
make[4]: Entering directory '/gpfsm/dnb04/projects/p98/mpotts/esmf/gfortran_10.1.0_intelmpi_g_develop/src/apps/ESMF_Regrid'
make chkdir_locobj
make[5]: Entering directory '/gpfsm/dnb04/projects/p98/mpotts/esmf/gfortran_10.1.0_intelmpi_g_develop/src/apps/ESMF_Regrid'
Making directory /gpfsm/dnb04/projects/p98/mpotts/esmf/gfortran_10.1.0_intelmpi_g_develop/obj/objg/Linux.gfortran.64.intelmpi.default/src/apps/ESMF_Regrid for apps output
make[5]: Leaving directory '/gpfsm/dnb04/projects/p98/mpotts/esmf/gfortran_10.1.0_intelmpi_g_develop/src/apps/ESMF_Regrid'
mpifc -c -fallow-argument-mismatch -fallow-invalid-boz -g -Wall -Wextra -Wconversion -Wno-unused -Wno-unused-dummy-argument -fbacktrace -fimplicit-none -fcheck=all,no-pointer -fPIC  -m64 -mcmodel=small -pthread -ffree-line-length-none  -fopenmp -I/gpfsm/dnb04/projects/p98/mpotts/esmf/gfortran_10.1.0_intelmpi_g_develop/src/apps/ESMF_Regrid -I/gpfsm/dnb04/projects/p98/mpotts/esmf/gfortran_10.1.0_intelmpi_g_develop/build_config/Linux.gfortran.default -I/gpfsm/dnb04/projects/p98/mpotts/esmf/gfortran_10.1.0_intelmpi_g_develop/src/Infrastructure -I/gpfsm/dnb04/projects/p98/mpotts/esmf/gfortran_10.1.0_intelmpi_g_develop/src/Superstructure -I/gpfsm/dnb04/projects/p98/mpotts/esmf/gfortran_10.1.0_intelmpi_g_develop/DEFAULTINSTALLDIR/mod/modg/Linux.gfortran.64.intelmpi.default -I/gpfsm/dnb04/projects/p98/mpotts/esmf/gfortran_10.1.0_intelmpi_g_develop/src/include   -DESMF_NO_INTEGER_1_BYTE -DESMF_NO_INTEGER_2_BYTE -DESMF_VERSION_STRING_GIT='"v8.3.0b10-105-ga5295e34ae"' -DESMF_MOAB=1 -DESMF_LAPACK=1 -DESMF_LAPACK_INTERNAL=1 -DESMF_NO_ACC_SOFTWARE_STACK=1 -DESMF_YAMLCPP=1 -DESMF_YAML=1 -DESMF_NO_OPENACC -DESMF_TESTEXHAUSTIVE -DESMF_BOPT_g -DESMF_TESTCOMPTUNNEL -DESMF_TESTWITHTHREADS -DSx86_64_small=1 -DESMF_OS_Linux=1 -DESMF_COMM=intelmpi -DESMF_DIR=/gpfsm/dnb04/projects/p98/mpotts/esmf/gfortran_10.1.0_intelmpi_g_develop ESMF_Regrid.F90 -o /gpfsm/dnb04/projects/p98/mpotts/esmf/gfortran_10.1.0_intelmpi_g_develop/obj/objg/Linux.gfortran.64.intelmpi.default/src/apps/ESMF_Regrid/ESMF_Regrid.o
make chkdir_apps
make[5]: Entering directory '/gpfsm/dnb04/projects/p98/mpotts/esmf/gfortran_10.1.0_intelmpi_g_develop/src/apps/ESMF_Regrid'
make[5]: Leaving directory '/gpfsm/dnb04/projects/p98/mpotts/esmf/gfortran_10.1.0_intelmpi_g_develop/src/apps/ESMF_Regrid'
mpifc     -m64 -mcmodel=small -pthread -Wl,--no-as-needed  -fopenmp -L/gpfsm/dnb04/projects/p98/mpotts/esmf/gfortran_10.1.0_intelmpi_g_develop/DEFAULTINSTALLDIR/lib/libg/Linux.gfortran.64.intelmpi.default  -L/usr/local/other/gcc/10.1.0/lib64/../lib64/ -Wl,-rpath,/gpfsm/dnb04/projects/p98/mpotts/esmf/gfortran_10.1.0_intelmpi_g_develop/DEFAULTINSTALLDIR/lib/libg/Linux.gfortran.64.intelmpi.default  -Wl,-rpath,/usr/local/other/gcc/10.1.0/lib64/../lib64/ -o /gpfsm/dnb04/projects/p98/mpotts/esmf/gfortran_10.1.0_intelmpi_g_develop/DEFAULTINSTALLDIR/bin/bing/Linux.gfortran.64.intelmpi.default/ESMF_Regrid /gpfsm/dnb04/projects/p98/mpotts/esmf/gfortran_10.1.0_intelmpi_g_develop/obj/objg/Linux.gfortran.64.intelmpi.default/src/apps/ESMF_Regrid/ESMF_Regrid.o -lesmf  -lrt -lstdc++ -ldl
make[4]: Leaving directory '/gpfsm/dnb04/projects/p98/mpotts/esmf/gfortran_10.1.0_intelmpi_g_develop/src/apps/ESMF_Regrid'
make[3]: Leaving directory '/gpfsm/dnb04/projects/p98/mpotts/esmf/gfortran_10.1.0_intelmpi_g_develop/src/apps'
ESMF apps built successfully.
make[2]: Leaving directory '/gpfsm/dnb04/projects/p98/mpotts/esmf/gfortran_10.1.0_intelmpi_g_develop'
make[1]: Leaving directory '/gpfsm/dnb04/projects/p98/mpotts/esmf/gfortran_10.1.0_intelmpi_g_develop'
mkdir -p /gpfsm/dnb04/projects/p98/mpotts/esmf/gfortran_10.1.0_intelmpi_g_develop/DEFAULTINSTALLDIR/doc
make install_info_mk
make[1]: Entering directory '/gpfsm/dnb04/projects/p98/mpotts/esmf/gfortran_10.1.0_intelmpi_g_develop'
make info_mk ESMF_APPSDIR=/gpfsm/dnb04/projects/p98/mpotts/esmf/gfortran_10.1.0_intelmpi_g_develop/DEFAULTINSTALLDIR/bin/bing/Linux.gfortran.64.intelmpi.default ESMF_LDIR=/gpfsm/dnb04/projects/p98/mpotts/esmf/gfortran_10.1.0_intelmpi_g_develop/DEFAULTINSTALLDIR/lib/libg/Linux.gfortran.64.intelmpi.default ESMF_LIBDIR=/gpfsm/dnb04/projects/p98/mpotts/esmf/gfortran_10.1.0_intelmpi_g_develop/DEFAULTINSTALLDIR/lib/libg/Linux.gfortran.64.intelmpi.default ESMF_MODDIR=/gpfsm/dnb04/projects/p98/mpotts/esmf/gfortran_10.1.0_intelmpi_g_develop/DEFAULTINSTALLDIR/mod/modg/Linux.gfortran.64.intelmpi.default ESMF_INCDIR=/gpfsm/dnb04/projects/p98/mpotts/esmf/gfortran_10.1.0_intelmpi_g_develop/DEFAULTINSTALLDIR/include
make[2]: Entering directory '/gpfsm/dnb04/projects/p98/mpotts/esmf/gfortran_10.1.0_intelmpi_g_develop'
make[2]: Leaving directory '/gpfsm/dnb04/projects/p98/mpotts/esmf/gfortran_10.1.0_intelmpi_g_develop'
make[1]: Leaving directory '/gpfsm/dnb04/projects/p98/mpotts/esmf/gfortran_10.1.0_intelmpi_g_develop'
 
ESMF installation complete.
 
