build time -- 2022-03-10 04:27:22
20220310 082021.680 INFO             PET0 !!!!!!!!!!!!!!!!!!!!!!!!!!!!!!!!!!!!!!!!!!!!!!!!!!!!!!
20220310 082021.680 INFO             PET0 !!! THE ESMF_LOG IS SET TO OUTPUT ALL LOG MESSAGES !!!
20220310 082021.680 INFO             PET0 !!!     THIS MAY CAUSE SLOWDOWN IN PERFORMANCE     !!!
20220310 082021.680 INFO             PET0 !!! FOR PRODUCTION RUNS, USE:                      !!!
20220310 082021.680 INFO             PET0 !!!                   ESMF_LOGKIND_Multi_On_Error  !!!
20220310 082021.680 INFO             PET0 !!!!!!!!!!!!!!!!!!!!!!!!!!!!!!!!!!!!!!!!!!!!!!!!!!!!!!
20220310 082021.680 INFO             PET0 Running with ESMF Version   : v8.3.0b09-93-ga567ee5
20220310 082021.680 INFO             PET0 ESMF library build date/time: "Mar 10 2022" "04:26:17"
20220310 082021.680 INFO             PET0 ESMF library build location : /work/noaa/da/mpotts/sandbox/gfortran_8.3.0_mpiuni_O_jedwards_pio_update2
20220310 082021.680 INFO             PET0 ESMF_COMM                   : mpiuni
20220310 082021.680 INFO             PET0 ESMF_MOAB                   : enabled
20220310 082021.680 INFO             PET0 ESMF_LAPACK                 : enabled
20220310 082021.680 INFO             PET0 ESMF_NETCDF                 : enabled
20220310 082021.680 INFO             PET0 ESMF_PNETCDF                : disabled
20220310 082021.681 INFO             PET0 ESMF_PIO                    : disabled
20220310 082021.681 INFO             PET0 ESMF_YAMLCPP                : enabled
20220310 082021.681 INFO             PET0 ESMF Tracing Enabled
20220310 082021.681 INFO             PET0 ESMF Profiling Enabled
20220310 082021.681 INFO             PET0 ESMF Trace/Profile clock: REALTIME
20220310 082021.682 INFO             PET0  NUMBER_OF_PROCESSORS           1
20220310 082021.682 INFO             PET0  PASS  Example ESMF_TraceUserEx, ESMF_TraceUserEx.F90, line 125
20220310 082021.682 INFO             PET0 Finalizing ESMF
20220310 082021.682 INFO             PET0 **************** Region Timings *******************
20220310 082021.682 INFO             PET0 Region              Count  Total (s)   Self (s)    Mean (s)    Min (s)     Max (s)
20220310 082021.682 INFO             PET0   outer_region      1      0.0001      0.0000      0.0001      0.0001      0.0001
20220310 082021.682 INFO             PET0     inner_region_1  10     0.0000      0.0000      0.0000      0.0000      0.0000
20220310 082021.682 INFO             PET0     inner_region_2  10     0.0000      0.0000      0.0000      0.0000      0.0000
20220310 082021.683 INFO             PET0 ESMCI_IO_Handler.C:356 ESMCI::IO_Handler::finalize() before return, localrc = 0
