build time -- 2022-03-24 06:09:56.977990
--- ESMCI::ArrayBundle::print start ---
ArrayBundle: MyArrayBundle
arrayCount = 3
Container::print() multipmap:item=0 key=AonFly value=0x1086a60
Container::print() multipmap:item=1 key=Array002 value=0x1082fe0
Container::print() multipmap:item=2 key=Array003 value=0x10837d0
--- ESMCI::ArrayBundle::print start ---
ArrayBundle: MyArrayBundle
arrayCount = 3
--- ESMCI::ArrayBundle::print start ---
ArrayBundle: MyArrayBundle
arrayCount = 3
Container::print() multipmap:item=0 key=AonFly value=0x1f25d40
Container::print() multipmap:item=1 key=Array002 value=0x1f22d90
Container::print() multipmap:item=2 key=Array003 value=0x1f235c0
Container::print()      list:item=0 key=Array002 value=0x1f22d90
Container::print()      list:item=1 key=Array003 value=0x1f235c0
--- ESMCI::ArrayBundle::print start ---
ArrayBundle: MyArrayBundle
arrayCount = 3
Container::print() multipmap:item=0 key=AonFly value=0x2178f60
Container::print() multipmap:item=1 key=Array002 value=0x2176020
Container::print() multipmap:item=2 key=Array003 value=0x2176840
Container::print()      list:item=0 key=Array002 value=0x1082fe0
Container::print()      list:item=1 key=Array003 value=0x10837d0
Container::print()      list:item=2 key=AonFly value=0x1086a60
--- ESMCI::ArrayBundle::print end ---
Container::print() multipmap:item=0 key=AonFly value=0x99b490
Container::print() multipmap:item=1 key=Array002 value=0x997a50
Container::print() multipmap:item=2 key=Array003 value=0x9985a0
Container::print()      list:item=0 key=Array002 value=0x997a50
Container::print()      list:item=1 key=Array003 value=0x9985a0
Container::print()      list:item=2 key=AonFly value=0x99b490
--- ESMCI::ArrayBundle::print end ---
Container::print()      list:item=2 key=AonFly value=0x1f25d40
--- ESMCI::ArrayBundle::print end ---
Container::print()      list:item=0 key=Array002 value=0x2176020
Container::print()      list:item=1 key=Array003 value=0x2176840
Container::print()      list:item=2 key=AonFly value=0x2178f60
--- ESMCI::ArrayBundle::print end ---
--- ESMCI::Array::print start ---
 Base name    = AonFly
 Status: Base = Ready,  object = Ready
 Proxy        = no
 Root Info (Attributes):
--- ESMCI::Array::print start ---
 Base name    = AonFly
 Status: Base = Ready,  object = Ready
 Proxy        = no
 Root Info (Attributes):
--- ESMCI::Array::print start ---
 Base name    = AonFly
 Status: Base = Ready,  object = Ready
 Proxy        = no
 Root Info (Attributes):
--- ESMCI::Array::print start ---
 Base name    = AonFly
 Status: Base = Ready,  object = Ready
 Proxy        = no
 Root Info (Attributes):
{}{}Array typekind/rank: Real*4 / 2 
~ lower class' values ~
DistGrid dimCount = 2
deCount = 6
Array typekind/rank: Real*4 / 2 
~ lower class' values ~
DistGrid dimCount = 2
deCount = 6
localDeCount = 2
{}{}localDeCount = 1
~ local data in LocalArray for DE 2 ~
LocalArrayPrint: Array at address 0x1f25a10:
            rank = 2, typekind = 5, base_addr = 0x1f259f0
            dim[0] = 3  dim[1] = 2  
  Real, *4, Dim 2, Data values:
~ local data in LocalArray for DE 0 ~
LocalArrayPrint: Array at address 0x1086400:
            rank = 2, typekind = 5, base_addr = 0x1086380
            dim[0] = 3  dim[1] = 2  
  Real, *4, Dim 2, Data values:
Array typekind/rank: Real*4 / 2 
~ lower class' values ~
DistGrid dimCount = 2
deCount = 6
localDeCount = 2
~ local data in LocalArray for DE 1 ~
Array typekind/rank: Real*4 / 2 
~ lower class' values ~
DistGrid dimCount = 2
deCount = 6
localDeCount = 1
~ local data in LocalArray for DE 3 ~
LocalArrayPrint: Array at address 0x2178c30:
            rank = 2, typekind = 5, base_addr = 0x2178c10
( 1, 1) =  2.50507e-38
( 2, 1) =  0
( 3, 1) =  -1.32199e+12
( 1, 2) =  1.53722e-41
( 2, 2) =  0
( 3, 2) =  0
( 1, 1) =  8.90254e-38
( 2, 1) =  0
( 3, 1) =  -5.98511e+19
( 1, 2) =  1.53204e-41
( 2, 2) =  0
( 3, 2) =  0
dim 1: [0]: [1 [1 [1, 3] 3] 3]
dim 2: [1]: [1 [1 [1, 2] 2] 2]
--- ESMCI::Array::print end ---
--- ESMCI::Array::print start ---
 Base name    = Array002
 Status: Base = Ready,  object = Ready
 Proxy        = no
 Root Info (Attributes):
            dim[0] = 2  dim[1] = 2  
  Real, *4, Dim 2, Data values:
( 1, 1) =  1.11338e-37
( 2, 1) =  0
( 1, 2) =  -1.48978e-34
( 2, 2) =  1.56105e-41
LocalArrayPrint: Array at address 0x99ae30:
            rank = 2, typekind = 5, base_addr = 0x99adb0
            dim[0] = 2  dim[1] = 2  
  Real, *4, Dim 2, Data values:
( 1, 1) =  1.41132e-38
( 2, 1) =  0
( 1, 2) =  1.02999e+06
dim 1: [0]: [1 [1 [1, 3] 3] 3]
dim 2: [1]: [1 [1 [1, 2] 2] 2]
~ local data in LocalArray for DE 4 ~
LocalArrayPrint: Array at address 0x1086730:
            rank = 2, typekind = 5, base_addr = 0x10863a0
            dim[0] = 3  dim[1] = 1  
  Real, *4, Dim 2, Data values:
( 1, 1) =  2.50508e-38
( 2, 1) =  0
( 3, 1) =  -1.32199e+12
dim 1: [0]: [1 [1 [1, 3] 3] 3]
dim 2: [1]: [1 [1 [1, 1] 1] 1]
( 2, 2) =  1.5532e-41
dim 1: [0]: [1 [1 [1, 2] 2] 2]
--- ESMCI::Array::print end ---
--- ESMCI::Array::print start ---
 Base name    = Array002
dim 2: [1]: [1 [1 [1, 2] 2] 2]
--- ESMCI::Array::print end ---
--- ESMCI::Array::print start ---
 Base name    = Array002
 Status: Base = Ready,  object = Ready
 Proxy        = no
 Root Info (Attributes):
{}Array typekind/rank: Real*8 / 2 
~ lower class' values ~
DistGrid dimCount = 2
deCount = 6
localDeCount = 1
~ local data in LocalArray for DE 3 ~
LocalArrayPrint: Array at address 0x2175cf0:
            rank = 2, typekind = 6, base_addr = 0x21756f0
            dim[0] = 2  dim[1] = 2  
  Real, *8, Dim 2, Data values:
( 1, 1) =  1.73275e-316
( 2, 1) =  0
( 1, 2) =  0
( 2, 2) =  0
dim 1: [0]: [1 [1 [1, 2] 2] 2]
dim 2: [1]: [1 [1 [1, 2] 2] 2]
--- ESMCI::Array::print end ---
--- ESMCI::Array::print start ---
 Base name    = Array003
 Status: Base = Ready,  object = Ready
 Proxy        = no
 Root Info (Attributes):
{}Array typekind/rank: Real*8 / 2 
~ lower class' values ~
DistGrid dimCount = 2
deCount = 6
localDeCount = 1
~ local data in LocalArray for DE 3 ~
LocalArrayPrint: Array at address 0x21764e0:
            rank = 2, typekind = 6, base_addr = 0x2176810
            dim[0] = 2  dim[1] = 2  
  Real, *8, Dim 2, Data values:
( 1, 1) =  2.36402e-310
( 2, 1) =  2.36402e-310
( 1, 2) =  0
( 2, 2) =  0
dim 1: [0]: [1 [1 [1, 2] 2] 2]
dim 2: [1]: [1 [1 [1, 2] 2] 2]
--- ESMCI::Array::print end ---
  PASS  Example ESMF_ArrayBundleEx, ESMF_ArrayBundleEx.F90, line 267
{}Array typekind/rank: Real*8 / 2 
~ lower class' values ~
DistGrid dimCount = 2
deCount = 6
localDeCount = 1
~ local data in LocalArray for DE 2 ~
LocalArrayPrint: Array at address 0x1f22a60:
            rank = 2, typekind = 6, base_addr = 0x1f224e0
            dim[0] = 3  dim[1] = 2  
  Real, *8, Dim 2, Data values:
( 1, 1) =  1.61296e-316
( 2, 1) =  4.24399e-314
( 3, 1) =  4.24399e-314
( 1, 2) =  4.24399e-314
( 2, 2) =  2.122e-314
( 3, 2) =  2.122e-314
dim 1: [0]: [1 [1 [1, 3] 3] 3]
dim 2: [1]: [1 [1 [1, 2] 2] 2]
--- ESMCI::Array::print end ---
--- ESMCI::Array::print start ---
 Base name    = Array003
 Status: Base = Ready,  object = Ready
 Proxy        = no
 Root Info (Attributes):
{}Array typekind/rank: Real*8 / 2 
~ lower class' values ~
DistGrid dimCount = 2
deCount = 6
localDeCount = 1
~ local data in LocalArray for DE 2 ~
LocalArrayPrint: Array at address 0x1f23250:
            rank = 2, typekind = 6, base_addr = 0x1f23580
            dim[0] = 3  dim[1] = 2  
  Real, *8, Dim 2, Data values:
( 1, 1) =  2.32016e-310
( 2, 1) =  2.32016e-310
( 3, 1) =  0
( 1, 2) =  0
( 2, 2) =  0
( 3, 2) =  0
dim 1: [0]: [1 [1 [1, 3] 3] 3]
dim 2: [1]: [1 [1 [1, 2] 2] 2]
--- ESMCI::Array::print end ---
  PASS  Example ESMF_ArrayBundleEx, ESMF_ArrayBundleEx.F90, line 267
dim 1: [0]: [1 [1 [1, 2] 2] 2]
dim 2: [1]: [1 [1 [1, 2] 2] 2]
~ local data in LocalArray for DE 5 ~
LocalArrayPrint: Array at address 0x99b160:
            rank = 2, typekind = 5, base_addr = 0x99add0
            dim[0] = 2  dim[1] = 1  
  Real, *4, Dim 2, Data values:
( 1, 1) =  1.41132e-38
( 2, 1) =  0
dim 1: [0]: [1 [1 [1, 2] 2] 2]
dim 2: [1]: [1 [1 [1, 1] 1] 1]
--- ESMCI::Array::print end ---
--- ESMCI::Array::print start ---
 Base name    = Array002
 Status: Base = Ready,  object = Ready
 Proxy        = no
 Root Info (Attributes):
{}Array typekind/rank: Real*8 / 2 
~ lower class' values ~
DistGrid dimCount = 2
deCount = 6
localDeCount = 2
~ local data in LocalArray for DE 1 ~
LocalArrayPrint: Array at address 0x9973d0:
            rank = 2, typekind = 6, base_addr = 0x996d50
            dim[0] = 2  dim[1] = 2  
  Real, *8, Dim 2, Data values:
( 1, 1) =  5.2304e-317
( 2, 1) =  0
( 1, 2) =  0
( 2, 2) =  0
dim 1: [0]: [1 [1 [1, 2] 2] 2]
dim 2: [1]: [1 [1 [1, 2] 2] 2]
~ local data in LocalArray for DE 5 ~
LocalArrayPrint: Array at address 0x997700:
            rank = 2, typekind = 6, base_addr = 0x997a30
            dim[0] = 2  dim[1] = 1  
  Real, *8, Dim 2, Data values:
( 1, 1) =  2.35208e-310
( 2, 1) =  2.35208e-310
dim 1: [0]: [1 [1 [1, 2] 2] 2]
dim 2: [1]: [1 [1 [1, 1] 1] 1]
--- ESMCI::Array::print end ---
--- ESMCI::Array::print start ---
 Base name    = Array003
 Status: Base = Ready,  object = Ready
 Proxy        = no
 Root Info (Attributes):
{}Array typekind/rank: Real*8 / 2 
~ lower class' values ~
DistGrid dimCount = 2
deCount = 6
localDeCount = 2
~ local data in LocalArray for DE 1 ~
LocalArrayPrint: Array at address 0x997f10:
            rank = 2, typekind = 6, base_addr = 0x998240
            dim[0] = 2  dim[1] = 2  
  Real, *8, Dim 2, Data values:
( 1, 1) =  2.35208e-310
( 2, 1) =  2.35208e-310
( 1, 2) =  0
( 2, 2) =  0
dim 1: [0]: [1 [1 [1, 2] 2] 2]
dim 2: [1]: [1 [1 [1, 2] 2] 2]
~ local data in LocalArray for DE 5 ~
LocalArrayPrint: Array at address 0x998270:
            rank = 2, typekind = 6, base_addr = 0xa1bba0
            dim[0] = 2  dim[1] = 1  
  Real, *8, Dim 2, Data values:
( 1, 1) =  5.23677e-317
( 2, 1) =  2.35208e-310
dim 1: [0]: [1 [1 [1, 2] 2] 2]
dim 2: [1]: [1 [1 [1, 1] 1] 1]
--- ESMCI::Array::print end ---
  PASS  Example ESMF_ArrayBundleEx, ESMF_ArrayBundleEx.F90, line 267
 Status: Base = Ready,  object = Ready
 Proxy        = no
 Root Info (Attributes):
{}Array typekind/rank: Real*8 / 2 
~ lower class' values ~
DistGrid dimCount = 2
deCount = 6
localDeCount = 2
~ local data in LocalArray for DE 0 ~
LocalArrayPrint: Array at address 0x1082960:
            rank = 2, typekind = 6, base_addr = 0x1082360
            dim[0] = 3  dim[1] = 2  
  Real, *8, Dim 2, Data values:
( 1, 1) =  8.55266e-317
( 2, 1) =  4.24399e-314
( 3, 1) =  4.24399e-314
( 1, 2) =  4.24399e-314
( 2, 2) =  2.122e-314
( 3, 2) =  2.122e-314
dim 1: [0]: [1 [1 [1, 3] 3] 3]
dim 2: [1]: [1 [1 [1, 2] 2] 2]
~ local data in LocalArray for DE 4 ~
LocalArrayPrint: Array at address 0x1082c90:
            rank = 2, typekind = 6, base_addr = 0x1082fc0
            dim[0] = 3  dim[1] = 1  
  Real, *8, Dim 2, Data values:
( 1, 1) =  2.328e-310
( 2, 1) =  2.328e-310
( 3, 1) =  0
dim 1: [0]: [1 [1 [1, 3] 3] 3]
dim 2: [1]: [1 [1 [1, 1] 1] 1]
--- ESMCI::Array::print end ---
--- ESMCI::Array::print start ---
 Base name    = Array003
 Status: Base = Ready,  object = Ready
 Proxy        = no
 Root Info (Attributes):
{}Array typekind/rank: Real*8 / 2 
~ lower class' values ~
DistGrid dimCount = 2
deCount = 6
localDeCount = 2
~ local data in LocalArray for DE 0 ~
LocalArrayPrint: Array at address 0x1006130:
            rank = 2, typekind = 6, base_addr = 0x1006460
            dim[0] = 3  dim[1] = 2  
  Real, *8, Dim 2, Data values:
( 1, 1) =  2.328e-310
( 2, 1) =  2.328e-310
( 3, 1) =  8.30261e-317
( 1, 2) =  2.17292e-311
( 2, 2) =  2.122e-314
( 3, 2) =  2.32802e-310
dim 1: [0]: [1 [1 [1, 3] 3] 3]
dim 2: [1]: [1 [1 [1, 2] 2] 2]
~ local data in LocalArray for DE 4 ~
LocalArrayPrint: Array at address 0x10834a0:
            rank = 2, typekind = 6, base_addr = 0x1003490
            dim[0] = 3  dim[1] = 1  
  Real, *8, Dim 2, Data values:
( 1, 1) =  8.2957e-317
( 2, 1) =  2.328e-310
( 3, 1) =  1.79969e-310
dim 1: [0]: [1 [1 [1, 3] 3] 3]
dim 2: [1]: [1 [1 [1, 1] 1] 1]
--- ESMCI::Array::print end ---
  PASS  Example ESMF_ArrayBundleEx, ESMF_ArrayBundleEx.F90, line 267
 PASS: ESMF_ArrayBundleEx.F90
 PASS: ESMF_ArrayBundleEx.F90
 PASS: ESMF_ArrayBundleEx.F90
 PASS: ESMF_ArrayBundleEx.F90
