build time -- 2022-03-10 04:00:35
20220310 042609.338 INFO             PET0 !!!!!!!!!!!!!!!!!!!!!!!!!!!!!!!!!!!!!!!!!!!!!!!!!!!!!!
20220310 042609.338 INFO             PET0 !!! THE ESMF_LOG IS SET TO OUTPUT ALL LOG MESSAGES !!!
20220310 042609.338 INFO             PET0 !!!     THIS MAY CAUSE SLOWDOWN IN PERFORMANCE     !!!
20220310 042609.338 INFO             PET0 !!! FOR PRODUCTION RUNS, USE:                      !!!
20220310 042609.338 INFO             PET0 !!!                   ESMF_LOGKIND_Multi_On_Error  !!!
20220310 042609.338 INFO             PET0 !!!!!!!!!!!!!!!!!!!!!!!!!!!!!!!!!!!!!!!!!!!!!!!!!!!!!!
20220310 042609.338 INFO             PET0 Running with ESMF Version   : v8.3.0b09
20220310 042609.338 INFO             PET0 ESMF library build date/time: "Mar 10 2022" "03:59:07"
20220310 042609.338 INFO             PET0 ESMF library build location : /mnt/lfs4/HFIP/hfv3gfs/Mark.Potts/gfortran_9.2.0_openmpi_O_develop
20220310 042609.338 INFO             PET0 ESMF_COMM                   : openmpi
20220310 042609.339 INFO             PET0 ESMF_MOAB                   : enabled
20220310 042609.339 INFO             PET0 ESMF_LAPACK                 : enabled
20220310 042609.339 INFO             PET0 ESMF_NETCDF                 : enabled
20220310 042609.339 INFO             PET0 ESMF_PNETCDF                : disabled
20220310 042609.339 INFO             PET0 ESMF_PIO                    : enabled
20220310 042609.339 INFO             PET0 ESMF_YAMLCPP                : enabled
20220310 042609.388 DEBUG            PET0 about to destroy Grid: 0x255bd70
20220310 042609.393 DEBUG            PET0 about to destroy Grid: 0x255dc00
20220310 042609.407 INFO             PET0  NUMBER_OF_PROCESSORS           4
20220310 042609.407 INFO             PET0  PASS  Example ESMF_NUOPCAtmModelEx, ESMF_NUOPCAtmModelEx.F90, line 806
20220310 042609.407 INFO             PET0 Finalizing ESMF
20220310 042609.338 INFO             PET1 !!!!!!!!!!!!!!!!!!!!!!!!!!!!!!!!!!!!!!!!!!!!!!!!!!!!!!
20220310 042609.339 INFO             PET1 !!! THE ESMF_LOG IS SET TO OUTPUT ALL LOG MESSAGES !!!
20220310 042609.339 INFO             PET1 !!!     THIS MAY CAUSE SLOWDOWN IN PERFORMANCE     !!!
20220310 042609.339 INFO             PET1 !!! FOR PRODUCTION RUNS, USE:                      !!!
20220310 042609.339 INFO             PET1 !!!                   ESMF_LOGKIND_Multi_On_Error  !!!
20220310 042609.339 INFO             PET1 !!!!!!!!!!!!!!!!!!!!!!!!!!!!!!!!!!!!!!!!!!!!!!!!!!!!!!
20220310 042609.339 INFO             PET1 Running with ESMF Version   : v8.3.0b09
20220310 042609.339 INFO             PET1 ESMF library build date/time: "Mar 10 2022" "03:59:07"
20220310 042609.339 INFO             PET1 ESMF library build location : /mnt/lfs4/HFIP/hfv3gfs/Mark.Potts/gfortran_9.2.0_openmpi_O_develop
20220310 042609.339 INFO             PET1 ESMF_COMM                   : openmpi
20220310 042609.339 INFO             PET1 ESMF_MOAB                   : enabled
20220310 042609.339 INFO             PET1 ESMF_LAPACK                 : enabled
20220310 042609.339 INFO             PET1 ESMF_NETCDF                 : enabled
20220310 042609.339 INFO             PET1 ESMF_PNETCDF                : disabled
20220310 042609.339 INFO             PET1 ESMF_PIO                    : enabled
20220310 042609.339 INFO             PET1 ESMF_YAMLCPP                : enabled
20220310 042609.388 DEBUG            PET1 about to destroy Grid: 0x1cc9d80
20220310 042609.393 DEBUG            PET1 about to destroy Grid: 0x1ccad10
20220310 042609.407 INFO             PET1  NUMBER_OF_PROCESSORS           4
20220310 042609.407 INFO             PET1  PASS  Example ESMF_NUOPCAtmModelEx, ESMF_NUOPCAtmModelEx.F90, line 806
20220310 042609.407 INFO             PET1 Finalizing ESMF
20220310 042609.339 INFO             PET2 !!!!!!!!!!!!!!!!!!!!!!!!!!!!!!!!!!!!!!!!!!!!!!!!!!!!!!
20220310 042609.339 INFO             PET2 !!! THE ESMF_LOG IS SET TO OUTPUT ALL LOG MESSAGES !!!
20220310 042609.339 INFO             PET2 !!!     THIS MAY CAUSE SLOWDOWN IN PERFORMANCE     !!!
20220310 042609.339 INFO             PET2 !!! FOR PRODUCTION RUNS, USE:                      !!!
20220310 042609.339 INFO             PET2 !!!                   ESMF_LOGKIND_Multi_On_Error  !!!
20220310 042609.339 INFO             PET2 !!!!!!!!!!!!!!!!!!!!!!!!!!!!!!!!!!!!!!!!!!!!!!!!!!!!!!
20220310 042609.339 INFO             PET2 Running with ESMF Version   : v8.3.0b09
20220310 042609.339 INFO             PET2 ESMF library build date/time: "Mar 10 2022" "03:59:07"
20220310 042609.339 INFO             PET2 ESMF library build location : /mnt/lfs4/HFIP/hfv3gfs/Mark.Potts/gfortran_9.2.0_openmpi_O_develop
20220310 042609.339 INFO             PET2 ESMF_COMM                   : openmpi
20220310 042609.339 INFO             PET2 ESMF_MOAB                   : enabled
20220310 042609.339 INFO             PET2 ESMF_LAPACK                 : enabled
20220310 042609.339 INFO             PET2 ESMF_NETCDF                 : enabled
20220310 042609.339 INFO             PET2 ESMF_PNETCDF                : disabled
20220310 042609.339 INFO             PET2 ESMF_PIO                    : enabled
20220310 042609.339 INFO             PET2 ESMF_YAMLCPP                : enabled
20220310 042609.388 DEBUG            PET2 about to destroy Grid: 0x2276430
20220310 042609.393 DEBUG            PET2 about to destroy Grid: 0x22775f0
20220310 042609.407 INFO             PET2  NUMBER_OF_PROCESSORS           4
20220310 042609.407 INFO             PET2  PASS  Example ESMF_NUOPCAtmModelEx, ESMF_NUOPCAtmModelEx.F90, line 806
20220310 042609.407 INFO             PET2 Finalizing ESMF
20220310 042609.339 INFO             PET3 !!!!!!!!!!!!!!!!!!!!!!!!!!!!!!!!!!!!!!!!!!!!!!!!!!!!!!
20220310 042609.339 INFO             PET3 !!! THE ESMF_LOG IS SET TO OUTPUT ALL LOG MESSAGES !!!
20220310 042609.339 INFO             PET3 !!!     THIS MAY CAUSE SLOWDOWN IN PERFORMANCE     !!!
20220310 042609.339 INFO             PET3 !!! FOR PRODUCTION RUNS, USE:                      !!!
20220310 042609.339 INFO             PET3 !!!                   ESMF_LOGKIND_Multi_On_Error  !!!
20220310 042609.339 INFO             PET3 !!!!!!!!!!!!!!!!!!!!!!!!!!!!!!!!!!!!!!!!!!!!!!!!!!!!!!
20220310 042609.339 INFO             PET3 Running with ESMF Version   : v8.3.0b09
20220310 042609.339 INFO             PET3 ESMF library build date/time: "Mar 10 2022" "03:59:07"
20220310 042609.339 INFO             PET3 ESMF library build location : /mnt/lfs4/HFIP/hfv3gfs/Mark.Potts/gfortran_9.2.0_openmpi_O_develop
20220310 042609.339 INFO             PET3 ESMF_COMM                   : openmpi
20220310 042609.340 INFO             PET3 ESMF_MOAB                   : enabled
20220310 042609.340 INFO             PET3 ESMF_LAPACK                 : enabled
20220310 042609.340 INFO             PET3 ESMF_NETCDF                 : enabled
20220310 042609.340 INFO             PET3 ESMF_PNETCDF                : disabled
20220310 042609.340 INFO             PET3 ESMF_PIO                    : enabled
20220310 042609.340 INFO             PET3 ESMF_YAMLCPP                : enabled
20220310 042609.388 DEBUG            PET3 about to destroy Grid: 0x228c4c0
20220310 042609.393 DEBUG            PET3 about to destroy Grid: 0x228d860
20220310 042609.407 INFO             PET3  NUMBER_OF_PROCESSORS           4
20220310 042609.407 INFO             PET3  PASS  Example ESMF_NUOPCAtmModelEx, ESMF_NUOPCAtmModelEx.F90, line 806
20220310 042609.407 INFO             PET3 Finalizing ESMF
