build time -- 2022-03-13 06:16:05
20220313 064554.635 INFO             PET0 !!!!!!!!!!!!!!!!!!!!!!!!!!!!!!!!!!!!!!!!!!!!!!!!!!!!!!
20220313 064554.636 INFO             PET0 !!! THE ESMF_LOG IS SET TO OUTPUT ALL LOG MESSAGES !!!
20220313 064554.636 INFO             PET0 !!!     THIS MAY CAUSE SLOWDOWN IN PERFORMANCE     !!!
20220313 064554.636 INFO             PET0 !!! FOR PRODUCTION RUNS, USE:                      !!!
20220313 064554.636 INFO             PET0 !!!                   ESMF_LOGKIND_Multi_On_Error  !!!
20220313 064554.636 INFO             PET0 !!!!!!!!!!!!!!!!!!!!!!!!!!!!!!!!!!!!!!!!!!!!!!!!!!!!!!
20220313 064554.636 INFO             PET0 Running with ESMF Version   : v8.3.0b09-96-g559b459836
20220313 064554.637 INFO             PET0 ESMF library build date/time: "Mar 13 2022" "06:14:19"
20220313 064554.637 INFO             PET0 ESMF library build location : /scratch1/NCEPDEV/stmp2/role.esmfmaint/intel_18.0.4_mpiuni_g_jedwards_pio_update2
20220313 064554.637 INFO             PET0 ESMF_COMM                   : mpiuni
20220313 064554.641 INFO             PET0 ESMF_MOAB                   : enabled
20220313 064554.641 INFO             PET0 ESMF_LAPACK                 : enabled
20220313 064554.641 INFO             PET0 ESMF_NETCDF                 : enabled
20220313 064554.641 INFO             PET0 ESMF_PNETCDF                : disabled
20220313 064554.641 INFO             PET0 ESMF_PIO                    : disabled
20220313 064554.641 INFO             PET0 ESMF_YAMLCPP                : enabled
20220313 064554.642 INFO             PET0 Log Write 2
20220313 064554.642 ERROR            PET0 Invalid object  - Convergence failure
20220313 064554.643 ERROR            PET0 ESMCI_Fraction.C:1444 ESMCI::Fraction::validate() must have non-zero denominator.
20220313 064554.643 ERROR            PET0 ESMCI_Time.C:838 ESMCI::Time::syncToRealTime() Wrong argument specified  - ; calkindflag is JULIANDAY, MODJULIANDAY or NOCALENDAR.
20220313 064554.651 ERROR            PET0 ESMF_Time.F90:1485 ESMF_TimeSyncToRealTime() Wrong argument specified  - Internal subroutine call returned Error
20220313 064554.651 ERROR            PET0 Wrong argument specified  - getting wall clock time
20220313 064554.660 INFO             PET0  NUMBER_OF_PROCESSORS           1
20220313 064554.661 INFO             PET0  PASS  Example ESMF_LogErrEx, ESMF_LogErrEx.F90, line 186
20220313 064554.661 INFO             PET0 Finalizing ESMF
