build time -- 2022-03-07 06:14:24
20220307 064429.953 INFO             PET0 !!!!!!!!!!!!!!!!!!!!!!!!!!!!!!!!!!!!!!!!!!!!!!!!!!!!!!
20220307 064429.953 INFO             PET0 !!! THE ESMF_LOG IS SET TO OUTPUT ALL LOG MESSAGES !!!
20220307 064429.953 INFO             PET0 !!!     THIS MAY CAUSE SLOWDOWN IN PERFORMANCE     !!!
20220307 064429.953 INFO             PET0 !!! FOR PRODUCTION RUNS, USE:                      !!!
20220307 064429.953 INFO             PET0 !!!                   ESMF_LOGKIND_Multi_On_Error  !!!
20220307 064429.953 INFO             PET0 !!!!!!!!!!!!!!!!!!!!!!!!!!!!!!!!!!!!!!!!!!!!!!!!!!!!!!
20220307 064429.953 INFO             PET0 Running with ESMF Version   : v8.3.0b08-90-g763a12848c
20220307 064429.953 INFO             PET0 ESMF library build date/time: "Mar  7 2022" "06:12:41"
20220307 064429.953 INFO             PET0 ESMF library build location : /scratch1/NCEPDEV/stmp2/role.esmfmaint/intel_18.0.4_mpiuni_g_jedwards_pio_update2
20220307 064429.953 INFO             PET0 ESMF_COMM                   : mpiuni
20220307 064429.955 INFO             PET0 ESMF_MOAB                   : enabled
20220307 064429.955 INFO             PET0 ESMF_LAPACK                 : enabled
20220307 064429.955 INFO             PET0 ESMF_NETCDF                 : enabled
20220307 064429.955 INFO             PET0 ESMF_PNETCDF                : disabled
20220307 064429.955 INFO             PET0 ESMF_PIO                    : disabled
20220307 064429.955 INFO             PET0 ESMF_YAMLCPP                : enabled
20220307 064430.228 INFO             PET0  NUMBER_OF_PROCESSORS           1
20220307 064430.229 INFO             PET0  PASS  Example ESMF_RHandleDynamicMaskingEx, ESMF_RHandleDynamicMaskingEx.F90, line 1116
20220307 064430.229 INFO             PET0 Finalizing ESMF
20220307 064430.229 INFO             PET0 ESMCI_IO_Handler.C:356 ESMCI::IO_Handler::finalize() before return, localrc = 0
