build time -- 2022-03-10 06:17:40
20220310 064803.090 INFO             PET0 !!!!!!!!!!!!!!!!!!!!!!!!!!!!!!!!!!!!!!!!!!!!!!!!!!!!!!
20220310 064803.090 INFO             PET0 !!! THE ESMF_LOG IS SET TO OUTPUT ALL LOG MESSAGES !!!
20220310 064803.090 INFO             PET0 !!!     THIS MAY CAUSE SLOWDOWN IN PERFORMANCE     !!!
20220310 064803.090 INFO             PET0 !!! FOR PRODUCTION RUNS, USE:                      !!!
20220310 064803.090 INFO             PET0 !!!                   ESMF_LOGKIND_Multi_On_Error  !!!
20220310 064803.090 INFO             PET0 !!!!!!!!!!!!!!!!!!!!!!!!!!!!!!!!!!!!!!!!!!!!!!!!!!!!!!
20220310 064803.090 INFO             PET0 Running with ESMF Version   : v8.3.0b09-93-ga567ee5dcd
20220310 064803.090 INFO             PET0 ESMF library build date/time: "Mar 10 2022" "06:15:57"
20220310 064803.090 INFO             PET0 ESMF library build location : /scratch1/NCEPDEV/stmp2/role.esmfmaint/intel_18.0.4_mpiuni_g_jedwards_pio_update2
20220310 064803.090 INFO             PET0 ESMF_COMM                   : mpiuni
20220310 064803.091 INFO             PET0 ESMF_MOAB                   : enabled
20220310 064803.091 INFO             PET0 ESMF_LAPACK                 : enabled
20220310 064803.091 INFO             PET0 ESMF_NETCDF                 : enabled
20220310 064803.091 INFO             PET0 ESMF_PNETCDF                : disabled
20220310 064803.091 INFO             PET0 ESMF_PIO                    : disabled
20220310 064803.091 INFO             PET0 ESMF_YAMLCPP                : enabled
20220310 064803.092 INFO             PET0  NUMBER_OF_PROCESSORS           1
20220310 064803.092 INFO             PET0  PASS  Example ESMF_TimeEx, ESMF_TimeEx.F90, line 141
20220310 064803.092 INFO             PET0 Finalizing ESMF
20220310 064803.092 INFO             PET0 ESMCI_IO_Handler.C:356 ESMCI::IO_Handler::finalize() before return, localrc = 0
