build time -- 2022-03-14 22:23:59
20220314 230715.913 INFO             PET0 !!!!!!!!!!!!!!!!!!!!!!!!!!!!!!!!!!!!!!!!!!!!!!!!!!!!!!
20220314 230715.913 INFO             PET0 !!! THE ESMF_LOG IS SET TO OUTPUT ALL LOG MESSAGES !!!
20220314 230715.913 INFO             PET0 !!!     THIS MAY CAUSE SLOWDOWN IN PERFORMANCE     !!!
20220314 230715.913 INFO             PET0 !!! FOR PRODUCTION RUNS, USE:                      !!!
20220314 230715.913 INFO             PET0 !!!                   ESMF_LOGKIND_Multi_On_Error  !!!
20220314 230715.913 INFO             PET0 !!!!!!!!!!!!!!!!!!!!!!!!!!!!!!!!!!!!!!!!!!!!!!!!!!!!!!
20220314 230715.913 INFO             PET0 Running with ESMF Version   : v8.3.0b09-99-g1c5bae8308
20220314 230715.913 INFO             PET0 ESMF library build date/time: "Mar 14 2022" "22:22:10"
20220314 230715.913 INFO             PET0 ESMF library build location : /scratch1/NCEPDEV/stmp2/role.esmfmaint/intel_18.0.4_mpiuni_g_jedwards_pio_update2
20220314 230715.913 INFO             PET0 ESMF_COMM                   : mpiuni
20220314 230715.914 INFO             PET0 ESMF_MOAB                   : enabled
20220314 230715.914 INFO             PET0 ESMF_LAPACK                 : enabled
20220314 230715.914 INFO             PET0 ESMF_NETCDF                 : enabled
20220314 230715.914 INFO             PET0 ESMF_PNETCDF                : disabled
20220314 230715.914 INFO             PET0 ESMF_PIO                    : disabled
20220314 230715.914 INFO             PET0 ESMF_YAMLCPP                : enabled
20220314 230715.916 INFO             PET0  NUMBER_OF_PROCESSORS           1
20220314 230715.916 INFO             PET0  PASS  Example ESMF_WebServicesEx, ESMF_WebServicesEx.F90, line 227
20220314 230715.916 INFO             PET0 Finalizing ESMF
