build time -- 2022-03-05 06:10:38
20220305 064124.781 INFO             PET0 !!!!!!!!!!!!!!!!!!!!!!!!!!!!!!!!!!!!!!!!!!!!!!!!!!!!!!
20220305 064124.781 INFO             PET0 !!! THE ESMF_LOG IS SET TO OUTPUT ALL LOG MESSAGES !!!
20220305 064124.781 INFO             PET0 !!!     THIS MAY CAUSE SLOWDOWN IN PERFORMANCE     !!!
20220305 064124.781 INFO             PET0 !!! FOR PRODUCTION RUNS, USE:                      !!!
20220305 064124.781 INFO             PET0 !!!                   ESMF_LOGKIND_Multi_On_Error  !!!
20220305 064124.781 INFO             PET0 !!!!!!!!!!!!!!!!!!!!!!!!!!!!!!!!!!!!!!!!!!!!!!!!!!!!!!
20220305 064124.781 INFO             PET0 Running with ESMF Version   : v8.3.0b08-90-g763a12848c
20220305 064124.781 INFO             PET0 ESMF library build date/time: "Mar  5 2022" "06:08:54"
20220305 064124.781 INFO             PET0 ESMF library build location : /scratch1/NCEPDEV/stmp2/role.esmfmaint/intel_18.0.4_mpiuni_g_jedwards_pio_update2
20220305 064124.781 INFO             PET0 ESMF_COMM                   : mpiuni
20220305 064124.782 INFO             PET0 ESMF_MOAB                   : enabled
20220305 064124.782 INFO             PET0 ESMF_LAPACK                 : enabled
20220305 064124.782 INFO             PET0 ESMF_NETCDF                 : enabled
20220305 064124.782 INFO             PET0 ESMF_PNETCDF                : disabled
20220305 064124.782 INFO             PET0 ESMF_PIO                    : disabled
20220305 064124.782 INFO             PET0 ESMF_YAMLCPP                : enabled
20220305 064124.791 INFO             PET0 ESMF_FieldRedistStoreNF(): Just entered routine.
20220305 064125.604 INFO             PET0 ESMF_FieldRedistStoreNF(): Leaving routine.
20220305 064125.618 INFO             PET0  NUMBER_OF_PROCESSORS           1
20220305 064125.619 INFO             PET0  PASS  Example ESMF_RHandleFromFileEx, ESMF_RHandleFromFileEx.F90, line 192
20220305 064125.619 INFO             PET0 Finalizing ESMF
20220305 064125.619 INFO             PET0 ESMCI_IO_Handler.C:356 ESMCI::IO_Handler::finalize() before return, localrc = 0
