build time -- 2022-03-24 03:10:03
20220324 033618.624 INFO             PET0 !!!!!!!!!!!!!!!!!!!!!!!!!!!!!!!!!!!!!!!!!!!!!!!!!!!!!!
20220324 033618.624 INFO             PET0 !!! THE ESMF_LOG IS SET TO OUTPUT ALL LOG MESSAGES !!!
20220324 033618.624 INFO             PET0 !!!     THIS MAY CAUSE SLOWDOWN IN PERFORMANCE     !!!
20220324 033618.624 INFO             PET0 !!! FOR PRODUCTION RUNS, USE:                      !!!
20220324 033618.624 INFO             PET0 !!!                   ESMF_LOGKIND_Multi_On_Error  !!!
20220324 033618.624 INFO             PET0 !!!!!!!!!!!!!!!!!!!!!!!!!!!!!!!!!!!!!!!!!!!!!!!!!!!!!!
20220324 033618.624 INFO             PET0 Running with ESMF Version   : v8.3.0b09-103-gbb860f2
20220324 033618.625 INFO             PET0 ESMF library build date/time: "Mar 24 2022" "03:08:55"
20220324 033618.625 INFO             PET0 ESMF library build location : /work/noaa/da/mpotts/sandbox/gfortran_8.3.0_mpiuni_g_jedwards_pio_update2
20220324 033618.625 INFO             PET0 ESMF_COMM                   : mpiuni
20220324 033618.625 INFO             PET0 ESMF_MOAB                   : enabled
20220324 033618.625 INFO             PET0 ESMF_LAPACK                 : enabled
20220324 033618.625 INFO             PET0 ESMF_NETCDF                 : enabled
20220324 033618.625 INFO             PET0 ESMF_PNETCDF                : disabled
20220324 033618.625 INFO             PET0 ESMF_PIO                    : disabled
20220324 033618.625 INFO             PET0 ESMF_YAMLCPP                : enabled
20220324 033618.625 INFO             PET0  NUMBER_OF_PROCESSORS           1
20220324 033618.625 INFO             PET0  PASS  Example ESMF_VMHigherRankDataEx, ESMF_VMHigherRankDataEx.F90, line 140
20220324 033618.625 INFO             PET0 Finalizing ESMF
