build time -- 2022-03-23 02:43:44
20220323 030935.923 INFO             PET0 !!!!!!!!!!!!!!!!!!!!!!!!!!!!!!!!!!!!!!!!!!!!!!!!!!!!!!
20220323 030935.923 INFO             PET0 !!! THE ESMF_LOG IS SET TO OUTPUT ALL LOG MESSAGES !!!
20220323 030935.923 INFO             PET0 !!!     THIS MAY CAUSE SLOWDOWN IN PERFORMANCE     !!!
20220323 030935.923 INFO             PET0 !!! FOR PRODUCTION RUNS, USE:                      !!!
20220323 030935.923 INFO             PET0 !!!                   ESMF_LOGKIND_Multi_On_Error  !!!
20220323 030935.923 INFO             PET0 !!!!!!!!!!!!!!!!!!!!!!!!!!!!!!!!!!!!!!!!!!!!!!!!!!!!!!
20220323 030935.923 INFO             PET0 Running with ESMF Version   : v8.3.0b09-103-gbb860f2
20220323 030935.923 INFO             PET0 ESMF library build date/time: "Mar 23 2022" "02:42:32"
20220323 030935.923 INFO             PET0 ESMF library build location : /work/noaa/da/mpotts/sandbox/gfortran_8.3.0_mpiuni_g_jedwards_pio_update2
20220323 030935.923 INFO             PET0 ESMF_COMM                   : mpiuni
20220323 030935.924 INFO             PET0 ESMF_MOAB                   : enabled
20220323 030935.924 INFO             PET0 ESMF_LAPACK                 : enabled
20220323 030935.924 INFO             PET0 ESMF_NETCDF                 : enabled
20220323 030935.924 INFO             PET0 ESMF_PNETCDF                : disabled
20220323 030935.924 INFO             PET0 ESMF_PIO                    : disabled
20220323 030935.924 INFO             PET0 ESMF_YAMLCPP                : enabled
20220323 030935.925 INFO             PET0  NUMBER_OF_PROCESSORS           1
20220323 030935.925 INFO             PET0  PASS  Example ESMF_GridCreateRegFromDGEx, ESMF_GridCreateRegFromDGEx.F90, line 112
20220323 030935.925 INFO             PET0 Finalizing ESMF
