build time -- 2022-03-17 16:45:48.026045
20220317 171436.966 INFO             PET0 !!!!!!!!!!!!!!!!!!!!!!!!!!!!!!!!!!!!!!!!!!!!!!!!!!!!!!
20220317 171436.966 INFO             PET0 !!! THE ESMF_LOG IS SET TO OUTPUT ALL LOG MESSAGES !!!
20220317 171436.966 INFO             PET0 !!!     THIS MAY CAUSE SLOWDOWN IN PERFORMANCE     !!!
20220317 171436.966 INFO             PET0 !!! FOR PRODUCTION RUNS, USE:                      !!!
20220317 171436.966 INFO             PET0 !!!                   ESMF_LOGKIND_Multi_On_Error  !!!
20220317 171436.966 INFO             PET0 !!!!!!!!!!!!!!!!!!!!!!!!!!!!!!!!!!!!!!!!!!!!!!!!!!!!!!
20220317 171436.966 INFO             PET0 Running with ESMF Version   : v8.3.0b09-102-gabaf3ef548
20220317 171436.966 INFO             PET0 ESMF library build date/time: "Mar 17 2022" "16:43:48"
20220317 171436.966 INFO             PET0 ESMF library build location : /glade/scratch/rlong/esmf-testing/gfortran_10.1.0_openmpi_O_jedwards_pio_update2
20220317 171436.966 INFO             PET0 ESMF_COMM                   : openmpi
20220317 171436.966 INFO             PET0 ESMF_MOAB                   : enabled
20220317 171436.966 INFO             PET0 ESMF_LAPACK                 : enabled
20220317 171436.966 INFO             PET0 ESMF_NETCDF                 : enabled
20220317 171436.966 INFO             PET0 ESMF_PNETCDF                : disabled
20220317 171436.966 INFO             PET0 ESMF_PIO                    : enabled
20220317 171436.966 INFO             PET0 ESMF_YAMLCPP                : enabled
20220317 171436.967 INFO             PET0  NUMBER_OF_PROCESSORS           1
20220317 171436.967 INFO             PET0  PASS  Example CalendarEx, ESMF_CalendarEx.F90, line 217
20220317 171436.967 INFO             PET0 Finalizing ESMF
