build time -- 2022-03-17 06:05:31.069919
20220317 063701.337 INFO             PET0 !!!!!!!!!!!!!!!!!!!!!!!!!!!!!!!!!!!!!!!!!!!!!!!!!!!!!!
20220317 063701.337 INFO             PET0 !!! THE ESMF_LOG IS SET TO OUTPUT ALL LOG MESSAGES !!!
20220317 063701.337 INFO             PET0 !!!     THIS MAY CAUSE SLOWDOWN IN PERFORMANCE     !!!
20220317 063701.337 INFO             PET0 !!! FOR PRODUCTION RUNS, USE:                      !!!
20220317 063701.337 INFO             PET0 !!!                   ESMF_LOGKIND_Multi_On_Error  !!!
20220317 063701.337 INFO             PET0 !!!!!!!!!!!!!!!!!!!!!!!!!!!!!!!!!!!!!!!!!!!!!!!!!!!!!!
20220317 063701.337 INFO             PET0 Running with ESMF Version   : v8.3.0b09-100-g5ff85a963f
20220317 063701.337 INFO             PET0 ESMF library build date/time: "Mar 17 2022" "06:03:30"
20220317 063701.337 INFO             PET0 ESMF library build location : /glade/scratch/rlong/esmf-testing/gfortran_10.1.0_openmpi_O_jedwards_pio_update2
20220317 063701.337 INFO             PET0 ESMF_COMM                   : openmpi
20220317 063701.337 INFO             PET0 ESMF_MOAB                   : enabled
20220317 063701.337 INFO             PET0 ESMF_LAPACK                 : enabled
20220317 063701.337 INFO             PET0 ESMF_NETCDF                 : enabled
20220317 063701.337 INFO             PET0 ESMF_PNETCDF                : disabled
20220317 063701.337 INFO             PET0 ESMF_PIO                    : enabled
20220317 063701.337 INFO             PET0 ESMF_YAMLCPP                : enabled
20220317 063701.377 DEBUG            PET0 about to destroy Grid: 0xc88430
20220317 063701.381 DEBUG            PET0 about to destroy Grid: 0xc89c50
20220317 063701.392 INFO             PET0  NUMBER_OF_PROCESSORS           4
20220317 063701.392 INFO             PET0  PASS  Example ESMF_NUOPCAtmModelEx, ESMF_NUOPCAtmModelEx.F90, line 806
20220317 063701.392 INFO             PET0 Finalizing ESMF
20220317 063701.338 INFO             PET1 !!!!!!!!!!!!!!!!!!!!!!!!!!!!!!!!!!!!!!!!!!!!!!!!!!!!!!
20220317 063701.338 INFO             PET1 !!! THE ESMF_LOG IS SET TO OUTPUT ALL LOG MESSAGES !!!
20220317 063701.338 INFO             PET1 !!!     THIS MAY CAUSE SLOWDOWN IN PERFORMANCE     !!!
20220317 063701.338 INFO             PET1 !!! FOR PRODUCTION RUNS, USE:                      !!!
20220317 063701.338 INFO             PET1 !!!                   ESMF_LOGKIND_Multi_On_Error  !!!
20220317 063701.338 INFO             PET1 !!!!!!!!!!!!!!!!!!!!!!!!!!!!!!!!!!!!!!!!!!!!!!!!!!!!!!
20220317 063701.338 INFO             PET1 Running with ESMF Version   : v8.3.0b09-100-g5ff85a963f
20220317 063701.338 INFO             PET1 ESMF library build date/time: "Mar 17 2022" "06:03:30"
20220317 063701.338 INFO             PET1 ESMF library build location : /glade/scratch/rlong/esmf-testing/gfortran_10.1.0_openmpi_O_jedwards_pio_update2
20220317 063701.338 INFO             PET1 ESMF_COMM                   : openmpi
20220317 063701.338 INFO             PET1 ESMF_MOAB                   : enabled
20220317 063701.338 INFO             PET1 ESMF_LAPACK                 : enabled
20220317 063701.338 INFO             PET1 ESMF_NETCDF                 : enabled
20220317 063701.338 INFO             PET1 ESMF_PNETCDF                : disabled
20220317 063701.338 INFO             PET1 ESMF_PIO                    : enabled
20220317 063701.338 INFO             PET1 ESMF_YAMLCPP                : enabled
20220317 063701.377 DEBUG            PET1 about to destroy Grid: 0xb6bd00
20220317 063701.381 DEBUG            PET1 about to destroy Grid: 0xb6d250
20220317 063701.392 INFO             PET1  NUMBER_OF_PROCESSORS           4
20220317 063701.393 INFO             PET1  PASS  Example ESMF_NUOPCAtmModelEx, ESMF_NUOPCAtmModelEx.F90, line 806
20220317 063701.393 INFO             PET1 Finalizing ESMF
20220317 063701.337 INFO             PET2 !!!!!!!!!!!!!!!!!!!!!!!!!!!!!!!!!!!!!!!!!!!!!!!!!!!!!!
20220317 063701.337 INFO             PET2 !!! THE ESMF_LOG IS SET TO OUTPUT ALL LOG MESSAGES !!!
20220317 063701.337 INFO             PET2 !!!     THIS MAY CAUSE SLOWDOWN IN PERFORMANCE     !!!
20220317 063701.337 INFO             PET2 !!! FOR PRODUCTION RUNS, USE:                      !!!
20220317 063701.337 INFO             PET2 !!!                   ESMF_LOGKIND_Multi_On_Error  !!!
20220317 063701.337 INFO             PET2 !!!!!!!!!!!!!!!!!!!!!!!!!!!!!!!!!!!!!!!!!!!!!!!!!!!!!!
20220317 063701.337 INFO             PET2 Running with ESMF Version   : v8.3.0b09-100-g5ff85a963f
20220317 063701.337 INFO             PET2 ESMF library build date/time: "Mar 17 2022" "06:03:30"
20220317 063701.337 INFO             PET2 ESMF library build location : /glade/scratch/rlong/esmf-testing/gfortran_10.1.0_openmpi_O_jedwards_pio_update2
20220317 063701.337 INFO             PET2 ESMF_COMM                   : openmpi
20220317 063701.337 INFO             PET2 ESMF_MOAB                   : enabled
20220317 063701.337 INFO             PET2 ESMF_LAPACK                 : enabled
20220317 063701.337 INFO             PET2 ESMF_NETCDF                 : enabled
20220317 063701.337 INFO             PET2 ESMF_PNETCDF                : disabled
20220317 063701.337 INFO             PET2 ESMF_PIO                    : enabled
20220317 063701.337 INFO             PET2 ESMF_YAMLCPP                : enabled
20220317 063701.377 DEBUG            PET2 about to destroy Grid: 0xa51c60
20220317 063701.381 DEBUG            PET2 about to destroy Grid: 0xa53260
20220317 063701.392 INFO             PET2  NUMBER_OF_PROCESSORS           4
20220317 063701.392 INFO             PET2  PASS  Example ESMF_NUOPCAtmModelEx, ESMF_NUOPCAtmModelEx.F90, line 806
20220317 063701.392 INFO             PET2 Finalizing ESMF
20220317 063701.337 INFO             PET3 !!!!!!!!!!!!!!!!!!!!!!!!!!!!!!!!!!!!!!!!!!!!!!!!!!!!!!
20220317 063701.337 INFO             PET3 !!! THE ESMF_LOG IS SET TO OUTPUT ALL LOG MESSAGES !!!
20220317 063701.337 INFO             PET3 !!!     THIS MAY CAUSE SLOWDOWN IN PERFORMANCE     !!!
20220317 063701.337 INFO             PET3 !!! FOR PRODUCTION RUNS, USE:                      !!!
20220317 063701.337 INFO             PET3 !!!                   ESMF_LOGKIND_Multi_On_Error  !!!
20220317 063701.337 INFO             PET3 !!!!!!!!!!!!!!!!!!!!!!!!!!!!!!!!!!!!!!!!!!!!!!!!!!!!!!
20220317 063701.337 INFO             PET3 Running with ESMF Version   : v8.3.0b09-100-g5ff85a963f
20220317 063701.337 INFO             PET3 ESMF library build date/time: "Mar 17 2022" "06:03:30"
20220317 063701.337 INFO             PET3 ESMF library build location : /glade/scratch/rlong/esmf-testing/gfortran_10.1.0_openmpi_O_jedwards_pio_update2
20220317 063701.337 INFO             PET3 ESMF_COMM                   : openmpi
20220317 063701.337 INFO             PET3 ESMF_MOAB                   : enabled
20220317 063701.337 INFO             PET3 ESMF_LAPACK                 : enabled
20220317 063701.337 INFO             PET3 ESMF_NETCDF                 : enabled
20220317 063701.337 INFO             PET3 ESMF_PNETCDF                : disabled
20220317 063701.337 INFO             PET3 ESMF_PIO                    : enabled
20220317 063701.337 INFO             PET3 ESMF_YAMLCPP                : enabled
20220317 063701.377 DEBUG            PET3 about to destroy Grid: 0x10f3130
20220317 063701.381 DEBUG            PET3 about to destroy Grid: 0x10f4e90
20220317 063701.393 INFO             PET3  NUMBER_OF_PROCESSORS           4
20220317 063701.393 INFO             PET3  PASS  Example ESMF_NUOPCAtmModelEx, ESMF_NUOPCAtmModelEx.F90, line 806
20220317 063701.393 INFO             PET3 Finalizing ESMF
