build time -- 2022-03-20 03:04:52
20220320 033413.665 INFO             PET0 !!!!!!!!!!!!!!!!!!!!!!!!!!!!!!!!!!!!!!!!!!!!!!!!!!!!!!
20220320 033413.665 INFO             PET0 !!! THE ESMF_LOG IS SET TO OUTPUT ALL LOG MESSAGES !!!
20220320 033413.665 INFO             PET0 !!!     THIS MAY CAUSE SLOWDOWN IN PERFORMANCE     !!!
20220320 033413.665 INFO             PET0 !!! FOR PRODUCTION RUNS, USE:                      !!!
20220320 033413.665 INFO             PET0 !!!                   ESMF_LOGKIND_Multi_On_Error  !!!
20220320 033413.665 INFO             PET0 !!!!!!!!!!!!!!!!!!!!!!!!!!!!!!!!!!!!!!!!!!!!!!!!!!!!!!
20220320 033413.665 INFO             PET0 Running with ESMF Version   : v8.3.0b09-102-gabaf3ef
20220320 033413.665 INFO             PET0 ESMF library build date/time: "Mar 20 2022" "03:02:35"
20220320 033413.665 INFO             PET0 ESMF library build location : /work/noaa/da/mpotts/sandbox/gfortran_8.3.0_openmpi_O_jedwards_pio_update2
20220320 033413.665 INFO             PET0 ESMF_COMM                   : openmpi
20220320 033413.666 INFO             PET0 ESMF_MOAB                   : enabled
20220320 033413.666 INFO             PET0 ESMF_LAPACK                 : enabled
20220320 033413.666 INFO             PET0 ESMF_NETCDF                 : enabled
20220320 033413.666 INFO             PET0 ESMF_PNETCDF                : disabled
20220320 033413.666 INFO             PET0 ESMF_PIO                    : enabled
20220320 033413.666 INFO             PET0 ESMF_YAMLCPP                : enabled
20220320 033413.666 INFO             PET0  NUMBER_OF_PROCESSORS           1
20220320 033413.666 INFO             PET0  PASS  Example ESMF_TimeIntervalEx, ESMF_TimeIntervalEx.F90, line 176
20220320 033413.666 INFO             PET0 Finalizing ESMF
