build time -- 2022-03-08 02:40:47
20220308 031827.041 INFO             PET0 !!!!!!!!!!!!!!!!!!!!!!!!!!!!!!!!!!!!!!!!!!!!!!!!!!!!!!
20220308 031827.041 INFO             PET0 !!! THE ESMF_LOG IS SET TO OUTPUT ALL LOG MESSAGES !!!
20220308 031827.041 INFO             PET0 !!!     THIS MAY CAUSE SLOWDOWN IN PERFORMANCE     !!!
20220308 031827.041 INFO             PET0 !!! FOR PRODUCTION RUNS, USE:                      !!!
20220308 031827.041 INFO             PET0 !!!                   ESMF_LOGKIND_Multi_On_Error  !!!
20220308 031827.041 INFO             PET0 !!!!!!!!!!!!!!!!!!!!!!!!!!!!!!!!!!!!!!!!!!!!!!!!!!!!!!
20220308 031827.041 INFO             PET0 Running with ESMF Version   : v8.3.0b08-93-g7b74714
20220308 031827.041 INFO             PET0 ESMF library build date/time: "Mar  8 2022" "02:39:38"
20220308 031827.041 INFO             PET0 ESMF library build location : /work/noaa/da/mpotts/sandbox/gfortran_8.3.0_openmpi_O_jedwards_pio_update2
20220308 031827.041 INFO             PET0 ESMF_COMM                   : openmpi
20220308 031827.041 INFO             PET0 ESMF_MOAB                   : enabled
20220308 031827.041 INFO             PET0 ESMF_LAPACK                 : enabled
20220308 031827.041 INFO             PET0 ESMF_NETCDF                 : enabled
20220308 031827.041 INFO             PET0 ESMF_PNETCDF                : disabled
20220308 031827.041 INFO             PET0 ESMF_PIO                    : enabled
20220308 031827.041 INFO             PET0 ESMF_YAMLCPP                : enabled
20220308 031827.045 INFO             PET0  NUMBER_OF_PROCESSORS           4
20220308 031827.045 INFO             PET0  PASS  Example ESMF_FieldSMMEx, ESMF_FieldSMMEx.F90, line 419
20220308 031827.045 INFO             PET0 Finalizing ESMF
20220308 031827.045 INFO             PET0 ESMCI_IO_Handler.C:331 ESMCI::IO_Handler::finalize() 
20220308 031827.045 INFO             PET0 ESMCI_PIO_Handler.C:361 ESMCI::PIO_Handler::finalize() 
20220308 031827.045 INFO             PET0 ESMCI_IO_Handler.C:333 ESMCI::IO_Handler::finalize() after finalize, localrc = 0
20220308 031827.046 INFO             PET0 ESMCI_IO_Handler.C:356 ESMCI::IO_Handler::finalize() before return, localrc = 0
20220308 031827.041 INFO             PET1 !!!!!!!!!!!!!!!!!!!!!!!!!!!!!!!!!!!!!!!!!!!!!!!!!!!!!!
20220308 031827.041 INFO             PET1 !!! THE ESMF_LOG IS SET TO OUTPUT ALL LOG MESSAGES !!!
20220308 031827.041 INFO             PET1 !!!     THIS MAY CAUSE SLOWDOWN IN PERFORMANCE     !!!
20220308 031827.041 INFO             PET1 !!! FOR PRODUCTION RUNS, USE:                      !!!
20220308 031827.041 INFO             PET1 !!!                   ESMF_LOGKIND_Multi_On_Error  !!!
20220308 031827.041 INFO             PET1 !!!!!!!!!!!!!!!!!!!!!!!!!!!!!!!!!!!!!!!!!!!!!!!!!!!!!!
20220308 031827.041 INFO             PET1 Running with ESMF Version   : v8.3.0b08-93-g7b74714
20220308 031827.041 INFO             PET1 ESMF library build date/time: "Mar  8 2022" "02:39:38"
20220308 031827.041 INFO             PET1 ESMF library build location : /work/noaa/da/mpotts/sandbox/gfortran_8.3.0_openmpi_O_jedwards_pio_update2
20220308 031827.041 INFO             PET1 ESMF_COMM                   : openmpi
20220308 031827.042 INFO             PET1 ESMF_MOAB                   : enabled
20220308 031827.042 INFO             PET1 ESMF_LAPACK                 : enabled
20220308 031827.042 INFO             PET1 ESMF_NETCDF                 : enabled
20220308 031827.042 INFO             PET1 ESMF_PNETCDF                : disabled
20220308 031827.042 INFO             PET1 ESMF_PIO                    : enabled
20220308 031827.042 INFO             PET1 ESMF_YAMLCPP                : enabled
20220308 031827.045 INFO             PET1  NUMBER_OF_PROCESSORS           4
20220308 031827.045 INFO             PET1  PASS  Example ESMF_FieldSMMEx, ESMF_FieldSMMEx.F90, line 419
20220308 031827.045 INFO             PET1 Finalizing ESMF
20220308 031827.045 INFO             PET1 ESMCI_IO_Handler.C:331 ESMCI::IO_Handler::finalize() 
20220308 031827.045 INFO             PET1 ESMCI_PIO_Handler.C:361 ESMCI::PIO_Handler::finalize() 
20220308 031827.046 INFO             PET1 ESMCI_IO_Handler.C:333 ESMCI::IO_Handler::finalize() after finalize, localrc = 0
20220308 031827.046 INFO             PET1 ESMCI_IO_Handler.C:356 ESMCI::IO_Handler::finalize() before return, localrc = 0
20220308 031827.041 INFO             PET2 !!!!!!!!!!!!!!!!!!!!!!!!!!!!!!!!!!!!!!!!!!!!!!!!!!!!!!
20220308 031827.041 INFO             PET2 !!! THE ESMF_LOG IS SET TO OUTPUT ALL LOG MESSAGES !!!
20220308 031827.041 INFO             PET2 !!!     THIS MAY CAUSE SLOWDOWN IN PERFORMANCE     !!!
20220308 031827.041 INFO             PET2 !!! FOR PRODUCTION RUNS, USE:                      !!!
20220308 031827.041 INFO             PET2 !!!                   ESMF_LOGKIND_Multi_On_Error  !!!
20220308 031827.041 INFO             PET2 !!!!!!!!!!!!!!!!!!!!!!!!!!!!!!!!!!!!!!!!!!!!!!!!!!!!!!
20220308 031827.041 INFO             PET2 Running with ESMF Version   : v8.3.0b08-93-g7b74714
20220308 031827.041 INFO             PET2 ESMF library build date/time: "Mar  8 2022" "02:39:38"
20220308 031827.041 INFO             PET2 ESMF library build location : /work/noaa/da/mpotts/sandbox/gfortran_8.3.0_openmpi_O_jedwards_pio_update2
20220308 031827.041 INFO             PET2 ESMF_COMM                   : openmpi
20220308 031827.041 INFO             PET2 ESMF_MOAB                   : enabled
20220308 031827.041 INFO             PET2 ESMF_LAPACK                 : enabled
20220308 031827.041 INFO             PET2 ESMF_NETCDF                 : enabled
20220308 031827.041 INFO             PET2 ESMF_PNETCDF                : disabled
20220308 031827.041 INFO             PET2 ESMF_PIO                    : enabled
20220308 031827.041 INFO             PET2 ESMF_YAMLCPP                : enabled
20220308 031827.045 INFO             PET2  NUMBER_OF_PROCESSORS           4
20220308 031827.045 INFO             PET2  PASS  Example ESMF_FieldSMMEx, ESMF_FieldSMMEx.F90, line 419
20220308 031827.045 INFO             PET2 Finalizing ESMF
20220308 031827.045 INFO             PET2 ESMCI_IO_Handler.C:331 ESMCI::IO_Handler::finalize() 
20220308 031827.045 INFO             PET2 ESMCI_PIO_Handler.C:361 ESMCI::PIO_Handler::finalize() 
20220308 031827.046 INFO             PET2 ESMCI_IO_Handler.C:333 ESMCI::IO_Handler::finalize() after finalize, localrc = 0
20220308 031827.046 INFO             PET2 ESMCI_IO_Handler.C:356 ESMCI::IO_Handler::finalize() before return, localrc = 0
20220308 031827.041 INFO             PET3 !!!!!!!!!!!!!!!!!!!!!!!!!!!!!!!!!!!!!!!!!!!!!!!!!!!!!!
20220308 031827.041 INFO             PET3 !!! THE ESMF_LOG IS SET TO OUTPUT ALL LOG MESSAGES !!!
20220308 031827.041 INFO             PET3 !!!     THIS MAY CAUSE SLOWDOWN IN PERFORMANCE     !!!
20220308 031827.041 INFO             PET3 !!! FOR PRODUCTION RUNS, USE:                      !!!
20220308 031827.041 INFO             PET3 !!!                   ESMF_LOGKIND_Multi_On_Error  !!!
20220308 031827.041 INFO             PET3 !!!!!!!!!!!!!!!!!!!!!!!!!!!!!!!!!!!!!!!!!!!!!!!!!!!!!!
20220308 031827.041 INFO             PET3 Running with ESMF Version   : v8.3.0b08-93-g7b74714
20220308 031827.041 INFO             PET3 ESMF library build date/time: "Mar  8 2022" "02:39:38"
20220308 031827.041 INFO             PET3 ESMF library build location : /work/noaa/da/mpotts/sandbox/gfortran_8.3.0_openmpi_O_jedwards_pio_update2
20220308 031827.041 INFO             PET3 ESMF_COMM                   : openmpi
20220308 031827.042 INFO             PET3 ESMF_MOAB                   : enabled
20220308 031827.042 INFO             PET3 ESMF_LAPACK                 : enabled
20220308 031827.042 INFO             PET3 ESMF_NETCDF                 : enabled
20220308 031827.042 INFO             PET3 ESMF_PNETCDF                : disabled
20220308 031827.042 INFO             PET3 ESMF_PIO                    : enabled
20220308 031827.042 INFO             PET3 ESMF_YAMLCPP                : enabled
20220308 031827.045 INFO             PET3  NUMBER_OF_PROCESSORS           4
20220308 031827.045 INFO             PET3  PASS  Example ESMF_FieldSMMEx, ESMF_FieldSMMEx.F90, line 419
20220308 031827.045 INFO             PET3 Finalizing ESMF
20220308 031827.045 INFO             PET3 ESMCI_IO_Handler.C:331 ESMCI::IO_Handler::finalize() 
20220308 031827.045 INFO             PET3 ESMCI_PIO_Handler.C:361 ESMCI::PIO_Handler::finalize() 
20220308 031827.045 INFO             PET3 ESMCI_IO_Handler.C:333 ESMCI::IO_Handler::finalize() after finalize, localrc = 0
20220308 031827.045 INFO             PET3 ESMCI_IO_Handler.C:356 ESMCI::IO_Handler::finalize() before return, localrc = 0
