build time -- 2022-03-11 03:05:32
20220311 043010.332 INFO             PET0 !!!!!!!!!!!!!!!!!!!!!!!!!!!!!!!!!!!!!!!!!!!!!!!!!!!!!!
20220311 043010.332 INFO             PET0 !!! THE ESMF_LOG IS SET TO OUTPUT ALL LOG MESSAGES !!!
20220311 043010.332 INFO             PET0 !!!     THIS MAY CAUSE SLOWDOWN IN PERFORMANCE     !!!
20220311 043010.332 INFO             PET0 !!! FOR PRODUCTION RUNS, USE:                      !!!
20220311 043010.332 INFO             PET0 !!!                   ESMF_LOGKIND_Multi_On_Error  !!!
20220311 043010.332 INFO             PET0 !!!!!!!!!!!!!!!!!!!!!!!!!!!!!!!!!!!!!!!!!!!!!!!!!!!!!!
20220311 043010.332 INFO             PET0 Running with ESMF Version   : v8.3.0b09-94-gba2d53f
20220311 043010.332 INFO             PET0 ESMF library build date/time: "Mar 11 2022" "03:03:43"
20220311 043010.332 INFO             PET0 ESMF library build location : /work/noaa/da/mpotts/sandbox/gfortran_8.3.0_openmpi_O_jedwards_pio_update2
20220311 043010.332 INFO             PET0 ESMF_COMM                   : openmpi
20220311 043010.333 INFO             PET0 ESMF_MOAB                   : enabled
20220311 043010.333 INFO             PET0 ESMF_LAPACK                 : enabled
20220311 043010.333 INFO             PET0 ESMF_NETCDF                 : enabled
20220311 043010.333 INFO             PET0 ESMF_PNETCDF                : disabled
20220311 043010.333 INFO             PET0 ESMF_PIO                    : enabled
20220311 043010.333 INFO             PET0 ESMF_YAMLCPP                : enabled
20220311 043010.333 INFO             PET0  NUMBER_OF_PROCESSORS           4
20220311 043010.333 INFO             PET0  PASS  Example ESMF_VMUserMpiCommMultiEx, ESMF_VMUserMpiCommMultiEx.F90, line 126
20220311 043010.333 INFO             PET0 Finalizing ESMF
20220311 043010.333 INFO             PET0 ESMCI_IO_Handler.C:331 ESMCI::IO_Handler::finalize() 
20220311 043010.333 INFO             PET0 ESMCI_PIO_Handler.C:361 ESMCI::PIO_Handler::finalize() 
20220311 043010.333 INFO             PET0 ESMCI_IO_Handler.C:333 ESMCI::IO_Handler::finalize() after finalize, localrc = 0
20220311 043010.333 INFO             PET0 ESMCI_IO_Handler.C:356 ESMCI::IO_Handler::finalize() before return, localrc = 0
20220311 043010.332 INFO             PET0 !!!!!!!!!!!!!!!!!!!!!!!!!!!!!!!!!!!!!!!!!!!!!!!!!!!!!!
20220311 043010.332 INFO             PET0 !!! THE ESMF_LOG IS SET TO OUTPUT ALL LOG MESSAGES !!!
20220311 043010.332 INFO             PET0 !!!     THIS MAY CAUSE SLOWDOWN IN PERFORMANCE     !!!
20220311 043010.332 INFO             PET0 !!! FOR PRODUCTION RUNS, USE:                      !!!
20220311 043010.332 INFO             PET0 !!!                   ESMF_LOGKIND_Multi_On_Error  !!!
20220311 043010.332 INFO             PET0 !!!!!!!!!!!!!!!!!!!!!!!!!!!!!!!!!!!!!!!!!!!!!!!!!!!!!!
20220311 043010.332 INFO             PET0 Running with ESMF Version   : v8.3.0b09-94-gba2d53f
20220311 043010.332 INFO             PET0 ESMF library build date/time: "Mar 11 2022" "03:03:43"
20220311 043010.332 INFO             PET0 ESMF library build location : /work/noaa/da/mpotts/sandbox/gfortran_8.3.0_openmpi_O_jedwards_pio_update2
20220311 043010.332 INFO             PET0 ESMF_COMM                   : openmpi
20220311 043010.332 INFO             PET0 ESMF_MOAB                   : enabled
20220311 043010.332 INFO             PET0 ESMF_LAPACK                 : enabled
20220311 043010.332 INFO             PET0 ESMF_NETCDF                 : enabled
20220311 043010.332 INFO             PET0 ESMF_PNETCDF                : disabled
20220311 043010.332 INFO             PET0 ESMF_PIO                    : enabled
20220311 043010.332 INFO             PET0 ESMF_YAMLCPP                : enabled
20220311 043010.333 INFO             PET0  NUMBER_OF_PROCESSORS           4
20220311 043010.333 INFO             PET0  PASS  Example ESMF_VMUserMpiCommMultiEx, ESMF_VMUserMpiCommMultiEx.F90, line 154
20220311 043010.333 INFO             PET0 Finalizing ESMF
20220311 043010.333 INFO             PET0 ESMCI_IO_Handler.C:331 ESMCI::IO_Handler::finalize() 
20220311 043010.333 INFO             PET0 ESMCI_PIO_Handler.C:361 ESMCI::PIO_Handler::finalize() 
20220311 043010.333 INFO             PET0 ESMCI_IO_Handler.C:333 ESMCI::IO_Handler::finalize() after finalize, localrc = 0
20220311 043010.333 INFO             PET0 ESMCI_IO_Handler.C:356 ESMCI::IO_Handler::finalize() before return, localrc = 0
20220311 043010.332 INFO             PET1 !!!!!!!!!!!!!!!!!!!!!!!!!!!!!!!!!!!!!!!!!!!!!!!!!!!!!!
20220311 043010.332 INFO             PET1 !!! THE ESMF_LOG IS SET TO OUTPUT ALL LOG MESSAGES !!!
20220311 043010.332 INFO             PET1 !!!     THIS MAY CAUSE SLOWDOWN IN PERFORMANCE     !!!
20220311 043010.332 INFO             PET1 !!! FOR PRODUCTION RUNS, USE:                      !!!
20220311 043010.332 INFO             PET1 !!!                   ESMF_LOGKIND_Multi_On_Error  !!!
20220311 043010.332 INFO             PET1 !!!!!!!!!!!!!!!!!!!!!!!!!!!!!!!!!!!!!!!!!!!!!!!!!!!!!!
20220311 043010.332 INFO             PET1 Running with ESMF Version   : v8.3.0b09-94-gba2d53f
20220311 043010.332 INFO             PET1 ESMF library build date/time: "Mar 11 2022" "03:03:43"
20220311 043010.332 INFO             PET1 ESMF library build location : /work/noaa/da/mpotts/sandbox/gfortran_8.3.0_openmpi_O_jedwards_pio_update2
20220311 043010.332 INFO             PET1 ESMF_COMM                   : openmpi
20220311 043010.333 INFO             PET1 ESMF_MOAB                   : enabled
20220311 043010.333 INFO             PET1 ESMF_LAPACK                 : enabled
20220311 043010.333 INFO             PET1 ESMF_NETCDF                 : enabled
20220311 043010.333 INFO             PET1 ESMF_PNETCDF                : disabled
20220311 043010.333 INFO             PET1 ESMF_PIO                    : enabled
20220311 043010.333 INFO             PET1 ESMF_YAMLCPP                : enabled
20220311 043010.333 INFO             PET1  NUMBER_OF_PROCESSORS           4
20220311 043010.333 INFO             PET1  PASS  Example ESMF_VMUserMpiCommMultiEx, ESMF_VMUserMpiCommMultiEx.F90, line 126
20220311 043010.333 INFO             PET1 Finalizing ESMF
20220311 043010.333 INFO             PET1 ESMCI_IO_Handler.C:331 ESMCI::IO_Handler::finalize() 
20220311 043010.333 INFO             PET1 ESMCI_PIO_Handler.C:361 ESMCI::PIO_Handler::finalize() 
20220311 043010.333 INFO             PET1 ESMCI_IO_Handler.C:333 ESMCI::IO_Handler::finalize() after finalize, localrc = 0
20220311 043010.333 INFO             PET1 ESMCI_IO_Handler.C:356 ESMCI::IO_Handler::finalize() before return, localrc = 0
20220311 043010.332 INFO             PET1 !!!!!!!!!!!!!!!!!!!!!!!!!!!!!!!!!!!!!!!!!!!!!!!!!!!!!!
20220311 043010.332 INFO             PET1 !!! THE ESMF_LOG IS SET TO OUTPUT ALL LOG MESSAGES !!!
20220311 043010.332 INFO             PET1 !!!     THIS MAY CAUSE SLOWDOWN IN PERFORMANCE     !!!
20220311 043010.332 INFO             PET1 !!! FOR PRODUCTION RUNS, USE:                      !!!
20220311 043010.332 INFO             PET1 !!!                   ESMF_LOGKIND_Multi_On_Error  !!!
20220311 043010.332 INFO             PET1 !!!!!!!!!!!!!!!!!!!!!!!!!!!!!!!!!!!!!!!!!!!!!!!!!!!!!!
20220311 043010.332 INFO             PET1 Running with ESMF Version   : v8.3.0b09-94-gba2d53f
20220311 043010.332 INFO             PET1 ESMF library build date/time: "Mar 11 2022" "03:03:43"
20220311 043010.332 INFO             PET1 ESMF library build location : /work/noaa/da/mpotts/sandbox/gfortran_8.3.0_openmpi_O_jedwards_pio_update2
20220311 043010.332 INFO             PET1 ESMF_COMM                   : openmpi
20220311 043010.333 INFO             PET1 ESMF_MOAB                   : enabled
20220311 043010.333 INFO             PET1 ESMF_LAPACK                 : enabled
20220311 043010.333 INFO             PET1 ESMF_NETCDF                 : enabled
20220311 043010.333 INFO             PET1 ESMF_PNETCDF                : disabled
20220311 043010.333 INFO             PET1 ESMF_PIO                    : enabled
20220311 043010.333 INFO             PET1 ESMF_YAMLCPP                : enabled
20220311 043010.333 INFO             PET1  NUMBER_OF_PROCESSORS           4
20220311 043010.333 INFO             PET1  PASS  Example ESMF_VMUserMpiCommMultiEx, ESMF_VMUserMpiCommMultiEx.F90, line 154
20220311 043010.333 INFO             PET1 Finalizing ESMF
20220311 043010.333 INFO             PET1 ESMCI_IO_Handler.C:331 ESMCI::IO_Handler::finalize() 
20220311 043010.333 INFO             PET1 ESMCI_PIO_Handler.C:361 ESMCI::PIO_Handler::finalize() 
20220311 043010.333 INFO             PET1 ESMCI_IO_Handler.C:333 ESMCI::IO_Handler::finalize() after finalize, localrc = 0
20220311 043010.333 INFO             PET1 ESMCI_IO_Handler.C:356 ESMCI::IO_Handler::finalize() before return, localrc = 0
