build time -- 2022-03-25 02:11:34.756683
20220325 031243.260 INFO             PET0 !!!!!!!!!!!!!!!!!!!!!!!!!!!!!!!!!!!!!!!!!!!!!!!!!!!!!!
20220325 031243.261 INFO             PET0 !!! THE ESMF_LOG IS SET TO OUTPUT ALL LOG MESSAGES !!!
20220325 031243.261 INFO             PET0 !!!     THIS MAY CAUSE SLOWDOWN IN PERFORMANCE     !!!
20220325 031243.261 INFO             PET0 !!! FOR PRODUCTION RUNS, USE:                      !!!
20220325 031243.261 INFO             PET0 !!!                   ESMF_LOGKIND_Multi_On_Error  !!!
20220325 031243.261 INFO             PET0 !!!!!!!!!!!!!!!!!!!!!!!!!!!!!!!!!!!!!!!!!!!!!!!!!!!!!!
20220325 031243.261 INFO             PET0 Running with ESMF Version   : v8.3.0b09-103-gbb860f29f6
20220325 031243.292 INFO             PET0 ESMF library build date/time: "Mar 25 2022" "02:07:28"
20220325 031243.300 INFO             PET0 ESMF library build location : /gpfsm/dnb04/projects/p98/mpotts/esmf/pgi_20.4_mpiuni_g_jedwards_pio_update2
20220325 031243.300 INFO             PET0 ESMF_COMM                   : mpiuni
20220325 031243.306 INFO             PET0 ESMF_MOAB                   : enabled
20220325 031243.306 INFO             PET0 ESMF_LAPACK                 : enabled
20220325 031243.306 INFO             PET0 ESMF_NETCDF                 : disabled
20220325 031243.306 INFO             PET0 ESMF_PNETCDF                : disabled
20220325 031243.306 INFO             PET0 ESMF_PIO                    : disabled
20220325 031243.306 INFO             PET0 ESMF_YAMLCPP                : enabled
20220325 031243.365 INFO             PET0 Log Write 2
20220325 031243.419 ERROR            PET0 Invalid object  - Convergence failure
20220325 031243.426 ERROR            PET0 ESMCI_Fraction.C:1444 ESMCI::Fraction::validate() must have non-zero denominator.
20220325 031243.426 ERROR            PET0 ESMCI_Time.C:838 ESMCI::Time::syncToRealTime() Wrong argument specified  - ; calkindflag is JULIANDAY, MODJULIANDAY or NOCALENDAR.
20220325 031243.426 ERROR            PET0 ESMF_Time.F90:1485 ESMF_TimeSyncToRealTime() Wrong argument specified  - Internal subroutine call returned Error
20220325 031243.426 ERROR            PET0 Wrong argument specified  - getting wall clock time
20220325 031243.426 INFO             PET0  NUMBER_OF_PROCESSORS            1
20220325 031243.426 INFO             PET0  PASS  Example ESMF_LogErrEx, ESMF_LogErrEx.F90, line 186
20220325 031243.426 INFO             PET0 Finalizing ESMF
