build time -- 2022-03-10 01:13:26.009015
20220310 014813.399 INFO             PET0 !!!!!!!!!!!!!!!!!!!!!!!!!!!!!!!!!!!!!!!!!!!!!!!!!!!!!!
20220310 014813.399 INFO             PET0 !!! THE ESMF_LOG IS SET TO OUTPUT ALL LOG MESSAGES !!!
20220310 014813.399 INFO             PET0 !!!     THIS MAY CAUSE SLOWDOWN IN PERFORMANCE     !!!
20220310 014813.399 INFO             PET0 !!! FOR PRODUCTION RUNS, USE:                      !!!
20220310 014813.399 INFO             PET0 !!!                   ESMF_LOGKIND_Multi_On_Error  !!!
20220310 014813.399 INFO             PET0 !!!!!!!!!!!!!!!!!!!!!!!!!!!!!!!!!!!!!!!!!!!!!!!!!!!!!!
20220310 014813.399 INFO             PET0 Running with ESMF Version   : v8.3.0b09
20220310 014813.399 INFO             PET0 ESMF library build date/time: "Mar 10 2022" "01:11:11"
20220310 014813.399 INFO             PET0 ESMF library build location : /gpfsm/dnb04/projects/p98/mpotts/esmf/intel_2020_intelmpi_O_develop
20220310 014813.399 INFO             PET0 ESMF_COMM                   : intelmpi
20220310 014813.400 INFO             PET0 ESMF_MOAB                   : enabled
20220310 014813.400 INFO             PET0 ESMF_LAPACK                 : enabled
20220310 014813.400 INFO             PET0 ESMF_NETCDF                 : enabled
20220310 014813.400 INFO             PET0 ESMF_PNETCDF                : disabled
20220310 014813.400 INFO             PET0 ESMF_PIO                    : enabled
20220310 014813.400 INFO             PET0 ESMF_YAMLCPP                : enabled
20220310 014813.442 DEBUG            PET0 about to destroy Grid: 0xaefae0
20220310 014813.446 DEBUG            PET0 about to destroy Grid: 0xaf2320
20220310 014813.456 INFO             PET0  NUMBER_OF_PROCESSORS           4
20220310 014813.456 INFO             PET0  PASS  Example ESMF_NUOPCAtmModelEx, ESMF_NUOPCAtmModelEx.F90, line 806
20220310 014813.457 INFO             PET0 Finalizing ESMF
20220310 014813.399 INFO             PET1 !!!!!!!!!!!!!!!!!!!!!!!!!!!!!!!!!!!!!!!!!!!!!!!!!!!!!!
20220310 014813.399 INFO             PET1 !!! THE ESMF_LOG IS SET TO OUTPUT ALL LOG MESSAGES !!!
20220310 014813.399 INFO             PET1 !!!     THIS MAY CAUSE SLOWDOWN IN PERFORMANCE     !!!
20220310 014813.399 INFO             PET1 !!! FOR PRODUCTION RUNS, USE:                      !!!
20220310 014813.399 INFO             PET1 !!!                   ESMF_LOGKIND_Multi_On_Error  !!!
20220310 014813.399 INFO             PET1 !!!!!!!!!!!!!!!!!!!!!!!!!!!!!!!!!!!!!!!!!!!!!!!!!!!!!!
20220310 014813.399 INFO             PET1 Running with ESMF Version   : v8.3.0b09
20220310 014813.399 INFO             PET1 ESMF library build date/time: "Mar 10 2022" "01:11:11"
20220310 014813.399 INFO             PET1 ESMF library build location : /gpfsm/dnb04/projects/p98/mpotts/esmf/intel_2020_intelmpi_O_develop
20220310 014813.399 INFO             PET1 ESMF_COMM                   : intelmpi
20220310 014813.400 INFO             PET1 ESMF_MOAB                   : enabled
20220310 014813.400 INFO             PET1 ESMF_LAPACK                 : enabled
20220310 014813.400 INFO             PET1 ESMF_NETCDF                 : enabled
20220310 014813.400 INFO             PET1 ESMF_PNETCDF                : disabled
20220310 014813.400 INFO             PET1 ESMF_PIO                    : enabled
20220310 014813.400 INFO             PET1 ESMF_YAMLCPP                : enabled
20220310 014813.442 DEBUG            PET1 about to destroy Grid: 0xaf0490
20220310 014813.446 DEBUG            PET1 about to destroy Grid: 0xaf15d0
20220310 014813.456 INFO             PET1  NUMBER_OF_PROCESSORS           4
20220310 014813.456 INFO             PET1  PASS  Example ESMF_NUOPCAtmModelEx, ESMF_NUOPCAtmModelEx.F90, line 806
20220310 014813.456 INFO             PET1 Finalizing ESMF
20220310 014813.396 INFO             PET2 !!!!!!!!!!!!!!!!!!!!!!!!!!!!!!!!!!!!!!!!!!!!!!!!!!!!!!
20220310 014813.396 INFO             PET2 !!! THE ESMF_LOG IS SET TO OUTPUT ALL LOG MESSAGES !!!
20220310 014813.396 INFO             PET2 !!!     THIS MAY CAUSE SLOWDOWN IN PERFORMANCE     !!!
20220310 014813.396 INFO             PET2 !!! FOR PRODUCTION RUNS, USE:                      !!!
20220310 014813.396 INFO             PET2 !!!                   ESMF_LOGKIND_Multi_On_Error  !!!
20220310 014813.396 INFO             PET2 !!!!!!!!!!!!!!!!!!!!!!!!!!!!!!!!!!!!!!!!!!!!!!!!!!!!!!
20220310 014813.396 INFO             PET2 Running with ESMF Version   : v8.3.0b09
20220310 014813.396 INFO             PET2 ESMF library build date/time: "Mar 10 2022" "01:11:11"
20220310 014813.396 INFO             PET2 ESMF library build location : /gpfsm/dnb04/projects/p98/mpotts/esmf/intel_2020_intelmpi_O_develop
20220310 014813.396 INFO             PET2 ESMF_COMM                   : intelmpi
20220310 014813.397 INFO             PET2 ESMF_MOAB                   : enabled
20220310 014813.397 INFO             PET2 ESMF_LAPACK                 : enabled
20220310 014813.397 INFO             PET2 ESMF_NETCDF                 : enabled
20220310 014813.397 INFO             PET2 ESMF_PNETCDF                : disabled
20220310 014813.397 INFO             PET2 ESMF_PIO                    : enabled
20220310 014813.397 INFO             PET2 ESMF_YAMLCPP                : enabled
20220310 014813.442 DEBUG            PET2 about to destroy Grid: 0xaf05b0
20220310 014813.446 DEBUG            PET2 about to destroy Grid: 0xaf16f0
20220310 014813.457 INFO             PET2  NUMBER_OF_PROCESSORS           4
20220310 014813.457 INFO             PET2  PASS  Example ESMF_NUOPCAtmModelEx, ESMF_NUOPCAtmModelEx.F90, line 806
20220310 014813.457 INFO             PET2 Finalizing ESMF
20220310 014813.396 INFO             PET3 !!!!!!!!!!!!!!!!!!!!!!!!!!!!!!!!!!!!!!!!!!!!!!!!!!!!!!
20220310 014813.396 INFO             PET3 !!! THE ESMF_LOG IS SET TO OUTPUT ALL LOG MESSAGES !!!
20220310 014813.396 INFO             PET3 !!!     THIS MAY CAUSE SLOWDOWN IN PERFORMANCE     !!!
20220310 014813.396 INFO             PET3 !!! FOR PRODUCTION RUNS, USE:                      !!!
20220310 014813.396 INFO             PET3 !!!                   ESMF_LOGKIND_Multi_On_Error  !!!
20220310 014813.396 INFO             PET3 !!!!!!!!!!!!!!!!!!!!!!!!!!!!!!!!!!!!!!!!!!!!!!!!!!!!!!
20220310 014813.396 INFO             PET3 Running with ESMF Version   : v8.3.0b09
20220310 014813.396 INFO             PET3 ESMF library build date/time: "Mar 10 2022" "01:11:11"
20220310 014813.396 INFO             PET3 ESMF library build location : /gpfsm/dnb04/projects/p98/mpotts/esmf/intel_2020_intelmpi_O_develop
20220310 014813.396 INFO             PET3 ESMF_COMM                   : intelmpi
20220310 014813.397 INFO             PET3 ESMF_MOAB                   : enabled
20220310 014813.397 INFO             PET3 ESMF_LAPACK                 : enabled
20220310 014813.397 INFO             PET3 ESMF_NETCDF                 : enabled
20220310 014813.397 INFO             PET3 ESMF_PNETCDF                : disabled
20220310 014813.397 INFO             PET3 ESMF_PIO                    : enabled
20220310 014813.397 INFO             PET3 ESMF_YAMLCPP                : enabled
20220310 014813.442 DEBUG            PET3 about to destroy Grid: 0xaf0570
20220310 014813.446 DEBUG            PET3 about to destroy Grid: 0xaf16b0
20220310 014813.457 INFO             PET3  NUMBER_OF_PROCESSORS           4
20220310 014813.457 INFO             PET3  PASS  Example ESMF_NUOPCAtmModelEx, ESMF_NUOPCAtmModelEx.F90, line 806
20220310 014813.457 INFO             PET3 Finalizing ESMF
