build time -- 2022-03-14 01:13:50.870506
20220314 014509.212 INFO             PET0 !!!!!!!!!!!!!!!!!!!!!!!!!!!!!!!!!!!!!!!!!!!!!!!!!!!!!!
20220314 014509.212 INFO             PET0 !!! THE ESMF_LOG IS SET TO OUTPUT ALL LOG MESSAGES !!!
20220314 014509.212 INFO             PET0 !!!     THIS MAY CAUSE SLOWDOWN IN PERFORMANCE     !!!
20220314 014509.212 INFO             PET0 !!! FOR PRODUCTION RUNS, USE:                      !!!
20220314 014509.212 INFO             PET0 !!!                   ESMF_LOGKIND_Multi_On_Error  !!!
20220314 014509.212 INFO             PET0 !!!!!!!!!!!!!!!!!!!!!!!!!!!!!!!!!!!!!!!!!!!!!!!!!!!!!!
20220314 014509.212 INFO             PET0 Running with ESMF Version   : v8.3.0b09
20220314 014509.212 INFO             PET0 ESMF library build date/time: "Mar 14 2022" "01:11:43"
20220314 014509.212 INFO             PET0 ESMF library build location : /gpfsm/dnb04/projects/p98/mpotts/esmf/intel_2020_intelmpi_O_develop
20220314 014509.212 INFO             PET0 ESMF_COMM                   : intelmpi
20220314 014509.213 INFO             PET0 ESMF_MOAB                   : enabled
20220314 014509.213 INFO             PET0 ESMF_LAPACK                 : enabled
20220314 014509.213 INFO             PET0 ESMF_NETCDF                 : enabled
20220314 014509.213 INFO             PET0 ESMF_PNETCDF                : disabled
20220314 014509.213 INFO             PET0 ESMF_PIO                    : enabled
20220314 014509.213 INFO             PET0 ESMF_YAMLCPP                : enabled
20220314 014509.214 INFO             PET0  NUMBER_OF_PROCESSORS           1
20220314 014509.214 INFO             PET0  PASS  Example ESMF_TimeEx, ESMF_TimeEx.F90, line 141
20220314 014509.214 INFO             PET0 Finalizing ESMF
