Sat Mar 12 08:12:32 UTC 2022
 
Installing ESMF:
 
mkdir -p /scratch1/NCEPDEV/stmp2/role.esmfmaint/gfortran_9.2.0_openmpi_g_develop/DEFAULTINSTALLDIR/include
cp -f /scratch1/NCEPDEV/stmp2/role.esmfmaint/gfortran_9.2.0_openmpi_g_develop/src/include/ESMC.h /scratch1/NCEPDEV/stmp2/role.esmfmaint/gfortran_9.2.0_openmpi_g_develop/DEFAULTINSTALLDIR/include
cp -f /scratch1/NCEPDEV/stmp2/role.esmfmaint/gfortran_9.2.0_openmpi_g_develop/src/include/ESMC_*.h /scratch1/NCEPDEV/stmp2/role.esmfmaint/gfortran_9.2.0_openmpi_g_develop/DEFAULTINSTALLDIR/include
cp -f /scratch1/NCEPDEV/stmp2/role.esmfmaint/gfortran_9.2.0_openmpi_g_develop/build_config/Linux.gfortran.default/ESMC_Conf.h /scratch1/NCEPDEV/stmp2/role.esmfmaint/gfortran_9.2.0_openmpi_g_develop/DEFAULTINSTALLDIR/include
mkdir -p /scratch1/NCEPDEV/stmp2/role.esmfmaint/gfortran_9.2.0_openmpi_g_develop/DEFAULTINSTALLDIR/mod/modg/Linux.gfortran.64.openmpi.default
cp -f /scratch1/NCEPDEV/stmp2/role.esmfmaint/gfortran_9.2.0_openmpi_g_develop/mod/modg/Linux.gfortran.64.openmpi.default/*.mod /scratch1/NCEPDEV/stmp2/role.esmfmaint/gfortran_9.2.0_openmpi_g_develop/DEFAULTINSTALLDIR/mod/modg/Linux.gfortran.64.openmpi.default
mkdir -p /scratch1/NCEPDEV/stmp2/role.esmfmaint/gfortran_9.2.0_openmpi_g_develop/DEFAULTINSTALLDIR/lib/libg/Linux.gfortran.64.openmpi.default
cp -f /scratch1/NCEPDEV/stmp2/role.esmfmaint/gfortran_9.2.0_openmpi_g_develop/lib/libg/Linux.gfortran.64.openmpi.default/libesmf*.* /scratch1/NCEPDEV/stmp2/role.esmfmaint/gfortran_9.2.0_openmpi_g_develop/DEFAULTINSTALLDIR/lib/libg/Linux.gfortran.64.openmpi.default
make ESMF_PRELOADDIR=/scratch1/NCEPDEV/stmp2/role.esmfmaint/gfortran_9.2.0_openmpi_g_develop/DEFAULTINSTALLDIR/lib/libg/Linux.gfortran.64.openmpi.default build_preload_script
make[1]: Entering directory `/scratch1/NCEPDEV/stmp2/role.esmfmaint/gfortran_9.2.0_openmpi_g_develop'
chmod 755 /scratch1/NCEPDEV/stmp2/role.esmfmaint/gfortran_9.2.0_openmpi_g_develop/DEFAULTINSTALLDIR/lib/libg/Linux.gfortran.64.openmpi.default/preload.sh
make[1]: Leaving directory `/scratch1/NCEPDEV/stmp2/role.esmfmaint/gfortran_9.2.0_openmpi_g_develop'
ranlib /scratch1/NCEPDEV/stmp2/role.esmfmaint/gfortran_9.2.0_openmpi_g_develop/DEFAULTINSTALLDIR/lib/libg/Linux.gfortran.64.openmpi.default/libesmf*.a
make install_apps
make[1]: Entering directory `/scratch1/NCEPDEV/stmp2/role.esmfmaint/gfortran_9.2.0_openmpi_g_develop'
mkdir -p /scratch1/NCEPDEV/stmp2/role.esmfmaint/gfortran_9.2.0_openmpi_g_develop/DEFAULTINSTALLDIR/bin/bing/Linux.gfortran.64.openmpi.default
make build_apps ESMF_APPSDIR=/scratch1/NCEPDEV/stmp2/role.esmfmaint/gfortran_9.2.0_openmpi_g_develop/DEFAULTINSTALLDIR/bin/bing/Linux.gfortran.64.openmpi.default ESMF_LDIR=/scratch1/NCEPDEV/stmp2/role.esmfmaint/gfortran_9.2.0_openmpi_g_develop/DEFAULTINSTALLDIR/lib/libg/Linux.gfortran.64.openmpi.default ESMF_LIBDIR=/scratch1/NCEPDEV/stmp2/role.esmfmaint/gfortran_9.2.0_openmpi_g_develop/DEFAULTINSTALLDIR/lib/libg/Linux.gfortran.64.openmpi.default ESMF_MODDIR=/scratch1/NCEPDEV/stmp2/role.esmfmaint/gfortran_9.2.0_openmpi_g_develop/DEFAULTINSTALLDIR/mod/modg/Linux.gfortran.64.openmpi.default
make[2]: Entering directory `/scratch1/NCEPDEV/stmp2/role.esmfmaint/gfortran_9.2.0_openmpi_g_develop'
cd /scratch1/NCEPDEV/stmp2/role.esmfmaint/gfortran_9.2.0_openmpi_g_develop/src/apps; make ACTION=tree_build_apps tree
make[3]: Entering directory `/scratch1/NCEPDEV/stmp2/role.esmfmaint/gfortran_9.2.0_openmpi_g_develop/src/apps'
tree_build_apps in: /scratch1/NCEPDEV/stmp2/role.esmfmaint/gfortran_9.2.0_openmpi_g_develop/src/apps/ESMF_PrintInfo
make[4]: Entering directory `/scratch1/NCEPDEV/stmp2/role.esmfmaint/gfortran_9.2.0_openmpi_g_develop/src/apps/ESMF_PrintInfo'
make chkdir_locobj
make[5]: Entering directory `/scratch1/NCEPDEV/stmp2/role.esmfmaint/gfortran_9.2.0_openmpi_g_develop/src/apps/ESMF_PrintInfo'
Making directory /scratch1/NCEPDEV/stmp2/role.esmfmaint/gfortran_9.2.0_openmpi_g_develop/obj/objg/Linux.gfortran.64.openmpi.default/src/apps/ESMF_PrintInfo for apps output
make[5]: Leaving directory `/scratch1/NCEPDEV/stmp2/role.esmfmaint/gfortran_9.2.0_openmpi_g_develop/src/apps/ESMF_PrintInfo'
mpifort -c -g -Wall -Wextra -Wconversion -Wno-unused -Wno-unused-dummy-argument -fbacktrace -fimplicit-none -fcheck=all,no-pointer -fPIC  -m64 -mcmodel=small -pthread -ffree-line-length-none  -fopenmp -I/scratch1/NCEPDEV/stmp2/role.esmfmaint/gfortran_9.2.0_openmpi_g_develop/src/apps/ESMF_PrintInfo -I/scratch1/NCEPDEV/stmp2/role.esmfmaint/gfortran_9.2.0_openmpi_g_develop/build_config/Linux.gfortran.default -I/scratch1/NCEPDEV/stmp2/role.esmfmaint/gfortran_9.2.0_openmpi_g_develop/src/Infrastructure -I/scratch1/NCEPDEV/stmp2/role.esmfmaint/gfortran_9.2.0_openmpi_g_develop/src/Superstructure -I/scratch1/NCEPDEV/stmp2/role.esmfmaint/gfortran_9.2.0_openmpi_g_develop/DEFAULTINSTALLDIR/mod/modg/Linux.gfortran.64.openmpi.default -I/scratch1/NCEPDEV/stmp2/role.esmfmaint/gfortran_9.2.0_openmpi_g_develop/src/include -I/apps/netcdf/4.7.2/gnu/gcc-9.2.0/include -I/apps/spack/linux-centos7-x86_64/gcc-9.2.0/netcdf-fortran-4.5.2-nbyhestkjlc2k7g5fmpepvrs5vrrxifc/include  -DESMF_NO_INTEGER_1_BYTE -DESMF_NO_INTEGER_2_BYTE -DESMF_VERSION_STRING_GIT='"v8.3.0b09"' -DESMF_MOAB=1 -DESMF_LAPACK=1 -DESMF_LAPACK_INTERNAL=1 -DESMF_NO_ACC_SOFTWARE_STACK=1 -DESMF_NETCDF=1 -DESMF_YAMLCPP=1 -DESMF_YAML=1 -DESMF_PIO=1 -DESMF_MPIIO -DESMF_NO_OPENACC -DESMF_TESTEXHAUSTIVE -DESMF_BOPT_g -DESMF_TESTCOMPTUNNEL -DESMF_TESTWITHTHREADS -DSx86_64_small=1 -DESMF_OS_Linux=1 -DESMF_COMM=openmpi -DESMF_DIR=/scratch1/NCEPDEV/stmp2/role.esmfmaint/gfortran_9.2.0_openmpi_g_develop ESMF_PrintInfo.F90 -o /scratch1/NCEPDEV/stmp2/role.esmfmaint/gfortran_9.2.0_openmpi_g_develop/obj/objg/Linux.gfortran.64.openmpi.default/src/apps/ESMF_PrintInfo/ESMF_PrintInfo.o
make chkdir_apps
make[5]: Entering directory `/scratch1/NCEPDEV/stmp2/role.esmfmaint/gfortran_9.2.0_openmpi_g_develop/src/apps/ESMF_PrintInfo'
make[5]: Leaving directory `/scratch1/NCEPDEV/stmp2/role.esmfmaint/gfortran_9.2.0_openmpi_g_develop/src/apps/ESMF_PrintInfo'
mpifort     -m64 -mcmodel=small -pthread -Wl,--no-as-needed  -fopenmp -L/scratch1/NCEPDEV/stmp2/role.esmfmaint/gfortran_9.2.0_openmpi_g_develop/DEFAULTINSTALLDIR/lib/libg/Linux.gfortran.64.openmpi.default -L/apps/netcdf/4.7.2/gnu/gcc-9.2.0/lib -L/apps/spack/linux-centos7-x86_64/gcc-9.2.0/netcdf-fortran-4.5.2-nbyhestkjlc2k7g5fmpepvrs5vrrxifc/lib -L/apps/spack/linux-centos7-x86_64/gcc-9.2.0/netcdf-c-4.7.2-btfhbjvmwttboik5vd7ty6afd6h6w56u/lib -L/apps/gnu/gcc-9.2.0/lib64/../lib64/ -Wl,-rpath,/scratch1/NCEPDEV/stmp2/role.esmfmaint/gfortran_9.2.0_openmpi_g_develop/DEFAULTINSTALLDIR/lib/libg/Linux.gfortran.64.openmpi.default -Wl,-rpath,/apps/netcdf/4.7.2/gnu/gcc-9.2.0/lib -Wl,-rpath,/apps/spack/linux-centos7-x86_64/gcc-9.2.0/netcdf-fortran-4.5.2-nbyhestkjlc2k7g5fmpepvrs5vrrxifc/lib -Wl,-rpath,/apps/spack/linux-centos7-x86_64/gcc-9.2.0/netcdf-c-4.7.2-btfhbjvmwttboik5vd7ty6afd6h6w56u/lib -Wl,-rpath,/apps/gnu/gcc-9.2.0/lib64/../lib64/ -o /scratch1/NCEPDEV/stmp2/role.esmfmaint/gfortran_9.2.0_openmpi_g_develop/DEFAULTINSTALLDIR/bin/bing/Linux.gfortran.64.openmpi.default/ESMF_PrintInfo /scratch1/NCEPDEV/stmp2/role.esmfmaint/gfortran_9.2.0_openmpi_g_develop/obj/objg/Linux.gfortran.64.openmpi.default/src/apps/ESMF_PrintInfo/ESMF_PrintInfo.o -lesmf  -lmpi_cxx -lrt -lstdc++ -ldl -lnetcdff -lnetcdf -lhdf5_hl -lhdf5  -lnetcdff -lnetcdf -lnetcdf
make[4]: Leaving directory `/scratch1/NCEPDEV/stmp2/role.esmfmaint/gfortran_9.2.0_openmpi_g_develop/src/apps/ESMF_PrintInfo'
tree_build_apps in: /scratch1/NCEPDEV/stmp2/role.esmfmaint/gfortran_9.2.0_openmpi_g_develop/src/apps/ESMF_PrintInfoC
make[4]: Entering directory `/scratch1/NCEPDEV/stmp2/role.esmfmaint/gfortran_9.2.0_openmpi_g_develop/src/apps/ESMF_PrintInfoC'
make chkdir_locobj
make[5]: Entering directory `/scratch1/NCEPDEV/stmp2/role.esmfmaint/gfortran_9.2.0_openmpi_g_develop/src/apps/ESMF_PrintInfoC'
Making directory /scratch1/NCEPDEV/stmp2/role.esmfmaint/gfortran_9.2.0_openmpi_g_develop/obj/objg/Linux.gfortran.64.openmpi.default/src/apps/ESMF_PrintInfoC for apps output
make[5]: Leaving directory `/scratch1/NCEPDEV/stmp2/role.esmfmaint/gfortran_9.2.0_openmpi_g_develop/src/apps/ESMF_PrintInfoC'
mpicxx -c -std=c++11 -g -Wall -Wextra -Wno-unused  -fPIC -DESMF_LOWERCASE_SINGLEUNDERSCORE -m64 -mcmodel=small -pthread  -fopenmp -I/scratch1/NCEPDEV/stmp2/role.esmfmaint/gfortran_9.2.0_openmpi_g_develop/src/apps/ESMF_PrintInfoC -I/scratch1/NCEPDEV/stmp2/role.esmfmaint/gfortran_9.2.0_openmpi_g_develop/src/apps/ESMF_PrintInfoC/../include -I/scratch1/NCEPDEV/stmp2/role.esmfmaint/gfortran_9.2.0_openmpi_g_develop/build_config/Linux.gfortran.default -I/scratch1/NCEPDEV/stmp2/role.esmfmaint/gfortran_9.2.0_openmpi_g_develop/src/Infrastructure -I/scratch1/NCEPDEV/stmp2/role.esmfmaint/gfortran_9.2.0_openmpi_g_develop/src/Superstructure -I/scratch1/NCEPDEV/stmp2/role.esmfmaint/gfortran_9.2.0_openmpi_g_develop/src/Infrastructure/stubs/pthread  -I/scratch1/NCEPDEV/stmp2/role.esmfmaint/gfortran_9.2.0_openmpi_g_develop/src/include  -I/apps/netcdf/4.7.2/gnu/gcc-9.2.0/include -I/scratch1/NCEPDEV/stmp2/role.esmfmaint/gfortran_9.2.0_openmpi_g_develop/src/prologue/yaml-cpp/include -DESMF_NO_INTEGER_1_BYTE -DESMF_NO_INTEGER_2_BYTE -DESMF_VERSION_STRING_GIT='"v8.3.0b09"' -DESMF_MOAB=1 -DESMF_LAPACK=1 -DESMF_LAPACK_INTERNAL=1 -DESMF_NO_ACC_SOFTWARE_STACK=1 -DESMF_NETCDF=1 -DESMF_YAMLCPP=1 -DESMF_YAML=1 -DESMF_PIO=1 -DESMF_MPIIO -DESMF_NO_OPENACC -DESMF_TESTEXHAUSTIVE -DESMF_BOPT_g -DESMF_TESTCOMPTUNNEL -DESMF_TESTWITHTHREADS -DSx86_64_small=1 -DESMF_OS_Linux=1 -DESMF_COMM=openmpi -DESMF_DIR=/scratch1/NCEPDEV/stmp2/role.esmfmaint/gfortran_9.2.0_openmpi_g_develop -D__SDIR__='"src/apps/ESMF_PrintInfoC"' -DESMF_CXXSTD=11 -DESMF_NO_SIGUSR2 ESMF_PrintInfoC.c -o /scratch1/NCEPDEV/stmp2/role.esmfmaint/gfortran_9.2.0_openmpi_g_develop/obj/objg/Linux.gfortran.64.openmpi.default/src/apps/ESMF_PrintInfoC/ESMF_PrintInfoC.o
In file included from /apps/spack/linux-centos7-x86_64/gcc-9.2.0/openmpi-3.1.4-iacsi5v5fw547qcbmmkof4dj5z366pxc/include/openmpi/ompi/mpi/cxx/mpicxx.h:277,
                 from /apps/spack/linux-centos7-x86_64/gcc-9.2.0/openmpi-3.1.4-iacsi5v5fw547qcbmmkof4dj5z366pxc/include/mpi.h:2693,
                 from /scratch1/NCEPDEV/stmp2/role.esmfmaint/gfortran_9.2.0_openmpi_g_develop/src/include/ESMC_VM.h:38,
                 from /scratch1/NCEPDEV/stmp2/role.esmfmaint/gfortran_9.2.0_openmpi_g_develop/src/include/ESMC.h:36,
                 from ESMF_PrintInfoC.c:14:
/apps/spack/linux-centos7-x86_64/gcc-9.2.0/openmpi-3.1.4-iacsi5v5fw547qcbmmkof4dj5z366pxc/include/openmpi/ompi/mpi/cxx/op_inln.h: In member function 'virtual void MPI::Op::Init(void (*)(const void*, void*, int, const MPI::Datatype&), bool)':
/apps/spack/linux-centos7-x86_64/gcc-9.2.0/openmpi-3.1.4-iacsi5v5fw547qcbmmkof4dj5z366pxc/include/openmpi/ompi/mpi/cxx/op_inln.h:121:46: warning: cast between incompatible function types from 'void (*)(void*, void*, int*, ompi_datatype_t**, void (*)(void*, void*, int*, ompi_datatype_t**))' to 'void (*)(void*, void*, int*, ompi_datatype_t**)' [-Wcast-function-type]
  121 |     (void)MPI_Op_create((MPI_User_function*) ompi_mpi_cxx_op_intercept,
      |                                              ^~~~~~~~~~~~~~~~~~~~~~~~~
/apps/spack/linux-centos7-x86_64/gcc-9.2.0/openmpi-3.1.4-iacsi5v5fw547qcbmmkof4dj5z366pxc/include/openmpi/ompi/mpi/cxx/op_inln.h:123:59: warning: cast between incompatible function types from 'void (*)(const void*, void*, int, const MPI::Datatype&)' to 'void (*)(void*, void*, int*, ompi_datatype_t**)' [-Wcast-function-type]
  123 |     ompi_op_set_cxx_callback(mpi_op, (MPI_User_function*) func);
      |                                                           ^~~~
make chkdir_apps
make[5]: Entering directory `/scratch1/NCEPDEV/stmp2/role.esmfmaint/gfortran_9.2.0_openmpi_g_develop/src/apps/ESMF_PrintInfoC'
make[5]: Leaving directory `/scratch1/NCEPDEV/stmp2/role.esmfmaint/gfortran_9.2.0_openmpi_g_develop/src/apps/ESMF_PrintInfoC'
mpicxx    -m64 -mcmodel=small -pthread -Wl,--no-as-needed  -fopenmp -L/scratch1/NCEPDEV/stmp2/role.esmfmaint/gfortran_9.2.0_openmpi_g_develop/DEFAULTINSTALLDIR/lib/libg/Linux.gfortran.64.openmpi.default -L/apps/netcdf/4.7.2/gnu/gcc-9.2.0/lib -L/apps/spack/linux-centos7-x86_64/gcc-9.2.0/netcdf-fortran-4.5.2-nbyhestkjlc2k7g5fmpepvrs5vrrxifc/lib -L/apps/spack/linux-centos7-x86_64/gcc-9.2.0/netcdf-c-4.7.2-btfhbjvmwttboik5vd7ty6afd6h6w56u/lib -L/apps/gnu/gcc-9.2.0/lib64/../lib64/ -Wl,-rpath,/scratch1/NCEPDEV/stmp2/role.esmfmaint/gfortran_9.2.0_openmpi_g_develop/DEFAULTINSTALLDIR/lib/libg/Linux.gfortran.64.openmpi.default -Wl,-rpath,/apps/netcdf/4.7.2/gnu/gcc-9.2.0/lib -Wl,-rpath,/apps/spack/linux-centos7-x86_64/gcc-9.2.0/netcdf-fortran-4.5.2-nbyhestkjlc2k7g5fmpepvrs5vrrxifc/lib -Wl,-rpath,/apps/spack/linux-centos7-x86_64/gcc-9.2.0/netcdf-c-4.7.2-btfhbjvmwttboik5vd7ty6afd6h6w56u/lib -Wl,-rpath,/apps/gnu/gcc-9.2.0/lib64/../lib64/ -o /scratch1/NCEPDEV/stmp2/role.esmfmaint/gfortran_9.2.0_openmpi_g_develop/DEFAULTINSTALLDIR/bin/bing/Linux.gfortran.64.openmpi.default/ESMF_PrintInfoC /scratch1/NCEPDEV/stmp2/role.esmfmaint/gfortran_9.2.0_openmpi_g_develop/obj/objg/Linux.gfortran.64.openmpi.default/src/apps/ESMF_PrintInfoC/ESMF_PrintInfoC.o -lesmf  -lmpi_mpifh -lrt -lgfortran -ldl -lnetcdff -lnetcdf -lhdf5_hl -lhdf5  -lnetcdff -lnetcdf -lnetcdf
make[4]: Leaving directory `/scratch1/NCEPDEV/stmp2/role.esmfmaint/gfortran_9.2.0_openmpi_g_develop/src/apps/ESMF_PrintInfoC'
tree_build_apps in: /scratch1/NCEPDEV/stmp2/role.esmfmaint/gfortran_9.2.0_openmpi_g_develop/src/apps/ESMF_RegridWeightGen
make[4]: Entering directory `/scratch1/NCEPDEV/stmp2/role.esmfmaint/gfortran_9.2.0_openmpi_g_develop/src/apps/ESMF_RegridWeightGen'
make chkdir_locobj
make[5]: Entering directory `/scratch1/NCEPDEV/stmp2/role.esmfmaint/gfortran_9.2.0_openmpi_g_develop/src/apps/ESMF_RegridWeightGen'
Making directory /scratch1/NCEPDEV/stmp2/role.esmfmaint/gfortran_9.2.0_openmpi_g_develop/obj/objg/Linux.gfortran.64.openmpi.default/src/apps/ESMF_RegridWeightGen for apps output
make[5]: Leaving directory `/scratch1/NCEPDEV/stmp2/role.esmfmaint/gfortran_9.2.0_openmpi_g_develop/src/apps/ESMF_RegridWeightGen'
mpifort -c -g -Wall -Wextra -Wconversion -Wno-unused -Wno-unused-dummy-argument -fbacktrace -fimplicit-none -fcheck=all,no-pointer -fPIC  -m64 -mcmodel=small -pthread -ffree-line-length-none  -fopenmp -I/scratch1/NCEPDEV/stmp2/role.esmfmaint/gfortran_9.2.0_openmpi_g_develop/src/apps/ESMF_RegridWeightGen -I/scratch1/NCEPDEV/stmp2/role.esmfmaint/gfortran_9.2.0_openmpi_g_develop/build_config/Linux.gfortran.default -I/scratch1/NCEPDEV/stmp2/role.esmfmaint/gfortran_9.2.0_openmpi_g_develop/src/Infrastructure -I/scratch1/NCEPDEV/stmp2/role.esmfmaint/gfortran_9.2.0_openmpi_g_develop/src/Superstructure -I/scratch1/NCEPDEV/stmp2/role.esmfmaint/gfortran_9.2.0_openmpi_g_develop/DEFAULTINSTALLDIR/mod/modg/Linux.gfortran.64.openmpi.default -I/scratch1/NCEPDEV/stmp2/role.esmfmaint/gfortran_9.2.0_openmpi_g_develop/src/include -I/apps/netcdf/4.7.2/gnu/gcc-9.2.0/include -I/apps/spack/linux-centos7-x86_64/gcc-9.2.0/netcdf-fortran-4.5.2-nbyhestkjlc2k7g5fmpepvrs5vrrxifc/include  -DESMF_NO_INTEGER_1_BYTE -DESMF_NO_INTEGER_2_BYTE -DESMF_VERSION_STRING_GIT='"v8.3.0b09"' -DESMF_MOAB=1 -DESMF_LAPACK=1 -DESMF_LAPACK_INTERNAL=1 -DESMF_NO_ACC_SOFTWARE_STACK=1 -DESMF_NETCDF=1 -DESMF_YAMLCPP=1 -DESMF_YAML=1 -DESMF_PIO=1 -DESMF_MPIIO -DESMF_NO_OPENACC -DESMF_TESTEXHAUSTIVE -DESMF_BOPT_g -DESMF_TESTCOMPTUNNEL -DESMF_TESTWITHTHREADS -DSx86_64_small=1 -DESMF_OS_Linux=1 -DESMF_COMM=openmpi -DESMF_DIR=/scratch1/NCEPDEV/stmp2/role.esmfmaint/gfortran_9.2.0_openmpi_g_develop ESMF_RegridWeightGen.F90 -o /scratch1/NCEPDEV/stmp2/role.esmfmaint/gfortran_9.2.0_openmpi_g_develop/obj/objg/Linux.gfortran.64.openmpi.default/src/apps/ESMF_RegridWeightGen/ESMF_RegridWeightGen.o
make chkdir_apps
make[5]: Entering directory `/scratch1/NCEPDEV/stmp2/role.esmfmaint/gfortran_9.2.0_openmpi_g_develop/src/apps/ESMF_RegridWeightGen'
make[5]: Leaving directory `/scratch1/NCEPDEV/stmp2/role.esmfmaint/gfortran_9.2.0_openmpi_g_develop/src/apps/ESMF_RegridWeightGen'
mpifort     -m64 -mcmodel=small -pthread -Wl,--no-as-needed  -fopenmp -L/scratch1/NCEPDEV/stmp2/role.esmfmaint/gfortran_9.2.0_openmpi_g_develop/DEFAULTINSTALLDIR/lib/libg/Linux.gfortran.64.openmpi.default -L/apps/netcdf/4.7.2/gnu/gcc-9.2.0/lib -L/apps/spack/linux-centos7-x86_64/gcc-9.2.0/netcdf-fortran-4.5.2-nbyhestkjlc2k7g5fmpepvrs5vrrxifc/lib -L/apps/spack/linux-centos7-x86_64/gcc-9.2.0/netcdf-c-4.7.2-btfhbjvmwttboik5vd7ty6afd6h6w56u/lib -L/apps/gnu/gcc-9.2.0/lib64/../lib64/ -Wl,-rpath,/scratch1/NCEPDEV/stmp2/role.esmfmaint/gfortran_9.2.0_openmpi_g_develop/DEFAULTINSTALLDIR/lib/libg/Linux.gfortran.64.openmpi.default -Wl,-rpath,/apps/netcdf/4.7.2/gnu/gcc-9.2.0/lib -Wl,-rpath,/apps/spack/linux-centos7-x86_64/gcc-9.2.0/netcdf-fortran-4.5.2-nbyhestkjlc2k7g5fmpepvrs5vrrxifc/lib -Wl,-rpath,/apps/spack/linux-centos7-x86_64/gcc-9.2.0/netcdf-c-4.7.2-btfhbjvmwttboik5vd7ty6afd6h6w56u/lib -Wl,-rpath,/apps/gnu/gcc-9.2.0/lib64/../lib64/ -o /scratch1/NCEPDEV/stmp2/role.esmfmaint/gfortran_9.2.0_openmpi_g_develop/DEFAULTINSTALLDIR/bin/bing/Linux.gfortran.64.openmpi.default/ESMF_RegridWeightGen /scratch1/NCEPDEV/stmp2/role.esmfmaint/gfortran_9.2.0_openmpi_g_develop/obj/objg/Linux.gfortran.64.openmpi.default/src/apps/ESMF_RegridWeightGen/ESMF_RegridWeightGen.o -lesmf  -lmpi_cxx -lrt -lstdc++ -ldl -lnetcdff -lnetcdf -lhdf5_hl -lhdf5  -lnetcdff -lnetcdf -lnetcdf
make[4]: Leaving directory `/scratch1/NCEPDEV/stmp2/role.esmfmaint/gfortran_9.2.0_openmpi_g_develop/src/apps/ESMF_RegridWeightGen'
tree_build_apps in: /scratch1/NCEPDEV/stmp2/role.esmfmaint/gfortran_9.2.0_openmpi_g_develop/src/apps/ESMF_WebServController
make[4]: Entering directory `/scratch1/NCEPDEV/stmp2/role.esmfmaint/gfortran_9.2.0_openmpi_g_develop/src/apps/ESMF_WebServController'
make chkdir_locobj
make[5]: Entering directory `/scratch1/NCEPDEV/stmp2/role.esmfmaint/gfortran_9.2.0_openmpi_g_develop/src/apps/ESMF_WebServController'
Making directory /scratch1/NCEPDEV/stmp2/role.esmfmaint/gfortran_9.2.0_openmpi_g_develop/obj/objg/Linux.gfortran.64.openmpi.default/src/apps/ESMF_WebServController for apps output
make[5]: Leaving directory `/scratch1/NCEPDEV/stmp2/role.esmfmaint/gfortran_9.2.0_openmpi_g_develop/src/apps/ESMF_WebServController'
mpicxx -c -std=c++11 -g -Wall -Wextra -Wno-unused  -fPIC -DESMF_LOWERCASE_SINGLEUNDERSCORE -m64 -mcmodel=small -pthread  -fopenmp -I/scratch1/NCEPDEV/stmp2/role.esmfmaint/gfortran_9.2.0_openmpi_g_develop/src/apps/ESMF_WebServController -I/scratch1/NCEPDEV/stmp2/role.esmfmaint/gfortran_9.2.0_openmpi_g_develop/src/apps/ESMF_WebServController/../include -I/scratch1/NCEPDEV/stmp2/role.esmfmaint/gfortran_9.2.0_openmpi_g_develop/build_config/Linux.gfortran.default -I/scratch1/NCEPDEV/stmp2/role.esmfmaint/gfortran_9.2.0_openmpi_g_develop/src/Infrastructure -I/scratch1/NCEPDEV/stmp2/role.esmfmaint/gfortran_9.2.0_openmpi_g_develop/src/Superstructure -I/scratch1/NCEPDEV/stmp2/role.esmfmaint/gfortran_9.2.0_openmpi_g_develop/src/Infrastructure/stubs/pthread  -I/scratch1/NCEPDEV/stmp2/role.esmfmaint/gfortran_9.2.0_openmpi_g_develop/src/include  -I/apps/netcdf/4.7.2/gnu/gcc-9.2.0/include -I/scratch1/NCEPDEV/stmp2/role.esmfmaint/gfortran_9.2.0_openmpi_g_develop/src/prologue/yaml-cpp/include -DESMF_NO_INTEGER_1_BYTE -DESMF_NO_INTEGER_2_BYTE -DESMF_VERSION_STRING_GIT='"v8.3.0b09"' -DESMF_MOAB=1 -DESMF_LAPACK=1 -DESMF_LAPACK_INTERNAL=1 -DESMF_NO_ACC_SOFTWARE_STACK=1 -DESMF_NETCDF=1 -DESMF_YAMLCPP=1 -DESMF_YAML=1 -DESMF_PIO=1 -DESMF_MPIIO -DESMF_NO_OPENACC -DESMF_TESTEXHAUSTIVE -DESMF_BOPT_g -DESMF_TESTCOMPTUNNEL -DESMF_TESTWITHTHREADS -DSx86_64_small=1 -DESMF_OS_Linux=1 -DESMF_COMM=openmpi -DESMF_DIR=/scratch1/NCEPDEV/stmp2/role.esmfmaint/gfortran_9.2.0_openmpi_g_develop -D__SDIR__='"src/apps/ESMF_WebServController"' -DESMF_CXXSTD=11 -DESMF_NO_SIGUSR2 ESMF_WebServController.C -o /scratch1/NCEPDEV/stmp2/role.esmfmaint/gfortran_9.2.0_openmpi_g_develop/obj/objg/Linux.gfortran.64.openmpi.default/src/apps/ESMF_WebServController/ESMF_WebServController.o
In file included from /apps/spack/linux-centos7-x86_64/gcc-9.2.0/openmpi-3.1.4-iacsi5v5fw547qcbmmkof4dj5z366pxc/include/openmpi/ompi/mpi/cxx/mpicxx.h:277,
                 from /apps/spack/linux-centos7-x86_64/gcc-9.2.0/openmpi-3.1.4-iacsi5v5fw547qcbmmkof4dj5z366pxc/include/mpi.h:2693,
                 from /scratch1/NCEPDEV/stmp2/role.esmfmaint/gfortran_9.2.0_openmpi_g_develop/src/include/ESMC_VM.h:38,
                 from /scratch1/NCEPDEV/stmp2/role.esmfmaint/gfortran_9.2.0_openmpi_g_develop/src/include/ESMC.h:36,
                 from ESMF_WebServController.C:9:
/apps/spack/linux-centos7-x86_64/gcc-9.2.0/openmpi-3.1.4-iacsi5v5fw547qcbmmkof4dj5z366pxc/include/openmpi/ompi/mpi/cxx/op_inln.h: In member function 'virtual void MPI::Op::Init(void (*)(const void*, void*, int, const MPI::Datatype&), bool)':
/apps/spack/linux-centos7-x86_64/gcc-9.2.0/openmpi-3.1.4-iacsi5v5fw547qcbmmkof4dj5z366pxc/include/openmpi/ompi/mpi/cxx/op_inln.h:121:46: warning: cast between incompatible function types from 'void (*)(void*, void*, int*, ompi_datatype_t**, void (*)(void*, void*, int*, ompi_datatype_t**))' to 'void (*)(void*, void*, int*, ompi_datatype_t**)' [-Wcast-function-type]
  121 |     (void)MPI_Op_create((MPI_User_function*) ompi_mpi_cxx_op_intercept,
      |                                              ^~~~~~~~~~~~~~~~~~~~~~~~~
/apps/spack/linux-centos7-x86_64/gcc-9.2.0/openmpi-3.1.4-iacsi5v5fw547qcbmmkof4dj5z366pxc/include/openmpi/ompi/mpi/cxx/op_inln.h:123:59: warning: cast between incompatible function types from 'void (*)(const void*, void*, int, const MPI::Datatype&)' to 'void (*)(void*, void*, int*, ompi_datatype_t**)' [-Wcast-function-type]
  123 |     ompi_op_set_cxx_callback(mpi_op, (MPI_User_function*) func);
      |                                                           ^~~~
make chkdir_apps
make[5]: Entering directory `/scratch1/NCEPDEV/stmp2/role.esmfmaint/gfortran_9.2.0_openmpi_g_develop/src/apps/ESMF_WebServController'
make[5]: Leaving directory `/scratch1/NCEPDEV/stmp2/role.esmfmaint/gfortran_9.2.0_openmpi_g_develop/src/apps/ESMF_WebServController'
mpicxx    -m64 -mcmodel=small -pthread -Wl,--no-as-needed  -fopenmp -L/scratch1/NCEPDEV/stmp2/role.esmfmaint/gfortran_9.2.0_openmpi_g_develop/DEFAULTINSTALLDIR/lib/libg/Linux.gfortran.64.openmpi.default -L/apps/netcdf/4.7.2/gnu/gcc-9.2.0/lib -L/apps/spack/linux-centos7-x86_64/gcc-9.2.0/netcdf-fortran-4.5.2-nbyhestkjlc2k7g5fmpepvrs5vrrxifc/lib -L/apps/spack/linux-centos7-x86_64/gcc-9.2.0/netcdf-c-4.7.2-btfhbjvmwttboik5vd7ty6afd6h6w56u/lib -L/apps/gnu/gcc-9.2.0/lib64/../lib64/ -Wl,-rpath,/scratch1/NCEPDEV/stmp2/role.esmfmaint/gfortran_9.2.0_openmpi_g_develop/DEFAULTINSTALLDIR/lib/libg/Linux.gfortran.64.openmpi.default -Wl,-rpath,/apps/netcdf/4.7.2/gnu/gcc-9.2.0/lib -Wl,-rpath,/apps/spack/linux-centos7-x86_64/gcc-9.2.0/netcdf-fortran-4.5.2-nbyhestkjlc2k7g5fmpepvrs5vrrxifc/lib -Wl,-rpath,/apps/spack/linux-centos7-x86_64/gcc-9.2.0/netcdf-c-4.7.2-btfhbjvmwttboik5vd7ty6afd6h6w56u/lib -Wl,-rpath,/apps/gnu/gcc-9.2.0/lib64/../lib64/ -o /scratch1/NCEPDEV/stmp2/role.esmfmaint/gfortran_9.2.0_openmpi_g_develop/DEFAULTINSTALLDIR/bin/bing/Linux.gfortran.64.openmpi.default/ESMF_WebServController /scratch1/NCEPDEV/stmp2/role.esmfmaint/gfortran_9.2.0_openmpi_g_develop/obj/objg/Linux.gfortran.64.openmpi.default/src/apps/ESMF_WebServController/ESMF_WebServController.o -lesmf  -lmpi_mpifh -lrt -lgfortran -ldl -lnetcdff -lnetcdf -lhdf5_hl -lhdf5  -lnetcdff -lnetcdf -lnetcdf
make[4]: Leaving directory `/scratch1/NCEPDEV/stmp2/role.esmfmaint/gfortran_9.2.0_openmpi_g_develop/src/apps/ESMF_WebServController'
tree_build_apps in: /scratch1/NCEPDEV/stmp2/role.esmfmaint/gfortran_9.2.0_openmpi_g_develop/src/apps/ESMF_Scrip2Unstruct
make[4]: Entering directory `/scratch1/NCEPDEV/stmp2/role.esmfmaint/gfortran_9.2.0_openmpi_g_develop/src/apps/ESMF_Scrip2Unstruct'
make chkdir_locobj
make[5]: Entering directory `/scratch1/NCEPDEV/stmp2/role.esmfmaint/gfortran_9.2.0_openmpi_g_develop/src/apps/ESMF_Scrip2Unstruct'
Making directory /scratch1/NCEPDEV/stmp2/role.esmfmaint/gfortran_9.2.0_openmpi_g_develop/obj/objg/Linux.gfortran.64.openmpi.default/src/apps/ESMF_Scrip2Unstruct for apps output
make[5]: Leaving directory `/scratch1/NCEPDEV/stmp2/role.esmfmaint/gfortran_9.2.0_openmpi_g_develop/src/apps/ESMF_Scrip2Unstruct'
mpicxx -c -std=c++11 -g -Wall -Wextra -Wno-unused  -fPIC -DESMF_LOWERCASE_SINGLEUNDERSCORE -m64 -mcmodel=small -pthread  -fopenmp -I/scratch1/NCEPDEV/stmp2/role.esmfmaint/gfortran_9.2.0_openmpi_g_develop/src/apps/ESMF_Scrip2Unstruct -I/scratch1/NCEPDEV/stmp2/role.esmfmaint/gfortran_9.2.0_openmpi_g_develop/src/apps/ESMF_Scrip2Unstruct/../include -I/scratch1/NCEPDEV/stmp2/role.esmfmaint/gfortran_9.2.0_openmpi_g_develop/build_config/Linux.gfortran.default -I/scratch1/NCEPDEV/stmp2/role.esmfmaint/gfortran_9.2.0_openmpi_g_develop/src/Infrastructure -I/scratch1/NCEPDEV/stmp2/role.esmfmaint/gfortran_9.2.0_openmpi_g_develop/src/Superstructure -I/scratch1/NCEPDEV/stmp2/role.esmfmaint/gfortran_9.2.0_openmpi_g_develop/src/Infrastructure/stubs/pthread  -I/scratch1/NCEPDEV/stmp2/role.esmfmaint/gfortran_9.2.0_openmpi_g_develop/src/include  -I/apps/netcdf/4.7.2/gnu/gcc-9.2.0/include -I/scratch1/NCEPDEV/stmp2/role.esmfmaint/gfortran_9.2.0_openmpi_g_develop/src/prologue/yaml-cpp/include -DESMF_NO_INTEGER_1_BYTE -DESMF_NO_INTEGER_2_BYTE -DESMF_VERSION_STRING_GIT='"v8.3.0b09"' -DESMF_MOAB=1 -DESMF_LAPACK=1 -DESMF_LAPACK_INTERNAL=1 -DESMF_NO_ACC_SOFTWARE_STACK=1 -DESMF_NETCDF=1 -DESMF_YAMLCPP=1 -DESMF_YAML=1 -DESMF_PIO=1 -DESMF_MPIIO -DESMF_NO_OPENACC -DESMF_TESTEXHAUSTIVE -DESMF_BOPT_g -DESMF_TESTCOMPTUNNEL -DESMF_TESTWITHTHREADS -DSx86_64_small=1 -DESMF_OS_Linux=1 -DESMF_COMM=openmpi -DESMF_DIR=/scratch1/NCEPDEV/stmp2/role.esmfmaint/gfortran_9.2.0_openmpi_g_develop -D__SDIR__='"src/apps/ESMF_Scrip2Unstruct"' -DESMF_CXXSTD=11 -DESMF_NO_SIGUSR2 ESMF_Scrip2Unstruct.C -o /scratch1/NCEPDEV/stmp2/role.esmfmaint/gfortran_9.2.0_openmpi_g_develop/obj/objg/Linux.gfortran.64.openmpi.default/src/apps/ESMF_Scrip2Unstruct/ESMF_Scrip2Unstruct.o
In file included from /apps/spack/linux-centos7-x86_64/gcc-9.2.0/openmpi-3.1.4-iacsi5v5fw547qcbmmkof4dj5z366pxc/include/openmpi/ompi/mpi/cxx/mpicxx.h:277,
                 from /apps/spack/linux-centos7-x86_64/gcc-9.2.0/openmpi-3.1.4-iacsi5v5fw547qcbmmkof4dj5z366pxc/include/mpi.h:2693,
                 from /scratch1/NCEPDEV/stmp2/role.esmfmaint/gfortran_9.2.0_openmpi_g_develop/src/include/ESMC_VM.h:38,
                 from /scratch1/NCEPDEV/stmp2/role.esmfmaint/gfortran_9.2.0_openmpi_g_develop/src/include/ESMC.h:36,
                 from ESMF_Scrip2Unstruct.C:28:
/apps/spack/linux-centos7-x86_64/gcc-9.2.0/openmpi-3.1.4-iacsi5v5fw547qcbmmkof4dj5z366pxc/include/openmpi/ompi/mpi/cxx/op_inln.h: In member function 'virtual void MPI::Op::Init(void (*)(const void*, void*, int, const MPI::Datatype&), bool)':
/apps/spack/linux-centos7-x86_64/gcc-9.2.0/openmpi-3.1.4-iacsi5v5fw547qcbmmkof4dj5z366pxc/include/openmpi/ompi/mpi/cxx/op_inln.h:121:46: warning: cast between incompatible function types from 'void (*)(void*, void*, int*, ompi_datatype_t**, void (*)(void*, void*, int*, ompi_datatype_t**))' to 'void (*)(void*, void*, int*, ompi_datatype_t**)' [-Wcast-function-type]
  121 |     (void)MPI_Op_create((MPI_User_function*) ompi_mpi_cxx_op_intercept,
      |                                              ^~~~~~~~~~~~~~~~~~~~~~~~~
/apps/spack/linux-centos7-x86_64/gcc-9.2.0/openmpi-3.1.4-iacsi5v5fw547qcbmmkof4dj5z366pxc/include/openmpi/ompi/mpi/cxx/op_inln.h:123:59: warning: cast between incompatible function types from 'void (*)(const void*, void*, int, const MPI::Datatype&)' to 'void (*)(void*, void*, int*, ompi_datatype_t**)' [-Wcast-function-type]
  123 |     ompi_op_set_cxx_callback(mpi_op, (MPI_User_function*) func);
      |                                                           ^~~~
ESMF_Scrip2Unstruct.C: In function 'int main(int, char**)':
ESMF_Scrip2Unstruct.C:581:14: warning: comparison of integer expressions of different signedness: 'int' and 'size_t' {aka 'long unsigned int'} [-Wsign-compare]
  581 |   for (i=0; i<len; i++) {
      |             ~^~~~
ESMF_Scrip2Unstruct.C:592:19: warning: comparison of integer expressions of different signedness: 'int' and 'size_t' {aka 'long unsigned int'} [-Wsign-compare]
  592 |     for (i = 0; i < gcdim*gsdim; i++) {
      |                 ~~^~~~~~~~~~~~~
ESMF_Scrip2Unstruct.C:598:17: warning: comparison of integer expressions of different signedness: 'int' and 'size_t' {aka 'long unsigned int'} [-Wsign-compare]
  598 |   for (i = 0; i < gcdim*gsdim; i++) {
      |               ~~^~~~~~~~~~~~~
ESMF_Scrip2Unstruct.C:666:14: warning: comparison of integer expressions of different signedness: 'int' and 'size_t' {aka 'long unsigned int'} [-Wsign-compare]
  666 |   for (i=0; i<gcdim*gsdim; i++) {
      |             ~^~~~~~~~~~~~
ESMF_Scrip2Unstruct.C:693:14: warning: comparison of integer expressions of different signedness: 'int' and 'size_t' {aka 'long unsigned int'} [-Wsign-compare]
  693 |   for (i=0; i<gsdim; i++) {
      |             ~^~~~~~
ESMF_Scrip2Unstruct.C:698:16: warning: comparison of integer expressions of different signedness: 'int' and 'size_t' {aka 'long unsigned int'} [-Wsign-compare]
  698 |     for (j=1; j<gcdim; j++) {
      |               ~^~~~~~
ESMF_Scrip2Unstruct.C:724:20: warning: comparison of integer expressions of different signedness: 'int' and 'size_t' {aka 'long unsigned int'} [-Wsign-compare]
  724 |     for (j=count; j<gcdim; j++) {
      |                   ~^~~~~~
ESMF_Scrip2Unstruct.C:838:15: warning: comparison of integer expressions of different signedness: 'int' and 'size_t' {aka 'long unsigned int'} [-Wsign-compare]
  838 |    for (i=0; i<len; i++) {
      |              ~^~~~
ESMF_Scrip2Unstruct.C:849:17: warning: comparison of integer expressions of different signedness: 'int' and 'size_t' {aka 'long unsigned int'} [-Wsign-compare]
  849 |      for (i=0; i<gsdim; i++) {
      |                ~^~~~~~
ESMF_Scrip2Unstruct.C:856:17: warning: comparison of integer expressions of different signedness: 'int' and 'size_t' {aka 'long unsigned int'} [-Wsign-compare]
  856 |      for (i=0; i<gsdim; i++) {
      |                ~^~~~~~
ESMF_Scrip2Unstruct.C:869:17: warning: comparison of integer expressions of different signedness: 'int' and 'size_t' {aka 'long unsigned int'} [-Wsign-compare]
  869 |      for (i=0; i<gsdim; i++) {
      |                ~^~~~~~
ESMF_Scrip2Unstruct.C:875:17: warning: comparison of integer expressions of different signedness: 'int' and 'size_t' {aka 'long unsigned int'} [-Wsign-compare]
  875 |      for (i=0; i<gsdim; i++) {
      |                ~^~~~~~
ESMF_Scrip2Unstruct.C:946:16: warning: comparison of integer expressions of different signedness: 'int' and 'size_t' {aka 'long unsigned int'} [-Wsign-compare]
  946 |     for (i=0; i<gsdim; i++) {
      |               ~^~~~~~
ESMF_Scrip2Unstruct.C:957:16: warning: comparison of integer expressions of different signedness: 'int' and 'size_t' {aka 'long unsigned int'} [-Wsign-compare]
  957 |     for (i=0; i<gsdim; i++) {
      |               ~^~~~~~
ESMF_Scrip2Unstruct.C:967:16: warning: comparison of integer expressions of different signedness: 'int' and 'size_t' {aka 'long unsigned int'} [-Wsign-compare]
  967 |     for (i=0; i<len; i++) {
      |               ~^~~~
ESMF_Scrip2Unstruct.C:976:18: warning: comparison of integer expressions of different signedness: 'int' and 'size_t' {aka 'long unsigned int'} [-Wsign-compare]
  976 |       for (i=0; i<gsdim*2; i++) {
      |                 ~^~~~~~~~
ESMF_Scrip2Unstruct.C:992:20: warning: comparison of integer expressions of different signedness: 'int' and 'size_t' {aka 'long unsigned int'} [-Wsign-compare]
  992 |     for (i=0,k=0; i<gsdim; i++) {
      |                   ~^~~~~~
ESMF_Scrip2Unstruct.C:993:18: warning: comparison of integer expressions of different signedness: 'int' and 'size_t' {aka 'long unsigned int'} [-Wsign-compare]
  993 |       for (j=0; j<gcdim; j++,k++) {
      |                 ~^~~~~~
ESMF_Scrip2Unstruct.C:1082:17: warning: comparison of integer expressions of different signedness: 'int' and 'size_t' {aka 'long unsigned int'} [-Wsign-compare]
 1082 |      for (j=0; j<gsdim;j++) {
      |                ~^~~~~~
ESMF_Scrip2Unstruct.C:1089:18: warning: comparison of integer expressions of different signedness: 'int' and 'size_t' {aka 'long unsigned int'} [-Wsign-compare]
 1089 |      for (j=0;  j<gsdim;j++) {
      |                 ~^~~~~~
make chkdir_apps
make[5]: Entering directory `/scratch1/NCEPDEV/stmp2/role.esmfmaint/gfortran_9.2.0_openmpi_g_develop/src/apps/ESMF_Scrip2Unstruct'
make[5]: Leaving directory `/scratch1/NCEPDEV/stmp2/role.esmfmaint/gfortran_9.2.0_openmpi_g_develop/src/apps/ESMF_Scrip2Unstruct'
mpicxx    -m64 -mcmodel=small -pthread -Wl,--no-as-needed  -fopenmp -L/scratch1/NCEPDEV/stmp2/role.esmfmaint/gfortran_9.2.0_openmpi_g_develop/DEFAULTINSTALLDIR/lib/libg/Linux.gfortran.64.openmpi.default -L/apps/netcdf/4.7.2/gnu/gcc-9.2.0/lib -L/apps/spack/linux-centos7-x86_64/gcc-9.2.0/netcdf-fortran-4.5.2-nbyhestkjlc2k7g5fmpepvrs5vrrxifc/lib -L/apps/spack/linux-centos7-x86_64/gcc-9.2.0/netcdf-c-4.7.2-btfhbjvmwttboik5vd7ty6afd6h6w56u/lib -L/apps/gnu/gcc-9.2.0/lib64/../lib64/ -Wl,-rpath,/scratch1/NCEPDEV/stmp2/role.esmfmaint/gfortran_9.2.0_openmpi_g_develop/DEFAULTINSTALLDIR/lib/libg/Linux.gfortran.64.openmpi.default -Wl,-rpath,/apps/netcdf/4.7.2/gnu/gcc-9.2.0/lib -Wl,-rpath,/apps/spack/linux-centos7-x86_64/gcc-9.2.0/netcdf-fortran-4.5.2-nbyhestkjlc2k7g5fmpepvrs5vrrxifc/lib -Wl,-rpath,/apps/spack/linux-centos7-x86_64/gcc-9.2.0/netcdf-c-4.7.2-btfhbjvmwttboik5vd7ty6afd6h6w56u/lib -Wl,-rpath,/apps/gnu/gcc-9.2.0/lib64/../lib64/ -o /scratch1/NCEPDEV/stmp2/role.esmfmaint/gfortran_9.2.0_openmpi_g_develop/DEFAULTINSTALLDIR/bin/bing/Linux.gfortran.64.openmpi.default/ESMF_Scrip2Unstruct /scratch1/NCEPDEV/stmp2/role.esmfmaint/gfortran_9.2.0_openmpi_g_develop/obj/objg/Linux.gfortran.64.openmpi.default/src/apps/ESMF_Scrip2Unstruct/ESMF_Scrip2Unstruct.o -lesmf  -lmpi_mpifh -lrt -lgfortran -ldl -lnetcdff -lnetcdf -lhdf5_hl -lhdf5  -lnetcdff -lnetcdf -lnetcdf
make[4]: Leaving directory `/scratch1/NCEPDEV/stmp2/role.esmfmaint/gfortran_9.2.0_openmpi_g_develop/src/apps/ESMF_Scrip2Unstruct'
tree_build_apps in: /scratch1/NCEPDEV/stmp2/role.esmfmaint/gfortran_9.2.0_openmpi_g_develop/src/apps/ESMF_Regrid
make[4]: Entering directory `/scratch1/NCEPDEV/stmp2/role.esmfmaint/gfortran_9.2.0_openmpi_g_develop/src/apps/ESMF_Regrid'
make chkdir_locobj
make[5]: Entering directory `/scratch1/NCEPDEV/stmp2/role.esmfmaint/gfortran_9.2.0_openmpi_g_develop/src/apps/ESMF_Regrid'
Making directory /scratch1/NCEPDEV/stmp2/role.esmfmaint/gfortran_9.2.0_openmpi_g_develop/obj/objg/Linux.gfortran.64.openmpi.default/src/apps/ESMF_Regrid for apps output
make[5]: Leaving directory `/scratch1/NCEPDEV/stmp2/role.esmfmaint/gfortran_9.2.0_openmpi_g_develop/src/apps/ESMF_Regrid'
mpifort -c -g -Wall -Wextra -Wconversion -Wno-unused -Wno-unused-dummy-argument -fbacktrace -fimplicit-none -fcheck=all,no-pointer -fPIC  -m64 -mcmodel=small -pthread -ffree-line-length-none  -fopenmp -I/scratch1/NCEPDEV/stmp2/role.esmfmaint/gfortran_9.2.0_openmpi_g_develop/src/apps/ESMF_Regrid -I/scratch1/NCEPDEV/stmp2/role.esmfmaint/gfortran_9.2.0_openmpi_g_develop/build_config/Linux.gfortran.default -I/scratch1/NCEPDEV/stmp2/role.esmfmaint/gfortran_9.2.0_openmpi_g_develop/src/Infrastructure -I/scratch1/NCEPDEV/stmp2/role.esmfmaint/gfortran_9.2.0_openmpi_g_develop/src/Superstructure -I/scratch1/NCEPDEV/stmp2/role.esmfmaint/gfortran_9.2.0_openmpi_g_develop/DEFAULTINSTALLDIR/mod/modg/Linux.gfortran.64.openmpi.default -I/scratch1/NCEPDEV/stmp2/role.esmfmaint/gfortran_9.2.0_openmpi_g_develop/src/include -I/apps/netcdf/4.7.2/gnu/gcc-9.2.0/include -I/apps/spack/linux-centos7-x86_64/gcc-9.2.0/netcdf-fortran-4.5.2-nbyhestkjlc2k7g5fmpepvrs5vrrxifc/include  -DESMF_NO_INTEGER_1_BYTE -DESMF_NO_INTEGER_2_BYTE -DESMF_VERSION_STRING_GIT='"v8.3.0b09"' -DESMF_MOAB=1 -DESMF_LAPACK=1 -DESMF_LAPACK_INTERNAL=1 -DESMF_NO_ACC_SOFTWARE_STACK=1 -DESMF_NETCDF=1 -DESMF_YAMLCPP=1 -DESMF_YAML=1 -DESMF_PIO=1 -DESMF_MPIIO -DESMF_NO_OPENACC -DESMF_TESTEXHAUSTIVE -DESMF_BOPT_g -DESMF_TESTCOMPTUNNEL -DESMF_TESTWITHTHREADS -DSx86_64_small=1 -DESMF_OS_Linux=1 -DESMF_COMM=openmpi -DESMF_DIR=/scratch1/NCEPDEV/stmp2/role.esmfmaint/gfortran_9.2.0_openmpi_g_develop ESMF_Regrid.F90 -o /scratch1/NCEPDEV/stmp2/role.esmfmaint/gfortran_9.2.0_openmpi_g_develop/obj/objg/Linux.gfortran.64.openmpi.default/src/apps/ESMF_Regrid/ESMF_Regrid.o
make chkdir_apps
make[5]: Entering directory `/scratch1/NCEPDEV/stmp2/role.esmfmaint/gfortran_9.2.0_openmpi_g_develop/src/apps/ESMF_Regrid'
make[5]: Leaving directory `/scratch1/NCEPDEV/stmp2/role.esmfmaint/gfortran_9.2.0_openmpi_g_develop/src/apps/ESMF_Regrid'
mpifort     -m64 -mcmodel=small -pthread -Wl,--no-as-needed  -fopenmp -L/scratch1/NCEPDEV/stmp2/role.esmfmaint/gfortran_9.2.0_openmpi_g_develop/DEFAULTINSTALLDIR/lib/libg/Linux.gfortran.64.openmpi.default -L/apps/netcdf/4.7.2/gnu/gcc-9.2.0/lib -L/apps/spack/linux-centos7-x86_64/gcc-9.2.0/netcdf-fortran-4.5.2-nbyhestkjlc2k7g5fmpepvrs5vrrxifc/lib -L/apps/spack/linux-centos7-x86_64/gcc-9.2.0/netcdf-c-4.7.2-btfhbjvmwttboik5vd7ty6afd6h6w56u/lib -L/apps/gnu/gcc-9.2.0/lib64/../lib64/ -Wl,-rpath,/scratch1/NCEPDEV/stmp2/role.esmfmaint/gfortran_9.2.0_openmpi_g_develop/DEFAULTINSTALLDIR/lib/libg/Linux.gfortran.64.openmpi.default -Wl,-rpath,/apps/netcdf/4.7.2/gnu/gcc-9.2.0/lib -Wl,-rpath,/apps/spack/linux-centos7-x86_64/gcc-9.2.0/netcdf-fortran-4.5.2-nbyhestkjlc2k7g5fmpepvrs5vrrxifc/lib -Wl,-rpath,/apps/spack/linux-centos7-x86_64/gcc-9.2.0/netcdf-c-4.7.2-btfhbjvmwttboik5vd7ty6afd6h6w56u/lib -Wl,-rpath,/apps/gnu/gcc-9.2.0/lib64/../lib64/ -o /scratch1/NCEPDEV/stmp2/role.esmfmaint/gfortran_9.2.0_openmpi_g_develop/DEFAULTINSTALLDIR/bin/bing/Linux.gfortran.64.openmpi.default/ESMF_Regrid /scratch1/NCEPDEV/stmp2/role.esmfmaint/gfortran_9.2.0_openmpi_g_develop/obj/objg/Linux.gfortran.64.openmpi.default/src/apps/ESMF_Regrid/ESMF_Regrid.o -lesmf  -lmpi_cxx -lrt -lstdc++ -ldl -lnetcdff -lnetcdf -lhdf5_hl -lhdf5  -lnetcdff -lnetcdf -lnetcdf
make[4]: Leaving directory `/scratch1/NCEPDEV/stmp2/role.esmfmaint/gfortran_9.2.0_openmpi_g_develop/src/apps/ESMF_Regrid'
make[3]: Leaving directory `/scratch1/NCEPDEV/stmp2/role.esmfmaint/gfortran_9.2.0_openmpi_g_develop/src/apps'
ESMF apps built successfully.
make[2]: Leaving directory `/scratch1/NCEPDEV/stmp2/role.esmfmaint/gfortran_9.2.0_openmpi_g_develop'
make[1]: Leaving directory `/scratch1/NCEPDEV/stmp2/role.esmfmaint/gfortran_9.2.0_openmpi_g_develop'
mkdir -p /scratch1/NCEPDEV/stmp2/role.esmfmaint/gfortran_9.2.0_openmpi_g_develop/DEFAULTINSTALLDIR/doc
make install_info_mk
make[1]: Entering directory `/scratch1/NCEPDEV/stmp2/role.esmfmaint/gfortran_9.2.0_openmpi_g_develop'
make info_mk ESMF_APPSDIR=/scratch1/NCEPDEV/stmp2/role.esmfmaint/gfortran_9.2.0_openmpi_g_develop/DEFAULTINSTALLDIR/bin/bing/Linux.gfortran.64.openmpi.default ESMF_LDIR=/scratch1/NCEPDEV/stmp2/role.esmfmaint/gfortran_9.2.0_openmpi_g_develop/DEFAULTINSTALLDIR/lib/libg/Linux.gfortran.64.openmpi.default ESMF_LIBDIR=/scratch1/NCEPDEV/stmp2/role.esmfmaint/gfortran_9.2.0_openmpi_g_develop/DEFAULTINSTALLDIR/lib/libg/Linux.gfortran.64.openmpi.default ESMF_MODDIR=/scratch1/NCEPDEV/stmp2/role.esmfmaint/gfortran_9.2.0_openmpi_g_develop/DEFAULTINSTALLDIR/mod/modg/Linux.gfortran.64.openmpi.default ESMF_INCDIR=/scratch1/NCEPDEV/stmp2/role.esmfmaint/gfortran_9.2.0_openmpi_g_develop/DEFAULTINSTALLDIR/include
make[2]: Entering directory `/scratch1/NCEPDEV/stmp2/role.esmfmaint/gfortran_9.2.0_openmpi_g_develop'
make[2]: Leaving directory `/scratch1/NCEPDEV/stmp2/role.esmfmaint/gfortran_9.2.0_openmpi_g_develop'
make[1]: Leaving directory `/scratch1/NCEPDEV/stmp2/role.esmfmaint/gfortran_9.2.0_openmpi_g_develop'
 
ESMF installation complete.
 
