build time -- 2022-03-13 03:22:29
20220313 034621.247 INFO             PET0 !!!!!!!!!!!!!!!!!!!!!!!!!!!!!!!!!!!!!!!!!!!!!!!!!!!!!!
20220313 034621.248 INFO             PET0 !!! THE ESMF_LOG IS SET TO OUTPUT ALL LOG MESSAGES !!!
20220313 034621.248 INFO             PET0 !!!     THIS MAY CAUSE SLOWDOWN IN PERFORMANCE     !!!
20220313 034621.248 INFO             PET0 !!! FOR PRODUCTION RUNS, USE:                      !!!
20220313 034621.248 INFO             PET0 !!!                   ESMF_LOGKIND_Multi_On_Error  !!!
20220313 034621.248 INFO             PET0 !!!!!!!!!!!!!!!!!!!!!!!!!!!!!!!!!!!!!!!!!!!!!!!!!!!!!!
20220313 034621.248 INFO             PET0 Running with ESMF Version   : v8.3.0b09
20220313 034621.248 INFO             PET0 ESMF library build date/time: "Mar 13 2022" "03:21:11"
20220313 034621.248 INFO             PET0 ESMF library build location : /work/noaa/da/mpotts/sandbox/gfortran_8.3.0_mpiuni_g_develop
20220313 034621.248 INFO             PET0 ESMF_COMM                   : mpiuni
20220313 034621.248 INFO             PET0 ESMF_MOAB                   : enabled
20220313 034621.248 INFO             PET0 ESMF_LAPACK                 : enabled
20220313 034621.248 INFO             PET0 ESMF_NETCDF                 : enabled
20220313 034621.248 INFO             PET0 ESMF_PNETCDF                : disabled
20220313 034621.248 INFO             PET0 ESMF_PIO                    : disabled
20220313 034621.249 INFO             PET0 ESMF_YAMLCPP                : enabled
20220313 034621.249 INFO             PET0  NUMBER_OF_PROCESSORS           1
20220313 034621.249 INFO             PET0  PASS  Example ESMF_TimeEx, ESMF_TimeEx.F90, line 141
20220313 034621.249 INFO             PET0 Finalizing ESMF
