build time -- 2022-03-25 02:35:51
20220325 025937.390 INFO             PET0 !!!!!!!!!!!!!!!!!!!!!!!!!!!!!!!!!!!!!!!!!!!!!!!!!!!!!!
20220325 025937.390 INFO             PET0 !!! THE ESMF_LOG IS SET TO OUTPUT ALL LOG MESSAGES !!!
20220325 025937.390 INFO             PET0 !!!     THIS MAY CAUSE SLOWDOWN IN PERFORMANCE     !!!
20220325 025937.390 INFO             PET0 !!! FOR PRODUCTION RUNS, USE:                      !!!
20220325 025937.390 INFO             PET0 !!!                   ESMF_LOGKIND_Multi_On_Error  !!!
20220325 025937.390 INFO             PET0 !!!!!!!!!!!!!!!!!!!!!!!!!!!!!!!!!!!!!!!!!!!!!!!!!!!!!!
20220325 025937.390 INFO             PET0 Running with ESMF Version   : v8.3.0b10-1-gffc7863
20220325 025937.390 INFO             PET0 ESMF library build date/time: "Mar 25 2022" "02:34:37"
20220325 025937.390 INFO             PET0 ESMF library build location : /work/noaa/da/mpotts/sandbox/gfortran_8.3.0_mpiuni_g_develop
20220325 025937.390 INFO             PET0 ESMF_COMM                   : mpiuni
20220325 025937.391 INFO             PET0 ESMF_MOAB                   : enabled
20220325 025937.391 INFO             PET0 ESMF_LAPACK                 : enabled
20220325 025937.391 INFO             PET0 ESMF_NETCDF                 : enabled
20220325 025937.391 INFO             PET0 ESMF_PNETCDF                : disabled
20220325 025937.391 INFO             PET0 ESMF_PIO                    : disabled
20220325 025937.391 INFO             PET0 ESMF_YAMLCPP                : enabled
20220325 025937.461 DEBUG            PET0 about to destroy Grid: 0x1add060
20220325 025937.473 DEBUG            PET0 about to destroy Grid: 0x1ade740
20220325 025937.505 INFO             PET0  NUMBER_OF_PROCESSORS           1
20220325 025937.505 INFO             PET0  PASS  Example ESMF_NUOPCAtmModelEx, ESMF_NUOPCAtmModelEx.F90, line 806
20220325 025937.505 INFO             PET0 Finalizing ESMF
