build time -- 2022-03-17 02:46:52
20220317 031018.370 INFO             PET0 !!!!!!!!!!!!!!!!!!!!!!!!!!!!!!!!!!!!!!!!!!!!!!!!!!!!!!
20220317 031018.370 INFO             PET0 !!! THE ESMF_LOG IS SET TO OUTPUT ALL LOG MESSAGES !!!
20220317 031018.370 INFO             PET0 !!!     THIS MAY CAUSE SLOWDOWN IN PERFORMANCE     !!!
20220317 031018.370 INFO             PET0 !!! FOR PRODUCTION RUNS, USE:                      !!!
20220317 031018.370 INFO             PET0 !!!                   ESMF_LOGKIND_Multi_On_Error  !!!
20220317 031018.370 INFO             PET0 !!!!!!!!!!!!!!!!!!!!!!!!!!!!!!!!!!!!!!!!!!!!!!!!!!!!!!
20220317 031018.370 INFO             PET0 Running with ESMF Version   : v8.3.0b09-3-ge20ebbf
20220317 031018.370 INFO             PET0 ESMF library build date/time: "Mar 17 2022" "02:45:04"
20220317 031018.370 INFO             PET0 ESMF library build location : /work/noaa/da/mpotts/sandbox/gfortran_8.3.0_mpiuni_g_develop
20220317 031018.370 INFO             PET0 ESMF_COMM                   : mpiuni
20220317 031018.371 INFO             PET0 ESMF_MOAB                   : enabled
20220317 031018.371 INFO             PET0 ESMF_LAPACK                 : enabled
20220317 031018.371 INFO             PET0 ESMF_NETCDF                 : enabled
20220317 031018.371 INFO             PET0 ESMF_PNETCDF                : disabled
20220317 031018.371 INFO             PET0 ESMF_PIO                    : disabled
20220317 031018.371 INFO             PET0 ESMF_YAMLCPP                : enabled
20220317 031018.376 INFO             PET0  NUMBER_OF_PROCESSORS           1
20220317 031018.376 INFO             PET0  PASS  Example ESMF_FieldArbGridEx, ESMF_FieldArbGridEx.F90, line 243
20220317 031018.376 INFO             PET0 Finalizing ESMF
