build time -- 2022-03-08 03:05:11
20220308 043351.504 INFO             PET0 !!!!!!!!!!!!!!!!!!!!!!!!!!!!!!!!!!!!!!!!!!!!!!!!!!!!!!
20220308 043351.504 INFO             PET0 !!! THE ESMF_LOG IS SET TO OUTPUT ALL LOG MESSAGES !!!
20220308 043351.504 INFO             PET0 !!!     THIS MAY CAUSE SLOWDOWN IN PERFORMANCE     !!!
20220308 043351.504 INFO             PET0 !!! FOR PRODUCTION RUNS, USE:                      !!!
20220308 043351.504 INFO             PET0 !!!                   ESMF_LOGKIND_Multi_On_Error  !!!
20220308 043351.504 INFO             PET0 !!!!!!!!!!!!!!!!!!!!!!!!!!!!!!!!!!!!!!!!!!!!!!!!!!!!!!
20220308 043351.504 INFO             PET0 Running with ESMF Version   : v8.3.0b09
20220308 043351.504 INFO             PET0 ESMF library build date/time: "Mar  8 2022" "03:03:58"
20220308 043351.504 INFO             PET0 ESMF library build location : /work/noaa/da/mpotts/sandbox/gfortran_8.3.0_mpiuni_g_develop
20220308 043351.504 INFO             PET0 ESMF_COMM                   : mpiuni
20220308 043351.505 INFO             PET0 ESMF_MOAB                   : enabled
20220308 043351.505 INFO             PET0 ESMF_LAPACK                 : enabled
20220308 043351.505 INFO             PET0 ESMF_NETCDF                 : enabled
20220308 043351.505 INFO             PET0 ESMF_PNETCDF                : disabled
20220308 043351.505 INFO             PET0 ESMF_PIO                    : disabled
20220308 043351.505 INFO             PET0 ESMF_YAMLCPP                : enabled
20220308 043351.507 INFO             PET0  NUMBER_OF_PROCESSORS           1
20220308 043351.507 INFO             PET0  PASS  Example ESMF_AttachMethodsEx, ESMF_AttachMethodsEx.F90, line 292
20220308 043351.507 INFO             PET0 Finalizing ESMF
