build time -- 2022-03-26 02:31:32
20220326 031528.969 INFO             PET0 !!!!!!!!!!!!!!!!!!!!!!!!!!!!!!!!!!!!!!!!!!!!!!!!!!!!!!
20220326 031528.969 INFO             PET0 !!! THE ESMF_LOG IS SET TO OUTPUT ALL LOG MESSAGES !!!
20220326 031528.969 INFO             PET0 !!!     THIS MAY CAUSE SLOWDOWN IN PERFORMANCE     !!!
20220326 031528.969 INFO             PET0 !!! FOR PRODUCTION RUNS, USE:                      !!!
20220326 031528.969 INFO             PET0 !!!                   ESMF_LOGKIND_Multi_On_Error  !!!
20220326 031528.969 INFO             PET0 !!!!!!!!!!!!!!!!!!!!!!!!!!!!!!!!!!!!!!!!!!!!!!!!!!!!!!
20220326 031528.969 INFO             PET0 Running with ESMF Version   : v8.3.0b10-105-ga5295e3
20220326 031528.970 INFO             PET0 ESMF library build date/time: "Mar 26 2022" "02:30:23"
20220326 031528.970 INFO             PET0 ESMF library build location : /work/noaa/da/mpotts/sandbox/gfortran_8.3.0_mpiuni_g_develop
20220326 031528.970 INFO             PET0 ESMF_COMM                   : mpiuni
20220326 031528.971 INFO             PET0 ESMF_MOAB                   : enabled
20220326 031528.971 INFO             PET0 ESMF_LAPACK                 : enabled
20220326 031528.971 INFO             PET0 ESMF_NETCDF                 : enabled
20220326 031528.971 INFO             PET0 ESMF_PNETCDF                : disabled
20220326 031528.971 INFO             PET0 ESMF_PIO                    : disabled
20220326 031528.971 INFO             PET0 ESMF_YAMLCPP                : enabled
20220326 031528.975 ERROR            PET0 ESMCI_Info.C:1278 Info::set(<json>) Cannot set value  - Error/Return Code 540 (ESMC_RC_CANNOT_SET) - Key '/myIntegerKey' already in map and force=false.
20220326 031528.975 ERROR            PET0 ESMCI_Info.C:1281 Info::set(<json>) Cannot set value  - Internal subroutine call returned Error
20220326 031528.975 ERROR            PET0 ESMCI_Info.C:1323 Info::set(<json>) Cannot set value  - Internal subroutine call returned Error
20220326 031528.975 ERROR            PET0 ESMCI_Info.C:1326 Info::set(<json>) Cannot set value  - Internal subroutine call returned Error
20220326 031528.975 ERROR            PET0 ESMCI_Info.C:1374 Info::set(<scalar>) Cannot set value  - Internal subroutine call returned Error
20220326 031528.975 ERROR            PET0 ESMC_InfoCDefGeneric.C:387 ESMC_InfoSetI4() Cannot set value  - Internal subroutine call returned Error
20220326 031528.975 ERROR            PET0 ESMF_Info.F90:2866 ESMF_InfoSetI4() Cannot set value  - Internal subroutine call returned Error
20220326 031528.978 INFO             PET0  NUMBER_OF_PROCESSORS           1
20220326 031528.979 INFO             PET0  PASS  Example ESMF_InfoTutorialEx, ESMF_InfoTutorialEx.F90, line 335
20220326 031528.979 INFO             PET0 Finalizing ESMF
