build time -- 2022-03-05 01:16:04.949994
20220305 013729.723 INFO             PET0 !!!!!!!!!!!!!!!!!!!!!!!!!!!!!!!!!!!!!!!!!!!!!!!!!!!!!!
20220305 013729.723 INFO             PET0 !!! THE ESMF_LOG IS SET TO OUTPUT ALL LOG MESSAGES !!!
20220305 013729.723 INFO             PET0 !!!     THIS MAY CAUSE SLOWDOWN IN PERFORMANCE     !!!
20220305 013729.723 INFO             PET0 !!! FOR PRODUCTION RUNS, USE:                      !!!
20220305 013729.723 INFO             PET0 !!!                   ESMF_LOGKIND_Multi_On_Error  !!!
20220305 013729.723 INFO             PET0 !!!!!!!!!!!!!!!!!!!!!!!!!!!!!!!!!!!!!!!!!!!!!!!!!!!!!!
20220305 013729.723 INFO             PET0 Running with ESMF Version   : v8.3.0b08-90-g763a12848c
20220305 013729.723 INFO             PET0 ESMF library build date/time: "Mar  5 2022" "01:14:32"
20220305 013729.723 INFO             PET0 ESMF library build location : /gpfsm/dnb04/projects/p98/mpotts/esmf/gfortran_8.3.0_mpt_g_jedwards_pio_update2
20220305 013729.723 INFO             PET0 ESMF_COMM                   : mpt
20220305 013729.724 INFO             PET0 ESMF_MOAB                   : enabled
20220305 013729.724 INFO             PET0 ESMF_LAPACK                 : enabled
20220305 013729.724 INFO             PET0 ESMF_NETCDF                 : disabled
20220305 013729.724 INFO             PET0 ESMF_PNETCDF                : disabled
20220305 013729.724 INFO             PET0 ESMF_PIO                    : disabled
20220305 013729.724 INFO             PET0 ESMF_YAMLCPP                : enabled
20220305 013729.724 INFO             PET0  NUMBER_OF_PROCESSORS           1
20220305 013729.724 INFO             PET0  PASS  Example ESMF_TimeEx, ESMF_TimeEx.F90, line 141
20220305 013729.724 INFO             PET0 Finalizing ESMF
20220305 013729.724 INFO             PET0 ESMCI_IO_Handler.C:356 ESMCI::IO_Handler::finalize() before return, localrc = 0
