build time -- 2022-03-17 01:16:48.500071
20220317 013722.685 INFO             PET0 !!!!!!!!!!!!!!!!!!!!!!!!!!!!!!!!!!!!!!!!!!!!!!!!!!!!!!
20220317 013722.685 INFO             PET0 !!! THE ESMF_LOG IS SET TO OUTPUT ALL LOG MESSAGES !!!
20220317 013722.685 INFO             PET0 !!!     THIS MAY CAUSE SLOWDOWN IN PERFORMANCE     !!!
20220317 013722.685 INFO             PET0 !!! FOR PRODUCTION RUNS, USE:                      !!!
20220317 013722.685 INFO             PET0 !!!                   ESMF_LOGKIND_Multi_On_Error  !!!
20220317 013722.685 INFO             PET0 !!!!!!!!!!!!!!!!!!!!!!!!!!!!!!!!!!!!!!!!!!!!!!!!!!!!!!
20220317 013722.685 INFO             PET0 Running with ESMF Version   : v8.3.0b09-100-g5ff85a963f
20220317 013722.685 INFO             PET0 ESMF library build date/time: "Mar 17 2022" "01:15:19"
20220317 013722.685 INFO             PET0 ESMF library build location : /gpfsm/dnb04/projects/p98/mpotts/esmf/gfortran_8.3.0_mpt_g_jedwards_pio_update2
20220317 013722.685 INFO             PET0 ESMF_COMM                   : mpt
20220317 013722.685 INFO             PET0 ESMF_MOAB                   : enabled
20220317 013722.685 INFO             PET0 ESMF_LAPACK                 : enabled
20220317 013722.685 INFO             PET0 ESMF_NETCDF                 : disabled
20220317 013722.685 INFO             PET0 ESMF_PNETCDF                : disabled
20220317 013722.685 INFO             PET0 ESMF_PIO                    : disabled
20220317 013722.685 INFO             PET0 ESMF_YAMLCPP                : enabled
20220317 013722.685 INFO             PET0  NUMBER_OF_PROCESSORS           4
20220317 013722.685 INFO             PET0  PASS  Example ESMF_VMUserMpiCommMultiEx, ESMF_VMUserMpiCommMultiEx.F90, line 126
20220317 013722.685 INFO             PET0 Finalizing ESMF
20220317 013722.685 INFO             PET0 !!!!!!!!!!!!!!!!!!!!!!!!!!!!!!!!!!!!!!!!!!!!!!!!!!!!!!
20220317 013722.685 INFO             PET0 !!! THE ESMF_LOG IS SET TO OUTPUT ALL LOG MESSAGES !!!
20220317 013722.685 INFO             PET0 !!!     THIS MAY CAUSE SLOWDOWN IN PERFORMANCE     !!!
20220317 013722.685 INFO             PET0 !!! FOR PRODUCTION RUNS, USE:                      !!!
20220317 013722.685 INFO             PET0 !!!                   ESMF_LOGKIND_Multi_On_Error  !!!
20220317 013722.685 INFO             PET0 !!!!!!!!!!!!!!!!!!!!!!!!!!!!!!!!!!!!!!!!!!!!!!!!!!!!!!
20220317 013722.685 INFO             PET0 Running with ESMF Version   : v8.3.0b09-100-g5ff85a963f
20220317 013722.685 INFO             PET0 ESMF library build date/time: "Mar 17 2022" "01:15:19"
20220317 013722.685 INFO             PET0 ESMF library build location : /gpfsm/dnb04/projects/p98/mpotts/esmf/gfortran_8.3.0_mpt_g_jedwards_pio_update2
20220317 013722.685 INFO             PET0 ESMF_COMM                   : mpt
20220317 013722.685 INFO             PET0 ESMF_MOAB                   : enabled
20220317 013722.685 INFO             PET0 ESMF_LAPACK                 : enabled
20220317 013722.685 INFO             PET0 ESMF_NETCDF                 : disabled
20220317 013722.685 INFO             PET0 ESMF_PNETCDF                : disabled
20220317 013722.685 INFO             PET0 ESMF_PIO                    : disabled
20220317 013722.685 INFO             PET0 ESMF_YAMLCPP                : enabled
20220317 013722.685 INFO             PET0  NUMBER_OF_PROCESSORS           4
20220317 013722.685 INFO             PET0  PASS  Example ESMF_VMUserMpiCommMultiEx, ESMF_VMUserMpiCommMultiEx.F90, line 154
20220317 013722.685 INFO             PET0 Finalizing ESMF
20220317 013722.685 INFO             PET1 !!!!!!!!!!!!!!!!!!!!!!!!!!!!!!!!!!!!!!!!!!!!!!!!!!!!!!
20220317 013722.685 INFO             PET1 !!! THE ESMF_LOG IS SET TO OUTPUT ALL LOG MESSAGES !!!
20220317 013722.685 INFO             PET1 !!!     THIS MAY CAUSE SLOWDOWN IN PERFORMANCE     !!!
20220317 013722.685 INFO             PET1 !!! FOR PRODUCTION RUNS, USE:                      !!!
20220317 013722.685 INFO             PET1 !!!                   ESMF_LOGKIND_Multi_On_Error  !!!
20220317 013722.685 INFO             PET1 !!!!!!!!!!!!!!!!!!!!!!!!!!!!!!!!!!!!!!!!!!!!!!!!!!!!!!
20220317 013722.685 INFO             PET1 Running with ESMF Version   : v8.3.0b09-100-g5ff85a963f
20220317 013722.685 INFO             PET1 ESMF library build date/time: "Mar 17 2022" "01:15:19"
20220317 013722.685 INFO             PET1 ESMF library build location : /gpfsm/dnb04/projects/p98/mpotts/esmf/gfortran_8.3.0_mpt_g_jedwards_pio_update2
20220317 013722.685 INFO             PET1 ESMF_COMM                   : mpt
20220317 013722.685 INFO             PET1 ESMF_MOAB                   : enabled
20220317 013722.685 INFO             PET1 ESMF_LAPACK                 : enabled
20220317 013722.685 INFO             PET1 ESMF_NETCDF                 : disabled
20220317 013722.685 INFO             PET1 ESMF_PNETCDF                : disabled
20220317 013722.685 INFO             PET1 ESMF_PIO                    : disabled
20220317 013722.685 INFO             PET1 ESMF_YAMLCPP                : enabled
20220317 013722.685 INFO             PET1  NUMBER_OF_PROCESSORS           4
20220317 013722.685 INFO             PET1  PASS  Example ESMF_VMUserMpiCommMultiEx, ESMF_VMUserMpiCommMultiEx.F90, line 126
20220317 013722.685 INFO             PET1 Finalizing ESMF
20220317 013722.684 INFO             PET1 !!!!!!!!!!!!!!!!!!!!!!!!!!!!!!!!!!!!!!!!!!!!!!!!!!!!!!
20220317 013722.684 INFO             PET1 !!! THE ESMF_LOG IS SET TO OUTPUT ALL LOG MESSAGES !!!
20220317 013722.684 INFO             PET1 !!!     THIS MAY CAUSE SLOWDOWN IN PERFORMANCE     !!!
20220317 013722.684 INFO             PET1 !!! FOR PRODUCTION RUNS, USE:                      !!!
20220317 013722.684 INFO             PET1 !!!                   ESMF_LOGKIND_Multi_On_Error  !!!
20220317 013722.684 INFO             PET1 !!!!!!!!!!!!!!!!!!!!!!!!!!!!!!!!!!!!!!!!!!!!!!!!!!!!!!
20220317 013722.684 INFO             PET1 Running with ESMF Version   : v8.3.0b09-100-g5ff85a963f
20220317 013722.684 INFO             PET1 ESMF library build date/time: "Mar 17 2022" "01:15:19"
20220317 013722.684 INFO             PET1 ESMF library build location : /gpfsm/dnb04/projects/p98/mpotts/esmf/gfortran_8.3.0_mpt_g_jedwards_pio_update2
20220317 013722.684 INFO             PET1 ESMF_COMM                   : mpt
20220317 013722.685 INFO             PET1 ESMF_MOAB                   : enabled
20220317 013722.685 INFO             PET1 ESMF_LAPACK                 : enabled
20220317 013722.685 INFO             PET1 ESMF_NETCDF                 : disabled
20220317 013722.685 INFO             PET1 ESMF_PNETCDF                : disabled
20220317 013722.685 INFO             PET1 ESMF_PIO                    : disabled
20220317 013722.685 INFO             PET1 ESMF_YAMLCPP                : enabled
20220317 013722.685 INFO             PET1  NUMBER_OF_PROCESSORS           4
20220317 013722.685 INFO             PET1  PASS  Example ESMF_VMUserMpiCommMultiEx, ESMF_VMUserMpiCommMultiEx.F90, line 154
20220317 013722.685 INFO             PET1 Finalizing ESMF
