build time -- 2022-03-05 01:16:04.949994
20220305 013831.746 INFO             PET0 !!!!!!!!!!!!!!!!!!!!!!!!!!!!!!!!!!!!!!!!!!!!!!!!!!!!!!
20220305 013831.746 INFO             PET0 !!! THE ESMF_LOG IS SET TO OUTPUT ALL LOG MESSAGES !!!
20220305 013831.746 INFO             PET0 !!!     THIS MAY CAUSE SLOWDOWN IN PERFORMANCE     !!!
20220305 013831.746 INFO             PET0 !!! FOR PRODUCTION RUNS, USE:                      !!!
20220305 013831.746 INFO             PET0 !!!                   ESMF_LOGKIND_Multi_On_Error  !!!
20220305 013831.746 INFO             PET0 !!!!!!!!!!!!!!!!!!!!!!!!!!!!!!!!!!!!!!!!!!!!!!!!!!!!!!
20220305 013831.746 INFO             PET0 Running with ESMF Version   : v8.3.0b08-90-g763a12848c
20220305 013831.746 INFO             PET0 ESMF library build date/time: "Mar  5 2022" "01:14:32"
20220305 013831.746 INFO             PET0 ESMF library build location : /gpfsm/dnb04/projects/p98/mpotts/esmf/gfortran_8.3.0_mpt_g_jedwards_pio_update2
20220305 013831.746 INFO             PET0 ESMF_COMM                   : mpt
20220305 013831.746 INFO             PET0 ESMF_MOAB                   : enabled
20220305 013831.746 INFO             PET0 ESMF_LAPACK                 : enabled
20220305 013831.746 INFO             PET0 ESMF_NETCDF                 : disabled
20220305 013831.746 INFO             PET0 ESMF_PNETCDF                : disabled
20220305 013831.746 INFO             PET0 ESMF_PIO                    : disabled
20220305 013831.746 INFO             PET0 ESMF_YAMLCPP                : enabled
20220305 013831.841 DEBUG            PET0 about to destroy Grid: 0x17abc70
20220305 013831.859 DEBUG            PET0 about to destroy Grid: 0x17ad320
20220305 013831.890 INFO             PET0  NUMBER_OF_PROCESSORS           4
20220305 013831.890 INFO             PET0  PASS  Example ESMF_NUOPCAtmModelEx, ESMF_NUOPCAtmModelEx.F90, line 806
20220305 013831.890 INFO             PET0 Finalizing ESMF
20220305 013831.890 INFO             PET0 ESMCI_IO_Handler.C:356 ESMCI::IO_Handler::finalize() before return, localrc = 0
20220305 013831.746 INFO             PET1 !!!!!!!!!!!!!!!!!!!!!!!!!!!!!!!!!!!!!!!!!!!!!!!!!!!!!!
20220305 013831.746 INFO             PET1 !!! THE ESMF_LOG IS SET TO OUTPUT ALL LOG MESSAGES !!!
20220305 013831.746 INFO             PET1 !!!     THIS MAY CAUSE SLOWDOWN IN PERFORMANCE     !!!
20220305 013831.746 INFO             PET1 !!! FOR PRODUCTION RUNS, USE:                      !!!
20220305 013831.746 INFO             PET1 !!!                   ESMF_LOGKIND_Multi_On_Error  !!!
20220305 013831.746 INFO             PET1 !!!!!!!!!!!!!!!!!!!!!!!!!!!!!!!!!!!!!!!!!!!!!!!!!!!!!!
20220305 013831.746 INFO             PET1 Running with ESMF Version   : v8.3.0b08-90-g763a12848c
20220305 013831.746 INFO             PET1 ESMF library build date/time: "Mar  5 2022" "01:14:32"
20220305 013831.746 INFO             PET1 ESMF library build location : /gpfsm/dnb04/projects/p98/mpotts/esmf/gfortran_8.3.0_mpt_g_jedwards_pio_update2
20220305 013831.746 INFO             PET1 ESMF_COMM                   : mpt
20220305 013831.746 INFO             PET1 ESMF_MOAB                   : enabled
20220305 013831.746 INFO             PET1 ESMF_LAPACK                 : enabled
20220305 013831.746 INFO             PET1 ESMF_NETCDF                 : disabled
20220305 013831.746 INFO             PET1 ESMF_PNETCDF                : disabled
20220305 013831.746 INFO             PET1 ESMF_PIO                    : disabled
20220305 013831.746 INFO             PET1 ESMF_YAMLCPP                : enabled
20220305 013831.841 DEBUG            PET1 about to destroy Grid: 0x17ac2a0
20220305 013831.859 DEBUG            PET1 about to destroy Grid: 0x17ade30
20220305 013831.890 INFO             PET1  NUMBER_OF_PROCESSORS           4
20220305 013831.890 INFO             PET1  PASS  Example ESMF_NUOPCAtmModelEx, ESMF_NUOPCAtmModelEx.F90, line 806
20220305 013831.890 INFO             PET1 Finalizing ESMF
20220305 013831.890 INFO             PET1 ESMCI_IO_Handler.C:356 ESMCI::IO_Handler::finalize() before return, localrc = 0
20220305 013831.746 INFO             PET2 !!!!!!!!!!!!!!!!!!!!!!!!!!!!!!!!!!!!!!!!!!!!!!!!!!!!!!
20220305 013831.746 INFO             PET2 !!! THE ESMF_LOG IS SET TO OUTPUT ALL LOG MESSAGES !!!
20220305 013831.746 INFO             PET2 !!!     THIS MAY CAUSE SLOWDOWN IN PERFORMANCE     !!!
20220305 013831.746 INFO             PET2 !!! FOR PRODUCTION RUNS, USE:                      !!!
20220305 013831.746 INFO             PET2 !!!                   ESMF_LOGKIND_Multi_On_Error  !!!
20220305 013831.746 INFO             PET2 !!!!!!!!!!!!!!!!!!!!!!!!!!!!!!!!!!!!!!!!!!!!!!!!!!!!!!
20220305 013831.746 INFO             PET2 Running with ESMF Version   : v8.3.0b08-90-g763a12848c
20220305 013831.746 INFO             PET2 ESMF library build date/time: "Mar  5 2022" "01:14:32"
20220305 013831.746 INFO             PET2 ESMF library build location : /gpfsm/dnb04/projects/p98/mpotts/esmf/gfortran_8.3.0_mpt_g_jedwards_pio_update2
20220305 013831.746 INFO             PET2 ESMF_COMM                   : mpt
20220305 013831.746 INFO             PET2 ESMF_MOAB                   : enabled
20220305 013831.746 INFO             PET2 ESMF_LAPACK                 : enabled
20220305 013831.746 INFO             PET2 ESMF_NETCDF                 : disabled
20220305 013831.746 INFO             PET2 ESMF_PNETCDF                : disabled
20220305 013831.746 INFO             PET2 ESMF_PIO                    : disabled
20220305 013831.746 INFO             PET2 ESMF_YAMLCPP                : enabled
20220305 013831.841 DEBUG            PET2 about to destroy Grid: 0x17abc10
20220305 013831.859 DEBUG            PET2 about to destroy Grid: 0x17accb0
20220305 013831.890 INFO             PET2  NUMBER_OF_PROCESSORS           4
20220305 013831.890 INFO             PET2  PASS  Example ESMF_NUOPCAtmModelEx, ESMF_NUOPCAtmModelEx.F90, line 806
20220305 013831.890 INFO             PET2 Finalizing ESMF
20220305 013831.890 INFO             PET2 ESMCI_IO_Handler.C:356 ESMCI::IO_Handler::finalize() before return, localrc = 0
20220305 013831.745 INFO             PET3 !!!!!!!!!!!!!!!!!!!!!!!!!!!!!!!!!!!!!!!!!!!!!!!!!!!!!!
20220305 013831.746 INFO             PET3 !!! THE ESMF_LOG IS SET TO OUTPUT ALL LOG MESSAGES !!!
20220305 013831.746 INFO             PET3 !!!     THIS MAY CAUSE SLOWDOWN IN PERFORMANCE     !!!
20220305 013831.746 INFO             PET3 !!! FOR PRODUCTION RUNS, USE:                      !!!
20220305 013831.746 INFO             PET3 !!!                   ESMF_LOGKIND_Multi_On_Error  !!!
20220305 013831.746 INFO             PET3 !!!!!!!!!!!!!!!!!!!!!!!!!!!!!!!!!!!!!!!!!!!!!!!!!!!!!!
20220305 013831.746 INFO             PET3 Running with ESMF Version   : v8.3.0b08-90-g763a12848c
20220305 013831.746 INFO             PET3 ESMF library build date/time: "Mar  5 2022" "01:14:32"
20220305 013831.746 INFO             PET3 ESMF library build location : /gpfsm/dnb04/projects/p98/mpotts/esmf/gfortran_8.3.0_mpt_g_jedwards_pio_update2
20220305 013831.746 INFO             PET3 ESMF_COMM                   : mpt
20220305 013831.746 INFO             PET3 ESMF_MOAB                   : enabled
20220305 013831.746 INFO             PET3 ESMF_LAPACK                 : enabled
20220305 013831.746 INFO             PET3 ESMF_NETCDF                 : disabled
20220305 013831.746 INFO             PET3 ESMF_PNETCDF                : disabled
20220305 013831.746 INFO             PET3 ESMF_PIO                    : disabled
20220305 013831.746 INFO             PET3 ESMF_YAMLCPP                : enabled
20220305 013831.841 DEBUG            PET3 about to destroy Grid: 0x17ab910
20220305 013831.859 DEBUG            PET3 about to destroy Grid: 0x17ad130
20220305 013831.890 INFO             PET3  NUMBER_OF_PROCESSORS           4
20220305 013831.890 INFO             PET3  PASS  Example ESMF_NUOPCAtmModelEx, ESMF_NUOPCAtmModelEx.F90, line 806
20220305 013831.890 INFO             PET3 Finalizing ESMF
20220305 013831.890 INFO             PET3 ESMCI_IO_Handler.C:356 ESMCI::IO_Handler::finalize() before return, localrc = 0
