build time -- 2022-03-24 02:17:51.165556
20220324 032041.750 INFO             PET0 !!!!!!!!!!!!!!!!!!!!!!!!!!!!!!!!!!!!!!!!!!!!!!!!!!!!!!
20220324 032041.751 INFO             PET0 !!! THE ESMF_LOG IS SET TO OUTPUT ALL LOG MESSAGES !!!
20220324 032041.751 INFO             PET0 !!!     THIS MAY CAUSE SLOWDOWN IN PERFORMANCE     !!!
20220324 032041.751 INFO             PET0 !!! FOR PRODUCTION RUNS, USE:                      !!!
20220324 032041.751 INFO             PET0 !!!                   ESMF_LOGKIND_Multi_On_Error  !!!
20220324 032041.751 INFO             PET0 !!!!!!!!!!!!!!!!!!!!!!!!!!!!!!!!!!!!!!!!!!!!!!!!!!!!!!
20220324 032041.751 INFO             PET0 Running with ESMF Version   : v8.3.0b09-103-gbb860f29f6
20220324 032041.762 INFO             PET0 ESMF library build date/time: "Mar 24 2022" "02:13:11"
20220324 032041.770 INFO             PET0 ESMF library build location : /gpfsm/dnb04/projects/p98/mpotts/esmf/pgi_2020_mpiuni_g_jedwards_pio_update2
20220324 032041.770 INFO             PET0 ESMF_COMM                   : mpiuni
20220324 032041.773 INFO             PET0 ESMF_MOAB                   : enabled
20220324 032041.773 INFO             PET0 ESMF_LAPACK                 : enabled
20220324 032041.773 INFO             PET0 ESMF_NETCDF                 : disabled
20220324 032041.773 INFO             PET0 ESMF_PNETCDF                : disabled
20220324 032041.773 INFO             PET0 ESMF_PIO                    : disabled
20220324 032041.773 INFO             PET0 ESMF_YAMLCPP                : enabled
20220324 032041.788 INFO             PET0 Log Write 2
20220324 032041.817 ERROR            PET0 Invalid object  - Convergence failure
20220324 032041.821 ERROR            PET0 ESMCI_Fraction.C:1444 ESMCI::Fraction::validate() must have non-zero denominator.
20220324 032041.822 ERROR            PET0 ESMCI_Time.C:838 ESMCI::Time::syncToRealTime() Wrong argument specified  - ; calkindflag is JULIANDAY, MODJULIANDAY or NOCALENDAR.
20220324 032041.822 ERROR            PET0 ESMF_Time.F90:1485 ESMF_TimeSyncToRealTime() Wrong argument specified  - Internal subroutine call returned Error
20220324 032041.822 ERROR            PET0 Wrong argument specified  - getting wall clock time
20220324 032041.822 INFO             PET0  NUMBER_OF_PROCESSORS            1
20220324 032041.822 INFO             PET0  PASS  Example ESMF_LogErrEx, ESMF_LogErrEx.F90, line 186
20220324 032041.822 INFO             PET0 Finalizing ESMF
