build time -- 2022-03-08 02:12:04.732872
20220308 031047.256 INFO             PET0 !!!!!!!!!!!!!!!!!!!!!!!!!!!!!!!!!!!!!!!!!!!!!!!!!!!!!!
20220308 031047.256 INFO             PET0 !!! THE ESMF_LOG IS SET TO OUTPUT ALL LOG MESSAGES !!!
20220308 031047.256 INFO             PET0 !!!     THIS MAY CAUSE SLOWDOWN IN PERFORMANCE     !!!
20220308 031047.256 INFO             PET0 !!! FOR PRODUCTION RUNS, USE:                      !!!
20220308 031047.256 INFO             PET0 !!!                   ESMF_LOGKIND_Multi_On_Error  !!!
20220308 031047.256 INFO             PET0 !!!!!!!!!!!!!!!!!!!!!!!!!!!!!!!!!!!!!!!!!!!!!!!!!!!!!!
20220308 031047.256 INFO             PET0 Running with ESMF Version   : v8.3.0b08-93-g7b747143aa
20220308 031047.256 INFO             PET0 ESMF library build date/time: "Mar  8 2022" "02:08:06"
20220308 031047.256 INFO             PET0 ESMF library build location : /gpfsm/dnb04/projects/p98/mpotts/esmf/pgi_2020_mpiuni_g_jedwards_pio_update2
20220308 031047.256 INFO             PET0 ESMF_COMM                   : mpiuni
20220308 031047.256 INFO             PET0 ESMF_MOAB                   : enabled
20220308 031047.256 INFO             PET0 ESMF_LAPACK                 : enabled
20220308 031047.256 INFO             PET0 ESMF_NETCDF                 : disabled
20220308 031047.256 INFO             PET0 ESMF_PNETCDF                : disabled
20220308 031047.257 INFO             PET0 ESMF_PIO                    : disabled
20220308 031047.257 INFO             PET0 ESMF_YAMLCPP                : enabled
20220308 031047.257 INFO             PET0 ESMF Tracing Enabled
20220308 031047.257 INFO             PET0 ESMF Profiling Enabled
20220308 031047.257 INFO             PET0 ESMF Trace/Profile clock: REALTIME
20220308 031047.372 INFO             PET0  NUMBER_OF_PROCESSORS            1
20220308 031047.372 INFO             PET0  PASS  Example ESMF_TraceEx, ESMF_TraceEx.F90, line 178
20220308 031047.372 INFO             PET0 Finalizing ESMF
20220308 031047.372 INFO             PET0 **************** Region Timings *******************
20220308 031047.372 INFO             PET0 Region              Count  Total (s)   Self (s)    Mean (s)    Min (s)     Max (s)
20220308 031047.372 INFO             PET0   [test] Init 1     1      0.0000      0.0000      0.0000      0.0000      0.0000
20220308 031047.372 INFO             PET0   [test] Run 1      5      0.0000      0.0000      0.0000      0.0000      0.0000
20220308 031047.372 INFO             PET0   [test] Final 1    1      0.0000      0.0000      0.0000      0.0000      0.0000
20220308 031047.374 INFO             PET0 ESMCI_IO_Handler.C:356 ESMCI::IO_Handler::finalize() before return, localrc = 0
