build time -- 2022-03-09 02:15:14.564460
20220309 031716.125 INFO             PET0 !!!!!!!!!!!!!!!!!!!!!!!!!!!!!!!!!!!!!!!!!!!!!!!!!!!!!!
20220309 031716.125 INFO             PET0 !!! THE ESMF_LOG IS SET TO OUTPUT ALL LOG MESSAGES !!!
20220309 031716.125 INFO             PET0 !!!     THIS MAY CAUSE SLOWDOWN IN PERFORMANCE     !!!
20220309 031716.125 INFO             PET0 !!! FOR PRODUCTION RUNS, USE:                      !!!
20220309 031716.125 INFO             PET0 !!!                   ESMF_LOGKIND_Multi_On_Error  !!!
20220309 031716.125 INFO             PET0 !!!!!!!!!!!!!!!!!!!!!!!!!!!!!!!!!!!!!!!!!!!!!!!!!!!!!!
20220309 031716.125 INFO             PET0 Running with ESMF Version   : v8.3.0b09-93-ga567ee5dcd
20220309 031716.125 INFO             PET0 ESMF library build date/time: "Mar  9 2022" "02:10:54"
20220309 031716.125 INFO             PET0 ESMF library build location : /gpfsm/dnb04/projects/p98/mpotts/esmf/pgi_2020_mpiuni_g_jedwards_pio_update2
20220309 031716.125 INFO             PET0 ESMF_COMM                   : mpiuni
20220309 031716.125 INFO             PET0 ESMF_MOAB                   : enabled
20220309 031716.125 INFO             PET0 ESMF_LAPACK                 : enabled
20220309 031716.125 INFO             PET0 ESMF_NETCDF                 : disabled
20220309 031716.125 INFO             PET0 ESMF_PNETCDF                : disabled
20220309 031716.125 INFO             PET0 ESMF_PIO                    : disabled
20220309 031716.125 INFO             PET0 ESMF_YAMLCPP                : enabled
20220309 031716.126 ERROR            PET0 ESMCI_Info.C:1278 Info::set(<json>) Cannot set value  - Error/Return Code 540 (ESMC_RC_CANNOT_SET) - Key '/myIntegerKey' already in map and force=false.
20220309 031716.139 ERROR            PET0 ESMCI_Info.C:1281 Info::set(<json>) Cannot set value  - Internal subroutine call returned Error
20220309 031716.139 ERROR            PET0 ESMCI_Info.C:1323 Info::set(<json>) Cannot set value  - Internal subroutine call returned Error
20220309 031716.139 ERROR            PET0 ESMCI_Info.C:1326 Info::set(<json>) Cannot set value  - Internal subroutine call returned Error
20220309 031716.140 ERROR            PET0 ESMCI_Info.C:1374 Info::set(<scalar>) Cannot set value  - Internal subroutine call returned Error
20220309 031716.154 ERROR            PET0 ESMC_InfoCDefGeneric.C:387 ESMC_InfoSetI4() Cannot set value  - Internal subroutine call returned Error
20220309 031716.154 ERROR            PET0 ESMF_Info.F90:2866 ESMF_InfoSetI4() Cannot set value  - Internal subroutine call returned Error
20220309 031716.155 INFO             PET0  NUMBER_OF_PROCESSORS            1
20220309 031716.155 INFO             PET0  PASS  Example ESMF_InfoTutorialEx, ESMF_InfoTutorialEx.F90, line 335
20220309 031716.155 INFO             PET0 Finalizing ESMF
20220309 031716.155 INFO             PET0 ESMCI_IO_Handler.C:356 ESMCI::IO_Handler::finalize() before return, localrc = 0
