build time -- 2022-03-21 01:51:47.870230
20220321 025030.902 INFO             PET0 !!!!!!!!!!!!!!!!!!!!!!!!!!!!!!!!!!!!!!!!!!!!!!!!!!!!!!
20220321 025030.902 INFO             PET0 !!! THE ESMF_LOG IS SET TO OUTPUT ALL LOG MESSAGES !!!
20220321 025030.902 INFO             PET0 !!!     THIS MAY CAUSE SLOWDOWN IN PERFORMANCE     !!!
20220321 025030.902 INFO             PET0 !!! FOR PRODUCTION RUNS, USE:                      !!!
20220321 025030.902 INFO             PET0 !!!                   ESMF_LOGKIND_Multi_On_Error  !!!
20220321 025030.902 INFO             PET0 !!!!!!!!!!!!!!!!!!!!!!!!!!!!!!!!!!!!!!!!!!!!!!!!!!!!!!
20220321 025030.902 INFO             PET0 Running with ESMF Version   : v8.3.0b09-102-gabaf3ef548
20220321 025030.902 INFO             PET0 ESMF library build date/time: "Mar 21 2022" "01:47:49"
20220321 025030.902 INFO             PET0 ESMF library build location : /gpfsm/dnb04/projects/p98/mpotts/esmf/pgi_2020_mpiuni_g_jedwards_pio_update2
20220321 025030.902 INFO             PET0 ESMF_COMM                   : mpiuni
20220321 025030.902 INFO             PET0 ESMF_MOAB                   : enabled
20220321 025030.902 INFO             PET0 ESMF_LAPACK                 : enabled
20220321 025030.902 INFO             PET0 ESMF_NETCDF                 : disabled
20220321 025030.902 INFO             PET0 ESMF_PNETCDF                : disabled
20220321 025030.902 INFO             PET0 ESMF_PIO                    : disabled
20220321 025030.902 INFO             PET0 ESMF_YAMLCPP                : enabled
20220321 025030.904 INFO             PET0  NUMBER_OF_PROCESSORS            1
20220321 025030.904 INFO             PET0  PASS  Example ESMF_GCompEx, ESMF_GCompEx.F90, line 465
20220321 025030.904 INFO             PET0 Finalizing ESMF
