Sat Mar 26 00:07:06 MDT 2022
 
Installing ESMF:
 
mkdir -p /glade/scratch/rlong/esmf-testing/gfortran_10.1.0_mpt_g_develop/DEFAULTINSTALLDIR/include
cp -f /glade/scratch/rlong/esmf-testing/gfortran_10.1.0_mpt_g_develop/src/include/ESMC.h /glade/scratch/rlong/esmf-testing/gfortran_10.1.0_mpt_g_develop/DEFAULTINSTALLDIR/include
cp -f /glade/scratch/rlong/esmf-testing/gfortran_10.1.0_mpt_g_develop/src/include/ESMC_*.h /glade/scratch/rlong/esmf-testing/gfortran_10.1.0_mpt_g_develop/DEFAULTINSTALLDIR/include
cp -f /glade/scratch/rlong/esmf-testing/gfortran_10.1.0_mpt_g_develop/build_config/Linux.gfortran.default/ESMC_Conf.h /glade/scratch/rlong/esmf-testing/gfortran_10.1.0_mpt_g_develop/DEFAULTINSTALLDIR/include
mkdir -p /glade/scratch/rlong/esmf-testing/gfortran_10.1.0_mpt_g_develop/DEFAULTINSTALLDIR/mod/modg/Linux.gfortran.64.mpt.default
cp -f /glade/scratch/rlong/esmf-testing/gfortran_10.1.0_mpt_g_develop/mod/modg/Linux.gfortran.64.mpt.default/*.mod /glade/scratch/rlong/esmf-testing/gfortran_10.1.0_mpt_g_develop/DEFAULTINSTALLDIR/mod/modg/Linux.gfortran.64.mpt.default
mkdir -p /glade/scratch/rlong/esmf-testing/gfortran_10.1.0_mpt_g_develop/DEFAULTINSTALLDIR/lib/libg/Linux.gfortran.64.mpt.default
cp -f /glade/scratch/rlong/esmf-testing/gfortran_10.1.0_mpt_g_develop/lib/libg/Linux.gfortran.64.mpt.default/libesmf*.* /glade/scratch/rlong/esmf-testing/gfortran_10.1.0_mpt_g_develop/DEFAULTINSTALLDIR/lib/libg/Linux.gfortran.64.mpt.default
cp -f /glade/scratch/rlong/esmf-testing/gfortran_10.1.0_mpt_g_develop/lib/libg/Linux.gfortran.64.mpt.default/libpioc.* /glade/scratch/rlong/esmf-testing/gfortran_10.1.0_mpt_g_develop/DEFAULTINSTALLDIR/lib/libg/Linux.gfortran.64.mpt.default
make ESMF_PRELOADDIR=/glade/scratch/rlong/esmf-testing/gfortran_10.1.0_mpt_g_develop/DEFAULTINSTALLDIR/lib/libg/Linux.gfortran.64.mpt.default build_preload_script
make[1]: Entering directory '/glade/scratch/rlong/esmf-testing/gfortran_10.1.0_mpt_g_develop'
chmod 755 /glade/scratch/rlong/esmf-testing/gfortran_10.1.0_mpt_g_develop/DEFAULTINSTALLDIR/lib/libg/Linux.gfortran.64.mpt.default/preload.sh
make[1]: Leaving directory '/glade/scratch/rlong/esmf-testing/gfortran_10.1.0_mpt_g_develop'
ranlib /glade/scratch/rlong/esmf-testing/gfortran_10.1.0_mpt_g_develop/DEFAULTINSTALLDIR/lib/libg/Linux.gfortran.64.mpt.default/libesmf*.a
make install_apps
make[1]: Entering directory '/glade/scratch/rlong/esmf-testing/gfortran_10.1.0_mpt_g_develop'
mkdir -p /glade/scratch/rlong/esmf-testing/gfortran_10.1.0_mpt_g_develop/DEFAULTINSTALLDIR/bin/bing/Linux.gfortran.64.mpt.default
make build_apps ESMF_APPSDIR=/glade/scratch/rlong/esmf-testing/gfortran_10.1.0_mpt_g_develop/DEFAULTINSTALLDIR/bin/bing/Linux.gfortran.64.mpt.default ESMF_LDIR=/glade/scratch/rlong/esmf-testing/gfortran_10.1.0_mpt_g_develop/DEFAULTINSTALLDIR/lib/libg/Linux.gfortran.64.mpt.default ESMF_LIBDIR=/glade/scratch/rlong/esmf-testing/gfortran_10.1.0_mpt_g_develop/DEFAULTINSTALLDIR/lib/libg/Linux.gfortran.64.mpt.default ESMF_MODDIR=/glade/scratch/rlong/esmf-testing/gfortran_10.1.0_mpt_g_develop/DEFAULTINSTALLDIR/mod/modg/Linux.gfortran.64.mpt.default
make[2]: Entering directory '/glade/scratch/rlong/esmf-testing/gfortran_10.1.0_mpt_g_develop'
cd /glade/scratch/rlong/esmf-testing/gfortran_10.1.0_mpt_g_develop/src/apps; make ACTION=tree_build_apps tree
make[3]: Entering directory '/glade/scratch/rlong/esmf-testing/gfortran_10.1.0_mpt_g_develop/src/apps'
tree_build_apps in: /glade/scratch/rlong/esmf-testing/gfortran_10.1.0_mpt_g_develop/src/apps/ESMF_PrintInfo
make[4]: Entering directory '/glade/scratch/rlong/esmf-testing/gfortran_10.1.0_mpt_g_develop/src/apps/ESMF_PrintInfo'
make chkdir_locobj
make[5]: Entering directory '/glade/scratch/rlong/esmf-testing/gfortran_10.1.0_mpt_g_develop/src/apps/ESMF_PrintInfo'
Making directory /glade/scratch/rlong/esmf-testing/gfortran_10.1.0_mpt_g_develop/obj/objg/Linux.gfortran.64.mpt.default/src/apps/ESMF_PrintInfo for apps output
make[5]: Leaving directory '/glade/scratch/rlong/esmf-testing/gfortran_10.1.0_mpt_g_develop/src/apps/ESMF_PrintInfo'
mpif90 -c -fallow-argument-mismatch -fallow-invalid-boz -g -Wall -Wextra -Wconversion -Wno-unused -Wno-unused-dummy-argument -fbacktrace -fimplicit-none -fcheck=all,no-pointer -fPIC  -m64 -mcmodel=small -pthread -ffree-line-length-none  -fopenmp -I/glade/scratch/rlong/esmf-testing/gfortran_10.1.0_mpt_g_develop/src/apps/ESMF_PrintInfo -I/glade/scratch/rlong/esmf-testing/gfortran_10.1.0_mpt_g_develop/build_config/Linux.gfortran.default -I/glade/scratch/rlong/esmf-testing/gfortran_10.1.0_mpt_g_develop/src/Infrastructure -I/glade/scratch/rlong/esmf-testing/gfortran_10.1.0_mpt_g_develop/src/Superstructure -I/glade/scratch/rlong/esmf-testing/gfortran_10.1.0_mpt_g_develop/DEFAULTINSTALLDIR/mod/modg/Linux.gfortran.64.mpt.default -I/glade/scratch/rlong/esmf-testing/gfortran_10.1.0_mpt_g_develop/src/include -I/glade/u/apps/ch/opt/netcdf/4.7.4/gnu/10.1.0/include -I/glade/u/apps/ch/opt/netcdf/4.7.4/gnu/10.1.0/include  -DESMF_NO_INTEGER_1_BYTE -DESMF_NO_INTEGER_2_BYTE -DESMF_VERSION_STRING_GIT='"v8.3.0b10-105-ga5295e34ae"' -DESMF_MOAB=1 -DESMF_LAPACK=1 -DESMF_LAPACK_INTERNAL=1 -DESMF_NO_ACC_SOFTWARE_STACK=1 -DESMF_NETCDF=1 -DESMF_YAMLCPP=1 -DESMF_YAML=1 -DESMF_PIO=1 -DESMF_NO_OPENACC -DESMF_TESTEXHAUSTIVE -DESMF_BOPT_g -DESMF_TESTCOMPTUNNEL -DESMF_TESTWITHTHREADS -DSx86_64_small=1 -DESMF_OS_Linux=1 -DESMF_COMM=mpt -DESMF_DIR=/glade/scratch/rlong/esmf-testing/gfortran_10.1.0_mpt_g_develop ESMF_PrintInfo.F90 -o /glade/scratch/rlong/esmf-testing/gfortran_10.1.0_mpt_g_develop/obj/objg/Linux.gfortran.64.mpt.default/src/apps/ESMF_PrintInfo/ESMF_PrintInfo.o
make chkdir_apps
make[5]: Entering directory '/glade/scratch/rlong/esmf-testing/gfortran_10.1.0_mpt_g_develop/src/apps/ESMF_PrintInfo'
make[5]: Leaving directory '/glade/scratch/rlong/esmf-testing/gfortran_10.1.0_mpt_g_develop/src/apps/ESMF_PrintInfo'
mpif90     -m64 -mcmodel=small -pthread -Wl,--no-as-needed  -fopenmp -L/glade/scratch/rlong/esmf-testing/gfortran_10.1.0_mpt_g_develop/DEFAULTINSTALLDIR/lib/libg/Linux.gfortran.64.mpt.default -L/glade/u/apps/ch/opt/netcdf/4.7.4/gnu/10.1.0/lib -L/glade/u/apps/ch/opt/netcdf/4.7.4/gnu/10.1.0/lib -L/glade/u/apps/ch/opt/gnu/10.1.0/lib/gcc/x86_64-pc-linux-gnu/10.1.0/../../../../lib64/ -Wl,-rpath,/glade/scratch/rlong/esmf-testing/gfortran_10.1.0_mpt_g_develop/DEFAULTINSTALLDIR/lib/libg/Linux.gfortran.64.mpt.default -Wl,-rpath,/glade/u/apps/ch/opt/netcdf/4.7.4/gnu/10.1.0/lib -Wl,-rpath,/glade/u/apps/ch/opt/netcdf/4.7.4/gnu/10.1.0/lib  -Wl,-rpath,/glade/u/apps/ch/opt/gnu/10.1.0/lib/gcc/x86_64-pc-linux-gnu/10.1.0/../../../../lib64/ -o /glade/scratch/rlong/esmf-testing/gfortran_10.1.0_mpt_g_develop/DEFAULTINSTALLDIR/bin/bing/Linux.gfortran.64.mpt.default/ESMF_PrintInfo /glade/scratch/rlong/esmf-testing/gfortran_10.1.0_mpt_g_develop/obj/objg/Linux.gfortran.64.mpt.default/src/apps/ESMF_PrintInfo/ESMF_PrintInfo.o -lesmf  -lmpi++ -lrt -lstdc++ -ldl -lnetcdf -lnetcdff -lpioc
make[4]: Leaving directory '/glade/scratch/rlong/esmf-testing/gfortran_10.1.0_mpt_g_develop/src/apps/ESMF_PrintInfo'
tree_build_apps in: /glade/scratch/rlong/esmf-testing/gfortran_10.1.0_mpt_g_develop/src/apps/ESMF_PrintInfoC
make[4]: Entering directory '/glade/scratch/rlong/esmf-testing/gfortran_10.1.0_mpt_g_develop/src/apps/ESMF_PrintInfoC'
make chkdir_locobj
make[5]: Entering directory '/glade/scratch/rlong/esmf-testing/gfortran_10.1.0_mpt_g_develop/src/apps/ESMF_PrintInfoC'
Making directory /glade/scratch/rlong/esmf-testing/gfortran_10.1.0_mpt_g_develop/obj/objg/Linux.gfortran.64.mpt.default/src/apps/ESMF_PrintInfoC for apps output
make[5]: Leaving directory '/glade/scratch/rlong/esmf-testing/gfortran_10.1.0_mpt_g_develop/src/apps/ESMF_PrintInfoC'
mpicxx -c -std=c++11 -g -Wall -Wextra -Wno-unused  -fPIC -DESMF_LOWERCASE_SINGLEUNDERSCORE -m64 -mcmodel=small -pthread  -fopenmp -I/glade/scratch/rlong/esmf-testing/gfortran_10.1.0_mpt_g_develop/src/apps/ESMF_PrintInfoC -I/glade/scratch/rlong/esmf-testing/gfortran_10.1.0_mpt_g_develop/src/apps/ESMF_PrintInfoC/../include -I/glade/scratch/rlong/esmf-testing/gfortran_10.1.0_mpt_g_develop/build_config/Linux.gfortran.default -I/glade/scratch/rlong/esmf-testing/gfortran_10.1.0_mpt_g_develop/src/Infrastructure -I/glade/scratch/rlong/esmf-testing/gfortran_10.1.0_mpt_g_develop/src/Superstructure -I/glade/scratch/rlong/esmf-testing/gfortran_10.1.0_mpt_g_develop/src/Infrastructure/stubs/pthread  -I/glade/scratch/rlong/esmf-testing/gfortran_10.1.0_mpt_g_develop/src/include  -I/glade/u/apps/ch/opt/netcdf/4.7.4/gnu/10.1.0/include -I/glade/scratch/rlong/esmf-testing/gfortran_10.1.0_mpt_g_develop/src/prologue/yaml-cpp/include -DESMF_NO_INTEGER_1_BYTE -DESMF_NO_INTEGER_2_BYTE -DESMF_VERSION_STRING_GIT='"v8.3.0b10-105-ga5295e34ae"' -DESMF_MOAB=1 -DESMF_LAPACK=1 -DESMF_LAPACK_INTERNAL=1 -DESMF_NO_ACC_SOFTWARE_STACK=1 -DESMF_NETCDF=1 -DESMF_YAMLCPP=1 -DESMF_YAML=1 -DESMF_PIO=1 -DESMF_NO_OPENACC -DESMF_TESTEXHAUSTIVE -DESMF_BOPT_g -DESMF_TESTCOMPTUNNEL -DESMF_TESTWITHTHREADS -DSx86_64_small=1 -DESMF_OS_Linux=1 -DESMF_COMM=mpt -DESMF_DIR=/glade/scratch/rlong/esmf-testing/gfortran_10.1.0_mpt_g_develop -D__SDIR__='"src/apps/ESMF_PrintInfoC"' -DESMF_CXXSTD=11 ESMF_PrintInfoC.c -o /glade/scratch/rlong/esmf-testing/gfortran_10.1.0_mpt_g_develop/obj/objg/Linux.gfortran.64.mpt.default/src/apps/ESMF_PrintInfoC/ESMF_PrintInfoC.o
make chkdir_apps
make[5]: Entering directory '/glade/scratch/rlong/esmf-testing/gfortran_10.1.0_mpt_g_develop/src/apps/ESMF_PrintInfoC'
make[5]: Leaving directory '/glade/scratch/rlong/esmf-testing/gfortran_10.1.0_mpt_g_develop/src/apps/ESMF_PrintInfoC'
mpicxx    -m64 -mcmodel=small -pthread -Wl,--no-as-needed  -fopenmp -L/glade/scratch/rlong/esmf-testing/gfortran_10.1.0_mpt_g_develop/DEFAULTINSTALLDIR/lib/libg/Linux.gfortran.64.mpt.default -L/glade/u/apps/ch/opt/netcdf/4.7.4/gnu/10.1.0/lib -L/glade/u/apps/ch/opt/netcdf/4.7.4/gnu/10.1.0/lib -L/glade/u/apps/ch/opt/gnu/10.1.0/lib/gcc/x86_64-pc-linux-gnu/10.1.0/../../../../lib64/ -Wl,-rpath,/glade/scratch/rlong/esmf-testing/gfortran_10.1.0_mpt_g_develop/DEFAULTINSTALLDIR/lib/libg/Linux.gfortran.64.mpt.default -Wl,-rpath,/glade/u/apps/ch/opt/netcdf/4.7.4/gnu/10.1.0/lib -Wl,-rpath,/glade/u/apps/ch/opt/netcdf/4.7.4/gnu/10.1.0/lib  -Wl,-rpath,/glade/u/apps/ch/opt/gnu/10.1.0/lib/gcc/x86_64-pc-linux-gnu/10.1.0/../../../../lib64/ -o /glade/scratch/rlong/esmf-testing/gfortran_10.1.0_mpt_g_develop/DEFAULTINSTALLDIR/bin/bing/Linux.gfortran.64.mpt.default/ESMF_PrintInfoC /glade/scratch/rlong/esmf-testing/gfortran_10.1.0_mpt_g_develop/obj/objg/Linux.gfortran.64.mpt.default/src/apps/ESMF_PrintInfoC/ESMF_PrintInfoC.o -lesmf  -lrt -lgfortran -ldl -lnetcdf -lnetcdff -lpioc
make[4]: Leaving directory '/glade/scratch/rlong/esmf-testing/gfortran_10.1.0_mpt_g_develop/src/apps/ESMF_PrintInfoC'
tree_build_apps in: /glade/scratch/rlong/esmf-testing/gfortran_10.1.0_mpt_g_develop/src/apps/ESMF_RegridWeightGen
make[4]: Entering directory '/glade/scratch/rlong/esmf-testing/gfortran_10.1.0_mpt_g_develop/src/apps/ESMF_RegridWeightGen'
make chkdir_locobj
make[5]: Entering directory '/glade/scratch/rlong/esmf-testing/gfortran_10.1.0_mpt_g_develop/src/apps/ESMF_RegridWeightGen'
Making directory /glade/scratch/rlong/esmf-testing/gfortran_10.1.0_mpt_g_develop/obj/objg/Linux.gfortran.64.mpt.default/src/apps/ESMF_RegridWeightGen for apps output
make[5]: Leaving directory '/glade/scratch/rlong/esmf-testing/gfortran_10.1.0_mpt_g_develop/src/apps/ESMF_RegridWeightGen'
mpif90 -c -fallow-argument-mismatch -fallow-invalid-boz -g -Wall -Wextra -Wconversion -Wno-unused -Wno-unused-dummy-argument -fbacktrace -fimplicit-none -fcheck=all,no-pointer -fPIC  -m64 -mcmodel=small -pthread -ffree-line-length-none  -fopenmp -I/glade/scratch/rlong/esmf-testing/gfortran_10.1.0_mpt_g_develop/src/apps/ESMF_RegridWeightGen -I/glade/scratch/rlong/esmf-testing/gfortran_10.1.0_mpt_g_develop/build_config/Linux.gfortran.default -I/glade/scratch/rlong/esmf-testing/gfortran_10.1.0_mpt_g_develop/src/Infrastructure -I/glade/scratch/rlong/esmf-testing/gfortran_10.1.0_mpt_g_develop/src/Superstructure -I/glade/scratch/rlong/esmf-testing/gfortran_10.1.0_mpt_g_develop/DEFAULTINSTALLDIR/mod/modg/Linux.gfortran.64.mpt.default -I/glade/scratch/rlong/esmf-testing/gfortran_10.1.0_mpt_g_develop/src/include -I/glade/u/apps/ch/opt/netcdf/4.7.4/gnu/10.1.0/include -I/glade/u/apps/ch/opt/netcdf/4.7.4/gnu/10.1.0/include  -DESMF_NO_INTEGER_1_BYTE -DESMF_NO_INTEGER_2_BYTE -DESMF_VERSION_STRING_GIT='"v8.3.0b10-105-ga5295e34ae"' -DESMF_MOAB=1 -DESMF_LAPACK=1 -DESMF_LAPACK_INTERNAL=1 -DESMF_NO_ACC_SOFTWARE_STACK=1 -DESMF_NETCDF=1 -DESMF_YAMLCPP=1 -DESMF_YAML=1 -DESMF_PIO=1 -DESMF_NO_OPENACC -DESMF_TESTEXHAUSTIVE -DESMF_BOPT_g -DESMF_TESTCOMPTUNNEL -DESMF_TESTWITHTHREADS -DSx86_64_small=1 -DESMF_OS_Linux=1 -DESMF_COMM=mpt -DESMF_DIR=/glade/scratch/rlong/esmf-testing/gfortran_10.1.0_mpt_g_develop ESMF_RegridWeightGen.F90 -o /glade/scratch/rlong/esmf-testing/gfortran_10.1.0_mpt_g_develop/obj/objg/Linux.gfortran.64.mpt.default/src/apps/ESMF_RegridWeightGen/ESMF_RegridWeightGen.o
make chkdir_apps
make[5]: Entering directory '/glade/scratch/rlong/esmf-testing/gfortran_10.1.0_mpt_g_develop/src/apps/ESMF_RegridWeightGen'
make[5]: Leaving directory '/glade/scratch/rlong/esmf-testing/gfortran_10.1.0_mpt_g_develop/src/apps/ESMF_RegridWeightGen'
mpif90     -m64 -mcmodel=small -pthread -Wl,--no-as-needed  -fopenmp -L/glade/scratch/rlong/esmf-testing/gfortran_10.1.0_mpt_g_develop/DEFAULTINSTALLDIR/lib/libg/Linux.gfortran.64.mpt.default -L/glade/u/apps/ch/opt/netcdf/4.7.4/gnu/10.1.0/lib -L/glade/u/apps/ch/opt/netcdf/4.7.4/gnu/10.1.0/lib -L/glade/u/apps/ch/opt/gnu/10.1.0/lib/gcc/x86_64-pc-linux-gnu/10.1.0/../../../../lib64/ -Wl,-rpath,/glade/scratch/rlong/esmf-testing/gfortran_10.1.0_mpt_g_develop/DEFAULTINSTALLDIR/lib/libg/Linux.gfortran.64.mpt.default -Wl,-rpath,/glade/u/apps/ch/opt/netcdf/4.7.4/gnu/10.1.0/lib -Wl,-rpath,/glade/u/apps/ch/opt/netcdf/4.7.4/gnu/10.1.0/lib  -Wl,-rpath,/glade/u/apps/ch/opt/gnu/10.1.0/lib/gcc/x86_64-pc-linux-gnu/10.1.0/../../../../lib64/ -o /glade/scratch/rlong/esmf-testing/gfortran_10.1.0_mpt_g_develop/DEFAULTINSTALLDIR/bin/bing/Linux.gfortran.64.mpt.default/ESMF_RegridWeightGen /glade/scratch/rlong/esmf-testing/gfortran_10.1.0_mpt_g_develop/obj/objg/Linux.gfortran.64.mpt.default/src/apps/ESMF_RegridWeightGen/ESMF_RegridWeightGen.o -lesmf  -lmpi++ -lrt -lstdc++ -ldl -lnetcdf -lnetcdff -lpioc
make[4]: Leaving directory '/glade/scratch/rlong/esmf-testing/gfortran_10.1.0_mpt_g_develop/src/apps/ESMF_RegridWeightGen'
tree_build_apps in: /glade/scratch/rlong/esmf-testing/gfortran_10.1.0_mpt_g_develop/src/apps/ESMF_WebServController
make[4]: Entering directory '/glade/scratch/rlong/esmf-testing/gfortran_10.1.0_mpt_g_develop/src/apps/ESMF_WebServController'
make chkdir_locobj
make[5]: Entering directory '/glade/scratch/rlong/esmf-testing/gfortran_10.1.0_mpt_g_develop/src/apps/ESMF_WebServController'
Making directory /glade/scratch/rlong/esmf-testing/gfortran_10.1.0_mpt_g_develop/obj/objg/Linux.gfortran.64.mpt.default/src/apps/ESMF_WebServController for apps output
make[5]: Leaving directory '/glade/scratch/rlong/esmf-testing/gfortran_10.1.0_mpt_g_develop/src/apps/ESMF_WebServController'
mpicxx -c -std=c++11 -g -Wall -Wextra -Wno-unused  -fPIC -DESMF_LOWERCASE_SINGLEUNDERSCORE -m64 -mcmodel=small -pthread  -fopenmp -I/glade/scratch/rlong/esmf-testing/gfortran_10.1.0_mpt_g_develop/src/apps/ESMF_WebServController -I/glade/scratch/rlong/esmf-testing/gfortran_10.1.0_mpt_g_develop/src/apps/ESMF_WebServController/../include -I/glade/scratch/rlong/esmf-testing/gfortran_10.1.0_mpt_g_develop/build_config/Linux.gfortran.default -I/glade/scratch/rlong/esmf-testing/gfortran_10.1.0_mpt_g_develop/src/Infrastructure -I/glade/scratch/rlong/esmf-testing/gfortran_10.1.0_mpt_g_develop/src/Superstructure -I/glade/scratch/rlong/esmf-testing/gfortran_10.1.0_mpt_g_develop/src/Infrastructure/stubs/pthread  -I/glade/scratch/rlong/esmf-testing/gfortran_10.1.0_mpt_g_develop/src/include  -I/glade/u/apps/ch/opt/netcdf/4.7.4/gnu/10.1.0/include -I/glade/scratch/rlong/esmf-testing/gfortran_10.1.0_mpt_g_develop/src/prologue/yaml-cpp/include -DESMF_NO_INTEGER_1_BYTE -DESMF_NO_INTEGER_2_BYTE -DESMF_VERSION_STRING_GIT='"v8.3.0b10-105-ga5295e34ae"' -DESMF_MOAB=1 -DESMF_LAPACK=1 -DESMF_LAPACK_INTERNAL=1 -DESMF_NO_ACC_SOFTWARE_STACK=1 -DESMF_NETCDF=1 -DESMF_YAMLCPP=1 -DESMF_YAML=1 -DESMF_PIO=1 -DESMF_NO_OPENACC -DESMF_TESTEXHAUSTIVE -DESMF_BOPT_g -DESMF_TESTCOMPTUNNEL -DESMF_TESTWITHTHREADS -DSx86_64_small=1 -DESMF_OS_Linux=1 -DESMF_COMM=mpt -DESMF_DIR=/glade/scratch/rlong/esmf-testing/gfortran_10.1.0_mpt_g_develop -D__SDIR__='"src/apps/ESMF_WebServController"' -DESMF_CXXSTD=11 ESMF_WebServController.C -o /glade/scratch/rlong/esmf-testing/gfortran_10.1.0_mpt_g_develop/obj/objg/Linux.gfortran.64.mpt.default/src/apps/ESMF_WebServController/ESMF_WebServController.o
make chkdir_apps
make[5]: Entering directory '/glade/scratch/rlong/esmf-testing/gfortran_10.1.0_mpt_g_develop/src/apps/ESMF_WebServController'
make[5]: Leaving directory '/glade/scratch/rlong/esmf-testing/gfortran_10.1.0_mpt_g_develop/src/apps/ESMF_WebServController'
mpicxx    -m64 -mcmodel=small -pthread -Wl,--no-as-needed  -fopenmp -L/glade/scratch/rlong/esmf-testing/gfortran_10.1.0_mpt_g_develop/DEFAULTINSTALLDIR/lib/libg/Linux.gfortran.64.mpt.default -L/glade/u/apps/ch/opt/netcdf/4.7.4/gnu/10.1.0/lib -L/glade/u/apps/ch/opt/netcdf/4.7.4/gnu/10.1.0/lib -L/glade/u/apps/ch/opt/gnu/10.1.0/lib/gcc/x86_64-pc-linux-gnu/10.1.0/../../../../lib64/ -Wl,-rpath,/glade/scratch/rlong/esmf-testing/gfortran_10.1.0_mpt_g_develop/DEFAULTINSTALLDIR/lib/libg/Linux.gfortran.64.mpt.default -Wl,-rpath,/glade/u/apps/ch/opt/netcdf/4.7.4/gnu/10.1.0/lib -Wl,-rpath,/glade/u/apps/ch/opt/netcdf/4.7.4/gnu/10.1.0/lib  -Wl,-rpath,/glade/u/apps/ch/opt/gnu/10.1.0/lib/gcc/x86_64-pc-linux-gnu/10.1.0/../../../../lib64/ -o /glade/scratch/rlong/esmf-testing/gfortran_10.1.0_mpt_g_develop/DEFAULTINSTALLDIR/bin/bing/Linux.gfortran.64.mpt.default/ESMF_WebServController /glade/scratch/rlong/esmf-testing/gfortran_10.1.0_mpt_g_develop/obj/objg/Linux.gfortran.64.mpt.default/src/apps/ESMF_WebServController/ESMF_WebServController.o -lesmf  -lrt -lgfortran -ldl -lnetcdf -lnetcdff -lpioc
make[4]: Leaving directory '/glade/scratch/rlong/esmf-testing/gfortran_10.1.0_mpt_g_develop/src/apps/ESMF_WebServController'
tree_build_apps in: /glade/scratch/rlong/esmf-testing/gfortran_10.1.0_mpt_g_develop/src/apps/ESMF_Scrip2Unstruct
make[4]: Entering directory '/glade/scratch/rlong/esmf-testing/gfortran_10.1.0_mpt_g_develop/src/apps/ESMF_Scrip2Unstruct'
make chkdir_locobj
make[5]: Entering directory '/glade/scratch/rlong/esmf-testing/gfortran_10.1.0_mpt_g_develop/src/apps/ESMF_Scrip2Unstruct'
Making directory /glade/scratch/rlong/esmf-testing/gfortran_10.1.0_mpt_g_develop/obj/objg/Linux.gfortran.64.mpt.default/src/apps/ESMF_Scrip2Unstruct for apps output
make[5]: Leaving directory '/glade/scratch/rlong/esmf-testing/gfortran_10.1.0_mpt_g_develop/src/apps/ESMF_Scrip2Unstruct'
mpicxx -c -std=c++11 -g -Wall -Wextra -Wno-unused  -fPIC -DESMF_LOWERCASE_SINGLEUNDERSCORE -m64 -mcmodel=small -pthread  -fopenmp -I/glade/scratch/rlong/esmf-testing/gfortran_10.1.0_mpt_g_develop/src/apps/ESMF_Scrip2Unstruct -I/glade/scratch/rlong/esmf-testing/gfortran_10.1.0_mpt_g_develop/src/apps/ESMF_Scrip2Unstruct/../include -I/glade/scratch/rlong/esmf-testing/gfortran_10.1.0_mpt_g_develop/build_config/Linux.gfortran.default -I/glade/scratch/rlong/esmf-testing/gfortran_10.1.0_mpt_g_develop/src/Infrastructure -I/glade/scratch/rlong/esmf-testing/gfortran_10.1.0_mpt_g_develop/src/Superstructure -I/glade/scratch/rlong/esmf-testing/gfortran_10.1.0_mpt_g_develop/src/Infrastructure/stubs/pthread  -I/glade/scratch/rlong/esmf-testing/gfortran_10.1.0_mpt_g_develop/src/include  -I/glade/u/apps/ch/opt/netcdf/4.7.4/gnu/10.1.0/include -I/glade/scratch/rlong/esmf-testing/gfortran_10.1.0_mpt_g_develop/src/prologue/yaml-cpp/include -DESMF_NO_INTEGER_1_BYTE -DESMF_NO_INTEGER_2_BYTE -DESMF_VERSION_STRING_GIT='"v8.3.0b10-105-ga5295e34ae"' -DESMF_MOAB=1 -DESMF_LAPACK=1 -DESMF_LAPACK_INTERNAL=1 -DESMF_NO_ACC_SOFTWARE_STACK=1 -DESMF_NETCDF=1 -DESMF_YAMLCPP=1 -DESMF_YAML=1 -DESMF_PIO=1 -DESMF_NO_OPENACC -DESMF_TESTEXHAUSTIVE -DESMF_BOPT_g -DESMF_TESTCOMPTUNNEL -DESMF_TESTWITHTHREADS -DSx86_64_small=1 -DESMF_OS_Linux=1 -DESMF_COMM=mpt -DESMF_DIR=/glade/scratch/rlong/esmf-testing/gfortran_10.1.0_mpt_g_develop -D__SDIR__='"src/apps/ESMF_Scrip2Unstruct"' -DESMF_CXXSTD=11 ESMF_Scrip2Unstruct.C -o /glade/scratch/rlong/esmf-testing/gfortran_10.1.0_mpt_g_develop/obj/objg/Linux.gfortran.64.mpt.default/src/apps/ESMF_Scrip2Unstruct/ESMF_Scrip2Unstruct.o
ESMF_Scrip2Unstruct.C: In function ‘int main(int, char**)’:
ESMF_Scrip2Unstruct.C:581:14: warning: comparison of integer expressions of different signedness: ‘int’ and ‘size_t’ {aka ‘long unsigned int’} [-Wsign-compare]
  581 |   for (i=0; i<len; i++) {
      |             ~^~~~
ESMF_Scrip2Unstruct.C:592:19: warning: comparison of integer expressions of different signedness: ‘int’ and ‘size_t’ {aka ‘long unsigned int’} [-Wsign-compare]
  592 |     for (i = 0; i < gcdim*gsdim; i++) {
      |                 ~~^~~~~~~~~~~~~
ESMF_Scrip2Unstruct.C:598:17: warning: comparison of integer expressions of different signedness: ‘int’ and ‘size_t’ {aka ‘long unsigned int’} [-Wsign-compare]
  598 |   for (i = 0; i < gcdim*gsdim; i++) {
      |               ~~^~~~~~~~~~~~~
ESMF_Scrip2Unstruct.C:666:14: warning: comparison of integer expressions of different signedness: ‘int’ and ‘size_t’ {aka ‘long unsigned int’} [-Wsign-compare]
  666 |   for (i=0; i<gcdim*gsdim; i++) {
      |             ~^~~~~~~~~~~~
ESMF_Scrip2Unstruct.C:693:14: warning: comparison of integer expressions of different signedness: ‘int’ and ‘size_t’ {aka ‘long unsigned int’} [-Wsign-compare]
  693 |   for (i=0; i<gsdim; i++) {
      |             ~^~~~~~
ESMF_Scrip2Unstruct.C:698:16: warning: comparison of integer expressions of different signedness: ‘int’ and ‘size_t’ {aka ‘long unsigned int’} [-Wsign-compare]
  698 |     for (j=1; j<gcdim; j++) {
      |               ~^~~~~~
ESMF_Scrip2Unstruct.C:724:20: warning: comparison of integer expressions of different signedness: ‘int’ and ‘size_t’ {aka ‘long unsigned int’} [-Wsign-compare]
  724 |     for (j=count; j<gcdim; j++) {
      |                   ~^~~~~~
ESMF_Scrip2Unstruct.C:838:15: warning: comparison of integer expressions of different signedness: ‘int’ and ‘size_t’ {aka ‘long unsigned int’} [-Wsign-compare]
  838 |    for (i=0; i<len; i++) {
      |              ~^~~~
ESMF_Scrip2Unstruct.C:849:17: warning: comparison of integer expressions of different signedness: ‘int’ and ‘size_t’ {aka ‘long unsigned int’} [-Wsign-compare]
  849 |      for (i=0; i<gsdim; i++) {
      |                ~^~~~~~
ESMF_Scrip2Unstruct.C:856:17: warning: comparison of integer expressions of different signedness: ‘int’ and ‘size_t’ {aka ‘long unsigned int’} [-Wsign-compare]
  856 |      for (i=0; i<gsdim; i++) {
      |                ~^~~~~~
ESMF_Scrip2Unstruct.C:869:17: warning: comparison of integer expressions of different signedness: ‘int’ and ‘size_t’ {aka ‘long unsigned int’} [-Wsign-compare]
  869 |      for (i=0; i<gsdim; i++) {
      |                ~^~~~~~
ESMF_Scrip2Unstruct.C:875:17: warning: comparison of integer expressions of different signedness: ‘int’ and ‘size_t’ {aka ‘long unsigned int’} [-Wsign-compare]
  875 |      for (i=0; i<gsdim; i++) {
      |                ~^~~~~~
ESMF_Scrip2Unstruct.C:946:16: warning: comparison of integer expressions of different signedness: ‘int’ and ‘size_t’ {aka ‘long unsigned int’} [-Wsign-compare]
  946 |     for (i=0; i<gsdim; i++) {
      |               ~^~~~~~
ESMF_Scrip2Unstruct.C:957:16: warning: comparison of integer expressions of different signedness: ‘int’ and ‘size_t’ {aka ‘long unsigned int’} [-Wsign-compare]
  957 |     for (i=0; i<gsdim; i++) {
      |               ~^~~~~~
ESMF_Scrip2Unstruct.C:967:16: warning: comparison of integer expressions of different signedness: ‘int’ and ‘size_t’ {aka ‘long unsigned int’} [-Wsign-compare]
  967 |     for (i=0; i<len; i++) {
      |               ~^~~~
ESMF_Scrip2Unstruct.C:976:18: warning: comparison of integer expressions of different signedness: ‘int’ and ‘size_t’ {aka ‘long unsigned int’} [-Wsign-compare]
  976 |       for (i=0; i<gsdim*2; i++) {
      |                 ~^~~~~~~~
ESMF_Scrip2Unstruct.C:992:20: warning: comparison of integer expressions of different signedness: ‘int’ and ‘size_t’ {aka ‘long unsigned int’} [-Wsign-compare]
  992 |     for (i=0,k=0; i<gsdim; i++) {
      |                   ~^~~~~~
ESMF_Scrip2Unstruct.C:993:18: warning: comparison of integer expressions of different signedness: ‘int’ and ‘size_t’ {aka ‘long unsigned int’} [-Wsign-compare]
  993 |       for (j=0; j<gcdim; j++,k++) {
      |                 ~^~~~~~
ESMF_Scrip2Unstruct.C:1082:17: warning: comparison of integer expressions of different signedness: ‘int’ and ‘size_t’ {aka ‘long unsigned int’} [-Wsign-compare]
 1082 |      for (j=0; j<gsdim;j++) {
      |                ~^~~~~~
ESMF_Scrip2Unstruct.C:1089:18: warning: comparison of integer expressions of different signedness: ‘int’ and ‘size_t’ {aka ‘long unsigned int’} [-Wsign-compare]
 1089 |      for (j=0;  j<gsdim;j++) {
      |                 ~^~~~~~
make chkdir_apps
make[5]: Entering directory '/glade/scratch/rlong/esmf-testing/gfortran_10.1.0_mpt_g_develop/src/apps/ESMF_Scrip2Unstruct'
make[5]: Leaving directory '/glade/scratch/rlong/esmf-testing/gfortran_10.1.0_mpt_g_develop/src/apps/ESMF_Scrip2Unstruct'
mpicxx    -m64 -mcmodel=small -pthread -Wl,--no-as-needed  -fopenmp -L/glade/scratch/rlong/esmf-testing/gfortran_10.1.0_mpt_g_develop/DEFAULTINSTALLDIR/lib/libg/Linux.gfortran.64.mpt.default -L/glade/u/apps/ch/opt/netcdf/4.7.4/gnu/10.1.0/lib -L/glade/u/apps/ch/opt/netcdf/4.7.4/gnu/10.1.0/lib -L/glade/u/apps/ch/opt/gnu/10.1.0/lib/gcc/x86_64-pc-linux-gnu/10.1.0/../../../../lib64/ -Wl,-rpath,/glade/scratch/rlong/esmf-testing/gfortran_10.1.0_mpt_g_develop/DEFAULTINSTALLDIR/lib/libg/Linux.gfortran.64.mpt.default -Wl,-rpath,/glade/u/apps/ch/opt/netcdf/4.7.4/gnu/10.1.0/lib -Wl,-rpath,/glade/u/apps/ch/opt/netcdf/4.7.4/gnu/10.1.0/lib  -Wl,-rpath,/glade/u/apps/ch/opt/gnu/10.1.0/lib/gcc/x86_64-pc-linux-gnu/10.1.0/../../../../lib64/ -o /glade/scratch/rlong/esmf-testing/gfortran_10.1.0_mpt_g_develop/DEFAULTINSTALLDIR/bin/bing/Linux.gfortran.64.mpt.default/ESMF_Scrip2Unstruct /glade/scratch/rlong/esmf-testing/gfortran_10.1.0_mpt_g_develop/obj/objg/Linux.gfortran.64.mpt.default/src/apps/ESMF_Scrip2Unstruct/ESMF_Scrip2Unstruct.o -lesmf  -lrt -lgfortran -ldl -lnetcdf -lnetcdff -lpioc
make[4]: Leaving directory '/glade/scratch/rlong/esmf-testing/gfortran_10.1.0_mpt_g_develop/src/apps/ESMF_Scrip2Unstruct'
tree_build_apps in: /glade/scratch/rlong/esmf-testing/gfortran_10.1.0_mpt_g_develop/src/apps/ESMF_Regrid
make[4]: Entering directory '/glade/scratch/rlong/esmf-testing/gfortran_10.1.0_mpt_g_develop/src/apps/ESMF_Regrid'
make chkdir_locobj
make[5]: Entering directory '/glade/scratch/rlong/esmf-testing/gfortran_10.1.0_mpt_g_develop/src/apps/ESMF_Regrid'
Making directory /glade/scratch/rlong/esmf-testing/gfortran_10.1.0_mpt_g_develop/obj/objg/Linux.gfortran.64.mpt.default/src/apps/ESMF_Regrid for apps output
make[5]: Leaving directory '/glade/scratch/rlong/esmf-testing/gfortran_10.1.0_mpt_g_develop/src/apps/ESMF_Regrid'
mpif90 -c -fallow-argument-mismatch -fallow-invalid-boz -g -Wall -Wextra -Wconversion -Wno-unused -Wno-unused-dummy-argument -fbacktrace -fimplicit-none -fcheck=all,no-pointer -fPIC  -m64 -mcmodel=small -pthread -ffree-line-length-none  -fopenmp -I/glade/scratch/rlong/esmf-testing/gfortran_10.1.0_mpt_g_develop/src/apps/ESMF_Regrid -I/glade/scratch/rlong/esmf-testing/gfortran_10.1.0_mpt_g_develop/build_config/Linux.gfortran.default -I/glade/scratch/rlong/esmf-testing/gfortran_10.1.0_mpt_g_develop/src/Infrastructure -I/glade/scratch/rlong/esmf-testing/gfortran_10.1.0_mpt_g_develop/src/Superstructure -I/glade/scratch/rlong/esmf-testing/gfortran_10.1.0_mpt_g_develop/DEFAULTINSTALLDIR/mod/modg/Linux.gfortran.64.mpt.default -I/glade/scratch/rlong/esmf-testing/gfortran_10.1.0_mpt_g_develop/src/include -I/glade/u/apps/ch/opt/netcdf/4.7.4/gnu/10.1.0/include -I/glade/u/apps/ch/opt/netcdf/4.7.4/gnu/10.1.0/include  -DESMF_NO_INTEGER_1_BYTE -DESMF_NO_INTEGER_2_BYTE -DESMF_VERSION_STRING_GIT='"v8.3.0b10-105-ga5295e34ae"' -DESMF_MOAB=1 -DESMF_LAPACK=1 -DESMF_LAPACK_INTERNAL=1 -DESMF_NO_ACC_SOFTWARE_STACK=1 -DESMF_NETCDF=1 -DESMF_YAMLCPP=1 -DESMF_YAML=1 -DESMF_PIO=1 -DESMF_NO_OPENACC -DESMF_TESTEXHAUSTIVE -DESMF_BOPT_g -DESMF_TESTCOMPTUNNEL -DESMF_TESTWITHTHREADS -DSx86_64_small=1 -DESMF_OS_Linux=1 -DESMF_COMM=mpt -DESMF_DIR=/glade/scratch/rlong/esmf-testing/gfortran_10.1.0_mpt_g_develop ESMF_Regrid.F90 -o /glade/scratch/rlong/esmf-testing/gfortran_10.1.0_mpt_g_develop/obj/objg/Linux.gfortran.64.mpt.default/src/apps/ESMF_Regrid/ESMF_Regrid.o
make chkdir_apps
make[5]: Entering directory '/glade/scratch/rlong/esmf-testing/gfortran_10.1.0_mpt_g_develop/src/apps/ESMF_Regrid'
make[5]: Leaving directory '/glade/scratch/rlong/esmf-testing/gfortran_10.1.0_mpt_g_develop/src/apps/ESMF_Regrid'
mpif90     -m64 -mcmodel=small -pthread -Wl,--no-as-needed  -fopenmp -L/glade/scratch/rlong/esmf-testing/gfortran_10.1.0_mpt_g_develop/DEFAULTINSTALLDIR/lib/libg/Linux.gfortran.64.mpt.default -L/glade/u/apps/ch/opt/netcdf/4.7.4/gnu/10.1.0/lib -L/glade/u/apps/ch/opt/netcdf/4.7.4/gnu/10.1.0/lib -L/glade/u/apps/ch/opt/gnu/10.1.0/lib/gcc/x86_64-pc-linux-gnu/10.1.0/../../../../lib64/ -Wl,-rpath,/glade/scratch/rlong/esmf-testing/gfortran_10.1.0_mpt_g_develop/DEFAULTINSTALLDIR/lib/libg/Linux.gfortran.64.mpt.default -Wl,-rpath,/glade/u/apps/ch/opt/netcdf/4.7.4/gnu/10.1.0/lib -Wl,-rpath,/glade/u/apps/ch/opt/netcdf/4.7.4/gnu/10.1.0/lib  -Wl,-rpath,/glade/u/apps/ch/opt/gnu/10.1.0/lib/gcc/x86_64-pc-linux-gnu/10.1.0/../../../../lib64/ -o /glade/scratch/rlong/esmf-testing/gfortran_10.1.0_mpt_g_develop/DEFAULTINSTALLDIR/bin/bing/Linux.gfortran.64.mpt.default/ESMF_Regrid /glade/scratch/rlong/esmf-testing/gfortran_10.1.0_mpt_g_develop/obj/objg/Linux.gfortran.64.mpt.default/src/apps/ESMF_Regrid/ESMF_Regrid.o -lesmf  -lmpi++ -lrt -lstdc++ -ldl -lnetcdf -lnetcdff -lpioc
make[4]: Leaving directory '/glade/scratch/rlong/esmf-testing/gfortran_10.1.0_mpt_g_develop/src/apps/ESMF_Regrid'
make[3]: Leaving directory '/glade/scratch/rlong/esmf-testing/gfortran_10.1.0_mpt_g_develop/src/apps'
ESMF apps built successfully.
make[2]: Leaving directory '/glade/scratch/rlong/esmf-testing/gfortran_10.1.0_mpt_g_develop'
make[1]: Leaving directory '/glade/scratch/rlong/esmf-testing/gfortran_10.1.0_mpt_g_develop'
mkdir -p /glade/scratch/rlong/esmf-testing/gfortran_10.1.0_mpt_g_develop/DEFAULTINSTALLDIR/doc
make install_info_mk
make[1]: Entering directory '/glade/scratch/rlong/esmf-testing/gfortran_10.1.0_mpt_g_develop'
make info_mk ESMF_APPSDIR=/glade/scratch/rlong/esmf-testing/gfortran_10.1.0_mpt_g_develop/DEFAULTINSTALLDIR/bin/bing/Linux.gfortran.64.mpt.default ESMF_LDIR=/glade/scratch/rlong/esmf-testing/gfortran_10.1.0_mpt_g_develop/DEFAULTINSTALLDIR/lib/libg/Linux.gfortran.64.mpt.default ESMF_LIBDIR=/glade/scratch/rlong/esmf-testing/gfortran_10.1.0_mpt_g_develop/DEFAULTINSTALLDIR/lib/libg/Linux.gfortran.64.mpt.default ESMF_MODDIR=/glade/scratch/rlong/esmf-testing/gfortran_10.1.0_mpt_g_develop/DEFAULTINSTALLDIR/mod/modg/Linux.gfortran.64.mpt.default ESMF_INCDIR=/glade/scratch/rlong/esmf-testing/gfortran_10.1.0_mpt_g_develop/DEFAULTINSTALLDIR/include
make[2]: Entering directory '/glade/scratch/rlong/esmf-testing/gfortran_10.1.0_mpt_g_develop'
make[2]: Leaving directory '/glade/scratch/rlong/esmf-testing/gfortran_10.1.0_mpt_g_develop'
make[1]: Leaving directory '/glade/scratch/rlong/esmf-testing/gfortran_10.1.0_mpt_g_develop'
 
ESMF installation complete.
 
