build time -- 2022-03-18 01:30:44
20220318 015037.985 INFO             PET0 !!!!!!!!!!!!!!!!!!!!!!!!!!!!!!!!!!!!!!!!!!!!!!!!!!!!!!
20220318 015037.985 INFO             PET0 !!! THE ESMF_LOG IS SET TO OUTPUT ALL LOG MESSAGES !!!
20220318 015037.985 INFO             PET0 !!!     THIS MAY CAUSE SLOWDOWN IN PERFORMANCE     !!!
20220318 015037.985 INFO             PET0 !!! FOR PRODUCTION RUNS, USE:                      !!!
20220318 015037.985 INFO             PET0 !!!                   ESMF_LOGKIND_Multi_On_Error  !!!
20220318 015037.985 INFO             PET0 !!!!!!!!!!!!!!!!!!!!!!!!!!!!!!!!!!!!!!!!!!!!!!!!!!!!!!
20220318 015037.985 INFO             PET0 Running with ESMF Version   : v8.3.0b09-102-gabaf3ef548
20220318 015037.985 INFO             PET0 ESMF library build date/time: "Mar 18 2022" "01:29:41"
20220318 015037.985 INFO             PET0 ESMF library build location : /lfs/h1/emc/ptmp/Mark.Potts/gfortran_10.3.0_mpi_g_jedwards_pio_update2
20220318 015037.985 INFO             PET0 ESMF_COMM                   : mpi
20220318 015037.985 INFO             PET0 ESMF_MOAB                   : enabled
20220318 015037.985 INFO             PET0 ESMF_LAPACK                 : enabled
20220318 015037.985 INFO             PET0 ESMF_NETCDF                 : enabled
20220318 015037.985 INFO             PET0 ESMF_PNETCDF                : disabled
20220318 015037.985 INFO             PET0 ESMF_PIO                    : enabled
20220318 015037.985 INFO             PET0 ESMF_YAMLCPP                : enabled
20220318 015038.069 DEBUG            PET0 about to destroy Grid: 0xeef070
20220318 015038.081 DEBUG            PET0 about to destroy Grid: 0xef14f0
20220318 015038.112 INFO             PET0  NUMBER_OF_PROCESSORS           4
20220318 015038.112 INFO             PET0  PASS  Example ESMF_NUOPCAtmModelEx, ESMF_NUOPCAtmModelEx.F90, line 806
20220318 015038.112 INFO             PET0 Finalizing ESMF
20220318 015037.985 INFO             PET1 !!!!!!!!!!!!!!!!!!!!!!!!!!!!!!!!!!!!!!!!!!!!!!!!!!!!!!
20220318 015037.985 INFO             PET1 !!! THE ESMF_LOG IS SET TO OUTPUT ALL LOG MESSAGES !!!
20220318 015037.985 INFO             PET1 !!!     THIS MAY CAUSE SLOWDOWN IN PERFORMANCE     !!!
20220318 015037.985 INFO             PET1 !!! FOR PRODUCTION RUNS, USE:                      !!!
20220318 015037.985 INFO             PET1 !!!                   ESMF_LOGKIND_Multi_On_Error  !!!
20220318 015037.985 INFO             PET1 !!!!!!!!!!!!!!!!!!!!!!!!!!!!!!!!!!!!!!!!!!!!!!!!!!!!!!
20220318 015037.985 INFO             PET1 Running with ESMF Version   : v8.3.0b09-102-gabaf3ef548
20220318 015037.985 INFO             PET1 ESMF library build date/time: "Mar 18 2022" "01:29:41"
20220318 015037.985 INFO             PET1 ESMF library build location : /lfs/h1/emc/ptmp/Mark.Potts/gfortran_10.3.0_mpi_g_jedwards_pio_update2
20220318 015037.985 INFO             PET1 ESMF_COMM                   : mpi
20220318 015037.985 INFO             PET1 ESMF_MOAB                   : enabled
20220318 015037.985 INFO             PET1 ESMF_LAPACK                 : enabled
20220318 015037.985 INFO             PET1 ESMF_NETCDF                 : enabled
20220318 015037.985 INFO             PET1 ESMF_PNETCDF                : disabled
20220318 015037.985 INFO             PET1 ESMF_PIO                    : enabled
20220318 015037.985 INFO             PET1 ESMF_YAMLCPP                : enabled
20220318 015038.069 DEBUG            PET1 about to destroy Grid: 0x1f03940
20220318 015038.081 DEBUG            PET1 about to destroy Grid: 0x1f047c0
20220318 015038.112 INFO             PET1  NUMBER_OF_PROCESSORS           4
20220318 015038.112 INFO             PET1  PASS  Example ESMF_NUOPCAtmModelEx, ESMF_NUOPCAtmModelEx.F90, line 806
20220318 015038.112 INFO             PET1 Finalizing ESMF
20220318 015037.985 INFO             PET2 !!!!!!!!!!!!!!!!!!!!!!!!!!!!!!!!!!!!!!!!!!!!!!!!!!!!!!
20220318 015037.985 INFO             PET2 !!! THE ESMF_LOG IS SET TO OUTPUT ALL LOG MESSAGES !!!
20220318 015037.985 INFO             PET2 !!!     THIS MAY CAUSE SLOWDOWN IN PERFORMANCE     !!!
20220318 015037.985 INFO             PET2 !!! FOR PRODUCTION RUNS, USE:                      !!!
20220318 015037.985 INFO             PET2 !!!                   ESMF_LOGKIND_Multi_On_Error  !!!
20220318 015037.985 INFO             PET2 !!!!!!!!!!!!!!!!!!!!!!!!!!!!!!!!!!!!!!!!!!!!!!!!!!!!!!
20220318 015037.985 INFO             PET2 Running with ESMF Version   : v8.3.0b09-102-gabaf3ef548
20220318 015037.985 INFO             PET2 ESMF library build date/time: "Mar 18 2022" "01:29:41"
20220318 015037.985 INFO             PET2 ESMF library build location : /lfs/h1/emc/ptmp/Mark.Potts/gfortran_10.3.0_mpi_g_jedwards_pio_update2
20220318 015037.985 INFO             PET2 ESMF_COMM                   : mpi
20220318 015037.986 INFO             PET2 ESMF_MOAB                   : enabled
20220318 015037.986 INFO             PET2 ESMF_LAPACK                 : enabled
20220318 015037.986 INFO             PET2 ESMF_NETCDF                 : enabled
20220318 015037.986 INFO             PET2 ESMF_PNETCDF                : disabled
20220318 015037.986 INFO             PET2 ESMF_PIO                    : enabled
20220318 015037.986 INFO             PET2 ESMF_YAMLCPP                : enabled
20220318 015038.069 DEBUG            PET2 about to destroy Grid: 0x1b755b0
20220318 015038.081 DEBUG            PET2 about to destroy Grid: 0x1b76760
20220318 015038.112 INFO             PET2  NUMBER_OF_PROCESSORS           4
20220318 015038.112 INFO             PET2  PASS  Example ESMF_NUOPCAtmModelEx, ESMF_NUOPCAtmModelEx.F90, line 806
20220318 015038.112 INFO             PET2 Finalizing ESMF
20220318 015037.985 INFO             PET3 !!!!!!!!!!!!!!!!!!!!!!!!!!!!!!!!!!!!!!!!!!!!!!!!!!!!!!
20220318 015037.985 INFO             PET3 !!! THE ESMF_LOG IS SET TO OUTPUT ALL LOG MESSAGES !!!
20220318 015037.985 INFO             PET3 !!!     THIS MAY CAUSE SLOWDOWN IN PERFORMANCE     !!!
20220318 015037.985 INFO             PET3 !!! FOR PRODUCTION RUNS, USE:                      !!!
20220318 015037.985 INFO             PET3 !!!                   ESMF_LOGKIND_Multi_On_Error  !!!
20220318 015037.985 INFO             PET3 !!!!!!!!!!!!!!!!!!!!!!!!!!!!!!!!!!!!!!!!!!!!!!!!!!!!!!
20220318 015037.985 INFO             PET3 Running with ESMF Version   : v8.3.0b09-102-gabaf3ef548
20220318 015037.985 INFO             PET3 ESMF library build date/time: "Mar 18 2022" "01:29:41"
20220318 015037.985 INFO             PET3 ESMF library build location : /lfs/h1/emc/ptmp/Mark.Potts/gfortran_10.3.0_mpi_g_jedwards_pio_update2
20220318 015037.985 INFO             PET3 ESMF_COMM                   : mpi
20220318 015037.986 INFO             PET3 ESMF_MOAB                   : enabled
20220318 015037.986 INFO             PET3 ESMF_LAPACK                 : enabled
20220318 015037.986 INFO             PET3 ESMF_NETCDF                 : enabled
20220318 015037.986 INFO             PET3 ESMF_PNETCDF                : disabled
20220318 015037.986 INFO             PET3 ESMF_PIO                    : enabled
20220318 015037.986 INFO             PET3 ESMF_YAMLCPP                : enabled
20220318 015038.069 DEBUG            PET3 about to destroy Grid: 0xbd94a0
20220318 015038.081 DEBUG            PET3 about to destroy Grid: 0xbda650
20220318 015038.112 INFO             PET3  NUMBER_OF_PROCESSORS           4
20220318 015038.112 INFO             PET3  PASS  Example ESMF_NUOPCAtmModelEx, ESMF_NUOPCAtmModelEx.F90, line 806
20220318 015038.112 INFO             PET3 Finalizing ESMF
