Sat Mar 26 02:52:32 EDT 2022
 
Installing ESMF:
 
mkdir -p /home/mpotts/gfortran_9.3.0_openmpi_g_develop/DEFAULTINSTALLDIR/include
cp -f /home/mpotts/gfortran_9.3.0_openmpi_g_develop/src/include/ESMC.h /home/mpotts/gfortran_9.3.0_openmpi_g_develop/DEFAULTINSTALLDIR/include
cp -f /home/mpotts/gfortran_9.3.0_openmpi_g_develop/src/include/ESMC_*.h /home/mpotts/gfortran_9.3.0_openmpi_g_develop/DEFAULTINSTALLDIR/include
cp -f /home/mpotts/gfortran_9.3.0_openmpi_g_develop/build_config/Linux.gfortran.default/ESMC_Conf.h /home/mpotts/gfortran_9.3.0_openmpi_g_develop/DEFAULTINSTALLDIR/include
mkdir -p /home/mpotts/gfortran_9.3.0_openmpi_g_develop/DEFAULTINSTALLDIR/mod/modg/Linux.gfortran.64.openmpi.default
cp -f /home/mpotts/gfortran_9.3.0_openmpi_g_develop/mod/modg/Linux.gfortran.64.openmpi.default/*.mod /home/mpotts/gfortran_9.3.0_openmpi_g_develop/DEFAULTINSTALLDIR/mod/modg/Linux.gfortran.64.openmpi.default
mkdir -p /home/mpotts/gfortran_9.3.0_openmpi_g_develop/DEFAULTINSTALLDIR/lib/libg/Linux.gfortran.64.openmpi.default
cp -f /home/mpotts/gfortran_9.3.0_openmpi_g_develop/lib/libg/Linux.gfortran.64.openmpi.default/libesmf*.* /home/mpotts/gfortran_9.3.0_openmpi_g_develop/DEFAULTINSTALLDIR/lib/libg/Linux.gfortran.64.openmpi.default
cp -f /home/mpotts/gfortran_9.3.0_openmpi_g_develop/lib/libg/Linux.gfortran.64.openmpi.default/libpioc.* /home/mpotts/gfortran_9.3.0_openmpi_g_develop/DEFAULTINSTALLDIR/lib/libg/Linux.gfortran.64.openmpi.default
make ESMF_PRELOADDIR=/home/mpotts/gfortran_9.3.0_openmpi_g_develop/DEFAULTINSTALLDIR/lib/libg/Linux.gfortran.64.openmpi.default build_preload_script
make[1]: Entering directory '/home/mpotts/gfortran_9.3.0_openmpi_g_develop'
chmod 755 /home/mpotts/gfortran_9.3.0_openmpi_g_develop/DEFAULTINSTALLDIR/lib/libg/Linux.gfortran.64.openmpi.default/preload.sh
make[1]: Leaving directory '/home/mpotts/gfortran_9.3.0_openmpi_g_develop'
ranlib /home/mpotts/gfortran_9.3.0_openmpi_g_develop/DEFAULTINSTALLDIR/lib/libg/Linux.gfortran.64.openmpi.default/libesmf*.a
make install_apps
make[1]: Entering directory '/home/mpotts/gfortran_9.3.0_openmpi_g_develop'
mkdir -p /home/mpotts/gfortran_9.3.0_openmpi_g_develop/DEFAULTINSTALLDIR/bin/bing/Linux.gfortran.64.openmpi.default
make build_apps ESMF_APPSDIR=/home/mpotts/gfortran_9.3.0_openmpi_g_develop/DEFAULTINSTALLDIR/bin/bing/Linux.gfortran.64.openmpi.default ESMF_LDIR=/home/mpotts/gfortran_9.3.0_openmpi_g_develop/DEFAULTINSTALLDIR/lib/libg/Linux.gfortran.64.openmpi.default ESMF_LIBDIR=/home/mpotts/gfortran_9.3.0_openmpi_g_develop/DEFAULTINSTALLDIR/lib/libg/Linux.gfortran.64.openmpi.default ESMF_MODDIR=/home/mpotts/gfortran_9.3.0_openmpi_g_develop/DEFAULTINSTALLDIR/mod/modg/Linux.gfortran.64.openmpi.default
make[2]: Entering directory '/home/mpotts/gfortran_9.3.0_openmpi_g_develop'
cd /home/mpotts/gfortran_9.3.0_openmpi_g_develop/src/apps; make ACTION=tree_build_apps tree
make[3]: Entering directory '/home/mpotts/gfortran_9.3.0_openmpi_g_develop/src/apps'
tree_build_apps in: /home/mpotts/gfortran_9.3.0_openmpi_g_develop/src/apps/ESMF_PrintInfo
make[4]: Entering directory '/home/mpotts/gfortran_9.3.0_openmpi_g_develop/src/apps/ESMF_PrintInfo'
make chkdir_locobj
make[5]: Entering directory '/home/mpotts/gfortran_9.3.0_openmpi_g_develop/src/apps/ESMF_PrintInfo'
Making directory /home/mpotts/gfortran_9.3.0_openmpi_g_develop/obj/objg/Linux.gfortran.64.openmpi.default/src/apps/ESMF_PrintInfo for apps output
make[5]: Leaving directory '/home/mpotts/gfortran_9.3.0_openmpi_g_develop/src/apps/ESMF_PrintInfo'
mpifort -c -g -Wall -Wextra -Wconversion -Wno-unused -Wno-unused-dummy-argument -fbacktrace -fimplicit-none -fcheck=all,no-pointer -fPIC  -m64 -mcmodel=small -pthread -ffree-line-length-none  -fopenmp -I/home/mpotts/gfortran_9.3.0_openmpi_g_develop/src/apps/ESMF_PrintInfo -I/home/mpotts/gfortran_9.3.0_openmpi_g_develop/build_config/Linux.gfortran.default -I/home/mpotts/gfortran_9.3.0_openmpi_g_develop/src/Infrastructure -I/home/mpotts/gfortran_9.3.0_openmpi_g_develop/src/Superstructure -I/home/mpotts/gfortran_9.3.0_openmpi_g_develop/DEFAULTINSTALLDIR/mod/modg/Linux.gfortran.64.openmpi.default -I/home/mpotts/gfortran_9.3.0_openmpi_g_develop/src/include -I/home/mpotts/spack/opt/spack/linux-linuxmint19-skylake/gcc-9.3.0/netcdf-c-4.8.0-lx5wuve2qetctvkwfgsh3q3fuvjxq4ij/include -I/home/mpotts/spack/opt/spack/linux-linuxmint19-skylake/gcc-9.3.0/netcdf-fortran-4.5.3-7cigsuiobyasv6mbext7pmabw5fhzo6y/include  -DESMF_NO_INTEGER_1_BYTE -DESMF_NO_INTEGER_2_BYTE -DESMF_VERSION_STRING_GIT='"v8.3.0b10-105-ga5295e34ae"' -DESMF_MOAB=1 -DESMF_LAPACK=1 -DESMF_LAPACK_INTERNAL=1 -DESMF_NO_ACC_SOFTWARE_STACK=1 -DESMF_NETCDF=1 -DESMF_YAMLCPP=1 -DESMF_YAML=1 -DESMF_PIO=1 -DESMF_NO_OPENACC -DESMF_TESTEXHAUSTIVE -DESMF_BOPT_g -DESMF_TESTCOMPTUNNEL -DESMF_TESTWITHTHREADS -DSx86_64_small=1 -DESMF_OS_Linux=1 -DESMF_COMM=openmpi -DESMF_DIR=/home/mpotts/gfortran_9.3.0_openmpi_g_develop ESMF_PrintInfo.F90 -o /home/mpotts/gfortran_9.3.0_openmpi_g_develop/obj/objg/Linux.gfortran.64.openmpi.default/src/apps/ESMF_PrintInfo/ESMF_PrintInfo.o
make chkdir_apps
make[5]: Entering directory '/home/mpotts/gfortran_9.3.0_openmpi_g_develop/src/apps/ESMF_PrintInfo'
make[5]: Leaving directory '/home/mpotts/gfortran_9.3.0_openmpi_g_develop/src/apps/ESMF_PrintInfo'
mpifort     -m64 -mcmodel=small -pthread -Wl,--no-as-needed  -fopenmp -L/home/mpotts/gfortran_9.3.0_openmpi_g_develop/DEFAULTINSTALLDIR/lib/libg/Linux.gfortran.64.openmpi.default -L/home/mpotts/spack/opt/spack/linux-linuxmint19-skylake/gcc-9.3.0/netcdf-c-4.8.0-lx5wuve2qetctvkwfgsh3q3fuvjxq4ij/lib -L/home/mpotts/spack/opt/spack/linux-linuxmint19-skylake/gcc-9.3.0/netcdf-fortran-4.5.3-7cigsuiobyasv6mbext7pmabw5fhzo6y/lib -L/home/mpotts/spack/opt/spack/linux-linuxmint19-skylake/gcc-7.5.0/gcc-9.3.0-3ltccu6cenbq/lib64/../lib64/ -Wl,-rpath,/home/mpotts/gfortran_9.3.0_openmpi_g_develop/DEFAULTINSTALLDIR/lib/libg/Linux.gfortran.64.openmpi.default -Wl,-rpath,/home/mpotts/spack/opt/spack/linux-linuxmint19-skylake/gcc-9.3.0/netcdf-c-4.8.0-lx5wuve2qetctvkwfgsh3q3fuvjxq4ij/lib -Wl,-rpath,/home/mpotts/spack/opt/spack/linux-linuxmint19-skylake/gcc-9.3.0/netcdf-fortran-4.5.3-7cigsuiobyasv6mbext7pmabw5fhzo6y/lib  -Wl,-rpath,/home/mpotts/spack/opt/spack/linux-linuxmint19-skylake/gcc-7.5.0/gcc-9.3.0-3ltccu6cenbq/lib64/../lib64/ -o /home/mpotts/gfortran_9.3.0_openmpi_g_develop/DEFAULTINSTALLDIR/bin/bing/Linux.gfortran.64.openmpi.default/ESMF_PrintInfo /home/mpotts/gfortran_9.3.0_openmpi_g_develop/obj/objg/Linux.gfortran.64.openmpi.default/src/apps/ESMF_PrintInfo/ESMF_PrintInfo.o -lesmf   -lrt -lstdc++ -ldl -lnetcdf -lnetcdff -lpioc
/usr/bin/ld: warning: libnetcdf.so.18, needed by /home/mpotts/spack/opt/spack/linux-linuxmint19-skylake/gcc-9.3.0/netcdf-fortran-4.5.3-7cigsuiobyasv6mbext7pmabw5fhzo6y/lib/libnetcdff.so, may conflict with libnetcdf.so.19
make[4]: Leaving directory '/home/mpotts/gfortran_9.3.0_openmpi_g_develop/src/apps/ESMF_PrintInfo'
tree_build_apps in: /home/mpotts/gfortran_9.3.0_openmpi_g_develop/src/apps/ESMF_PrintInfoC
make[4]: Entering directory '/home/mpotts/gfortran_9.3.0_openmpi_g_develop/src/apps/ESMF_PrintInfoC'
make chkdir_locobj
make[5]: Entering directory '/home/mpotts/gfortran_9.3.0_openmpi_g_develop/src/apps/ESMF_PrintInfoC'
Making directory /home/mpotts/gfortran_9.3.0_openmpi_g_develop/obj/objg/Linux.gfortran.64.openmpi.default/src/apps/ESMF_PrintInfoC for apps output
make[5]: Leaving directory '/home/mpotts/gfortran_9.3.0_openmpi_g_develop/src/apps/ESMF_PrintInfoC'
mpicxx -c -std=c++11 -g -Wall -Wextra -Wno-unused  -fPIC -DESMF_LOWERCASE_SINGLEUNDERSCORE -m64 -mcmodel=small -pthread  -fopenmp -I/home/mpotts/gfortran_9.3.0_openmpi_g_develop/src/apps/ESMF_PrintInfoC -I/home/mpotts/gfortran_9.3.0_openmpi_g_develop/src/apps/ESMF_PrintInfoC/../include -I/home/mpotts/gfortran_9.3.0_openmpi_g_develop/build_config/Linux.gfortran.default -I/home/mpotts/gfortran_9.3.0_openmpi_g_develop/src/Infrastructure -I/home/mpotts/gfortran_9.3.0_openmpi_g_develop/src/Superstructure -I/home/mpotts/gfortran_9.3.0_openmpi_g_develop/src/Infrastructure/stubs/pthread  -I/home/mpotts/gfortran_9.3.0_openmpi_g_develop/src/include  -I/home/mpotts/spack/opt/spack/linux-linuxmint19-skylake/gcc-9.3.0/netcdf-c-4.8.0-lx5wuve2qetctvkwfgsh3q3fuvjxq4ij/include -I/home/mpotts/gfortran_9.3.0_openmpi_g_develop/src/prologue/yaml-cpp/include -DESMF_NO_INTEGER_1_BYTE -DESMF_NO_INTEGER_2_BYTE -DESMF_VERSION_STRING_GIT='"v8.3.0b10-105-ga5295e34ae"' -DESMF_MOAB=1 -DESMF_LAPACK=1 -DESMF_LAPACK_INTERNAL=1 -DESMF_NO_ACC_SOFTWARE_STACK=1 -DESMF_NETCDF=1 -DESMF_YAMLCPP=1 -DESMF_YAML=1 -DESMF_PIO=1 -DESMF_NO_OPENACC -DESMF_TESTEXHAUSTIVE -DESMF_BOPT_g -DESMF_TESTCOMPTUNNEL -DESMF_TESTWITHTHREADS -DSx86_64_small=1 -DESMF_OS_Linux=1 -DESMF_COMM=openmpi -DESMF_DIR=/home/mpotts/gfortran_9.3.0_openmpi_g_develop -D__SDIR__='"src/apps/ESMF_PrintInfoC"' -DESMF_CXXSTD=11 -DESMF_NO_SIGUSR2 ESMF_PrintInfoC.c -o /home/mpotts/gfortran_9.3.0_openmpi_g_develop/obj/objg/Linux.gfortran.64.openmpi.default/src/apps/ESMF_PrintInfoC/ESMF_PrintInfoC.o
make chkdir_apps
make[5]: Entering directory '/home/mpotts/gfortran_9.3.0_openmpi_g_develop/src/apps/ESMF_PrintInfoC'
make[5]: Leaving directory '/home/mpotts/gfortran_9.3.0_openmpi_g_develop/src/apps/ESMF_PrintInfoC'
mpicxx    -m64 -mcmodel=small -pthread -Wl,--no-as-needed  -fopenmp -L/home/mpotts/gfortran_9.3.0_openmpi_g_develop/DEFAULTINSTALLDIR/lib/libg/Linux.gfortran.64.openmpi.default -L/home/mpotts/spack/opt/spack/linux-linuxmint19-skylake/gcc-9.3.0/netcdf-c-4.8.0-lx5wuve2qetctvkwfgsh3q3fuvjxq4ij/lib -L/home/mpotts/spack/opt/spack/linux-linuxmint19-skylake/gcc-9.3.0/netcdf-fortran-4.5.3-7cigsuiobyasv6mbext7pmabw5fhzo6y/lib -L/home/mpotts/spack/opt/spack/linux-linuxmint19-skylake/gcc-7.5.0/gcc-9.3.0-3ltccu6cenbq/lib64/../lib64/ -Wl,-rpath,/home/mpotts/gfortran_9.3.0_openmpi_g_develop/DEFAULTINSTALLDIR/lib/libg/Linux.gfortran.64.openmpi.default -Wl,-rpath,/home/mpotts/spack/opt/spack/linux-linuxmint19-skylake/gcc-9.3.0/netcdf-c-4.8.0-lx5wuve2qetctvkwfgsh3q3fuvjxq4ij/lib -Wl,-rpath,/home/mpotts/spack/opt/spack/linux-linuxmint19-skylake/gcc-9.3.0/netcdf-fortran-4.5.3-7cigsuiobyasv6mbext7pmabw5fhzo6y/lib  -Wl,-rpath,/home/mpotts/spack/opt/spack/linux-linuxmint19-skylake/gcc-7.5.0/gcc-9.3.0-3ltccu6cenbq/lib64/../lib64/ -o /home/mpotts/gfortran_9.3.0_openmpi_g_develop/DEFAULTINSTALLDIR/bin/bing/Linux.gfortran.64.openmpi.default/ESMF_PrintInfoC /home/mpotts/gfortran_9.3.0_openmpi_g_develop/obj/objg/Linux.gfortran.64.openmpi.default/src/apps/ESMF_PrintInfoC/ESMF_PrintInfoC.o -lesmf  -lrt -lgfortran -ldl -lnetcdf -lnetcdff -lpioc
/usr/bin/ld: warning: libnetcdf.so.18, needed by /home/mpotts/spack/opt/spack/linux-linuxmint19-skylake/gcc-9.3.0/netcdf-fortran-4.5.3-7cigsuiobyasv6mbext7pmabw5fhzo6y/lib/libnetcdff.so, may conflict with libnetcdf.so.19
make[4]: Leaving directory '/home/mpotts/gfortran_9.3.0_openmpi_g_develop/src/apps/ESMF_PrintInfoC'
tree_build_apps in: /home/mpotts/gfortran_9.3.0_openmpi_g_develop/src/apps/ESMF_RegridWeightGen
make[4]: Entering directory '/home/mpotts/gfortran_9.3.0_openmpi_g_develop/src/apps/ESMF_RegridWeightGen'
make chkdir_locobj
make[5]: Entering directory '/home/mpotts/gfortran_9.3.0_openmpi_g_develop/src/apps/ESMF_RegridWeightGen'
Making directory /home/mpotts/gfortran_9.3.0_openmpi_g_develop/obj/objg/Linux.gfortran.64.openmpi.default/src/apps/ESMF_RegridWeightGen for apps output
make[5]: Leaving directory '/home/mpotts/gfortran_9.3.0_openmpi_g_develop/src/apps/ESMF_RegridWeightGen'
mpifort -c -g -Wall -Wextra -Wconversion -Wno-unused -Wno-unused-dummy-argument -fbacktrace -fimplicit-none -fcheck=all,no-pointer -fPIC  -m64 -mcmodel=small -pthread -ffree-line-length-none  -fopenmp -I/home/mpotts/gfortran_9.3.0_openmpi_g_develop/src/apps/ESMF_RegridWeightGen -I/home/mpotts/gfortran_9.3.0_openmpi_g_develop/build_config/Linux.gfortran.default -I/home/mpotts/gfortran_9.3.0_openmpi_g_develop/src/Infrastructure -I/home/mpotts/gfortran_9.3.0_openmpi_g_develop/src/Superstructure -I/home/mpotts/gfortran_9.3.0_openmpi_g_develop/DEFAULTINSTALLDIR/mod/modg/Linux.gfortran.64.openmpi.default -I/home/mpotts/gfortran_9.3.0_openmpi_g_develop/src/include -I/home/mpotts/spack/opt/spack/linux-linuxmint19-skylake/gcc-9.3.0/netcdf-c-4.8.0-lx5wuve2qetctvkwfgsh3q3fuvjxq4ij/include -I/home/mpotts/spack/opt/spack/linux-linuxmint19-skylake/gcc-9.3.0/netcdf-fortran-4.5.3-7cigsuiobyasv6mbext7pmabw5fhzo6y/include  -DESMF_NO_INTEGER_1_BYTE -DESMF_NO_INTEGER_2_BYTE -DESMF_VERSION_STRING_GIT='"v8.3.0b10-105-ga5295e34ae"' -DESMF_MOAB=1 -DESMF_LAPACK=1 -DESMF_LAPACK_INTERNAL=1 -DESMF_NO_ACC_SOFTWARE_STACK=1 -DESMF_NETCDF=1 -DESMF_YAMLCPP=1 -DESMF_YAML=1 -DESMF_PIO=1 -DESMF_NO_OPENACC -DESMF_TESTEXHAUSTIVE -DESMF_BOPT_g -DESMF_TESTCOMPTUNNEL -DESMF_TESTWITHTHREADS -DSx86_64_small=1 -DESMF_OS_Linux=1 -DESMF_COMM=openmpi -DESMF_DIR=/home/mpotts/gfortran_9.3.0_openmpi_g_develop ESMF_RegridWeightGen.F90 -o /home/mpotts/gfortran_9.3.0_openmpi_g_develop/obj/objg/Linux.gfortran.64.openmpi.default/src/apps/ESMF_RegridWeightGen/ESMF_RegridWeightGen.o
make chkdir_apps
make[5]: Entering directory '/home/mpotts/gfortran_9.3.0_openmpi_g_develop/src/apps/ESMF_RegridWeightGen'
make[5]: Leaving directory '/home/mpotts/gfortran_9.3.0_openmpi_g_develop/src/apps/ESMF_RegridWeightGen'
mpifort     -m64 -mcmodel=small -pthread -Wl,--no-as-needed  -fopenmp -L/home/mpotts/gfortran_9.3.0_openmpi_g_develop/DEFAULTINSTALLDIR/lib/libg/Linux.gfortran.64.openmpi.default -L/home/mpotts/spack/opt/spack/linux-linuxmint19-skylake/gcc-9.3.0/netcdf-c-4.8.0-lx5wuve2qetctvkwfgsh3q3fuvjxq4ij/lib -L/home/mpotts/spack/opt/spack/linux-linuxmint19-skylake/gcc-9.3.0/netcdf-fortran-4.5.3-7cigsuiobyasv6mbext7pmabw5fhzo6y/lib -L/home/mpotts/spack/opt/spack/linux-linuxmint19-skylake/gcc-7.5.0/gcc-9.3.0-3ltccu6cenbq/lib64/../lib64/ -Wl,-rpath,/home/mpotts/gfortran_9.3.0_openmpi_g_develop/DEFAULTINSTALLDIR/lib/libg/Linux.gfortran.64.openmpi.default -Wl,-rpath,/home/mpotts/spack/opt/spack/linux-linuxmint19-skylake/gcc-9.3.0/netcdf-c-4.8.0-lx5wuve2qetctvkwfgsh3q3fuvjxq4ij/lib -Wl,-rpath,/home/mpotts/spack/opt/spack/linux-linuxmint19-skylake/gcc-9.3.0/netcdf-fortran-4.5.3-7cigsuiobyasv6mbext7pmabw5fhzo6y/lib  -Wl,-rpath,/home/mpotts/spack/opt/spack/linux-linuxmint19-skylake/gcc-7.5.0/gcc-9.3.0-3ltccu6cenbq/lib64/../lib64/ -o /home/mpotts/gfortran_9.3.0_openmpi_g_develop/DEFAULTINSTALLDIR/bin/bing/Linux.gfortran.64.openmpi.default/ESMF_RegridWeightGen /home/mpotts/gfortran_9.3.0_openmpi_g_develop/obj/objg/Linux.gfortran.64.openmpi.default/src/apps/ESMF_RegridWeightGen/ESMF_RegridWeightGen.o -lesmf   -lrt -lstdc++ -ldl -lnetcdf -lnetcdff -lpioc
/usr/bin/ld: warning: libnetcdf.so.18, needed by /home/mpotts/spack/opt/spack/linux-linuxmint19-skylake/gcc-9.3.0/netcdf-fortran-4.5.3-7cigsuiobyasv6mbext7pmabw5fhzo6y/lib/libnetcdff.so, may conflict with libnetcdf.so.19
make[4]: Leaving directory '/home/mpotts/gfortran_9.3.0_openmpi_g_develop/src/apps/ESMF_RegridWeightGen'
tree_build_apps in: /home/mpotts/gfortran_9.3.0_openmpi_g_develop/src/apps/ESMF_WebServController
make[4]: Entering directory '/home/mpotts/gfortran_9.3.0_openmpi_g_develop/src/apps/ESMF_WebServController'
make chkdir_locobj
make[5]: Entering directory '/home/mpotts/gfortran_9.3.0_openmpi_g_develop/src/apps/ESMF_WebServController'
Making directory /home/mpotts/gfortran_9.3.0_openmpi_g_develop/obj/objg/Linux.gfortran.64.openmpi.default/src/apps/ESMF_WebServController for apps output
make[5]: Leaving directory '/home/mpotts/gfortran_9.3.0_openmpi_g_develop/src/apps/ESMF_WebServController'
mpicxx -c -std=c++11 -g -Wall -Wextra -Wno-unused  -fPIC -DESMF_LOWERCASE_SINGLEUNDERSCORE -m64 -mcmodel=small -pthread  -fopenmp -I/home/mpotts/gfortran_9.3.0_openmpi_g_develop/src/apps/ESMF_WebServController -I/home/mpotts/gfortran_9.3.0_openmpi_g_develop/src/apps/ESMF_WebServController/../include -I/home/mpotts/gfortran_9.3.0_openmpi_g_develop/build_config/Linux.gfortran.default -I/home/mpotts/gfortran_9.3.0_openmpi_g_develop/src/Infrastructure -I/home/mpotts/gfortran_9.3.0_openmpi_g_develop/src/Superstructure -I/home/mpotts/gfortran_9.3.0_openmpi_g_develop/src/Infrastructure/stubs/pthread  -I/home/mpotts/gfortran_9.3.0_openmpi_g_develop/src/include  -I/home/mpotts/spack/opt/spack/linux-linuxmint19-skylake/gcc-9.3.0/netcdf-c-4.8.0-lx5wuve2qetctvkwfgsh3q3fuvjxq4ij/include -I/home/mpotts/gfortran_9.3.0_openmpi_g_develop/src/prologue/yaml-cpp/include -DESMF_NO_INTEGER_1_BYTE -DESMF_NO_INTEGER_2_BYTE -DESMF_VERSION_STRING_GIT='"v8.3.0b10-105-ga5295e34ae"' -DESMF_MOAB=1 -DESMF_LAPACK=1 -DESMF_LAPACK_INTERNAL=1 -DESMF_NO_ACC_SOFTWARE_STACK=1 -DESMF_NETCDF=1 -DESMF_YAMLCPP=1 -DESMF_YAML=1 -DESMF_PIO=1 -DESMF_NO_OPENACC -DESMF_TESTEXHAUSTIVE -DESMF_BOPT_g -DESMF_TESTCOMPTUNNEL -DESMF_TESTWITHTHREADS -DSx86_64_small=1 -DESMF_OS_Linux=1 -DESMF_COMM=openmpi -DESMF_DIR=/home/mpotts/gfortran_9.3.0_openmpi_g_develop -D__SDIR__='"src/apps/ESMF_WebServController"' -DESMF_CXXSTD=11 -DESMF_NO_SIGUSR2 ESMF_WebServController.C -o /home/mpotts/gfortran_9.3.0_openmpi_g_develop/obj/objg/Linux.gfortran.64.openmpi.default/src/apps/ESMF_WebServController/ESMF_WebServController.o
make chkdir_apps
make[5]: Entering directory '/home/mpotts/gfortran_9.3.0_openmpi_g_develop/src/apps/ESMF_WebServController'
make[5]: Leaving directory '/home/mpotts/gfortran_9.3.0_openmpi_g_develop/src/apps/ESMF_WebServController'
mpicxx    -m64 -mcmodel=small -pthread -Wl,--no-as-needed  -fopenmp -L/home/mpotts/gfortran_9.3.0_openmpi_g_develop/DEFAULTINSTALLDIR/lib/libg/Linux.gfortran.64.openmpi.default -L/home/mpotts/spack/opt/spack/linux-linuxmint19-skylake/gcc-9.3.0/netcdf-c-4.8.0-lx5wuve2qetctvkwfgsh3q3fuvjxq4ij/lib -L/home/mpotts/spack/opt/spack/linux-linuxmint19-skylake/gcc-9.3.0/netcdf-fortran-4.5.3-7cigsuiobyasv6mbext7pmabw5fhzo6y/lib -L/home/mpotts/spack/opt/spack/linux-linuxmint19-skylake/gcc-7.5.0/gcc-9.3.0-3ltccu6cenbq/lib64/../lib64/ -Wl,-rpath,/home/mpotts/gfortran_9.3.0_openmpi_g_develop/DEFAULTINSTALLDIR/lib/libg/Linux.gfortran.64.openmpi.default -Wl,-rpath,/home/mpotts/spack/opt/spack/linux-linuxmint19-skylake/gcc-9.3.0/netcdf-c-4.8.0-lx5wuve2qetctvkwfgsh3q3fuvjxq4ij/lib -Wl,-rpath,/home/mpotts/spack/opt/spack/linux-linuxmint19-skylake/gcc-9.3.0/netcdf-fortran-4.5.3-7cigsuiobyasv6mbext7pmabw5fhzo6y/lib  -Wl,-rpath,/home/mpotts/spack/opt/spack/linux-linuxmint19-skylake/gcc-7.5.0/gcc-9.3.0-3ltccu6cenbq/lib64/../lib64/ -o /home/mpotts/gfortran_9.3.0_openmpi_g_develop/DEFAULTINSTALLDIR/bin/bing/Linux.gfortran.64.openmpi.default/ESMF_WebServController /home/mpotts/gfortran_9.3.0_openmpi_g_develop/obj/objg/Linux.gfortran.64.openmpi.default/src/apps/ESMF_WebServController/ESMF_WebServController.o -lesmf  -lrt -lgfortran -ldl -lnetcdf -lnetcdff -lpioc
/usr/bin/ld: warning: libnetcdf.so.18, needed by /home/mpotts/spack/opt/spack/linux-linuxmint19-skylake/gcc-9.3.0/netcdf-fortran-4.5.3-7cigsuiobyasv6mbext7pmabw5fhzo6y/lib/libnetcdff.so, may conflict with libnetcdf.so.19
make[4]: Leaving directory '/home/mpotts/gfortran_9.3.0_openmpi_g_develop/src/apps/ESMF_WebServController'
tree_build_apps in: /home/mpotts/gfortran_9.3.0_openmpi_g_develop/src/apps/ESMF_Scrip2Unstruct
make[4]: Entering directory '/home/mpotts/gfortran_9.3.0_openmpi_g_develop/src/apps/ESMF_Scrip2Unstruct'
make chkdir_locobj
make[5]: Entering directory '/home/mpotts/gfortran_9.3.0_openmpi_g_develop/src/apps/ESMF_Scrip2Unstruct'
Making directory /home/mpotts/gfortran_9.3.0_openmpi_g_develop/obj/objg/Linux.gfortran.64.openmpi.default/src/apps/ESMF_Scrip2Unstruct for apps output
make[5]: Leaving directory '/home/mpotts/gfortran_9.3.0_openmpi_g_develop/src/apps/ESMF_Scrip2Unstruct'
mpicxx -c -std=c++11 -g -Wall -Wextra -Wno-unused  -fPIC -DESMF_LOWERCASE_SINGLEUNDERSCORE -m64 -mcmodel=small -pthread  -fopenmp -I/home/mpotts/gfortran_9.3.0_openmpi_g_develop/src/apps/ESMF_Scrip2Unstruct -I/home/mpotts/gfortran_9.3.0_openmpi_g_develop/src/apps/ESMF_Scrip2Unstruct/../include -I/home/mpotts/gfortran_9.3.0_openmpi_g_develop/build_config/Linux.gfortran.default -I/home/mpotts/gfortran_9.3.0_openmpi_g_develop/src/Infrastructure -I/home/mpotts/gfortran_9.3.0_openmpi_g_develop/src/Superstructure -I/home/mpotts/gfortran_9.3.0_openmpi_g_develop/src/Infrastructure/stubs/pthread  -I/home/mpotts/gfortran_9.3.0_openmpi_g_develop/src/include  -I/home/mpotts/spack/opt/spack/linux-linuxmint19-skylake/gcc-9.3.0/netcdf-c-4.8.0-lx5wuve2qetctvkwfgsh3q3fuvjxq4ij/include -I/home/mpotts/gfortran_9.3.0_openmpi_g_develop/src/prologue/yaml-cpp/include -DESMF_NO_INTEGER_1_BYTE -DESMF_NO_INTEGER_2_BYTE -DESMF_VERSION_STRING_GIT='"v8.3.0b10-105-ga5295e34ae"' -DESMF_MOAB=1 -DESMF_LAPACK=1 -DESMF_LAPACK_INTERNAL=1 -DESMF_NO_ACC_SOFTWARE_STACK=1 -DESMF_NETCDF=1 -DESMF_YAMLCPP=1 -DESMF_YAML=1 -DESMF_PIO=1 -DESMF_NO_OPENACC -DESMF_TESTEXHAUSTIVE -DESMF_BOPT_g -DESMF_TESTCOMPTUNNEL -DESMF_TESTWITHTHREADS -DSx86_64_small=1 -DESMF_OS_Linux=1 -DESMF_COMM=openmpi -DESMF_DIR=/home/mpotts/gfortran_9.3.0_openmpi_g_develop -D__SDIR__='"src/apps/ESMF_Scrip2Unstruct"' -DESMF_CXXSTD=11 -DESMF_NO_SIGUSR2 ESMF_Scrip2Unstruct.C -o /home/mpotts/gfortran_9.3.0_openmpi_g_develop/obj/objg/Linux.gfortran.64.openmpi.default/src/apps/ESMF_Scrip2Unstruct/ESMF_Scrip2Unstruct.o
ESMF_Scrip2Unstruct.C: In function 'int main(int, char**)':
ESMF_Scrip2Unstruct.C:581:14: warning: comparison of integer expressions of different signedness: 'int' and 'size_t' {aka 'long unsigned int'} [-Wsign-compare]
  581 |   for (i=0; i<len; i++) {
      |             ~^~~~
ESMF_Scrip2Unstruct.C:592:19: warning: comparison of integer expressions of different signedness: 'int' and 'size_t' {aka 'long unsigned int'} [-Wsign-compare]
  592 |     for (i = 0; i < gcdim*gsdim; i++) {
      |                 ~~^~~~~~~~~~~~~
ESMF_Scrip2Unstruct.C:598:17: warning: comparison of integer expressions of different signedness: 'int' and 'size_t' {aka 'long unsigned int'} [-Wsign-compare]
  598 |   for (i = 0; i < gcdim*gsdim; i++) {
      |               ~~^~~~~~~~~~~~~
ESMF_Scrip2Unstruct.C:666:14: warning: comparison of integer expressions of different signedness: 'int' and 'size_t' {aka 'long unsigned int'} [-Wsign-compare]
  666 |   for (i=0; i<gcdim*gsdim; i++) {
      |             ~^~~~~~~~~~~~
ESMF_Scrip2Unstruct.C:693:14: warning: comparison of integer expressions of different signedness: 'int' and 'size_t' {aka 'long unsigned int'} [-Wsign-compare]
  693 |   for (i=0; i<gsdim; i++) {
      |             ~^~~~~~
ESMF_Scrip2Unstruct.C:698:16: warning: comparison of integer expressions of different signedness: 'int' and 'size_t' {aka 'long unsigned int'} [-Wsign-compare]
  698 |     for (j=1; j<gcdim; j++) {
      |               ~^~~~~~
ESMF_Scrip2Unstruct.C:724:20: warning: comparison of integer expressions of different signedness: 'int' and 'size_t' {aka 'long unsigned int'} [-Wsign-compare]
  724 |     for (j=count; j<gcdim; j++) {
      |                   ~^~~~~~
ESMF_Scrip2Unstruct.C:838:15: warning: comparison of integer expressions of different signedness: 'int' and 'size_t' {aka 'long unsigned int'} [-Wsign-compare]
  838 |    for (i=0; i<len; i++) {
      |              ~^~~~
ESMF_Scrip2Unstruct.C:849:17: warning: comparison of integer expressions of different signedness: 'int' and 'size_t' {aka 'long unsigned int'} [-Wsign-compare]
  849 |      for (i=0; i<gsdim; i++) {
      |                ~^~~~~~
ESMF_Scrip2Unstruct.C:856:17: warning: comparison of integer expressions of different signedness: 'int' and 'size_t' {aka 'long unsigned int'} [-Wsign-compare]
  856 |      for (i=0; i<gsdim; i++) {
      |                ~^~~~~~
ESMF_Scrip2Unstruct.C:869:17: warning: comparison of integer expressions of different signedness: 'int' and 'size_t' {aka 'long unsigned int'} [-Wsign-compare]
  869 |      for (i=0; i<gsdim; i++) {
      |                ~^~~~~~
ESMF_Scrip2Unstruct.C:875:17: warning: comparison of integer expressions of different signedness: 'int' and 'size_t' {aka 'long unsigned int'} [-Wsign-compare]
  875 |      for (i=0; i<gsdim; i++) {
      |                ~^~~~~~
ESMF_Scrip2Unstruct.C:946:16: warning: comparison of integer expressions of different signedness: 'int' and 'size_t' {aka 'long unsigned int'} [-Wsign-compare]
  946 |     for (i=0; i<gsdim; i++) {
      |               ~^~~~~~
ESMF_Scrip2Unstruct.C:957:16: warning: comparison of integer expressions of different signedness: 'int' and 'size_t' {aka 'long unsigned int'} [-Wsign-compare]
  957 |     for (i=0; i<gsdim; i++) {
      |               ~^~~~~~
ESMF_Scrip2Unstruct.C:967:16: warning: comparison of integer expressions of different signedness: 'int' and 'size_t' {aka 'long unsigned int'} [-Wsign-compare]
  967 |     for (i=0; i<len; i++) {
      |               ~^~~~
ESMF_Scrip2Unstruct.C:976:18: warning: comparison of integer expressions of different signedness: 'int' and 'size_t' {aka 'long unsigned int'} [-Wsign-compare]
  976 |       for (i=0; i<gsdim*2; i++) {
      |                 ~^~~~~~~~
ESMF_Scrip2Unstruct.C:992:20: warning: comparison of integer expressions of different signedness: 'int' and 'size_t' {aka 'long unsigned int'} [-Wsign-compare]
  992 |     for (i=0,k=0; i<gsdim; i++) {
      |                   ~^~~~~~
ESMF_Scrip2Unstruct.C:993:18: warning: comparison of integer expressions of different signedness: 'int' and 'size_t' {aka 'long unsigned int'} [-Wsign-compare]
  993 |       for (j=0; j<gcdim; j++,k++) {
      |                 ~^~~~~~
ESMF_Scrip2Unstruct.C:1082:17: warning: comparison of integer expressions of different signedness: 'int' and 'size_t' {aka 'long unsigned int'} [-Wsign-compare]
 1082 |      for (j=0; j<gsdim;j++) {
      |                ~^~~~~~
ESMF_Scrip2Unstruct.C:1089:18: warning: comparison of integer expressions of different signedness: 'int' and 'size_t' {aka 'long unsigned int'} [-Wsign-compare]
 1089 |      for (j=0;  j<gsdim;j++) {
      |                 ~^~~~~~
make chkdir_apps
make[5]: Entering directory '/home/mpotts/gfortran_9.3.0_openmpi_g_develop/src/apps/ESMF_Scrip2Unstruct'
make[5]: Leaving directory '/home/mpotts/gfortran_9.3.0_openmpi_g_develop/src/apps/ESMF_Scrip2Unstruct'
mpicxx    -m64 -mcmodel=small -pthread -Wl,--no-as-needed  -fopenmp -L/home/mpotts/gfortran_9.3.0_openmpi_g_develop/DEFAULTINSTALLDIR/lib/libg/Linux.gfortran.64.openmpi.default -L/home/mpotts/spack/opt/spack/linux-linuxmint19-skylake/gcc-9.3.0/netcdf-c-4.8.0-lx5wuve2qetctvkwfgsh3q3fuvjxq4ij/lib -L/home/mpotts/spack/opt/spack/linux-linuxmint19-skylake/gcc-9.3.0/netcdf-fortran-4.5.3-7cigsuiobyasv6mbext7pmabw5fhzo6y/lib -L/home/mpotts/spack/opt/spack/linux-linuxmint19-skylake/gcc-7.5.0/gcc-9.3.0-3ltccu6cenbq/lib64/../lib64/ -Wl,-rpath,/home/mpotts/gfortran_9.3.0_openmpi_g_develop/DEFAULTINSTALLDIR/lib/libg/Linux.gfortran.64.openmpi.default -Wl,-rpath,/home/mpotts/spack/opt/spack/linux-linuxmint19-skylake/gcc-9.3.0/netcdf-c-4.8.0-lx5wuve2qetctvkwfgsh3q3fuvjxq4ij/lib -Wl,-rpath,/home/mpotts/spack/opt/spack/linux-linuxmint19-skylake/gcc-9.3.0/netcdf-fortran-4.5.3-7cigsuiobyasv6mbext7pmabw5fhzo6y/lib  -Wl,-rpath,/home/mpotts/spack/opt/spack/linux-linuxmint19-skylake/gcc-7.5.0/gcc-9.3.0-3ltccu6cenbq/lib64/../lib64/ -o /home/mpotts/gfortran_9.3.0_openmpi_g_develop/DEFAULTINSTALLDIR/bin/bing/Linux.gfortran.64.openmpi.default/ESMF_Scrip2Unstruct /home/mpotts/gfortran_9.3.0_openmpi_g_develop/obj/objg/Linux.gfortran.64.openmpi.default/src/apps/ESMF_Scrip2Unstruct/ESMF_Scrip2Unstruct.o -lesmf  -lrt -lgfortran -ldl -lnetcdf -lnetcdff -lpioc
/usr/bin/ld: warning: libnetcdf.so.18, needed by /home/mpotts/spack/opt/spack/linux-linuxmint19-skylake/gcc-9.3.0/netcdf-fortran-4.5.3-7cigsuiobyasv6mbext7pmabw5fhzo6y/lib/libnetcdff.so, may conflict with libnetcdf.so.19
make[4]: Leaving directory '/home/mpotts/gfortran_9.3.0_openmpi_g_develop/src/apps/ESMF_Scrip2Unstruct'
tree_build_apps in: /home/mpotts/gfortran_9.3.0_openmpi_g_develop/src/apps/ESMF_Regrid
make[4]: Entering directory '/home/mpotts/gfortran_9.3.0_openmpi_g_develop/src/apps/ESMF_Regrid'
make chkdir_locobj
make[5]: Entering directory '/home/mpotts/gfortran_9.3.0_openmpi_g_develop/src/apps/ESMF_Regrid'
Making directory /home/mpotts/gfortran_9.3.0_openmpi_g_develop/obj/objg/Linux.gfortran.64.openmpi.default/src/apps/ESMF_Regrid for apps output
make[5]: Leaving directory '/home/mpotts/gfortran_9.3.0_openmpi_g_develop/src/apps/ESMF_Regrid'
mpifort -c -g -Wall -Wextra -Wconversion -Wno-unused -Wno-unused-dummy-argument -fbacktrace -fimplicit-none -fcheck=all,no-pointer -fPIC  -m64 -mcmodel=small -pthread -ffree-line-length-none  -fopenmp -I/home/mpotts/gfortran_9.3.0_openmpi_g_develop/src/apps/ESMF_Regrid -I/home/mpotts/gfortran_9.3.0_openmpi_g_develop/build_config/Linux.gfortran.default -I/home/mpotts/gfortran_9.3.0_openmpi_g_develop/src/Infrastructure -I/home/mpotts/gfortran_9.3.0_openmpi_g_develop/src/Superstructure -I/home/mpotts/gfortran_9.3.0_openmpi_g_develop/DEFAULTINSTALLDIR/mod/modg/Linux.gfortran.64.openmpi.default -I/home/mpotts/gfortran_9.3.0_openmpi_g_develop/src/include -I/home/mpotts/spack/opt/spack/linux-linuxmint19-skylake/gcc-9.3.0/netcdf-c-4.8.0-lx5wuve2qetctvkwfgsh3q3fuvjxq4ij/include -I/home/mpotts/spack/opt/spack/linux-linuxmint19-skylake/gcc-9.3.0/netcdf-fortran-4.5.3-7cigsuiobyasv6mbext7pmabw5fhzo6y/include  -DESMF_NO_INTEGER_1_BYTE -DESMF_NO_INTEGER_2_BYTE -DESMF_VERSION_STRING_GIT='"v8.3.0b10-105-ga5295e34ae"' -DESMF_MOAB=1 -DESMF_LAPACK=1 -DESMF_LAPACK_INTERNAL=1 -DESMF_NO_ACC_SOFTWARE_STACK=1 -DESMF_NETCDF=1 -DESMF_YAMLCPP=1 -DESMF_YAML=1 -DESMF_PIO=1 -DESMF_NO_OPENACC -DESMF_TESTEXHAUSTIVE -DESMF_BOPT_g -DESMF_TESTCOMPTUNNEL -DESMF_TESTWITHTHREADS -DSx86_64_small=1 -DESMF_OS_Linux=1 -DESMF_COMM=openmpi -DESMF_DIR=/home/mpotts/gfortran_9.3.0_openmpi_g_develop ESMF_Regrid.F90 -o /home/mpotts/gfortran_9.3.0_openmpi_g_develop/obj/objg/Linux.gfortran.64.openmpi.default/src/apps/ESMF_Regrid/ESMF_Regrid.o
make chkdir_apps
make[5]: Entering directory '/home/mpotts/gfortran_9.3.0_openmpi_g_develop/src/apps/ESMF_Regrid'
make[5]: Leaving directory '/home/mpotts/gfortran_9.3.0_openmpi_g_develop/src/apps/ESMF_Regrid'
mpifort     -m64 -mcmodel=small -pthread -Wl,--no-as-needed  -fopenmp -L/home/mpotts/gfortran_9.3.0_openmpi_g_develop/DEFAULTINSTALLDIR/lib/libg/Linux.gfortran.64.openmpi.default -L/home/mpotts/spack/opt/spack/linux-linuxmint19-skylake/gcc-9.3.0/netcdf-c-4.8.0-lx5wuve2qetctvkwfgsh3q3fuvjxq4ij/lib -L/home/mpotts/spack/opt/spack/linux-linuxmint19-skylake/gcc-9.3.0/netcdf-fortran-4.5.3-7cigsuiobyasv6mbext7pmabw5fhzo6y/lib -L/home/mpotts/spack/opt/spack/linux-linuxmint19-skylake/gcc-7.5.0/gcc-9.3.0-3ltccu6cenbq/lib64/../lib64/ -Wl,-rpath,/home/mpotts/gfortran_9.3.0_openmpi_g_develop/DEFAULTINSTALLDIR/lib/libg/Linux.gfortran.64.openmpi.default -Wl,-rpath,/home/mpotts/spack/opt/spack/linux-linuxmint19-skylake/gcc-9.3.0/netcdf-c-4.8.0-lx5wuve2qetctvkwfgsh3q3fuvjxq4ij/lib -Wl,-rpath,/home/mpotts/spack/opt/spack/linux-linuxmint19-skylake/gcc-9.3.0/netcdf-fortran-4.5.3-7cigsuiobyasv6mbext7pmabw5fhzo6y/lib  -Wl,-rpath,/home/mpotts/spack/opt/spack/linux-linuxmint19-skylake/gcc-7.5.0/gcc-9.3.0-3ltccu6cenbq/lib64/../lib64/ -o /home/mpotts/gfortran_9.3.0_openmpi_g_develop/DEFAULTINSTALLDIR/bin/bing/Linux.gfortran.64.openmpi.default/ESMF_Regrid /home/mpotts/gfortran_9.3.0_openmpi_g_develop/obj/objg/Linux.gfortran.64.openmpi.default/src/apps/ESMF_Regrid/ESMF_Regrid.o -lesmf   -lrt -lstdc++ -ldl -lnetcdf -lnetcdff -lpioc
/usr/bin/ld: warning: libnetcdf.so.18, needed by /home/mpotts/spack/opt/spack/linux-linuxmint19-skylake/gcc-9.3.0/netcdf-fortran-4.5.3-7cigsuiobyasv6mbext7pmabw5fhzo6y/lib/libnetcdff.so, may conflict with libnetcdf.so.19
make[4]: Leaving directory '/home/mpotts/gfortran_9.3.0_openmpi_g_develop/src/apps/ESMF_Regrid'
make[3]: Leaving directory '/home/mpotts/gfortran_9.3.0_openmpi_g_develop/src/apps'
ESMF apps built successfully.
make[2]: Leaving directory '/home/mpotts/gfortran_9.3.0_openmpi_g_develop'
make[1]: Leaving directory '/home/mpotts/gfortran_9.3.0_openmpi_g_develop'
mkdir -p /home/mpotts/gfortran_9.3.0_openmpi_g_develop/DEFAULTINSTALLDIR/doc
make install_info_mk
make[1]: Entering directory '/home/mpotts/gfortran_9.3.0_openmpi_g_develop'
make info_mk ESMF_APPSDIR=/home/mpotts/gfortran_9.3.0_openmpi_g_develop/DEFAULTINSTALLDIR/bin/bing/Linux.gfortran.64.openmpi.default ESMF_LDIR=/home/mpotts/gfortran_9.3.0_openmpi_g_develop/DEFAULTINSTALLDIR/lib/libg/Linux.gfortran.64.openmpi.default ESMF_LIBDIR=/home/mpotts/gfortran_9.3.0_openmpi_g_develop/DEFAULTINSTALLDIR/lib/libg/Linux.gfortran.64.openmpi.default ESMF_MODDIR=/home/mpotts/gfortran_9.3.0_openmpi_g_develop/DEFAULTINSTALLDIR/mod/modg/Linux.gfortran.64.openmpi.default ESMF_INCDIR=/home/mpotts/gfortran_9.3.0_openmpi_g_develop/DEFAULTINSTALLDIR/include
make[2]: Entering directory '/home/mpotts/gfortran_9.3.0_openmpi_g_develop'
make[2]: Leaving directory '/home/mpotts/gfortran_9.3.0_openmpi_g_develop'
make[1]: Leaving directory '/home/mpotts/gfortran_9.3.0_openmpi_g_develop'
 
ESMF installation complete.
 
