build time -- 2022-03-26 02:55:43
20220326 120857.048 INFO             PET0 !!!!!!!!!!!!!!!!!!!!!!!!!!!!!!!!!!!!!!!!!!!!!!!!!!!!!!
20220326 120857.051 INFO             PET0 !!! THE ESMF_LOG IS SET TO OUTPUT ALL LOG MESSAGES !!!
20220326 120857.051 INFO             PET0 !!!     THIS MAY CAUSE SLOWDOWN IN PERFORMANCE     !!!
20220326 120857.051 INFO             PET0 !!! FOR PRODUCTION RUNS, USE:                      !!!
20220326 120857.051 INFO             PET0 !!!                   ESMF_LOGKIND_Multi_On_Error  !!!
20220326 120857.051 INFO             PET0 !!!!!!!!!!!!!!!!!!!!!!!!!!!!!!!!!!!!!!!!!!!!!!!!!!!!!!
20220326 120857.051 INFO             PET0 Running with ESMF Version   : v8.3.0b10-105-ga5295e34ae
20220326 120857.052 INFO             PET0 ESMF library build date/time: "Mar 26 2022" "02:54:11"
20220326 120857.052 INFO             PET0 ESMF library build location : /global/cscratch1/sd/rsdunlap/esmf-testing/intel_19.0.3_mpi_g_develop
20220326 120857.052 INFO             PET0 ESMF_COMM                   : mpi
20220326 120857.057 INFO             PET0 ESMF_MOAB                   : enabled
20220326 120857.057 INFO             PET0 ESMF_LAPACK                 : enabled
20220326 120857.057 INFO             PET0 ESMF_NETCDF                 : enabled
20220326 120857.057 INFO             PET0 ESMF_PNETCDF                : disabled
20220326 120857.057 INFO             PET0 ESMF_PIO                    : enabled
20220326 120857.057 INFO             PET0 ESMF_YAMLCPP                : enabled
20220326 120857.093 INFO             PET0  NUMBER_OF_PROCESSORS           4
20220326 120857.094 INFO             PET0  PASS  Example ESMF_SCompEx, ESMF_SCompEx.F90, line 385
20220326 120857.094 INFO             PET0 Finalizing ESMF
20220326 120857.048 INFO             PET1 !!!!!!!!!!!!!!!!!!!!!!!!!!!!!!!!!!!!!!!!!!!!!!!!!!!!!!
20220326 120857.051 INFO             PET1 !!! THE ESMF_LOG IS SET TO OUTPUT ALL LOG MESSAGES !!!
20220326 120857.051 INFO             PET1 !!!     THIS MAY CAUSE SLOWDOWN IN PERFORMANCE     !!!
20220326 120857.051 INFO             PET1 !!! FOR PRODUCTION RUNS, USE:                      !!!
20220326 120857.051 INFO             PET1 !!!                   ESMF_LOGKIND_Multi_On_Error  !!!
20220326 120857.051 INFO             PET1 !!!!!!!!!!!!!!!!!!!!!!!!!!!!!!!!!!!!!!!!!!!!!!!!!!!!!!
20220326 120857.051 INFO             PET1 Running with ESMF Version   : v8.3.0b10-105-ga5295e34ae
20220326 120857.052 INFO             PET1 ESMF library build date/time: "Mar 26 2022" "02:54:11"
20220326 120857.052 INFO             PET1 ESMF library build location : /global/cscratch1/sd/rsdunlap/esmf-testing/intel_19.0.3_mpi_g_develop
20220326 120857.052 INFO             PET1 ESMF_COMM                   : mpi
20220326 120857.057 INFO             PET1 ESMF_MOAB                   : enabled
20220326 120857.057 INFO             PET1 ESMF_LAPACK                 : enabled
20220326 120857.057 INFO             PET1 ESMF_NETCDF                 : enabled
20220326 120857.057 INFO             PET1 ESMF_PNETCDF                : disabled
20220326 120857.057 INFO             PET1 ESMF_PIO                    : enabled
20220326 120857.057 INFO             PET1 ESMF_YAMLCPP                : enabled
20220326 120857.093 INFO             PET1  NUMBER_OF_PROCESSORS           4
20220326 120857.094 INFO             PET1  PASS  Example ESMF_SCompEx, ESMF_SCompEx.F90, line 385
20220326 120857.094 INFO             PET1 Finalizing ESMF
20220326 120857.048 INFO             PET2 !!!!!!!!!!!!!!!!!!!!!!!!!!!!!!!!!!!!!!!!!!!!!!!!!!!!!!
20220326 120857.051 INFO             PET2 !!! THE ESMF_LOG IS SET TO OUTPUT ALL LOG MESSAGES !!!
20220326 120857.051 INFO             PET2 !!!     THIS MAY CAUSE SLOWDOWN IN PERFORMANCE     !!!
20220326 120857.051 INFO             PET2 !!! FOR PRODUCTION RUNS, USE:                      !!!
20220326 120857.051 INFO             PET2 !!!                   ESMF_LOGKIND_Multi_On_Error  !!!
20220326 120857.051 INFO             PET2 !!!!!!!!!!!!!!!!!!!!!!!!!!!!!!!!!!!!!!!!!!!!!!!!!!!!!!
20220326 120857.051 INFO             PET2 Running with ESMF Version   : v8.3.0b10-105-ga5295e34ae
20220326 120857.052 INFO             PET2 ESMF library build date/time: "Mar 26 2022" "02:54:11"
20220326 120857.052 INFO             PET2 ESMF library build location : /global/cscratch1/sd/rsdunlap/esmf-testing/intel_19.0.3_mpi_g_develop
20220326 120857.052 INFO             PET2 ESMF_COMM                   : mpi
20220326 120857.057 INFO             PET2 ESMF_MOAB                   : enabled
20220326 120857.057 INFO             PET2 ESMF_LAPACK                 : enabled
20220326 120857.057 INFO             PET2 ESMF_NETCDF                 : enabled
20220326 120857.057 INFO             PET2 ESMF_PNETCDF                : disabled
20220326 120857.057 INFO             PET2 ESMF_PIO                    : enabled
20220326 120857.057 INFO             PET2 ESMF_YAMLCPP                : enabled
20220326 120857.093 INFO             PET2  NUMBER_OF_PROCESSORS           4
20220326 120857.094 INFO             PET2  PASS  Example ESMF_SCompEx, ESMF_SCompEx.F90, line 385
20220326 120857.094 INFO             PET2 Finalizing ESMF
20220326 120857.048 INFO             PET3 !!!!!!!!!!!!!!!!!!!!!!!!!!!!!!!!!!!!!!!!!!!!!!!!!!!!!!
20220326 120857.051 INFO             PET3 !!! THE ESMF_LOG IS SET TO OUTPUT ALL LOG MESSAGES !!!
20220326 120857.051 INFO             PET3 !!!     THIS MAY CAUSE SLOWDOWN IN PERFORMANCE     !!!
20220326 120857.051 INFO             PET3 !!! FOR PRODUCTION RUNS, USE:                      !!!
20220326 120857.051 INFO             PET3 !!!                   ESMF_LOGKIND_Multi_On_Error  !!!
20220326 120857.051 INFO             PET3 !!!!!!!!!!!!!!!!!!!!!!!!!!!!!!!!!!!!!!!!!!!!!!!!!!!!!!
20220326 120857.051 INFO             PET3 Running with ESMF Version   : v8.3.0b10-105-ga5295e34ae
20220326 120857.052 INFO             PET3 ESMF library build date/time: "Mar 26 2022" "02:54:11"
20220326 120857.052 INFO             PET3 ESMF library build location : /global/cscratch1/sd/rsdunlap/esmf-testing/intel_19.0.3_mpi_g_develop
20220326 120857.052 INFO             PET3 ESMF_COMM                   : mpi
20220326 120857.057 INFO             PET3 ESMF_MOAB                   : enabled
20220326 120857.057 INFO             PET3 ESMF_LAPACK                 : enabled
20220326 120857.057 INFO             PET3 ESMF_NETCDF                 : enabled
20220326 120857.057 INFO             PET3 ESMF_PNETCDF                : disabled
20220326 120857.057 INFO             PET3 ESMF_PIO                    : enabled
20220326 120857.057 INFO             PET3 ESMF_YAMLCPP                : enabled
20220326 120857.093 INFO             PET3  NUMBER_OF_PROCESSORS           4
20220326 120857.094 INFO             PET3  PASS  Example ESMF_SCompEx, ESMF_SCompEx.F90, line 385
20220326 120857.094 INFO             PET3 Finalizing ESMF
