build time -- 2022-03-25 02:45:10
srun: Job 56637374 step creation temporarily disabled, retrying (Requested nodes are busy)
srun: Step created for job 56637374
 data array1:
           0  array1:            1
           0  array1:            2
 data array1:
           1  array1:          101
           1  array1:          102
 Global sum:
           0  result:         1212
 Global sum:
           1  result:         1212
 data array1:
           2  array1:          201
           2  array1:          202
 Global sum:
           2  result:         1212
 data array1:
           3  array1:          301
           3  array1:          302
 Global sum:
           3  result:         1212
  PASS  Example ESMF_VMAllFullReduceEx, ESMF_VMAllFullReduceEx.F90, line 113
  PASS  Example ESMF_VMAllFullReduceEx, ESMF_VMAllFullReduceEx.F90, line 113
  PASS  Example ESMF_VMAllFullReduceEx, ESMF_VMAllFullReduceEx.F90, line 113
  PASS  Example ESMF_VMAllFullReduceEx, ESMF_VMAllFullReduceEx.F90, line 113
 PASS: ESMF_VMAllFullReduceEx.F90
 PASS: ESMF_VMAllFullReduceEx.F90
 PASS: ESMF_VMAllFullReduceEx.F90
 PASS: ESMF_VMAllFullReduceEx.F90
