build time -- 2022-03-23 02:41:40
20220323 041101.864 INFO             PET0 !!!!!!!!!!!!!!!!!!!!!!!!!!!!!!!!!!!!!!!!!!!!!!!!!!!!!!
20220323 041101.864 INFO             PET0 !!! THE ESMF_LOG IS SET TO OUTPUT ALL LOG MESSAGES !!!
20220323 041101.864 INFO             PET0 !!!     THIS MAY CAUSE SLOWDOWN IN PERFORMANCE     !!!
20220323 041101.864 INFO             PET0 !!! FOR PRODUCTION RUNS, USE:                      !!!
20220323 041101.864 INFO             PET0 !!!                   ESMF_LOGKIND_Multi_On_Error  !!!
20220323 041101.864 INFO             PET0 !!!!!!!!!!!!!!!!!!!!!!!!!!!!!!!!!!!!!!!!!!!!!!!!!!!!!!
20220323 041101.864 INFO             PET0 Running with ESMF Version   : v8.3.0b09-6-gdac1bc5728
20220323 041101.864 INFO             PET0 ESMF library build date/time: "Mar 23 2022" "02:39:02"
20220323 041101.864 INFO             PET0 ESMF library build location : /global/cscratch1/sd/rsdunlap/esmf-testing/intel_19.0.3_mpi_g_develop
20220323 041101.864 INFO             PET0 ESMF_COMM                   : mpi
20220323 041101.866 INFO             PET0 ESMF_MOAB                   : enabled
20220323 041101.866 INFO             PET0 ESMF_LAPACK                 : enabled
20220323 041101.866 INFO             PET0 ESMF_NETCDF                 : enabled
20220323 041101.866 INFO             PET0 ESMF_PNETCDF                : disabled
20220323 041101.866 INFO             PET0 ESMF_PIO                    : enabled
20220323 041101.866 INFO             PET0 ESMF_YAMLCPP                : enabled
20220323 041101.867 INFO             PET0  NUMBER_OF_PROCESSORS           1
20220323 041101.867 INFO             PET0  PASS  Example ESMF_ClockEx, ESMF_ClockEx.F90, line 220
20220323 041101.867 INFO             PET0 Finalizing ESMF
