build time -- 2022-03-20 03:23:51
20220320 133924.678 INFO             PET0 !!!!!!!!!!!!!!!!!!!!!!!!!!!!!!!!!!!!!!!!!!!!!!!!!!!!!!
20220320 133924.678 INFO             PET0 !!! THE ESMF_LOG IS SET TO OUTPUT ALL LOG MESSAGES !!!
20220320 133924.678 INFO             PET0 !!!     THIS MAY CAUSE SLOWDOWN IN PERFORMANCE     !!!
20220320 133924.678 INFO             PET0 !!! FOR PRODUCTION RUNS, USE:                      !!!
20220320 133924.678 INFO             PET0 !!!                   ESMF_LOGKIND_Multi_On_Error  !!!
20220320 133924.678 INFO             PET0 !!!!!!!!!!!!!!!!!!!!!!!!!!!!!!!!!!!!!!!!!!!!!!!!!!!!!!
20220320 133924.678 INFO             PET0 Running with ESMF Version   : v8.3.0b09-4-g424b2f26e0
20220320 133924.678 INFO             PET0 ESMF library build date/time: "Mar 20 2022" "03:22:12"
20220320 133924.678 INFO             PET0 ESMF library build location : /global/cscratch1/sd/rsdunlap/esmf-testing/intel_19.0.3_mpi_g_develop
20220320 133924.678 INFO             PET0 ESMF_COMM                   : mpi
20220320 133924.680 INFO             PET0 ESMF_MOAB                   : enabled
20220320 133924.680 INFO             PET0 ESMF_LAPACK                 : enabled
20220320 133924.680 INFO             PET0 ESMF_NETCDF                 : enabled
20220320 133924.680 INFO             PET0 ESMF_PNETCDF                : disabled
20220320 133924.680 INFO             PET0 ESMF_PIO                    : enabled
20220320 133924.680 INFO             PET0 ESMF_YAMLCPP                : enabled
20220320 133924.683 INFO             PET0 ESMF_FieldRedistStoreNF(): Just entered routine.
20220320 133924.684 INFO             PET0 ESMF_FieldRedistStoreNF(): Leaving routine.
20220320 133924.687 INFO             PET0 ESMF_FieldRedistStoreNF(): Just entered routine.
20220320 133924.688 INFO             PET0 ESMF_FieldRedistStoreNF(): Leaving routine.
20220320 133924.688 INFO             PET0 ESMF_FieldRedistStoreNF(): Just entered routine.
20220320 133924.688 INFO             PET0 ESMF_FieldRedistStoreNF(): Leaving routine.
20220320 133924.688 INFO             PET0  NUMBER_OF_PROCESSORS           4
20220320 133924.688 INFO             PET0  PASS  Example ESMF_FieldRedistEx, ESMF_FieldRedistEx.F90, line 521
20220320 133924.688 INFO             PET0 Finalizing ESMF
20220320 133924.679 INFO             PET1 !!!!!!!!!!!!!!!!!!!!!!!!!!!!!!!!!!!!!!!!!!!!!!!!!!!!!!
20220320 133924.679 INFO             PET1 !!! THE ESMF_LOG IS SET TO OUTPUT ALL LOG MESSAGES !!!
20220320 133924.679 INFO             PET1 !!!     THIS MAY CAUSE SLOWDOWN IN PERFORMANCE     !!!
20220320 133924.679 INFO             PET1 !!! FOR PRODUCTION RUNS, USE:                      !!!
20220320 133924.679 INFO             PET1 !!!                   ESMF_LOGKIND_Multi_On_Error  !!!
20220320 133924.679 INFO             PET1 !!!!!!!!!!!!!!!!!!!!!!!!!!!!!!!!!!!!!!!!!!!!!!!!!!!!!!
20220320 133924.679 INFO             PET1 Running with ESMF Version   : v8.3.0b09-4-g424b2f26e0
20220320 133924.679 INFO             PET1 ESMF library build date/time: "Mar 20 2022" "03:22:12"
20220320 133924.679 INFO             PET1 ESMF library build location : /global/cscratch1/sd/rsdunlap/esmf-testing/intel_19.0.3_mpi_g_develop
20220320 133924.679 INFO             PET1 ESMF_COMM                   : mpi
20220320 133924.681 INFO             PET1 ESMF_MOAB                   : enabled
20220320 133924.681 INFO             PET1 ESMF_LAPACK                 : enabled
20220320 133924.681 INFO             PET1 ESMF_NETCDF                 : enabled
20220320 133924.681 INFO             PET1 ESMF_PNETCDF                : disabled
20220320 133924.681 INFO             PET1 ESMF_PIO                    : enabled
20220320 133924.681 INFO             PET1 ESMF_YAMLCPP                : enabled
20220320 133924.683 INFO             PET1 ESMF_FieldRedistStoreNF(): Just entered routine.
20220320 133924.684 INFO             PET1 ESMF_FieldRedistStoreNF(): Leaving routine.
20220320 133924.687 INFO             PET1 ESMF_FieldRedistStoreNF(): Just entered routine.
20220320 133924.688 INFO             PET1 ESMF_FieldRedistStoreNF(): Leaving routine.
20220320 133924.688 INFO             PET1 ESMF_FieldRedistStoreNF(): Just entered routine.
20220320 133924.688 INFO             PET1 ESMF_FieldRedistStoreNF(): Leaving routine.
20220320 133924.688 INFO             PET1  NUMBER_OF_PROCESSORS           4
20220320 133924.688 INFO             PET1  PASS  Example ESMF_FieldRedistEx, ESMF_FieldRedistEx.F90, line 521
20220320 133924.688 INFO             PET1 Finalizing ESMF
20220320 133924.678 INFO             PET2 !!!!!!!!!!!!!!!!!!!!!!!!!!!!!!!!!!!!!!!!!!!!!!!!!!!!!!
20220320 133924.678 INFO             PET2 !!! THE ESMF_LOG IS SET TO OUTPUT ALL LOG MESSAGES !!!
20220320 133924.678 INFO             PET2 !!!     THIS MAY CAUSE SLOWDOWN IN PERFORMANCE     !!!
20220320 133924.678 INFO             PET2 !!! FOR PRODUCTION RUNS, USE:                      !!!
20220320 133924.678 INFO             PET2 !!!                   ESMF_LOGKIND_Multi_On_Error  !!!
20220320 133924.678 INFO             PET2 !!!!!!!!!!!!!!!!!!!!!!!!!!!!!!!!!!!!!!!!!!!!!!!!!!!!!!
20220320 133924.678 INFO             PET2 Running with ESMF Version   : v8.3.0b09-4-g424b2f26e0
20220320 133924.678 INFO             PET2 ESMF library build date/time: "Mar 20 2022" "03:22:12"
20220320 133924.678 INFO             PET2 ESMF library build location : /global/cscratch1/sd/rsdunlap/esmf-testing/intel_19.0.3_mpi_g_develop
20220320 133924.678 INFO             PET2 ESMF_COMM                   : mpi
20220320 133924.680 INFO             PET2 ESMF_MOAB                   : enabled
20220320 133924.680 INFO             PET2 ESMF_LAPACK                 : enabled
20220320 133924.680 INFO             PET2 ESMF_NETCDF                 : enabled
20220320 133924.680 INFO             PET2 ESMF_PNETCDF                : disabled
20220320 133924.680 INFO             PET2 ESMF_PIO                    : enabled
20220320 133924.680 INFO             PET2 ESMF_YAMLCPP                : enabled
20220320 133924.683 INFO             PET2 ESMF_FieldRedistStoreNF(): Just entered routine.
20220320 133924.684 INFO             PET2 ESMF_FieldRedistStoreNF(): Leaving routine.
20220320 133924.687 INFO             PET2 ESMF_FieldRedistStoreNF(): Just entered routine.
20220320 133924.688 INFO             PET2 ESMF_FieldRedistStoreNF(): Leaving routine.
20220320 133924.688 INFO             PET2 ESMF_FieldRedistStoreNF(): Just entered routine.
20220320 133924.688 INFO             PET2 ESMF_FieldRedistStoreNF(): Leaving routine.
20220320 133924.688 INFO             PET2  NUMBER_OF_PROCESSORS           4
20220320 133924.688 INFO             PET2  PASS  Example ESMF_FieldRedistEx, ESMF_FieldRedistEx.F90, line 521
20220320 133924.688 INFO             PET2 Finalizing ESMF
20220320 133924.678 INFO             PET3 !!!!!!!!!!!!!!!!!!!!!!!!!!!!!!!!!!!!!!!!!!!!!!!!!!!!!!
20220320 133924.678 INFO             PET3 !!! THE ESMF_LOG IS SET TO OUTPUT ALL LOG MESSAGES !!!
20220320 133924.678 INFO             PET3 !!!     THIS MAY CAUSE SLOWDOWN IN PERFORMANCE     !!!
20220320 133924.678 INFO             PET3 !!! FOR PRODUCTION RUNS, USE:                      !!!
20220320 133924.678 INFO             PET3 !!!                   ESMF_LOGKIND_Multi_On_Error  !!!
20220320 133924.678 INFO             PET3 !!!!!!!!!!!!!!!!!!!!!!!!!!!!!!!!!!!!!!!!!!!!!!!!!!!!!!
20220320 133924.678 INFO             PET3 Running with ESMF Version   : v8.3.0b09-4-g424b2f26e0
20220320 133924.679 INFO             PET3 ESMF library build date/time: "Mar 20 2022" "03:22:12"
20220320 133924.679 INFO             PET3 ESMF library build location : /global/cscratch1/sd/rsdunlap/esmf-testing/intel_19.0.3_mpi_g_develop
20220320 133924.679 INFO             PET3 ESMF_COMM                   : mpi
20220320 133924.680 INFO             PET3 ESMF_MOAB                   : enabled
20220320 133924.680 INFO             PET3 ESMF_LAPACK                 : enabled
20220320 133924.680 INFO             PET3 ESMF_NETCDF                 : enabled
20220320 133924.680 INFO             PET3 ESMF_PNETCDF                : disabled
20220320 133924.680 INFO             PET3 ESMF_PIO                    : enabled
20220320 133924.680 INFO             PET3 ESMF_YAMLCPP                : enabled
20220320 133924.683 INFO             PET3 ESMF_FieldRedistStoreNF(): Just entered routine.
20220320 133924.684 INFO             PET3 ESMF_FieldRedistStoreNF(): Leaving routine.
20220320 133924.687 INFO             PET3 ESMF_FieldRedistStoreNF(): Just entered routine.
20220320 133924.688 INFO             PET3 ESMF_FieldRedistStoreNF(): Leaving routine.
20220320 133924.688 INFO             PET3 ESMF_FieldRedistStoreNF(): Just entered routine.
20220320 133924.688 INFO             PET3 ESMF_FieldRedistStoreNF(): Leaving routine.
20220320 133924.688 INFO             PET3  NUMBER_OF_PROCESSORS           4
20220320 133924.688 INFO             PET3  PASS  Example ESMF_FieldRedistEx, ESMF_FieldRedistEx.F90, line 521
20220320 133924.688 INFO             PET3 Finalizing ESMF
