build time -- 2022-03-23 02:41:40
20220323 041122.119 INFO             PET0 !!!!!!!!!!!!!!!!!!!!!!!!!!!!!!!!!!!!!!!!!!!!!!!!!!!!!!
20220323 041122.120 INFO             PET0 !!! THE ESMF_LOG IS SET TO OUTPUT ALL LOG MESSAGES !!!
20220323 041122.120 INFO             PET0 !!!     THIS MAY CAUSE SLOWDOWN IN PERFORMANCE     !!!
20220323 041122.120 INFO             PET0 !!! FOR PRODUCTION RUNS, USE:                      !!!
20220323 041122.120 INFO             PET0 !!!                   ESMF_LOGKIND_Multi_On_Error  !!!
20220323 041122.120 INFO             PET0 !!!!!!!!!!!!!!!!!!!!!!!!!!!!!!!!!!!!!!!!!!!!!!!!!!!!!!
20220323 041122.120 INFO             PET0 Running with ESMF Version   : v8.3.0b09-6-gdac1bc5728
20220323 041122.120 INFO             PET0 ESMF library build date/time: "Mar 23 2022" "02:39:02"
20220323 041122.120 INFO             PET0 ESMF library build location : /global/cscratch1/sd/rsdunlap/esmf-testing/intel_19.0.3_mpi_g_develop
20220323 041122.120 INFO             PET0 ESMF_COMM                   : mpi
20220323 041122.121 INFO             PET0 ESMF_MOAB                   : enabled
20220323 041122.121 INFO             PET0 ESMF_LAPACK                 : enabled
20220323 041122.121 INFO             PET0 ESMF_NETCDF                 : enabled
20220323 041122.121 INFO             PET0 ESMF_PNETCDF                : disabled
20220323 041122.121 INFO             PET0 ESMF_PIO                    : enabled
20220323 041122.121 INFO             PET0 ESMF_YAMLCPP                : enabled
20220323 041122.124 INFO             PET0  NUMBER_OF_PROCESSORS           4
20220323 041122.124 INFO             PET0  PASS  Example ESMF_RHandleVMEpochEx, ESMF_RHandleVMEpochEx.F90, line 247
20220323 041122.124 INFO             PET0 Finalizing ESMF
20220323 041122.120 INFO             PET1 !!!!!!!!!!!!!!!!!!!!!!!!!!!!!!!!!!!!!!!!!!!!!!!!!!!!!!
20220323 041122.120 INFO             PET1 !!! THE ESMF_LOG IS SET TO OUTPUT ALL LOG MESSAGES !!!
20220323 041122.120 INFO             PET1 !!!     THIS MAY CAUSE SLOWDOWN IN PERFORMANCE     !!!
20220323 041122.120 INFO             PET1 !!! FOR PRODUCTION RUNS, USE:                      !!!
20220323 041122.120 INFO             PET1 !!!                   ESMF_LOGKIND_Multi_On_Error  !!!
20220323 041122.120 INFO             PET1 !!!!!!!!!!!!!!!!!!!!!!!!!!!!!!!!!!!!!!!!!!!!!!!!!!!!!!
20220323 041122.120 INFO             PET1 Running with ESMF Version   : v8.3.0b09-6-gdac1bc5728
20220323 041122.120 INFO             PET1 ESMF library build date/time: "Mar 23 2022" "02:39:02"
20220323 041122.120 INFO             PET1 ESMF library build location : /global/cscratch1/sd/rsdunlap/esmf-testing/intel_19.0.3_mpi_g_develop
20220323 041122.120 INFO             PET1 ESMF_COMM                   : mpi
20220323 041122.121 INFO             PET1 ESMF_MOAB                   : enabled
20220323 041122.121 INFO             PET1 ESMF_LAPACK                 : enabled
20220323 041122.121 INFO             PET1 ESMF_NETCDF                 : enabled
20220323 041122.121 INFO             PET1 ESMF_PNETCDF                : disabled
20220323 041122.121 INFO             PET1 ESMF_PIO                    : enabled
20220323 041122.121 INFO             PET1 ESMF_YAMLCPP                : enabled
20220323 041122.124 INFO             PET1  NUMBER_OF_PROCESSORS           4
20220323 041122.124 INFO             PET1  PASS  Example ESMF_RHandleVMEpochEx, ESMF_RHandleVMEpochEx.F90, line 247
20220323 041122.124 INFO             PET1 Finalizing ESMF
20220323 041122.119 INFO             PET2 !!!!!!!!!!!!!!!!!!!!!!!!!!!!!!!!!!!!!!!!!!!!!!!!!!!!!!
20220323 041122.119 INFO             PET2 !!! THE ESMF_LOG IS SET TO OUTPUT ALL LOG MESSAGES !!!
20220323 041122.119 INFO             PET2 !!!     THIS MAY CAUSE SLOWDOWN IN PERFORMANCE     !!!
20220323 041122.119 INFO             PET2 !!! FOR PRODUCTION RUNS, USE:                      !!!
20220323 041122.119 INFO             PET2 !!!                   ESMF_LOGKIND_Multi_On_Error  !!!
20220323 041122.119 INFO             PET2 !!!!!!!!!!!!!!!!!!!!!!!!!!!!!!!!!!!!!!!!!!!!!!!!!!!!!!
20220323 041122.119 INFO             PET2 Running with ESMF Version   : v8.3.0b09-6-gdac1bc5728
20220323 041122.119 INFO             PET2 ESMF library build date/time: "Mar 23 2022" "02:39:02"
20220323 041122.119 INFO             PET2 ESMF library build location : /global/cscratch1/sd/rsdunlap/esmf-testing/intel_19.0.3_mpi_g_develop
20220323 041122.120 INFO             PET2 ESMF_COMM                   : mpi
20220323 041122.121 INFO             PET2 ESMF_MOAB                   : enabled
20220323 041122.121 INFO             PET2 ESMF_LAPACK                 : enabled
20220323 041122.121 INFO             PET2 ESMF_NETCDF                 : enabled
20220323 041122.121 INFO             PET2 ESMF_PNETCDF                : disabled
20220323 041122.121 INFO             PET2 ESMF_PIO                    : enabled
20220323 041122.121 INFO             PET2 ESMF_YAMLCPP                : enabled
20220323 041122.124 INFO             PET2  NUMBER_OF_PROCESSORS           4
20220323 041122.124 INFO             PET2  PASS  Example ESMF_RHandleVMEpochEx, ESMF_RHandleVMEpochEx.F90, line 247
20220323 041122.124 INFO             PET2 Finalizing ESMF
20220323 041122.119 INFO             PET3 !!!!!!!!!!!!!!!!!!!!!!!!!!!!!!!!!!!!!!!!!!!!!!!!!!!!!!
20220323 041122.119 INFO             PET3 !!! THE ESMF_LOG IS SET TO OUTPUT ALL LOG MESSAGES !!!
20220323 041122.119 INFO             PET3 !!!     THIS MAY CAUSE SLOWDOWN IN PERFORMANCE     !!!
20220323 041122.119 INFO             PET3 !!! FOR PRODUCTION RUNS, USE:                      !!!
20220323 041122.119 INFO             PET3 !!!                   ESMF_LOGKIND_Multi_On_Error  !!!
20220323 041122.119 INFO             PET3 !!!!!!!!!!!!!!!!!!!!!!!!!!!!!!!!!!!!!!!!!!!!!!!!!!!!!!
20220323 041122.119 INFO             PET3 Running with ESMF Version   : v8.3.0b09-6-gdac1bc5728
20220323 041122.119 INFO             PET3 ESMF library build date/time: "Mar 23 2022" "02:39:02"
20220323 041122.119 INFO             PET3 ESMF library build location : /global/cscratch1/sd/rsdunlap/esmf-testing/intel_19.0.3_mpi_g_develop
20220323 041122.119 INFO             PET3 ESMF_COMM                   : mpi
20220323 041122.121 INFO             PET3 ESMF_MOAB                   : enabled
20220323 041122.121 INFO             PET3 ESMF_LAPACK                 : enabled
20220323 041122.121 INFO             PET3 ESMF_NETCDF                 : enabled
20220323 041122.121 INFO             PET3 ESMF_PNETCDF                : disabled
20220323 041122.121 INFO             PET3 ESMF_PIO                    : enabled
20220323 041122.121 INFO             PET3 ESMF_YAMLCPP                : enabled
20220323 041122.124 INFO             PET3  NUMBER_OF_PROCESSORS           4
20220323 041122.124 INFO             PET3  PASS  Example ESMF_RHandleVMEpochEx, ESMF_RHandleVMEpochEx.F90, line 247
20220323 041122.124 INFO             PET3 Finalizing ESMF
