build time -- 2022-03-26 02:55:43
20220326 120536.626 INFO             PET0 !!!!!!!!!!!!!!!!!!!!!!!!!!!!!!!!!!!!!!!!!!!!!!!!!!!!!!
20220326 120536.626 INFO             PET0 !!! THE ESMF_LOG IS SET TO OUTPUT ALL LOG MESSAGES !!!
20220326 120536.626 INFO             PET0 !!!     THIS MAY CAUSE SLOWDOWN IN PERFORMANCE     !!!
20220326 120536.626 INFO             PET0 !!! FOR PRODUCTION RUNS, USE:                      !!!
20220326 120536.626 INFO             PET0 !!!                   ESMF_LOGKIND_Multi_On_Error  !!!
20220326 120536.626 INFO             PET0 !!!!!!!!!!!!!!!!!!!!!!!!!!!!!!!!!!!!!!!!!!!!!!!!!!!!!!
20220326 120536.626 INFO             PET0 Running with ESMF Version   : v8.3.0b10-105-ga5295e34ae
20220326 120536.626 INFO             PET0 ESMF library build date/time: "Mar 26 2022" "02:54:11"
20220326 120536.626 INFO             PET0 ESMF library build location : /global/cscratch1/sd/rsdunlap/esmf-testing/intel_19.0.3_mpi_g_develop
20220326 120536.626 INFO             PET0 ESMF_COMM                   : mpi
20220326 120536.628 INFO             PET0 ESMF_MOAB                   : enabled
20220326 120536.628 INFO             PET0 ESMF_LAPACK                 : enabled
20220326 120536.628 INFO             PET0 ESMF_NETCDF                 : enabled
20220326 120536.628 INFO             PET0 ESMF_PNETCDF                : disabled
20220326 120536.628 INFO             PET0 ESMF_PIO                    : enabled
20220326 120536.628 INFO             PET0 ESMF_YAMLCPP                : enabled
20220326 120536.628 INFO             PET0  NUMBER_OF_PROCESSORS           1
20220326 120536.629 INFO             PET0  PASS  Example ESMF_TimeIntervalEx, ESMF_TimeIntervalEx.F90, line 176
20220326 120536.629 INFO             PET0 Finalizing ESMF
