build time -- 2022-03-16 02:36:00
20220316 041642.863 INFO             PET0 !!!!!!!!!!!!!!!!!!!!!!!!!!!!!!!!!!!!!!!!!!!!!!!!!!!!!!
20220316 041642.866 INFO             PET0 !!! THE ESMF_LOG IS SET TO OUTPUT ALL LOG MESSAGES !!!
20220316 041642.866 INFO             PET0 !!!     THIS MAY CAUSE SLOWDOWN IN PERFORMANCE     !!!
20220316 041642.866 INFO             PET0 !!! FOR PRODUCTION RUNS, USE:                      !!!
20220316 041642.866 INFO             PET0 !!!                   ESMF_LOGKIND_Multi_On_Error  !!!
20220316 041642.866 INFO             PET0 !!!!!!!!!!!!!!!!!!!!!!!!!!!!!!!!!!!!!!!!!!!!!!!!!!!!!!
20220316 041642.866 INFO             PET0 Running with ESMF Version   : v8.3.0b09-3-ge20ebbf11d
20220316 041642.866 INFO             PET0 ESMF library build date/time: "Mar 16 2022" "02:34:29"
20220316 041642.866 INFO             PET0 ESMF library build location : /global/cscratch1/sd/rsdunlap/esmf-testing/intel_19.0.3_mpi_g_develop
20220316 041642.867 INFO             PET0 ESMF_COMM                   : mpi
20220316 041642.870 INFO             PET0 ESMF_MOAB                   : enabled
20220316 041642.870 INFO             PET0 ESMF_LAPACK                 : enabled
20220316 041642.870 INFO             PET0 ESMF_NETCDF                 : enabled
20220316 041642.870 INFO             PET0 ESMF_PNETCDF                : disabled
20220316 041642.870 INFO             PET0 ESMF_PIO                    : enabled
20220316 041642.871 INFO             PET0 ESMF_YAMLCPP                : enabled
20220316 041642.899 INFO             PET0  NUMBER_OF_PROCESSORS           4
20220316 041642.900 INFO             PET0  PASS  Example ESMF_ArrayBundleEx, ESMF_ArrayBundleEx.F90, line 267
20220316 041642.900 INFO             PET0 Finalizing ESMF
20220316 041642.863 INFO             PET1 !!!!!!!!!!!!!!!!!!!!!!!!!!!!!!!!!!!!!!!!!!!!!!!!!!!!!!
20220316 041642.866 INFO             PET1 !!! THE ESMF_LOG IS SET TO OUTPUT ALL LOG MESSAGES !!!
20220316 041642.866 INFO             PET1 !!!     THIS MAY CAUSE SLOWDOWN IN PERFORMANCE     !!!
20220316 041642.866 INFO             PET1 !!! FOR PRODUCTION RUNS, USE:                      !!!
20220316 041642.866 INFO             PET1 !!!                   ESMF_LOGKIND_Multi_On_Error  !!!
20220316 041642.866 INFO             PET1 !!!!!!!!!!!!!!!!!!!!!!!!!!!!!!!!!!!!!!!!!!!!!!!!!!!!!!
20220316 041642.866 INFO             PET1 Running with ESMF Version   : v8.3.0b09-3-ge20ebbf11d
20220316 041642.866 INFO             PET1 ESMF library build date/time: "Mar 16 2022" "02:34:29"
20220316 041642.866 INFO             PET1 ESMF library build location : /global/cscratch1/sd/rsdunlap/esmf-testing/intel_19.0.3_mpi_g_develop
20220316 041642.867 INFO             PET1 ESMF_COMM                   : mpi
20220316 041642.870 INFO             PET1 ESMF_MOAB                   : enabled
20220316 041642.870 INFO             PET1 ESMF_LAPACK                 : enabled
20220316 041642.870 INFO             PET1 ESMF_NETCDF                 : enabled
20220316 041642.870 INFO             PET1 ESMF_PNETCDF                : disabled
20220316 041642.870 INFO             PET1 ESMF_PIO                    : enabled
20220316 041642.871 INFO             PET1 ESMF_YAMLCPP                : enabled
20220316 041642.899 INFO             PET1  NUMBER_OF_PROCESSORS           4
20220316 041642.900 INFO             PET1  PASS  Example ESMF_ArrayBundleEx, ESMF_ArrayBundleEx.F90, line 267
20220316 041642.900 INFO             PET1 Finalizing ESMF
20220316 041642.863 INFO             PET2 !!!!!!!!!!!!!!!!!!!!!!!!!!!!!!!!!!!!!!!!!!!!!!!!!!!!!!
20220316 041642.866 INFO             PET2 !!! THE ESMF_LOG IS SET TO OUTPUT ALL LOG MESSAGES !!!
20220316 041642.866 INFO             PET2 !!!     THIS MAY CAUSE SLOWDOWN IN PERFORMANCE     !!!
20220316 041642.866 INFO             PET2 !!! FOR PRODUCTION RUNS, USE:                      !!!
20220316 041642.866 INFO             PET2 !!!                   ESMF_LOGKIND_Multi_On_Error  !!!
20220316 041642.866 INFO             PET2 !!!!!!!!!!!!!!!!!!!!!!!!!!!!!!!!!!!!!!!!!!!!!!!!!!!!!!
20220316 041642.866 INFO             PET2 Running with ESMF Version   : v8.3.0b09-3-ge20ebbf11d
20220316 041642.866 INFO             PET2 ESMF library build date/time: "Mar 16 2022" "02:34:29"
20220316 041642.866 INFO             PET2 ESMF library build location : /global/cscratch1/sd/rsdunlap/esmf-testing/intel_19.0.3_mpi_g_develop
20220316 041642.867 INFO             PET2 ESMF_COMM                   : mpi
20220316 041642.870 INFO             PET2 ESMF_MOAB                   : enabled
20220316 041642.870 INFO             PET2 ESMF_LAPACK                 : enabled
20220316 041642.870 INFO             PET2 ESMF_NETCDF                 : enabled
20220316 041642.870 INFO             PET2 ESMF_PNETCDF                : disabled
20220316 041642.870 INFO             PET2 ESMF_PIO                    : enabled
20220316 041642.871 INFO             PET2 ESMF_YAMLCPP                : enabled
20220316 041642.899 INFO             PET2  NUMBER_OF_PROCESSORS           4
20220316 041642.899 INFO             PET2  PASS  Example ESMF_ArrayBundleEx, ESMF_ArrayBundleEx.F90, line 267
20220316 041642.900 INFO             PET2 Finalizing ESMF
20220316 041642.863 INFO             PET3 !!!!!!!!!!!!!!!!!!!!!!!!!!!!!!!!!!!!!!!!!!!!!!!!!!!!!!
20220316 041642.866 INFO             PET3 !!! THE ESMF_LOG IS SET TO OUTPUT ALL LOG MESSAGES !!!
20220316 041642.866 INFO             PET3 !!!     THIS MAY CAUSE SLOWDOWN IN PERFORMANCE     !!!
20220316 041642.866 INFO             PET3 !!! FOR PRODUCTION RUNS, USE:                      !!!
20220316 041642.866 INFO             PET3 !!!                   ESMF_LOGKIND_Multi_On_Error  !!!
20220316 041642.866 INFO             PET3 !!!!!!!!!!!!!!!!!!!!!!!!!!!!!!!!!!!!!!!!!!!!!!!!!!!!!!
20220316 041642.866 INFO             PET3 Running with ESMF Version   : v8.3.0b09-3-ge20ebbf11d
20220316 041642.866 INFO             PET3 ESMF library build date/time: "Mar 16 2022" "02:34:29"
20220316 041642.866 INFO             PET3 ESMF library build location : /global/cscratch1/sd/rsdunlap/esmf-testing/intel_19.0.3_mpi_g_develop
20220316 041642.867 INFO             PET3 ESMF_COMM                   : mpi
20220316 041642.870 INFO             PET3 ESMF_MOAB                   : enabled
20220316 041642.870 INFO             PET3 ESMF_LAPACK                 : enabled
20220316 041642.870 INFO             PET3 ESMF_NETCDF                 : enabled
20220316 041642.870 INFO             PET3 ESMF_PNETCDF                : disabled
20220316 041642.870 INFO             PET3 ESMF_PIO                    : enabled
20220316 041642.871 INFO             PET3 ESMF_YAMLCPP                : enabled
20220316 041642.899 INFO             PET3  NUMBER_OF_PROCESSORS           4
20220316 041642.900 INFO             PET3  PASS  Example ESMF_ArrayBundleEx, ESMF_ArrayBundleEx.F90, line 267
20220316 041642.900 INFO             PET3 Finalizing ESMF
