build time -- 2022-03-13 06:20:01
20220313 064302.750 INFO             PET0 !!!!!!!!!!!!!!!!!!!!!!!!!!!!!!!!!!!!!!!!!!!!!!!!!!!!!!
20220313 064302.751 INFO             PET0 !!! THE ESMF_LOG IS SET TO OUTPUT ALL LOG MESSAGES !!!
20220313 064302.751 INFO             PET0 !!!     THIS MAY CAUSE SLOWDOWN IN PERFORMANCE     !!!
20220313 064302.751 INFO             PET0 !!! FOR PRODUCTION RUNS, USE:                      !!!
20220313 064302.751 INFO             PET0 !!!                   ESMF_LOGKIND_Multi_On_Error  !!!
20220313 064302.751 INFO             PET0 !!!!!!!!!!!!!!!!!!!!!!!!!!!!!!!!!!!!!!!!!!!!!!!!!!!!!!
20220313 064302.751 INFO             PET0 Running with ESMF Version   : v8.3.0b09-96-g559b459836
20220313 064302.751 INFO             PET0 ESMF library build date/time: "Mar 13 2022" "06:18:51"
20220313 064302.751 INFO             PET0 ESMF library build location : /scratch1/NCEPDEV/stmp2/role.esmfmaint/gfortran_9.2.0_mpiuni_g_jedwards_pio_update2
20220313 064302.751 INFO             PET0 ESMF_COMM                   : mpiuni
20220313 064302.751 INFO             PET0 ESMF_MOAB                   : enabled
20220313 064302.751 INFO             PET0 ESMF_LAPACK                 : enabled
20220313 064302.751 INFO             PET0 ESMF_NETCDF                 : enabled
20220313 064302.751 INFO             PET0 ESMF_PNETCDF                : disabled
20220313 064302.751 INFO             PET0 ESMF_PIO                    : disabled
20220313 064302.751 INFO             PET0 ESMF_YAMLCPP                : enabled
20220313 064302.839 INFO             PET0  NUMBER_OF_PROCESSORS           1
20220313 064302.839 INFO             PET0  PASS  Example ESMF_RHandleReusabilityEx, ESMF_RHandleReusabilityEx.F90, line 582
20220313 064302.839 INFO             PET0 Finalizing ESMF
