build time -- 2022-03-08 01:22:32.726066
20220308 015511.750 INFO             PET0 !!!!!!!!!!!!!!!!!!!!!!!!!!!!!!!!!!!!!!!!!!!!!!!!!!!!!!
20220308 015511.750 INFO             PET0 !!! THE ESMF_LOG IS SET TO OUTPUT ALL LOG MESSAGES !!!
20220308 015511.750 INFO             PET0 !!!     THIS MAY CAUSE SLOWDOWN IN PERFORMANCE     !!!
20220308 015511.750 INFO             PET0 !!! FOR PRODUCTION RUNS, USE:                      !!!
20220308 015511.750 INFO             PET0 !!!                   ESMF_LOGKIND_Multi_On_Error  !!!
20220308 015511.750 INFO             PET0 !!!!!!!!!!!!!!!!!!!!!!!!!!!!!!!!!!!!!!!!!!!!!!!!!!!!!!
20220308 015511.750 INFO             PET0 Running with ESMF Version   : v8.3.0b08-93-g7b747143aa
20220308 015511.750 INFO             PET0 ESMF library build date/time: "Mar  8 2022" "01:20:18"
20220308 015511.750 INFO             PET0 ESMF library build location : /gpfsm/dnb04/projects/p98/mpotts/esmf/intel_2020_intelmpi_O_jedwards_pio_update2
20220308 015511.750 INFO             PET0 ESMF_COMM                   : intelmpi
20220308 015511.751 INFO             PET0 ESMF_MOAB                   : enabled
20220308 015511.751 INFO             PET0 ESMF_LAPACK                 : enabled
20220308 015511.751 INFO             PET0 ESMF_NETCDF                 : enabled
20220308 015511.751 INFO             PET0 ESMF_PNETCDF                : disabled
20220308 015511.751 INFO             PET0 ESMF_PIO                    : enabled
20220308 015511.751 INFO             PET0 ESMF_YAMLCPP                : enabled
20220308 015511.751 INFO             PET0  NUMBER_OF_PROCESSORS           1
20220308 015511.751 INFO             PET0  PASS  Example ESMF_ClockEx, ESMF_ClockEx.F90, line 220
20220308 015511.751 INFO             PET0 Finalizing ESMF
20220308 015511.751 INFO             PET0 ESMCI_IO_Handler.C:331 ESMCI::IO_Handler::finalize() 
20220308 015511.752 INFO             PET0 ESMCI_PIO_Handler.C:361 ESMCI::PIO_Handler::finalize() 
20220308 015511.752 INFO             PET0 ESMCI_IO_Handler.C:333 ESMCI::IO_Handler::finalize() after finalize, localrc = 0
20220308 015511.752 INFO             PET0 ESMCI_IO_Handler.C:356 ESMCI::IO_Handler::finalize() before return, localrc = 0
