build time -- 2022-03-07 01:38:24
20220307 015556.042 INFO             PET0 !!!!!!!!!!!!!!!!!!!!!!!!!!!!!!!!!!!!!!!!!!!!!!!!!!!!!!
20220307 015556.042 INFO             PET0 !!! THE ESMF_LOG IS SET TO OUTPUT ALL LOG MESSAGES !!!
20220307 015556.042 INFO             PET0 !!!     THIS MAY CAUSE SLOWDOWN IN PERFORMANCE     !!!
20220307 015556.042 INFO             PET0 !!! FOR PRODUCTION RUNS, USE:                      !!!
20220307 015556.042 INFO             PET0 !!!                   ESMF_LOGKIND_Multi_On_Error  !!!
20220307 015556.042 INFO             PET0 !!!!!!!!!!!!!!!!!!!!!!!!!!!!!!!!!!!!!!!!!!!!!!!!!!!!!!
20220307 015556.042 INFO             PET0 Running with ESMF Version   : v8.3.0b09
20220307 015556.042 INFO             PET0 ESMF library build date/time: "Mar  7 2022" "01:37:08"
20220307 015556.042 INFO             PET0 ESMF library build location : /lfs/h1/emc/ptmp/Mark.Potts/intel_2019.3_mpi_g_develop
20220307 015556.042 INFO             PET0 ESMF_COMM                   : mpi
20220307 015556.043 INFO             PET0 ESMF_MOAB                   : enabled
20220307 015556.043 INFO             PET0 ESMF_LAPACK                 : enabled
20220307 015556.043 INFO             PET0 ESMF_NETCDF                 : enabled
20220307 015556.043 INFO             PET0 ESMF_PNETCDF                : disabled
20220307 015556.043 INFO             PET0 ESMF_PIO                    : enabled
20220307 015556.043 INFO             PET0 ESMF_YAMLCPP                : enabled
20220307 015556.050 INFO             PET0  NUMBER_OF_PROCESSORS           1
20220307 015556.050 INFO             PET0  PASS  Example ESMF_XGridSparseMatEx, ESMF_XGridSparseMatEx.F90, line 642
20220307 015556.050 INFO             PET0 Finalizing ESMF
