build time -- 2022-03-04 20:43:20
20220304 210134.149 INFO             PET0 !!!!!!!!!!!!!!!!!!!!!!!!!!!!!!!!!!!!!!!!!!!!!!!!!!!!!!
20220304 210134.149 INFO             PET0 !!! THE ESMF_LOG IS SET TO OUTPUT ALL LOG MESSAGES !!!
20220304 210134.149 INFO             PET0 !!!     THIS MAY CAUSE SLOWDOWN IN PERFORMANCE     !!!
20220304 210134.149 INFO             PET0 !!! FOR PRODUCTION RUNS, USE:                      !!!
20220304 210134.149 INFO             PET0 !!!                   ESMF_LOGKIND_Multi_On_Error  !!!
20220304 210134.149 INFO             PET0 !!!!!!!!!!!!!!!!!!!!!!!!!!!!!!!!!!!!!!!!!!!!!!!!!!!!!!
20220304 210134.149 INFO             PET0 Running with ESMF Version   : v8.3.0b09
20220304 210134.149 INFO             PET0 ESMF library build date/time: "Mar  4 2022" "20:42:05"
20220304 210134.149 INFO             PET0 ESMF library build location : /lfs/h1/emc/ptmp/Mark.Potts/intel_2019.3_mpi_g_develop
20220304 210134.149 INFO             PET0 ESMF_COMM                   : mpi
20220304 210134.150 INFO             PET0 ESMF_MOAB                   : enabled
20220304 210134.150 INFO             PET0 ESMF_LAPACK                 : enabled
20220304 210134.150 INFO             PET0 ESMF_NETCDF                 : enabled
20220304 210134.150 INFO             PET0 ESMF_PNETCDF                : disabled
20220304 210134.150 INFO             PET0 ESMF_PIO                    : enabled
20220304 210134.150 INFO             PET0 ESMF_YAMLCPP                : enabled
20220304 210134.195 DEBUG            PET0 about to destroy Grid: 0x90f8f0
20220304 210134.200 DEBUG            PET0 about to destroy Grid: 0x911900
20220304 210134.214 INFO             PET0  NUMBER_OF_PROCESSORS           4
20220304 210134.214 INFO             PET0  PASS  Example ESMF_NUOPCAtmModelEx, ESMF_NUOPCAtmModelEx.F90, line 806
20220304 210134.214 INFO             PET0 Finalizing ESMF
20220304 210134.149 INFO             PET1 !!!!!!!!!!!!!!!!!!!!!!!!!!!!!!!!!!!!!!!!!!!!!!!!!!!!!!
20220304 210134.149 INFO             PET1 !!! THE ESMF_LOG IS SET TO OUTPUT ALL LOG MESSAGES !!!
20220304 210134.149 INFO             PET1 !!!     THIS MAY CAUSE SLOWDOWN IN PERFORMANCE     !!!
20220304 210134.149 INFO             PET1 !!! FOR PRODUCTION RUNS, USE:                      !!!
20220304 210134.149 INFO             PET1 !!!                   ESMF_LOGKIND_Multi_On_Error  !!!
20220304 210134.149 INFO             PET1 !!!!!!!!!!!!!!!!!!!!!!!!!!!!!!!!!!!!!!!!!!!!!!!!!!!!!!
20220304 210134.149 INFO             PET1 Running with ESMF Version   : v8.3.0b09
20220304 210134.149 INFO             PET1 ESMF library build date/time: "Mar  4 2022" "20:42:05"
20220304 210134.149 INFO             PET1 ESMF library build location : /lfs/h1/emc/ptmp/Mark.Potts/intel_2019.3_mpi_g_develop
20220304 210134.149 INFO             PET1 ESMF_COMM                   : mpi
20220304 210134.150 INFO             PET1 ESMF_MOAB                   : enabled
20220304 210134.150 INFO             PET1 ESMF_LAPACK                 : enabled
20220304 210134.150 INFO             PET1 ESMF_NETCDF                 : enabled
20220304 210134.150 INFO             PET1 ESMF_PNETCDF                : disabled
20220304 210134.150 INFO             PET1 ESMF_PIO                    : enabled
20220304 210134.150 INFO             PET1 ESMF_YAMLCPP                : enabled
20220304 210134.195 DEBUG            PET1 about to destroy Grid: 0x1279610
20220304 210134.200 DEBUG            PET1 about to destroy Grid: 0x127a620
20220304 210134.214 INFO             PET1  NUMBER_OF_PROCESSORS           4
20220304 210134.214 INFO             PET1  PASS  Example ESMF_NUOPCAtmModelEx, ESMF_NUOPCAtmModelEx.F90, line 806
20220304 210134.214 INFO             PET1 Finalizing ESMF
20220304 210134.149 INFO             PET2 !!!!!!!!!!!!!!!!!!!!!!!!!!!!!!!!!!!!!!!!!!!!!!!!!!!!!!
20220304 210134.149 INFO             PET2 !!! THE ESMF_LOG IS SET TO OUTPUT ALL LOG MESSAGES !!!
20220304 210134.149 INFO             PET2 !!!     THIS MAY CAUSE SLOWDOWN IN PERFORMANCE     !!!
20220304 210134.149 INFO             PET2 !!! FOR PRODUCTION RUNS, USE:                      !!!
20220304 210134.149 INFO             PET2 !!!                   ESMF_LOGKIND_Multi_On_Error  !!!
20220304 210134.149 INFO             PET2 !!!!!!!!!!!!!!!!!!!!!!!!!!!!!!!!!!!!!!!!!!!!!!!!!!!!!!
20220304 210134.149 INFO             PET2 Running with ESMF Version   : v8.3.0b09
20220304 210134.149 INFO             PET2 ESMF library build date/time: "Mar  4 2022" "20:42:05"
20220304 210134.149 INFO             PET2 ESMF library build location : /lfs/h1/emc/ptmp/Mark.Potts/intel_2019.3_mpi_g_develop
20220304 210134.149 INFO             PET2 ESMF_COMM                   : mpi
20220304 210134.150 INFO             PET2 ESMF_MOAB                   : enabled
20220304 210134.150 INFO             PET2 ESMF_LAPACK                 : enabled
20220304 210134.150 INFO             PET2 ESMF_NETCDF                 : enabled
20220304 210134.150 INFO             PET2 ESMF_PNETCDF                : disabled
20220304 210134.150 INFO             PET2 ESMF_PIO                    : enabled
20220304 210134.150 INFO             PET2 ESMF_YAMLCPP                : enabled
20220304 210134.195 DEBUG            PET2 about to destroy Grid: 0x24d7520
20220304 210134.200 DEBUG            PET2 about to destroy Grid: 0x24d8530
20220304 210134.214 INFO             PET2  NUMBER_OF_PROCESSORS           4
20220304 210134.214 INFO             PET2  PASS  Example ESMF_NUOPCAtmModelEx, ESMF_NUOPCAtmModelEx.F90, line 806
20220304 210134.214 INFO             PET2 Finalizing ESMF
20220304 210134.149 INFO             PET3 !!!!!!!!!!!!!!!!!!!!!!!!!!!!!!!!!!!!!!!!!!!!!!!!!!!!!!
20220304 210134.150 INFO             PET3 !!! THE ESMF_LOG IS SET TO OUTPUT ALL LOG MESSAGES !!!
20220304 210134.150 INFO             PET3 !!!     THIS MAY CAUSE SLOWDOWN IN PERFORMANCE     !!!
20220304 210134.150 INFO             PET3 !!! FOR PRODUCTION RUNS, USE:                      !!!
20220304 210134.150 INFO             PET3 !!!                   ESMF_LOGKIND_Multi_On_Error  !!!
20220304 210134.150 INFO             PET3 !!!!!!!!!!!!!!!!!!!!!!!!!!!!!!!!!!!!!!!!!!!!!!!!!!!!!!
20220304 210134.150 INFO             PET3 Running with ESMF Version   : v8.3.0b09
20220304 210134.150 INFO             PET3 ESMF library build date/time: "Mar  4 2022" "20:42:05"
20220304 210134.150 INFO             PET3 ESMF library build location : /lfs/h1/emc/ptmp/Mark.Potts/intel_2019.3_mpi_g_develop
20220304 210134.150 INFO             PET3 ESMF_COMM                   : mpi
20220304 210134.150 INFO             PET3 ESMF_MOAB                   : enabled
20220304 210134.150 INFO             PET3 ESMF_LAPACK                 : enabled
20220304 210134.150 INFO             PET3 ESMF_NETCDF                 : enabled
20220304 210134.150 INFO             PET3 ESMF_PNETCDF                : disabled
20220304 210134.150 INFO             PET3 ESMF_PIO                    : enabled
20220304 210134.150 INFO             PET3 ESMF_YAMLCPP                : enabled
20220304 210134.195 DEBUG            PET3 about to destroy Grid: 0xf10610
20220304 210134.200 DEBUG            PET3 about to destroy Grid: 0xf11620
20220304 210134.214 INFO             PET3  NUMBER_OF_PROCESSORS           4
20220304 210134.214 INFO             PET3  PASS  Example ESMF_NUOPCAtmModelEx, ESMF_NUOPCAtmModelEx.F90, line 806
20220304 210134.214 INFO             PET3 Finalizing ESMF
