Sat Mar 26 02:26:12 EDT 2022
 
Installing ESMF:
 
mkdir -p /home/mpotts/intel_2021.2_intelmpi_O_develop/DEFAULTINSTALLDIR/include
cp -f /home/mpotts/intel_2021.2_intelmpi_O_develop/src/include/ESMC.h /home/mpotts/intel_2021.2_intelmpi_O_develop/DEFAULTINSTALLDIR/include
cp -f /home/mpotts/intel_2021.2_intelmpi_O_develop/src/include/ESMC_*.h /home/mpotts/intel_2021.2_intelmpi_O_develop/DEFAULTINSTALLDIR/include
cp -f /home/mpotts/intel_2021.2_intelmpi_O_develop/build_config/Linux.intel.default/ESMC_Conf.h /home/mpotts/intel_2021.2_intelmpi_O_develop/DEFAULTINSTALLDIR/include
mkdir -p /home/mpotts/intel_2021.2_intelmpi_O_develop/DEFAULTINSTALLDIR/mod/modO/Linux.intel.64.intelmpi.default
cp -f /home/mpotts/intel_2021.2_intelmpi_O_develop/mod/modO/Linux.intel.64.intelmpi.default/*.mod /home/mpotts/intel_2021.2_intelmpi_O_develop/DEFAULTINSTALLDIR/mod/modO/Linux.intel.64.intelmpi.default
mkdir -p /home/mpotts/intel_2021.2_intelmpi_O_develop/DEFAULTINSTALLDIR/lib/libO/Linux.intel.64.intelmpi.default
cp -f /home/mpotts/intel_2021.2_intelmpi_O_develop/lib/libO/Linux.intel.64.intelmpi.default/libesmf*.* /home/mpotts/intel_2021.2_intelmpi_O_develop/DEFAULTINSTALLDIR/lib/libO/Linux.intel.64.intelmpi.default
cp -f /home/mpotts/intel_2021.2_intelmpi_O_develop/lib/libO/Linux.intel.64.intelmpi.default/libpioc.* /home/mpotts/intel_2021.2_intelmpi_O_develop/DEFAULTINSTALLDIR/lib/libO/Linux.intel.64.intelmpi.default
make ESMF_PRELOADDIR=/home/mpotts/intel_2021.2_intelmpi_O_develop/DEFAULTINSTALLDIR/lib/libO/Linux.intel.64.intelmpi.default build_preload_script
make[1]: Entering directory '/home/mpotts/intel_2021.2_intelmpi_O_develop'
chmod 755 /home/mpotts/intel_2021.2_intelmpi_O_develop/DEFAULTINSTALLDIR/lib/libO/Linux.intel.64.intelmpi.default/preload.sh
make[1]: Leaving directory '/home/mpotts/intel_2021.2_intelmpi_O_develop'
ranlib /home/mpotts/intel_2021.2_intelmpi_O_develop/DEFAULTINSTALLDIR/lib/libO/Linux.intel.64.intelmpi.default/libesmf*.a
make install_apps
make[1]: Entering directory '/home/mpotts/intel_2021.2_intelmpi_O_develop'
mkdir -p /home/mpotts/intel_2021.2_intelmpi_O_develop/DEFAULTINSTALLDIR/bin/binO/Linux.intel.64.intelmpi.default
make build_apps ESMF_APPSDIR=/home/mpotts/intel_2021.2_intelmpi_O_develop/DEFAULTINSTALLDIR/bin/binO/Linux.intel.64.intelmpi.default ESMF_LDIR=/home/mpotts/intel_2021.2_intelmpi_O_develop/DEFAULTINSTALLDIR/lib/libO/Linux.intel.64.intelmpi.default ESMF_LIBDIR=/home/mpotts/intel_2021.2_intelmpi_O_develop/DEFAULTINSTALLDIR/lib/libO/Linux.intel.64.intelmpi.default ESMF_MODDIR=/home/mpotts/intel_2021.2_intelmpi_O_develop/DEFAULTINSTALLDIR/mod/modO/Linux.intel.64.intelmpi.default
make[2]: Entering directory '/home/mpotts/intel_2021.2_intelmpi_O_develop'
cd /home/mpotts/intel_2021.2_intelmpi_O_develop/src/apps; make ACTION=tree_build_apps tree
make[3]: Entering directory '/home/mpotts/intel_2021.2_intelmpi_O_develop/src/apps'
tree_build_apps in: /home/mpotts/intel_2021.2_intelmpi_O_develop/src/apps/ESMF_PrintInfo
make[4]: Entering directory '/home/mpotts/intel_2021.2_intelmpi_O_develop/src/apps/ESMF_PrintInfo'
make chkdir_locobj
make[5]: Entering directory '/home/mpotts/intel_2021.2_intelmpi_O_develop/src/apps/ESMF_PrintInfo'
Making directory /home/mpotts/intel_2021.2_intelmpi_O_develop/obj/objO/Linux.intel.64.intelmpi.default/src/apps/ESMF_PrintInfo for apps output
make[5]: Leaving directory '/home/mpotts/intel_2021.2_intelmpi_O_develop/src/apps/ESMF_PrintInfo'
mpiifort -c -O -fPIC -debug minimal -assume realloc_lhs -m64 -mcmodel=small -pthread -threads  -qopenmp -I/home/mpotts/intel_2021.2_intelmpi_O_develop/src/apps/ESMF_PrintInfo -I/home/mpotts/intel_2021.2_intelmpi_O_develop/build_config/Linux.intel.default -I/home/mpotts/intel_2021.2_intelmpi_O_develop/src/Infrastructure -I/home/mpotts/intel_2021.2_intelmpi_O_develop/src/Superstructure -I/home/mpotts/intel_2021.2_intelmpi_O_develop/DEFAULTINSTALLDIR/mod/modO/Linux.intel.64.intelmpi.default -I/home/mpotts/intel_2021.2_intelmpi_O_develop/src/include -I/home/mpotts/spack/opt/spack/linux-linuxmint19-skylake/intel-2021.2.0/netcdf-c-4.8.0-vokw5hlljhlh222zbdgaxw32qvvknpqz/include -I/home/mpotts/spack/opt/spack/linux-linuxmint19-skylake/intel-2021.2.0/netcdf-fortran-4.5.3-x5ziod6tk2uyvts5hwrauoc2h7hxphbo/include  -DESMF_NO_INTEGER_1_BYTE -DESMF_NO_INTEGER_2_BYTE -DESMF_VERSION_STRING_GIT='"v8.3.0b10-105-ga5295e34ae"' -DESMF_MOAB=1 -DESMF_LAPACK=1 -DESMF_LAPACK_INTERNAL=1 -DESMF_NO_ACC_SOFTWARE_STACK=1 -DESMF_NETCDF=1 -DESMF_YAMLCPP=1 -DESMF_YAML=1 -DESMF_PIO=1 -DESMF_NO_OPENACC -DESMF_TESTEXHAUSTIVE -DESMF_BOPT_O -DESMF_TESTCOMPTUNNEL -DESMF_TESTWITHTHREADS -DSx86_64_small=1 -DESMF_OS_Linux=1 -DESMF_COMM=intelmpi -DESMF_DIR=/home/mpotts/intel_2021.2_intelmpi_O_develop ESMF_PrintInfo.F90 -o /home/mpotts/intel_2021.2_intelmpi_O_develop/obj/objO/Linux.intel.64.intelmpi.default/src/apps/ESMF_PrintInfo/ESMF_PrintInfo.o
make chkdir_apps
make[5]: Entering directory '/home/mpotts/intel_2021.2_intelmpi_O_develop/src/apps/ESMF_PrintInfo'
make[5]: Leaving directory '/home/mpotts/intel_2021.2_intelmpi_O_develop/src/apps/ESMF_PrintInfo'
mpiifort    -m64 -mcmodel=small -pthread -threads -Wl,--no-as-needed  -qopenmp -L/home/mpotts/intel_2021.2_intelmpi_O_develop/DEFAULTINSTALLDIR/lib/libO/Linux.intel.64.intelmpi.default -L/home/mpotts/spack/opt/spack/linux-linuxmint19-skylake/intel-2021.2.0/netcdf-c-4.8.0-vokw5hlljhlh222zbdgaxw32qvvknpqz/lib -L/home/mpotts/spack/opt/spack/linux-linuxmint19-skylake/intel-2021.2.0/netcdf-fortran-4.5.3-x5ziod6tk2uyvts5hwrauoc2h7hxphbo/lib  -Wl,-rpath,/home/mpotts/intel_2021.2_intelmpi_O_develop/DEFAULTINSTALLDIR/lib/libO/Linux.intel.64.intelmpi.default -Wl,-rpath,/home/mpotts/spack/opt/spack/linux-linuxmint19-skylake/intel-2021.2.0/netcdf-c-4.8.0-vokw5hlljhlh222zbdgaxw32qvvknpqz/lib -Wl,-rpath,/home/mpotts/spack/opt/spack/linux-linuxmint19-skylake/intel-2021.2.0/netcdf-fortran-4.5.3-x5ziod6tk2uyvts5hwrauoc2h7hxphbo/lib  -o /home/mpotts/intel_2021.2_intelmpi_O_develop/DEFAULTINSTALLDIR/bin/binO/Linux.intel.64.intelmpi.default/ESMF_PrintInfo /home/mpotts/intel_2021.2_intelmpi_O_develop/obj/objO/Linux.intel.64.intelmpi.default/src/apps/ESMF_PrintInfo/ESMF_PrintInfo.o -lesmf  -cxxlib -lrt -ldl -lnetcdf -lnetcdff -lpioc
make[4]: Leaving directory '/home/mpotts/intel_2021.2_intelmpi_O_develop/src/apps/ESMF_PrintInfo'
tree_build_apps in: /home/mpotts/intel_2021.2_intelmpi_O_develop/src/apps/ESMF_PrintInfoC
make[4]: Entering directory '/home/mpotts/intel_2021.2_intelmpi_O_develop/src/apps/ESMF_PrintInfoC'
make chkdir_locobj
make[5]: Entering directory '/home/mpotts/intel_2021.2_intelmpi_O_develop/src/apps/ESMF_PrintInfoC'
Making directory /home/mpotts/intel_2021.2_intelmpi_O_develop/obj/objO/Linux.intel.64.intelmpi.default/src/apps/ESMF_PrintInfoC for apps output
make[5]: Leaving directory '/home/mpotts/intel_2021.2_intelmpi_O_develop/src/apps/ESMF_PrintInfoC'
mpiicpc -c -std=c++11 -O -DNDEBUG -fPIC -debug minimal -m64 -mcmodel=small -pthread  -qopenmp -I/home/mpotts/intel_2021.2_intelmpi_O_develop/src/apps/ESMF_PrintInfoC -I/home/mpotts/intel_2021.2_intelmpi_O_develop/src/apps/ESMF_PrintInfoC/../include -I/home/mpotts/intel_2021.2_intelmpi_O_develop/build_config/Linux.intel.default -I/home/mpotts/intel_2021.2_intelmpi_O_develop/src/Infrastructure -I/home/mpotts/intel_2021.2_intelmpi_O_develop/src/Superstructure -I/home/mpotts/intel_2021.2_intelmpi_O_develop/src/Infrastructure/stubs/pthread  -I/home/mpotts/intel_2021.2_intelmpi_O_develop/src/include  -I/home/mpotts/spack/opt/spack/linux-linuxmint19-skylake/intel-2021.2.0/netcdf-c-4.8.0-vokw5hlljhlh222zbdgaxw32qvvknpqz/include -I/home/mpotts/intel_2021.2_intelmpi_O_develop/src/prologue/yaml-cpp/include -DESMF_NO_INTEGER_1_BYTE -DESMF_NO_INTEGER_2_BYTE -DESMF_VERSION_STRING_GIT='"v8.3.0b10-105-ga5295e34ae"' -DESMF_MOAB=1 -DESMF_LAPACK=1 -DESMF_LAPACK_INTERNAL=1 -DESMF_NO_ACC_SOFTWARE_STACK=1 -DESMF_NETCDF=1 -DESMF_YAMLCPP=1 -DESMF_YAML=1 -DESMF_PIO=1 -DESMF_NO_OPENACC -DESMF_TESTEXHAUSTIVE -DESMF_BOPT_O -DESMF_TESTCOMPTUNNEL -DESMF_TESTWITHTHREADS -DSx86_64_small=1 -DESMF_OS_Linux=1 -DESMF_COMM=intelmpi -DESMF_DIR=/home/mpotts/intel_2021.2_intelmpi_O_develop -D__SDIR__='"src/apps/ESMF_PrintInfoC"' -DESMF_CXXSTD=11 ESMF_PrintInfoC.c -o /home/mpotts/intel_2021.2_intelmpi_O_develop/obj/objO/Linux.intel.64.intelmpi.default/src/apps/ESMF_PrintInfoC/ESMF_PrintInfoC.o
make chkdir_apps
make[5]: Entering directory '/home/mpotts/intel_2021.2_intelmpi_O_develop/src/apps/ESMF_PrintInfoC'
make[5]: Leaving directory '/home/mpotts/intel_2021.2_intelmpi_O_develop/src/apps/ESMF_PrintInfoC'
mpiicpc    -m64 -mcmodel=small -pthread -Wl,--no-as-needed  -qopenmp -L/home/mpotts/intel_2021.2_intelmpi_O_develop/DEFAULTINSTALLDIR/lib/libO/Linux.intel.64.intelmpi.default -L/home/mpotts/spack/opt/spack/linux-linuxmint19-skylake/intel-2021.2.0/netcdf-c-4.8.0-vokw5hlljhlh222zbdgaxw32qvvknpqz/lib -L/home/mpotts/spack/opt/spack/linux-linuxmint19-skylake/intel-2021.2.0/netcdf-fortran-4.5.3-x5ziod6tk2uyvts5hwrauoc2h7hxphbo/lib -L/home/mpotts/spack/opt/spack/linux-linuxmint19-skylake/gcc-9.3.0/intel-oneapi-compilers-2021.2.0-jfovfoypl6hwupdt6z6cedtsv3ebigq3/compiler/2021.2.0/linux/bin/intel64/../../compiler/lib/intel64_lin/ -Wl,-rpath,/home/mpotts/intel_2021.2_intelmpi_O_develop/DEFAULTINSTALLDIR/lib/libO/Linux.intel.64.intelmpi.default -Wl,-rpath,/home/mpotts/spack/opt/spack/linux-linuxmint19-skylake/intel-2021.2.0/netcdf-c-4.8.0-vokw5hlljhlh222zbdgaxw32qvvknpqz/lib -Wl,-rpath,/home/mpotts/spack/opt/spack/linux-linuxmint19-skylake/intel-2021.2.0/netcdf-fortran-4.5.3-x5ziod6tk2uyvts5hwrauoc2h7hxphbo/lib  -Wl,-rpath,/home/mpotts/spack/opt/spack/linux-linuxmint19-skylake/gcc-9.3.0/intel-oneapi-compilers-2021.2.0-jfovfoypl6hwupdt6z6cedtsv3ebigq3/compiler/2021.2.0/linux/bin/intel64/../../compiler/lib/intel64_lin/ -o /home/mpotts/intel_2021.2_intelmpi_O_develop/DEFAULTINSTALLDIR/bin/binO/Linux.intel.64.intelmpi.default/ESMF_PrintInfoC /home/mpotts/intel_2021.2_intelmpi_O_develop/obj/objO/Linux.intel.64.intelmpi.default/src/apps/ESMF_PrintInfoC/ESMF_PrintInfoC.o -lesmf  -ldl -lrt -lpthread -lifport -lifcoremt -limf -lsvml -lm -lipgo -liomp5 -lintlc -lpthread -lsvml -lgcc -lgcc_s -lirc_s -ldl -lrt -ldl -lnetcdf -lnetcdff -lpioc
make[4]: Leaving directory '/home/mpotts/intel_2021.2_intelmpi_O_develop/src/apps/ESMF_PrintInfoC'
tree_build_apps in: /home/mpotts/intel_2021.2_intelmpi_O_develop/src/apps/ESMF_RegridWeightGen
make[4]: Entering directory '/home/mpotts/intel_2021.2_intelmpi_O_develop/src/apps/ESMF_RegridWeightGen'
make chkdir_locobj
make[5]: Entering directory '/home/mpotts/intel_2021.2_intelmpi_O_develop/src/apps/ESMF_RegridWeightGen'
Making directory /home/mpotts/intel_2021.2_intelmpi_O_develop/obj/objO/Linux.intel.64.intelmpi.default/src/apps/ESMF_RegridWeightGen for apps output
make[5]: Leaving directory '/home/mpotts/intel_2021.2_intelmpi_O_develop/src/apps/ESMF_RegridWeightGen'
mpiifort -c -O -fPIC -debug minimal -assume realloc_lhs -m64 -mcmodel=small -pthread -threads  -qopenmp -I/home/mpotts/intel_2021.2_intelmpi_O_develop/src/apps/ESMF_RegridWeightGen -I/home/mpotts/intel_2021.2_intelmpi_O_develop/build_config/Linux.intel.default -I/home/mpotts/intel_2021.2_intelmpi_O_develop/src/Infrastructure -I/home/mpotts/intel_2021.2_intelmpi_O_develop/src/Superstructure -I/home/mpotts/intel_2021.2_intelmpi_O_develop/DEFAULTINSTALLDIR/mod/modO/Linux.intel.64.intelmpi.default -I/home/mpotts/intel_2021.2_intelmpi_O_develop/src/include -I/home/mpotts/spack/opt/spack/linux-linuxmint19-skylake/intel-2021.2.0/netcdf-c-4.8.0-vokw5hlljhlh222zbdgaxw32qvvknpqz/include -I/home/mpotts/spack/opt/spack/linux-linuxmint19-skylake/intel-2021.2.0/netcdf-fortran-4.5.3-x5ziod6tk2uyvts5hwrauoc2h7hxphbo/include  -DESMF_NO_INTEGER_1_BYTE -DESMF_NO_INTEGER_2_BYTE -DESMF_VERSION_STRING_GIT='"v8.3.0b10-105-ga5295e34ae"' -DESMF_MOAB=1 -DESMF_LAPACK=1 -DESMF_LAPACK_INTERNAL=1 -DESMF_NO_ACC_SOFTWARE_STACK=1 -DESMF_NETCDF=1 -DESMF_YAMLCPP=1 -DESMF_YAML=1 -DESMF_PIO=1 -DESMF_NO_OPENACC -DESMF_TESTEXHAUSTIVE -DESMF_BOPT_O -DESMF_TESTCOMPTUNNEL -DESMF_TESTWITHTHREADS -DSx86_64_small=1 -DESMF_OS_Linux=1 -DESMF_COMM=intelmpi -DESMF_DIR=/home/mpotts/intel_2021.2_intelmpi_O_develop ESMF_RegridWeightGen.F90 -o /home/mpotts/intel_2021.2_intelmpi_O_develop/obj/objO/Linux.intel.64.intelmpi.default/src/apps/ESMF_RegridWeightGen/ESMF_RegridWeightGen.o
make chkdir_apps
make[5]: Entering directory '/home/mpotts/intel_2021.2_intelmpi_O_develop/src/apps/ESMF_RegridWeightGen'
make[5]: Leaving directory '/home/mpotts/intel_2021.2_intelmpi_O_develop/src/apps/ESMF_RegridWeightGen'
mpiifort    -m64 -mcmodel=small -pthread -threads -Wl,--no-as-needed  -qopenmp -L/home/mpotts/intel_2021.2_intelmpi_O_develop/DEFAULTINSTALLDIR/lib/libO/Linux.intel.64.intelmpi.default -L/home/mpotts/spack/opt/spack/linux-linuxmint19-skylake/intel-2021.2.0/netcdf-c-4.8.0-vokw5hlljhlh222zbdgaxw32qvvknpqz/lib -L/home/mpotts/spack/opt/spack/linux-linuxmint19-skylake/intel-2021.2.0/netcdf-fortran-4.5.3-x5ziod6tk2uyvts5hwrauoc2h7hxphbo/lib  -Wl,-rpath,/home/mpotts/intel_2021.2_intelmpi_O_develop/DEFAULTINSTALLDIR/lib/libO/Linux.intel.64.intelmpi.default -Wl,-rpath,/home/mpotts/spack/opt/spack/linux-linuxmint19-skylake/intel-2021.2.0/netcdf-c-4.8.0-vokw5hlljhlh222zbdgaxw32qvvknpqz/lib -Wl,-rpath,/home/mpotts/spack/opt/spack/linux-linuxmint19-skylake/intel-2021.2.0/netcdf-fortran-4.5.3-x5ziod6tk2uyvts5hwrauoc2h7hxphbo/lib  -o /home/mpotts/intel_2021.2_intelmpi_O_develop/DEFAULTINSTALLDIR/bin/binO/Linux.intel.64.intelmpi.default/ESMF_RegridWeightGen /home/mpotts/intel_2021.2_intelmpi_O_develop/obj/objO/Linux.intel.64.intelmpi.default/src/apps/ESMF_RegridWeightGen/ESMF_RegridWeightGen.o -lesmf  -cxxlib -lrt -ldl -lnetcdf -lnetcdff -lpioc
make[4]: Leaving directory '/home/mpotts/intel_2021.2_intelmpi_O_develop/src/apps/ESMF_RegridWeightGen'
tree_build_apps in: /home/mpotts/intel_2021.2_intelmpi_O_develop/src/apps/ESMF_WebServController
make[4]: Entering directory '/home/mpotts/intel_2021.2_intelmpi_O_develop/src/apps/ESMF_WebServController'
make chkdir_locobj
make[5]: Entering directory '/home/mpotts/intel_2021.2_intelmpi_O_develop/src/apps/ESMF_WebServController'
Making directory /home/mpotts/intel_2021.2_intelmpi_O_develop/obj/objO/Linux.intel.64.intelmpi.default/src/apps/ESMF_WebServController for apps output
make[5]: Leaving directory '/home/mpotts/intel_2021.2_intelmpi_O_develop/src/apps/ESMF_WebServController'
mpiicpc -c -std=c++11 -O -DNDEBUG -fPIC -debug minimal -m64 -mcmodel=small -pthread  -qopenmp -I/home/mpotts/intel_2021.2_intelmpi_O_develop/src/apps/ESMF_WebServController -I/home/mpotts/intel_2021.2_intelmpi_O_develop/src/apps/ESMF_WebServController/../include -I/home/mpotts/intel_2021.2_intelmpi_O_develop/build_config/Linux.intel.default -I/home/mpotts/intel_2021.2_intelmpi_O_develop/src/Infrastructure -I/home/mpotts/intel_2021.2_intelmpi_O_develop/src/Superstructure -I/home/mpotts/intel_2021.2_intelmpi_O_develop/src/Infrastructure/stubs/pthread  -I/home/mpotts/intel_2021.2_intelmpi_O_develop/src/include  -I/home/mpotts/spack/opt/spack/linux-linuxmint19-skylake/intel-2021.2.0/netcdf-c-4.8.0-vokw5hlljhlh222zbdgaxw32qvvknpqz/include -I/home/mpotts/intel_2021.2_intelmpi_O_develop/src/prologue/yaml-cpp/include -DESMF_NO_INTEGER_1_BYTE -DESMF_NO_INTEGER_2_BYTE -DESMF_VERSION_STRING_GIT='"v8.3.0b10-105-ga5295e34ae"' -DESMF_MOAB=1 -DESMF_LAPACK=1 -DESMF_LAPACK_INTERNAL=1 -DESMF_NO_ACC_SOFTWARE_STACK=1 -DESMF_NETCDF=1 -DESMF_YAMLCPP=1 -DESMF_YAML=1 -DESMF_PIO=1 -DESMF_NO_OPENACC -DESMF_TESTEXHAUSTIVE -DESMF_BOPT_O -DESMF_TESTCOMPTUNNEL -DESMF_TESTWITHTHREADS -DSx86_64_small=1 -DESMF_OS_Linux=1 -DESMF_COMM=intelmpi -DESMF_DIR=/home/mpotts/intel_2021.2_intelmpi_O_develop -D__SDIR__='"src/apps/ESMF_WebServController"' -DESMF_CXXSTD=11 ESMF_WebServController.C -o /home/mpotts/intel_2021.2_intelmpi_O_develop/obj/objO/Linux.intel.64.intelmpi.default/src/apps/ESMF_WebServController/ESMF_WebServController.o
make chkdir_apps
make[5]: Entering directory '/home/mpotts/intel_2021.2_intelmpi_O_develop/src/apps/ESMF_WebServController'
make[5]: Leaving directory '/home/mpotts/intel_2021.2_intelmpi_O_develop/src/apps/ESMF_WebServController'
mpiicpc    -m64 -mcmodel=small -pthread -Wl,--no-as-needed  -qopenmp -L/home/mpotts/intel_2021.2_intelmpi_O_develop/DEFAULTINSTALLDIR/lib/libO/Linux.intel.64.intelmpi.default -L/home/mpotts/spack/opt/spack/linux-linuxmint19-skylake/intel-2021.2.0/netcdf-c-4.8.0-vokw5hlljhlh222zbdgaxw32qvvknpqz/lib -L/home/mpotts/spack/opt/spack/linux-linuxmint19-skylake/intel-2021.2.0/netcdf-fortran-4.5.3-x5ziod6tk2uyvts5hwrauoc2h7hxphbo/lib -L/home/mpotts/spack/opt/spack/linux-linuxmint19-skylake/gcc-9.3.0/intel-oneapi-compilers-2021.2.0-jfovfoypl6hwupdt6z6cedtsv3ebigq3/compiler/2021.2.0/linux/bin/intel64/../../compiler/lib/intel64_lin/ -Wl,-rpath,/home/mpotts/intel_2021.2_intelmpi_O_develop/DEFAULTINSTALLDIR/lib/libO/Linux.intel.64.intelmpi.default -Wl,-rpath,/home/mpotts/spack/opt/spack/linux-linuxmint19-skylake/intel-2021.2.0/netcdf-c-4.8.0-vokw5hlljhlh222zbdgaxw32qvvknpqz/lib -Wl,-rpath,/home/mpotts/spack/opt/spack/linux-linuxmint19-skylake/intel-2021.2.0/netcdf-fortran-4.5.3-x5ziod6tk2uyvts5hwrauoc2h7hxphbo/lib  -Wl,-rpath,/home/mpotts/spack/opt/spack/linux-linuxmint19-skylake/gcc-9.3.0/intel-oneapi-compilers-2021.2.0-jfovfoypl6hwupdt6z6cedtsv3ebigq3/compiler/2021.2.0/linux/bin/intel64/../../compiler/lib/intel64_lin/ -o /home/mpotts/intel_2021.2_intelmpi_O_develop/DEFAULTINSTALLDIR/bin/binO/Linux.intel.64.intelmpi.default/ESMF_WebServController /home/mpotts/intel_2021.2_intelmpi_O_develop/obj/objO/Linux.intel.64.intelmpi.default/src/apps/ESMF_WebServController/ESMF_WebServController.o -lesmf  -ldl -lrt -lpthread -lifport -lifcoremt -limf -lsvml -lm -lipgo -liomp5 -lintlc -lpthread -lsvml -lgcc -lgcc_s -lirc_s -ldl -lrt -ldl -lnetcdf -lnetcdff -lpioc
make[4]: Leaving directory '/home/mpotts/intel_2021.2_intelmpi_O_develop/src/apps/ESMF_WebServController'
tree_build_apps in: /home/mpotts/intel_2021.2_intelmpi_O_develop/src/apps/ESMF_Scrip2Unstruct
make[4]: Entering directory '/home/mpotts/intel_2021.2_intelmpi_O_develop/src/apps/ESMF_Scrip2Unstruct'
make chkdir_locobj
make[5]: Entering directory '/home/mpotts/intel_2021.2_intelmpi_O_develop/src/apps/ESMF_Scrip2Unstruct'
Making directory /home/mpotts/intel_2021.2_intelmpi_O_develop/obj/objO/Linux.intel.64.intelmpi.default/src/apps/ESMF_Scrip2Unstruct for apps output
make[5]: Leaving directory '/home/mpotts/intel_2021.2_intelmpi_O_develop/src/apps/ESMF_Scrip2Unstruct'
mpiicpc -c -std=c++11 -O -DNDEBUG -fPIC -debug minimal -m64 -mcmodel=small -pthread  -qopenmp -I/home/mpotts/intel_2021.2_intelmpi_O_develop/src/apps/ESMF_Scrip2Unstruct -I/home/mpotts/intel_2021.2_intelmpi_O_develop/src/apps/ESMF_Scrip2Unstruct/../include -I/home/mpotts/intel_2021.2_intelmpi_O_develop/build_config/Linux.intel.default -I/home/mpotts/intel_2021.2_intelmpi_O_develop/src/Infrastructure -I/home/mpotts/intel_2021.2_intelmpi_O_develop/src/Superstructure -I/home/mpotts/intel_2021.2_intelmpi_O_develop/src/Infrastructure/stubs/pthread  -I/home/mpotts/intel_2021.2_intelmpi_O_develop/src/include  -I/home/mpotts/spack/opt/spack/linux-linuxmint19-skylake/intel-2021.2.0/netcdf-c-4.8.0-vokw5hlljhlh222zbdgaxw32qvvknpqz/include -I/home/mpotts/intel_2021.2_intelmpi_O_develop/src/prologue/yaml-cpp/include -DESMF_NO_INTEGER_1_BYTE -DESMF_NO_INTEGER_2_BYTE -DESMF_VERSION_STRING_GIT='"v8.3.0b10-105-ga5295e34ae"' -DESMF_MOAB=1 -DESMF_LAPACK=1 -DESMF_LAPACK_INTERNAL=1 -DESMF_NO_ACC_SOFTWARE_STACK=1 -DESMF_NETCDF=1 -DESMF_YAMLCPP=1 -DESMF_YAML=1 -DESMF_PIO=1 -DESMF_NO_OPENACC -DESMF_TESTEXHAUSTIVE -DESMF_BOPT_O -DESMF_TESTCOMPTUNNEL -DESMF_TESTWITHTHREADS -DSx86_64_small=1 -DESMF_OS_Linux=1 -DESMF_COMM=intelmpi -DESMF_DIR=/home/mpotts/intel_2021.2_intelmpi_O_develop -D__SDIR__='"src/apps/ESMF_Scrip2Unstruct"' -DESMF_CXXSTD=11 ESMF_Scrip2Unstruct.C -o /home/mpotts/intel_2021.2_intelmpi_O_develop/obj/objO/Linux.intel.64.intelmpi.default/src/apps/ESMF_Scrip2Unstruct/ESMF_Scrip2Unstruct.o
make chkdir_apps
make[5]: Entering directory '/home/mpotts/intel_2021.2_intelmpi_O_develop/src/apps/ESMF_Scrip2Unstruct'
make[5]: Leaving directory '/home/mpotts/intel_2021.2_intelmpi_O_develop/src/apps/ESMF_Scrip2Unstruct'
mpiicpc    -m64 -mcmodel=small -pthread -Wl,--no-as-needed  -qopenmp -L/home/mpotts/intel_2021.2_intelmpi_O_develop/DEFAULTINSTALLDIR/lib/libO/Linux.intel.64.intelmpi.default -L/home/mpotts/spack/opt/spack/linux-linuxmint19-skylake/intel-2021.2.0/netcdf-c-4.8.0-vokw5hlljhlh222zbdgaxw32qvvknpqz/lib -L/home/mpotts/spack/opt/spack/linux-linuxmint19-skylake/intel-2021.2.0/netcdf-fortran-4.5.3-x5ziod6tk2uyvts5hwrauoc2h7hxphbo/lib -L/home/mpotts/spack/opt/spack/linux-linuxmint19-skylake/gcc-9.3.0/intel-oneapi-compilers-2021.2.0-jfovfoypl6hwupdt6z6cedtsv3ebigq3/compiler/2021.2.0/linux/bin/intel64/../../compiler/lib/intel64_lin/ -Wl,-rpath,/home/mpotts/intel_2021.2_intelmpi_O_develop/DEFAULTINSTALLDIR/lib/libO/Linux.intel.64.intelmpi.default -Wl,-rpath,/home/mpotts/spack/opt/spack/linux-linuxmint19-skylake/intel-2021.2.0/netcdf-c-4.8.0-vokw5hlljhlh222zbdgaxw32qvvknpqz/lib -Wl,-rpath,/home/mpotts/spack/opt/spack/linux-linuxmint19-skylake/intel-2021.2.0/netcdf-fortran-4.5.3-x5ziod6tk2uyvts5hwrauoc2h7hxphbo/lib  -Wl,-rpath,/home/mpotts/spack/opt/spack/linux-linuxmint19-skylake/gcc-9.3.0/intel-oneapi-compilers-2021.2.0-jfovfoypl6hwupdt6z6cedtsv3ebigq3/compiler/2021.2.0/linux/bin/intel64/../../compiler/lib/intel64_lin/ -o /home/mpotts/intel_2021.2_intelmpi_O_develop/DEFAULTINSTALLDIR/bin/binO/Linux.intel.64.intelmpi.default/ESMF_Scrip2Unstruct /home/mpotts/intel_2021.2_intelmpi_O_develop/obj/objO/Linux.intel.64.intelmpi.default/src/apps/ESMF_Scrip2Unstruct/ESMF_Scrip2Unstruct.o -lesmf  -ldl -lrt -lpthread -lifport -lifcoremt -limf -lsvml -lm -lipgo -liomp5 -lintlc -lpthread -lsvml -lgcc -lgcc_s -lirc_s -ldl -lrt -ldl -lnetcdf -lnetcdff -lpioc
make[4]: Leaving directory '/home/mpotts/intel_2021.2_intelmpi_O_develop/src/apps/ESMF_Scrip2Unstruct'
tree_build_apps in: /home/mpotts/intel_2021.2_intelmpi_O_develop/src/apps/ESMF_Regrid
make[4]: Entering directory '/home/mpotts/intel_2021.2_intelmpi_O_develop/src/apps/ESMF_Regrid'
make chkdir_locobj
make[5]: Entering directory '/home/mpotts/intel_2021.2_intelmpi_O_develop/src/apps/ESMF_Regrid'
Making directory /home/mpotts/intel_2021.2_intelmpi_O_develop/obj/objO/Linux.intel.64.intelmpi.default/src/apps/ESMF_Regrid for apps output
make[5]: Leaving directory '/home/mpotts/intel_2021.2_intelmpi_O_develop/src/apps/ESMF_Regrid'
mpiifort -c -O -fPIC -debug minimal -assume realloc_lhs -m64 -mcmodel=small -pthread -threads  -qopenmp -I/home/mpotts/intel_2021.2_intelmpi_O_develop/src/apps/ESMF_Regrid -I/home/mpotts/intel_2021.2_intelmpi_O_develop/build_config/Linux.intel.default -I/home/mpotts/intel_2021.2_intelmpi_O_develop/src/Infrastructure -I/home/mpotts/intel_2021.2_intelmpi_O_develop/src/Superstructure -I/home/mpotts/intel_2021.2_intelmpi_O_develop/DEFAULTINSTALLDIR/mod/modO/Linux.intel.64.intelmpi.default -I/home/mpotts/intel_2021.2_intelmpi_O_develop/src/include -I/home/mpotts/spack/opt/spack/linux-linuxmint19-skylake/intel-2021.2.0/netcdf-c-4.8.0-vokw5hlljhlh222zbdgaxw32qvvknpqz/include -I/home/mpotts/spack/opt/spack/linux-linuxmint19-skylake/intel-2021.2.0/netcdf-fortran-4.5.3-x5ziod6tk2uyvts5hwrauoc2h7hxphbo/include  -DESMF_NO_INTEGER_1_BYTE -DESMF_NO_INTEGER_2_BYTE -DESMF_VERSION_STRING_GIT='"v8.3.0b10-105-ga5295e34ae"' -DESMF_MOAB=1 -DESMF_LAPACK=1 -DESMF_LAPACK_INTERNAL=1 -DESMF_NO_ACC_SOFTWARE_STACK=1 -DESMF_NETCDF=1 -DESMF_YAMLCPP=1 -DESMF_YAML=1 -DESMF_PIO=1 -DESMF_NO_OPENACC -DESMF_TESTEXHAUSTIVE -DESMF_BOPT_O -DESMF_TESTCOMPTUNNEL -DESMF_TESTWITHTHREADS -DSx86_64_small=1 -DESMF_OS_Linux=1 -DESMF_COMM=intelmpi -DESMF_DIR=/home/mpotts/intel_2021.2_intelmpi_O_develop ESMF_Regrid.F90 -o /home/mpotts/intel_2021.2_intelmpi_O_develop/obj/objO/Linux.intel.64.intelmpi.default/src/apps/ESMF_Regrid/ESMF_Regrid.o
make chkdir_apps
make[5]: Entering directory '/home/mpotts/intel_2021.2_intelmpi_O_develop/src/apps/ESMF_Regrid'
make[5]: Leaving directory '/home/mpotts/intel_2021.2_intelmpi_O_develop/src/apps/ESMF_Regrid'
mpiifort    -m64 -mcmodel=small -pthread -threads -Wl,--no-as-needed  -qopenmp -L/home/mpotts/intel_2021.2_intelmpi_O_develop/DEFAULTINSTALLDIR/lib/libO/Linux.intel.64.intelmpi.default -L/home/mpotts/spack/opt/spack/linux-linuxmint19-skylake/intel-2021.2.0/netcdf-c-4.8.0-vokw5hlljhlh222zbdgaxw32qvvknpqz/lib -L/home/mpotts/spack/opt/spack/linux-linuxmint19-skylake/intel-2021.2.0/netcdf-fortran-4.5.3-x5ziod6tk2uyvts5hwrauoc2h7hxphbo/lib  -Wl,-rpath,/home/mpotts/intel_2021.2_intelmpi_O_develop/DEFAULTINSTALLDIR/lib/libO/Linux.intel.64.intelmpi.default -Wl,-rpath,/home/mpotts/spack/opt/spack/linux-linuxmint19-skylake/intel-2021.2.0/netcdf-c-4.8.0-vokw5hlljhlh222zbdgaxw32qvvknpqz/lib -Wl,-rpath,/home/mpotts/spack/opt/spack/linux-linuxmint19-skylake/intel-2021.2.0/netcdf-fortran-4.5.3-x5ziod6tk2uyvts5hwrauoc2h7hxphbo/lib  -o /home/mpotts/intel_2021.2_intelmpi_O_develop/DEFAULTINSTALLDIR/bin/binO/Linux.intel.64.intelmpi.default/ESMF_Regrid /home/mpotts/intel_2021.2_intelmpi_O_develop/obj/objO/Linux.intel.64.intelmpi.default/src/apps/ESMF_Regrid/ESMF_Regrid.o -lesmf  -cxxlib -lrt -ldl -lnetcdf -lnetcdff -lpioc
make[4]: Leaving directory '/home/mpotts/intel_2021.2_intelmpi_O_develop/src/apps/ESMF_Regrid'
make[3]: Leaving directory '/home/mpotts/intel_2021.2_intelmpi_O_develop/src/apps'
ESMF apps built successfully.
make[2]: Leaving directory '/home/mpotts/intel_2021.2_intelmpi_O_develop'
make[1]: Leaving directory '/home/mpotts/intel_2021.2_intelmpi_O_develop'
mkdir -p /home/mpotts/intel_2021.2_intelmpi_O_develop/DEFAULTINSTALLDIR/doc
make install_info_mk
make[1]: Entering directory '/home/mpotts/intel_2021.2_intelmpi_O_develop'
make info_mk ESMF_APPSDIR=/home/mpotts/intel_2021.2_intelmpi_O_develop/DEFAULTINSTALLDIR/bin/binO/Linux.intel.64.intelmpi.default ESMF_LDIR=/home/mpotts/intel_2021.2_intelmpi_O_develop/DEFAULTINSTALLDIR/lib/libO/Linux.intel.64.intelmpi.default ESMF_LIBDIR=/home/mpotts/intel_2021.2_intelmpi_O_develop/DEFAULTINSTALLDIR/lib/libO/Linux.intel.64.intelmpi.default ESMF_MODDIR=/home/mpotts/intel_2021.2_intelmpi_O_develop/DEFAULTINSTALLDIR/mod/modO/Linux.intel.64.intelmpi.default ESMF_INCDIR=/home/mpotts/intel_2021.2_intelmpi_O_develop/DEFAULTINSTALLDIR/include
make[2]: Entering directory '/home/mpotts/intel_2021.2_intelmpi_O_develop'
make[2]: Leaving directory '/home/mpotts/intel_2021.2_intelmpi_O_develop'
make[1]: Leaving directory '/home/mpotts/intel_2021.2_intelmpi_O_develop'
 
ESMF installation complete.
 
