build time -- 2022-03-20 01:29:46
20220320 014545.334 INFO             PET0 !!!!!!!!!!!!!!!!!!!!!!!!!!!!!!!!!!!!!!!!!!!!!!!!!!!!!!
20220320 014545.334 INFO             PET0 !!! THE ESMF_LOG IS SET TO OUTPUT ALL LOG MESSAGES !!!
20220320 014545.334 INFO             PET0 !!!     THIS MAY CAUSE SLOWDOWN IN PERFORMANCE     !!!
20220320 014545.334 INFO             PET0 !!! FOR PRODUCTION RUNS, USE:                      !!!
20220320 014545.334 INFO             PET0 !!!                   ESMF_LOGKIND_Multi_On_Error  !!!
20220320 014545.334 INFO             PET0 !!!!!!!!!!!!!!!!!!!!!!!!!!!!!!!!!!!!!!!!!!!!!!!!!!!!!!
20220320 014545.334 INFO             PET0 Running with ESMF Version   : v8.3.0b09-102-gabaf3ef548
20220320 014545.334 INFO             PET0 ESMF library build date/time: "Mar 20 2022" "01:28:40"
20220320 014545.334 INFO             PET0 ESMF library build location : /lfs/h1/emc/ptmp/Mark.Potts/gfortran_10.3.0_mpi_O_jedwards_pio_update2
20220320 014545.334 INFO             PET0 ESMF_COMM                   : mpi
20220320 014545.334 INFO             PET0 ESMF_MOAB                   : enabled
20220320 014545.334 INFO             PET0 ESMF_LAPACK                 : enabled
20220320 014545.334 INFO             PET0 ESMF_NETCDF                 : enabled
20220320 014545.334 INFO             PET0 ESMF_PNETCDF                : disabled
20220320 014545.334 INFO             PET0 ESMF_PIO                    : enabled
20220320 014545.334 INFO             PET0 ESMF_YAMLCPP                : enabled
20220320 014545.335 INFO             PET0  NUMBER_OF_PROCESSORS           1
20220320 014545.335 INFO             PET0  PASS  Example ESMF_AlarmEx, ESMF_AlarmEx.F90, line 244
20220320 014545.335 INFO             PET0 Finalizing ESMF
