build time -- 2022-03-18 10:18:55.568694
20220318 113238.811 INFO             PET0 !!!!!!!!!!!!!!!!!!!!!!!!!!!!!!!!!!!!!!!!!!!!!!!!!!!!!!
20220318 113238.811 INFO             PET0 !!! THE ESMF_LOG IS SET TO OUTPUT ALL LOG MESSAGES !!!
20220318 113238.811 INFO             PET0 !!!     THIS MAY CAUSE SLOWDOWN IN PERFORMANCE     !!!
20220318 113238.811 INFO             PET0 !!! FOR PRODUCTION RUNS, USE:                      !!!
20220318 113238.811 INFO             PET0 !!!                   ESMF_LOGKIND_Multi_On_Error  !!!
20220318 113238.811 INFO             PET0 !!!!!!!!!!!!!!!!!!!!!!!!!!!!!!!!!!!!!!!!!!!!!!!!!!!!!!
20220318 113238.811 INFO             PET0 Running with ESMF Version   : v8.3.0b09-4-g424b2f26e0
20220318 113238.811 INFO             PET0 ESMF library build date/time: "Mar 18 2022" "10:13:00"
20220318 113238.811 INFO             PET0 ESMF library build location : /glade/scratch/rlong/esmf-testing/intel_18.0.5_mpiuni_g_develop
20220318 113238.811 INFO             PET0 ESMF_COMM                   : mpiuni
20220318 113238.812 INFO             PET0 ESMF_MOAB                   : enabled
20220318 113238.812 INFO             PET0 ESMF_LAPACK                 : enabled
20220318 113238.812 INFO             PET0 ESMF_NETCDF                 : enabled
20220318 113238.812 INFO             PET0 ESMF_PNETCDF                : disabled
20220318 113238.812 INFO             PET0 ESMF_PIO                    : disabled
20220318 113238.812 INFO             PET0 ESMF_YAMLCPP                : enabled
20220318 113238.921 DEBUG            PET0 about to destroy Grid: 0x1a34300
20220318 113238.943 DEBUG            PET0 about to destroy Grid: 0x1a37170
20220318 113238.998 INFO             PET0  NUMBER_OF_PROCESSORS           1
20220318 113238.998 INFO             PET0  PASS  Example ESMF_NUOPCAtmModelEx, ESMF_NUOPCAtmModelEx.F90, line 806
20220318 113238.998 INFO             PET0 Finalizing ESMF
