build time -- 2022-03-24 03:15:33
20220324 034941.963 INFO             PET0 !!!!!!!!!!!!!!!!!!!!!!!!!!!!!!!!!!!!!!!!!!!!!!!!!!!!!!
20220324 034941.963 INFO             PET0 !!! THE ESMF_LOG IS SET TO OUTPUT ALL LOG MESSAGES !!!
20220324 034941.963 INFO             PET0 !!!     THIS MAY CAUSE SLOWDOWN IN PERFORMANCE     !!!
20220324 034941.963 INFO             PET0 !!! FOR PRODUCTION RUNS, USE:                      !!!
20220324 034941.963 INFO             PET0 !!!                   ESMF_LOGKIND_Multi_On_Error  !!!
20220324 034941.963 INFO             PET0 !!!!!!!!!!!!!!!!!!!!!!!!!!!!!!!!!!!!!!!!!!!!!!!!!!!!!!
20220324 034941.963 INFO             PET0 Running with ESMF Version   : v8.3.0b09-103-gbb860f2
20220324 034941.963 INFO             PET0 ESMF library build date/time: "Mar 24 2022" "03:13:37"
20220324 034941.963 INFO             PET0 ESMF library build location : /work/noaa/da/mpotts/sandbox/gfortran_8.3.0_openmpi_g_jedwards_pio_update2
20220324 034941.963 INFO             PET0 ESMF_COMM                   : openmpi
20220324 034941.964 INFO             PET0 ESMF_MOAB                   : enabled
20220324 034941.964 INFO             PET0 ESMF_LAPACK                 : enabled
20220324 034941.964 INFO             PET0 ESMF_NETCDF                 : enabled
20220324 034941.964 INFO             PET0 ESMF_PNETCDF                : disabled
20220324 034941.964 INFO             PET0 ESMF_PIO                    : enabled
20220324 034941.964 INFO             PET0 ESMF_YAMLCPP                : enabled
20220324 034942.060 DEBUG            PET0 about to destroy Grid: 0x21d1850
20220324 034942.071 DEBUG            PET0 about to destroy Grid: 0x21d3410
20220324 034942.103 INFO             PET0  NUMBER_OF_PROCESSORS           4
20220324 034942.103 INFO             PET0  PASS  Example ESMF_NUOPCAtmModelEx, ESMF_NUOPCAtmModelEx.F90, line 806
20220324 034942.103 INFO             PET0 Finalizing ESMF
20220324 034941.963 INFO             PET1 !!!!!!!!!!!!!!!!!!!!!!!!!!!!!!!!!!!!!!!!!!!!!!!!!!!!!!
20220324 034941.963 INFO             PET1 !!! THE ESMF_LOG IS SET TO OUTPUT ALL LOG MESSAGES !!!
20220324 034941.963 INFO             PET1 !!!     THIS MAY CAUSE SLOWDOWN IN PERFORMANCE     !!!
20220324 034941.963 INFO             PET1 !!! FOR PRODUCTION RUNS, USE:                      !!!
20220324 034941.963 INFO             PET1 !!!                   ESMF_LOGKIND_Multi_On_Error  !!!
20220324 034941.963 INFO             PET1 !!!!!!!!!!!!!!!!!!!!!!!!!!!!!!!!!!!!!!!!!!!!!!!!!!!!!!
20220324 034941.963 INFO             PET1 Running with ESMF Version   : v8.3.0b09-103-gbb860f2
20220324 034941.963 INFO             PET1 ESMF library build date/time: "Mar 24 2022" "03:13:37"
20220324 034941.963 INFO             PET1 ESMF library build location : /work/noaa/da/mpotts/sandbox/gfortran_8.3.0_openmpi_g_jedwards_pio_update2
20220324 034941.963 INFO             PET1 ESMF_COMM                   : openmpi
20220324 034941.964 INFO             PET1 ESMF_MOAB                   : enabled
20220324 034941.964 INFO             PET1 ESMF_LAPACK                 : enabled
20220324 034941.964 INFO             PET1 ESMF_NETCDF                 : enabled
20220324 034941.964 INFO             PET1 ESMF_PNETCDF                : disabled
20220324 034941.964 INFO             PET1 ESMF_PIO                    : enabled
20220324 034941.964 INFO             PET1 ESMF_YAMLCPP                : enabled
20220324 034942.060 DEBUG            PET1 about to destroy Grid: 0x1e4ba90
20220324 034942.072 DEBUG            PET1 about to destroy Grid: 0x1e4cc50
20220324 034942.103 INFO             PET1  NUMBER_OF_PROCESSORS           4
20220324 034942.103 INFO             PET1  PASS  Example ESMF_NUOPCAtmModelEx, ESMF_NUOPCAtmModelEx.F90, line 806
20220324 034942.103 INFO             PET1 Finalizing ESMF
20220324 034941.963 INFO             PET2 !!!!!!!!!!!!!!!!!!!!!!!!!!!!!!!!!!!!!!!!!!!!!!!!!!!!!!
20220324 034941.963 INFO             PET2 !!! THE ESMF_LOG IS SET TO OUTPUT ALL LOG MESSAGES !!!
20220324 034941.963 INFO             PET2 !!!     THIS MAY CAUSE SLOWDOWN IN PERFORMANCE     !!!
20220324 034941.963 INFO             PET2 !!! FOR PRODUCTION RUNS, USE:                      !!!
20220324 034941.963 INFO             PET2 !!!                   ESMF_LOGKIND_Multi_On_Error  !!!
20220324 034941.963 INFO             PET2 !!!!!!!!!!!!!!!!!!!!!!!!!!!!!!!!!!!!!!!!!!!!!!!!!!!!!!
20220324 034941.963 INFO             PET2 Running with ESMF Version   : v8.3.0b09-103-gbb860f2
20220324 034941.964 INFO             PET2 ESMF library build date/time: "Mar 24 2022" "03:13:37"
20220324 034941.964 INFO             PET2 ESMF library build location : /work/noaa/da/mpotts/sandbox/gfortran_8.3.0_openmpi_g_jedwards_pio_update2
20220324 034941.964 INFO             PET2 ESMF_COMM                   : openmpi
20220324 034941.964 INFO             PET2 ESMF_MOAB                   : enabled
20220324 034941.964 INFO             PET2 ESMF_LAPACK                 : enabled
20220324 034941.964 INFO             PET2 ESMF_NETCDF                 : enabled
20220324 034941.964 INFO             PET2 ESMF_PNETCDF                : disabled
20220324 034941.964 INFO             PET2 ESMF_PIO                    : enabled
20220324 034941.964 INFO             PET2 ESMF_YAMLCPP                : enabled
20220324 034942.060 DEBUG            PET2 about to destroy Grid: 0xaef980
20220324 034942.071 DEBUG            PET2 about to destroy Grid: 0xaf0af0
20220324 034942.103 INFO             PET2  NUMBER_OF_PROCESSORS           4
20220324 034942.103 INFO             PET2  PASS  Example ESMF_NUOPCAtmModelEx, ESMF_NUOPCAtmModelEx.F90, line 806
20220324 034942.103 INFO             PET2 Finalizing ESMF
20220324 034941.963 INFO             PET3 !!!!!!!!!!!!!!!!!!!!!!!!!!!!!!!!!!!!!!!!!!!!!!!!!!!!!!
20220324 034941.963 INFO             PET3 !!! THE ESMF_LOG IS SET TO OUTPUT ALL LOG MESSAGES !!!
20220324 034941.963 INFO             PET3 !!!     THIS MAY CAUSE SLOWDOWN IN PERFORMANCE     !!!
20220324 034941.963 INFO             PET3 !!! FOR PRODUCTION RUNS, USE:                      !!!
20220324 034941.963 INFO             PET3 !!!                   ESMF_LOGKIND_Multi_On_Error  !!!
20220324 034941.963 INFO             PET3 !!!!!!!!!!!!!!!!!!!!!!!!!!!!!!!!!!!!!!!!!!!!!!!!!!!!!!
20220324 034941.963 INFO             PET3 Running with ESMF Version   : v8.3.0b09-103-gbb860f2
20220324 034941.963 INFO             PET3 ESMF library build date/time: "Mar 24 2022" "03:13:37"
20220324 034941.963 INFO             PET3 ESMF library build location : /work/noaa/da/mpotts/sandbox/gfortran_8.3.0_openmpi_g_jedwards_pio_update2
20220324 034941.963 INFO             PET3 ESMF_COMM                   : openmpi
20220324 034941.964 INFO             PET3 ESMF_MOAB                   : enabled
20220324 034941.964 INFO             PET3 ESMF_LAPACK                 : enabled
20220324 034941.964 INFO             PET3 ESMF_NETCDF                 : enabled
20220324 034941.964 INFO             PET3 ESMF_PNETCDF                : disabled
20220324 034941.964 INFO             PET3 ESMF_PIO                    : enabled
20220324 034941.964 INFO             PET3 ESMF_YAMLCPP                : enabled
20220324 034942.060 DEBUG            PET3 about to destroy Grid: 0xaca8f0
20220324 034942.071 DEBUG            PET3 about to destroy Grid: 0xacba60
20220324 034942.103 INFO             PET3  NUMBER_OF_PROCESSORS           4
20220324 034942.103 INFO             PET3  PASS  Example ESMF_NUOPCAtmModelEx, ESMF_NUOPCAtmModelEx.F90, line 806
20220324 034942.103 INFO             PET3 Finalizing ESMF
