build time -- 2022-03-08 03:06:33
20220308 043728.967 INFO             PET0 !!!!!!!!!!!!!!!!!!!!!!!!!!!!!!!!!!!!!!!!!!!!!!!!!!!!!!
20220308 043728.967 INFO             PET0 !!! THE ESMF_LOG IS SET TO OUTPUT ALL LOG MESSAGES !!!
20220308 043728.967 INFO             PET0 !!!     THIS MAY CAUSE SLOWDOWN IN PERFORMANCE     !!!
20220308 043728.967 INFO             PET0 !!! FOR PRODUCTION RUNS, USE:                      !!!
20220308 043728.967 INFO             PET0 !!!                   ESMF_LOGKIND_Multi_On_Error  !!!
20220308 043728.967 INFO             PET0 !!!!!!!!!!!!!!!!!!!!!!!!!!!!!!!!!!!!!!!!!!!!!!!!!!!!!!
20220308 043728.967 INFO             PET0 Running with ESMF Version   : v8.3.0b08-93-g7b74714
20220308 043728.967 INFO             PET0 ESMF library build date/time: "Mar  8 2022" "03:05:18"
20220308 043728.967 INFO             PET0 ESMF library build location : /work/noaa/da/mpotts/sandbox/gfortran_8.3.0_openmpi_g_jedwards_pio_update2
20220308 043728.967 INFO             PET0 ESMF_COMM                   : openmpi
20220308 043728.967 INFO             PET0 ESMF_MOAB                   : enabled
20220308 043728.967 INFO             PET0 ESMF_LAPACK                 : enabled
20220308 043728.967 INFO             PET0 ESMF_NETCDF                 : enabled
20220308 043728.967 INFO             PET0 ESMF_PNETCDF                : disabled
20220308 043728.967 INFO             PET0 ESMF_PIO                    : enabled
20220308 043728.967 INFO             PET0 ESMF_YAMLCPP                : enabled
20220308 043728.972 INFO             PET0 ESMCI_IO.C:150 ESMCI::IO::create() 
20220308 043728.972 INFO             PET0 ESMCI_IO.C:1027 ESMCI::IO::addArray() 
20220308 043728.972 INFO             PET0 ESMCI_IO.C:460 ESMCI::IO::write() 
20220308 043728.972 INFO             PET0 ESMCI_IO.C:805 ESMCI::IO::open() 
20220308 043728.972 INFO             PET0 ESMCI_PIO_Handler.C:180 ESMCI::PIO_Handler::initialize() 
20220308 043728.973 INFO             PET0 ESMCI_PIO_Handler.C:195 ESMCI::PIO_Handler::initialize() Before PIOc_Init_Intracomm, num_iotasks = 4
20220308 043728.973 INFO             PET0 ESMCI_PIO_Handler.C:198 ESMCI::PIO_Handler::initialize() After PIOc_Init_Intracomm, instance = 65536
20220308 043728.973 INFO             PET0 ESMCI_PIO_Handler.C:214 ESMCI::PIO_Handler::initialize() After PIOc_Set_IOSystem_Error_Handling
20220308 043728.973 INFO             PET0 ESMCI_PIO_Handler.C:217 ESMCI::PIO_Handler::initialize() push_back
20220308 043728.973 INFO             PET0 ESMCI_PIO_Handler.C:307 ESMCI::PIO_Handler::initializeVM After initialize, rc = 0
20220308 043728.973 INFO             PET0 ESMCI_PIO_Handler.C:309 ESMCI::PIO_Handler::initializeVM Looking for active instance, size = 1
20220308 043728.973 INFO             PET0 ESMCI_PIO_Handler.C:311 ESMCI::PIO_Handler::initializeVM Fetched PIO system descriptor, 0x10000
20220308 043728.973 INFO             PET0 ESMCI_PIO_Handler.C:1490 ESMCI::PIO_Handler::isOpen() 
20220308 043728.973 INFO             PET0 ESMCI_PIO_Handler.C:1492 ESMCI::PIO_Handler::isOpen() pioFileDesc is NULL
20220308 043728.973 INFO             PET0 ESMCI_PIO_Handler.C:1490 ESMCI::PIO_Handler::isOpen() 
20220308 043728.973 INFO             PET0 ESMCI_PIO_Handler.C:1492 ESMCI::PIO_Handler::isOpen() pioFileDesc is NULL
20220308 043728.973 INFO             PET0 ESMCI_PIO_Handler.C:1490 ESMCI::PIO_Handler::isOpen() 
20220308 043728.973 INFO             PET0 ESMCI_PIO_Handler.C:1492 ESMCI::PIO_Handler::isOpen() pioFileDesc is NULL
20220308 043728.973 INFO             PET0 ESMCI_PIO_Handler.C:1220 ESMCI::PIO_Handler::open() 
20220308 043728.973 INFO             PET0 ESMCI_PIO_Handler.C:1490 ESMCI::PIO_Handler::isOpen() 
20220308 043728.973 INFO             PET0 ESMCI_PIO_Handler.C:1492 ESMCI::PIO_Handler::isOpen() pioFileDesc is NULL
20220308 043728.973 INFO             PET0 ESMCI_IO_Handler.C:480 ESMCI::IO_Handler::fileExists() File, "commMatrix.nc" does not exist
20220308 043728.973 INFO             PET0 ESMCI_PIO_Handler.C:1297 ESMCI::PIO_Handler::open() Calling PIOc_createfile
20220308 043728.979 INFO             PET0 ESMCI_PIO_Handler.C:1323 ESMCI::PIO_Handler::open() call to PIOc_createfile: success for commMatrix.nc iotype= 2 Mode 0 ESMF FMT 1
20220308 043728.966 INFO             PET1 !!!!!!!!!!!!!!!!!!!!!!!!!!!!!!!!!!!!!!!!!!!!!!!!!!!!!!
20220308 043728.966 INFO             PET1 !!! THE ESMF_LOG IS SET TO OUTPUT ALL LOG MESSAGES !!!
20220308 043728.966 INFO             PET1 !!!     THIS MAY CAUSE SLOWDOWN IN PERFORMANCE     !!!
20220308 043728.966 INFO             PET1 !!! FOR PRODUCTION RUNS, USE:                      !!!
20220308 043728.966 INFO             PET1 !!!                   ESMF_LOGKIND_Multi_On_Error  !!!
20220308 043728.966 INFO             PET1 !!!!!!!!!!!!!!!!!!!!!!!!!!!!!!!!!!!!!!!!!!!!!!!!!!!!!!
20220308 043728.966 INFO             PET1 Running with ESMF Version   : v8.3.0b08-93-g7b74714
20220308 043728.966 INFO             PET1 ESMF library build date/time: "Mar  8 2022" "03:05:18"
20220308 043728.966 INFO             PET1 ESMF library build location : /work/noaa/da/mpotts/sandbox/gfortran_8.3.0_openmpi_g_jedwards_pio_update2
20220308 043728.966 INFO             PET1 ESMF_COMM                   : openmpi
20220308 043728.967 INFO             PET1 ESMF_MOAB                   : enabled
20220308 043728.967 INFO             PET1 ESMF_LAPACK                 : enabled
20220308 043728.967 INFO             PET1 ESMF_NETCDF                 : enabled
20220308 043728.967 INFO             PET1 ESMF_PNETCDF                : disabled
20220308 043728.967 INFO             PET1 ESMF_PIO                    : enabled
20220308 043728.967 INFO             PET1 ESMF_YAMLCPP                : enabled
20220308 043728.972 INFO             PET1 ESMCI_IO.C:150 ESMCI::IO::create() 
20220308 043728.972 INFO             PET1 ESMCI_IO.C:1027 ESMCI::IO::addArray() 
20220308 043728.972 INFO             PET1 ESMCI_IO.C:460 ESMCI::IO::write() 
20220308 043728.972 INFO             PET1 ESMCI_IO.C:805 ESMCI::IO::open() 
20220308 043728.972 INFO             PET1 ESMCI_PIO_Handler.C:180 ESMCI::PIO_Handler::initialize() 
20220308 043728.973 INFO             PET1 ESMCI_PIO_Handler.C:195 ESMCI::PIO_Handler::initialize() Before PIOc_Init_Intracomm, num_iotasks = 4
20220308 043728.973 INFO             PET1 ESMCI_PIO_Handler.C:198 ESMCI::PIO_Handler::initialize() After PIOc_Init_Intracomm, instance = 65536
20220308 043728.973 INFO             PET1 ESMCI_PIO_Handler.C:214 ESMCI::PIO_Handler::initialize() After PIOc_Set_IOSystem_Error_Handling
20220308 043728.973 INFO             PET1 ESMCI_PIO_Handler.C:217 ESMCI::PIO_Handler::initialize() push_back
20220308 043728.973 INFO             PET1 ESMCI_PIO_Handler.C:307 ESMCI::PIO_Handler::initializeVM After initialize, rc = 0
20220308 043728.973 INFO             PET1 ESMCI_PIO_Handler.C:309 ESMCI::PIO_Handler::initializeVM Looking for active instance, size = 1
20220308 043728.973 INFO             PET1 ESMCI_PIO_Handler.C:311 ESMCI::PIO_Handler::initializeVM Fetched PIO system descriptor, 0x10000
20220308 043728.973 INFO             PET1 ESMCI_PIO_Handler.C:1490 ESMCI::PIO_Handler::isOpen() 
20220308 043728.973 INFO             PET1 ESMCI_PIO_Handler.C:1492 ESMCI::PIO_Handler::isOpen() pioFileDesc is NULL
20220308 043728.973 INFO             PET1 ESMCI_PIO_Handler.C:1490 ESMCI::PIO_Handler::isOpen() 
20220308 043728.973 INFO             PET1 ESMCI_PIO_Handler.C:1492 ESMCI::PIO_Handler::isOpen() pioFileDesc is NULL
20220308 043728.973 INFO             PET1 ESMCI_PIO_Handler.C:1490 ESMCI::PIO_Handler::isOpen() 
20220308 043728.973 INFO             PET1 ESMCI_PIO_Handler.C:1492 ESMCI::PIO_Handler::isOpen() pioFileDesc is NULL
20220308 043728.973 INFO             PET1 ESMCI_PIO_Handler.C:1220 ESMCI::PIO_Handler::open() 
20220308 043728.973 INFO             PET1 ESMCI_PIO_Handler.C:1490 ESMCI::PIO_Handler::isOpen() 
20220308 043728.973 INFO             PET1 ESMCI_PIO_Handler.C:1492 ESMCI::PIO_Handler::isOpen() pioFileDesc is NULL
20220308 043728.973 INFO             PET1 ESMCI_IO_Handler.C:480 ESMCI::IO_Handler::fileExists() File, "commMatrix.nc" does not exist
20220308 043728.973 INFO             PET1 ESMCI_PIO_Handler.C:1297 ESMCI::PIO_Handler::open() Calling PIOc_createfile
20220308 043728.979 INFO             PET1 ESMCI_PIO_Handler.C:1323 ESMCI::PIO_Handler::open() call to PIOc_createfile: success for commMatrix.nc iotype= 2 Mode 0 ESMF FMT 1
20220308 043728.967 INFO             PET2 !!!!!!!!!!!!!!!!!!!!!!!!!!!!!!!!!!!!!!!!!!!!!!!!!!!!!!
20220308 043728.967 INFO             PET2 !!! THE ESMF_LOG IS SET TO OUTPUT ALL LOG MESSAGES !!!
20220308 043728.967 INFO             PET2 !!!     THIS MAY CAUSE SLOWDOWN IN PERFORMANCE     !!!
20220308 043728.967 INFO             PET2 !!! FOR PRODUCTION RUNS, USE:                      !!!
20220308 043728.967 INFO             PET2 !!!                   ESMF_LOGKIND_Multi_On_Error  !!!
20220308 043728.968 INFO             PET2 !!!!!!!!!!!!!!!!!!!!!!!!!!!!!!!!!!!!!!!!!!!!!!!!!!!!!!
20220308 043728.968 INFO             PET2 Running with ESMF Version   : v8.3.0b08-93-g7b74714
20220308 043728.968 INFO             PET2 ESMF library build date/time: "Mar  8 2022" "03:05:18"
20220308 043728.968 INFO             PET2 ESMF library build location : /work/noaa/da/mpotts/sandbox/gfortran_8.3.0_openmpi_g_jedwards_pio_update2
20220308 043728.968 INFO             PET2 ESMF_COMM                   : openmpi
20220308 043728.968 INFO             PET2 ESMF_MOAB                   : enabled
20220308 043728.968 INFO             PET2 ESMF_LAPACK                 : enabled
20220308 043728.968 INFO             PET2 ESMF_NETCDF                 : enabled
20220308 043728.968 INFO             PET2 ESMF_PNETCDF                : disabled
20220308 043728.968 INFO             PET2 ESMF_PIO                    : enabled
20220308 043728.968 INFO             PET2 ESMF_YAMLCPP                : enabled
20220308 043728.972 INFO             PET2 ESMCI_IO.C:150 ESMCI::IO::create() 
20220308 043728.972 INFO             PET2 ESMCI_IO.C:1027 ESMCI::IO::addArray() 
20220308 043728.972 INFO             PET2 ESMCI_IO.C:460 ESMCI::IO::write() 
20220308 043728.972 INFO             PET2 ESMCI_IO.C:805 ESMCI::IO::open() 
20220308 043728.972 INFO             PET2 ESMCI_PIO_Handler.C:180 ESMCI::PIO_Handler::initialize() 
20220308 043728.973 INFO             PET2 ESMCI_PIO_Handler.C:195 ESMCI::PIO_Handler::initialize() Before PIOc_Init_Intracomm, num_iotasks = 4
20220308 043728.973 INFO             PET2 ESMCI_PIO_Handler.C:198 ESMCI::PIO_Handler::initialize() After PIOc_Init_Intracomm, instance = 65536
20220308 043728.973 INFO             PET2 ESMCI_PIO_Handler.C:214 ESMCI::PIO_Handler::initialize() After PIOc_Set_IOSystem_Error_Handling
20220308 043728.973 INFO             PET2 ESMCI_PIO_Handler.C:217 ESMCI::PIO_Handler::initialize() push_back
20220308 043728.973 INFO             PET2 ESMCI_PIO_Handler.C:307 ESMCI::PIO_Handler::initializeVM After initialize, rc = 0
20220308 043728.973 INFO             PET2 ESMCI_PIO_Handler.C:309 ESMCI::PIO_Handler::initializeVM Looking for active instance, size = 1
20220308 043728.973 INFO             PET2 ESMCI_PIO_Handler.C:311 ESMCI::PIO_Handler::initializeVM Fetched PIO system descriptor, 0x10000
20220308 043728.973 INFO             PET2 ESMCI_PIO_Handler.C:1490 ESMCI::PIO_Handler::isOpen() 
20220308 043728.973 INFO             PET2 ESMCI_PIO_Handler.C:1492 ESMCI::PIO_Handler::isOpen() pioFileDesc is NULL
20220308 043728.973 INFO             PET2 ESMCI_PIO_Handler.C:1490 ESMCI::PIO_Handler::isOpen() 
20220308 043728.973 INFO             PET2 ESMCI_PIO_Handler.C:1492 ESMCI::PIO_Handler::isOpen() pioFileDesc is NULL
20220308 043728.973 INFO             PET2 ESMCI_PIO_Handler.C:1490 ESMCI::PIO_Handler::isOpen() 
20220308 043728.973 INFO             PET2 ESMCI_PIO_Handler.C:1492 ESMCI::PIO_Handler::isOpen() pioFileDesc is NULL
20220308 043728.973 INFO             PET2 ESMCI_PIO_Handler.C:1220 ESMCI::PIO_Handler::open() 
20220308 043728.973 INFO             PET2 ESMCI_PIO_Handler.C:1490 ESMCI::PIO_Handler::isOpen() 
20220308 043728.973 INFO             PET2 ESMCI_PIO_Handler.C:1492 ESMCI::PIO_Handler::isOpen() pioFileDesc is NULL
20220308 043728.973 INFO             PET2 ESMCI_IO_Handler.C:480 ESMCI::IO_Handler::fileExists() File, "commMatrix.nc" does not exist
20220308 043728.973 INFO             PET2 ESMCI_PIO_Handler.C:1297 ESMCI::PIO_Handler::open() Calling PIOc_createfile
20220308 043728.979 INFO             PET2 ESMCI_PIO_Handler.C:1323 ESMCI::PIO_Handler::open() call to PIOc_createfile: success for commMatrix.nc iotype= 2 Mode 0 ESMF FMT 1
20220308 043728.966 INFO             PET3 !!!!!!!!!!!!!!!!!!!!!!!!!!!!!!!!!!!!!!!!!!!!!!!!!!!!!!
20220308 043728.967 INFO             PET3 !!! THE ESMF_LOG IS SET TO OUTPUT ALL LOG MESSAGES !!!
20220308 043728.967 INFO             PET3 !!!     THIS MAY CAUSE SLOWDOWN IN PERFORMANCE     !!!
20220308 043728.967 INFO             PET3 !!! FOR PRODUCTION RUNS, USE:                      !!!
20220308 043728.967 INFO             PET3 !!!                   ESMF_LOGKIND_Multi_On_Error  !!!
20220308 043728.967 INFO             PET3 !!!!!!!!!!!!!!!!!!!!!!!!!!!!!!!!!!!!!!!!!!!!!!!!!!!!!!
20220308 043728.967 INFO             PET3 Running with ESMF Version   : v8.3.0b08-93-g7b74714
20220308 043728.967 INFO             PET3 ESMF library build date/time: "Mar  8 2022" "03:05:18"
20220308 043728.967 INFO             PET3 ESMF library build location : /work/noaa/da/mpotts/sandbox/gfortran_8.3.0_openmpi_g_jedwards_pio_update2
20220308 043728.967 INFO             PET3 ESMF_COMM                   : openmpi
20220308 043728.967 INFO             PET3 ESMF_MOAB                   : enabled
20220308 043728.967 INFO             PET3 ESMF_LAPACK                 : enabled
20220308 043728.967 INFO             PET3 ESMF_NETCDF                 : enabled
20220308 043728.967 INFO             PET3 ESMF_PNETCDF                : disabled
20220308 043728.967 INFO             PET3 ESMF_PIO                    : enabled
20220308 043728.967 INFO             PET3 ESMF_YAMLCPP                : enabled
20220308 043728.972 INFO             PET3 ESMCI_IO.C:150 ESMCI::IO::create() 
20220308 043728.972 INFO             PET3 ESMCI_IO.C:1027 ESMCI::IO::addArray() 
20220308 043728.972 INFO             PET3 ESMCI_IO.C:460 ESMCI::IO::write() 
20220308 043728.972 INFO             PET3 ESMCI_IO.C:805 ESMCI::IO::open() 
20220308 043728.972 INFO             PET3 ESMCI_PIO_Handler.C:180 ESMCI::PIO_Handler::initialize() 
20220308 043728.973 INFO             PET3 ESMCI_PIO_Handler.C:195 ESMCI::PIO_Handler::initialize() Before PIOc_Init_Intracomm, num_iotasks = 4
20220308 043728.973 INFO             PET3 ESMCI_PIO_Handler.C:198 ESMCI::PIO_Handler::initialize() After PIOc_Init_Intracomm, instance = 65536
20220308 043728.973 INFO             PET3 ESMCI_PIO_Handler.C:214 ESMCI::PIO_Handler::initialize() After PIOc_Set_IOSystem_Error_Handling
20220308 043728.973 INFO             PET3 ESMCI_PIO_Handler.C:217 ESMCI::PIO_Handler::initialize() push_back
20220308 043728.973 INFO             PET3 ESMCI_PIO_Handler.C:307 ESMCI::PIO_Handler::initializeVM After initialize, rc = 0
20220308 043728.973 INFO             PET3 ESMCI_PIO_Handler.C:309 ESMCI::PIO_Handler::initializeVM Looking for active instance, size = 1
20220308 043728.973 INFO             PET3 ESMCI_PIO_Handler.C:311 ESMCI::PIO_Handler::initializeVM Fetched PIO system descriptor, 0x10000
20220308 043728.973 INFO             PET3 ESMCI_PIO_Handler.C:1490 ESMCI::PIO_Handler::isOpen() 
20220308 043728.973 INFO             PET3 ESMCI_PIO_Handler.C:1492 ESMCI::PIO_Handler::isOpen() pioFileDesc is NULL
20220308 043728.973 INFO             PET3 ESMCI_PIO_Handler.C:1490 ESMCI::PIO_Handler::isOpen() 
20220308 043728.973 INFO             PET3 ESMCI_PIO_Handler.C:1492 ESMCI::PIO_Handler::isOpen() pioFileDesc is NULL
20220308 043728.973 INFO             PET3 ESMCI_PIO_Handler.C:1490 ESMCI::PIO_Handler::isOpen() 
20220308 043728.973 INFO             PET3 ESMCI_PIO_Handler.C:1492 ESMCI::PIO_Handler::isOpen() pioFileDesc is NULL
20220308 043728.973 INFO             PET3 ESMCI_PIO_Handler.C:1220 ESMCI::PIO_Handler::open() 
20220308 043728.973 INFO             PET3 ESMCI_PIO_Handler.C:1490 ESMCI::PIO_Handler::isOpen() 
20220308 043728.973 INFO             PET3 ESMCI_PIO_Handler.C:1492 ESMCI::PIO_Handler::isOpen() pioFileDesc is NULL
20220308 043728.973 INFO             PET3 ESMCI_IO_Handler.C:480 ESMCI::IO_Handler::fileExists() File, "commMatrix.nc" does not exist
20220308 043728.973 INFO             PET3 ESMCI_PIO_Handler.C:1297 ESMCI::PIO_Handler::open() Calling PIOc_createfile
20220308 043728.979 INFO             PET3 ESMCI_PIO_Handler.C:1323 ESMCI::PIO_Handler::open() call to PIOc_createfile: success for commMatrix.nc iotype= 2 Mode 0 ESMF FMT 1
