build time -- 2022-03-08 03:06:33
 sumA =   0.700000048    
 sumB =   0.699999988    
 sumC =   0.900000036    
 sumD =   0.900000036    
 sumE =   0.899999976    
 result SRCSEQ#1 =   0.700000048      expect:   0.700000048    
ERROR: 0 set loglevel to 0
ERROR: 0 set loglevel to 0
ERROR: 0 set loglevel to 0
ERROR: 0 set loglevel to 0
ERROR: 0 set loglevel to 0
ERROR: 0 set loglevel to 0
ERROR: 0 set loglevel to 0
ERROR: 0 set loglevel to 0
ERROR: 0 set loglevel to 0
ERROR: 0 set loglevel to 0
ERROR: 0 set loglevel to 0
ERROR: 0 set loglevel to 0
[Orion-12-02:134823:0:134823] Caught signal 11 (Segmentation fault: address not mapped to object at address 0x7ffefffffffc)
[Orion-12-02:134820:0:134820] Caught signal 11 (Segmentation fault: address not mapped to object at address 0x7ffefffffffc)
[Orion-12-02:134821:0:134821] Caught signal 11 (Segmentation fault: address not mapped to object at address 0x7ffdfffffffc)
[Orion-12-02:134822:0:134822] Caught signal 11 (Segmentation fault: address not mapped to object at address 0x7ffdfffffffc)
--------------------------------------------------------------------------
Primary job  terminated normally, but 1 process returned
a non-zero exit code. Per user-direction, the job has been aborted.
--------------------------------------------------------------------------
--------------------------------------------------------------------------
mpirun noticed that process rank 2 with PID 134822 on node Orion-12-02 exited on signal 11 (Segmentation fault).
--------------------------------------------------------------------------
