build time -- 2022-03-17 02:48:22
20220317 031820.036 INFO             PET0 !!!!!!!!!!!!!!!!!!!!!!!!!!!!!!!!!!!!!!!!!!!!!!!!!!!!!!
20220317 031820.036 INFO             PET0 !!! THE ESMF_LOG IS SET TO OUTPUT ALL LOG MESSAGES !!!
20220317 031820.036 INFO             PET0 !!!     THIS MAY CAUSE SLOWDOWN IN PERFORMANCE     !!!
20220317 031820.036 INFO             PET0 !!! FOR PRODUCTION RUNS, USE:                      !!!
20220317 031820.036 INFO             PET0 !!!                   ESMF_LOGKIND_Multi_On_Error  !!!
20220317 031820.036 INFO             PET0 !!!!!!!!!!!!!!!!!!!!!!!!!!!!!!!!!!!!!!!!!!!!!!!!!!!!!!
20220317 031820.036 INFO             PET0 Running with ESMF Version   : v8.3.0b09-100-g5ff85a9
20220317 031820.036 INFO             PET0 ESMF library build date/time: "Mar 17 2022" "02:46:22"
20220317 031820.036 INFO             PET0 ESMF library build location : /work/noaa/da/mpotts/sandbox/gfortran_8.3.0_openmpi_g_jedwards_pio_update2
20220317 031820.036 INFO             PET0 ESMF_COMM                   : openmpi
20220317 031820.037 INFO             PET0 ESMF_MOAB                   : enabled
20220317 031820.037 INFO             PET0 ESMF_LAPACK                 : enabled
20220317 031820.037 INFO             PET0 ESMF_NETCDF                 : enabled
20220317 031820.037 INFO             PET0 ESMF_PNETCDF                : disabled
20220317 031820.037 INFO             PET0 ESMF_PIO                    : enabled
20220317 031820.037 INFO             PET0 ESMF_YAMLCPP                : enabled
20220317 031820.041 INFO             PET0  NUMBER_OF_PROCESSORS           4
20220317 031820.041 INFO             PET0  PASS  Example ESMF_FieldRepDimEx, ESMF_FieldRepDimEx.F90, line 228
20220317 031820.041 INFO             PET0 Finalizing ESMF
20220317 031820.037 INFO             PET1 !!!!!!!!!!!!!!!!!!!!!!!!!!!!!!!!!!!!!!!!!!!!!!!!!!!!!!
20220317 031820.037 INFO             PET1 !!! THE ESMF_LOG IS SET TO OUTPUT ALL LOG MESSAGES !!!
20220317 031820.037 INFO             PET1 !!!     THIS MAY CAUSE SLOWDOWN IN PERFORMANCE     !!!
20220317 031820.037 INFO             PET1 !!! FOR PRODUCTION RUNS, USE:                      !!!
20220317 031820.037 INFO             PET1 !!!                   ESMF_LOGKIND_Multi_On_Error  !!!
20220317 031820.037 INFO             PET1 !!!!!!!!!!!!!!!!!!!!!!!!!!!!!!!!!!!!!!!!!!!!!!!!!!!!!!
20220317 031820.037 INFO             PET1 Running with ESMF Version   : v8.3.0b09-100-g5ff85a9
20220317 031820.037 INFO             PET1 ESMF library build date/time: "Mar 17 2022" "02:46:22"
20220317 031820.037 INFO             PET1 ESMF library build location : /work/noaa/da/mpotts/sandbox/gfortran_8.3.0_openmpi_g_jedwards_pio_update2
20220317 031820.037 INFO             PET1 ESMF_COMM                   : openmpi
20220317 031820.038 INFO             PET1 ESMF_MOAB                   : enabled
20220317 031820.038 INFO             PET1 ESMF_LAPACK                 : enabled
20220317 031820.038 INFO             PET1 ESMF_NETCDF                 : enabled
20220317 031820.038 INFO             PET1 ESMF_PNETCDF                : disabled
20220317 031820.038 INFO             PET1 ESMF_PIO                    : enabled
20220317 031820.038 INFO             PET1 ESMF_YAMLCPP                : enabled
20220317 031820.040 INFO             PET1  NUMBER_OF_PROCESSORS           4
20220317 031820.040 INFO             PET1  PASS  Example ESMF_FieldRepDimEx, ESMF_FieldRepDimEx.F90, line 228
20220317 031820.040 INFO             PET1 Finalizing ESMF
20220317 031820.037 INFO             PET2 !!!!!!!!!!!!!!!!!!!!!!!!!!!!!!!!!!!!!!!!!!!!!!!!!!!!!!
20220317 031820.037 INFO             PET2 !!! THE ESMF_LOG IS SET TO OUTPUT ALL LOG MESSAGES !!!
20220317 031820.037 INFO             PET2 !!!     THIS MAY CAUSE SLOWDOWN IN PERFORMANCE     !!!
20220317 031820.037 INFO             PET2 !!! FOR PRODUCTION RUNS, USE:                      !!!
20220317 031820.037 INFO             PET2 !!!                   ESMF_LOGKIND_Multi_On_Error  !!!
20220317 031820.037 INFO             PET2 !!!!!!!!!!!!!!!!!!!!!!!!!!!!!!!!!!!!!!!!!!!!!!!!!!!!!!
20220317 031820.037 INFO             PET2 Running with ESMF Version   : v8.3.0b09-100-g5ff85a9
20220317 031820.037 INFO             PET2 ESMF library build date/time: "Mar 17 2022" "02:46:22"
20220317 031820.037 INFO             PET2 ESMF library build location : /work/noaa/da/mpotts/sandbox/gfortran_8.3.0_openmpi_g_jedwards_pio_update2
20220317 031820.037 INFO             PET2 ESMF_COMM                   : openmpi
20220317 031820.037 INFO             PET2 ESMF_MOAB                   : enabled
20220317 031820.037 INFO             PET2 ESMF_LAPACK                 : enabled
20220317 031820.037 INFO             PET2 ESMF_NETCDF                 : enabled
20220317 031820.037 INFO             PET2 ESMF_PNETCDF                : disabled
20220317 031820.037 INFO             PET2 ESMF_PIO                    : enabled
20220317 031820.037 INFO             PET2 ESMF_YAMLCPP                : enabled
20220317 031820.040 INFO             PET2  NUMBER_OF_PROCESSORS           4
20220317 031820.041 INFO             PET2  PASS  Example ESMF_FieldRepDimEx, ESMF_FieldRepDimEx.F90, line 228
20220317 031820.041 INFO             PET2 Finalizing ESMF
20220317 031820.037 INFO             PET3 !!!!!!!!!!!!!!!!!!!!!!!!!!!!!!!!!!!!!!!!!!!!!!!!!!!!!!
20220317 031820.037 INFO             PET3 !!! THE ESMF_LOG IS SET TO OUTPUT ALL LOG MESSAGES !!!
20220317 031820.037 INFO             PET3 !!!     THIS MAY CAUSE SLOWDOWN IN PERFORMANCE     !!!
20220317 031820.037 INFO             PET3 !!! FOR PRODUCTION RUNS, USE:                      !!!
20220317 031820.037 INFO             PET3 !!!                   ESMF_LOGKIND_Multi_On_Error  !!!
20220317 031820.037 INFO             PET3 !!!!!!!!!!!!!!!!!!!!!!!!!!!!!!!!!!!!!!!!!!!!!!!!!!!!!!
20220317 031820.037 INFO             PET3 Running with ESMF Version   : v8.3.0b09-100-g5ff85a9
20220317 031820.037 INFO             PET3 ESMF library build date/time: "Mar 17 2022" "02:46:22"
20220317 031820.037 INFO             PET3 ESMF library build location : /work/noaa/da/mpotts/sandbox/gfortran_8.3.0_openmpi_g_jedwards_pio_update2
20220317 031820.037 INFO             PET3 ESMF_COMM                   : openmpi
20220317 031820.037 INFO             PET3 ESMF_MOAB                   : enabled
20220317 031820.037 INFO             PET3 ESMF_LAPACK                 : enabled
20220317 031820.037 INFO             PET3 ESMF_NETCDF                 : enabled
20220317 031820.037 INFO             PET3 ESMF_PNETCDF                : disabled
20220317 031820.037 INFO             PET3 ESMF_PIO                    : enabled
20220317 031820.037 INFO             PET3 ESMF_YAMLCPP                : enabled
20220317 031820.040 INFO             PET3  NUMBER_OF_PROCESSORS           4
20220317 031820.040 INFO             PET3  PASS  Example ESMF_FieldRepDimEx, ESMF_FieldRepDimEx.F90, line 228
20220317 031820.040 INFO             PET3 Finalizing ESMF
