build time -- 2022-03-12 04:20:58
20220312 060239.082 INFO             PET0 !!!!!!!!!!!!!!!!!!!!!!!!!!!!!!!!!!!!!!!!!!!!!!!!!!!!!!
20220312 060239.082 INFO             PET0 !!! THE ESMF_LOG IS SET TO OUTPUT ALL LOG MESSAGES !!!
20220312 060239.082 INFO             PET0 !!!     THIS MAY CAUSE SLOWDOWN IN PERFORMANCE     !!!
20220312 060239.082 INFO             PET0 !!! FOR PRODUCTION RUNS, USE:                      !!!
20220312 060239.082 INFO             PET0 !!!                   ESMF_LOGKIND_Multi_On_Error  !!!
20220312 060239.082 INFO             PET0 !!!!!!!!!!!!!!!!!!!!!!!!!!!!!!!!!!!!!!!!!!!!!!!!!!!!!!
20220312 060239.082 INFO             PET0 Running with ESMF Version   : v8.3.0b09-96-g559b459
20220312 060239.082 INFO             PET0 ESMF library build date/time: "Mar 12 2022" "04:14:42"
20220312 060239.082 INFO             PET0 ESMF library build location : /work/noaa/da/mpotts/sandbox/gfortran_8.3.0_openmpi_g_jedwards_pio_update2
20220312 060239.082 INFO             PET0 ESMF_COMM                   : openmpi
20220312 060239.110 INFO             PET0 ESMF_MOAB                   : enabled
20220312 060239.110 INFO             PET0 ESMF_LAPACK                 : enabled
20220312 060239.110 INFO             PET0 ESMF_NETCDF                 : enabled
20220312 060239.110 INFO             PET0 ESMF_PNETCDF                : disabled
20220312 060239.110 INFO             PET0 ESMF_PIO                    : enabled
20220312 060239.110 INFO             PET0 ESMF_YAMLCPP                : enabled
20220312 060239.126 INFO             PET0 ESMF_FieldRedistStoreNF(): Just entered routine.
20220312 060239.332 INFO             PET0 ESMF_FieldRedistStoreNF(): Leaving routine.
20220312 060239.339 INFO             PET0  NUMBER_OF_PROCESSORS           4
20220312 060239.339 INFO             PET0  PASS  Example ESMF_RHandleFromFileEx, ESMF_RHandleFromFileEx.F90, line 192
20220312 060239.339 INFO             PET0 Finalizing ESMF
20220312 060239.098 INFO             PET1 !!!!!!!!!!!!!!!!!!!!!!!!!!!!!!!!!!!!!!!!!!!!!!!!!!!!!!
20220312 060239.099 INFO             PET1 !!! THE ESMF_LOG IS SET TO OUTPUT ALL LOG MESSAGES !!!
20220312 060239.099 INFO             PET1 !!!     THIS MAY CAUSE SLOWDOWN IN PERFORMANCE     !!!
20220312 060239.099 INFO             PET1 !!! FOR PRODUCTION RUNS, USE:                      !!!
20220312 060239.099 INFO             PET1 !!!                   ESMF_LOGKIND_Multi_On_Error  !!!
20220312 060239.099 INFO             PET1 !!!!!!!!!!!!!!!!!!!!!!!!!!!!!!!!!!!!!!!!!!!!!!!!!!!!!!
20220312 060239.099 INFO             PET1 Running with ESMF Version   : v8.3.0b09-96-g559b459
20220312 060239.099 INFO             PET1 ESMF library build date/time: "Mar 12 2022" "04:14:42"
20220312 060239.099 INFO             PET1 ESMF library build location : /work/noaa/da/mpotts/sandbox/gfortran_8.3.0_openmpi_g_jedwards_pio_update2
20220312 060239.099 INFO             PET1 ESMF_COMM                   : openmpi
20220312 060239.115 INFO             PET1 ESMF_MOAB                   : enabled
20220312 060239.115 INFO             PET1 ESMF_LAPACK                 : enabled
20220312 060239.115 INFO             PET1 ESMF_NETCDF                 : enabled
20220312 060239.115 INFO             PET1 ESMF_PNETCDF                : disabled
20220312 060239.115 INFO             PET1 ESMF_PIO                    : enabled
20220312 060239.115 INFO             PET1 ESMF_YAMLCPP                : enabled
20220312 060239.126 INFO             PET1 ESMF_FieldRedistStoreNF(): Just entered routine.
20220312 060239.332 INFO             PET1 ESMF_FieldRedistStoreNF(): Leaving routine.
20220312 060239.339 INFO             PET1  NUMBER_OF_PROCESSORS           4
20220312 060239.340 INFO             PET1  PASS  Example ESMF_RHandleFromFileEx, ESMF_RHandleFromFileEx.F90, line 192
20220312 060239.340 INFO             PET1 Finalizing ESMF
20220312 060239.074 INFO             PET2 !!!!!!!!!!!!!!!!!!!!!!!!!!!!!!!!!!!!!!!!!!!!!!!!!!!!!!
20220312 060239.074 INFO             PET2 !!! THE ESMF_LOG IS SET TO OUTPUT ALL LOG MESSAGES !!!
20220312 060239.074 INFO             PET2 !!!     THIS MAY CAUSE SLOWDOWN IN PERFORMANCE     !!!
20220312 060239.074 INFO             PET2 !!! FOR PRODUCTION RUNS, USE:                      !!!
20220312 060239.074 INFO             PET2 !!!                   ESMF_LOGKIND_Multi_On_Error  !!!
20220312 060239.074 INFO             PET2 !!!!!!!!!!!!!!!!!!!!!!!!!!!!!!!!!!!!!!!!!!!!!!!!!!!!!!
20220312 060239.074 INFO             PET2 Running with ESMF Version   : v8.3.0b09-96-g559b459
20220312 060239.074 INFO             PET2 ESMF library build date/time: "Mar 12 2022" "04:14:42"
20220312 060239.074 INFO             PET2 ESMF library build location : /work/noaa/da/mpotts/sandbox/gfortran_8.3.0_openmpi_g_jedwards_pio_update2
20220312 060239.074 INFO             PET2 ESMF_COMM                   : openmpi
20220312 060239.086 INFO             PET2 ESMF_MOAB                   : enabled
20220312 060239.086 INFO             PET2 ESMF_LAPACK                 : enabled
20220312 060239.086 INFO             PET2 ESMF_NETCDF                 : enabled
20220312 060239.086 INFO             PET2 ESMF_PNETCDF                : disabled
20220312 060239.086 INFO             PET2 ESMF_PIO                    : enabled
20220312 060239.086 INFO             PET2 ESMF_YAMLCPP                : enabled
20220312 060239.121 INFO             PET2 ESMF_FieldRedistStoreNF(): Just entered routine.
20220312 060239.332 INFO             PET2 ESMF_FieldRedistStoreNF(): Leaving routine.
20220312 060239.339 INFO             PET2  NUMBER_OF_PROCESSORS           4
20220312 060239.339 INFO             PET2  PASS  Example ESMF_RHandleFromFileEx, ESMF_RHandleFromFileEx.F90, line 192
20220312 060239.339 INFO             PET2 Finalizing ESMF
20220312 060239.107 INFO             PET3 !!!!!!!!!!!!!!!!!!!!!!!!!!!!!!!!!!!!!!!!!!!!!!!!!!!!!!
20220312 060239.107 INFO             PET3 !!! THE ESMF_LOG IS SET TO OUTPUT ALL LOG MESSAGES !!!
20220312 060239.107 INFO             PET3 !!!     THIS MAY CAUSE SLOWDOWN IN PERFORMANCE     !!!
20220312 060239.107 INFO             PET3 !!! FOR PRODUCTION RUNS, USE:                      !!!
20220312 060239.107 INFO             PET3 !!!                   ESMF_LOGKIND_Multi_On_Error  !!!
20220312 060239.107 INFO             PET3 !!!!!!!!!!!!!!!!!!!!!!!!!!!!!!!!!!!!!!!!!!!!!!!!!!!!!!
20220312 060239.107 INFO             PET3 Running with ESMF Version   : v8.3.0b09-96-g559b459
20220312 060239.107 INFO             PET3 ESMF library build date/time: "Mar 12 2022" "04:14:42"
20220312 060239.107 INFO             PET3 ESMF library build location : /work/noaa/da/mpotts/sandbox/gfortran_8.3.0_openmpi_g_jedwards_pio_update2
20220312 060239.107 INFO             PET3 ESMF_COMM                   : openmpi
20220312 060239.117 INFO             PET3 ESMF_MOAB                   : enabled
20220312 060239.117 INFO             PET3 ESMF_LAPACK                 : enabled
20220312 060239.117 INFO             PET3 ESMF_NETCDF                 : enabled
20220312 060239.117 INFO             PET3 ESMF_PNETCDF                : disabled
20220312 060239.117 INFO             PET3 ESMF_PIO                    : enabled
20220312 060239.117 INFO             PET3 ESMF_YAMLCPP                : enabled
20220312 060239.130 INFO             PET3 ESMF_FieldRedistStoreNF(): Just entered routine.
20220312 060239.332 INFO             PET3 ESMF_FieldRedistStoreNF(): Leaving routine.
20220312 060239.339 INFO             PET3  NUMBER_OF_PROCESSORS           4
20220312 060239.339 INFO             PET3  PASS  Example ESMF_RHandleFromFileEx, ESMF_RHandleFromFileEx.F90, line 192
20220312 060239.339 INFO             PET3 Finalizing ESMF
