build time -- 2022-03-09 06:25:57.305444
20220309 073233.920 INFO             PET0 !!!!!!!!!!!!!!!!!!!!!!!!!!!!!!!!!!!!!!!!!!!!!!!!!!!!!!
20220309 073233.920 INFO             PET0 !!! THE ESMF_LOG IS SET TO OUTPUT ALL LOG MESSAGES !!!
20220309 073233.920 INFO             PET0 !!!     THIS MAY CAUSE SLOWDOWN IN PERFORMANCE     !!!
20220309 073233.920 INFO             PET0 !!! FOR PRODUCTION RUNS, USE:                      !!!
20220309 073233.920 INFO             PET0 !!!                   ESMF_LOGKIND_Multi_On_Error  !!!
20220309 073233.920 INFO             PET0 !!!!!!!!!!!!!!!!!!!!!!!!!!!!!!!!!!!!!!!!!!!!!!!!!!!!!!
20220309 073233.920 INFO             PET0 Running with ESMF Version   : v8.3.0b09
20220309 073233.920 INFO             PET0 ESMF library build date/time: "Mar  9 2022" "06:20:40"
20220309 073233.920 INFO             PET0 ESMF library build location : /glade/scratch/rlong/esmf-testing/intel_18.0.5_openmpi_O_develop
20220309 073233.920 INFO             PET0 ESMF_COMM                   : openmpi
20220309 073233.920 INFO             PET0 ESMF_MOAB                   : enabled
20220309 073233.920 INFO             PET0 ESMF_LAPACK                 : enabled
20220309 073233.920 INFO             PET0 ESMF_NETCDF                 : enabled
20220309 073233.920 INFO             PET0 ESMF_PNETCDF                : disabled
20220309 073233.920 INFO             PET0 ESMF_PIO                    : enabled
20220309 073233.920 INFO             PET0 ESMF_YAMLCPP                : enabled
20220309 073233.967 DEBUG            PET0 about to destroy Grid: 0x126bf90
20220309 073233.971 DEBUG            PET0 about to destroy Grid: 0x126ce80
20220309 073233.983 INFO             PET0  NUMBER_OF_PROCESSORS           4
20220309 073233.983 INFO             PET0  PASS  Example ESMF_NUOPCAtmModelEx, ESMF_NUOPCAtmModelEx.F90, line 806
20220309 073233.983 INFO             PET0 Finalizing ESMF
20220309 073233.920 INFO             PET1 !!!!!!!!!!!!!!!!!!!!!!!!!!!!!!!!!!!!!!!!!!!!!!!!!!!!!!
20220309 073233.920 INFO             PET1 !!! THE ESMF_LOG IS SET TO OUTPUT ALL LOG MESSAGES !!!
20220309 073233.920 INFO             PET1 !!!     THIS MAY CAUSE SLOWDOWN IN PERFORMANCE     !!!
20220309 073233.920 INFO             PET1 !!! FOR PRODUCTION RUNS, USE:                      !!!
20220309 073233.920 INFO             PET1 !!!                   ESMF_LOGKIND_Multi_On_Error  !!!
20220309 073233.920 INFO             PET1 !!!!!!!!!!!!!!!!!!!!!!!!!!!!!!!!!!!!!!!!!!!!!!!!!!!!!!
20220309 073233.920 INFO             PET1 Running with ESMF Version   : v8.3.0b09
20220309 073233.920 INFO             PET1 ESMF library build date/time: "Mar  9 2022" "06:20:40"
20220309 073233.920 INFO             PET1 ESMF library build location : /glade/scratch/rlong/esmf-testing/intel_18.0.5_openmpi_O_develop
20220309 073233.920 INFO             PET1 ESMF_COMM                   : openmpi
20220309 073233.921 INFO             PET1 ESMF_MOAB                   : enabled
20220309 073233.921 INFO             PET1 ESMF_LAPACK                 : enabled
20220309 073233.921 INFO             PET1 ESMF_NETCDF                 : enabled
20220309 073233.921 INFO             PET1 ESMF_PNETCDF                : disabled
20220309 073233.921 INFO             PET1 ESMF_PIO                    : enabled
20220309 073233.921 INFO             PET1 ESMF_YAMLCPP                : enabled
20220309 073233.967 DEBUG            PET1 about to destroy Grid: 0x240e3c0
20220309 073233.971 DEBUG            PET1 about to destroy Grid: 0x24227f0
20220309 073233.983 INFO             PET1  NUMBER_OF_PROCESSORS           4
20220309 073233.983 INFO             PET1  PASS  Example ESMF_NUOPCAtmModelEx, ESMF_NUOPCAtmModelEx.F90, line 806
20220309 073233.983 INFO             PET1 Finalizing ESMF
20220309 073233.920 INFO             PET2 !!!!!!!!!!!!!!!!!!!!!!!!!!!!!!!!!!!!!!!!!!!!!!!!!!!!!!
20220309 073233.920 INFO             PET2 !!! THE ESMF_LOG IS SET TO OUTPUT ALL LOG MESSAGES !!!
20220309 073233.920 INFO             PET2 !!!     THIS MAY CAUSE SLOWDOWN IN PERFORMANCE     !!!
20220309 073233.920 INFO             PET2 !!! FOR PRODUCTION RUNS, USE:                      !!!
20220309 073233.920 INFO             PET2 !!!                   ESMF_LOGKIND_Multi_On_Error  !!!
20220309 073233.920 INFO             PET2 !!!!!!!!!!!!!!!!!!!!!!!!!!!!!!!!!!!!!!!!!!!!!!!!!!!!!!
20220309 073233.920 INFO             PET2 Running with ESMF Version   : v8.3.0b09
20220309 073233.920 INFO             PET2 ESMF library build date/time: "Mar  9 2022" "06:20:40"
20220309 073233.920 INFO             PET2 ESMF library build location : /glade/scratch/rlong/esmf-testing/intel_18.0.5_openmpi_O_develop
20220309 073233.920 INFO             PET2 ESMF_COMM                   : openmpi
20220309 073233.920 INFO             PET2 ESMF_MOAB                   : enabled
20220309 073233.920 INFO             PET2 ESMF_LAPACK                 : enabled
20220309 073233.920 INFO             PET2 ESMF_NETCDF                 : enabled
20220309 073233.920 INFO             PET2 ESMF_PNETCDF                : disabled
20220309 073233.920 INFO             PET2 ESMF_PIO                    : enabled
20220309 073233.920 INFO             PET2 ESMF_YAMLCPP                : enabled
20220309 073233.967 DEBUG            PET2 about to destroy Grid: 0x2120fd0
20220309 073233.971 DEBUG            PET2 about to destroy Grid: 0x2135540
20220309 073233.983 INFO             PET2  NUMBER_OF_PROCESSORS           4
20220309 073233.983 INFO             PET2  PASS  Example ESMF_NUOPCAtmModelEx, ESMF_NUOPCAtmModelEx.F90, line 806
20220309 073233.983 INFO             PET2 Finalizing ESMF
20220309 073233.920 INFO             PET3 !!!!!!!!!!!!!!!!!!!!!!!!!!!!!!!!!!!!!!!!!!!!!!!!!!!!!!
20220309 073233.920 INFO             PET3 !!! THE ESMF_LOG IS SET TO OUTPUT ALL LOG MESSAGES !!!
20220309 073233.920 INFO             PET3 !!!     THIS MAY CAUSE SLOWDOWN IN PERFORMANCE     !!!
20220309 073233.920 INFO             PET3 !!! FOR PRODUCTION RUNS, USE:                      !!!
20220309 073233.920 INFO             PET3 !!!                   ESMF_LOGKIND_Multi_On_Error  !!!
20220309 073233.920 INFO             PET3 !!!!!!!!!!!!!!!!!!!!!!!!!!!!!!!!!!!!!!!!!!!!!!!!!!!!!!
20220309 073233.920 INFO             PET3 Running with ESMF Version   : v8.3.0b09
20220309 073233.920 INFO             PET3 ESMF library build date/time: "Mar  9 2022" "06:20:40"
20220309 073233.920 INFO             PET3 ESMF library build location : /glade/scratch/rlong/esmf-testing/intel_18.0.5_openmpi_O_develop
20220309 073233.920 INFO             PET3 ESMF_COMM                   : openmpi
20220309 073233.920 INFO             PET3 ESMF_MOAB                   : enabled
20220309 073233.920 INFO             PET3 ESMF_LAPACK                 : enabled
20220309 073233.920 INFO             PET3 ESMF_NETCDF                 : enabled
20220309 073233.920 INFO             PET3 ESMF_PNETCDF                : disabled
20220309 073233.920 INFO             PET3 ESMF_PIO                    : enabled
20220309 073233.920 INFO             PET3 ESMF_YAMLCPP                : enabled
20220309 073233.967 DEBUG            PET3 about to destroy Grid: 0x215f420
20220309 073233.971 DEBUG            PET3 about to destroy Grid: 0x21738d0
20220309 073233.984 INFO             PET3  NUMBER_OF_PROCESSORS           4
20220309 073233.984 INFO             PET3  PASS  Example ESMF_NUOPCAtmModelEx, ESMF_NUOPCAtmModelEx.F90, line 806
20220309 073233.984 INFO             PET3 Finalizing ESMF
