build time -- 2022-03-29 00:38:54
20220329 025036.885 INFO             PET0 !!!!!!!!!!!!!!!!!!!!!!!!!!!!!!!!!!!!!!!!!!!!!!!!!!!!!!
20220329 025036.885 INFO             PET0 !!! THE ESMF_LOG IS SET TO OUTPUT ALL LOG MESSAGES !!!
20220329 025036.885 INFO             PET0 !!!     THIS MAY CAUSE SLOWDOWN IN PERFORMANCE     !!!
20220329 025036.885 INFO             PET0 !!! FOR PRODUCTION RUNS, USE:                      !!!
20220329 025036.885 INFO             PET0 !!!                   ESMF_LOGKIND_Multi_On_Error  !!!
20220329 025036.885 INFO             PET0 !!!!!!!!!!!!!!!!!!!!!!!!!!!!!!!!!!!!!!!!!!!!!!!!!!!!!!
20220329 025036.885 INFO             PET0 Running with ESMF Version   : v8.3.0b11
20220329 025036.885 INFO             PET0 ESMF library build date/time: "Mar 29 2022" "00:37:22"
20220329 025036.885 INFO             PET0 ESMF library build location : /lustre/f2/dev/ncep/Mark.Potts/gfortran_8.3.0_mpi_g_develop
20220329 025036.885 INFO             PET0 ESMF_COMM                   : mpi
20220329 025036.886 INFO             PET0 ESMF_MOAB                   : enabled
20220329 025036.886 INFO             PET0 ESMF_LAPACK                 : enabled
20220329 025036.886 INFO             PET0 ESMF_NETCDF                 : enabled
20220329 025036.886 INFO             PET0 ESMF_PNETCDF                : disabled
20220329 025036.886 INFO             PET0 ESMF_PIO                    : enabled
20220329 025036.886 INFO             PET0 ESMF_YAMLCPP                : enabled
20220329 025036.886 INFO             PET0  NUMBER_OF_PROCESSORS           4
20220329 025036.886 INFO             PET0  PASS  Example ESMF_VMUserMpiCommMultiEx, ESMF_VMUserMpiCommMultiEx.F90, line 126
20220329 025036.886 INFO             PET0 Finalizing ESMF
20220329 025036.883 INFO             PET0 !!!!!!!!!!!!!!!!!!!!!!!!!!!!!!!!!!!!!!!!!!!!!!!!!!!!!!
20220329 025036.883 INFO             PET0 !!! THE ESMF_LOG IS SET TO OUTPUT ALL LOG MESSAGES !!!
20220329 025036.883 INFO             PET0 !!!     THIS MAY CAUSE SLOWDOWN IN PERFORMANCE     !!!
20220329 025036.883 INFO             PET0 !!! FOR PRODUCTION RUNS, USE:                      !!!
20220329 025036.883 INFO             PET0 !!!                   ESMF_LOGKIND_Multi_On_Error  !!!
20220329 025036.883 INFO             PET0 !!!!!!!!!!!!!!!!!!!!!!!!!!!!!!!!!!!!!!!!!!!!!!!!!!!!!!
20220329 025036.883 INFO             PET0 Running with ESMF Version   : v8.3.0b11
20220329 025036.883 INFO             PET0 ESMF library build date/time: "Mar 29 2022" "00:37:22"
20220329 025036.883 INFO             PET0 ESMF library build location : /lustre/f2/dev/ncep/Mark.Potts/gfortran_8.3.0_mpi_g_develop
20220329 025036.883 INFO             PET0 ESMF_COMM                   : mpi
20220329 025036.884 INFO             PET0 ESMF_MOAB                   : enabled
20220329 025036.884 INFO             PET0 ESMF_LAPACK                 : enabled
20220329 025036.884 INFO             PET0 ESMF_NETCDF                 : enabled
20220329 025036.884 INFO             PET0 ESMF_PNETCDF                : disabled
20220329 025036.884 INFO             PET0 ESMF_PIO                    : enabled
20220329 025036.884 INFO             PET0 ESMF_YAMLCPP                : enabled
20220329 025036.939 INFO             PET0  NUMBER_OF_PROCESSORS           4
20220329 025036.939 INFO             PET0  PASS  Example ESMF_VMUserMpiCommMultiEx, ESMF_VMUserMpiCommMultiEx.F90, line 154
20220329 025036.939 INFO             PET0 Finalizing ESMF
20220329 025036.886 INFO             PET1 !!!!!!!!!!!!!!!!!!!!!!!!!!!!!!!!!!!!!!!!!!!!!!!!!!!!!!
20220329 025036.886 INFO             PET1 !!! THE ESMF_LOG IS SET TO OUTPUT ALL LOG MESSAGES !!!
20220329 025036.886 INFO             PET1 !!!     THIS MAY CAUSE SLOWDOWN IN PERFORMANCE     !!!
20220329 025036.886 INFO             PET1 !!! FOR PRODUCTION RUNS, USE:                      !!!
20220329 025036.886 INFO             PET1 !!!                   ESMF_LOGKIND_Multi_On_Error  !!!
20220329 025036.886 INFO             PET1 !!!!!!!!!!!!!!!!!!!!!!!!!!!!!!!!!!!!!!!!!!!!!!!!!!!!!!
20220329 025036.886 INFO             PET1 Running with ESMF Version   : v8.3.0b11
20220329 025036.886 INFO             PET1 ESMF library build date/time: "Mar 29 2022" "00:37:22"
20220329 025036.886 INFO             PET1 ESMF library build location : /lustre/f2/dev/ncep/Mark.Potts/gfortran_8.3.0_mpi_g_develop
20220329 025036.886 INFO             PET1 ESMF_COMM                   : mpi
20220329 025036.886 INFO             PET1 ESMF_MOAB                   : enabled
20220329 025036.886 INFO             PET1 ESMF_LAPACK                 : enabled
20220329 025036.886 INFO             PET1 ESMF_NETCDF                 : enabled
20220329 025036.886 INFO             PET1 ESMF_PNETCDF                : disabled
20220329 025036.886 INFO             PET1 ESMF_PIO                    : enabled
20220329 025036.886 INFO             PET1 ESMF_YAMLCPP                : enabled
20220329 025036.886 INFO             PET1  NUMBER_OF_PROCESSORS           4
20220329 025036.886 INFO             PET1  PASS  Example ESMF_VMUserMpiCommMultiEx, ESMF_VMUserMpiCommMultiEx.F90, line 126
20220329 025036.886 INFO             PET1 Finalizing ESMF
20220329 025036.938 INFO             PET1 !!!!!!!!!!!!!!!!!!!!!!!!!!!!!!!!!!!!!!!!!!!!!!!!!!!!!!
20220329 025036.938 INFO             PET1 !!! THE ESMF_LOG IS SET TO OUTPUT ALL LOG MESSAGES !!!
20220329 025036.938 INFO             PET1 !!!     THIS MAY CAUSE SLOWDOWN IN PERFORMANCE     !!!
20220329 025036.938 INFO             PET1 !!! FOR PRODUCTION RUNS, USE:                      !!!
20220329 025036.938 INFO             PET1 !!!                   ESMF_LOGKIND_Multi_On_Error  !!!
20220329 025036.938 INFO             PET1 !!!!!!!!!!!!!!!!!!!!!!!!!!!!!!!!!!!!!!!!!!!!!!!!!!!!!!
20220329 025036.938 INFO             PET1 Running with ESMF Version   : v8.3.0b11
20220329 025036.938 INFO             PET1 ESMF library build date/time: "Mar 29 2022" "00:37:22"
20220329 025036.938 INFO             PET1 ESMF library build location : /lustre/f2/dev/ncep/Mark.Potts/gfortran_8.3.0_mpi_g_develop
20220329 025036.938 INFO             PET1 ESMF_COMM                   : mpi
20220329 025036.939 INFO             PET1 ESMF_MOAB                   : enabled
20220329 025036.939 INFO             PET1 ESMF_LAPACK                 : enabled
20220329 025036.939 INFO             PET1 ESMF_NETCDF                 : enabled
20220329 025036.939 INFO             PET1 ESMF_PNETCDF                : disabled
20220329 025036.939 INFO             PET1 ESMF_PIO                    : enabled
20220329 025036.939 INFO             PET1 ESMF_YAMLCPP                : enabled
20220329 025036.939 INFO             PET1  NUMBER_OF_PROCESSORS           4
20220329 025036.939 INFO             PET1  PASS  Example ESMF_VMUserMpiCommMultiEx, ESMF_VMUserMpiCommMultiEx.F90, line 154
20220329 025036.939 INFO             PET1 Finalizing ESMF
