build time -- 2022-03-12 23:43:13
20220313 011859.930 INFO             PET0 !!!!!!!!!!!!!!!!!!!!!!!!!!!!!!!!!!!!!!!!!!!!!!!!!!!!!!
20220313 011859.931 INFO             PET0 !!! THE ESMF_LOG IS SET TO OUTPUT ALL LOG MESSAGES !!!
20220313 011859.931 INFO             PET0 !!!     THIS MAY CAUSE SLOWDOWN IN PERFORMANCE     !!!
20220313 011859.931 INFO             PET0 !!! FOR PRODUCTION RUNS, USE:                      !!!
20220313 011859.931 INFO             PET0 !!!                   ESMF_LOGKIND_Multi_On_Error  !!!
20220313 011859.931 INFO             PET0 !!!!!!!!!!!!!!!!!!!!!!!!!!!!!!!!!!!!!!!!!!!!!!!!!!!!!!
20220313 011859.931 INFO             PET0 Running with ESMF Version   : v8.3.0b09
20220313 011859.931 INFO             PET0 ESMF library build date/time: "Mar 12 2022" "23:41:24"
20220313 011859.931 INFO             PET0 ESMF library build location : /lustre/f2/dev/ncep/Mark.Potts/gfortran_8.3.0_mpi_g_develop
20220313 011859.931 INFO             PET0 ESMF_COMM                   : mpi
20220313 011859.932 INFO             PET0 ESMF_MOAB                   : enabled
20220313 011859.932 INFO             PET0 ESMF_LAPACK                 : enabled
20220313 011859.932 INFO             PET0 ESMF_NETCDF                 : enabled
20220313 011859.932 INFO             PET0 ESMF_PNETCDF                : disabled
20220313 011859.932 INFO             PET0 ESMF_PIO                    : enabled
20220313 011859.932 INFO             PET0 ESMF_YAMLCPP                : enabled
20220313 011900.013 INFO             PET0 ESMF_FieldRedistStoreNF(): Just entered routine.
20220313 011900.018 INFO             PET0 ESMF_FieldRedistStoreNF(): Leaving routine.
20220313 011900.039 INFO             PET0 ESMF_FieldRedistStoreNF(): Just entered routine.
20220313 011900.040 INFO             PET0 ESMF_FieldRedistStoreNF(): Leaving routine.
20220313 011900.040 INFO             PET0 ESMF_FieldRedistStoreNF(): Just entered routine.
20220313 011900.041 INFO             PET0 ESMF_FieldRedistStoreNF(): Leaving routine.
20220313 011900.042 INFO             PET0  NUMBER_OF_PROCESSORS           4
20220313 011900.042 INFO             PET0  PASS  Example ESMF_FieldRedistEx, ESMF_FieldRedistEx.F90, line 521
20220313 011900.042 INFO             PET0 Finalizing ESMF
20220313 011859.938 INFO             PET1 !!!!!!!!!!!!!!!!!!!!!!!!!!!!!!!!!!!!!!!!!!!!!!!!!!!!!!
20220313 011859.938 INFO             PET1 !!! THE ESMF_LOG IS SET TO OUTPUT ALL LOG MESSAGES !!!
20220313 011859.938 INFO             PET1 !!!     THIS MAY CAUSE SLOWDOWN IN PERFORMANCE     !!!
20220313 011859.938 INFO             PET1 !!! FOR PRODUCTION RUNS, USE:                      !!!
20220313 011859.938 INFO             PET1 !!!                   ESMF_LOGKIND_Multi_On_Error  !!!
20220313 011859.938 INFO             PET1 !!!!!!!!!!!!!!!!!!!!!!!!!!!!!!!!!!!!!!!!!!!!!!!!!!!!!!
20220313 011859.938 INFO             PET1 Running with ESMF Version   : v8.3.0b09
20220313 011859.938 INFO             PET1 ESMF library build date/time: "Mar 12 2022" "23:41:24"
20220313 011859.938 INFO             PET1 ESMF library build location : /lustre/f2/dev/ncep/Mark.Potts/gfortran_8.3.0_mpi_g_develop
20220313 011859.938 INFO             PET1 ESMF_COMM                   : mpi
20220313 011859.939 INFO             PET1 ESMF_MOAB                   : enabled
20220313 011859.939 INFO             PET1 ESMF_LAPACK                 : enabled
20220313 011859.939 INFO             PET1 ESMF_NETCDF                 : enabled
20220313 011859.939 INFO             PET1 ESMF_PNETCDF                : disabled
20220313 011859.939 INFO             PET1 ESMF_PIO                    : enabled
20220313 011859.939 INFO             PET1 ESMF_YAMLCPP                : enabled
20220313 011900.013 INFO             PET1 ESMF_FieldRedistStoreNF(): Just entered routine.
20220313 011900.018 INFO             PET1 ESMF_FieldRedistStoreNF(): Leaving routine.
20220313 011900.039 INFO             PET1 ESMF_FieldRedistStoreNF(): Just entered routine.
20220313 011900.040 INFO             PET1 ESMF_FieldRedistStoreNF(): Leaving routine.
20220313 011900.040 INFO             PET1 ESMF_FieldRedistStoreNF(): Just entered routine.
20220313 011900.041 INFO             PET1 ESMF_FieldRedistStoreNF(): Leaving routine.
20220313 011900.042 INFO             PET1  NUMBER_OF_PROCESSORS           4
20220313 011900.042 INFO             PET1  PASS  Example ESMF_FieldRedistEx, ESMF_FieldRedistEx.F90, line 521
20220313 011900.042 INFO             PET1 Finalizing ESMF
20220313 011859.934 INFO             PET2 !!!!!!!!!!!!!!!!!!!!!!!!!!!!!!!!!!!!!!!!!!!!!!!!!!!!!!
20220313 011859.934 INFO             PET2 !!! THE ESMF_LOG IS SET TO OUTPUT ALL LOG MESSAGES !!!
20220313 011859.934 INFO             PET2 !!!     THIS MAY CAUSE SLOWDOWN IN PERFORMANCE     !!!
20220313 011859.934 INFO             PET2 !!! FOR PRODUCTION RUNS, USE:                      !!!
20220313 011859.934 INFO             PET2 !!!                   ESMF_LOGKIND_Multi_On_Error  !!!
20220313 011859.934 INFO             PET2 !!!!!!!!!!!!!!!!!!!!!!!!!!!!!!!!!!!!!!!!!!!!!!!!!!!!!!
20220313 011859.934 INFO             PET2 Running with ESMF Version   : v8.3.0b09
20220313 011859.934 INFO             PET2 ESMF library build date/time: "Mar 12 2022" "23:41:24"
20220313 011859.934 INFO             PET2 ESMF library build location : /lustre/f2/dev/ncep/Mark.Potts/gfortran_8.3.0_mpi_g_develop
20220313 011859.934 INFO             PET2 ESMF_COMM                   : mpi
20220313 011859.934 INFO             PET2 ESMF_MOAB                   : enabled
20220313 011859.934 INFO             PET2 ESMF_LAPACK                 : enabled
20220313 011859.934 INFO             PET2 ESMF_NETCDF                 : enabled
20220313 011859.934 INFO             PET2 ESMF_PNETCDF                : disabled
20220313 011859.934 INFO             PET2 ESMF_PIO                    : enabled
20220313 011859.934 INFO             PET2 ESMF_YAMLCPP                : enabled
20220313 011900.013 INFO             PET2 ESMF_FieldRedistStoreNF(): Just entered routine.
20220313 011900.018 INFO             PET2 ESMF_FieldRedistStoreNF(): Leaving routine.
20220313 011900.039 INFO             PET2 ESMF_FieldRedistStoreNF(): Just entered routine.
20220313 011900.040 INFO             PET2 ESMF_FieldRedistStoreNF(): Leaving routine.
20220313 011900.040 INFO             PET2 ESMF_FieldRedistStoreNF(): Just entered routine.
20220313 011900.041 INFO             PET2 ESMF_FieldRedistStoreNF(): Leaving routine.
20220313 011900.042 INFO             PET2  NUMBER_OF_PROCESSORS           4
20220313 011900.042 INFO             PET2  PASS  Example ESMF_FieldRedistEx, ESMF_FieldRedistEx.F90, line 521
20220313 011900.042 INFO             PET2 Finalizing ESMF
20220313 011859.934 INFO             PET3 !!!!!!!!!!!!!!!!!!!!!!!!!!!!!!!!!!!!!!!!!!!!!!!!!!!!!!
20220313 011859.934 INFO             PET3 !!! THE ESMF_LOG IS SET TO OUTPUT ALL LOG MESSAGES !!!
20220313 011859.934 INFO             PET3 !!!     THIS MAY CAUSE SLOWDOWN IN PERFORMANCE     !!!
20220313 011859.934 INFO             PET3 !!! FOR PRODUCTION RUNS, USE:                      !!!
20220313 011859.934 INFO             PET3 !!!                   ESMF_LOGKIND_Multi_On_Error  !!!
20220313 011859.934 INFO             PET3 !!!!!!!!!!!!!!!!!!!!!!!!!!!!!!!!!!!!!!!!!!!!!!!!!!!!!!
20220313 011859.934 INFO             PET3 Running with ESMF Version   : v8.3.0b09
20220313 011859.934 INFO             PET3 ESMF library build date/time: "Mar 12 2022" "23:41:24"
20220313 011859.934 INFO             PET3 ESMF library build location : /lustre/f2/dev/ncep/Mark.Potts/gfortran_8.3.0_mpi_g_develop
20220313 011859.934 INFO             PET3 ESMF_COMM                   : mpi
20220313 011859.935 INFO             PET3 ESMF_MOAB                   : enabled
20220313 011859.935 INFO             PET3 ESMF_LAPACK                 : enabled
20220313 011859.935 INFO             PET3 ESMF_NETCDF                 : enabled
20220313 011859.935 INFO             PET3 ESMF_PNETCDF                : disabled
20220313 011859.935 INFO             PET3 ESMF_PIO                    : enabled
20220313 011859.935 INFO             PET3 ESMF_YAMLCPP                : enabled
20220313 011900.013 INFO             PET3 ESMF_FieldRedistStoreNF(): Just entered routine.
20220313 011900.018 INFO             PET3 ESMF_FieldRedistStoreNF(): Leaving routine.
20220313 011900.039 INFO             PET3 ESMF_FieldRedistStoreNF(): Just entered routine.
20220313 011900.040 INFO             PET3 ESMF_FieldRedistStoreNF(): Leaving routine.
20220313 011900.040 INFO             PET3 ESMF_FieldRedistStoreNF(): Just entered routine.
20220313 011900.041 INFO             PET3 ESMF_FieldRedistStoreNF(): Leaving routine.
20220313 011900.042 INFO             PET3  NUMBER_OF_PROCESSORS           4
20220313 011900.042 INFO             PET3  PASS  Example ESMF_FieldRedistEx, ESMF_FieldRedistEx.F90, line 521
20220313 011900.042 INFO             PET3 Finalizing ESMF
