build time -- 2022-03-14 00:43:25
20220314 022058.417 INFO             PET0 !!!!!!!!!!!!!!!!!!!!!!!!!!!!!!!!!!!!!!!!!!!!!!!!!!!!!!
20220314 022058.417 INFO             PET0 !!! THE ESMF_LOG IS SET TO OUTPUT ALL LOG MESSAGES !!!
20220314 022058.417 INFO             PET0 !!!     THIS MAY CAUSE SLOWDOWN IN PERFORMANCE     !!!
20220314 022058.417 INFO             PET0 !!! FOR PRODUCTION RUNS, USE:                      !!!
20220314 022058.417 INFO             PET0 !!!                   ESMF_LOGKIND_Multi_On_Error  !!!
20220314 022058.417 INFO             PET0 !!!!!!!!!!!!!!!!!!!!!!!!!!!!!!!!!!!!!!!!!!!!!!!!!!!!!!
20220314 022058.417 INFO             PET0 Running with ESMF Version   : v8.3.0b09
20220314 022058.418 INFO             PET0 ESMF library build date/time: "Mar 14 2022" "00:41:36"
20220314 022058.418 INFO             PET0 ESMF library build location : /lustre/f2/dev/ncep/Mark.Potts/gfortran_8.3.0_mpi_g_develop
20220314 022058.418 INFO             PET0 ESMF_COMM                   : mpi
20220314 022058.419 INFO             PET0 ESMF_MOAB                   : enabled
20220314 022058.419 INFO             PET0 ESMF_LAPACK                 : enabled
20220314 022058.419 INFO             PET0 ESMF_NETCDF                 : enabled
20220314 022058.419 INFO             PET0 ESMF_PNETCDF                : disabled
20220314 022058.419 INFO             PET0 ESMF_PIO                    : enabled
20220314 022058.419 INFO             PET0 ESMF_YAMLCPP                : enabled
20220314 022058.541 INFO             PET0  NUMBER_OF_PROCESSORS           1
20220314 022058.541 INFO             PET0  PASS  Example ESMF_XGridSparseMatEx, ESMF_XGridSparseMatEx.F90, line 642
20220314 022058.541 INFO             PET0 Finalizing ESMF
