build time -- 2022-03-05 23:46:25
20220306 011638.152 INFO             PET0 !!!!!!!!!!!!!!!!!!!!!!!!!!!!!!!!!!!!!!!!!!!!!!!!!!!!!!
20220306 011638.153 INFO             PET0 !!! THE ESMF_LOG IS SET TO OUTPUT ALL LOG MESSAGES !!!
20220306 011638.153 INFO             PET0 !!!     THIS MAY CAUSE SLOWDOWN IN PERFORMANCE     !!!
20220306 011638.153 INFO             PET0 !!! FOR PRODUCTION RUNS, USE:                      !!!
20220306 011638.153 INFO             PET0 !!!                   ESMF_LOGKIND_Multi_On_Error  !!!
20220306 011638.153 INFO             PET0 !!!!!!!!!!!!!!!!!!!!!!!!!!!!!!!!!!!!!!!!!!!!!!!!!!!!!!
20220306 011638.153 INFO             PET0 Running with ESMF Version   : v8.3.0b09
20220306 011638.153 INFO             PET0 ESMF library build date/time: "Mar  5 2022" "23:44:40"
20220306 011638.153 INFO             PET0 ESMF library build location : /lustre/f2/dev/ncep/Mark.Potts/gfortran_8.3.0_mpi_g_develop
20220306 011638.153 INFO             PET0 ESMF_COMM                   : mpi
20220306 011638.154 INFO             PET0 ESMF_MOAB                   : enabled
20220306 011638.154 INFO             PET0 ESMF_LAPACK                 : enabled
20220306 011638.154 INFO             PET0 ESMF_NETCDF                 : enabled
20220306 011638.154 INFO             PET0 ESMF_PNETCDF                : disabled
20220306 011638.154 INFO             PET0 ESMF_PIO                    : enabled
20220306 011638.154 INFO             PET0 ESMF_YAMLCPP                : enabled
20220306 011638.158 INFO             PET0  NUMBER_OF_PROCESSORS           1
20220306 011638.158 INFO             PET0  PASS  Example CalendarEx, ESMF_CalendarEx.F90, line 217
20220306 011638.158 INFO             PET0 Finalizing ESMF
