build time -- 2022-03-04 23:43:27
20220305 011608.828 INFO             PET0 !!!!!!!!!!!!!!!!!!!!!!!!!!!!!!!!!!!!!!!!!!!!!!!!!!!!!!
20220305 011608.828 INFO             PET0 !!! THE ESMF_LOG IS SET TO OUTPUT ALL LOG MESSAGES !!!
20220305 011608.828 INFO             PET0 !!!     THIS MAY CAUSE SLOWDOWN IN PERFORMANCE     !!!
20220305 011608.828 INFO             PET0 !!! FOR PRODUCTION RUNS, USE:                      !!!
20220305 011608.828 INFO             PET0 !!!                   ESMF_LOGKIND_Multi_On_Error  !!!
20220305 011608.828 INFO             PET0 !!!!!!!!!!!!!!!!!!!!!!!!!!!!!!!!!!!!!!!!!!!!!!!!!!!!!!
20220305 011608.828 INFO             PET0 Running with ESMF Version   : v8.3.0b09
20220305 011608.829 INFO             PET0 ESMF library build date/time: "Mar  4 2022" "23:41:48"
20220305 011608.829 INFO             PET0 ESMF library build location : /lustre/f2/dev/ncep/Mark.Potts/gfortran_8.3.0_mpi_g_develop
20220305 011608.829 INFO             PET0 ESMF_COMM                   : mpi
20220305 011608.829 INFO             PET0 ESMF_MOAB                   : enabled
20220305 011608.829 INFO             PET0 ESMF_LAPACK                 : enabled
20220305 011608.829 INFO             PET0 ESMF_NETCDF                 : enabled
20220305 011608.829 INFO             PET0 ESMF_PNETCDF                : disabled
20220305 011608.829 INFO             PET0 ESMF_PIO                    : enabled
20220305 011608.829 INFO             PET0 ESMF_YAMLCPP                : enabled
20220305 011608.977 INFO             PET0  NUMBER_OF_PROCESSORS           4
20220305 011608.977 INFO             PET0  PASS  Example ESMF_FieldHaloEx, ESMF_FieldHaloEx.F90, line 200
20220305 011608.977 INFO             PET0 Finalizing ESMF
20220305 011608.838 INFO             PET1 !!!!!!!!!!!!!!!!!!!!!!!!!!!!!!!!!!!!!!!!!!!!!!!!!!!!!!
20220305 011608.838 INFO             PET1 !!! THE ESMF_LOG IS SET TO OUTPUT ALL LOG MESSAGES !!!
20220305 011608.838 INFO             PET1 !!!     THIS MAY CAUSE SLOWDOWN IN PERFORMANCE     !!!
20220305 011608.838 INFO             PET1 !!! FOR PRODUCTION RUNS, USE:                      !!!
20220305 011608.838 INFO             PET1 !!!                   ESMF_LOGKIND_Multi_On_Error  !!!
20220305 011608.838 INFO             PET1 !!!!!!!!!!!!!!!!!!!!!!!!!!!!!!!!!!!!!!!!!!!!!!!!!!!!!!
20220305 011608.838 INFO             PET1 Running with ESMF Version   : v8.3.0b09
20220305 011608.838 INFO             PET1 ESMF library build date/time: "Mar  4 2022" "23:41:48"
20220305 011608.838 INFO             PET1 ESMF library build location : /lustre/f2/dev/ncep/Mark.Potts/gfortran_8.3.0_mpi_g_develop
20220305 011608.838 INFO             PET1 ESMF_COMM                   : mpi
20220305 011608.839 INFO             PET1 ESMF_MOAB                   : enabled
20220305 011608.839 INFO             PET1 ESMF_LAPACK                 : enabled
20220305 011608.839 INFO             PET1 ESMF_NETCDF                 : enabled
20220305 011608.839 INFO             PET1 ESMF_PNETCDF                : disabled
20220305 011608.839 INFO             PET1 ESMF_PIO                    : enabled
20220305 011608.839 INFO             PET1 ESMF_YAMLCPP                : enabled
20220305 011608.977 INFO             PET1  NUMBER_OF_PROCESSORS           4
20220305 011608.977 INFO             PET1  PASS  Example ESMF_FieldHaloEx, ESMF_FieldHaloEx.F90, line 200
20220305 011608.977 INFO             PET1 Finalizing ESMF
20220305 011608.828 INFO             PET2 !!!!!!!!!!!!!!!!!!!!!!!!!!!!!!!!!!!!!!!!!!!!!!!!!!!!!!
20220305 011608.828 INFO             PET2 !!! THE ESMF_LOG IS SET TO OUTPUT ALL LOG MESSAGES !!!
20220305 011608.828 INFO             PET2 !!!     THIS MAY CAUSE SLOWDOWN IN PERFORMANCE     !!!
20220305 011608.828 INFO             PET2 !!! FOR PRODUCTION RUNS, USE:                      !!!
20220305 011608.828 INFO             PET2 !!!                   ESMF_LOGKIND_Multi_On_Error  !!!
20220305 011608.828 INFO             PET2 !!!!!!!!!!!!!!!!!!!!!!!!!!!!!!!!!!!!!!!!!!!!!!!!!!!!!!
20220305 011608.828 INFO             PET2 Running with ESMF Version   : v8.3.0b09
20220305 011608.829 INFO             PET2 ESMF library build date/time: "Mar  4 2022" "23:41:48"
20220305 011608.829 INFO             PET2 ESMF library build location : /lustre/f2/dev/ncep/Mark.Potts/gfortran_8.3.0_mpi_g_develop
20220305 011608.829 INFO             PET2 ESMF_COMM                   : mpi
20220305 011608.829 INFO             PET2 ESMF_MOAB                   : enabled
20220305 011608.829 INFO             PET2 ESMF_LAPACK                 : enabled
20220305 011608.829 INFO             PET2 ESMF_NETCDF                 : enabled
20220305 011608.829 INFO             PET2 ESMF_PNETCDF                : disabled
20220305 011608.829 INFO             PET2 ESMF_PIO                    : enabled
20220305 011608.829 INFO             PET2 ESMF_YAMLCPP                : enabled
20220305 011608.977 INFO             PET2  NUMBER_OF_PROCESSORS           4
20220305 011608.977 INFO             PET2  PASS  Example ESMF_FieldHaloEx, ESMF_FieldHaloEx.F90, line 200
20220305 011608.977 INFO             PET2 Finalizing ESMF
20220305 011608.829 INFO             PET3 !!!!!!!!!!!!!!!!!!!!!!!!!!!!!!!!!!!!!!!!!!!!!!!!!!!!!!
20220305 011608.829 INFO             PET3 !!! THE ESMF_LOG IS SET TO OUTPUT ALL LOG MESSAGES !!!
20220305 011608.829 INFO             PET3 !!!     THIS MAY CAUSE SLOWDOWN IN PERFORMANCE     !!!
20220305 011608.829 INFO             PET3 !!! FOR PRODUCTION RUNS, USE:                      !!!
20220305 011608.829 INFO             PET3 !!!                   ESMF_LOGKIND_Multi_On_Error  !!!
20220305 011608.829 INFO             PET3 !!!!!!!!!!!!!!!!!!!!!!!!!!!!!!!!!!!!!!!!!!!!!!!!!!!!!!
20220305 011608.829 INFO             PET3 Running with ESMF Version   : v8.3.0b09
20220305 011608.829 INFO             PET3 ESMF library build date/time: "Mar  4 2022" "23:41:48"
20220305 011608.829 INFO             PET3 ESMF library build location : /lustre/f2/dev/ncep/Mark.Potts/gfortran_8.3.0_mpi_g_develop
20220305 011608.829 INFO             PET3 ESMF_COMM                   : mpi
20220305 011608.830 INFO             PET3 ESMF_MOAB                   : enabled
20220305 011608.830 INFO             PET3 ESMF_LAPACK                 : enabled
20220305 011608.830 INFO             PET3 ESMF_NETCDF                 : enabled
20220305 011608.830 INFO             PET3 ESMF_PNETCDF                : disabled
20220305 011608.830 INFO             PET3 ESMF_PIO                    : enabled
20220305 011608.830 INFO             PET3 ESMF_YAMLCPP                : enabled
20220305 011608.977 INFO             PET3  NUMBER_OF_PROCESSORS           4
20220305 011608.977 INFO             PET3  PASS  Example ESMF_FieldHaloEx, ESMF_FieldHaloEx.F90, line 200
20220305 011608.977 INFO             PET3 Finalizing ESMF
