build time -- 2022-03-09 23:47:48
20220310 012113.553 INFO             PET0 !!!!!!!!!!!!!!!!!!!!!!!!!!!!!!!!!!!!!!!!!!!!!!!!!!!!!!
20220310 012113.554 INFO             PET0 !!! THE ESMF_LOG IS SET TO OUTPUT ALL LOG MESSAGES !!!
20220310 012113.554 INFO             PET0 !!!     THIS MAY CAUSE SLOWDOWN IN PERFORMANCE     !!!
20220310 012113.554 INFO             PET0 !!! FOR PRODUCTION RUNS, USE:                      !!!
20220310 012113.554 INFO             PET0 !!!                   ESMF_LOGKIND_Multi_On_Error  !!!
20220310 012113.554 INFO             PET0 !!!!!!!!!!!!!!!!!!!!!!!!!!!!!!!!!!!!!!!!!!!!!!!!!!!!!!
20220310 012113.554 INFO             PET0 Running with ESMF Version   : v8.3.0b09
20220310 012113.554 INFO             PET0 ESMF library build date/time: "Mar  9 2022" "23:46:00"
20220310 012113.554 INFO             PET0 ESMF library build location : /lustre/f2/dev/ncep/Mark.Potts/gfortran_8.3.0_mpi_g_develop
20220310 012113.554 INFO             PET0 ESMF_COMM                   : mpi
20220310 012113.555 INFO             PET0 ESMF_MOAB                   : enabled
20220310 012113.555 INFO             PET0 ESMF_LAPACK                 : enabled
20220310 012113.555 INFO             PET0 ESMF_NETCDF                 : enabled
20220310 012113.555 INFO             PET0 ESMF_PNETCDF                : disabled
20220310 012113.555 INFO             PET0 ESMF_PIO                    : enabled
20220310 012113.555 INFO             PET0 ESMF_YAMLCPP                : enabled
20220310 012114.022 INFO             PET0  NUMBER_OF_PROCESSORS           4
20220310 012114.022 INFO             PET0  PASS  Example ESMF_AppMainEx, ESMF_AppMainEx.F90, line 486
20220310 012114.022 INFO             PET0 Finalizing ESMF
20220310 012113.565 INFO             PET1 !!!!!!!!!!!!!!!!!!!!!!!!!!!!!!!!!!!!!!!!!!!!!!!!!!!!!!
20220310 012113.565 INFO             PET1 !!! THE ESMF_LOG IS SET TO OUTPUT ALL LOG MESSAGES !!!
20220310 012113.565 INFO             PET1 !!!     THIS MAY CAUSE SLOWDOWN IN PERFORMANCE     !!!
20220310 012113.565 INFO             PET1 !!! FOR PRODUCTION RUNS, USE:                      !!!
20220310 012113.565 INFO             PET1 !!!                   ESMF_LOGKIND_Multi_On_Error  !!!
20220310 012113.565 INFO             PET1 !!!!!!!!!!!!!!!!!!!!!!!!!!!!!!!!!!!!!!!!!!!!!!!!!!!!!!
20220310 012113.565 INFO             PET1 Running with ESMF Version   : v8.3.0b09
20220310 012113.565 INFO             PET1 ESMF library build date/time: "Mar  9 2022" "23:46:00"
20220310 012113.565 INFO             PET1 ESMF library build location : /lustre/f2/dev/ncep/Mark.Potts/gfortran_8.3.0_mpi_g_develop
20220310 012113.565 INFO             PET1 ESMF_COMM                   : mpi
20220310 012113.566 INFO             PET1 ESMF_MOAB                   : enabled
20220310 012113.566 INFO             PET1 ESMF_LAPACK                 : enabled
20220310 012113.566 INFO             PET1 ESMF_NETCDF                 : enabled
20220310 012113.566 INFO             PET1 ESMF_PNETCDF                : disabled
20220310 012113.566 INFO             PET1 ESMF_PIO                    : enabled
20220310 012113.566 INFO             PET1 ESMF_YAMLCPP                : enabled
20220310 012114.022 INFO             PET1  NUMBER_OF_PROCESSORS           4
20220310 012114.022 INFO             PET1  PASS  Example ESMF_AppMainEx, ESMF_AppMainEx.F90, line 486
20220310 012114.022 INFO             PET1 Finalizing ESMF
20220310 012113.722 INFO             PET2 !!!!!!!!!!!!!!!!!!!!!!!!!!!!!!!!!!!!!!!!!!!!!!!!!!!!!!
20220310 012113.722 INFO             PET2 !!! THE ESMF_LOG IS SET TO OUTPUT ALL LOG MESSAGES !!!
20220310 012113.722 INFO             PET2 !!!     THIS MAY CAUSE SLOWDOWN IN PERFORMANCE     !!!
20220310 012113.722 INFO             PET2 !!! FOR PRODUCTION RUNS, USE:                      !!!
20220310 012113.722 INFO             PET2 !!!                   ESMF_LOGKIND_Multi_On_Error  !!!
20220310 012113.722 INFO             PET2 !!!!!!!!!!!!!!!!!!!!!!!!!!!!!!!!!!!!!!!!!!!!!!!!!!!!!!
20220310 012113.722 INFO             PET2 Running with ESMF Version   : v8.3.0b09
20220310 012113.722 INFO             PET2 ESMF library build date/time: "Mar  9 2022" "23:46:00"
20220310 012113.722 INFO             PET2 ESMF library build location : /lustre/f2/dev/ncep/Mark.Potts/gfortran_8.3.0_mpi_g_develop
20220310 012113.722 INFO             PET2 ESMF_COMM                   : mpi
20220310 012113.723 INFO             PET2 ESMF_MOAB                   : enabled
20220310 012113.723 INFO             PET2 ESMF_LAPACK                 : enabled
20220310 012113.723 INFO             PET2 ESMF_NETCDF                 : enabled
20220310 012113.723 INFO             PET2 ESMF_PNETCDF                : disabled
20220310 012113.723 INFO             PET2 ESMF_PIO                    : enabled
20220310 012113.723 INFO             PET2 ESMF_YAMLCPP                : enabled
20220310 012114.022 INFO             PET2  NUMBER_OF_PROCESSORS           4
20220310 012114.022 INFO             PET2  PASS  Example ESMF_AppMainEx, ESMF_AppMainEx.F90, line 486
20220310 012114.022 INFO             PET2 Finalizing ESMF
20220310 012113.733 INFO             PET3 !!!!!!!!!!!!!!!!!!!!!!!!!!!!!!!!!!!!!!!!!!!!!!!!!!!!!!
20220310 012113.733 INFO             PET3 !!! THE ESMF_LOG IS SET TO OUTPUT ALL LOG MESSAGES !!!
20220310 012113.733 INFO             PET3 !!!     THIS MAY CAUSE SLOWDOWN IN PERFORMANCE     !!!
20220310 012113.733 INFO             PET3 !!! FOR PRODUCTION RUNS, USE:                      !!!
20220310 012113.733 INFO             PET3 !!!                   ESMF_LOGKIND_Multi_On_Error  !!!
20220310 012113.733 INFO             PET3 !!!!!!!!!!!!!!!!!!!!!!!!!!!!!!!!!!!!!!!!!!!!!!!!!!!!!!
20220310 012113.733 INFO             PET3 Running with ESMF Version   : v8.3.0b09
20220310 012113.733 INFO             PET3 ESMF library build date/time: "Mar  9 2022" "23:46:00"
20220310 012113.733 INFO             PET3 ESMF library build location : /lustre/f2/dev/ncep/Mark.Potts/gfortran_8.3.0_mpi_g_develop
20220310 012113.733 INFO             PET3 ESMF_COMM                   : mpi
20220310 012113.741 INFO             PET3 ESMF_MOAB                   : enabled
20220310 012113.741 INFO             PET3 ESMF_LAPACK                 : enabled
20220310 012113.741 INFO             PET3 ESMF_NETCDF                 : enabled
20220310 012113.741 INFO             PET3 ESMF_PNETCDF                : disabled
20220310 012113.741 INFO             PET3 ESMF_PIO                    : enabled
20220310 012113.741 INFO             PET3 ESMF_YAMLCPP                : enabled
20220310 012114.022 INFO             PET3  NUMBER_OF_PROCESSORS           4
20220310 012114.022 INFO             PET3  PASS  Example ESMF_AppMainEx, ESMF_AppMainEx.F90, line 486
20220310 012114.022 INFO             PET3 Finalizing ESMF
