build time -- 2022-03-18 01:03:31
20220318 013729.573 INFO             PET0 !!!!!!!!!!!!!!!!!!!!!!!!!!!!!!!!!!!!!!!!!!!!!!!!!!!!!!
20220318 013729.573 INFO             PET0 !!! THE ESMF_LOG IS SET TO OUTPUT ALL LOG MESSAGES !!!
20220318 013729.573 INFO             PET0 !!!     THIS MAY CAUSE SLOWDOWN IN PERFORMANCE     !!!
20220318 013729.573 INFO             PET0 !!! FOR PRODUCTION RUNS, USE:                      !!!
20220318 013729.573 INFO             PET0 !!!                   ESMF_LOGKIND_Multi_On_Error  !!!
20220318 013729.573 INFO             PET0 !!!!!!!!!!!!!!!!!!!!!!!!!!!!!!!!!!!!!!!!!!!!!!!!!!!!!!
20220318 013729.573 INFO             PET0 Running with ESMF Version   : v8.3.0b09-4-g424b2f26e0
20220318 013729.573 INFO             PET0 ESMF library build date/time: "Mar 18 2022" "01:01:25"
20220318 013729.573 INFO             PET0 ESMF library build location : /lustre/f2/dev/ncep/Mark.Potts/intel_2019.5_mpiuni_g_develop
20220318 013729.573 INFO             PET0 ESMF_COMM                   : mpiuni
20220318 013729.574 INFO             PET0 ESMF_MOAB                   : enabled
20220318 013729.574 INFO             PET0 ESMF_LAPACK                 : enabled
20220318 013729.574 INFO             PET0 ESMF_NETCDF                 : enabled
20220318 013729.574 INFO             PET0 ESMF_PNETCDF                : disabled
20220318 013729.574 INFO             PET0 ESMF_PIO                    : disabled
20220318 013729.574 INFO             PET0 ESMF_YAMLCPP                : enabled
20220318 013729.574 INFO             PET0 ESMF Tracing Enabled
20220318 013729.574 INFO             PET0 ESMF Profiling Enabled
20220318 013729.574 INFO             PET0 ESMF Trace/Profile clock: REALTIME
20220318 013729.577 INFO             PET0  NUMBER_OF_PROCESSORS           1
20220318 013729.577 INFO             PET0  PASS  Example ESMF_TraceUserEx, ESMF_TraceUserEx.F90, line 125
20220318 013729.577 INFO             PET0 Finalizing ESMF
20220318 013729.577 INFO             PET0 **************** Region Timings *******************
20220318 013729.577 INFO             PET0 Region              Count  Total (s)   Self (s)    Mean (s)    Min (s)     Max (s)
20220318 013729.577 INFO             PET0   outer_region      1      0.0004      0.0000      0.0004      0.0004      0.0004
20220318 013729.577 INFO             PET0     inner_region_1  10     0.0003      0.0003      0.0000      0.0000      0.0001
20220318 013729.577 INFO             PET0     inner_region_2  10     0.0001      0.0001      0.0000      0.0000      0.0000
