build time -- 2022-03-23 00:53:58
20220323 012716.441 INFO             PET0 !!!!!!!!!!!!!!!!!!!!!!!!!!!!!!!!!!!!!!!!!!!!!!!!!!!!!!
20220323 012716.441 INFO             PET0 !!! THE ESMF_LOG IS SET TO OUTPUT ALL LOG MESSAGES !!!
20220323 012716.441 INFO             PET0 !!!     THIS MAY CAUSE SLOWDOWN IN PERFORMANCE     !!!
20220323 012716.441 INFO             PET0 !!! FOR PRODUCTION RUNS, USE:                      !!!
20220323 012716.441 INFO             PET0 !!!                   ESMF_LOGKIND_Multi_On_Error  !!!
20220323 012716.441 INFO             PET0 !!!!!!!!!!!!!!!!!!!!!!!!!!!!!!!!!!!!!!!!!!!!!!!!!!!!!!
20220323 012716.441 INFO             PET0 Running with ESMF Version   : v8.3.0b09-6-gdac1bc5728
20220323 012716.441 INFO             PET0 ESMF library build date/time: "Mar 23 2022" "00:51:54"
20220323 012716.441 INFO             PET0 ESMF library build location : /lustre/f2/dev/ncep/Mark.Potts/intel_2019.5_mpiuni_g_develop
20220323 012716.441 INFO             PET0 ESMF_COMM                   : mpiuni
20220323 012716.442 INFO             PET0 ESMF_MOAB                   : enabled
20220323 012716.442 INFO             PET0 ESMF_LAPACK                 : enabled
20220323 012716.442 INFO             PET0 ESMF_NETCDF                 : enabled
20220323 012716.442 INFO             PET0 ESMF_PNETCDF                : disabled
20220323 012716.442 INFO             PET0 ESMF_PIO                    : disabled
20220323 012716.442 INFO             PET0 ESMF_YAMLCPP                : enabled
20220323 012716.447 INFO             PET0 ESMF_FieldRedistStoreNF(): Just entered routine.
20220323 012716.534 INFO             PET0 ESMF_FieldRedistStoreNF(): Leaving routine.
20220323 012716.542 INFO             PET0  NUMBER_OF_PROCESSORS           1
20220323 012716.543 INFO             PET0  PASS  Example ESMF_RHandleFromFileEx, ESMF_RHandleFromFileEx.F90, line 192
20220323 012716.543 INFO             PET0 Finalizing ESMF
