build time -- 2022-03-25 00:41:05
20220325 011500.391 INFO             PET0 !!!!!!!!!!!!!!!!!!!!!!!!!!!!!!!!!!!!!!!!!!!!!!!!!!!!!!
20220325 011500.391 INFO             PET0 !!! THE ESMF_LOG IS SET TO OUTPUT ALL LOG MESSAGES !!!
20220325 011500.391 INFO             PET0 !!!     THIS MAY CAUSE SLOWDOWN IN PERFORMANCE     !!!
20220325 011500.391 INFO             PET0 !!! FOR PRODUCTION RUNS, USE:                      !!!
20220325 011500.391 INFO             PET0 !!!                   ESMF_LOGKIND_Multi_On_Error  !!!
20220325 011500.391 INFO             PET0 !!!!!!!!!!!!!!!!!!!!!!!!!!!!!!!!!!!!!!!!!!!!!!!!!!!!!!
20220325 011500.391 INFO             PET0 Running with ESMF Version   : v8.3.0b10-1-gffc7863d57
20220325 011500.391 INFO             PET0 ESMF library build date/time: "Mar 25 2022" "00:39:26"
20220325 011500.391 INFO             PET0 ESMF library build location : /lustre/f2/dev/ncep/Mark.Potts/intel_2019.5_mpiuni_g_develop
20220325 011500.391 INFO             PET0 ESMF_COMM                   : mpiuni
20220325 011500.392 INFO             PET0 ESMF_MOAB                   : enabled
20220325 011500.392 INFO             PET0 ESMF_LAPACK                 : enabled
20220325 011500.392 INFO             PET0 ESMF_NETCDF                 : enabled
20220325 011500.392 INFO             PET0 ESMF_PNETCDF                : disabled
20220325 011500.392 INFO             PET0 ESMF_PIO                    : disabled
20220325 011500.392 INFO             PET0 ESMF_YAMLCPP                : enabled
20220325 011500.394 INFO             PET0  NUMBER_OF_PROCESSORS           1
20220325 011500.394 INFO             PET0  PASS  Example ESMF_CplEx, ESMF_CplEx.F90, line 457
20220325 011500.394 INFO             PET0 Finalizing ESMF
