build time -- 2022-03-14 00:54:16
Mon Mar 14 01:28:05 2022: [unset]:_pmi_alps_init:alps_get_placement_info returned with error -1
Mon Mar 14 01:28:05 2022: [unset]:_pmi_init:_pmi_alps_init returned -1
 {
    "myIntegerKey": 54,
    "myListOfReals": [
        33.29999923706055,
   
      44.400001525878906,
        1234.0,
        99.0
    ]
}
 the Info dump: {"myIntegerKey":54,"myListOfReals":[33.29999923706055,44.4000015
 25878906,1234.0,99.0]}
 ESMF_Info inquire loop: 
        idx=            1
       ikey= Universe
   typekind=           99
 ESMF_Info inquire loop: 
        idx=            2
       ikey= aNullKey
   typekind=           99
 ESMF_Info inquire loop: 
        idx=            3
       ikey= myIntegerKey
   typekind=            3
 ESMF_Info inquire loop: 
        idx=            4
       ikey= myListOfReals
   typekind=            5
  PASS  Example ESMF_InfoTutorialEx, ESMF_InfoTutorialEx.F90, line 335
 PASS: ESMF_InfoTutorialEx.F90
