build time -- 2022-03-16 00:51:01
20220316 012322.653 INFO             PET0 !!!!!!!!!!!!!!!!!!!!!!!!!!!!!!!!!!!!!!!!!!!!!!!!!!!!!!
20220316 012322.653 INFO             PET0 !!! THE ESMF_LOG IS SET TO OUTPUT ALL LOG MESSAGES !!!
20220316 012322.653 INFO             PET0 !!!     THIS MAY CAUSE SLOWDOWN IN PERFORMANCE     !!!
20220316 012322.653 INFO             PET0 !!! FOR PRODUCTION RUNS, USE:                      !!!
20220316 012322.653 INFO             PET0 !!!                   ESMF_LOGKIND_Multi_On_Error  !!!
20220316 012322.653 INFO             PET0 !!!!!!!!!!!!!!!!!!!!!!!!!!!!!!!!!!!!!!!!!!!!!!!!!!!!!!
20220316 012322.653 INFO             PET0 Running with ESMF Version   : v8.3.0b09-3-ge20ebbf11d
20220316 012322.653 INFO             PET0 ESMF library build date/time: "Mar 16 2022" "00:49:04"
20220316 012322.653 INFO             PET0 ESMF library build location : /lustre/f2/dev/ncep/Mark.Potts/intel_2019.5_mpiuni_g_develop
20220316 012322.653 INFO             PET0 ESMF_COMM                   : mpiuni
20220316 012322.656 INFO             PET0 ESMF_MOAB                   : enabled
20220316 012322.656 INFO             PET0 ESMF_LAPACK                 : enabled
20220316 012322.656 INFO             PET0 ESMF_NETCDF                 : enabled
20220316 012322.656 INFO             PET0 ESMF_PNETCDF                : disabled
20220316 012322.656 INFO             PET0 ESMF_PIO                    : disabled
20220316 012322.656 INFO             PET0 ESMF_YAMLCPP                : enabled
20220316 012322.656 INFO             PET0 Log Write 2
20220316 012322.656 ERROR            PET0 Invalid object  - Convergence failure
20220316 012322.656 ERROR            PET0 ESMCI_Fraction.C:1444 ESMCI::Fraction::validate() must have non-zero denominator.
20220316 012322.656 ERROR            PET0 ESMCI_Time.C:838 ESMCI::Time::syncToRealTime() Wrong argument specified  - ; calkindflag is JULIANDAY, MODJULIANDAY or NOCALENDAR.
20220316 012322.656 ERROR            PET0 ESMF_Time.F90:1485 ESMF_TimeSyncToRealTime() Wrong argument specified  - Internal subroutine call returned Error
20220316 012322.656 ERROR            PET0 Wrong argument specified  - getting wall clock time
20220316 012322.665 INFO             PET0  NUMBER_OF_PROCESSORS           1
20220316 012322.665 INFO             PET0  PASS  Example ESMF_LogErrEx, ESMF_LogErrEx.F90, line 186
20220316 012322.665 INFO             PET0 Finalizing ESMF
