build time -- 2022-03-21 01:13:50
20220321 014518.463 INFO             PET0 !!!!!!!!!!!!!!!!!!!!!!!!!!!!!!!!!!!!!!!!!!!!!!!!!!!!!!
20220321 014518.463 INFO             PET0 !!! THE ESMF_LOG IS SET TO OUTPUT ALL LOG MESSAGES !!!
20220321 014518.463 INFO             PET0 !!!     THIS MAY CAUSE SLOWDOWN IN PERFORMANCE     !!!
20220321 014518.463 INFO             PET0 !!! FOR PRODUCTION RUNS, USE:                      !!!
20220321 014518.463 INFO             PET0 !!!                   ESMF_LOGKIND_Multi_On_Error  !!!
20220321 014518.463 INFO             PET0 !!!!!!!!!!!!!!!!!!!!!!!!!!!!!!!!!!!!!!!!!!!!!!!!!!!!!!
20220321 014518.463 INFO             PET0 Running with ESMF Version   : v8.3.0b09-4-g424b2f26e0
20220321 014518.463 INFO             PET0 ESMF library build date/time: "Mar 21 2022" "01:11:53"
20220321 014518.463 INFO             PET0 ESMF library build location : /lustre/f2/dev/ncep/Mark.Potts/intel_2019.5_mpiuni_g_develop
20220321 014518.463 INFO             PET0 ESMF_COMM                   : mpiuni
20220321 014518.464 INFO             PET0 ESMF_MOAB                   : enabled
20220321 014518.464 INFO             PET0 ESMF_LAPACK                 : enabled
20220321 014518.464 INFO             PET0 ESMF_NETCDF                 : enabled
20220321 014518.464 INFO             PET0 ESMF_PNETCDF                : disabled
20220321 014518.464 INFO             PET0 ESMF_PIO                    : disabled
20220321 014518.464 INFO             PET0 ESMF_YAMLCPP                : enabled
20220321 014518.465 INFO             PET0  NUMBER_OF_PROCESSORS           1
20220321 014518.465 INFO             PET0  PASS  Example ESMF_WebServicesEx, ESMF_WebServicesEx.F90, line 227
20220321 014518.465 INFO             PET0 Finalizing ESMF
