build time -- 2022-03-15 01:18:05.090404
srun: cluster configuration lacks support for cpu binding
 FieldBundle example 1 returned
 FieldBundle example 1 returned
 FieldBundle example 1 returned
 FieldBundle example 1 returned
 FieldBundle example 2 returned, fieldcount =           1
 FieldBundle example 2 returned, fieldcount =           1
 FieldBundle example 2 returned, fieldcount =           1
 FieldBundle example 3 returned, fieldcount =           3
 FieldBundle example 3 returned, fieldcount =           3
 FieldBundle example 4 returned, field names = pressure, pressure
 FieldBundle name = atmosphere data
 heat flux                                                                      
                                                                                
                                                                                
 FieldBundle example 4 returned, field names = pressure, pressure
 FieldBundle example 2 returned, fieldcount =           1
 FieldBundle example 3 returned, fieldcount =           3
                    
 pressure                                                                       
                                                                                
                                                                                
                    
 temperature                                                                    
                                                                                
                                                                                
                    
 temperature                                                                    
                                                                                
                                                                                
                    
 pressure                                                                       
                                                                                
                                                                                
                    
 heat flux                                                                      
                                                                                
                                                                                
                    
 FieldBundle name = atmosphere data
 FieldBundle example 4 returned, field names = pressure, pressure
 heat flux                                                                      
                                                                                
                                                                                
                    
 pressure                                                                       
                                                                                
                                                                                
                    
 FieldBundle example 3 returned, fieldcount =           3
 temperature                                                                    
                                                                                
                                                                                
                    
 FieldBundle name = atmosphere data
 temperature                                                                    
                                                                                
                                                                                
                    
 pressure                                                                       
                                                                                
                                                                                
                    
 FieldBundle example 4 returned, field names = pressure, pressure
 FieldBundle name = atmosphere data
 heat flux                                                                      
 heat flux                                                                      
                                                                                
                                                                                
                    
 pressure                                                                       
                                                                                
                                                                                
                    
 heat flux                                                                      
                                                                                
                                                                                
                    
 pressure                                                                       
                                                                                
                                                                                
                    
 temperature                                                                    
                                                                                
                                                                                
                    
 temperature                                                                    
                                                                                
                                                                                
                    
 temperature                                                                    
 temperature                                                                    
                                                                                
                                                                                
                    
 pressure                                                                       
                                                                                
                                                                                
                    
 heat flux                                                                      
                                                                                
                                                                                
                    
                                                                                
                                                                                
                    
                                                                                
                                                                                
                    
 pressure                                                                       
                                                                                
                                                                                
                    
 heat flux                                                                      
                                                                                
                                                                                
                    
  PASS  Example ESMF_FieldBundleCreateEx, ESMF_FieldBundleCreateEx.F90, line 561
 PASS: ESMF_FieldBundleCreateEx.F90
  PASS  Example ESMF_FieldBundleCreateEx, ESMF_FieldBundleCreateEx.F90, line 561
 PASS: ESMF_FieldBundleCreateEx.F90
  PASS  Example ESMF_FieldBundleCreateEx, ESMF_FieldBundleCreateEx.F90, line 561
  PASS  Example ESMF_FieldBundleCreateEx, ESMF_FieldBundleCreateEx.F90, line 561
 PASS: ESMF_FieldBundleCreateEx.F90
 PASS: ESMF_FieldBundleCreateEx.F90
