build time -- 2022-03-25 02:33:13
20220325 030113.549 INFO             PET0 !!!!!!!!!!!!!!!!!!!!!!!!!!!!!!!!!!!!!!!!!!!!!!!!!!!!!!
20220325 030113.549 INFO             PET0 !!! THE ESMF_LOG IS SET TO OUTPUT ALL LOG MESSAGES !!!
20220325 030113.549 INFO             PET0 !!!     THIS MAY CAUSE SLOWDOWN IN PERFORMANCE     !!!
20220325 030113.549 INFO             PET0 !!! FOR PRODUCTION RUNS, USE:                      !!!
20220325 030113.549 INFO             PET0 !!!                   ESMF_LOGKIND_Multi_On_Error  !!!
20220325 030113.549 INFO             PET0 !!!!!!!!!!!!!!!!!!!!!!!!!!!!!!!!!!!!!!!!!!!!!!!!!!!!!!
20220325 030113.549 INFO             PET0 Running with ESMF Version   : v8.3.0b09-103-gbb860f2
20220325 030113.549 INFO             PET0 ESMF library build date/time: "Mar 25 2022" "02:31:42"
20220325 030113.549 INFO             PET0 ESMF library build location : /work/noaa/da/mpotts/sandbox/intel_2020.2_intelmpi_O_jedwards_pio_update2
20220325 030113.549 INFO             PET0 ESMF_COMM                   : intelmpi
20220325 030113.550 INFO             PET0 ESMF_MOAB                   : enabled
20220325 030113.550 INFO             PET0 ESMF_LAPACK                 : enabled
20220325 030113.550 INFO             PET0 ESMF_NETCDF                 : enabled
20220325 030113.550 INFO             PET0 ESMF_PNETCDF                : disabled
20220325 030113.550 INFO             PET0 ESMF_PIO                    : enabled
20220325 030113.550 INFO             PET0 ESMF_YAMLCPP                : enabled
20220325 030113.551 INFO             PET0  NUMBER_OF_PROCESSORS           1
20220325 030113.551 INFO             PET0  PASS  Example CalendarEx, ESMF_CalendarEx.F90, line 217
20220325 030113.551 INFO             PET0 Finalizing ESMF
