build time -- 2022-03-24 03:10:06
20220324 034803.964 INFO             PET0 !!!!!!!!!!!!!!!!!!!!!!!!!!!!!!!!!!!!!!!!!!!!!!!!!!!!!!
20220324 034803.964 INFO             PET0 !!! THE ESMF_LOG IS SET TO OUTPUT ALL LOG MESSAGES !!!
20220324 034803.964 INFO             PET0 !!!     THIS MAY CAUSE SLOWDOWN IN PERFORMANCE     !!!
20220324 034803.964 INFO             PET0 !!! FOR PRODUCTION RUNS, USE:                      !!!
20220324 034803.964 INFO             PET0 !!!                   ESMF_LOGKIND_Multi_On_Error  !!!
20220324 034803.964 INFO             PET0 !!!!!!!!!!!!!!!!!!!!!!!!!!!!!!!!!!!!!!!!!!!!!!!!!!!!!!
20220324 034803.964 INFO             PET0 Running with ESMF Version   : v8.3.0b09-103-gbb860f2
20220324 034803.964 INFO             PET0 ESMF library build date/time: "Mar 24 2022" "03:07:49"
20220324 034803.964 INFO             PET0 ESMF library build location : /work/noaa/da/mpotts/sandbox/intel_2020.2_intelmpi_O_jedwards_pio_update2
20220324 034803.964 INFO             PET0 ESMF_COMM                   : intelmpi
20220324 034803.966 INFO             PET0 ESMF_MOAB                   : enabled
20220324 034803.966 INFO             PET0 ESMF_LAPACK                 : enabled
20220324 034803.966 INFO             PET0 ESMF_NETCDF                 : enabled
20220324 034803.966 INFO             PET0 ESMF_PNETCDF                : disabled
20220324 034803.966 INFO             PET0 ESMF_PIO                    : enabled
20220324 034803.966 INFO             PET0 ESMF_YAMLCPP                : enabled
20220324 034803.969 INFO             PET0  NUMBER_OF_PROCESSORS           1
20220324 034803.969 INFO             PET0  PASS  Example ESMF_AlarmEx, ESMF_AlarmEx.F90, line 244
20220324 034803.969 INFO             PET0 Finalizing ESMF
