build time -- 2022-03-11 06:01:36.877639
20220311 063242.391 INFO             PET0 !!!!!!!!!!!!!!!!!!!!!!!!!!!!!!!!!!!!!!!!!!!!!!!!!!!!!!
20220311 063242.391 INFO             PET0 !!! THE ESMF_LOG IS SET TO OUTPUT ALL LOG MESSAGES !!!
20220311 063242.391 INFO             PET0 !!!     THIS MAY CAUSE SLOWDOWN IN PERFORMANCE     !!!
20220311 063242.391 INFO             PET0 !!! FOR PRODUCTION RUNS, USE:                      !!!
20220311 063242.391 INFO             PET0 !!!                   ESMF_LOGKIND_Multi_On_Error  !!!
20220311 063242.391 INFO             PET0 !!!!!!!!!!!!!!!!!!!!!!!!!!!!!!!!!!!!!!!!!!!!!!!!!!!!!!
20220311 063242.391 INFO             PET0 Running with ESMF Version   : v8.3.0b09
20220311 063242.391 INFO             PET0 ESMF library build date/time: "Mar 11 2022" "05:59:34"
20220311 063242.391 INFO             PET0 ESMF library build location : /glade/scratch/rlong/esmf-testing/gfortran_9.1.0_openmpi_O_develop
20220311 063242.391 INFO             PET0 ESMF_COMM                   : openmpi
20220311 063242.391 INFO             PET0 ESMF_MOAB                   : enabled
20220311 063242.391 INFO             PET0 ESMF_LAPACK                 : enabled
20220311 063242.391 INFO             PET0 ESMF_NETCDF                 : enabled
20220311 063242.391 INFO             PET0 ESMF_PNETCDF                : disabled
20220311 063242.391 INFO             PET0 ESMF_PIO                    : enabled
20220311 063242.391 INFO             PET0 ESMF_YAMLCPP                : enabled
20220311 063242.431 DEBUG            PET0 about to destroy Grid: 0x1820460
20220311 063242.435 DEBUG            PET0 about to destroy Grid: 0x1821f10
20220311 063242.446 INFO             PET0  NUMBER_OF_PROCESSORS           4
20220311 063242.446 INFO             PET0  PASS  Example ESMF_NUOPCAtmModelEx, ESMF_NUOPCAtmModelEx.F90, line 806
20220311 063242.446 INFO             PET0 Finalizing ESMF
20220311 063242.392 INFO             PET1 !!!!!!!!!!!!!!!!!!!!!!!!!!!!!!!!!!!!!!!!!!!!!!!!!!!!!!
20220311 063242.392 INFO             PET1 !!! THE ESMF_LOG IS SET TO OUTPUT ALL LOG MESSAGES !!!
20220311 063242.392 INFO             PET1 !!!     THIS MAY CAUSE SLOWDOWN IN PERFORMANCE     !!!
20220311 063242.392 INFO             PET1 !!! FOR PRODUCTION RUNS, USE:                      !!!
20220311 063242.392 INFO             PET1 !!!                   ESMF_LOGKIND_Multi_On_Error  !!!
20220311 063242.392 INFO             PET1 !!!!!!!!!!!!!!!!!!!!!!!!!!!!!!!!!!!!!!!!!!!!!!!!!!!!!!
20220311 063242.392 INFO             PET1 Running with ESMF Version   : v8.3.0b09
20220311 063242.392 INFO             PET1 ESMF library build date/time: "Mar 11 2022" "05:59:34"
20220311 063242.392 INFO             PET1 ESMF library build location : /glade/scratch/rlong/esmf-testing/gfortran_9.1.0_openmpi_O_develop
20220311 063242.392 INFO             PET1 ESMF_COMM                   : openmpi
20220311 063242.392 INFO             PET1 ESMF_MOAB                   : enabled
20220311 063242.392 INFO             PET1 ESMF_LAPACK                 : enabled
20220311 063242.392 INFO             PET1 ESMF_NETCDF                 : enabled
20220311 063242.392 INFO             PET1 ESMF_PNETCDF                : disabled
20220311 063242.392 INFO             PET1 ESMF_PIO                    : enabled
20220311 063242.392 INFO             PET1 ESMF_YAMLCPP                : enabled
20220311 063242.431 DEBUG            PET1 about to destroy Grid: 0x11e7b80
20220311 063242.435 DEBUG            PET1 about to destroy Grid: 0x11e9220
20220311 063242.447 INFO             PET1  NUMBER_OF_PROCESSORS           4
20220311 063242.447 INFO             PET1  PASS  Example ESMF_NUOPCAtmModelEx, ESMF_NUOPCAtmModelEx.F90, line 806
20220311 063242.447 INFO             PET1 Finalizing ESMF
20220311 063242.390 INFO             PET2 !!!!!!!!!!!!!!!!!!!!!!!!!!!!!!!!!!!!!!!!!!!!!!!!!!!!!!
20220311 063242.390 INFO             PET2 !!! THE ESMF_LOG IS SET TO OUTPUT ALL LOG MESSAGES !!!
20220311 063242.390 INFO             PET2 !!!     THIS MAY CAUSE SLOWDOWN IN PERFORMANCE     !!!
20220311 063242.390 INFO             PET2 !!! FOR PRODUCTION RUNS, USE:                      !!!
20220311 063242.390 INFO             PET2 !!!                   ESMF_LOGKIND_Multi_On_Error  !!!
20220311 063242.390 INFO             PET2 !!!!!!!!!!!!!!!!!!!!!!!!!!!!!!!!!!!!!!!!!!!!!!!!!!!!!!
20220311 063242.390 INFO             PET2 Running with ESMF Version   : v8.3.0b09
20220311 063242.390 INFO             PET2 ESMF library build date/time: "Mar 11 2022" "05:59:34"
20220311 063242.390 INFO             PET2 ESMF library build location : /glade/scratch/rlong/esmf-testing/gfortran_9.1.0_openmpi_O_develop
20220311 063242.390 INFO             PET2 ESMF_COMM                   : openmpi
20220311 063242.390 INFO             PET2 ESMF_MOAB                   : enabled
20220311 063242.390 INFO             PET2 ESMF_LAPACK                 : enabled
20220311 063242.390 INFO             PET2 ESMF_NETCDF                 : enabled
20220311 063242.390 INFO             PET2 ESMF_PNETCDF                : disabled
20220311 063242.390 INFO             PET2 ESMF_PIO                    : enabled
20220311 063242.390 INFO             PET2 ESMF_YAMLCPP                : enabled
20220311 063242.431 DEBUG            PET2 about to destroy Grid: 0x28d6580
20220311 063242.435 DEBUG            PET2 about to destroy Grid: 0x28d7560
20220311 063242.446 INFO             PET2  NUMBER_OF_PROCESSORS           4
20220311 063242.447 INFO             PET2  PASS  Example ESMF_NUOPCAtmModelEx, ESMF_NUOPCAtmModelEx.F90, line 806
20220311 063242.447 INFO             PET2 Finalizing ESMF
20220311 063242.390 INFO             PET3 !!!!!!!!!!!!!!!!!!!!!!!!!!!!!!!!!!!!!!!!!!!!!!!!!!!!!!
20220311 063242.390 INFO             PET3 !!! THE ESMF_LOG IS SET TO OUTPUT ALL LOG MESSAGES !!!
20220311 063242.390 INFO             PET3 !!!     THIS MAY CAUSE SLOWDOWN IN PERFORMANCE     !!!
20220311 063242.390 INFO             PET3 !!! FOR PRODUCTION RUNS, USE:                      !!!
20220311 063242.390 INFO             PET3 !!!                   ESMF_LOGKIND_Multi_On_Error  !!!
20220311 063242.390 INFO             PET3 !!!!!!!!!!!!!!!!!!!!!!!!!!!!!!!!!!!!!!!!!!!!!!!!!!!!!!
20220311 063242.390 INFO             PET3 Running with ESMF Version   : v8.3.0b09
20220311 063242.390 INFO             PET3 ESMF library build date/time: "Mar 11 2022" "05:59:34"
20220311 063242.390 INFO             PET3 ESMF library build location : /glade/scratch/rlong/esmf-testing/gfortran_9.1.0_openmpi_O_develop
20220311 063242.390 INFO             PET3 ESMF_COMM                   : openmpi
20220311 063242.390 INFO             PET3 ESMF_MOAB                   : enabled
20220311 063242.390 INFO             PET3 ESMF_LAPACK                 : enabled
20220311 063242.390 INFO             PET3 ESMF_NETCDF                 : enabled
20220311 063242.390 INFO             PET3 ESMF_PNETCDF                : disabled
20220311 063242.390 INFO             PET3 ESMF_PIO                    : enabled
20220311 063242.390 INFO             PET3 ESMF_YAMLCPP                : enabled
20220311 063242.431 DEBUG            PET3 about to destroy Grid: 0x21b3290
20220311 063242.435 DEBUG            PET3 about to destroy Grid: 0x21b45f0
20220311 063242.447 INFO             PET3  NUMBER_OF_PROCESSORS           4
20220311 063242.447 INFO             PET3  PASS  Example ESMF_NUOPCAtmModelEx, ESMF_NUOPCAtmModelEx.F90, line 806
20220311 063242.447 INFO             PET3 Finalizing ESMF
