build time -- 2022-03-13 03:31:55
20220313 035128.574 INFO             PET0 !!!!!!!!!!!!!!!!!!!!!!!!!!!!!!!!!!!!!!!!!!!!!!!!!!!!!!
20220313 035128.574 INFO             PET0 !!! THE ESMF_LOG IS SET TO OUTPUT ALL LOG MESSAGES !!!
20220313 035128.574 INFO             PET0 !!!     THIS MAY CAUSE SLOWDOWN IN PERFORMANCE     !!!
20220313 035128.574 INFO             PET0 !!! FOR PRODUCTION RUNS, USE:                      !!!
20220313 035128.574 INFO             PET0 !!!                   ESMF_LOGKIND_Multi_On_Error  !!!
20220313 035128.574 INFO             PET0 !!!!!!!!!!!!!!!!!!!!!!!!!!!!!!!!!!!!!!!!!!!!!!!!!!!!!!
20220313 035128.574 INFO             PET0 Running with ESMF Version   : v8.3.0b09-96-g559b459836
20220313 035128.574 INFO             PET0 ESMF library build date/time: "Mar 13 2022" "03:30:54"
20220313 035128.574 INFO             PET0 ESMF library build location : /lfs/h1/emc/ptmp/Mark.Potts/gfortran_10.3.0_mpich3_g_jedwards_pio_update2
20220313 035128.574 INFO             PET0 ESMF_COMM                   : mpich3
20220313 035128.574 INFO             PET0 ESMF_MOAB                   : enabled
20220313 035128.574 INFO             PET0 ESMF_LAPACK                 : enabled
20220313 035128.574 INFO             PET0 ESMF_NETCDF                 : enabled
20220313 035128.574 INFO             PET0 ESMF_PNETCDF                : disabled
20220313 035128.574 INFO             PET0 ESMF_PIO                    : enabled
20220313 035128.574 INFO             PET0 ESMF_YAMLCPP                : enabled
20220313 035128.585 INFO             PET0  NUMBER_OF_PROCESSORS           4
20220313 035128.585 INFO             PET0  PASS  Example ESMF_FieldBundleRedistEx, ESMF_FieldBundleRedistEx.F90, line 280
20220313 035128.585 INFO             PET0 Finalizing ESMF
20220313 035128.574 INFO             PET1 !!!!!!!!!!!!!!!!!!!!!!!!!!!!!!!!!!!!!!!!!!!!!!!!!!!!!!
20220313 035128.574 INFO             PET1 !!! THE ESMF_LOG IS SET TO OUTPUT ALL LOG MESSAGES !!!
20220313 035128.574 INFO             PET1 !!!     THIS MAY CAUSE SLOWDOWN IN PERFORMANCE     !!!
20220313 035128.574 INFO             PET1 !!! FOR PRODUCTION RUNS, USE:                      !!!
20220313 035128.574 INFO             PET1 !!!                   ESMF_LOGKIND_Multi_On_Error  !!!
20220313 035128.574 INFO             PET1 !!!!!!!!!!!!!!!!!!!!!!!!!!!!!!!!!!!!!!!!!!!!!!!!!!!!!!
20220313 035128.574 INFO             PET1 Running with ESMF Version   : v8.3.0b09-96-g559b459836
20220313 035128.574 INFO             PET1 ESMF library build date/time: "Mar 13 2022" "03:30:54"
20220313 035128.574 INFO             PET1 ESMF library build location : /lfs/h1/emc/ptmp/Mark.Potts/gfortran_10.3.0_mpich3_g_jedwards_pio_update2
20220313 035128.574 INFO             PET1 ESMF_COMM                   : mpich3
20220313 035128.574 INFO             PET1 ESMF_MOAB                   : enabled
20220313 035128.574 INFO             PET1 ESMF_LAPACK                 : enabled
20220313 035128.574 INFO             PET1 ESMF_NETCDF                 : enabled
20220313 035128.574 INFO             PET1 ESMF_PNETCDF                : disabled
20220313 035128.574 INFO             PET1 ESMF_PIO                    : enabled
20220313 035128.574 INFO             PET1 ESMF_YAMLCPP                : enabled
20220313 035128.585 INFO             PET1  NUMBER_OF_PROCESSORS           4
20220313 035128.585 INFO             PET1  PASS  Example ESMF_FieldBundleRedistEx, ESMF_FieldBundleRedistEx.F90, line 280
20220313 035128.585 INFO             PET1 Finalizing ESMF
20220313 035128.574 INFO             PET2 !!!!!!!!!!!!!!!!!!!!!!!!!!!!!!!!!!!!!!!!!!!!!!!!!!!!!!
20220313 035128.574 INFO             PET2 !!! THE ESMF_LOG IS SET TO OUTPUT ALL LOG MESSAGES !!!
20220313 035128.574 INFO             PET2 !!!     THIS MAY CAUSE SLOWDOWN IN PERFORMANCE     !!!
20220313 035128.574 INFO             PET2 !!! FOR PRODUCTION RUNS, USE:                      !!!
20220313 035128.574 INFO             PET2 !!!                   ESMF_LOGKIND_Multi_On_Error  !!!
20220313 035128.574 INFO             PET2 !!!!!!!!!!!!!!!!!!!!!!!!!!!!!!!!!!!!!!!!!!!!!!!!!!!!!!
20220313 035128.574 INFO             PET2 Running with ESMF Version   : v8.3.0b09-96-g559b459836
20220313 035128.574 INFO             PET2 ESMF library build date/time: "Mar 13 2022" "03:30:54"
20220313 035128.574 INFO             PET2 ESMF library build location : /lfs/h1/emc/ptmp/Mark.Potts/gfortran_10.3.0_mpich3_g_jedwards_pio_update2
20220313 035128.574 INFO             PET2 ESMF_COMM                   : mpich3
20220313 035128.574 INFO             PET2 ESMF_MOAB                   : enabled
20220313 035128.574 INFO             PET2 ESMF_LAPACK                 : enabled
20220313 035128.574 INFO             PET2 ESMF_NETCDF                 : enabled
20220313 035128.574 INFO             PET2 ESMF_PNETCDF                : disabled
20220313 035128.574 INFO             PET2 ESMF_PIO                    : enabled
20220313 035128.574 INFO             PET2 ESMF_YAMLCPP                : enabled
20220313 035128.585 INFO             PET2  NUMBER_OF_PROCESSORS           4
20220313 035128.585 INFO             PET2  PASS  Example ESMF_FieldBundleRedistEx, ESMF_FieldBundleRedistEx.F90, line 280
20220313 035128.585 INFO             PET2 Finalizing ESMF
20220313 035128.574 INFO             PET3 !!!!!!!!!!!!!!!!!!!!!!!!!!!!!!!!!!!!!!!!!!!!!!!!!!!!!!
20220313 035128.574 INFO             PET3 !!! THE ESMF_LOG IS SET TO OUTPUT ALL LOG MESSAGES !!!
20220313 035128.574 INFO             PET3 !!!     THIS MAY CAUSE SLOWDOWN IN PERFORMANCE     !!!
20220313 035128.574 INFO             PET3 !!! FOR PRODUCTION RUNS, USE:                      !!!
20220313 035128.574 INFO             PET3 !!!                   ESMF_LOGKIND_Multi_On_Error  !!!
20220313 035128.574 INFO             PET3 !!!!!!!!!!!!!!!!!!!!!!!!!!!!!!!!!!!!!!!!!!!!!!!!!!!!!!
20220313 035128.574 INFO             PET3 Running with ESMF Version   : v8.3.0b09-96-g559b459836
20220313 035128.574 INFO             PET3 ESMF library build date/time: "Mar 13 2022" "03:30:54"
20220313 035128.574 INFO             PET3 ESMF library build location : /lfs/h1/emc/ptmp/Mark.Potts/gfortran_10.3.0_mpich3_g_jedwards_pio_update2
20220313 035128.574 INFO             PET3 ESMF_COMM                   : mpich3
20220313 035128.574 INFO             PET3 ESMF_MOAB                   : enabled
20220313 035128.574 INFO             PET3 ESMF_LAPACK                 : enabled
20220313 035128.574 INFO             PET3 ESMF_NETCDF                 : enabled
20220313 035128.574 INFO             PET3 ESMF_PNETCDF                : disabled
20220313 035128.574 INFO             PET3 ESMF_PIO                    : enabled
20220313 035128.574 INFO             PET3 ESMF_YAMLCPP                : enabled
20220313 035128.585 INFO             PET3  NUMBER_OF_PROCESSORS           4
20220313 035128.585 INFO             PET3  PASS  Example ESMF_FieldBundleRedistEx, ESMF_FieldBundleRedistEx.F90, line 280
20220313 035128.585 INFO             PET3 Finalizing ESMF
