Tue 15 Mar 01:31:37 UTC 2022
 
Installing ESMF:
 
mkdir -p /lfs/h1/emc/ptmp/Mark.Potts/intel_2019.3_mpi_O_develop/DEFAULTINSTALLDIR/include
cp -f /lfs/h1/emc/ptmp/Mark.Potts/intel_2019.3_mpi_O_develop/src/include/ESMC.h /lfs/h1/emc/ptmp/Mark.Potts/intel_2019.3_mpi_O_develop/DEFAULTINSTALLDIR/include
cp -f /lfs/h1/emc/ptmp/Mark.Potts/intel_2019.3_mpi_O_develop/src/include/ESMC_*.h /lfs/h1/emc/ptmp/Mark.Potts/intel_2019.3_mpi_O_develop/DEFAULTINSTALLDIR/include
cp -f /lfs/h1/emc/ptmp/Mark.Potts/intel_2019.3_mpi_O_develop/build_config/Unicos.intel.default/ESMC_Conf.h /lfs/h1/emc/ptmp/Mark.Potts/intel_2019.3_mpi_O_develop/DEFAULTINSTALLDIR/include
mkdir -p /lfs/h1/emc/ptmp/Mark.Potts/intel_2019.3_mpi_O_develop/DEFAULTINSTALLDIR/mod/modO/Unicos.intel.64.mpi.default
cp -f /lfs/h1/emc/ptmp/Mark.Potts/intel_2019.3_mpi_O_develop/mod/modO/Unicos.intel.64.mpi.default/*.mod /lfs/h1/emc/ptmp/Mark.Potts/intel_2019.3_mpi_O_develop/DEFAULTINSTALLDIR/mod/modO/Unicos.intel.64.mpi.default
mkdir -p /lfs/h1/emc/ptmp/Mark.Potts/intel_2019.3_mpi_O_develop/DEFAULTINSTALLDIR/lib/libO/Unicos.intel.64.mpi.default
cp -f /lfs/h1/emc/ptmp/Mark.Potts/intel_2019.3_mpi_O_develop/lib/libO/Unicos.intel.64.mpi.default/libesmf*.* /lfs/h1/emc/ptmp/Mark.Potts/intel_2019.3_mpi_O_develop/DEFAULTINSTALLDIR/lib/libO/Unicos.intel.64.mpi.default
make ESMF_PRELOADDIR=/lfs/h1/emc/ptmp/Mark.Potts/intel_2019.3_mpi_O_develop/DEFAULTINSTALLDIR/lib/libO/Unicos.intel.64.mpi.default build_preload_script
make[1]: Entering directory '/lfs/h1/emc/ptmp/Mark.Potts/intel_2019.3_mpi_O_develop'
chmod 755 /lfs/h1/emc/ptmp/Mark.Potts/intel_2019.3_mpi_O_develop/DEFAULTINSTALLDIR/lib/libO/Unicos.intel.64.mpi.default/preload.sh
make[1]: Leaving directory '/lfs/h1/emc/ptmp/Mark.Potts/intel_2019.3_mpi_O_develop'
ranlib /lfs/h1/emc/ptmp/Mark.Potts/intel_2019.3_mpi_O_develop/DEFAULTINSTALLDIR/lib/libO/Unicos.intel.64.mpi.default/libesmf*.a
make install_apps
make[1]: Entering directory '/lfs/h1/emc/ptmp/Mark.Potts/intel_2019.3_mpi_O_develop'
mkdir -p /lfs/h1/emc/ptmp/Mark.Potts/intel_2019.3_mpi_O_develop/DEFAULTINSTALLDIR/bin/binO/Unicos.intel.64.mpi.default
make build_apps ESMF_APPSDIR=/lfs/h1/emc/ptmp/Mark.Potts/intel_2019.3_mpi_O_develop/DEFAULTINSTALLDIR/bin/binO/Unicos.intel.64.mpi.default ESMF_LDIR=/lfs/h1/emc/ptmp/Mark.Potts/intel_2019.3_mpi_O_develop/DEFAULTINSTALLDIR/lib/libO/Unicos.intel.64.mpi.default ESMF_LIBDIR=/lfs/h1/emc/ptmp/Mark.Potts/intel_2019.3_mpi_O_develop/DEFAULTINSTALLDIR/lib/libO/Unicos.intel.64.mpi.default ESMF_MODDIR=/lfs/h1/emc/ptmp/Mark.Potts/intel_2019.3_mpi_O_develop/DEFAULTINSTALLDIR/mod/modO/Unicos.intel.64.mpi.default
make[2]: Entering directory '/lfs/h1/emc/ptmp/Mark.Potts/intel_2019.3_mpi_O_develop'
cd /lfs/h1/emc/ptmp/Mark.Potts/intel_2019.3_mpi_O_develop/src/apps; make ACTION=tree_build_apps tree
make[3]: Entering directory '/lfs/h1/emc/ptmp/Mark.Potts/intel_2019.3_mpi_O_develop/src/apps'
tree_build_apps in: /lfs/h1/emc/ptmp/Mark.Potts/intel_2019.3_mpi_O_develop/src/apps/ESMF_PrintInfo
make[4]: Entering directory '/lfs/h1/emc/ptmp/Mark.Potts/intel_2019.3_mpi_O_develop/src/apps/ESMF_PrintInfo'
make chkdir_locobj
make[5]: Entering directory '/lfs/h1/emc/ptmp/Mark.Potts/intel_2019.3_mpi_O_develop/src/apps/ESMF_PrintInfo'
Making directory /lfs/h1/emc/ptmp/Mark.Potts/intel_2019.3_mpi_O_develop/obj/objO/Unicos.intel.64.mpi.default/src/apps/ESMF_PrintInfo for apps output
make[5]: Leaving directory '/lfs/h1/emc/ptmp/Mark.Potts/intel_2019.3_mpi_O_develop/src/apps/ESMF_PrintInfo'
ftn -c -O -fPIC -assume realloc_lhs   -qopenmp -I/lfs/h1/emc/ptmp/Mark.Potts/intel_2019.3_mpi_O_develop/src/apps/ESMF_PrintInfo -I/lfs/h1/emc/ptmp/Mark.Potts/intel_2019.3_mpi_O_develop/build_config/Unicos.intel.default -I/lfs/h1/emc/ptmp/Mark.Potts/intel_2019.3_mpi_O_develop/src/Infrastructure -I/lfs/h1/emc/ptmp/Mark.Potts/intel_2019.3_mpi_O_develop/src/Superstructure -I/lfs/h1/emc/ptmp/Mark.Potts/intel_2019.3_mpi_O_develop/DEFAULTINSTALLDIR/mod/modO/Unicos.intel.64.mpi.default -I/lfs/h1/emc/ptmp/Mark.Potts/intel_2019.3_mpi_O_develop/src/include -I/apps/prod/hpc-stack/intel-19.1.3.304/cray-mpich-8.1.4/netcdf/4.7.4/include -I/apps/prod/hpc-stack/intel-19.1.3.304/cray-mpich-8.1.4/netcdf/4.7.4/include  -DESMF_NO_INTEGER_1_BYTE -DESMF_NO_INTEGER_2_BYTE -DESMF_VERSION_STRING_GIT='"v8.3.0b09-1-g1bcf58054d"' -DESMF_MOAB=1 -DESMF_LAPACK=1 -DESMF_LAPACK_INTERNAL=1 -DESMF_NO_ACC_SOFTWARE_STACK=1 -DESMF_NETCDF=1 -DESMF_YAMLCPP=1 -DESMF_YAML=1 -DESMF_PIO=1 -DESMF_MPIIO -DESMF_NO_OPENACC -DESMF_TESTEXHAUSTIVE -DESMF_BOPT_O -DESMF_TESTCOMPTUNNEL -DESMF_TESTWITHTHREADS -DS64=1 -DESMF_OS_Unicos=1 -DESMF_COMM=mpi -DESMF_DIR=/lfs/h1/emc/ptmp/Mark.Potts/intel_2019.3_mpi_O_develop ESMF_PrintInfo.F90 -o /lfs/h1/emc/ptmp/Mark.Potts/intel_2019.3_mpi_O_develop/obj/objO/Unicos.intel.64.mpi.default/src/apps/ESMF_PrintInfo/ESMF_PrintInfo.o
make chkdir_apps
make[5]: Entering directory '/lfs/h1/emc/ptmp/Mark.Potts/intel_2019.3_mpi_O_develop/src/apps/ESMF_PrintInfo'
make[5]: Leaving directory '/lfs/h1/emc/ptmp/Mark.Potts/intel_2019.3_mpi_O_develop/src/apps/ESMF_PrintInfo'
ftn -dynamic    -Wl,--no-as-needed  -qopenmp -L/lfs/h1/emc/ptmp/Mark.Potts/intel_2019.3_mpi_O_develop/DEFAULTINSTALLDIR/lib/libO/Unicos.intel.64.mpi.default -L/apps/prod/hpc-stack/intel-19.1.3.304/cray-mpich-8.1.4/netcdf/4.7.4/lib -L/apps/prod/hpc-stack/intel-19.1.3.304/cray-mpich-8.1.4/netcdf/4.7.4/lib  -Wl,-rpath,/lfs/h1/emc/ptmp/Mark.Potts/intel_2019.3_mpi_O_develop/DEFAULTINSTALLDIR/lib/libO/Unicos.intel.64.mpi.default -Wl,-rpath,/apps/prod/hpc-stack/intel-19.1.3.304/cray-mpich-8.1.4/netcdf/4.7.4/lib -Wl,-rpath,/apps/prod/hpc-stack/intel-19.1.3.304/cray-mpich-8.1.4/netcdf/4.7.4/lib -o /lfs/h1/emc/ptmp/Mark.Potts/intel_2019.3_mpi_O_develop/DEFAULTINSTALLDIR/bin/binO/Unicos.intel.64.mpi.default/ESMF_PrintInfo /lfs/h1/emc/ptmp/Mark.Potts/intel_2019.3_mpi_O_develop/obj/objO/Unicos.intel.64.mpi.default/src/apps/ESMF_PrintInfo/ESMF_PrintInfo.o -lesmf   -cxxlib -lrt -ldl -lnetcdf -lnetcdff
make[4]: Leaving directory '/lfs/h1/emc/ptmp/Mark.Potts/intel_2019.3_mpi_O_develop/src/apps/ESMF_PrintInfo'
tree_build_apps in: /lfs/h1/emc/ptmp/Mark.Potts/intel_2019.3_mpi_O_develop/src/apps/ESMF_PrintInfoC
make[4]: Entering directory '/lfs/h1/emc/ptmp/Mark.Potts/intel_2019.3_mpi_O_develop/src/apps/ESMF_PrintInfoC'
make chkdir_locobj
make[5]: Entering directory '/lfs/h1/emc/ptmp/Mark.Potts/intel_2019.3_mpi_O_develop/src/apps/ESMF_PrintInfoC'
Making directory /lfs/h1/emc/ptmp/Mark.Potts/intel_2019.3_mpi_O_develop/obj/objO/Unicos.intel.64.mpi.default/src/apps/ESMF_PrintInfoC for apps output
make[5]: Leaving directory '/lfs/h1/emc/ptmp/Mark.Potts/intel_2019.3_mpi_O_develop/src/apps/ESMF_PrintInfoC'
CC -c -std=c++11 -O -DNDEBUG -fPIC -pthread  -qopenmp -I/lfs/h1/emc/ptmp/Mark.Potts/intel_2019.3_mpi_O_develop/src/apps/ESMF_PrintInfoC -I/lfs/h1/emc/ptmp/Mark.Potts/intel_2019.3_mpi_O_develop/src/apps/ESMF_PrintInfoC/../include -I/lfs/h1/emc/ptmp/Mark.Potts/intel_2019.3_mpi_O_develop/build_config/Unicos.intel.default -I/lfs/h1/emc/ptmp/Mark.Potts/intel_2019.3_mpi_O_develop/src/Infrastructure -I/lfs/h1/emc/ptmp/Mark.Potts/intel_2019.3_mpi_O_develop/src/Superstructure -I/lfs/h1/emc/ptmp/Mark.Potts/intel_2019.3_mpi_O_develop/src/Infrastructure/stubs/pthread  -I/lfs/h1/emc/ptmp/Mark.Potts/intel_2019.3_mpi_O_develop/src/include  -I/apps/prod/hpc-stack/intel-19.1.3.304/cray-mpich-8.1.4/netcdf/4.7.4/include -I/lfs/h1/emc/ptmp/Mark.Potts/intel_2019.3_mpi_O_develop/src/prologue/yaml-cpp/include -fPIC -DESMF_NO_INTEGER_1_BYTE -DESMF_NO_INTEGER_2_BYTE -DESMF_VERSION_STRING_GIT='"v8.3.0b09-1-g1bcf58054d"' -DESMF_MOAB=1 -DESMF_LAPACK=1 -DESMF_LAPACK_INTERNAL=1 -DESMF_NO_ACC_SOFTWARE_STACK=1 -DESMF_NETCDF=1 -DESMF_YAMLCPP=1 -DESMF_YAML=1 -DESMF_PIO=1 -DESMF_MPIIO -DESMF_NO_OPENACC -DESMF_TESTEXHAUSTIVE -DESMF_BOPT_O -DESMF_TESTCOMPTUNNEL -DESMF_TESTWITHTHREADS -DS64=1 -DESMF_OS_Unicos=1 -DESMF_COMM=mpi -DESMF_DIR=/lfs/h1/emc/ptmp/Mark.Potts/intel_2019.3_mpi_O_develop -D__SDIR__='""' -DESMF_CXXSTD=11 -DESMF_NO_POSIXIPC -DESMF_NO_INTEGER_1_BYTE -DESMF_NO_INTEGER_2_BYTE -DESMF_VERSION_STRING_GIT='"v8.3.0b09-1-g1bcf58054d"' -DESMF_MOAB=1 -DESMF_LAPACK=1 -DESMF_LAPACK_INTERNAL=1 -DESMF_NO_ACC_SOFTWARE_STACK=1 -DESMF_NETCDF=1 -DESMF_YAMLCPP=1 -DESMF_YAML=1 -DESMF_PIO=1 -DESMF_MPIIO -DESMF_NO_OPENACC -DESMF_TESTEXHAUSTIVE -DESMF_BOPT_O -DESMF_TESTCOMPTUNNEL -DESMF_TESTWITHTHREADS -DS64=1 -DESMF_OS_Unicos=1 -DESMF_COMM=mpi -DESMF_DIR=/lfs/h1/emc/ptmp/Mark.Potts/intel_2019.3_mpi_O_develop -D__SDIR__='""' -DESMF_CXXSTD=11 -DESMF_NO_POSIXIPC -DESMF_NO_INTEGER_1_BYTE -DESMF_NO_INTEGER_2_BYTE -DESMF_VERSION_STRING_GIT='"v8.3.0b09-1-g1bcf58054d"' -DESMF_MOAB=1 -DESMF_LAPACK=1 -DESMF_LAPACK_INTERNAL=1 -DESMF_NO_ACC_SOFTWARE_STACK=1 -DESMF_NETCDF=1 -DESMF_YAMLCPP=1 -DESMF_YAML=1 -DESMF_PIO=1 -DESMF_MPIIO -DESMF_NO_OPENACC -DESMF_TESTEXHAUSTIVE -DESMF_BOPT_O -DESMF_TESTCOMPTUNNEL -DESMF_TESTWITHTHREADS -DS64=1 -DESMF_OS_Unicos=1 -DESMF_COMM=mpi -DESMF_DIR=/lfs/h1/emc/ptmp/Mark.Potts/intel_2019.3_mpi_O_develop -D__SDIR__='""' -DESMF_CXXSTD=11 -DESMF_NO_POSIXIPC -DESMF_NO_INTEGER_1_BYTE -DESMF_NO_INTEGER_2_BYTE -DESMF_VERSION_STRING_GIT='"v8.3.0b09-1-g1bcf58054d"' -DESMF_MOAB=1 -DESMF_LAPACK=1 -DESMF_LAPACK_INTERNAL=1 -DESMF_NO_ACC_SOFTWARE_STACK=1 -DESMF_NETCDF=1 -DESMF_YAMLCPP=1 -DESMF_YAML=1 -DESMF_PIO=1 -DESMF_MPIIO -DESMF_NO_OPENACC -DESMF_TESTEXHAUSTIVE -DESMF_BOPT_O -DESMF_TESTCOMPTUNNEL -DESMF_TESTWITHTHREADS -DS64=1 -DESMF_OS_Unicos=1 -DESMF_COMM=mpi -DESMF_DIR=/lfs/h1/emc/ptmp/Mark.Potts/intel_2019.3_mpi_O_develop -D__SDIR__='"src/apps"' -DESMF_CXXSTD=11 -DESMF_NO_POSIXIPC -DESMF_NO_INTEGER_1_BYTE -DESMF_NO_INTEGER_2_BYTE -DESMF_VERSION_STRING_GIT='"v8.3.0b09-1-g1bcf58054d"' -DESMF_MOAB=1 -DESMF_LAPACK=1 -DESMF_LAPACK_INTERNAL=1 -DESMF_NO_ACC_SOFTWARE_STACK=1 -DESMF_NETCDF=1 -DESMF_YAMLCPP=1 -DESMF_YAML=1 -DESMF_PIO=1 -DESMF_MPIIO -DESMF_NO_OPENACC -DESMF_TESTEXHAUSTIVE -DESMF_BOPT_O -DESMF_TESTCOMPTUNNEL -DESMF_TESTWITHTHREADS -DS64=1 -DESMF_OS_Unicos=1 -DESMF_COMM=mpi -DESMF_DIR=/lfs/h1/emc/ptmp/Mark.Potts/intel_2019.3_mpi_O_develop -D__SDIR__='"src/apps/ESMF_PrintInfoC"' -DESMF_CXXSTD=11 -DESMF_NO_POSIXIPC ESMF_PrintInfoC.c -o /lfs/h1/emc/ptmp/Mark.Potts/intel_2019.3_mpi_O_develop/obj/objO/Unicos.intel.64.mpi.default/src/apps/ESMF_PrintInfoC/ESMF_PrintInfoC.o
make chkdir_apps
make[5]: Entering directory '/lfs/h1/emc/ptmp/Mark.Potts/intel_2019.3_mpi_O_develop/src/apps/ESMF_PrintInfoC'
make[5]: Leaving directory '/lfs/h1/emc/ptmp/Mark.Potts/intel_2019.3_mpi_O_develop/src/apps/ESMF_PrintInfoC'
CC -dynamic -fPIC -lnetcdff -lnetcdff  -pthread -Wl,--no-as-needed  -qopenmp -L/lfs/h1/emc/ptmp/Mark.Potts/intel_2019.3_mpi_O_develop/DEFAULTINSTALLDIR/lib/libO/Unicos.intel.64.mpi.default -L/apps/prod/hpc-stack/intel-19.1.3.304/cray-mpich-8.1.4/netcdf/4.7.4/lib -L/apps/prod/hpc-stack/intel-19.1.3.304/cray-mpich-8.1.4/netcdf/4.7.4/lib -L/pe/intel/compilers_and_libraries_2020.4.304/linux/compiler/lib/intel64_lin/ -Wl,-rpath,/lfs/h1/emc/ptmp/Mark.Potts/intel_2019.3_mpi_O_develop/DEFAULTINSTALLDIR/lib/libO/Unicos.intel.64.mpi.default -Wl,-rpath,/apps/prod/hpc-stack/intel-19.1.3.304/cray-mpich-8.1.4/netcdf/4.7.4/lib -Wl,-rpath,/apps/prod/hpc-stack/intel-19.1.3.304/cray-mpich-8.1.4/netcdf/4.7.4/lib -o /lfs/h1/emc/ptmp/Mark.Potts/intel_2019.3_mpi_O_develop/DEFAULTINSTALLDIR/bin/binO/Unicos.intel.64.mpi.default/ESMF_PrintInfoC /lfs/h1/emc/ptmp/Mark.Potts/intel_2019.3_mpi_O_develop/obj/objO/Unicos.intel.64.mpi.default/src/apps/ESMF_PrintInfoC/ESMF_PrintInfoC.o -lesmf   -lrt -ldl -lnetcdf -lnetcdff
/usr/lib64/gcc/x86_64-suse-linux/7/../../../../x86_64-suse-linux/bin/ld: /lfs/h1/emc/ptmp/Mark.Potts/intel_2019.3_mpi_O_develop/DEFAULTINSTALLDIR/lib/libO/Unicos.intel.64.mpi.default/libesmf.so: undefined reference to `mpi_info_free_'
/usr/lib64/gcc/x86_64-suse-linux/7/../../../../x86_64-suse-linux/bin/ld: /lfs/h1/emc/ptmp/Mark.Potts/intel_2019.3_mpi_O_develop/DEFAULTINSTALLDIR/lib/libO/Unicos.intel.64.mpi.default/libesmf.so: undefined reference to `mpi_type_commit_'
/usr/lib64/gcc/x86_64-suse-linux/7/../../../../x86_64-suse-linux/bin/ld: /lfs/h1/emc/ptmp/Mark.Potts/intel_2019.3_mpi_O_develop/DEFAULTINSTALLDIR/lib/libO/Unicos.intel.64.mpi.default/libesmf.so: undefined reference to `mpi_rsend_'
/usr/lib64/gcc/x86_64-suse-linux/7/../../../../x86_64-suse-linux/bin/ld: /lfs/h1/emc/ptmp/Mark.Potts/intel_2019.3_mpi_O_develop/DEFAULTINSTALLDIR/lib/libO/Unicos.intel.64.mpi.default/libesmf.so: undefined reference to `mpi_comm_null_copy_fn_'
/usr/lib64/gcc/x86_64-suse-linux/7/../../../../x86_64-suse-linux/bin/ld: /lfs/h1/emc/ptmp/Mark.Potts/intel_2019.3_mpi_O_develop/DEFAULTINSTALLDIR/lib/libO/Unicos.intel.64.mpi.default/libesmf.so: undefined reference to `mpi_reduce_'
/usr/lib64/gcc/x86_64-suse-linux/7/../../../../x86_64-suse-linux/bin/ld: /lfs/h1/emc/ptmp/Mark.Potts/intel_2019.3_mpi_O_develop/DEFAULTINSTALLDIR/lib/libO/Unicos.intel.64.mpi.default/libesmf.so: undefined reference to `mpi_win_dup_fn_'
/usr/lib64/gcc/x86_64-suse-linux/7/../../../../x86_64-suse-linux/bin/ld: /lfs/h1/emc/ptmp/Mark.Potts/intel_2019.3_mpi_O_develop/DEFAULTINSTALLDIR/lib/libO/Unicos.intel.64.mpi.default/libesmf.so: undefined reference to `mpi_file_read_all_'
/usr/lib64/gcc/x86_64-suse-linux/7/../../../../x86_64-suse-linux/bin/ld: /lfs/h1/emc/ptmp/Mark.Potts/intel_2019.3_mpi_O_develop/DEFAULTINSTALLDIR/lib/libO/Unicos.intel.64.mpi.default/libesmf.so: undefined reference to `mpi_info_set_'
/usr/lib64/gcc/x86_64-suse-linux/7/../../../../x86_64-suse-linux/bin/ld: /lfs/h1/emc/ptmp/Mark.Potts/intel_2019.3_mpi_O_develop/DEFAULTINSTALLDIR/lib/libO/Unicos.intel.64.mpi.default/libesmf.so: undefined reference to `mpi_info_create_'
/usr/lib64/gcc/x86_64-suse-linux/7/../../../../x86_64-suse-linux/bin/ld: /lfs/h1/emc/ptmp/Mark.Potts/intel_2019.3_mpi_O_develop/DEFAULTINSTALLDIR/lib/libO/Unicos.intel.64.mpi.default/libesmf.so: undefined reference to `mpi_group_incl_'
/usr/lib64/gcc/x86_64-suse-linux/7/../../../../x86_64-suse-linux/bin/ld: /lfs/h1/emc/ptmp/Mark.Potts/intel_2019.3_mpi_O_develop/DEFAULTINSTALLDIR/lib/libO/Unicos.intel.64.mpi.default/libesmf.so: undefined reference to `mpi_type_create_subarray_'
/usr/lib64/gcc/x86_64-suse-linux/7/../../../../x86_64-suse-linux/bin/ld: /lfs/h1/emc/ptmp/Mark.Potts/intel_2019.3_mpi_O_develop/DEFAULTINSTALLDIR/lib/libO/Unicos.intel.64.mpi.default/libesmf.so: undefined reference to `mpi_wait_'
/usr/lib64/gcc/x86_64-suse-linux/7/../../../../x86_64-suse-linux/bin/ld: /lfs/h1/emc/ptmp/Mark.Potts/intel_2019.3_mpi_O_develop/DEFAULTINSTALLDIR/lib/libO/Unicos.intel.64.mpi.default/libesmf.so: undefined reference to `mpi_null_copy_fn_'
/usr/lib64/gcc/x86_64-suse-linux/7/../../../../x86_64-suse-linux/bin/ld: /lfs/h1/emc/ptmp/Mark.Potts/intel_2019.3_mpi_O_develop/DEFAULTINSTALLDIR/lib/libO/Unicos.intel.64.mpi.default/libesmf.so: undefined reference to `mpi_comm_null_delete_fn_'
/usr/lib64/gcc/x86_64-suse-linux/7/../../../../x86_64-suse-linux/bin/ld: /lfs/h1/emc/ptmp/Mark.Potts/intel_2019.3_mpi_O_develop/DEFAULTINSTALLDIR/lib/libO/Unicos.intel.64.mpi.default/libesmf.so: undefined reference to `mpi_comm_size_'
/usr/lib64/gcc/x86_64-suse-linux/7/../../../../x86_64-suse-linux/bin/ld: /lfs/h1/emc/ptmp/Mark.Potts/intel_2019.3_mpi_O_develop/DEFAULTINSTALLDIR/lib/libO/Unicos.intel.64.mpi.default/libesmf.so: undefined reference to `mpi_comm_dup_fn_'
/usr/lib64/gcc/x86_64-suse-linux/7/../../../../x86_64-suse-linux/bin/ld: /lfs/h1/emc/ptmp/Mark.Potts/intel_2019.3_mpi_O_develop/DEFAULTINSTALLDIR/lib/libO/Unicos.intel.64.mpi.default/libesmf.so: undefined reference to `mpi_file_write_all_'
/usr/lib64/gcc/x86_64-suse-linux/7/../../../../x86_64-suse-linux/bin/ld: /lfs/h1/emc/ptmp/Mark.Potts/intel_2019.3_mpi_O_develop/DEFAULTINSTALLDIR/lib/libO/Unicos.intel.64.mpi.default/libesmf.so: undefined reference to `mpi_send_'
/usr/lib64/gcc/x86_64-suse-linux/7/../../../../x86_64-suse-linux/bin/ld: /lfs/h1/emc/ptmp/Mark.Potts/intel_2019.3_mpi_O_develop/DEFAULTINSTALLDIR/lib/libO/Unicos.intel.64.mpi.default/libesmf.so: undefined reference to `mpi_barrier_'
/usr/lib64/gcc/x86_64-suse-linux/7/../../../../x86_64-suse-linux/bin/ld: /lfs/h1/emc/ptmp/Mark.Potts/intel_2019.3_mpi_O_develop/DEFAULTINSTALLDIR/lib/libO/Unicos.intel.64.mpi.default/libesmf.so: undefined reference to `mpi_file_read_at_'
/usr/lib64/gcc/x86_64-suse-linux/7/../../../../x86_64-suse-linux/bin/ld: /lfs/h1/emc/ptmp/Mark.Potts/intel_2019.3_mpi_O_develop/DEFAULTINSTALLDIR/lib/libO/Unicos.intel.64.mpi.default/libesmf.so: undefined reference to `mpi_file_set_view_'
/usr/lib64/gcc/x86_64-suse-linux/7/../../../../x86_64-suse-linux/bin/ld: /lfs/h1/emc/ptmp/Mark.Potts/intel_2019.3_mpi_O_develop/DEFAULTINSTALLDIR/lib/libO/Unicos.intel.64.mpi.default/libesmf.so: undefined reference to `mpi_allreduce_'
/usr/lib64/gcc/x86_64-suse-linux/7/../../../../x86_64-suse-linux/bin/ld: /lfs/h1/emc/ptmp/Mark.Potts/intel_2019.3_mpi_O_develop/DEFAULTINSTALLDIR/lib/libO/Unicos.intel.64.mpi.default/libesmf.so: undefined reference to `mpi_type_null_copy_fn_'
/usr/lib64/gcc/x86_64-suse-linux/7/../../../../x86_64-suse-linux/bin/ld: /lfs/h1/emc/ptmp/Mark.Potts/intel_2019.3_mpi_O_develop/DEFAULTINSTALLDIR/lib/libO/Unicos.intel.64.mpi.default/libesmf.so: undefined reference to `mpi_type_contiguous_'
/usr/lib64/gcc/x86_64-suse-linux/7/../../../../x86_64-suse-linux/bin/ld: /lfs/h1/emc/ptmp/Mark.Potts/intel_2019.3_mpi_O_develop/DEFAULTINSTALLDIR/lib/libO/Unicos.intel.64.mpi.default/libesmf.so: undefined reference to `mpi_file_close_'
/usr/lib64/gcc/x86_64-suse-linux/7/../../../../x86_64-suse-linux/bin/ld: /lfs/h1/emc/ptmp/Mark.Potts/intel_2019.3_mpi_O_develop/DEFAULTINSTALLDIR/lib/libO/Unicos.intel.64.mpi.default/libesmf.so: undefined reference to `mpi_intercomm_merge_'
/usr/lib64/gcc/x86_64-suse-linux/7/../../../../x86_64-suse-linux/bin/ld: /lfs/h1/emc/ptmp/Mark.Potts/intel_2019.3_mpi_O_develop/DEFAULTINSTALLDIR/lib/libO/Unicos.intel.64.mpi.default/libesmf.so: undefined reference to `mpi_null_delete_fn_'
/usr/lib64/gcc/x86_64-suse-linux/7/../../../../x86_64-suse-linux/bin/ld: /lfs/h1/emc/ptmp/Mark.Potts/intel_2019.3_mpi_O_develop/DEFAULTINSTALLDIR/lib/libO/Unicos.intel.64.mpi.default/libesmf.so: undefined reference to `mpi_irecv_'
/usr/lib64/gcc/x86_64-suse-linux/7/../../../../x86_64-suse-linux/bin/ld: /lfs/h1/emc/ptmp/Mark.Potts/intel_2019.3_mpi_O_develop/DEFAULTINSTALLDIR/lib/libO/Unicos.intel.64.mpi.default/libesmf.so: undefined reference to `mpi_comm_free_'
/usr/lib64/gcc/x86_64-suse-linux/7/../../../../x86_64-suse-linux/bin/ld: /lfs/h1/emc/ptmp/Mark.Potts/intel_2019.3_mpi_O_develop/DEFAULTINSTALLDIR/lib/libO/Unicos.intel.64.mpi.default/libesmf.so: undefined reference to `mpi_dup_fn_'
/usr/lib64/gcc/x86_64-suse-linux/7/../../../../x86_64-suse-linux/bin/ld: /lfs/h1/emc/ptmp/Mark.Potts/intel_2019.3_mpi_O_develop/DEFAULTINSTALLDIR/lib/libO/Unicos.intel.64.mpi.default/libesmf.so: undefined reference to `mpi_conversion_fn_null_'
/usr/lib64/gcc/x86_64-suse-linux/7/../../../../x86_64-suse-linux/bin/ld: /lfs/h1/emc/ptmp/Mark.Potts/intel_2019.3_mpi_O_develop/DEFAULTINSTALLDIR/lib/libO/Unicos.intel.64.mpi.default/libesmf.so: undefined reference to `mpi_type_free_'
/usr/lib64/gcc/x86_64-suse-linux/7/../../../../x86_64-suse-linux/bin/ld: /lfs/h1/emc/ptmp/Mark.Potts/intel_2019.3_mpi_O_develop/DEFAULTINSTALLDIR/lib/libO/Unicos.intel.64.mpi.default/libesmf.so: undefined reference to `mpi_abort_'
/usr/lib64/gcc/x86_64-suse-linux/7/../../../../x86_64-suse-linux/bin/ld: /lfs/h1/emc/ptmp/Mark.Potts/intel_2019.3_mpi_O_develop/DEFAULTINSTALLDIR/lib/libO/Unicos.intel.64.mpi.default/libesmf.so: undefined reference to `mpi_win_null_delete_fn_'
/usr/lib64/gcc/x86_64-suse-linux/7/../../../../x86_64-suse-linux/bin/ld: /lfs/h1/emc/ptmp/Mark.Potts/intel_2019.3_mpi_O_develop/DEFAULTINSTALLDIR/lib/libO/Unicos.intel.64.mpi.default/libesmf.so: undefined reference to `mpi_type_get_envelope_'
/usr/lib64/gcc/x86_64-suse-linux/7/../../../../x86_64-suse-linux/bin/ld: /lfs/h1/emc/ptmp/Mark.Potts/intel_2019.3_mpi_O_develop/DEFAULTINSTALLDIR/lib/libO/Unicos.intel.64.mpi.default/libesmf.so: undefined reference to `mpi_error_string_'
/usr/lib64/gcc/x86_64-suse-linux/7/../../../../x86_64-suse-linux/bin/ld: /lfs/h1/emc/ptmp/Mark.Potts/intel_2019.3_mpi_O_develop/DEFAULTINSTALLDIR/lib/libO/Unicos.intel.64.mpi.default/libesmf.so: undefined reference to `mpi_isend_'
/usr/lib64/gcc/x86_64-suse-linux/7/../../../../x86_64-suse-linux/bin/ld: /lfs/h1/emc/ptmp/Mark.Potts/intel_2019.3_mpi_O_develop/DEFAULTINSTALLDIR/lib/libO/Unicos.intel.64.mpi.default/libesmf.so: undefined reference to `mpi_comm_rank_'
/usr/lib64/gcc/x86_64-suse-linux/7/../../../../x86_64-suse-linux/bin/ld: /lfs/h1/emc/ptmp/Mark.Potts/intel_2019.3_mpi_O_develop/DEFAULTINSTALLDIR/lib/libO/Unicos.intel.64.mpi.default/libesmf.so: undefined reference to `mpi_recv_'
/usr/lib64/gcc/x86_64-suse-linux/7/../../../../x86_64-suse-linux/bin/ld: /lfs/h1/emc/ptmp/Mark.Potts/intel_2019.3_mpi_O_develop/DEFAULTINSTALLDIR/lib/libO/Unicos.intel.64.mpi.default/libesmf.so: undefined reference to `mpi_gather_'
/usr/lib64/gcc/x86_64-suse-linux/7/../../../../x86_64-suse-linux/bin/ld: /lfs/h1/emc/ptmp/Mark.Potts/intel_2019.3_mpi_O_develop/DEFAULTINSTALLDIR/lib/libO/Unicos.intel.64.mpi.default/libesmf.so: undefined reference to `mpi_bcast_'
/usr/lib64/gcc/x86_64-suse-linux/7/../../../../x86_64-suse-linux/bin/ld: /lfs/h1/emc/ptmp/Mark.Potts/intel_2019.3_mpi_O_develop/DEFAULTINSTALLDIR/lib/libO/Unicos.intel.64.mpi.default/libesmf.so: undefined reference to `mpi_intercomm_create_'
/usr/lib64/gcc/x86_64-suse-linux/7/../../../../x86_64-suse-linux/bin/ld: /lfs/h1/emc/ptmp/Mark.Potts/intel_2019.3_mpi_O_develop/DEFAULTINSTALLDIR/lib/libO/Unicos.intel.64.mpi.default/libesmf.so: undefined reference to `mpi_comm_create_'
/usr/lib64/gcc/x86_64-suse-linux/7/../../../../x86_64-suse-linux/bin/ld: /lfs/h1/emc/ptmp/Mark.Potts/intel_2019.3_mpi_O_develop/DEFAULTINSTALLDIR/lib/libO/Unicos.intel.64.mpi.default/libesmf.so: undefined reference to `mpi_waitany_'
/usr/lib64/gcc/x86_64-suse-linux/7/../../../../x86_64-suse-linux/bin/ld: /lfs/h1/emc/ptmp/Mark.Potts/intel_2019.3_mpi_O_develop/DEFAULTINSTALLDIR/lib/libO/Unicos.intel.64.mpi.default/libesmf.so: undefined reference to `mpi_finalize_'
/usr/lib64/gcc/x86_64-suse-linux/7/../../../../x86_64-suse-linux/bin/ld: /lfs/h1/emc/ptmp/Mark.Potts/intel_2019.3_mpi_O_develop/DEFAULTINSTALLDIR/lib/libO/Unicos.intel.64.mpi.default/libesmf.so: undefined reference to `mpi_file_open_'
/usr/lib64/gcc/x86_64-suse-linux/7/../../../../x86_64-suse-linux/bin/ld: /lfs/h1/emc/ptmp/Mark.Potts/intel_2019.3_mpi_O_develop/DEFAULTINSTALLDIR/lib/libO/Unicos.intel.64.mpi.default/libesmf.so: undefined reference to `mpi_type_null_delete_fn_'
/usr/lib64/gcc/x86_64-suse-linux/7/../../../../x86_64-suse-linux/bin/ld: /lfs/h1/emc/ptmp/Mark.Potts/intel_2019.3_mpi_O_develop/DEFAULTINSTALLDIR/lib/libO/Unicos.intel.64.mpi.default/libesmf.so: undefined reference to `mpi_group_free_'
/usr/lib64/gcc/x86_64-suse-linux/7/../../../../x86_64-suse-linux/bin/ld: /lfs/h1/emc/ptmp/Mark.Potts/intel_2019.3_mpi_O_develop/DEFAULTINSTALLDIR/lib/libO/Unicos.intel.64.mpi.default/libesmf.so: undefined reference to `mpi_type_dup_fn_'
/usr/lib64/gcc/x86_64-suse-linux/7/../../../../x86_64-suse-linux/bin/ld: /lfs/h1/emc/ptmp/Mark.Potts/intel_2019.3_mpi_O_develop/DEFAULTINSTALLDIR/lib/libO/Unicos.intel.64.mpi.default/libesmf.so: undefined reference to `mpi_type_create_indexed_block_'
/usr/lib64/gcc/x86_64-suse-linux/7/../../../../x86_64-suse-linux/bin/ld: /lfs/h1/emc/ptmp/Mark.Potts/intel_2019.3_mpi_O_develop/DEFAULTINSTALLDIR/lib/libO/Unicos.intel.64.mpi.default/libesmf.so: undefined reference to `mpi_win_null_copy_fn_'
/usr/lib64/gcc/x86_64-suse-linux/7/../../../../x86_64-suse-linux/bin/ld: /lfs/h1/emc/ptmp/Mark.Potts/intel_2019.3_mpi_O_develop/DEFAULTINSTALLDIR/lib/libO/Unicos.intel.64.mpi.default/libesmf.so: undefined reference to `mpi_file_write_at_'
/usr/lib64/gcc/x86_64-suse-linux/7/../../../../x86_64-suse-linux/bin/ld: /lfs/h1/emc/ptmp/Mark.Potts/intel_2019.3_mpi_O_develop/DEFAULTINSTALLDIR/lib/libO/Unicos.intel.64.mpi.default/libesmf.so: undefined reference to `mpi_comm_group_'
/usr/lib64/gcc/x86_64-suse-linux/7/../../../../x86_64-suse-linux/bin/ld: /lfs/h1/emc/ptmp/Mark.Potts/intel_2019.3_mpi_O_develop/DEFAULTINSTALLDIR/lib/libO/Unicos.intel.64.mpi.default/libesmf.so: undefined reference to `mpi_irsend_'
make[4]: *** [/lfs/h1/emc/ptmp/Mark.Potts/intel_2019.3_mpi_O_develop/build/common.mk:2438: /lfs/h1/emc/ptmp/Mark.Potts/intel_2019.3_mpi_O_develop/DEFAULTINSTALLDIR/bin/binO/Unicos.intel.64.mpi.default/ESMF_PrintInfoC] Error 1
make[4]: Leaving directory '/lfs/h1/emc/ptmp/Mark.Potts/intel_2019.3_mpi_O_develop/src/apps/ESMF_PrintInfoC'
make[3]: *** [/lfs/h1/emc/ptmp/Mark.Potts/intel_2019.3_mpi_O_develop/build/common.mk:3661: tree] Error 1
make[3]: Leaving directory '/lfs/h1/emc/ptmp/Mark.Potts/intel_2019.3_mpi_O_develop/src/apps'
make[2]: *** [/lfs/h1/emc/ptmp/Mark.Potts/intel_2019.3_mpi_O_develop/build/common.mk:2425: build_apps] Error 2
make[2]: Leaving directory '/lfs/h1/emc/ptmp/Mark.Potts/intel_2019.3_mpi_O_develop'
make[1]: *** [makefile:644: install_apps] Error 2
make[1]: Leaving directory '/lfs/h1/emc/ptmp/Mark.Potts/intel_2019.3_mpi_O_develop'
make: *** [makefile:682: install] Error 2
