Tue 15 Mar 01:31:37 UTC 2022
---------------------------------------------------------------------------
Tue 15 Mar 01:31:29 UTC 2022
STARTING: AsyncIOBlockingProto
rm -f PET*.ESMF_LogFile *.nc *.stdout
rm -f asyncIOApp *.o *.mod
c     model.F90
make: c: Command not found
make: [Makefile:36: model.o] Error 127 (ignored)
c     io.F90
make: c: Command not found
make: [Makefile:36: io.o] Error 127 (ignored)
c     asyncIODriver.F90
make: c: Command not found
make: [Makefile:36: asyncIODriver.o] Error 127 (ignored)
c     asyncIOApp.F90
make: c: Command not found
make: [Makefile:36: asyncIOApp.o] Error 127 (ignored)
o asyncIOApp asyncIOApp.o asyncIODriver.o model.o io.o 
make: o: Command not found
make: [Makefile:47: asyncIOApp] Error 127 (ignored)
+ -np 4 ./asyncIOApp
+ local result=127
+ set +x
FINISHED: AsyncIOBlockingProto
Tue 15 Mar 01:31:29 UTC 2022
---------------------------------------------------------------------------

---------------------------------------------------------------------------
Tue 15 Mar 01:31:29 UTC 2022
STARTING: AsyncIONonblockingProto
rm -f PET*.ESMF_LogFile *.nc *.stdout
rm -f asyncIOApp *.o *.mod
c     model.F90
make: c: Command not found
make: [Makefile:36: model.o] Error 127 (ignored)
c     io.F90
make: c: Command not found
make: [Makefile:36: io.o] Error 127 (ignored)
c     conn.F90
make: c: Command not found
make: [Makefile:36: conn.o] Error 127 (ignored)
c     asyncIODriver.F90
make: c: Command not found
make: [Makefile:36: asyncIODriver.o] Error 127 (ignored)
c     asyncIOApp.F90
make: c: Command not found
make: [Makefile:36: asyncIOApp.o] Error 127 (ignored)
o asyncIOApp asyncIOApp.o asyncIODriver.o model.o io.o conn.o 
make: o: Command not found
make: [Makefile:47: asyncIOApp] Error 127 (ignored)
+ -np 4 ./asyncIOApp
+ local result=127
+ set +x
FINISHED: AsyncIONonblockingProto
Tue 15 Mar 01:31:29 UTC 2022
---------------------------------------------------------------------------

---------------------------------------------------------------------------
Tue 15 Mar 01:31:29 UTC 2022
STARTING: AtmOcnConOptsProto
rm -rf PET*.ESMF_LogFile traceout *.nc *.stdout
rm -f esmApp *.o *.mod
c     atm.F90
make: c: Command not found
make: [Makefile:36: atm.o] Error 127 (ignored)
c     ocn.F90
make: c: Command not found
make: [Makefile:36: ocn.o] Error 127 (ignored)
c     esm.F90
make: c: Command not found
make: [Makefile:36: esm.o] Error 127 (ignored)
c     esmApp.F90
make: c: Command not found
make: [Makefile:36: esmApp.o] Error 127 (ignored)
o esmApp esmApp.o esm.o atm.o ocn.o 
make: o: Command not found
make: [Makefile:47: esmApp] Error 127 (ignored)
+ -np 4 ./esmApp
+ local result=127
+ set +x
FINISHED: AtmOcnConOptsProto
Tue 15 Mar 01:31:29 UTC 2022
---------------------------------------------------------------------------

---------------------------------------------------------------------------
Tue 15 Mar 01:31:29 UTC 2022
STARTING: AtmOcnConProto
rm -f PET*.ESMF_LogFile *.nc *.stdout
rm -f esmApp *.o *.mod
c     atm.F90
make: c: Command not found
make: [Makefile:36: atm.o] Error 127 (ignored)
c     ocn.F90
make: c: Command not found
make: [Makefile:36: ocn.o] Error 127 (ignored)
c     conn.F90
make: c: Command not found
make: [Makefile:36: conn.o] Error 127 (ignored)
c     esm.F90
make: c: Command not found
make: [Makefile:36: esm.o] Error 127 (ignored)
c     esmApp.F90
make: c: Command not found
make: [Makefile:36: esmApp.o] Error 127 (ignored)
o esmApp esmApp.o esm.o atm.o ocn.o conn.o 
make: o: Command not found
make: [Makefile:47: esmApp] Error 127 (ignored)
+ -np 4 ./esmApp
+ local result=127
+ set +x
FINISHED: AtmOcnConProto
Tue 15 Mar 01:31:29 UTC 2022
---------------------------------------------------------------------------

---------------------------------------------------------------------------
Tue 15 Mar 01:31:29 UTC 2022
STARTING: AtmOcnCplListProto
rm -f PET*.ESMF_LogFile *.nc *.stdout
rm -f esmApp *.o *.mod
c     atm.F90
make: c: Command not found
make: [Makefile:36: atm.o] Error 127 (ignored)
c     ocn.F90
make: c: Command not found
make: [Makefile:36: ocn.o] Error 127 (ignored)
c     esm.F90
make: c: Command not found
make: [Makefile:36: esm.o] Error 127 (ignored)
c     esmApp.F90
make: c: Command not found
make: [Makefile:36: esmApp.o] Error 127 (ignored)
o esmApp esmApp.o esm.o atm.o ocn.o 
make: o: Command not found
make: [Makefile:47: esmApp] Error 127 (ignored)
+ -np 4 ./esmApp
+ local result=127
+ set +x
FINISHED: AtmOcnCplListProto
Tue 15 Mar 01:31:29 UTC 2022
---------------------------------------------------------------------------

---------------------------------------------------------------------------
Tue 15 Mar 01:31:29 UTC 2022
STARTING: AtmOcnCplSetProto
rm -f PET*.ESMF_LogFile err out core* *.nc *.stdout
rm -f esmApp *.o *.mod
g -c     atm.F90
make: g: Command not found
make: [Makefile:36: atm.o] Error 127 (ignored)
g -c     ocn.F90
make: g: Command not found
make: [Makefile:36: ocn.o] Error 127 (ignored)
g -c     esm.F90
make: g: Command not found
make: [Makefile:36: esm.o] Error 127 (ignored)
g -c     esmApp.F90
make: g: Command not found
make: [Makefile:36: esmApp.o] Error 127 (ignored)
o esmApp esmApp.o esm.o atm.o ocn.o 
make: o: Command not found
make: [Makefile:47: esmApp] Error 127 (ignored)
+ -np 4 ./esmApp
+ local result=127
+ set +x
FINISHED: AtmOcnCplSetProto
Tue 15 Mar 01:31:29 UTC 2022
---------------------------------------------------------------------------

---------------------------------------------------------------------------
Tue 15 Mar 01:31:29 UTC 2022
STARTING: AtmOcnFDSynoProto
rm -f PET*.ESMF_LogFile *.nc *.stdout
rm -f esmApp *.o *.mod
c     atm.F90
make: c: Command not found
make: [Makefile:36: atm.o] Error 127 (ignored)
c     ocn.F90
make: c: Command not found
make: [Makefile:36: ocn.o] Error 127 (ignored)
c     esm.F90
make: c: Command not found
make: [Makefile:36: esm.o] Error 127 (ignored)
c     esmApp.F90
make: c: Command not found
make: [Makefile:36: esmApp.o] Error 127 (ignored)
o esmApp esmApp.o esm.o atm.o ocn.o 
make: o: Command not found
make: [Makefile:47: esmApp] Error 127 (ignored)
+ -np 4 ./esmApp
+ local result=127
+ set +x
FINISHED: AtmOcnFDSynoProto
Tue 15 Mar 01:31:29 UTC 2022
---------------------------------------------------------------------------

---------------------------------------------------------------------------
Tue 15 Mar 01:31:29 UTC 2022
STARTING: AtmOcnIceSimpleImplicitProto
rm -f PET*.ESMF_LogFile *.nc *.stdout
rm -f esmApp *.o *.mod
c     atm.F90
make: c: Command not found
make: [Makefile:36: atm.o] Error 127 (ignored)
c     ocn.F90
make: c: Command not found
make: [Makefile:36: ocn.o] Error 127 (ignored)
c     ice.F90
make: c: Command not found
make: [Makefile:36: ice.o] Error 127 (ignored)
c     esm.F90
make: c: Command not found
make: [Makefile:36: esm.o] Error 127 (ignored)
c     esmApp.F90
make: c: Command not found
make: [Makefile:36: esmApp.o] Error 127 (ignored)
o esmApp esmApp.o esm.o atm.o ocn.o ice.o 
make: o: Command not found
make: [Makefile:47: esmApp] Error 127 (ignored)
+ -np 4 ./esmApp
+ local result=127
+ set +x
FINISHED: AtmOcnIceSimpleImplicitProto
Tue 15 Mar 01:31:29 UTC 2022
---------------------------------------------------------------------------

---------------------------------------------------------------------------
Tue 15 Mar 01:31:29 UTC 2022
STARTING: AtmOcnImplicitProto
rm -f PET*.ESMF_LogFile *.nc *.stdout
rm -f esmApp *.o *.mod
c     atm.F90
make: c: Command not found
make: [Makefile:36: atm.o] Error 127 (ignored)
c     ocn.F90
make: c: Command not found
make: [Makefile:36: ocn.o] Error 127 (ignored)
c     esm.F90
make: c: Command not found
make: [Makefile:36: esm.o] Error 127 (ignored)
c     esmApp.F90
make: c: Command not found
make: [Makefile:36: esmApp.o] Error 127 (ignored)
o esmApp esmApp.o esm.o atm.o ocn.o 
make: o: Command not found
make: [Makefile:47: esmApp] Error 127 (ignored)
+ -np 4 ./esmApp
+ local result=127
+ set +x
FINISHED: AtmOcnImplicitProto
Tue 15 Mar 01:31:29 UTC 2022
---------------------------------------------------------------------------

---------------------------------------------------------------------------
Tue 15 Mar 01:31:29 UTC 2022
STARTING: AtmOcnLndProto
rm -f PET*.ESMF_LogFile *.nc *.stdout
rm -f esmApp *.o *.mod
c     atm.F90
make: c: Command not found
make: [Makefile:36: atm.o] Error 127 (ignored)
c     ocn.F90
make: c: Command not found
make: [Makefile:36: ocn.o] Error 127 (ignored)
c     lnd.F90
make: c: Command not found
make: [Makefile:36: lnd.o] Error 127 (ignored)
c     esm.F90
make: c: Command not found
make: [Makefile:36: esm.o] Error 127 (ignored)
c     esmApp.F90
make: c: Command not found
make: [Makefile:36: esmApp.o] Error 127 (ignored)
o esmApp esmApp.o esm.o atm.o ocn.o lnd.o 
make: o: Command not found
make: [Makefile:47: esmApp] Error 127 (ignored)
+ -np 4 ./esmApp
+ local result=127
+ set +x
FINISHED: AtmOcnLndProto
Tue 15 Mar 01:31:30 UTC 2022
---------------------------------------------------------------------------

---------------------------------------------------------------------------
Tue 15 Mar 01:31:30 UTC 2022
STARTING: AtmOcnLogNoneProto
rm -rf PET*.ESMF_LogFile traceout *.nc *.stdout
rm -f esmApp *.o *.mod
c     atm.F90
make: c: Command not found
make: [Makefile:36: atm.o] Error 127 (ignored)
c     ocn.F90
make: c: Command not found
make: [Makefile:36: ocn.o] Error 127 (ignored)
c     esm.F90
make: c: Command not found
make: [Makefile:36: esm.o] Error 127 (ignored)
c     esmApp.F90
make: c: Command not found
make: [Makefile:36: esmApp.o] Error 127 (ignored)
o esmApp esmApp.o esm.o atm.o ocn.o 
make: o: Command not found
make: [Makefile:47: esmApp] Error 127 (ignored)
+ -np 4 ./esmApp
+ local result=127
+ set +x
FINISHED: AtmOcnLogNoneProto
Tue 15 Mar 01:31:30 UTC 2022
---------------------------------------------------------------------------

---------------------------------------------------------------------------
Tue 15 Mar 01:31:30 UTC 2022
STARTING: AtmOcnMedIngestFromConfigProto
rm -f PET*.ESMF_LogFile *.nc *.stdout
rm -f esmApp *.o *.mod
c     atm.F90
make: c: Command not found
make: [Makefile:36: atm.o] Error 127 (ignored)
c     ocn.F90
make: c: Command not found
make: [Makefile:36: ocn.o] Error 127 (ignored)
c     med.F90
make: c: Command not found
make: [Makefile:36: med.o] Error 127 (ignored)
c     esm.F90
make: c: Command not found
make: [Makefile:36: esm.o] Error 127 (ignored)
c     esmApp.F90
make: c: Command not found
make: [Makefile:36: esmApp.o] Error 127 (ignored)
o esmApp esmApp.o esm.o atm.o ocn.o med.o 
make: o: Command not found
make: [Makefile:47: esmApp] Error 127 (ignored)
+ -np 4 ./esmApp
+ local result=127
+ set +x
FINISHED: AtmOcnMedIngestFromConfigProto
Tue 15 Mar 01:31:30 UTC 2022
---------------------------------------------------------------------------

---------------------------------------------------------------------------
Tue 15 Mar 01:31:30 UTC 2022
STARTING: AtmOcnMedIngestFromInternalProto
rm -f PET*.ESMF_LogFile *.nc *.stdout
rm -f esmApp *.o *.mod
c     atm.F90
make: c: Command not found
make: [Makefile:36: atm.o] Error 127 (ignored)
c     ocn.F90
make: c: Command not found
make: [Makefile:36: ocn.o] Error 127 (ignored)
c     med.F90
make: c: Command not found
make: [Makefile:36: med.o] Error 127 (ignored)
c     esm.F90
make: c: Command not found
make: [Makefile:36: esm.o] Error 127 (ignored)
c     esmApp.F90
make: c: Command not found
make: [Makefile:36: esmApp.o] Error 127 (ignored)
o esmApp esmApp.o esm.o atm.o ocn.o med.o 
make: o: Command not found
make: [Makefile:47: esmApp] Error 127 (ignored)
+ -np 4 ./esmApp
+ local result=127
+ set +x
FINISHED: AtmOcnMedIngestFromInternalProto
Tue 15 Mar 01:31:30 UTC 2022
---------------------------------------------------------------------------

---------------------------------------------------------------------------
Tue 15 Mar 01:31:30 UTC 2022
STARTING: AtmOcnMedPetListProto
rm -f PET*.ESMF_LogFile *.nc *.stdout
rm -f esmApp *.o *.mod
c     atm.F90
make: c: Command not found
make: [Makefile:36: atm.o] Error 127 (ignored)
c     ocn.F90
make: c: Command not found
make: [Makefile:36: ocn.o] Error 127 (ignored)
c     med.F90
make: c: Command not found
make: [Makefile:36: med.o] Error 127 (ignored)
c     esm.F90
make: c: Command not found
make: [Makefile:36: esm.o] Error 127 (ignored)
c     esmApp.F90
make: c: Command not found
make: [Makefile:36: esmApp.o] Error 127 (ignored)
o esmApp esmApp.o esm.o atm.o ocn.o med.o 
make: o: Command not found
make: [Makefile:47: esmApp] Error 127 (ignored)
+ -np 4 ./esmApp
+ local result=127
+ set +x
FINISHED: AtmOcnMedPetListProto
Tue 15 Mar 01:31:30 UTC 2022
---------------------------------------------------------------------------

---------------------------------------------------------------------------
Tue 15 Mar 01:31:30 UTC 2022
STARTING: AtmOcnMedPetListTimescalesProto
rm -f PET*.ESMF_LogFile *.nc *.stdout
rm -f esmApp *.o *.mod
c     atm.F90
make: c: Command not found
make: [Makefile:36: atm.o] Error 127 (ignored)
c     ocn.F90
make: c: Command not found
make: [Makefile:36: ocn.o] Error 127 (ignored)
c     med.F90
make: c: Command not found
make: [Makefile:36: med.o] Error 127 (ignored)
c     esm.F90
make: c: Command not found
make: [Makefile:36: esm.o] Error 127 (ignored)
c     esmApp.F90
make: c: Command not found
make: [Makefile:36: esmApp.o] Error 127 (ignored)
o esmApp esmApp.o esm.o atm.o ocn.o med.o 
make: o: Command not found
make: [Makefile:47: esmApp] Error 127 (ignored)
+ -np 4 ./esmApp
+ local result=127
+ set +x
FINISHED: AtmOcnMedPetListTimescalesProto
Tue 15 Mar 01:31:30 UTC 2022
---------------------------------------------------------------------------

---------------------------------------------------------------------------
Tue 15 Mar 01:31:30 UTC 2022
STARTING: AtmOcnMedPetListTimescalesSplitFastProto
rm -f PET*.ESMF_LogFile *.nc *.stdout
rm -f esmApp *.o *.mod
c     atm.F90
make: c: Command not found
make: [Makefile:36: atm.o] Error 127 (ignored)
c     ocn.F90
make: c: Command not found
make: [Makefile:36: ocn.o] Error 127 (ignored)
c     med.F90
make: c: Command not found
make: [Makefile:36: med.o] Error 127 (ignored)
c     esm.F90
make: c: Command not found
make: [Makefile:36: esm.o] Error 127 (ignored)
c     esmApp.F90
make: c: Command not found
make: [Makefile:36: esmApp.o] Error 127 (ignored)
o esmApp esmApp.o esm.o atm.o ocn.o med.o 
make: o: Command not found
make: [Makefile:47: esmApp] Error 127 (ignored)
+ -np 4 ./esmApp
+ local result=127
+ set +x
FINISHED: AtmOcnMedPetListTimescalesSplitFastProto
Tue 15 Mar 01:31:30 UTC 2022
---------------------------------------------------------------------------

---------------------------------------------------------------------------
Tue 15 Mar 01:31:30 UTC 2022
STARTING: AtmOcnMedProto
rm -f PET*.ESMF_LogFile *.nc *.stdout
rm -f esmApp *.o *.mod
c     atm.F90
make: c: Command not found
make: [Makefile:36: atm.o] Error 127 (ignored)
c     ocn.F90
make: c: Command not found
make: [Makefile:36: ocn.o] Error 127 (ignored)
c     med.F90
make: c: Command not found
make: [Makefile:36: med.o] Error 127 (ignored)
c     esm.F90
make: c: Command not found
make: [Makefile:36: esm.o] Error 127 (ignored)
c     esmApp.F90
make: c: Command not found
make: [Makefile:36: esmApp.o] Error 127 (ignored)
o esmApp esmApp.o esm.o atm.o ocn.o med.o 
make: o: Command not found
make: [Makefile:47: esmApp] Error 127 (ignored)
+ -np 4 ./esmApp
+ local result=127
+ set +x
FINISHED: AtmOcnMedProto
Tue 15 Mar 01:31:30 UTC 2022
---------------------------------------------------------------------------

---------------------------------------------------------------------------
Tue 15 Mar 01:31:30 UTC 2022
STARTING: AtmOcnMirrorFieldsProto
rm -f PET*.ESMF_LogFile *.nc *.stdout
rm -f esmApp *.o *.mod
c     atm.F90
make: c: Command not found
make: [Makefile:36: atm.o] Error 127 (ignored)
c     ocn.F90
make: c: Command not found
make: [Makefile:36: ocn.o] Error 127 (ignored)
c     esm.F90
make: c: Command not found
make: [Makefile:36: esm.o] Error 127 (ignored)
c     esmApp.F90
make: c: Command not found
make: [Makefile:36: esmApp.o] Error 127 (ignored)
o esmApp esmApp.o esm.o atm.o ocn.o 
make: o: Command not found
make: [Makefile:47: esmApp] Error 127 (ignored)
+ -np 4 ./esmApp
+ local result=127
+ set +x
FINISHED: AtmOcnMirrorFieldsProto
Tue 15 Mar 01:31:30 UTC 2022
---------------------------------------------------------------------------

---------------------------------------------------------------------------
Tue 15 Mar 01:31:30 UTC 2022
STARTING: AtmOcnPetListProto
rm -f PET*.ESMF_LogFile *.nc *.stdout
rm -f esmApp *.o *.mod
c     atm.F90
make: c: Command not found
make: [Makefile:36: atm.o] Error 127 (ignored)
c     ocn.F90
make: c: Command not found
make: [Makefile:36: ocn.o] Error 127 (ignored)
c     esm.F90
make: c: Command not found
make: [Makefile:36: esm.o] Error 127 (ignored)
c     esmApp.F90
make: c: Command not found
make: [Makefile:36: esmApp.o] Error 127 (ignored)
o esmApp esmApp.o esm.o atm.o ocn.o 
make: o: Command not found
make: [Makefile:47: esmApp] Error 127 (ignored)
+ -np 4 ./esmApp
+ local result=127
+ set +x
FINISHED: AtmOcnPetListProto
Tue 15 Mar 01:31:30 UTC 2022
---------------------------------------------------------------------------

---------------------------------------------------------------------------
Tue 15 Mar 01:31:30 UTC 2022
STARTING: AtmOcnProto
rm -rf PET*.ESMF_LogFile traceout *.nc *.stdout
rm -f esmApp *.o *.mod
c     atm.F90
make: c: Command not found
make: [Makefile:36: atm.o] Error 127 (ignored)
c     ocn.F90
make: c: Command not found
make: [Makefile:36: ocn.o] Error 127 (ignored)
c     esm.F90
make: c: Command not found
make: [Makefile:36: esm.o] Error 127 (ignored)
c     esmApp.F90
make: c: Command not found
make: [Makefile:36: esmApp.o] Error 127 (ignored)
o esmApp esmApp.o esm.o atm.o ocn.o 
make: o: Command not found
make: [Makefile:47: esmApp] Error 127 (ignored)
+ -np 4 ./esmApp
+ local result=127
+ set +x
FINISHED: AtmOcnProto
Tue 15 Mar 01:31:30 UTC 2022
---------------------------------------------------------------------------

---------------------------------------------------------------------------
Tue 15 Mar 01:31:30 UTC 2022
STARTING: AtmOcnRtmTwoTimescalesProto
rm -f PET*.ESMF_LogFile *.nc *.stdout
rm -f esmApp *.o *.mod
c     atm.F90
make: c: Command not found
make: [Makefile:36: atm.o] Error 127 (ignored)
c     ocn.F90
make: c: Command not found
make: [Makefile:36: ocn.o] Error 127 (ignored)
c     rtm.F90
make: c: Command not found
make: [Makefile:36: rtm.o] Error 127 (ignored)
c     esm.F90
make: c: Command not found
make: [Makefile:36: esm.o] Error 127 (ignored)
c     esmApp.F90
make: c: Command not found
make: [Makefile:36: esmApp.o] Error 127 (ignored)
o esmApp esmApp.o esm.o atm.o ocn.o rtm.o 
make: o: Command not found
make: [Makefile:47: esmApp] Error 127 (ignored)
+ -np 4 ./esmApp
+ local result=127
+ set +x
FINISHED: AtmOcnRtmTwoTimescalesProto
Tue 15 Mar 01:31:30 UTC 2022
---------------------------------------------------------------------------

---------------------------------------------------------------------------
Tue 15 Mar 01:31:30 UTC 2022
STARTING: AtmOcnScalarProto
rm -f PET*.ESMF_LogFile *.nc *.stdout
rm -f esmApp *.o *.mod
c     atm.F90
make: c: Command not found
make: [Makefile:36: atm.o] Error 127 (ignored)
c     ocn.F90
make: c: Command not found
make: [Makefile:36: ocn.o] Error 127 (ignored)
c     esm.F90
make: c: Command not found
make: [Makefile:36: esm.o] Error 127 (ignored)
c     esmApp.F90
make: c: Command not found
make: [Makefile:36: esmApp.o] Error 127 (ignored)
o esmApp esmApp.o esm.o atm.o ocn.o 
make: o: Command not found
make: [Makefile:47: esmApp] Error 127 (ignored)
+ -np 4 ./esmApp
+ local result=127
+ set +x
FINISHED: AtmOcnScalarProto
Tue 15 Mar 01:31:30 UTC 2022
---------------------------------------------------------------------------

---------------------------------------------------------------------------
Tue 15 Mar 01:31:30 UTC 2022
STARTING: AtmOcnSelectExternalProto
rm -f PET*.ESMF_LogFile *.nc *.stdout
rm -f esmApp *.o *.mod
rm -f *.so
rm -f PET*.ESMF_LogFile
rm -f *.o *.mod *.mk
rm -f PET*.ESMF_LogFile
rm -f *.o *.mod *.mk
rm -f PET*.ESMF_LogFile
rm -f *.o *.mod *.a *.mk
rm -f PET*.ESMF_LogFile
rm -f *.o *.so *.mod *.mk
rm -f PET*.ESMF_LogFile
rm -f *.o *.so *.mod *.mk
rm -f PET*.ESMF_LogFile
rm -f *.o *.mod *.mk
c  -DFRONT_OCNCOMMON=       ../OcnCommon/ocnCommon.F90
gmake: c: Command not found
Makefile:30: ../OcnCommon/ocnCommon.mk: No such file or directory
gmake: [Makefile:47: ../OcnCommon/ocnCommon.o] Error 127 (ignored)
rm -f PET*.ESMF_LogFile
rm -f *.o *.mod *.mk
c  -DFRONT_OCNCOMMON=ocnA -DFRONT_OCNSUB=ocnA  -I/lfs/h1/emc/ptmp/Mark.Potts/intel_2019.3_mpi_O_develop/nuopc-app-prototypes/AtmOcnSelectExternalProto/OcnModelA -I/lfs/h1/emc/ptmp/Mark.Potts/intel_2019.3_mpi_O_develop/nuopc-app-prototypes/AtmOcnSelectExternalProto/OcnModelA     OcnSub/ocnSub.F90
gmake: c: Command not found
Makefile:38: OcnSub/ocnSub.mk: No such file or directory
gmake: [Makefile:55: OcnSub/ocnSub.o] Error 127 (ignored)
rm -f PET*.ESMF_LogFile
rm -f *.o *.mod *.mk
rm -f PET*.ESMF_LogFile
rm -f *.o *.mod *.mk
Makefile:42: OcnSub/ocnSub.mk: No such file or directory
gmake: *** No rule to make target 'OcnSub/ocnSub.mk'.  Stop.
rm -f PET*.ESMF_LogFile
rm -f *.o *.mod *.mk
rm -f PET*.ESMF_LogFile
rm -f *.o *.mod *.mk
rm -f PET*.ESMF_LogFile
rm -f *.o *.mod *.mk
c     atmA.F90
gmake: c: Command not found
gmake: [Makefile:36: atmA.o] Error 127 (ignored)
rm -f PET*.ESMF_LogFile
rm -f *.o *.mod *.mk
c     atmB.F90
gmake: c: Command not found
gmake: [Makefile:36: atmB.o] Error 127 (ignored)
c     procedure.F90
gmake: c: Command not found
gmake: [Makefile:36: procedure.o] Error 127 (ignored)
rm -f PET*.ESMF_LogFile
rm -f *.o *.mod *.a *.mk
c     atmC.F90
gmake: c: Command not found
gmake: [Makefile:36: atmC.o] Error 127 (ignored)
c     procedure.F90
gmake: c: Command not found
gmake: [Makefile:36: procedure.o] Error 127 (ignored)
ar cr libatmC.a atmC.o procedure.o
ar: atmC.o: No such file or directory
gmake: *** [Makefile:59: libatmC.a] Error 1
rm -f PET*.ESMF_LogFile
rm -f *.o *.so *.mod *.mk
c     atmD.F90
gmake: c: Command not found
gmake: [Makefile:36: atmD.o] Error 127 (ignored)
shared -o atmD.so atmD.o
gmake: shared: Command not found
gmake: [Makefile:60: atmD.so] Error 127 (ignored)
mv atmD.so libatmD.so
mv: cannot stat 'atmD.so': No such file or directory
gmake: *** [Makefile:61: atmD.so] Error 1
rm -f PET*.ESMF_LogFile
rm -f *.o *.so *.mod *.mk
c     atmE.F90
gmake: c: Command not found
gmake: [Makefile:36: atmE.o] Error 127 (ignored)
shared -o atmE.so atmE.o
gmake: shared: Command not found
gmake: [Makefile:60: atmE.so] Error 127 (ignored)
rm -f atmE.o
mv: cannot stat 'atmE.so': No such file or directory
rm -f PET*.ESMF_LogFile
rm -f *.o *.mod *.mk
c    -fPIC atmF.C
gmake: c: Command not found
gmake: [Makefile:42: atmF.o] Error 127 (ignored)
rm -f PET*.ESMF_LogFile
rm -f *.o *.mod *.mk
c     subModule1.F90
gmake: c: Command not found
gmake: [Makefile:36: subModule1.o] Error 127 (ignored)
c     subModule2.F90
gmake: c: Command not found
gmake: [Makefile:36: subModule2.o] Error 127 (ignored)
c     ocnCommon.F90
gmake: c: Command not found
gmake: [Makefile:36: ocnCommon.o] Error 127 (ignored)
rm -f PET*.ESMF_LogFile
rm -f *.o *.mod *.mk
c  -DFRONT_OCNCOMMON=OceanCommon  -I/lfs/h1/emc/ptmp/Mark.Potts/intel_2019.3_mpi_O_develop/nuopc-app-prototypes/AtmOcnSelectExternalProto/OcnCommon     /lfs/h1/emc/ptmp/Mark.Potts/intel_2019.3_mpi_O_develop/nuopc-app-prototypes/AtmOcnSelectExternalProto/OcnCommon/ocnCommon.F90
gmake: c: Command not found
gmake: [Makefile:47: /lfs/h1/emc/ptmp/Mark.Potts/intel_2019.3_mpi_O_develop/nuopc-app-prototypes/AtmOcnSelectExternalProto/OcnCommon/ocnCommon.o] Error 127 (ignored)
c  -DFRONT_OCNCOMMON=OceanCommon  -I/lfs/h1/emc/ptmp/Mark.Potts/intel_2019.3_mpi_O_develop/nuopc-app-prototypes/AtmOcnSelectExternalProto/OcnCommon     ocn.F90
gmake: c: Command not found
gmake: [Makefile:47: ocn.o] Error 127 (ignored)
rm -f PET*.ESMF_LogFile
rm -f *.o *.mod *.mk
c     ocnSub.F90
gmake: c: Command not found
gmake: [Makefile:36: ocnSub.o] Error 127 (ignored)
rm -f PET*.ESMF_LogFile
rm -f *.o *.mod *.mk
c  -DFRONT_OCNCOMMON=OceanCommon -DFRONT_OCNSUB=ocnSub  -I/lfs/h1/emc/ptmp/Mark.Potts/intel_2019.3_mpi_O_develop/nuopc-app-prototypes/AtmOcnSelectExternalProto/OcnCommon -I/lfs/h1/emc/ptmp/Mark.Potts/intel_2019.3_mpi_O_develop/nuopc-app-prototypes/AtmOcnSelectExternalProto/OcnModelB/OcnSub     /lfs/h1/emc/ptmp/Mark.Potts/intel_2019.3_mpi_O_develop/nuopc-app-prototypes/AtmOcnSelectExternalProto/OcnCommon/ocnCommon.F90
gmake: c: Command not found
gmake: [Makefile:55: /lfs/h1/emc/ptmp/Mark.Potts/intel_2019.3_mpi_O_develop/nuopc-app-prototypes/AtmOcnSelectExternalProto/OcnCommon/ocnCommon.o] Error 127 (ignored)
c  -DFRONT_OCNCOMMON=OceanCommon -DFRONT_OCNSUB=ocnSub  -I/lfs/h1/emc/ptmp/Mark.Potts/intel_2019.3_mpi_O_develop/nuopc-app-prototypes/AtmOcnSelectExternalProto/OcnCommon -I/lfs/h1/emc/ptmp/Mark.Potts/intel_2019.3_mpi_O_develop/nuopc-app-prototypes/AtmOcnSelectExternalProto/OcnModelB/OcnSub     /lfs/h1/emc/ptmp/Mark.Potts/intel_2019.3_mpi_O_develop/nuopc-app-prototypes/AtmOcnSelectExternalProto/OcnModelB/OcnSub/ocnSub.F90
gmake: c: Command not found
gmake: [Makefile:55: /lfs/h1/emc/ptmp/Mark.Potts/intel_2019.3_mpi_O_develop/nuopc-app-prototypes/AtmOcnSelectExternalProto/OcnModelB/OcnSub/ocnSub.o] Error 127 (ignored)
c  -DFRONT_OCNCOMMON=OceanCommon -DFRONT_OCNSUB=ocnSub  -I/lfs/h1/emc/ptmp/Mark.Potts/intel_2019.3_mpi_O_develop/nuopc-app-prototypes/AtmOcnSelectExternalProto/OcnCommon -I/lfs/h1/emc/ptmp/Mark.Potts/intel_2019.3_mpi_O_develop/nuopc-app-prototypes/AtmOcnSelectExternalProto/OcnModelB/OcnSub     ocn.F90
gmake: c: Command not found
gmake: [Makefile:55: ocn.o] Error 127 (ignored)
rm -f PET*.ESMF_LogFile
rm -f *.o *.mod *.mk
c     ocnSub.F90
gmake: c: Command not found
gmake: [Makefile:36: ocnSub.o] Error 127 (ignored)
rm -f PET*.ESMF_LogFile
rm -f *.o *.so *.mod *.mk
c  -DFRONT_OCNCOMMON=OceanCommon -DFRONT_OCNSUB=ocnSub  -I/lfs/h1/emc/ptmp/Mark.Potts/intel_2019.3_mpi_O_develop/nuopc-app-prototypes/AtmOcnSelectExternalProto/OcnCommon -I/lfs/h1/emc/ptmp/Mark.Potts/intel_2019.3_mpi_O_develop/nuopc-app-prototypes/AtmOcnSelectExternalProto/OcnModelC/OcnSub     ocn.F90
gmake: c: Command not found
gmake: [Makefile:59: ocn.o] Error 127 (ignored)
c  -DFRONT_OCNCOMMON=OceanCommon -DFRONT_OCNSUB=ocnSub  -I/lfs/h1/emc/ptmp/Mark.Potts/intel_2019.3_mpi_O_develop/nuopc-app-prototypes/AtmOcnSelectExternalProto/OcnCommon -I/lfs/h1/emc/ptmp/Mark.Potts/intel_2019.3_mpi_O_develop/nuopc-app-prototypes/AtmOcnSelectExternalProto/OcnModelC/OcnSub     /lfs/h1/emc/ptmp/Mark.Potts/intel_2019.3_mpi_O_develop/nuopc-app-prototypes/AtmOcnSelectExternalProto/OcnCommon/ocnCommon.F90
gmake: c: Command not found
gmake: [Makefile:59: /lfs/h1/emc/ptmp/Mark.Potts/intel_2019.3_mpi_O_develop/nuopc-app-prototypes/AtmOcnSelectExternalProto/OcnCommon/ocnCommon.o] Error 127 (ignored)
c  -DFRONT_OCNCOMMON=OceanCommon -DFRONT_OCNSUB=ocnSub  -I/lfs/h1/emc/ptmp/Mark.Potts/intel_2019.3_mpi_O_develop/nuopc-app-prototypes/AtmOcnSelectExternalProto/OcnCommon -I/lfs/h1/emc/ptmp/Mark.Potts/intel_2019.3_mpi_O_develop/nuopc-app-prototypes/AtmOcnSelectExternalProto/OcnModelC/OcnSub     /lfs/h1/emc/ptmp/Mark.Potts/intel_2019.3_mpi_O_develop/nuopc-app-prototypes/AtmOcnSelectExternalProto/OcnModelC/OcnSub/ocnSub.F90
gmake: c: Command not found
gmake: [Makefile:59: /lfs/h1/emc/ptmp/Mark.Potts/intel_2019.3_mpi_O_develop/nuopc-app-prototypes/AtmOcnSelectExternalProto/OcnModelC/OcnSub/ocnSub.o] Error 127 (ignored)
shared -o ocn.so ocn.o  /lfs/h1/emc/ptmp/Mark.Potts/intel_2019.3_mpi_O_develop/nuopc-app-prototypes/AtmOcnSelectExternalProto/OcnCommon/ocnCommon.o /lfs/h1/emc/ptmp/Mark.Potts/intel_2019.3_mpi_O_develop/nuopc-app-prototypes/AtmOcnSelectExternalProto/OcnCommon/subModule1.o /lfs/h1/emc/ptmp/Mark.Potts/intel_2019.3_mpi_O_develop/nuopc-app-prototypes/AtmOcnSelectExternalProto/OcnCommon/subModule2.o /lfs/h1/emc/ptmp/Mark.Potts/intel_2019.3_mpi_O_develop/nuopc-app-prototypes/AtmOcnSelectExternalProto/OcnModelC/OcnSub/ocnSub.o        
gmake: shared: Command not found
gmake: [Makefile:83: ocn.so] Error 127 (ignored)
rm -f ocn.o
mv: cannot stat 'ocn.so': No such file or directory
c  -DFRONT_ATMA=atmA -DFRONT_OCNA=ocnA -DFRONT_OCNB=ocnB -DFRONT_SO_OCNC=\"ocn.so\"  -I/lfs/h1/emc/ptmp/Mark.Potts/intel_2019.3_mpi_O_develop/nuopc-app-prototypes/AtmOcnSelectExternalProto/ATM-A -I/lfs/h1/emc/ptmp/Mark.Potts/intel_2019.3_mpi_O_develop/nuopc-app-prototypes/AtmOcnSelectExternalProto/OcnModelA -I/lfs/h1/emc/ptmp/Mark.Potts/intel_2019.3_mpi_O_develop/nuopc-app-prototypes/AtmOcnSelectExternalProto/OcnModelB      /lfs/h1/emc/ptmp/Mark.Potts/intel_2019.3_mpi_O_develop/nuopc-app-prototypes/AtmOcnSelectExternalProto/ATM-A/atmA.F90
make: c: Command not found
make: [Makefile:135: /lfs/h1/emc/ptmp/Mark.Potts/intel_2019.3_mpi_O_develop/nuopc-app-prototypes/AtmOcnSelectExternalProto/ATM-A/atmA.o] Error 127 (ignored)
c  -DFRONT_ATMA=atmA -DFRONT_OCNA=ocnA -DFRONT_OCNB=ocnB -DFRONT_SO_OCNC=\"ocn.so\"  -I/lfs/h1/emc/ptmp/Mark.Potts/intel_2019.3_mpi_O_develop/nuopc-app-prototypes/AtmOcnSelectExternalProto/ATM-A -I/lfs/h1/emc/ptmp/Mark.Potts/intel_2019.3_mpi_O_develop/nuopc-app-prototypes/AtmOcnSelectExternalProto/OcnModelA -I/lfs/h1/emc/ptmp/Mark.Potts/intel_2019.3_mpi_O_develop/nuopc-app-prototypes/AtmOcnSelectExternalProto/OcnModelB      /lfs/h1/emc/ptmp/Mark.Potts/intel_2019.3_mpi_O_develop/nuopc-app-prototypes/AtmOcnSelectExternalProto/OcnModelA/ocn.F90
make: c: Command not found
make: [Makefile:135: /lfs/h1/emc/ptmp/Mark.Potts/intel_2019.3_mpi_O_develop/nuopc-app-prototypes/AtmOcnSelectExternalProto/OcnModelA/ocn.o] Error 127 (ignored)
c  -DFRONT_ATMA=atmA -DFRONT_OCNA=ocnA -DFRONT_OCNB=ocnB -DFRONT_SO_OCNC=\"ocn.so\"  -I/lfs/h1/emc/ptmp/Mark.Potts/intel_2019.3_mpi_O_develop/nuopc-app-prototypes/AtmOcnSelectExternalProto/ATM-A -I/lfs/h1/emc/ptmp/Mark.Potts/intel_2019.3_mpi_O_develop/nuopc-app-prototypes/AtmOcnSelectExternalProto/OcnModelA -I/lfs/h1/emc/ptmp/Mark.Potts/intel_2019.3_mpi_O_develop/nuopc-app-prototypes/AtmOcnSelectExternalProto/OcnModelB      /lfs/h1/emc/ptmp/Mark.Potts/intel_2019.3_mpi_O_develop/nuopc-app-prototypes/AtmOcnSelectExternalProto/OcnModelB/ocn.F90
make: c: Command not found
make: [Makefile:135: /lfs/h1/emc/ptmp/Mark.Potts/intel_2019.3_mpi_O_develop/nuopc-app-prototypes/AtmOcnSelectExternalProto/OcnModelB/ocn.o] Error 127 (ignored)
c  -DFRONT_ATMA=atmA -DFRONT_OCNA=ocnA -DFRONT_OCNB=ocnB -DFRONT_SO_OCNC=\"ocn.so\"  -I/lfs/h1/emc/ptmp/Mark.Potts/intel_2019.3_mpi_O_develop/nuopc-app-prototypes/AtmOcnSelectExternalProto/ATM-A -I/lfs/h1/emc/ptmp/Mark.Potts/intel_2019.3_mpi_O_develop/nuopc-app-prototypes/AtmOcnSelectExternalProto/OcnModelA -I/lfs/h1/emc/ptmp/Mark.Potts/intel_2019.3_mpi_O_develop/nuopc-app-prototypes/AtmOcnSelectExternalProto/OcnModelB      esm.F90
make: c: Command not found
make: [Makefile:135: esm.o] Error 127 (ignored)
c  -DFRONT_ATMA=atmA -DFRONT_OCNA=ocnA -DFRONT_OCNB=ocnB -DFRONT_SO_OCNC=\"ocn.so\"  -I/lfs/h1/emc/ptmp/Mark.Potts/intel_2019.3_mpi_O_develop/nuopc-app-prototypes/AtmOcnSelectExternalProto/ATM-A -I/lfs/h1/emc/ptmp/Mark.Potts/intel_2019.3_mpi_O_develop/nuopc-app-prototypes/AtmOcnSelectExternalProto/OcnModelA -I/lfs/h1/emc/ptmp/Mark.Potts/intel_2019.3_mpi_O_develop/nuopc-app-prototypes/AtmOcnSelectExternalProto/OcnModelB      esmApp.F90
make: c: Command not found
make: [Makefile:135: esmApp.o] Error 127 (ignored)
c  -DFRONT_ATMA=atmA -DFRONT_OCNA=ocnA -DFRONT_OCNB=ocnB -DFRONT_SO_OCNC=\"ocn.so\"  -I/lfs/h1/emc/ptmp/Mark.Potts/intel_2019.3_mpi_O_develop/nuopc-app-prototypes/AtmOcnSelectExternalProto/ATM-A -I/lfs/h1/emc/ptmp/Mark.Potts/intel_2019.3_mpi_O_develop/nuopc-app-prototypes/AtmOcnSelectExternalProto/OcnModelA -I/lfs/h1/emc/ptmp/Mark.Potts/intel_2019.3_mpi_O_develop/nuopc-app-prototypes/AtmOcnSelectExternalProto/OcnModelB      /lfs/h1/emc/ptmp/Mark.Potts/intel_2019.3_mpi_O_develop/nuopc-app-prototypes/AtmOcnSelectExternalProto/OcnCommon/ocnCommon.F90
make: c: Command not found
make: [Makefile:135: /lfs/h1/emc/ptmp/Mark.Potts/intel_2019.3_mpi_O_develop/nuopc-app-prototypes/AtmOcnSelectExternalProto/OcnCommon/ocnCommon.o] Error 127 (ignored)
c  -DFRONT_ATMA=atmA -DFRONT_OCNA=ocnA -DFRONT_OCNB=ocnB -DFRONT_SO_OCNC=\"ocn.so\"  -I/lfs/h1/emc/ptmp/Mark.Potts/intel_2019.3_mpi_O_develop/nuopc-app-prototypes/AtmOcnSelectExternalProto/ATM-A -I/lfs/h1/emc/ptmp/Mark.Potts/intel_2019.3_mpi_O_develop/nuopc-app-prototypes/AtmOcnSelectExternalProto/OcnModelA -I/lfs/h1/emc/ptmp/Mark.Potts/intel_2019.3_mpi_O_develop/nuopc-app-prototypes/AtmOcnSelectExternalProto/OcnModelB      /lfs/h1/emc/ptmp/Mark.Potts/intel_2019.3_mpi_O_develop/nuopc-app-prototypes/AtmOcnSelectExternalProto/OcnCommon/subModule1.F90
make: c: Command not found
make: [Makefile:135: /lfs/h1/emc/ptmp/Mark.Potts/intel_2019.3_mpi_O_develop/nuopc-app-prototypes/AtmOcnSelectExternalProto/OcnCommon/subModule1.o] Error 127 (ignored)
c  -DFRONT_ATMA=atmA -DFRONT_OCNA=ocnA -DFRONT_OCNB=ocnB -DFRONT_SO_OCNC=\"ocn.so\"  -I/lfs/h1/emc/ptmp/Mark.Potts/intel_2019.3_mpi_O_develop/nuopc-app-prototypes/AtmOcnSelectExternalProto/ATM-A -I/lfs/h1/emc/ptmp/Mark.Potts/intel_2019.3_mpi_O_develop/nuopc-app-prototypes/AtmOcnSelectExternalProto/OcnModelA -I/lfs/h1/emc/ptmp/Mark.Potts/intel_2019.3_mpi_O_develop/nuopc-app-prototypes/AtmOcnSelectExternalProto/OcnModelB      /lfs/h1/emc/ptmp/Mark.Potts/intel_2019.3_mpi_O_develop/nuopc-app-prototypes/AtmOcnSelectExternalProto/OcnCommon/subModule2.F90
make: c: Command not found
make: [Makefile:135: /lfs/h1/emc/ptmp/Mark.Potts/intel_2019.3_mpi_O_develop/nuopc-app-prototypes/AtmOcnSelectExternalProto/OcnCommon/subModule2.o] Error 127 (ignored)
c  -DFRONT_ATMA=atmA -DFRONT_OCNA=ocnA -DFRONT_OCNB=ocnB -DFRONT_SO_OCNC=\"ocn.so\"  -I/lfs/h1/emc/ptmp/Mark.Potts/intel_2019.3_mpi_O_develop/nuopc-app-prototypes/AtmOcnSelectExternalProto/ATM-A -I/lfs/h1/emc/ptmp/Mark.Potts/intel_2019.3_mpi_O_develop/nuopc-app-prototypes/AtmOcnSelectExternalProto/OcnModelA -I/lfs/h1/emc/ptmp/Mark.Potts/intel_2019.3_mpi_O_develop/nuopc-app-prototypes/AtmOcnSelectExternalProto/OcnModelB      /lfs/h1/emc/ptmp/Mark.Potts/intel_2019.3_mpi_O_develop/nuopc-app-prototypes/AtmOcnSelectExternalProto/OcnModelB/OcnSub/ocnSub.F90
make: c: Command not found
make: [Makefile:135: /lfs/h1/emc/ptmp/Mark.Potts/intel_2019.3_mpi_O_develop/nuopc-app-prototypes/AtmOcnSelectExternalProto/OcnModelB/OcnSub/ocnSub.o] Error 127 (ignored)
o esmApp esmApp.o esm.o /lfs/h1/emc/ptmp/Mark.Potts/intel_2019.3_mpi_O_develop/nuopc-app-prototypes/AtmOcnSelectExternalProto/ATM-A/atmA.o /lfs/h1/emc/ptmp/Mark.Potts/intel_2019.3_mpi_O_develop/nuopc-app-prototypes/AtmOcnSelectExternalProto/OcnModelA/ocn.o /lfs/h1/emc/ptmp/Mark.Potts/intel_2019.3_mpi_O_develop/nuopc-app-prototypes/AtmOcnSelectExternalProto/OcnCommon/ocnCommon.o /lfs/h1/emc/ptmp/Mark.Potts/intel_2019.3_mpi_O_develop/nuopc-app-prototypes/AtmOcnSelectExternalProto/OcnCommon/subModule1.o /lfs/h1/emc/ptmp/Mark.Potts/intel_2019.3_mpi_O_develop/nuopc-app-prototypes/AtmOcnSelectExternalProto/OcnCommon/subModule2.o /lfs/h1/emc/ptmp/Mark.Potts/intel_2019.3_mpi_O_develop/nuopc-app-prototypes/AtmOcnSelectExternalProto/OcnModelB/ocn.o /lfs/h1/emc/ptmp/Mark.Potts/intel_2019.3_mpi_O_develop/nuopc-app-prototypes/AtmOcnSelectExternalProto/OcnModelB/OcnSub/ocnSub.o               
make: o: Command not found
make: [Makefile:146: esmApp] Error 127 (ignored)
+ -np 4 ./esmApp
+ local result=127
+ set +x

rm -f esmApp *.o *.mod
c  -DFRONT_ATMB=atmB -DFRONT_OCNA=ocnA -DFRONT_OCNB=ocnB -DFRONT_SO_OCNC=\"ocn.so\"  -I/lfs/h1/emc/ptmp/Mark.Potts/intel_2019.3_mpi_O_develop/nuopc-app-prototypes/AtmOcnSelectExternalProto/ATM-B -I/lfs/h1/emc/ptmp/Mark.Potts/intel_2019.3_mpi_O_develop/nuopc-app-prototypes/AtmOcnSelectExternalProto/OcnModelA -I/lfs/h1/emc/ptmp/Mark.Potts/intel_2019.3_mpi_O_develop/nuopc-app-prototypes/AtmOcnSelectExternalProto/OcnModelB      /lfs/h1/emc/ptmp/Mark.Potts/intel_2019.3_mpi_O_develop/nuopc-app-prototypes/AtmOcnSelectExternalProto/ATM-B/atmB.F90
make: c: Command not found
make: [Makefile:135: /lfs/h1/emc/ptmp/Mark.Potts/intel_2019.3_mpi_O_develop/nuopc-app-prototypes/AtmOcnSelectExternalProto/ATM-B/atmB.o] Error 127 (ignored)
c  -DFRONT_ATMB=atmB -DFRONT_OCNA=ocnA -DFRONT_OCNB=ocnB -DFRONT_SO_OCNC=\"ocn.so\"  -I/lfs/h1/emc/ptmp/Mark.Potts/intel_2019.3_mpi_O_develop/nuopc-app-prototypes/AtmOcnSelectExternalProto/ATM-B -I/lfs/h1/emc/ptmp/Mark.Potts/intel_2019.3_mpi_O_develop/nuopc-app-prototypes/AtmOcnSelectExternalProto/OcnModelA -I/lfs/h1/emc/ptmp/Mark.Potts/intel_2019.3_mpi_O_develop/nuopc-app-prototypes/AtmOcnSelectExternalProto/OcnModelB      /lfs/h1/emc/ptmp/Mark.Potts/intel_2019.3_mpi_O_develop/nuopc-app-prototypes/AtmOcnSelectExternalProto/OcnModelA/ocn.F90
make: c: Command not found
make: [Makefile:135: /lfs/h1/emc/ptmp/Mark.Potts/intel_2019.3_mpi_O_develop/nuopc-app-prototypes/AtmOcnSelectExternalProto/OcnModelA/ocn.o] Error 127 (ignored)
c  -DFRONT_ATMB=atmB -DFRONT_OCNA=ocnA -DFRONT_OCNB=ocnB -DFRONT_SO_OCNC=\"ocn.so\"  -I/lfs/h1/emc/ptmp/Mark.Potts/intel_2019.3_mpi_O_develop/nuopc-app-prototypes/AtmOcnSelectExternalProto/ATM-B -I/lfs/h1/emc/ptmp/Mark.Potts/intel_2019.3_mpi_O_develop/nuopc-app-prototypes/AtmOcnSelectExternalProto/OcnModelA -I/lfs/h1/emc/ptmp/Mark.Potts/intel_2019.3_mpi_O_develop/nuopc-app-prototypes/AtmOcnSelectExternalProto/OcnModelB      /lfs/h1/emc/ptmp/Mark.Potts/intel_2019.3_mpi_O_develop/nuopc-app-prototypes/AtmOcnSelectExternalProto/OcnModelB/ocn.F90
make: c: Command not found
make: [Makefile:135: /lfs/h1/emc/ptmp/Mark.Potts/intel_2019.3_mpi_O_develop/nuopc-app-prototypes/AtmOcnSelectExternalProto/OcnModelB/ocn.o] Error 127 (ignored)
c  -DFRONT_ATMB=atmB -DFRONT_OCNA=ocnA -DFRONT_OCNB=ocnB -DFRONT_SO_OCNC=\"ocn.so\"  -I/lfs/h1/emc/ptmp/Mark.Potts/intel_2019.3_mpi_O_develop/nuopc-app-prototypes/AtmOcnSelectExternalProto/ATM-B -I/lfs/h1/emc/ptmp/Mark.Potts/intel_2019.3_mpi_O_develop/nuopc-app-prototypes/AtmOcnSelectExternalProto/OcnModelA -I/lfs/h1/emc/ptmp/Mark.Potts/intel_2019.3_mpi_O_develop/nuopc-app-prototypes/AtmOcnSelectExternalProto/OcnModelB      esm.F90
make: c: Command not found
make: [Makefile:135: esm.o] Error 127 (ignored)
c  -DFRONT_ATMB=atmB -DFRONT_OCNA=ocnA -DFRONT_OCNB=ocnB -DFRONT_SO_OCNC=\"ocn.so\"  -I/lfs/h1/emc/ptmp/Mark.Potts/intel_2019.3_mpi_O_develop/nuopc-app-prototypes/AtmOcnSelectExternalProto/ATM-B -I/lfs/h1/emc/ptmp/Mark.Potts/intel_2019.3_mpi_O_develop/nuopc-app-prototypes/AtmOcnSelectExternalProto/OcnModelA -I/lfs/h1/emc/ptmp/Mark.Potts/intel_2019.3_mpi_O_develop/nuopc-app-prototypes/AtmOcnSelectExternalProto/OcnModelB      esmApp.F90
make: c: Command not found
make: [Makefile:135: esmApp.o] Error 127 (ignored)
c  -DFRONT_ATMB=atmB -DFRONT_OCNA=ocnA -DFRONT_OCNB=ocnB -DFRONT_SO_OCNC=\"ocn.so\"  -I/lfs/h1/emc/ptmp/Mark.Potts/intel_2019.3_mpi_O_develop/nuopc-app-prototypes/AtmOcnSelectExternalProto/ATM-B -I/lfs/h1/emc/ptmp/Mark.Potts/intel_2019.3_mpi_O_develop/nuopc-app-prototypes/AtmOcnSelectExternalProto/OcnModelA -I/lfs/h1/emc/ptmp/Mark.Potts/intel_2019.3_mpi_O_develop/nuopc-app-prototypes/AtmOcnSelectExternalProto/OcnModelB      /lfs/h1/emc/ptmp/Mark.Potts/intel_2019.3_mpi_O_develop/nuopc-app-prototypes/AtmOcnSelectExternalProto/ATM-B/procedure.F90
make: c: Command not found
make: [Makefile:135: /lfs/h1/emc/ptmp/Mark.Potts/intel_2019.3_mpi_O_develop/nuopc-app-prototypes/AtmOcnSelectExternalProto/ATM-B/procedure.o] Error 127 (ignored)
c  -DFRONT_ATMB=atmB -DFRONT_OCNA=ocnA -DFRONT_OCNB=ocnB -DFRONT_SO_OCNC=\"ocn.so\"  -I/lfs/h1/emc/ptmp/Mark.Potts/intel_2019.3_mpi_O_develop/nuopc-app-prototypes/AtmOcnSelectExternalProto/ATM-B -I/lfs/h1/emc/ptmp/Mark.Potts/intel_2019.3_mpi_O_develop/nuopc-app-prototypes/AtmOcnSelectExternalProto/OcnModelA -I/lfs/h1/emc/ptmp/Mark.Potts/intel_2019.3_mpi_O_develop/nuopc-app-prototypes/AtmOcnSelectExternalProto/OcnModelB      /lfs/h1/emc/ptmp/Mark.Potts/intel_2019.3_mpi_O_develop/nuopc-app-prototypes/AtmOcnSelectExternalProto/OcnCommon/ocnCommon.F90
make: c: Command not found
make: [Makefile:135: /lfs/h1/emc/ptmp/Mark.Potts/intel_2019.3_mpi_O_develop/nuopc-app-prototypes/AtmOcnSelectExternalProto/OcnCommon/ocnCommon.o] Error 127 (ignored)
c  -DFRONT_ATMB=atmB -DFRONT_OCNA=ocnA -DFRONT_OCNB=ocnB -DFRONT_SO_OCNC=\"ocn.so\"  -I/lfs/h1/emc/ptmp/Mark.Potts/intel_2019.3_mpi_O_develop/nuopc-app-prototypes/AtmOcnSelectExternalProto/ATM-B -I/lfs/h1/emc/ptmp/Mark.Potts/intel_2019.3_mpi_O_develop/nuopc-app-prototypes/AtmOcnSelectExternalProto/OcnModelA -I/lfs/h1/emc/ptmp/Mark.Potts/intel_2019.3_mpi_O_develop/nuopc-app-prototypes/AtmOcnSelectExternalProto/OcnModelB      /lfs/h1/emc/ptmp/Mark.Potts/intel_2019.3_mpi_O_develop/nuopc-app-prototypes/AtmOcnSelectExternalProto/OcnCommon/subModule1.F90
make: c: Command not found
make: [Makefile:135: /lfs/h1/emc/ptmp/Mark.Potts/intel_2019.3_mpi_O_develop/nuopc-app-prototypes/AtmOcnSelectExternalProto/OcnCommon/subModule1.o] Error 127 (ignored)
c  -DFRONT_ATMB=atmB -DFRONT_OCNA=ocnA -DFRONT_OCNB=ocnB -DFRONT_SO_OCNC=\"ocn.so\"  -I/lfs/h1/emc/ptmp/Mark.Potts/intel_2019.3_mpi_O_develop/nuopc-app-prototypes/AtmOcnSelectExternalProto/ATM-B -I/lfs/h1/emc/ptmp/Mark.Potts/intel_2019.3_mpi_O_develop/nuopc-app-prototypes/AtmOcnSelectExternalProto/OcnModelA -I/lfs/h1/emc/ptmp/Mark.Potts/intel_2019.3_mpi_O_develop/nuopc-app-prototypes/AtmOcnSelectExternalProto/OcnModelB      /lfs/h1/emc/ptmp/Mark.Potts/intel_2019.3_mpi_O_develop/nuopc-app-prototypes/AtmOcnSelectExternalProto/OcnCommon/subModule2.F90
make: c: Command not found
make: [Makefile:135: /lfs/h1/emc/ptmp/Mark.Potts/intel_2019.3_mpi_O_develop/nuopc-app-prototypes/AtmOcnSelectExternalProto/OcnCommon/subModule2.o] Error 127 (ignored)
c  -DFRONT_ATMB=atmB -DFRONT_OCNA=ocnA -DFRONT_OCNB=ocnB -DFRONT_SO_OCNC=\"ocn.so\"  -I/lfs/h1/emc/ptmp/Mark.Potts/intel_2019.3_mpi_O_develop/nuopc-app-prototypes/AtmOcnSelectExternalProto/ATM-B -I/lfs/h1/emc/ptmp/Mark.Potts/intel_2019.3_mpi_O_develop/nuopc-app-prototypes/AtmOcnSelectExternalProto/OcnModelA -I/lfs/h1/emc/ptmp/Mark.Potts/intel_2019.3_mpi_O_develop/nuopc-app-prototypes/AtmOcnSelectExternalProto/OcnModelB      /lfs/h1/emc/ptmp/Mark.Potts/intel_2019.3_mpi_O_develop/nuopc-app-prototypes/AtmOcnSelectExternalProto/OcnModelB/OcnSub/ocnSub.F90
make: c: Command not found
make: [Makefile:135: /lfs/h1/emc/ptmp/Mark.Potts/intel_2019.3_mpi_O_develop/nuopc-app-prototypes/AtmOcnSelectExternalProto/OcnModelB/OcnSub/ocnSub.o] Error 127 (ignored)
o esmApp esmApp.o esm.o /lfs/h1/emc/ptmp/Mark.Potts/intel_2019.3_mpi_O_develop/nuopc-app-prototypes/AtmOcnSelectExternalProto/ATM-B/atmB.o /lfs/h1/emc/ptmp/Mark.Potts/intel_2019.3_mpi_O_develop/nuopc-app-prototypes/AtmOcnSelectExternalProto/ATM-B/procedure.o /lfs/h1/emc/ptmp/Mark.Potts/intel_2019.3_mpi_O_develop/nuopc-app-prototypes/AtmOcnSelectExternalProto/OcnModelA/ocn.o /lfs/h1/emc/ptmp/Mark.Potts/intel_2019.3_mpi_O_develop/nuopc-app-prototypes/AtmOcnSelectExternalProto/OcnCommon/ocnCommon.o /lfs/h1/emc/ptmp/Mark.Potts/intel_2019.3_mpi_O_develop/nuopc-app-prototypes/AtmOcnSelectExternalProto/OcnCommon/subModule1.o /lfs/h1/emc/ptmp/Mark.Potts/intel_2019.3_mpi_O_develop/nuopc-app-prototypes/AtmOcnSelectExternalProto/OcnCommon/subModule2.o /lfs/h1/emc/ptmp/Mark.Potts/intel_2019.3_mpi_O_develop/nuopc-app-prototypes/AtmOcnSelectExternalProto/OcnModelB/ocn.o /lfs/h1/emc/ptmp/Mark.Potts/intel_2019.3_mpi_O_develop/nuopc-app-prototypes/AtmOcnSelectExternalProto/OcnModelB/OcnSub/ocnSub.o               
make: o: Command not found
make: [Makefile:146: esmApp] Error 127 (ignored)
+ -np 4 ./esmApp
+ local result=127
+ set +x

rm -f esmApp *.o *.mod
Makefile:53: ATM-C/atmC.mk: No such file or directory
make: *** No rule to make target 'ATM-C/atmC.mk'.  Stop.
+ -np 4 ./esmApp
+ local result=127
+ set +x

rm -f esmApp *.o *.mod
Makefile:62: ATM-D/atmD.mk: No such file or directory
make: *** No rule to make target 'ATM-D/atmD.mk'.  Stop.
+ -np 4 ./esmApp
+ local result=127
+ set +x
FINISHED: AtmOcnSelectExternalProto

rm -f esmApp *.o *.mod
c  -DFRONT_SO_ATME=\"atmE.so\" -DFRONT_OCNA=ocnA -DFRONT_OCNB=ocnB -DFRONT_SO_OCNC=\"ocn.so\"   -I/lfs/h1/emc/ptmp/Mark.Potts/intel_2019.3_mpi_O_develop/nuopc-app-prototypes/AtmOcnSelectExternalProto/OcnModelA -I/lfs/h1/emc/ptmp/Mark.Potts/intel_2019.3_mpi_O_develop/nuopc-app-prototypes/AtmOcnSelectExternalProto/OcnModelB      /lfs/h1/emc/ptmp/Mark.Potts/intel_2019.3_mpi_O_develop/nuopc-app-prototypes/AtmOcnSelectExternalProto/OcnModelA/ocn.F90
make: c: Command not found
make: [Makefile:135: /lfs/h1/emc/ptmp/Mark.Potts/intel_2019.3_mpi_O_develop/nuopc-app-prototypes/AtmOcnSelectExternalProto/OcnModelA/ocn.o] Error 127 (ignored)
c  -DFRONT_SO_ATME=\"atmE.so\" -DFRONT_OCNA=ocnA -DFRONT_OCNB=ocnB -DFRONT_SO_OCNC=\"ocn.so\"   -I/lfs/h1/emc/ptmp/Mark.Potts/intel_2019.3_mpi_O_develop/nuopc-app-prototypes/AtmOcnSelectExternalProto/OcnModelA -I/lfs/h1/emc/ptmp/Mark.Potts/intel_2019.3_mpi_O_develop/nuopc-app-prototypes/AtmOcnSelectExternalProto/OcnModelB      /lfs/h1/emc/ptmp/Mark.Potts/intel_2019.3_mpi_O_develop/nuopc-app-prototypes/AtmOcnSelectExternalProto/OcnModelB/ocn.F90
make: c: Command not found
make: [Makefile:135: /lfs/h1/emc/ptmp/Mark.Potts/intel_2019.3_mpi_O_develop/nuopc-app-prototypes/AtmOcnSelectExternalProto/OcnModelB/ocn.o] Error 127 (ignored)
c  -DFRONT_SO_ATME=\"atmE.so\" -DFRONT_OCNA=ocnA -DFRONT_OCNB=ocnB -DFRONT_SO_OCNC=\"ocn.so\"   -I/lfs/h1/emc/ptmp/Mark.Potts/intel_2019.3_mpi_O_develop/nuopc-app-prototypes/AtmOcnSelectExternalProto/OcnModelA -I/lfs/h1/emc/ptmp/Mark.Potts/intel_2019.3_mpi_O_develop/nuopc-app-prototypes/AtmOcnSelectExternalProto/OcnModelB      esm.F90
make: c: Command not found
make: [Makefile:135: esm.o] Error 127 (ignored)
c  -DFRONT_SO_ATME=\"atmE.so\" -DFRONT_OCNA=ocnA -DFRONT_OCNB=ocnB -DFRONT_SO_OCNC=\"ocn.so\"   -I/lfs/h1/emc/ptmp/Mark.Potts/intel_2019.3_mpi_O_develop/nuopc-app-prototypes/AtmOcnSelectExternalProto/OcnModelA -I/lfs/h1/emc/ptmp/Mark.Potts/intel_2019.3_mpi_O_develop/nuopc-app-prototypes/AtmOcnSelectExternalProto/OcnModelB      esmApp.F90
make: c: Command not found
make: [Makefile:135: esmApp.o] Error 127 (ignored)
c  -DFRONT_SO_ATME=\"atmE.so\" -DFRONT_OCNA=ocnA -DFRONT_OCNB=ocnB -DFRONT_SO_OCNC=\"ocn.so\"   -I/lfs/h1/emc/ptmp/Mark.Potts/intel_2019.3_mpi_O_develop/nuopc-app-prototypes/AtmOcnSelectExternalProto/OcnModelA -I/lfs/h1/emc/ptmp/Mark.Potts/intel_2019.3_mpi_O_develop/nuopc-app-prototypes/AtmOcnSelectExternalProto/OcnModelB      /lfs/h1/emc/ptmp/Mark.Potts/intel_2019.3_mpi_O_develop/nuopc-app-prototypes/AtmOcnSelectExternalProto/OcnCommon/ocnCommon.F90
make: c: Command not found
make: [Makefile:135: /lfs/h1/emc/ptmp/Mark.Potts/intel_2019.3_mpi_O_develop/nuopc-app-prototypes/AtmOcnSelectExternalProto/OcnCommon/ocnCommon.o] Error 127 (ignored)
c  -DFRONT_SO_ATME=\"atmE.so\" -DFRONT_OCNA=ocnA -DFRONT_OCNB=ocnB -DFRONT_SO_OCNC=\"ocn.so\"   -I/lfs/h1/emc/ptmp/Mark.Potts/intel_2019.3_mpi_O_develop/nuopc-app-prototypes/AtmOcnSelectExternalProto/OcnModelA -I/lfs/h1/emc/ptmp/Mark.Potts/intel_2019.3_mpi_O_develop/nuopc-app-prototypes/AtmOcnSelectExternalProto/OcnModelB      /lfs/h1/emc/ptmp/Mark.Potts/intel_2019.3_mpi_O_develop/nuopc-app-prototypes/AtmOcnSelectExternalProto/OcnCommon/subModule1.F90
make: c: Command not found
make: [Makefile:135: /lfs/h1/emc/ptmp/Mark.Potts/intel_2019.3_mpi_O_develop/nuopc-app-prototypes/AtmOcnSelectExternalProto/OcnCommon/subModule1.o] Error 127 (ignored)
c  -DFRONT_SO_ATME=\"atmE.so\" -DFRONT_OCNA=ocnA -DFRONT_OCNB=ocnB -DFRONT_SO_OCNC=\"ocn.so\"   -I/lfs/h1/emc/ptmp/Mark.Potts/intel_2019.3_mpi_O_develop/nuopc-app-prototypes/AtmOcnSelectExternalProto/OcnModelA -I/lfs/h1/emc/ptmp/Mark.Potts/intel_2019.3_mpi_O_develop/nuopc-app-prototypes/AtmOcnSelectExternalProto/OcnModelB      /lfs/h1/emc/ptmp/Mark.Potts/intel_2019.3_mpi_O_develop/nuopc-app-prototypes/AtmOcnSelectExternalProto/OcnCommon/subModule2.F90
make: c: Command not found
make: [Makefile:135: /lfs/h1/emc/ptmp/Mark.Potts/intel_2019.3_mpi_O_develop/nuopc-app-prototypes/AtmOcnSelectExternalProto/OcnCommon/subModule2.o] Error 127 (ignored)
c  -DFRONT_SO_ATME=\"atmE.so\" -DFRONT_OCNA=ocnA -DFRONT_OCNB=ocnB -DFRONT_SO_OCNC=\"ocn.so\"   -I/lfs/h1/emc/ptmp/Mark.Potts/intel_2019.3_mpi_O_develop/nuopc-app-prototypes/AtmOcnSelectExternalProto/OcnModelA -I/lfs/h1/emc/ptmp/Mark.Potts/intel_2019.3_mpi_O_develop/nuopc-app-prototypes/AtmOcnSelectExternalProto/OcnModelB      /lfs/h1/emc/ptmp/Mark.Potts/intel_2019.3_mpi_O_develop/nuopc-app-prototypes/AtmOcnSelectExternalProto/OcnModelB/OcnSub/ocnSub.F90
make: c: Command not found
make: [Makefile:135: /lfs/h1/emc/ptmp/Mark.Potts/intel_2019.3_mpi_O_develop/nuopc-app-prototypes/AtmOcnSelectExternalProto/OcnModelB/OcnSub/ocnSub.o] Error 127 (ignored)
o esmApp esmApp.o esm.o /lfs/h1/emc/ptmp/Mark.Potts/intel_2019.3_mpi_O_develop/nuopc-app-prototypes/AtmOcnSelectExternalProto/OcnModelA/ocn.o /lfs/h1/emc/ptmp/Mark.Potts/intel_2019.3_mpi_O_develop/nuopc-app-prototypes/AtmOcnSelectExternalProto/OcnCommon/ocnCommon.o /lfs/h1/emc/ptmp/Mark.Potts/intel_2019.3_mpi_O_develop/nuopc-app-prototypes/AtmOcnSelectExternalProto/OcnCommon/subModule1.o /lfs/h1/emc/ptmp/Mark.Potts/intel_2019.3_mpi_O_develop/nuopc-app-prototypes/AtmOcnSelectExternalProto/OcnCommon/subModule2.o /lfs/h1/emc/ptmp/Mark.Potts/intel_2019.3_mpi_O_develop/nuopc-app-prototypes/AtmOcnSelectExternalProto/OcnModelB/ocn.o /lfs/h1/emc/ptmp/Mark.Potts/intel_2019.3_mpi_O_develop/nuopc-app-prototypes/AtmOcnSelectExternalProto/OcnModelB/OcnSub/ocnSub.o               
make: o: Command not found
make: [Makefile:146: esmApp] Error 127 (ignored)
+ -np 4 ./esmApp
+ local result=127
+ set +x

rm -f esmApp *.o *.mod
c  -DFRONT_H_ATMF=\"atmF.h\" -DFRONT_H_ATMF_SS=SetServices_atmF -DFRONT_OCNA=ocnA -DFRONT_OCNB=ocnB -DFRONT_SO_OCNC=\"ocn.so\"  -I/lfs/h1/emc/ptmp/Mark.Potts/intel_2019.3_mpi_O_develop/nuopc-app-prototypes/AtmOcnSelectExternalProto/ATM-F -I/lfs/h1/emc/ptmp/Mark.Potts/intel_2019.3_mpi_O_develop/nuopc-app-prototypes/AtmOcnSelectExternalProto/OcnModelA -I/lfs/h1/emc/ptmp/Mark.Potts/intel_2019.3_mpi_O_develop/nuopc-app-prototypes/AtmOcnSelectExternalProto/OcnModelB     -fPIC /lfs/h1/emc/ptmp/Mark.Potts/intel_2019.3_mpi_O_develop/nuopc-app-prototypes/AtmOcnSelectExternalProto/ATM-F/atmF.C
make: c: Command not found
make: [Makefile:141: /lfs/h1/emc/ptmp/Mark.Potts/intel_2019.3_mpi_O_develop/nuopc-app-prototypes/AtmOcnSelectExternalProto/ATM-F/atmF.o] Error 127 (ignored)
c  -DFRONT_H_ATMF=\"atmF.h\" -DFRONT_H_ATMF_SS=SetServices_atmF -DFRONT_OCNA=ocnA -DFRONT_OCNB=ocnB -DFRONT_SO_OCNC=\"ocn.so\"  -I/lfs/h1/emc/ptmp/Mark.Potts/intel_2019.3_mpi_O_develop/nuopc-app-prototypes/AtmOcnSelectExternalProto/ATM-F -I/lfs/h1/emc/ptmp/Mark.Potts/intel_2019.3_mpi_O_develop/nuopc-app-prototypes/AtmOcnSelectExternalProto/OcnModelA -I/lfs/h1/emc/ptmp/Mark.Potts/intel_2019.3_mpi_O_develop/nuopc-app-prototypes/AtmOcnSelectExternalProto/OcnModelB      /lfs/h1/emc/ptmp/Mark.Potts/intel_2019.3_mpi_O_develop/nuopc-app-prototypes/AtmOcnSelectExternalProto/OcnModelA/ocn.F90
make: c: Command not found
make: [Makefile:135: /lfs/h1/emc/ptmp/Mark.Potts/intel_2019.3_mpi_O_develop/nuopc-app-prototypes/AtmOcnSelectExternalProto/OcnModelA/ocn.o] Error 127 (ignored)
c  -DFRONT_H_ATMF=\"atmF.h\" -DFRONT_H_ATMF_SS=SetServices_atmF -DFRONT_OCNA=ocnA -DFRONT_OCNB=ocnB -DFRONT_SO_OCNC=\"ocn.so\"  -I/lfs/h1/emc/ptmp/Mark.Potts/intel_2019.3_mpi_O_develop/nuopc-app-prototypes/AtmOcnSelectExternalProto/ATM-F -I/lfs/h1/emc/ptmp/Mark.Potts/intel_2019.3_mpi_O_develop/nuopc-app-prototypes/AtmOcnSelectExternalProto/OcnModelA -I/lfs/h1/emc/ptmp/Mark.Potts/intel_2019.3_mpi_O_develop/nuopc-app-prototypes/AtmOcnSelectExternalProto/OcnModelB      /lfs/h1/emc/ptmp/Mark.Potts/intel_2019.3_mpi_O_develop/nuopc-app-prototypes/AtmOcnSelectExternalProto/OcnModelB/ocn.F90
make: c: Command not found
make: [Makefile:135: /lfs/h1/emc/ptmp/Mark.Potts/intel_2019.3_mpi_O_develop/nuopc-app-prototypes/AtmOcnSelectExternalProto/OcnModelB/ocn.o] Error 127 (ignored)
c  -DFRONT_H_ATMF=\"atmF.h\" -DFRONT_H_ATMF_SS=SetServices_atmF -DFRONT_OCNA=ocnA -DFRONT_OCNB=ocnB -DFRONT_SO_OCNC=\"ocn.so\"  -I/lfs/h1/emc/ptmp/Mark.Potts/intel_2019.3_mpi_O_develop/nuopc-app-prototypes/AtmOcnSelectExternalProto/ATM-F -I/lfs/h1/emc/ptmp/Mark.Potts/intel_2019.3_mpi_O_develop/nuopc-app-prototypes/AtmOcnSelectExternalProto/OcnModelA -I/lfs/h1/emc/ptmp/Mark.Potts/intel_2019.3_mpi_O_develop/nuopc-app-prototypes/AtmOcnSelectExternalProto/OcnModelB      esm.F90
make: c: Command not found
make: [Makefile:135: esm.o] Error 127 (ignored)
c  -DFRONT_H_ATMF=\"atmF.h\" -DFRONT_H_ATMF_SS=SetServices_atmF -DFRONT_OCNA=ocnA -DFRONT_OCNB=ocnB -DFRONT_SO_OCNC=\"ocn.so\"  -I/lfs/h1/emc/ptmp/Mark.Potts/intel_2019.3_mpi_O_develop/nuopc-app-prototypes/AtmOcnSelectExternalProto/ATM-F -I/lfs/h1/emc/ptmp/Mark.Potts/intel_2019.3_mpi_O_develop/nuopc-app-prototypes/AtmOcnSelectExternalProto/OcnModelA -I/lfs/h1/emc/ptmp/Mark.Potts/intel_2019.3_mpi_O_develop/nuopc-app-prototypes/AtmOcnSelectExternalProto/OcnModelB      esmApp.F90
make: c: Command not found
make: [Makefile:135: esmApp.o] Error 127 (ignored)
c  -DFRONT_H_ATMF=\"atmF.h\" -DFRONT_H_ATMF_SS=SetServices_atmF -DFRONT_OCNA=ocnA -DFRONT_OCNB=ocnB -DFRONT_SO_OCNC=\"ocn.so\"  -I/lfs/h1/emc/ptmp/Mark.Potts/intel_2019.3_mpi_O_develop/nuopc-app-prototypes/AtmOcnSelectExternalProto/ATM-F -I/lfs/h1/emc/ptmp/Mark.Potts/intel_2019.3_mpi_O_develop/nuopc-app-prototypes/AtmOcnSelectExternalProto/OcnModelA -I/lfs/h1/emc/ptmp/Mark.Potts/intel_2019.3_mpi_O_develop/nuopc-app-prototypes/AtmOcnSelectExternalProto/OcnModelB      /lfs/h1/emc/ptmp/Mark.Potts/intel_2019.3_mpi_O_develop/nuopc-app-prototypes/AtmOcnSelectExternalProto/OcnCommon/ocnCommon.F90
make: c: Command not found
make: [Makefile:135: /lfs/h1/emc/ptmp/Mark.Potts/intel_2019.3_mpi_O_develop/nuopc-app-prototypes/AtmOcnSelectExternalProto/OcnCommon/ocnCommon.o] Error 127 (ignored)
c  -DFRONT_H_ATMF=\"atmF.h\" -DFRONT_H_ATMF_SS=SetServices_atmF -DFRONT_OCNA=ocnA -DFRONT_OCNB=ocnB -DFRONT_SO_OCNC=\"ocn.so\"  -I/lfs/h1/emc/ptmp/Mark.Potts/intel_2019.3_mpi_O_develop/nuopc-app-prototypes/AtmOcnSelectExternalProto/ATM-F -I/lfs/h1/emc/ptmp/Mark.Potts/intel_2019.3_mpi_O_develop/nuopc-app-prototypes/AtmOcnSelectExternalProto/OcnModelA -I/lfs/h1/emc/ptmp/Mark.Potts/intel_2019.3_mpi_O_develop/nuopc-app-prototypes/AtmOcnSelectExternalProto/OcnModelB      /lfs/h1/emc/ptmp/Mark.Potts/intel_2019.3_mpi_O_develop/nuopc-app-prototypes/AtmOcnSelectExternalProto/OcnCommon/subModule1.F90
make: c: Command not found
make: [Makefile:135: /lfs/h1/emc/ptmp/Mark.Potts/intel_2019.3_mpi_O_develop/nuopc-app-prototypes/AtmOcnSelectExternalProto/OcnCommon/subModule1.o] Error 127 (ignored)
c  -DFRONT_H_ATMF=\"atmF.h\" -DFRONT_H_ATMF_SS=SetServices_atmF -DFRONT_OCNA=ocnA -DFRONT_OCNB=ocnB -DFRONT_SO_OCNC=\"ocn.so\"  -I/lfs/h1/emc/ptmp/Mark.Potts/intel_2019.3_mpi_O_develop/nuopc-app-prototypes/AtmOcnSelectExternalProto/ATM-F -I/lfs/h1/emc/ptmp/Mark.Potts/intel_2019.3_mpi_O_develop/nuopc-app-prototypes/AtmOcnSelectExternalProto/OcnModelA -I/lfs/h1/emc/ptmp/Mark.Potts/intel_2019.3_mpi_O_develop/nuopc-app-prototypes/AtmOcnSelectExternalProto/OcnModelB      /lfs/h1/emc/ptmp/Mark.Potts/intel_2019.3_mpi_O_develop/nuopc-app-prototypes/AtmOcnSelectExternalProto/OcnCommon/subModule2.F90
make: c: Command not found
make: [Makefile:135: /lfs/h1/emc/ptmp/Mark.Potts/intel_2019.3_mpi_O_develop/nuopc-app-prototypes/AtmOcnSelectExternalProto/OcnCommon/subModule2.o] Error 127 (ignored)
c  -DFRONT_H_ATMF=\"atmF.h\" -DFRONT_H_ATMF_SS=SetServices_atmF -DFRONT_OCNA=ocnA -DFRONT_OCNB=ocnB -DFRONT_SO_OCNC=\"ocn.so\"  -I/lfs/h1/emc/ptmp/Mark.Potts/intel_2019.3_mpi_O_develop/nuopc-app-prototypes/AtmOcnSelectExternalProto/ATM-F -I/lfs/h1/emc/ptmp/Mark.Potts/intel_2019.3_mpi_O_develop/nuopc-app-prototypes/AtmOcnSelectExternalProto/OcnModelA -I/lfs/h1/emc/ptmp/Mark.Potts/intel_2019.3_mpi_O_develop/nuopc-app-prototypes/AtmOcnSelectExternalProto/OcnModelB      /lfs/h1/emc/ptmp/Mark.Potts/intel_2019.3_mpi_O_develop/nuopc-app-prototypes/AtmOcnSelectExternalProto/OcnModelB/OcnSub/ocnSub.F90
make: c: Command not found
make: [Makefile:135: /lfs/h1/emc/ptmp/Mark.Potts/intel_2019.3_mpi_O_develop/nuopc-app-prototypes/AtmOcnSelectExternalProto/OcnModelB/OcnSub/ocnSub.o] Error 127 (ignored)
o esmApp esmApp.o esm.o /lfs/h1/emc/ptmp/Mark.Potts/intel_2019.3_mpi_O_develop/nuopc-app-prototypes/AtmOcnSelectExternalProto/ATM-F/atmF.o /lfs/h1/emc/ptmp/Mark.Potts/intel_2019.3_mpi_O_develop/nuopc-app-prototypes/AtmOcnSelectExternalProto/OcnModelA/ocn.o /lfs/h1/emc/ptmp/Mark.Potts/intel_2019.3_mpi_O_develop/nuopc-app-prototypes/AtmOcnSelectExternalProto/OcnCommon/ocnCommon.o /lfs/h1/emc/ptmp/Mark.Potts/intel_2019.3_mpi_O_develop/nuopc-app-prototypes/AtmOcnSelectExternalProto/OcnCommon/subModule1.o /lfs/h1/emc/ptmp/Mark.Potts/intel_2019.3_mpi_O_develop/nuopc-app-prototypes/AtmOcnSelectExternalProto/OcnCommon/subModule2.o /lfs/h1/emc/ptmp/Mark.Potts/intel_2019.3_mpi_O_develop/nuopc-app-prototypes/AtmOcnSelectExternalProto/OcnModelB/ocn.o /lfs/h1/emc/ptmp/Mark.Potts/intel_2019.3_mpi_O_develop/nuopc-app-prototypes/AtmOcnSelectExternalProto/OcnModelB/OcnSub/ocnSub.o               
make: o: Command not found
make: [Makefile:146: esmApp] Error 127 (ignored)
FINISHED: AtmOcnSelectExternalProto
Tue 15 Mar 01:31:30 UTC 2022
---------------------------------------------------------------------------

---------------------------------------------------------------------------
Tue 15 Mar 01:31:30 UTC 2022
STARTING: AtmOcnSelectProto
rm -f PET*.ESMF_LogFile *.nc *.stdout
rm -f esmApp *.o *.mod
c -DWITH_ATM_A -DWITH_OCN_A -DWITH_OCN_B     atmA.F90
make: c: Command not found
make: [Makefile:51: atmA.o] Error 127 (ignored)
c -DWITH_ATM_A -DWITH_OCN_A -DWITH_OCN_B     atmB.F90
make: c: Command not found
make: [Makefile:51: atmB.o] Error 127 (ignored)
c -DWITH_ATM_A -DWITH_OCN_A -DWITH_OCN_B     ocnA.F90
make: c: Command not found
make: [Makefile:51: ocnA.o] Error 127 (ignored)
c -DWITH_ATM_A -DWITH_OCN_A -DWITH_OCN_B     ocnB.F90
make: c: Command not found
make: [Makefile:51: ocnB.o] Error 127 (ignored)
c -DWITH_ATM_A -DWITH_OCN_A -DWITH_OCN_B     esm.F90
make: c: Command not found
make: [Makefile:51: esm.o] Error 127 (ignored)
c -DWITH_ATM_A -DWITH_OCN_A -DWITH_OCN_B     esmApp.F90
make: c: Command not found
make: [Makefile:51: esmApp.o] Error 127 (ignored)
o esmApp esmApp.o esm.o atmA.o atmB.o ocnA.o ocnB.o 
make: o: Command not found
make: [Makefile:62: esmApp] Error 127 (ignored)
+ -np 4 ./esmApp
+ local result=127
+ set +x

rm -f esmApp *.o *.mod
c -DWITH_ATM_B -DWITH_OCN_A -DWITH_OCN_B     atmA.F90
make: c: Command not found
make: [Makefile:51: atmA.o] Error 127 (ignored)
c -DWITH_ATM_B -DWITH_OCN_A -DWITH_OCN_B     atmB.F90
make: c: Command not found
make: [Makefile:51: atmB.o] Error 127 (ignored)
c -DWITH_ATM_B -DWITH_OCN_A -DWITH_OCN_B     ocnA.F90
make: c: Command not found
make: [Makefile:51: ocnA.o] Error 127 (ignored)
c -DWITH_ATM_B -DWITH_OCN_A -DWITH_OCN_B     ocnB.F90
make: c: Command not found
make: [Makefile:51: ocnB.o] Error 127 (ignored)
c -DWITH_ATM_B -DWITH_OCN_A -DWITH_OCN_B     esm.F90
make: c: Command not found
make: [Makefile:51: esm.o] Error 127 (ignored)
c -DWITH_ATM_B -DWITH_OCN_A -DWITH_OCN_B     esmApp.F90
make: c: Command not found
make: [Makefile:51: esmApp.o] Error 127 (ignored)
o esmApp esmApp.o esm.o atmA.o atmB.o ocnA.o ocnB.o 
make: o: Command not found
make: [Makefile:62: esmApp] Error 127 (ignored)
+ -np 4 ./esmApp
+ local result=127
+ set +x

rm -f esmApp *.o *.mod
c -DWITH_ATM_A -DWITH_OCN_B     atmA.F90
make: c: Command not found
make: [Makefile:51: atmA.o] Error 127 (ignored)
c -DWITH_ATM_A -DWITH_OCN_B     atmB.F90
make: c: Command not found
make: [Makefile:51: atmB.o] Error 127 (ignored)
c -DWITH_ATM_A -DWITH_OCN_B     ocnA.F90
make: c: Command not found
make: [Makefile:51: ocnA.o] Error 127 (ignored)
c -DWITH_ATM_A -DWITH_OCN_B     ocnB.F90
make: c: Command not found
make: [Makefile:51: ocnB.o] Error 127 (ignored)
c -DWITH_ATM_A -DWITH_OCN_B     esm.F90
make: c: Command not found
make: [Makefile:51: esm.o] Error 127 (ignored)
c -DWITH_ATM_A -DWITH_OCN_B     esmApp.F90
make: c: Command not found
make: [Makefile:51: esmApp.o] Error 127 (ignored)
o esmApp esmApp.o esm.o atmA.o atmB.o ocnA.o ocnB.o 
make: o: Command not found
make: [Makefile:62: esmApp] Error 127 (ignored)
+ -np 4 ./esmApp
+ local result=127
+ set +x
FINISHED: AtmOcnSelectProto
Tue 15 Mar 01:31:30 UTC 2022
---------------------------------------------------------------------------

---------------------------------------------------------------------------
Tue 15 Mar 01:31:30 UTC 2022
STARTING: AtmOcnSimpleImplicitProto
rm -f PET*.ESMF_LogFile *.nc *.stdout
rm -f esmApp *.o *.mod
c     atm.F90
make: c: Command not found
make: [Makefile:36: atm.o] Error 127 (ignored)
c     ocn.F90
make: c: Command not found
make: [Makefile:36: ocn.o] Error 127 (ignored)
c     esm.F90
make: c: Command not found
make: [Makefile:36: esm.o] Error 127 (ignored)
c     esmApp.F90
make: c: Command not found
make: [Makefile:36: esmApp.o] Error 127 (ignored)
o esmApp esmApp.o esm.o atm.o ocn.o 
make: o: Command not found
make: [Makefile:47: esmApp] Error 127 (ignored)
+ -np 4 ./esmApp
+ local result=127
+ set +x
FINISHED: AtmOcnSimpleImplicitProto
Tue 15 Mar 01:31:30 UTC 2022
---------------------------------------------------------------------------

---------------------------------------------------------------------------
Tue 15 Mar 01:31:30 UTC 2022
STARTING: AtmOcnTransferGridProto
rm -f PET*.ESMF_LogFile *.nc *.vtk *.stdout fort.*
rm -f esmApp *.o *.mod
c     atm.F90
make: c: Command not found
make: [Makefile:36: atm.o] Error 127 (ignored)
c     ocn.F90
make: c: Command not found
make: [Makefile:36: ocn.o] Error 127 (ignored)
c     esm.F90
make: c: Command not found
make: [Makefile:36: esm.o] Error 127 (ignored)
c     esmApp.F90
make: c: Command not found
make: [Makefile:36: esmApp.o] Error 127 (ignored)
o esmApp esmApp.o esm.o atm.o ocn.o 
make: o: Command not found
make: [Makefile:47: esmApp] Error 127 (ignored)
+ -np 4 ./esmApp
+ local result=127
+ set +x
FINISHED: AtmOcnTransferGridProto
Tue 15 Mar 01:31:30 UTC 2022
---------------------------------------------------------------------------

---------------------------------------------------------------------------
Tue 15 Mar 01:31:30 UTC 2022
STARTING: AtmOcnTransferLocStreamProto
rm -f PET*.ESMF_LogFile *.nc *.stdout
rm -f esmApp *.o *.mod
c     atm.F90
make: c: Command not found
make: [Makefile:36: atm.o] Error 127 (ignored)
c     ocn.F90
make: c: Command not found
make: [Makefile:36: ocn.o] Error 127 (ignored)
c     esm.F90
make: c: Command not found
make: [Makefile:36: esm.o] Error 127 (ignored)
c     esmApp.F90
make: c: Command not found
make: [Makefile:36: esmApp.o] Error 127 (ignored)
o esmApp esmApp.o esm.o atm.o ocn.o 
make: o: Command not found
make: [Makefile:47: esmApp] Error 127 (ignored)
+ -np 4 ./esmApp
+ local result=127
+ set +x
FINISHED: AtmOcnTransferLocStreamProto
Tue 15 Mar 01:31:30 UTC 2022
---------------------------------------------------------------------------

---------------------------------------------------------------------------
Tue 15 Mar 01:31:30 UTC 2022
STARTING: AtmOcnTransferMeshProto
rm -f PET*.ESMF_LogFile field*.nc *.vtk *.stdout fort.*
rm -f esmApp *.o *.mod
c     atm.F90
make: c: Command not found
make: [Makefile:36: atm.o] Error 127 (ignored)
c     ocn.F90
make: c: Command not found
make: [Makefile:36: ocn.o] Error 127 (ignored)
c     esm.F90
make: c: Command not found
make: [Makefile:36: esm.o] Error 127 (ignored)
c     esmApp.F90
make: c: Command not found
make: [Makefile:36: esmApp.o] Error 127 (ignored)
o esmApp esmApp.o esm.o atm.o ocn.o 
make: o: Command not found
make: [Makefile:47: esmApp] Error 127 (ignored)
+ -np 4 ./esmApp
+ local result=127
+ set +x
FINISHED: AtmOcnTransferMeshProto
Tue 15 Mar 01:31:30 UTC 2022
---------------------------------------------------------------------------

---------------------------------------------------------------------------
Tue 15 Mar 01:31:30 UTC 2022
STARTING: ComponentExplorer
rm -f PET*.ESMF_LogFile
rm -f nuopcExplorerApp *.o *.mod
+ ./nuopcExplorerScript ../AtmOcnSelectExternalProto/ATM-A/atmA.mk

NUOPC Component Explorer Script
-------------------------------
The ESMFMKFILE environment variable does not appear to be set!
Exiting with error.

+ -np 4 ./nuopcExplorerApp
+ local result=127
+ set +x
FINISHED: ComponentExplorer
Tue 15 Mar 01:31:30 UTC 2022
---------------------------------------------------------------------------

---------------------------------------------------------------------------
Tue 15 Mar 01:31:30 UTC 2022
STARTING: CustomFieldDictionaryProto
rm -f PET*.ESMF_LogFile *.nc *.stdout
rm -f mainApp *.o *.mod
c     -DESMF_VERSION_MAJOR= model.F90
make: c: Command not found
make: [Makefile:36: model.o] Error 127 (ignored)
c     -DESMF_VERSION_MAJOR= driver.F90
make: c: Command not found
make: [Makefile:36: driver.o] Error 127 (ignored)
c     -DESMF_VERSION_MAJOR= util.F90
make: c: Command not found
make: [Makefile:36: util.o] Error 127 (ignored)
c     -DESMF_VERSION_MAJOR= mainApp.F90
make: c: Command not found
make: [Makefile:36: mainApp.o] Error 127 (ignored)
o mainApp mainApp.o driver.o model.o util.o 
make: o: Command not found
make: [Makefile:47: mainApp] Error 127 (ignored)
+ -np 4 ./mainApp
+ local result=127
+ set +x
FINISHED: CustomFieldDictionaryProto
Tue 15 Mar 01:31:30 UTC 2022
---------------------------------------------------------------------------

---------------------------------------------------------------------------
Tue 15 Mar 01:31:30 UTC 2022
STARTING: DriverInDriverDataDepProto
rm -f PET*.ESMF_LogFile *.nc *.stdout
rm -f mainApp *.o *.mod
c     -DESMF_VERSION_MAJOR= atm.F90
make: c: Command not found
make: [Makefile:36: atm.o] Error 127 (ignored)
c     -DESMF_VERSION_MAJOR= driverChildComp.F90
make: c: Command not found
make: [Makefile:36: driverChildComp.o] Error 127 (ignored)
c     -DESMF_VERSION_MAJOR= ocn.F90
make: c: Command not found
make: [Makefile:36: ocn.o] Error 127 (ignored)
c     -DESMF_VERSION_MAJOR= driverParentComp.F90
make: c: Command not found
make: [Makefile:36: driverParentComp.o] Error 127 (ignored)
c     -DESMF_VERSION_MAJOR= mainApp.F90
make: c: Command not found
make: [Makefile:36: mainApp.o] Error 127 (ignored)
o mainApp mainApp.o driverParentComp.o driverChildComp.o atm.o ocn.o 
make: o: Command not found
make: [Makefile:47: mainApp] Error 127 (ignored)
+ -np 4 ./mainApp
+ local result=127
+ set +x
FINISHED: DriverInDriverDataDepProto
Tue 15 Mar 01:31:30 UTC 2022
---------------------------------------------------------------------------

---------------------------------------------------------------------------
Tue 15 Mar 01:31:30 UTC 2022
STARTING: DriverInDriverProto
rm -f PET*.ESMF_LogFile *.nc *.stdout
rm -f mainApp *.o *.mod
c     -DESMF_VERSION_MAJOR= atm.F90
make: c: Command not found
make: [Makefile:36: atm.o] Error 127 (ignored)
c     -DESMF_VERSION_MAJOR= driverChildComp.F90
make: c: Command not found
make: [Makefile:36: driverChildComp.o] Error 127 (ignored)
c     -DESMF_VERSION_MAJOR= ocn.F90
make: c: Command not found
make: [Makefile:36: ocn.o] Error 127 (ignored)
c     -DESMF_VERSION_MAJOR= driverParentComp.F90
make: c: Command not found
make: [Makefile:36: driverParentComp.o] Error 127 (ignored)
c     -DESMF_VERSION_MAJOR= mainApp.F90
make: c: Command not found
make: [Makefile:36: mainApp.o] Error 127 (ignored)
o mainApp mainApp.o driverParentComp.o driverChildComp.o atm.o ocn.o 
make: o: Command not found
make: [Makefile:47: mainApp] Error 127 (ignored)
+ -np 4 ./mainApp
+ local result=127
+ set +x
FINISHED: DriverInDriverProto
Tue 15 Mar 01:31:30 UTC 2022
---------------------------------------------------------------------------

---------------------------------------------------------------------------
Tue 15 Mar 01:31:30 UTC 2022
STARTING: DynPhyProto
rm -f PET*.ESMF_LogFile *.nc *.stdout
rm -f esmApp *.o *.mod
c     dyn.F90
make: c: Command not found
make: [Makefile:36: dyn.o] Error 127 (ignored)
c     phy.F90
make: c: Command not found
make: [Makefile:36: phy.o] Error 127 (ignored)
c     atm.F90
make: c: Command not found
make: [Makefile:36: atm.o] Error 127 (ignored)
c     esmApp.F90
make: c: Command not found
make: [Makefile:36: esmApp.o] Error 127 (ignored)
o esmApp esmApp.o atm.o dyn.o phy.o 
make: o: Command not found
make: [Makefile:47: esmApp] Error 127 (ignored)
+ -np 4 ./esmApp
+ local result=127
+ set +x
FINISHED: DynPhyProto
Tue 15 Mar 01:31:30 UTC 2022
---------------------------------------------------------------------------

---------------------------------------------------------------------------
Tue 15 Mar 01:31:30 UTC 2022
STARTING: ExternalDriverAPIProto
rm -f PET*.ESMF_LogFile *.nc *.stdout
rm -f externalApp *.o *.mod
c     atm.F90
make: c: Command not found
make: [Makefile:36: atm.o] Error 127 (ignored)
c     ocn.F90
make: c: Command not found
make: [Makefile:36: ocn.o] Error 127 (ignored)
c     esm.F90
make: c: Command not found
make: [Makefile:36: esm.o] Error 127 (ignored)
c     externalApp.F90
make: c: Command not found
make: [Makefile:36: externalApp.o] Error 127 (ignored)
o externalApp externalApp.o esm.o atm.o ocn.o 
make: o: Command not found
make: [Makefile:47: externalApp] Error 127 (ignored)
+ -np 4 ./externalApp
+ local result=127
+ set +x
FINISHED: ExternalDriverAPIProto
Tue 15 Mar 01:31:30 UTC 2022
---------------------------------------------------------------------------

---------------------------------------------------------------------------
Tue 15 Mar 01:31:30 UTC 2022
STARTING: ExternalDriverAPIWeakCplDAProto
rm -f PET*.ESMF_LogFile *.nc *.stdout
rm -f externalApp *.o *.mod
c     atm.F90
make: c: Command not found
make: [Makefile:36: atm.o] Error 127 (ignored)
c     ocn.F90
make: c: Command not found
make: [Makefile:36: ocn.o] Error 127 (ignored)
c     esm.F90
make: c: Command not found
make: [Makefile:36: esm.o] Error 127 (ignored)
c     nuopc_da.F90
make: c: Command not found
make: [Makefile:36: nuopc_da.o] Error 127 (ignored)
c     atmDA.F90
make: c: Command not found
make: [Makefile:36: atmDA.o] Error 127 (ignored)
c     ocnDA.F90
make: c: Command not found
make: [Makefile:36: ocnDA.o] Error 127 (ignored)
c     externalApp.F90
make: c: Command not found
make: [Makefile:36: externalApp.o] Error 127 (ignored)
o externalApp externalApp.o atmDA.o ocnDA.o nuopc_da.o esm.o atm.o ocn.o 
make: o: Command not found
make: [Makefile:47: externalApp] Error 127 (ignored)
+ -np 4 ./externalApp
+ local result=127
+ set +x
FINISHED: ExternalDriverAPIWeakCplDAProto
Tue 15 Mar 01:31:31 UTC 2022
---------------------------------------------------------------------------

---------------------------------------------------------------------------
Tue 15 Mar 01:31:31 UTC 2022
STARTING: GenericMediatorProto
rm -f PET*.ESMF_LogFile *.nc *.stdout
rm -f app *.o *.mod
c     mediator.F90
make: c: Command not found
make: [Makefile:36: mediator.o] Error 127 (ignored)
c     modelA.F90
make: c: Command not found
make: [Makefile:36: modelA.o] Error 127 (ignored)
c     modelB.F90
make: c: Command not found
make: [Makefile:36: modelB.o] Error 127 (ignored)
c     driver.F90
make: c: Command not found
make: [Makefile:36: driver.o] Error 127 (ignored)
c     app.F90
make: c: Command not found
make: [Makefile:36: app.o] Error 127 (ignored)
o app app.o driver.o mediator.o modelA.o modelB.o 
make: o: Command not found
make: [Makefile:47: app] Error 127 (ignored)
+ -np 4 ./app
+ local result=127
+ set +x
FINISHED: GenericMediatorProto
Tue 15 Mar 01:31:31 UTC 2022
---------------------------------------------------------------------------

---------------------------------------------------------------------------
Tue 15 Mar 01:31:31 UTC 2022
STARTING: HierarchyProto
rm -f PET*.ESMF_LogFile *.nc *.stdout
rm -f esmApp *.o *.mod
c     dyn.F90
make: c: Command not found
make: [Makefile:36: dyn.o] Error 127 (ignored)
c     phy.F90
make: c: Command not found
make: [Makefile:36: phy.o] Error 127 (ignored)
c     atm.F90
make: c: Command not found
make: [Makefile:36: atm.o] Error 127 (ignored)
c     ocn.F90
make: c: Command not found
make: [Makefile:36: ocn.o] Error 127 (ignored)
c     esm.F90
make: c: Command not found
make: [Makefile:36: esm.o] Error 127 (ignored)
c     esmApp.F90
make: c: Command not found
make: [Makefile:36: esmApp.o] Error 127 (ignored)
o esmApp esmApp.o esm.o atm.o dyn.o phy.o ocn.o 
make: o: Command not found
make: [Makefile:47: esmApp] Error 127 (ignored)
+ -np 4 ./esmApp
+ local result=127
+ set +x
FINISHED: HierarchyProto
Tue 15 Mar 01:31:31 UTC 2022
---------------------------------------------------------------------------

---------------------------------------------------------------------------
Tue 15 Mar 01:31:31 UTC 2022
STARTING: NamespaceProto
rm -f PET*.ESMF_LogFile *.nc *.stdout
rm -f mainApp *.o *.mod
c     -DESMF_VERSION_MAJOR= atm.F90
make: c: Command not found
make: [Makefile:36: atm.o] Error 127 (ignored)
c     -DESMF_VERSION_MAJOR= med.F90
make: c: Command not found
make: [Makefile:36: med.o] Error 127 (ignored)
c     -DESMF_VERSION_MAJOR= driver.F90
make: c: Command not found
make: [Makefile:36: driver.o] Error 127 (ignored)
c     -DESMF_VERSION_MAJOR= mainApp.F90
make: c: Command not found
make: [Makefile:36: mainApp.o] Error 127 (ignored)
o mainApp mainApp.o driver.o atm.o med.o 
make: o: Command not found
make: [Makefile:47: mainApp] Error 127 (ignored)
+ -np 4 ./mainApp
+ local result=127
+ set +x
FINISHED: NamespaceProto
Tue 15 Mar 01:31:31 UTC 2022
---------------------------------------------------------------------------

---------------------------------------------------------------------------
Tue 15 Mar 01:31:31 UTC 2022
STARTING: NestingMultipleProto
rm -f PET*.ESMF_LogFile *.nc *.stdout
rm -f mainApp *.o *.mod
c     -DESMF_VERSION_MAJOR= advectDiffComp.F90
make: c: Command not found
make: [Makefile:36: advectDiffComp.o] Error 127 (ignored)
c     -DESMF_VERSION_MAJOR= driverComp.F90
make: c: Command not found
make: [Makefile:36: driverComp.o] Error 127 (ignored)
c     -DESMF_VERSION_MAJOR= mainApp.F90
make: c: Command not found
make: [Makefile:36: mainApp.o] Error 127 (ignored)
o mainApp mainApp.o driverComp.o advectDiffComp.o 
make: o: Command not found
make: [Makefile:47: mainApp] Error 127 (ignored)
+ -np 4 ./mainApp
+ local result=127
+ set +x
FINISHED: NestingMultipleProto
Tue 15 Mar 01:31:31 UTC 2022
---------------------------------------------------------------------------

---------------------------------------------------------------------------
Tue 15 Mar 01:31:31 UTC 2022
STARTING: NestingSingleProto
rm -f PET*.ESMF_LogFile *.nc *.stdout
rm -f mainApp *.o *.mod
c     -DESMF_VERSION_MAJOR= advectDiffComp.F90
make: c: Command not found
make: [Makefile:36: advectDiffComp.o] Error 127 (ignored)
c     -DESMF_VERSION_MAJOR= driverComp.F90
make: c: Command not found
make: [Makefile:36: driverComp.o] Error 127 (ignored)
c     -DESMF_VERSION_MAJOR= mainApp.F90
make: c: Command not found
make: [Makefile:36: mainApp.o] Error 127 (ignored)
o mainApp mainApp.o driverComp.o advectDiffComp.o 
make: o: Command not found
make: [Makefile:47: mainApp] Error 127 (ignored)
+ -np 4 ./mainApp
+ local result=127
+ set +x
FINISHED: NestingSingleProto
Tue 15 Mar 01:31:31 UTC 2022
---------------------------------------------------------------------------

---------------------------------------------------------------------------
Tue 15 Mar 01:31:31 UTC 2022
STARTING: NestingTelescopeMultipleProto
rm -f PET*.ESMF_LogFile *.nc *.stdout
rm -f mainApp *.o *.mod
c     -DESMF_VERSION_MAJOR= advectDiffComp.F90
make: c: Command not found
make: [Makefile:36: advectDiffComp.o] Error 127 (ignored)
c     -DESMF_VERSION_MAJOR= driverComp.F90
make: c: Command not found
make: [Makefile:36: driverComp.o] Error 127 (ignored)
c     -DESMF_VERSION_MAJOR= mainApp.F90
make: c: Command not found
make: [Makefile:36: mainApp.o] Error 127 (ignored)
o mainApp mainApp.o driverComp.o advectDiffComp.o 
make: o: Command not found
make: [Makefile:47: mainApp] Error 127 (ignored)
+ -np 4 ./mainApp
+ local result=127
+ set +x
FINISHED: NestingTelescopeMultipleProto
Tue 15 Mar 01:31:31 UTC 2022
---------------------------------------------------------------------------

---------------------------------------------------------------------------
Tue 15 Mar 01:31:31 UTC 2022
STARTING: SingleModelProto
rm -f PET*.ESMF_LogFile *.nc *.stdout
rm -f mainApp *.o *.mod
c     -DESMF_VERSION_MAJOR= model.F90
make: c: Command not found
make: [Makefile:36: model.o] Error 127 (ignored)
c     -DESMF_VERSION_MAJOR= driver.F90
make: c: Command not found
make: [Makefile:36: driver.o] Error 127 (ignored)
c     -DESMF_VERSION_MAJOR= mainApp.F90
make: c: Command not found
make: [Makefile:36: mainApp.o] Error 127 (ignored)
o mainApp mainApp.o driver.o model.o 
make: o: Command not found
make: [Makefile:47: mainApp] Error 127 (ignored)
+ -np 4 ./mainApp
+ local result=127
+ set +x
FINISHED: SingleModelProto
Tue 15 Mar 01:31:31 UTC 2022
---------------------------------------------------------------------------

---------------------------------------------------------------------------
Tue 15 Mar 01:31:31 UTC 2022
STARTING: SingleModelOpenMPProto
rm -f PET*.ESMF_LogFile *.nc *.stdout
rm -f mainApp *.o *.mod
c     -DESMF_VERSION_MAJOR= model.F90
make: c: Command not found
make: [Makefile:36: model.o] Error 127 (ignored)
c     -DESMF_VERSION_MAJOR= driver.F90
make: c: Command not found
make: [Makefile:36: driver.o] Error 127 (ignored)
c     -DESMF_VERSION_MAJOR= mainApp.F90
make: c: Command not found
make: [Makefile:36: mainApp.o] Error 127 (ignored)
o mainApp mainApp.o driver.o model.o 
make: o: Command not found
make: [Makefile:47: mainApp] Error 127 (ignored)
+ -np 4 ./mainApp
+ local result=127
+ set +x
FINISHED: SingleModelOpenMPProto
Tue 15 Mar 01:31:31 UTC 2022
---------------------------------------------------------------------------

---------------------------------------------------------------------------
Tue 15 Mar 01:31:31 UTC 2022
STARTING: SingleModelOpenMPUnawareProto
rm -f PET*.ESMF_LogFile *.nc *.stdout
rm -f mainApp *.o *.mod
c     -DESMF_VERSION_MAJOR= model.F90
make: c: Command not found
make: [Makefile:36: model.o] Error 127 (ignored)
c     -DESMF_VERSION_MAJOR= driver.F90
make: c: Command not found
make: [Makefile:36: driver.o] Error 127 (ignored)
c     -DESMF_VERSION_MAJOR= mainApp.F90
make: c: Command not found
make: [Makefile:36: mainApp.o] Error 127 (ignored)
o mainApp mainApp.o driver.o model.o 
make: o: Command not found
make: [Makefile:47: mainApp] Error 127 (ignored)
+ -np 4 ./mainApp
+ local result=127
+ set +x
FINISHED: SingleModelOpenMPUnawareProto
Tue 15 Mar 01:31:31 UTC 2022
---------------------------------------------------------------------------

Tue 15 Mar 01:31:31 UTC 2022
== TEST SUMMARY START ==
FAIL: AsyncIOBlockingProto
FAIL: AsyncIONonblockingProto
FAIL: AtmOcnConOptsProto
FAIL: AtmOcnConProto
FAIL: AtmOcnCplListProto
FAIL: AtmOcnCplSetProto
FAIL: AtmOcnFDSynoProto
FAIL: AtmOcnIceSimpleImplicitProto
FAIL: AtmOcnImplicitProto
FAIL: AtmOcnLndProto
FAIL: AtmOcnLogNoneProto
FAIL: AtmOcnMedIngestFromConfigProto
FAIL: AtmOcnMedIngestFromInternalProto
FAIL: AtmOcnMedPetListProto
FAIL: AtmOcnMedPetListTimescalesProto
FAIL: AtmOcnMedPetListTimescalesSplitFastProto
FAIL: AtmOcnMedProto
FAIL: AtmOcnMirrorFieldsProto
FAIL: AtmOcnPetListProto
FAIL: AtmOcnProto
FAIL: AtmOcnRtmTwoTimescalesProto
FAIL: AtmOcnScalarProto
FAIL: AtmOcnSelectExternalProto
FAIL: AtmOcnSelectExternalProto
FAIL: AtmOcnSelectExternalProto
FAIL: AtmOcnSelectExternalProto
FAIL: AtmOcnSelectExternalProto
FAIL: AtmOcnSelectProto
FAIL: AtmOcnSelectProto
FAIL: AtmOcnSelectProto
FAIL: AtmOcnSimpleImplicitProto
FAIL: AtmOcnTransferGridProto
FAIL: AtmOcnTransferLocStreamProto
FAIL: AtmOcnTransferMeshProto
FAIL: ComponentExplorer
FAIL: CustomFieldDictionaryProto
FAIL: DriverInDriverDataDepProto
FAIL: DriverInDriverProto
FAIL: DynPhyProto
FAIL: ExternalDriverAPIProto
FAIL: ExternalDriverAPIWeakCplDAProto
FAIL: GenericMediatorProto
FAIL: HierarchyProto
FAIL: NamespaceProto
FAIL: NestingMultipleProto
FAIL: NestingSingleProto
FAIL: NestingTelescopeMultipleProto
FAIL: SingleModelProto
FAIL: SingleModelOpenMPProto
FAIL: SingleModelOpenMPUnawareProto
== TEST SUMMARY STOP ==
Tue 15 Mar 01:31:31 UTC 2022

---------------------------------------------------------------------------
grep: */PET*.ESMF_LogFile: No such file or directory
