build time -- 2022-03-15 06:02:04.797966
20220315 062746.239 INFO             PET0 !!!!!!!!!!!!!!!!!!!!!!!!!!!!!!!!!!!!!!!!!!!!!!!!!!!!!!
20220315 062746.239 INFO             PET0 !!! THE ESMF_LOG IS SET TO OUTPUT ALL LOG MESSAGES !!!
20220315 062746.239 INFO             PET0 !!!     THIS MAY CAUSE SLOWDOWN IN PERFORMANCE     !!!
20220315 062746.239 INFO             PET0 !!! FOR PRODUCTION RUNS, USE:                      !!!
20220315 062746.239 INFO             PET0 !!!                   ESMF_LOGKIND_Multi_On_Error  !!!
20220315 062746.239 INFO             PET0 !!!!!!!!!!!!!!!!!!!!!!!!!!!!!!!!!!!!!!!!!!!!!!!!!!!!!!
20220315 062746.239 INFO             PET0 Running with ESMF Version   : v8.3.0b09-2-g2a2241bd36
20220315 062746.239 INFO             PET0 ESMF library build date/time: "Mar 15 2022" "06:00:11"
20220315 062746.239 INFO             PET0 ESMF library build location : /glade/scratch/rlong/esmf-testing/gfortran_9.1.0_mpt_O_develop
20220315 062746.239 INFO             PET0 ESMF_COMM                   : mpt
20220315 062746.239 INFO             PET0 ESMF_MOAB                   : enabled
20220315 062746.239 INFO             PET0 ESMF_LAPACK                 : enabled
20220315 062746.239 INFO             PET0 ESMF_NETCDF                 : enabled
20220315 062746.239 INFO             PET0 ESMF_PNETCDF                : disabled
20220315 062746.239 INFO             PET0 ESMF_PIO                    : enabled
20220315 062746.239 INFO             PET0 ESMF_YAMLCPP                : enabled
20220315 062746.241 INFO             PET0  NUMBER_OF_PROCESSORS           1
20220315 062746.241 INFO             PET0  PASS  Example ESMF_XGridSparseMatEx, ESMF_XGridSparseMatEx.F90, line 642
20220315 062746.241 INFO             PET0 Finalizing ESMF
