build time -- 2022-03-16 06:02:13.877506
20220316 062700.471 INFO             PET0 !!!!!!!!!!!!!!!!!!!!!!!!!!!!!!!!!!!!!!!!!!!!!!!!!!!!!!
20220316 062700.471 INFO             PET0 !!! THE ESMF_LOG IS SET TO OUTPUT ALL LOG MESSAGES !!!
20220316 062700.471 INFO             PET0 !!!     THIS MAY CAUSE SLOWDOWN IN PERFORMANCE     !!!
20220316 062700.471 INFO             PET0 !!! FOR PRODUCTION RUNS, USE:                      !!!
20220316 062700.471 INFO             PET0 !!!                   ESMF_LOGKIND_Multi_On_Error  !!!
20220316 062700.471 INFO             PET0 !!!!!!!!!!!!!!!!!!!!!!!!!!!!!!!!!!!!!!!!!!!!!!!!!!!!!!
20220316 062700.471 INFO             PET0 Running with ESMF Version   : v8.3.0b09-3-ge20ebbf11d
20220316 062700.471 INFO             PET0 ESMF library build date/time: "Mar 16 2022" "06:00:21"
20220316 062700.471 INFO             PET0 ESMF library build location : /glade/scratch/rlong/esmf-testing/gfortran_9.1.0_mpt_O_develop
20220316 062700.471 INFO             PET0 ESMF_COMM                   : mpt
20220316 062700.471 INFO             PET0 ESMF_MOAB                   : enabled
20220316 062700.471 INFO             PET0 ESMF_LAPACK                 : enabled
20220316 062700.471 INFO             PET0 ESMF_NETCDF                 : enabled
20220316 062700.471 INFO             PET0 ESMF_PNETCDF                : disabled
20220316 062700.471 INFO             PET0 ESMF_PIO                    : enabled
20220316 062700.471 INFO             PET0 ESMF_YAMLCPP                : enabled
20220316 062700.476 INFO             PET0 ESMF_FieldRedistStoreNF(): Just entered routine.
20220316 062700.532 INFO             PET0 ESMF_FieldRedistStoreNF(): Leaving routine.
20220316 062700.535 INFO             PET0  NUMBER_OF_PROCESSORS           4
20220316 062700.535 INFO             PET0  PASS  Example ESMF_RHandleFromRHandleEx, ESMF_RHandleFromRHandleEx.F90, line 660
20220316 062700.535 INFO             PET0 Finalizing ESMF
20220316 062700.471 INFO             PET1 !!!!!!!!!!!!!!!!!!!!!!!!!!!!!!!!!!!!!!!!!!!!!!!!!!!!!!
20220316 062700.471 INFO             PET1 !!! THE ESMF_LOG IS SET TO OUTPUT ALL LOG MESSAGES !!!
20220316 062700.471 INFO             PET1 !!!     THIS MAY CAUSE SLOWDOWN IN PERFORMANCE     !!!
20220316 062700.471 INFO             PET1 !!! FOR PRODUCTION RUNS, USE:                      !!!
20220316 062700.471 INFO             PET1 !!!                   ESMF_LOGKIND_Multi_On_Error  !!!
20220316 062700.471 INFO             PET1 !!!!!!!!!!!!!!!!!!!!!!!!!!!!!!!!!!!!!!!!!!!!!!!!!!!!!!
20220316 062700.471 INFO             PET1 Running with ESMF Version   : v8.3.0b09-3-ge20ebbf11d
20220316 062700.471 INFO             PET1 ESMF library build date/time: "Mar 16 2022" "06:00:21"
20220316 062700.471 INFO             PET1 ESMF library build location : /glade/scratch/rlong/esmf-testing/gfortran_9.1.0_mpt_O_develop
20220316 062700.471 INFO             PET1 ESMF_COMM                   : mpt
20220316 062700.471 INFO             PET1 ESMF_MOAB                   : enabled
20220316 062700.471 INFO             PET1 ESMF_LAPACK                 : enabled
20220316 062700.471 INFO             PET1 ESMF_NETCDF                 : enabled
20220316 062700.471 INFO             PET1 ESMF_PNETCDF                : disabled
20220316 062700.471 INFO             PET1 ESMF_PIO                    : enabled
20220316 062700.471 INFO             PET1 ESMF_YAMLCPP                : enabled
20220316 062700.476 INFO             PET1 ESMF_FieldRedistStoreNF(): Just entered routine.
20220316 062700.532 INFO             PET1 ESMF_FieldRedistStoreNF(): Leaving routine.
20220316 062700.535 INFO             PET1  NUMBER_OF_PROCESSORS           4
20220316 062700.535 INFO             PET1  PASS  Example ESMF_RHandleFromRHandleEx, ESMF_RHandleFromRHandleEx.F90, line 660
20220316 062700.535 INFO             PET1 Finalizing ESMF
20220316 062700.471 INFO             PET2 !!!!!!!!!!!!!!!!!!!!!!!!!!!!!!!!!!!!!!!!!!!!!!!!!!!!!!
20220316 062700.471 INFO             PET2 !!! THE ESMF_LOG IS SET TO OUTPUT ALL LOG MESSAGES !!!
20220316 062700.471 INFO             PET2 !!!     THIS MAY CAUSE SLOWDOWN IN PERFORMANCE     !!!
20220316 062700.471 INFO             PET2 !!! FOR PRODUCTION RUNS, USE:                      !!!
20220316 062700.471 INFO             PET2 !!!                   ESMF_LOGKIND_Multi_On_Error  !!!
20220316 062700.471 INFO             PET2 !!!!!!!!!!!!!!!!!!!!!!!!!!!!!!!!!!!!!!!!!!!!!!!!!!!!!!
20220316 062700.471 INFO             PET2 Running with ESMF Version   : v8.3.0b09-3-ge20ebbf11d
20220316 062700.471 INFO             PET2 ESMF library build date/time: "Mar 16 2022" "06:00:21"
20220316 062700.471 INFO             PET2 ESMF library build location : /glade/scratch/rlong/esmf-testing/gfortran_9.1.0_mpt_O_develop
20220316 062700.471 INFO             PET2 ESMF_COMM                   : mpt
20220316 062700.471 INFO             PET2 ESMF_MOAB                   : enabled
20220316 062700.471 INFO             PET2 ESMF_LAPACK                 : enabled
20220316 062700.471 INFO             PET2 ESMF_NETCDF                 : enabled
20220316 062700.471 INFO             PET2 ESMF_PNETCDF                : disabled
20220316 062700.471 INFO             PET2 ESMF_PIO                    : enabled
20220316 062700.471 INFO             PET2 ESMF_YAMLCPP                : enabled
20220316 062700.476 INFO             PET2 ESMF_FieldRedistStoreNF(): Just entered routine.
20220316 062700.532 INFO             PET2 ESMF_FieldRedistStoreNF(): Leaving routine.
20220316 062700.534 INFO             PET2  NUMBER_OF_PROCESSORS           4
20220316 062700.534 INFO             PET2  PASS  Example ESMF_RHandleFromRHandleEx, ESMF_RHandleFromRHandleEx.F90, line 660
20220316 062700.534 INFO             PET2 Finalizing ESMF
20220316 062700.472 INFO             PET3 !!!!!!!!!!!!!!!!!!!!!!!!!!!!!!!!!!!!!!!!!!!!!!!!!!!!!!
20220316 062700.472 INFO             PET3 !!! THE ESMF_LOG IS SET TO OUTPUT ALL LOG MESSAGES !!!
20220316 062700.472 INFO             PET3 !!!     THIS MAY CAUSE SLOWDOWN IN PERFORMANCE     !!!
20220316 062700.472 INFO             PET3 !!! FOR PRODUCTION RUNS, USE:                      !!!
20220316 062700.472 INFO             PET3 !!!                   ESMF_LOGKIND_Multi_On_Error  !!!
20220316 062700.472 INFO             PET3 !!!!!!!!!!!!!!!!!!!!!!!!!!!!!!!!!!!!!!!!!!!!!!!!!!!!!!
20220316 062700.472 INFO             PET3 Running with ESMF Version   : v8.3.0b09-3-ge20ebbf11d
20220316 062700.472 INFO             PET3 ESMF library build date/time: "Mar 16 2022" "06:00:21"
20220316 062700.472 INFO             PET3 ESMF library build location : /glade/scratch/rlong/esmf-testing/gfortran_9.1.0_mpt_O_develop
20220316 062700.472 INFO             PET3 ESMF_COMM                   : mpt
20220316 062700.472 INFO             PET3 ESMF_MOAB                   : enabled
20220316 062700.472 INFO             PET3 ESMF_LAPACK                 : enabled
20220316 062700.472 INFO             PET3 ESMF_NETCDF                 : enabled
20220316 062700.472 INFO             PET3 ESMF_PNETCDF                : disabled
20220316 062700.472 INFO             PET3 ESMF_PIO                    : enabled
20220316 062700.472 INFO             PET3 ESMF_YAMLCPP                : enabled
20220316 062700.476 INFO             PET3 ESMF_FieldRedistStoreNF(): Just entered routine.
20220316 062700.532 INFO             PET3 ESMF_FieldRedistStoreNF(): Leaving routine.
20220316 062700.535 INFO             PET3  NUMBER_OF_PROCESSORS           4
20220316 062700.535 INFO             PET3  PASS  Example ESMF_RHandleFromRHandleEx, ESMF_RHandleFromRHandleEx.F90, line 660
20220316 062700.535 INFO             PET3 Finalizing ESMF
