build time -- 2022-03-12 06:01:31.248964
20220312 062547.517 INFO             PET0 !!!!!!!!!!!!!!!!!!!!!!!!!!!!!!!!!!!!!!!!!!!!!!!!!!!!!!
20220312 062547.517 INFO             PET0 !!! THE ESMF_LOG IS SET TO OUTPUT ALL LOG MESSAGES !!!
20220312 062547.517 INFO             PET0 !!!     THIS MAY CAUSE SLOWDOWN IN PERFORMANCE     !!!
20220312 062547.517 INFO             PET0 !!! FOR PRODUCTION RUNS, USE:                      !!!
20220312 062547.517 INFO             PET0 !!!                   ESMF_LOGKIND_Multi_On_Error  !!!
20220312 062547.517 INFO             PET0 !!!!!!!!!!!!!!!!!!!!!!!!!!!!!!!!!!!!!!!!!!!!!!!!!!!!!!
20220312 062547.517 INFO             PET0 Running with ESMF Version   : v8.3.0b09
20220312 062547.517 INFO             PET0 ESMF library build date/time: "Mar 12 2022" "05:59:38"
20220312 062547.517 INFO             PET0 ESMF library build location : /glade/scratch/rlong/esmf-testing/gfortran_9.1.0_mpt_O_develop
20220312 062547.517 INFO             PET0 ESMF_COMM                   : mpt
20220312 062547.518 INFO             PET0 ESMF_MOAB                   : enabled
20220312 062547.518 INFO             PET0 ESMF_LAPACK                 : enabled
20220312 062547.518 INFO             PET0 ESMF_NETCDF                 : enabled
20220312 062547.518 INFO             PET0 ESMF_PNETCDF                : disabled
20220312 062547.518 INFO             PET0 ESMF_PIO                    : enabled
20220312 062547.518 INFO             PET0 ESMF_YAMLCPP                : enabled
20220312 062547.518 INFO             PET0  NUMBER_OF_PROCESSORS           2
20220312 062547.518 INFO             PET0  PASS  Example ESMF_VMUserMpiCommEx, ESMF_VMUserMpiCommEx.F90, line 113
20220312 062547.518 INFO             PET0 Finalizing ESMF
20220312 062547.517 INFO             PET1 !!!!!!!!!!!!!!!!!!!!!!!!!!!!!!!!!!!!!!!!!!!!!!!!!!!!!!
20220312 062547.518 INFO             PET1 !!! THE ESMF_LOG IS SET TO OUTPUT ALL LOG MESSAGES !!!
20220312 062547.518 INFO             PET1 !!!     THIS MAY CAUSE SLOWDOWN IN PERFORMANCE     !!!
20220312 062547.518 INFO             PET1 !!! FOR PRODUCTION RUNS, USE:                      !!!
20220312 062547.518 INFO             PET1 !!!                   ESMF_LOGKIND_Multi_On_Error  !!!
20220312 062547.518 INFO             PET1 !!!!!!!!!!!!!!!!!!!!!!!!!!!!!!!!!!!!!!!!!!!!!!!!!!!!!!
20220312 062547.518 INFO             PET1 Running with ESMF Version   : v8.3.0b09
20220312 062547.518 INFO             PET1 ESMF library build date/time: "Mar 12 2022" "05:59:38"
20220312 062547.518 INFO             PET1 ESMF library build location : /glade/scratch/rlong/esmf-testing/gfortran_9.1.0_mpt_O_develop
20220312 062547.518 INFO             PET1 ESMF_COMM                   : mpt
20220312 062547.518 INFO             PET1 ESMF_MOAB                   : enabled
20220312 062547.518 INFO             PET1 ESMF_LAPACK                 : enabled
20220312 062547.518 INFO             PET1 ESMF_NETCDF                 : enabled
20220312 062547.518 INFO             PET1 ESMF_PNETCDF                : disabled
20220312 062547.518 INFO             PET1 ESMF_PIO                    : enabled
20220312 062547.518 INFO             PET1 ESMF_YAMLCPP                : enabled
20220312 062547.518 INFO             PET1  NUMBER_OF_PROCESSORS           2
20220312 062547.518 INFO             PET1  PASS  Example ESMF_VMUserMpiCommEx, ESMF_VMUserMpiCommEx.F90, line 113
20220312 062547.518 INFO             PET1 Finalizing ESMF
