build time -- 2022-03-08 06:04:01
20220308 062421.228 INFO             PET0 !!!!!!!!!!!!!!!!!!!!!!!!!!!!!!!!!!!!!!!!!!!!!!!!!!!!!!
20220308 062421.228 INFO             PET0 !!! THE ESMF_LOG IS SET TO OUTPUT ALL LOG MESSAGES !!!
20220308 062421.228 INFO             PET0 !!!     THIS MAY CAUSE SLOWDOWN IN PERFORMANCE     !!!
20220308 062421.228 INFO             PET0 !!! FOR PRODUCTION RUNS, USE:                      !!!
20220308 062421.228 INFO             PET0 !!!                   ESMF_LOGKIND_Multi_On_Error  !!!
20220308 062421.228 INFO             PET0 !!!!!!!!!!!!!!!!!!!!!!!!!!!!!!!!!!!!!!!!!!!!!!!!!!!!!!
20220308 062421.228 INFO             PET0 Running with ESMF Version   : v8.3.0b09
20220308 062421.228 INFO             PET0 ESMF library build date/time: "Mar  8 2022" "06:02:55"
20220308 062421.228 INFO             PET0 ESMF library build location : /scratch1/NCEPDEV/stmp2/role.esmfmaint/gfortran_9.2.0_openmpi_O_develop
20220308 062421.228 INFO             PET0 ESMF_COMM                   : openmpi
20220308 062421.228 INFO             PET0 ESMF_MOAB                   : enabled
20220308 062421.228 INFO             PET0 ESMF_LAPACK                 : enabled
20220308 062421.228 INFO             PET0 ESMF_NETCDF                 : enabled
20220308 062421.228 INFO             PET0 ESMF_PNETCDF                : disabled
20220308 062421.228 INFO             PET0 ESMF_PIO                    : enabled
20220308 062421.228 INFO             PET0 ESMF_YAMLCPP                : enabled
20220308 062421.230 INFO             PET0 ESMF_FieldRedistStoreNF(): Just entered routine.
20220308 062421.269 INFO             PET0 ESMF_FieldRedistStoreNF(): Leaving routine.
20220308 062421.345 INFO             PET0  NUMBER_OF_PROCESSORS           4
20220308 062421.345 INFO             PET0  PASS  Example ESMF_RHandleFromFileEx, ESMF_RHandleFromFileEx.F90, line 192
20220308 062421.345 INFO             PET0 Finalizing ESMF
20220308 062421.228 INFO             PET1 !!!!!!!!!!!!!!!!!!!!!!!!!!!!!!!!!!!!!!!!!!!!!!!!!!!!!!
20220308 062421.228 INFO             PET1 !!! THE ESMF_LOG IS SET TO OUTPUT ALL LOG MESSAGES !!!
20220308 062421.228 INFO             PET1 !!!     THIS MAY CAUSE SLOWDOWN IN PERFORMANCE     !!!
20220308 062421.228 INFO             PET1 !!! FOR PRODUCTION RUNS, USE:                      !!!
20220308 062421.228 INFO             PET1 !!!                   ESMF_LOGKIND_Multi_On_Error  !!!
20220308 062421.228 INFO             PET1 !!!!!!!!!!!!!!!!!!!!!!!!!!!!!!!!!!!!!!!!!!!!!!!!!!!!!!
20220308 062421.228 INFO             PET1 Running with ESMF Version   : v8.3.0b09
20220308 062421.228 INFO             PET1 ESMF library build date/time: "Mar  8 2022" "06:02:55"
20220308 062421.228 INFO             PET1 ESMF library build location : /scratch1/NCEPDEV/stmp2/role.esmfmaint/gfortran_9.2.0_openmpi_O_develop
20220308 062421.228 INFO             PET1 ESMF_COMM                   : openmpi
20220308 062421.229 INFO             PET1 ESMF_MOAB                   : enabled
20220308 062421.229 INFO             PET1 ESMF_LAPACK                 : enabled
20220308 062421.229 INFO             PET1 ESMF_NETCDF                 : enabled
20220308 062421.229 INFO             PET1 ESMF_PNETCDF                : disabled
20220308 062421.229 INFO             PET1 ESMF_PIO                    : enabled
20220308 062421.229 INFO             PET1 ESMF_YAMLCPP                : enabled
20220308 062421.230 INFO             PET1 ESMF_FieldRedistStoreNF(): Just entered routine.
20220308 062421.269 INFO             PET1 ESMF_FieldRedistStoreNF(): Leaving routine.
20220308 062421.345 INFO             PET1  NUMBER_OF_PROCESSORS           4
20220308 062421.345 INFO             PET1  PASS  Example ESMF_RHandleFromFileEx, ESMF_RHandleFromFileEx.F90, line 192
20220308 062421.345 INFO             PET1 Finalizing ESMF
20220308 062421.227 INFO             PET2 !!!!!!!!!!!!!!!!!!!!!!!!!!!!!!!!!!!!!!!!!!!!!!!!!!!!!!
20220308 062421.228 INFO             PET2 !!! THE ESMF_LOG IS SET TO OUTPUT ALL LOG MESSAGES !!!
20220308 062421.228 INFO             PET2 !!!     THIS MAY CAUSE SLOWDOWN IN PERFORMANCE     !!!
20220308 062421.228 INFO             PET2 !!! FOR PRODUCTION RUNS, USE:                      !!!
20220308 062421.228 INFO             PET2 !!!                   ESMF_LOGKIND_Multi_On_Error  !!!
20220308 062421.228 INFO             PET2 !!!!!!!!!!!!!!!!!!!!!!!!!!!!!!!!!!!!!!!!!!!!!!!!!!!!!!
20220308 062421.228 INFO             PET2 Running with ESMF Version   : v8.3.0b09
20220308 062421.228 INFO             PET2 ESMF library build date/time: "Mar  8 2022" "06:02:55"
20220308 062421.228 INFO             PET2 ESMF library build location : /scratch1/NCEPDEV/stmp2/role.esmfmaint/gfortran_9.2.0_openmpi_O_develop
20220308 062421.228 INFO             PET2 ESMF_COMM                   : openmpi
20220308 062421.229 INFO             PET2 ESMF_MOAB                   : enabled
20220308 062421.229 INFO             PET2 ESMF_LAPACK                 : enabled
20220308 062421.229 INFO             PET2 ESMF_NETCDF                 : enabled
20220308 062421.229 INFO             PET2 ESMF_PNETCDF                : disabled
20220308 062421.229 INFO             PET2 ESMF_PIO                    : enabled
20220308 062421.229 INFO             PET2 ESMF_YAMLCPP                : enabled
20220308 062421.230 INFO             PET2 ESMF_FieldRedistStoreNF(): Just entered routine.
20220308 062421.269 INFO             PET2 ESMF_FieldRedistStoreNF(): Leaving routine.
20220308 062421.345 INFO             PET2  NUMBER_OF_PROCESSORS           4
20220308 062421.345 INFO             PET2  PASS  Example ESMF_RHandleFromFileEx, ESMF_RHandleFromFileEx.F90, line 192
20220308 062421.345 INFO             PET2 Finalizing ESMF
20220308 062421.228 INFO             PET3 !!!!!!!!!!!!!!!!!!!!!!!!!!!!!!!!!!!!!!!!!!!!!!!!!!!!!!
20220308 062421.228 INFO             PET3 !!! THE ESMF_LOG IS SET TO OUTPUT ALL LOG MESSAGES !!!
20220308 062421.228 INFO             PET3 !!!     THIS MAY CAUSE SLOWDOWN IN PERFORMANCE     !!!
20220308 062421.228 INFO             PET3 !!! FOR PRODUCTION RUNS, USE:                      !!!
20220308 062421.228 INFO             PET3 !!!                   ESMF_LOGKIND_Multi_On_Error  !!!
20220308 062421.228 INFO             PET3 !!!!!!!!!!!!!!!!!!!!!!!!!!!!!!!!!!!!!!!!!!!!!!!!!!!!!!
20220308 062421.228 INFO             PET3 Running with ESMF Version   : v8.3.0b09
20220308 062421.228 INFO             PET3 ESMF library build date/time: "Mar  8 2022" "06:02:55"
20220308 062421.228 INFO             PET3 ESMF library build location : /scratch1/NCEPDEV/stmp2/role.esmfmaint/gfortran_9.2.0_openmpi_O_develop
20220308 062421.228 INFO             PET3 ESMF_COMM                   : openmpi
20220308 062421.228 INFO             PET3 ESMF_MOAB                   : enabled
20220308 062421.228 INFO             PET3 ESMF_LAPACK                 : enabled
20220308 062421.228 INFO             PET3 ESMF_NETCDF                 : enabled
20220308 062421.228 INFO             PET3 ESMF_PNETCDF                : disabled
20220308 062421.228 INFO             PET3 ESMF_PIO                    : enabled
20220308 062421.228 INFO             PET3 ESMF_YAMLCPP                : enabled
20220308 062421.230 INFO             PET3 ESMF_FieldRedistStoreNF(): Just entered routine.
20220308 062421.269 INFO             PET3 ESMF_FieldRedistStoreNF(): Leaving routine.
20220308 062421.345 INFO             PET3  NUMBER_OF_PROCESSORS           4
20220308 062421.345 INFO             PET3  PASS  Example ESMF_RHandleFromFileEx, ESMF_RHandleFromFileEx.F90, line 192
20220308 062421.345 INFO             PET3 Finalizing ESMF
