build time -- 2022-03-11 06:33:41
[1646982113.029234] [h11c53:121544:0]         mxm.c:196  MXM  WARN  The 'ulimit -s' on the system is set to 'unlimited'. This may have negative performance implications. Please set the stack size to the default value (10240) 
[1646982113.034287] [h11c53:121544:0]         mxm.c:196  MXM  WARN  The 'ulimit -s' on the system is set to 'unlimited'. This may have negative performance implications. Please set the stack size to the default value (10240) 
[1646982113.028108] [h11c53:121546:0]         mxm.c:196  MXM  WARN  The 'ulimit -s' on the system is set to 'unlimited'. This may have negative performance implications. Please set the stack size to the default value (10240) 
[1646982113.033125] [h11c53:121546:0]         mxm.c:196  MXM  WARN  The 'ulimit -s' on the system is set to 'unlimited'. This may have negative performance implications. Please set the stack size to the default value (10240) 
[1646982113.037678] [h11c53:121543:0]         mxm.c:196  MXM  WARN  The 'ulimit -s' on the system is set to 'unlimited'. This may have negative performance implications. Please set the stack size to the default value (10240) 
[1646982113.042831] [h11c53:121543:0]         mxm.c:196  MXM  WARN  The 'ulimit -s' on the system is set to 'unlimited'. This may have negative performance implications. Please set the stack size to the default value (10240) 
[1646982113.037624] [h11c53:121545:0]         mxm.c:196  MXM  WARN  The 'ulimit -s' on the system is set to 'unlimited'. This may have negative performance implications. Please set the stack size to the default value (10240) 
[1646982113.042742] [h11c53:121545:0]         mxm.c:196  MXM  WARN  The 'ulimit -s' on the system is set to 'unlimited'. This may have negative performance implications. Please set the stack size to the default value (10240) 
--- ESMCI::VM::print() start ---
--- ESMCI::VMId::print() start ---
--- ESMCI::VM::print() start ---
--- ESMCI::VMId::print() start ---
  vmKeyWidth = 1
--- ESMCI::VM::print() start ---
--- ESMCI::VMId::print() start ---
  vmKeyWidth = 1
--- ESMCI::VM::print() start ---
--- ESMCI::VMId::print() start ---
  vmKeyWidth = 1
  vmKey=0xF0000000
  localID = 0
--- ESMCI::VMId::print() end ---
  vmKeyWidth = 1
  vmKey=0xF0000000
  localID = 0
--- ESMCI::VMId::print() end ---
  vmKey=0xF0000000
  localID = 0
--- ESMCI::VMId::print() end ---
  vmKey=0xF0000000
  localID = 0
--- ESMCI::VMId::print() end ---
--- VMK::print() start ---
vm located at: 0x1252e20
npets = 4, mypet=3
  pth_mutex =		 0x14d6ff0
  pth_finish_count =	 (nil)
MPI_Comm_size: 4
MPI_Comm_rank in local MPI communicator: 3
MPI_Comm_rank in MPI_COMM_WORLD: 3
MPI thread level support: 3
mpi_mutex_flag: 0
mpionly: 1
threadsflag: 0
  lpid[0]=0, tid[0]=0, vas[0]=0, ncpet[0]=1, nadevs[0]=0, cid[0][0]=0
  lpid[1]=1, tid[1]=0, vas[1]=1, ncpet[1]=1, nadevs[1]=0, cid[1][0]=1
  lpid[2]=2, tid[2]=0, vas[2]=2, ncpet[2]=1, nadevs[2]=0, cid[2][0]=2
  lpid[3]=3, tid[3]=0, vas[3]=3, ncpet[3]=1, nadevs[3]=0, cid[3][0]=3
ncores = 4
  cpuid[0]=0, ssiid[0]=0
  cpuid[1]=1, ssiid[1]=0
  cpuid[2]=2, ssiid[2]=0
  cpuid[3]=3, ssiid[3]=0
--- VMK::print() end ---
--- ESMCI::VM::print() end ---
 This PET is localPet:            3
--- VMK::print() start ---
vm located at: 0x10f6e20
npets = 4, mypet=0
  pth_mutex =		 0x137aa20
  pth_finish_count =	 (nil)
MPI_Comm_size: 4
MPI_Comm_rank in local MPI communicator: 0
MPI_Comm_rank in MPI_COMM_WORLD: 0
MPI thread level support: 3
mpi_mutex_flag: 0
mpionly: 1
threadsflag: 0
  lpid[0]=0, tid[0]=0, vas[0]=0, ncpet[0]=1, nadevs[0]=0, cid[0][0]=0
  lpid[1]=1, tid[1]=0, vas[1]=1, ncpet[1]=1, nadevs[1]=0, cid[1][0]=1
  lpid[2]=2, tid[2]=0, vas[2]=2, ncpet[2]=1, nadevs[2]=0, cid[2][0]=2
  lpid[3]=3, tid[3]=0, vas[3]=3, ncpet[3]=1, nadevs[3]=0, cid[3][0]=3
ncores = 4
  cpuid[0]=0, ssiid[0]=0
  cpuid[1]=1, ssiid[1]=0
  cpuid[2]=2, ssiid[2]=0
  cpuid[3]=3, ssiid[3]=0
--- VMK::print() end ---
--- ESMCI::VM::print() end ---
 This PET is localPet:            0
 of a total of            4  PETs in this VM.
 There are            4  PEs referenced by this VM
--- VMK::print() start ---
vm located at: 0x1484e20
npets = 4, mypet=1
  pth_mutex =		 0x1707c60
  pth_finish_count =	 (nil)
MPI_Comm_size: 4
MPI_Comm_rank in local MPI communicator: 1
MPI_Comm_rank in MPI_COMM_WORLD: 1
MPI thread level support: 3
mpi_mutex_flag: 0
mpionly: 1
threadsflag: 0
  lpid[0]=0, tid[0]=0, vas[0]=0, ncpet[0]=1, nadevs[0]=0, cid[0][0]=0
  lpid[1]=1, tid[1]=0, vas[1]=1, ncpet[1]=1, nadevs[1]=0, cid[1][0]=1
  lpid[2]=2, tid[2]=0, vas[2]=2, ncpet[2]=1, nadevs[2]=0, cid[2][0]=2
  lpid[3]=3, tid[3]=0, vas[3]=3, ncpet[3]=1, nadevs[3]=0, cid[3][0]=3
ncores = 4
  cpuid[0]=0, ssiid[0]=0
  cpuid[1]=1, ssiid[1]=0
  cpuid[2]=2, ssiid[2]=0
  cpuid[3]=3, ssiid[3]=0
--- VMK::print() end ---
--- ESMCI::VM::print() end ---
 This PET is localPet:            1
 of a total of            4  PETs in this VM.
 There are            4  PEs referenced by this VM
 This PET is executing in virtual address space (VAS)            1
 located on single system image (SSI)            0
--- VMK::print() start ---
vm located at: 0x180ee20
npets = 4, mypet=2
  pth_mutex =		 0x1b10eb0
  pth_finish_count =	 (nil)
MPI_Comm_size: 4
MPI_Comm_rank in local MPI communicator: 2
MPI_Comm_rank in MPI_COMM_WORLD: 2
MPI thread level support: 3
mpi_mutex_flag: 0
mpionly: 1
threadsflag: 0
  lpid[0]=0, tid[0]=0, vas[0]=0, ncpet[0]=1, nadevs[0]=0, cid[0][0]=0
  lpid[1]=1, tid[1]=0, vas[1]=1, ncpet[1]=1, nadevs[1]=0, cid[1][0]=1
  lpid[2]=2, tid[2]=0, vas[2]=2, ncpet[2]=1, nadevs[2]=0, cid[2][0]=2
  lpid[3]=3, tid[3]=0, vas[3]=3, ncpet[3]=1, nadevs[3]=0, cid[3][0]=3
ncores = 4
  cpuid[0]=0, ssiid[0]=0
  cpuid[1]=1, ssiid[1]=0
  cpuid[2]=2, ssiid[2]=0
  cpuid[3]=3, ssiid[3]=0
--- VMK::print() end ---
--- ESMCI::VM::print() end ---
 This PET is localPet:            2
 of a total of            4  PETs in this VM.
 There are            4  PEs referenced by this VM
 This PET is executing in virtual address space (VAS)            2
 located on single system image (SSI)            0
 and is associated with            1  PEs.
 of a total of            4  PETs in this VM.
 There are            4  PEs referenced by this VM
 This PET is executing in virtual address space (VAS)            3
 located on single system image (SSI)            0
 and is associated with            1  PEs.
  PASS  Example ESMF_VMDefaultBasicsEx, ESMF_VMDefaultBasicsEx.F90, line 107
 This PET is executing in virtual address space (VAS)            0
 located on single system image (SSI)            0
 and is associated with            1  PEs.
  PASS  Example ESMF_VMDefaultBasicsEx, ESMF_VMDefaultBasicsEx.F90, line 107
 and is associated with            1  PEs.
  PASS  Example ESMF_VMDefaultBasicsEx, ESMF_VMDefaultBasicsEx.F90, line 107
  PASS  Example ESMF_VMDefaultBasicsEx, ESMF_VMDefaultBasicsEx.F90, line 107
 PASS: ESMF_VMDefaultBasicsEx.F90
 PASS: ESMF_VMDefaultBasicsEx.F90
 PASS: ESMF_VMDefaultBasicsEx.F90
 PASS: ESMF_VMDefaultBasicsEx.F90
