build time -- 2022-03-06 06:01:32
[1646547681.837347] [h23c46:19546:0]         mxm.c:196  MXM  WARN  The 'ulimit -s' on the system is set to 'unlimited'. This may have negative performance implications. Please set the stack size to the default value (10240) 
[1646547681.842330] [h23c46:19546:0]         mxm.c:196  MXM  WARN  The 'ulimit -s' on the system is set to 'unlimited'. This may have negative performance implications. Please set the stack size to the default value (10240) 
[1646547681.837305] [h23c46:19548:0]         mxm.c:196  MXM  WARN  The 'ulimit -s' on the system is set to 'unlimited'. This may have negative performance implications. Please set the stack size to the default value (10240) 
[1646547681.842285] [h23c46:19548:0]         mxm.c:196  MXM  WARN  The 'ulimit -s' on the system is set to 'unlimited'. This may have negative performance implications. Please set the stack size to the default value (10240) 
[1646547681.828851] [h23c46:19547:0]         mxm.c:196  MXM  WARN  The 'ulimit -s' on the system is set to 'unlimited'. This may have negative performance implications. Please set the stack size to the default value (10240) 
[1646547681.833834] [h23c46:19547:0]         mxm.c:196  MXM  WARN  The 'ulimit -s' on the system is set to 'unlimited'. This may have negative performance implications. Please set the stack size to the default value (10240) 
[1646547681.828814] [h23c46:19549:0]         mxm.c:196  MXM  WARN  The 'ulimit -s' on the system is set to 'unlimited'. This may have negative performance implications. Please set the stack size to the default value (10240) 
[1646547681.833719] [h23c46:19549:0]         mxm.c:196  MXM  WARN  The 'ulimit -s' on the system is set to 'unlimited'. This may have negative performance implications. Please set the stack size to the default value (10240) 
 ---------------------------------------------------------------
 Results from using the dictionary-like method of data retrieval
 The radius of the earth was retrieved from the Resource File
 Its value is:    6370000.00    
 ---------------------------------------------------------------
 Results from using the dictionary-like method of data retrieval of a string
 The input file name (a string) was retrieved from the Resource File
 Its value is: dummy_input.nc
 ---------------------------------------------------------------
 Results when the label in the call does not exist in the Resource File
 The default value is returned.
 Its value is: ./default.nc
 ---------------------------------------------------------------
 Results from retrieving multiple values:
 The first constant was was retrieved from the Resource File
 Its value is:    3.14150000    
 The second constant was was retrieved from the Resource File
 Its value is:           25
 ---------------------------------------------------------------
 Results from retrieving multi-value strings:
 The first file name was was retrieved from the Resource File
 Its value is: jan87.dat
 The second file name was was retrieved from the Resource File
 Its value is: jan88.dat
 The third file name was was retrieved from the Resource File
 Its value is: jan89.dat
 ---------------------------------------------------------------
 ---------------------------------------------------------------
 Results from using the dictionary-like method of data retrieval
 The radius of the earth was retrieved from the Resource File
 Results from retrieving a table
 The (1,3) table value should be 263.0
 Its retrieved value is:    263.000000    
 The (6,1) table value should be 400
 Its retrieved value is:    400.000000    
 ---------------------------------------------------------------
 Its value is:    6370000.00    
 ---------------------------------------------------------------
 Results from using the dictionary-like method of data retrieval of a string
 The input file name (a string) was retrieved from the Resource File
 Its value is: dummy_input.nc
 ---------------------------------------------------------------
 Final Word
 ---------------------------------------------------
 PASS: ESMF_ConfigOverviewEx.F90
  PASS  Example ESMF_ConfigOverviewEx, ESMF_ConfigOverviewEx.F90, line 415
 Results when the label in the call does not exist in the Resource File
 The default value is returned.
 Its value is: ./default.nc
 ---------------------------------------------------------------
 ---------------------------------------------------------------
 Results from using the dictionary-like method of data retrieval
 The radius of the earth was retrieved from the Resource File
 Its value is:    6370000.00    
 ---------------------------------------------------------------
 Results from retrieving multiple values:
 The first constant was was retrieved from the Resource File
 Its value is:    3.14150000    
 The second constant was was retrieved from the Resource File
 Results from using the dictionary-like method of data retrieval of a string
 The input file name (a string) was retrieved from the Resource File
 Its value is: dummy_input.nc
 ---------------------------------------------------------------
 Results when the label in the call does not exist in the Resource File
 The default value is returned.
 Its value is:           25
 ---------------------------------------------------------------
 Results from retrieving multi-value strings:
 The first file name was was retrieved from the Resource File
 Its value is: jan87.dat
 The second file name was was retrieved from the Resource File
 Its value is: jan88.dat
 The third file name was was retrieved from the Resource File
 Its value is: jan89.dat
 ---------------------------------------------------------------
 Its value is: ./default.nc
 ---------------------------------------------------------------
 Results from retrieving multiple values:
 The first constant was was retrieved from the Resource File
 Its value is:    3.14150000    
 The second constant was was retrieved from the Resource File
 Its value is:           25
 ---------------------------------------------------------------
 Results from retrieving multi-value strings:
 The first file name was was retrieved from the Resource File
 Its value is: jan87.dat
 The second file name was was retrieved from the Resource File
 Its value is: jan88.dat
 The third file name was was retrieved from the Resource File
 Its value is: jan89.dat
 ---------------------------------------------------------------
 Results from retrieving a table
 The (1,3) table value should be 263.0
 Its retrieved value is:    263.000000    
 The (6,1) table value should be 400
 Its retrieved value is:    400.000000    
 ---------------------------------------------------------------
 Final Word
 ---------------------------------------------------
 PASS: ESMF_ConfigOverviewEx.F90
 ---------------------------------------------------------------
 Results from using the dictionary-like method of data retrieval
 The radius of the earth was retrieved from the Resource File
 Results from retrieving a table
 The (1,3) table value should be 263.0
 Its retrieved value is:    263.000000    
 The (6,1) table value should be 400
 Its retrieved value is:    400.000000    
 ---------------------------------------------------------------
  PASS  Example ESMF_ConfigOverviewEx, ESMF_ConfigOverviewEx.F90, line 415
 Its value is:    6370000.00    
 ---------------------------------------------------------------
 Results from using the dictionary-like method of data retrieval of a string
 The input file name (a string) was retrieved from the Resource File
 Final Word
 ---------------------------------------------------
 PASS: ESMF_ConfigOverviewEx.F90
 Its value is: dummy_input.nc
 ---------------------------------------------------------------
 Results when the label in the call does not exist in the Resource File
 The default value is returned.
 Its value is: ./default.nc
 ---------------------------------------------------------------
  PASS  Example ESMF_ConfigOverviewEx, ESMF_ConfigOverviewEx.F90, line 415
 Results from retrieving multiple values:
 The first constant was was retrieved from the Resource File
 Its value is:    3.14150000    
 The second constant was was retrieved from the Resource File
 Its value is:           25
 ---------------------------------------------------------------
 Results from retrieving multi-value strings:
 The first file name was was retrieved from the Resource File
 Its value is: jan87.dat
 The second file name was was retrieved from the Resource File
 Its value is: jan88.dat
 The third file name was was retrieved from the Resource File
 Its value is: jan89.dat
 ---------------------------------------------------------------
 Results from retrieving a table
 The (1,3) table value should be 263.0
 Its retrieved value is:    263.000000    
 The (6,1) table value should be 400
 Its retrieved value is:    400.000000    
 ---------------------------------------------------------------
 Final Word
 ---------------------------------------------------
 PASS: ESMF_ConfigOverviewEx.F90
  PASS  Example ESMF_ConfigOverviewEx, ESMF_ConfigOverviewEx.F90, line 415
