build time -- 2022-03-06 06:01:32
20220306 062147.609 INFO             PET0 !!!!!!!!!!!!!!!!!!!!!!!!!!!!!!!!!!!!!!!!!!!!!!!!!!!!!!
20220306 062147.609 INFO             PET0 !!! THE ESMF_LOG IS SET TO OUTPUT ALL LOG MESSAGES !!!
20220306 062147.609 INFO             PET0 !!!     THIS MAY CAUSE SLOWDOWN IN PERFORMANCE     !!!
20220306 062147.609 INFO             PET0 !!! FOR PRODUCTION RUNS, USE:                      !!!
20220306 062147.609 INFO             PET0 !!!                   ESMF_LOGKIND_Multi_On_Error  !!!
20220306 062147.609 INFO             PET0 !!!!!!!!!!!!!!!!!!!!!!!!!!!!!!!!!!!!!!!!!!!!!!!!!!!!!!
20220306 062147.609 INFO             PET0 Running with ESMF Version   : v8.3.0b09
20220306 062147.609 INFO             PET0 ESMF library build date/time: "Mar  6 2022" "06:00:28"
20220306 062147.609 INFO             PET0 ESMF library build location : /scratch1/NCEPDEV/stmp2/role.esmfmaint/gfortran_9.2.0_openmpi_O_develop
20220306 062147.609 INFO             PET0 ESMF_COMM                   : openmpi
20220306 062147.609 INFO             PET0 ESMF_MOAB                   : enabled
20220306 062147.609 INFO             PET0 ESMF_LAPACK                 : enabled
20220306 062147.609 INFO             PET0 ESMF_NETCDF                 : enabled
20220306 062147.609 INFO             PET0 ESMF_PNETCDF                : disabled
20220306 062147.609 INFO             PET0 ESMF_PIO                    : enabled
20220306 062147.609 INFO             PET0 ESMF_YAMLCPP                : enabled
20220306 062147.611 INFO             PET0  NUMBER_OF_PROCESSORS           4
20220306 062147.611 INFO             PET0  PASS  Example ESMF_ArrayBundleEx, ESMF_ArrayBundleEx.F90, line 267
20220306 062147.611 INFO             PET0 Finalizing ESMF
20220306 062147.608 INFO             PET1 !!!!!!!!!!!!!!!!!!!!!!!!!!!!!!!!!!!!!!!!!!!!!!!!!!!!!!
20220306 062147.609 INFO             PET1 !!! THE ESMF_LOG IS SET TO OUTPUT ALL LOG MESSAGES !!!
20220306 062147.609 INFO             PET1 !!!     THIS MAY CAUSE SLOWDOWN IN PERFORMANCE     !!!
20220306 062147.609 INFO             PET1 !!! FOR PRODUCTION RUNS, USE:                      !!!
20220306 062147.609 INFO             PET1 !!!                   ESMF_LOGKIND_Multi_On_Error  !!!
20220306 062147.609 INFO             PET1 !!!!!!!!!!!!!!!!!!!!!!!!!!!!!!!!!!!!!!!!!!!!!!!!!!!!!!
20220306 062147.609 INFO             PET1 Running with ESMF Version   : v8.3.0b09
20220306 062147.609 INFO             PET1 ESMF library build date/time: "Mar  6 2022" "06:00:28"
20220306 062147.609 INFO             PET1 ESMF library build location : /scratch1/NCEPDEV/stmp2/role.esmfmaint/gfortran_9.2.0_openmpi_O_develop
20220306 062147.609 INFO             PET1 ESMF_COMM                   : openmpi
20220306 062147.609 INFO             PET1 ESMF_MOAB                   : enabled
20220306 062147.609 INFO             PET1 ESMF_LAPACK                 : enabled
20220306 062147.609 INFO             PET1 ESMF_NETCDF                 : enabled
20220306 062147.609 INFO             PET1 ESMF_PNETCDF                : disabled
20220306 062147.609 INFO             PET1 ESMF_PIO                    : enabled
20220306 062147.609 INFO             PET1 ESMF_YAMLCPP                : enabled
20220306 062147.611 INFO             PET1  NUMBER_OF_PROCESSORS           4
20220306 062147.611 INFO             PET1  PASS  Example ESMF_ArrayBundleEx, ESMF_ArrayBundleEx.F90, line 267
20220306 062147.611 INFO             PET1 Finalizing ESMF
20220306 062147.609 INFO             PET2 !!!!!!!!!!!!!!!!!!!!!!!!!!!!!!!!!!!!!!!!!!!!!!!!!!!!!!
20220306 062147.609 INFO             PET2 !!! THE ESMF_LOG IS SET TO OUTPUT ALL LOG MESSAGES !!!
20220306 062147.609 INFO             PET2 !!!     THIS MAY CAUSE SLOWDOWN IN PERFORMANCE     !!!
20220306 062147.609 INFO             PET2 !!! FOR PRODUCTION RUNS, USE:                      !!!
20220306 062147.609 INFO             PET2 !!!                   ESMF_LOGKIND_Multi_On_Error  !!!
20220306 062147.609 INFO             PET2 !!!!!!!!!!!!!!!!!!!!!!!!!!!!!!!!!!!!!!!!!!!!!!!!!!!!!!
20220306 062147.609 INFO             PET2 Running with ESMF Version   : v8.3.0b09
20220306 062147.609 INFO             PET2 ESMF library build date/time: "Mar  6 2022" "06:00:28"
20220306 062147.609 INFO             PET2 ESMF library build location : /scratch1/NCEPDEV/stmp2/role.esmfmaint/gfortran_9.2.0_openmpi_O_develop
20220306 062147.609 INFO             PET2 ESMF_COMM                   : openmpi
20220306 062147.610 INFO             PET2 ESMF_MOAB                   : enabled
20220306 062147.610 INFO             PET2 ESMF_LAPACK                 : enabled
20220306 062147.610 INFO             PET2 ESMF_NETCDF                 : enabled
20220306 062147.610 INFO             PET2 ESMF_PNETCDF                : disabled
20220306 062147.610 INFO             PET2 ESMF_PIO                    : enabled
20220306 062147.610 INFO             PET2 ESMF_YAMLCPP                : enabled
20220306 062147.611 INFO             PET2  NUMBER_OF_PROCESSORS           4
20220306 062147.611 INFO             PET2  PASS  Example ESMF_ArrayBundleEx, ESMF_ArrayBundleEx.F90, line 267
20220306 062147.611 INFO             PET2 Finalizing ESMF
20220306 062147.608 INFO             PET3 !!!!!!!!!!!!!!!!!!!!!!!!!!!!!!!!!!!!!!!!!!!!!!!!!!!!!!
20220306 062147.608 INFO             PET3 !!! THE ESMF_LOG IS SET TO OUTPUT ALL LOG MESSAGES !!!
20220306 062147.608 INFO             PET3 !!!     THIS MAY CAUSE SLOWDOWN IN PERFORMANCE     !!!
20220306 062147.608 INFO             PET3 !!! FOR PRODUCTION RUNS, USE:                      !!!
20220306 062147.608 INFO             PET3 !!!                   ESMF_LOGKIND_Multi_On_Error  !!!
20220306 062147.608 INFO             PET3 !!!!!!!!!!!!!!!!!!!!!!!!!!!!!!!!!!!!!!!!!!!!!!!!!!!!!!
20220306 062147.608 INFO             PET3 Running with ESMF Version   : v8.3.0b09
20220306 062147.608 INFO             PET3 ESMF library build date/time: "Mar  6 2022" "06:00:28"
20220306 062147.608 INFO             PET3 ESMF library build location : /scratch1/NCEPDEV/stmp2/role.esmfmaint/gfortran_9.2.0_openmpi_O_develop
20220306 062147.608 INFO             PET3 ESMF_COMM                   : openmpi
20220306 062147.609 INFO             PET3 ESMF_MOAB                   : enabled
20220306 062147.609 INFO             PET3 ESMF_LAPACK                 : enabled
20220306 062147.609 INFO             PET3 ESMF_NETCDF                 : enabled
20220306 062147.609 INFO             PET3 ESMF_PNETCDF                : disabled
20220306 062147.609 INFO             PET3 ESMF_PIO                    : enabled
20220306 062147.609 INFO             PET3 ESMF_YAMLCPP                : enabled
20220306 062147.611 INFO             PET3  NUMBER_OF_PROCESSORS           4
20220306 062147.611 INFO             PET3  PASS  Example ESMF_ArrayBundleEx, ESMF_ArrayBundleEx.F90, line 267
20220306 062147.611 INFO             PET3 Finalizing ESMF
