build time -- 2022-03-19 03:29:59
20220319 043403.967 INFO             PET0 !!!!!!!!!!!!!!!!!!!!!!!!!!!!!!!!!!!!!!!!!!!!!!!!!!!!!!
20220319 043403.967 INFO             PET0 !!! THE ESMF_LOG IS SET TO OUTPUT ALL LOG MESSAGES !!!
20220319 043403.967 INFO             PET0 !!!     THIS MAY CAUSE SLOWDOWN IN PERFORMANCE     !!!
20220319 043403.967 INFO             PET0 !!! FOR PRODUCTION RUNS, USE:                      !!!
20220319 043403.967 INFO             PET0 !!!                   ESMF_LOGKIND_Multi_On_Error  !!!
20220319 043403.967 INFO             PET0 !!!!!!!!!!!!!!!!!!!!!!!!!!!!!!!!!!!!!!!!!!!!!!!!!!!!!!
20220319 043403.967 INFO             PET0 Running with ESMF Version   : v8.3.0b09-4-g424b2f2
20220319 043403.967 INFO             PET0 ESMF library build date/time: "Mar 19 2022" "03:28:34"
20220319 043403.967 INFO             PET0 ESMF library build location : /work/noaa/da/mpotts/sandbox/gfortran_8.3.0_openmpi_O_develop
20220319 043403.967 INFO             PET0 ESMF_COMM                   : openmpi
20220319 043404.728 INFO             PET0 ESMF_MOAB                   : enabled
20220319 043404.728 INFO             PET0 ESMF_LAPACK                 : enabled
20220319 043404.728 INFO             PET0 ESMF_NETCDF                 : enabled
20220319 043404.728 INFO             PET0 ESMF_PNETCDF                : disabled
20220319 043404.728 INFO             PET0 ESMF_PIO                    : enabled
20220319 043404.728 INFO             PET0 ESMF_YAMLCPP                : enabled
20220319 043404.857 DEBUG            PET0 about to destroy Grid: 0x2786d20
20220319 043404.860 DEBUG            PET0 about to destroy Grid: 0x2787f40
20220319 043404.869 INFO             PET0  NUMBER_OF_PROCESSORS           4
20220319 043404.869 INFO             PET0  PASS  Example ESMF_NUOPCAtmModelEx, ESMF_NUOPCAtmModelEx.F90, line 806
20220319 043404.869 INFO             PET0 Finalizing ESMF
20220319 043404.065 INFO             PET1 !!!!!!!!!!!!!!!!!!!!!!!!!!!!!!!!!!!!!!!!!!!!!!!!!!!!!!
20220319 043404.065 INFO             PET1 !!! THE ESMF_LOG IS SET TO OUTPUT ALL LOG MESSAGES !!!
20220319 043404.065 INFO             PET1 !!!     THIS MAY CAUSE SLOWDOWN IN PERFORMANCE     !!!
20220319 043404.065 INFO             PET1 !!! FOR PRODUCTION RUNS, USE:                      !!!
20220319 043404.065 INFO             PET1 !!!                   ESMF_LOGKIND_Multi_On_Error  !!!
20220319 043404.065 INFO             PET1 !!!!!!!!!!!!!!!!!!!!!!!!!!!!!!!!!!!!!!!!!!!!!!!!!!!!!!
20220319 043404.065 INFO             PET1 Running with ESMF Version   : v8.3.0b09-4-g424b2f2
20220319 043404.065 INFO             PET1 ESMF library build date/time: "Mar 19 2022" "03:28:34"
20220319 043404.065 INFO             PET1 ESMF library build location : /work/noaa/da/mpotts/sandbox/gfortran_8.3.0_openmpi_O_develop
20220319 043404.065 INFO             PET1 ESMF_COMM                   : openmpi
20220319 043404.826 INFO             PET1 ESMF_MOAB                   : enabled
20220319 043404.826 INFO             PET1 ESMF_LAPACK                 : enabled
20220319 043404.826 INFO             PET1 ESMF_NETCDF                 : enabled
20220319 043404.826 INFO             PET1 ESMF_PNETCDF                : disabled
20220319 043404.826 INFO             PET1 ESMF_PIO                    : enabled
20220319 043404.826 INFO             PET1 ESMF_YAMLCPP                : enabled
20220319 043404.857 DEBUG            PET1 about to destroy Grid: 0x16c9e30
20220319 043404.860 DEBUG            PET1 about to destroy Grid: 0x16cb350
20220319 043404.869 INFO             PET1  NUMBER_OF_PROCESSORS           4
20220319 043404.869 INFO             PET1  PASS  Example ESMF_NUOPCAtmModelEx, ESMF_NUOPCAtmModelEx.F90, line 806
20220319 043404.869 INFO             PET1 Finalizing ESMF
20220319 043404.065 INFO             PET2 !!!!!!!!!!!!!!!!!!!!!!!!!!!!!!!!!!!!!!!!!!!!!!!!!!!!!!
20220319 043404.065 INFO             PET2 !!! THE ESMF_LOG IS SET TO OUTPUT ALL LOG MESSAGES !!!
20220319 043404.065 INFO             PET2 !!!     THIS MAY CAUSE SLOWDOWN IN PERFORMANCE     !!!
20220319 043404.065 INFO             PET2 !!! FOR PRODUCTION RUNS, USE:                      !!!
20220319 043404.065 INFO             PET2 !!!                   ESMF_LOGKIND_Multi_On_Error  !!!
20220319 043404.065 INFO             PET2 !!!!!!!!!!!!!!!!!!!!!!!!!!!!!!!!!!!!!!!!!!!!!!!!!!!!!!
20220319 043404.065 INFO             PET2 Running with ESMF Version   : v8.3.0b09-4-g424b2f2
20220319 043404.065 INFO             PET2 ESMF library build date/time: "Mar 19 2022" "03:28:34"
20220319 043404.065 INFO             PET2 ESMF library build location : /work/noaa/da/mpotts/sandbox/gfortran_8.3.0_openmpi_O_develop
20220319 043404.065 INFO             PET2 ESMF_COMM                   : openmpi
20220319 043404.826 INFO             PET2 ESMF_MOAB                   : enabled
20220319 043404.826 INFO             PET2 ESMF_LAPACK                 : enabled
20220319 043404.826 INFO             PET2 ESMF_NETCDF                 : enabled
20220319 043404.826 INFO             PET2 ESMF_PNETCDF                : disabled
20220319 043404.826 INFO             PET2 ESMF_PIO                    : enabled
20220319 043404.826 INFO             PET2 ESMF_YAMLCPP                : enabled
20220319 043404.857 DEBUG            PET2 about to destroy Grid: 0x925870
20220319 043404.860 DEBUG            PET2 about to destroy Grid: 0x926ed0
20220319 043404.869 INFO             PET2  NUMBER_OF_PROCESSORS           4
20220319 043404.869 INFO             PET2  PASS  Example ESMF_NUOPCAtmModelEx, ESMF_NUOPCAtmModelEx.F90, line 806
20220319 043404.869 INFO             PET2 Finalizing ESMF
20220319 043403.967 INFO             PET3 !!!!!!!!!!!!!!!!!!!!!!!!!!!!!!!!!!!!!!!!!!!!!!!!!!!!!!
20220319 043403.967 INFO             PET3 !!! THE ESMF_LOG IS SET TO OUTPUT ALL LOG MESSAGES !!!
20220319 043403.967 INFO             PET3 !!!     THIS MAY CAUSE SLOWDOWN IN PERFORMANCE     !!!
20220319 043403.967 INFO             PET3 !!! FOR PRODUCTION RUNS, USE:                      !!!
20220319 043403.967 INFO             PET3 !!!                   ESMF_LOGKIND_Multi_On_Error  !!!
20220319 043403.967 INFO             PET3 !!!!!!!!!!!!!!!!!!!!!!!!!!!!!!!!!!!!!!!!!!!!!!!!!!!!!!
20220319 043403.967 INFO             PET3 Running with ESMF Version   : v8.3.0b09-4-g424b2f2
20220319 043403.967 INFO             PET3 ESMF library build date/time: "Mar 19 2022" "03:28:34"
20220319 043403.967 INFO             PET3 ESMF library build location : /work/noaa/da/mpotts/sandbox/gfortran_8.3.0_openmpi_O_develop
20220319 043403.967 INFO             PET3 ESMF_COMM                   : openmpi
20220319 043404.728 INFO             PET3 ESMF_MOAB                   : enabled
20220319 043404.728 INFO             PET3 ESMF_LAPACK                 : enabled
20220319 043404.728 INFO             PET3 ESMF_NETCDF                 : enabled
20220319 043404.728 INFO             PET3 ESMF_PNETCDF                : disabled
20220319 043404.728 INFO             PET3 ESMF_PIO                    : enabled
20220319 043404.728 INFO             PET3 ESMF_YAMLCPP                : enabled
20220319 043404.857 DEBUG            PET3 about to destroy Grid: 0x10bb510
20220319 043404.860 DEBUG            PET3 about to destroy Grid: 0x10bc930
20220319 043404.869 INFO             PET3  NUMBER_OF_PROCESSORS           4
20220319 043404.869 INFO             PET3  PASS  Example ESMF_NUOPCAtmModelEx, ESMF_NUOPCAtmModelEx.F90, line 806
20220319 043404.869 INFO             PET3 Finalizing ESMF
