build time -- 2022-03-20 02:52:53
20220320 033050.691 INFO             PET0 !!!!!!!!!!!!!!!!!!!!!!!!!!!!!!!!!!!!!!!!!!!!!!!!!!!!!!
20220320 033050.691 INFO             PET0 !!! THE ESMF_LOG IS SET TO OUTPUT ALL LOG MESSAGES !!!
20220320 033050.691 INFO             PET0 !!!     THIS MAY CAUSE SLOWDOWN IN PERFORMANCE     !!!
20220320 033050.691 INFO             PET0 !!! FOR PRODUCTION RUNS, USE:                      !!!
20220320 033050.691 INFO             PET0 !!!                   ESMF_LOGKIND_Multi_On_Error  !!!
20220320 033050.691 INFO             PET0 !!!!!!!!!!!!!!!!!!!!!!!!!!!!!!!!!!!!!!!!!!!!!!!!!!!!!!
20220320 033050.691 INFO             PET0 Running with ESMF Version   : v8.3.0b09-4-g424b2f2
20220320 033050.691 INFO             PET0 ESMF library build date/time: "Mar 20 2022" "02:50:38"
20220320 033050.691 INFO             PET0 ESMF library build location : /work/noaa/da/mpotts/sandbox/gfortran_8.3.0_openmpi_O_develop
20220320 033050.691 INFO             PET0 ESMF_COMM                   : openmpi
20220320 033050.692 INFO             PET0 ESMF_MOAB                   : enabled
20220320 033050.692 INFO             PET0 ESMF_LAPACK                 : enabled
20220320 033050.692 INFO             PET0 ESMF_NETCDF                 : enabled
20220320 033050.692 INFO             PET0 ESMF_PNETCDF                : disabled
20220320 033050.692 INFO             PET0 ESMF_PIO                    : enabled
20220320 033050.692 INFO             PET0 ESMF_YAMLCPP                : enabled
20220320 033050.730 INFO             PET0  NUMBER_OF_PROCESSORS           4
20220320 033050.730 INFO             PET0  PASS  Example ESMF_FieldMeshRegridEx, ESMF_FieldMeshRegridEx.F90, line 807
20220320 033050.730 INFO             PET0 Finalizing ESMF
20220320 033050.686 INFO             PET1 !!!!!!!!!!!!!!!!!!!!!!!!!!!!!!!!!!!!!!!!!!!!!!!!!!!!!!
20220320 033050.686 INFO             PET1 !!! THE ESMF_LOG IS SET TO OUTPUT ALL LOG MESSAGES !!!
20220320 033050.686 INFO             PET1 !!!     THIS MAY CAUSE SLOWDOWN IN PERFORMANCE     !!!
20220320 033050.686 INFO             PET1 !!! FOR PRODUCTION RUNS, USE:                      !!!
20220320 033050.686 INFO             PET1 !!!                   ESMF_LOGKIND_Multi_On_Error  !!!
20220320 033050.686 INFO             PET1 !!!!!!!!!!!!!!!!!!!!!!!!!!!!!!!!!!!!!!!!!!!!!!!!!!!!!!
20220320 033050.686 INFO             PET1 Running with ESMF Version   : v8.3.0b09-4-g424b2f2
20220320 033050.686 INFO             PET1 ESMF library build date/time: "Mar 20 2022" "02:50:38"
20220320 033050.686 INFO             PET1 ESMF library build location : /work/noaa/da/mpotts/sandbox/gfortran_8.3.0_openmpi_O_develop
20220320 033050.686 INFO             PET1 ESMF_COMM                   : openmpi
20220320 033050.700 INFO             PET1 ESMF_MOAB                   : enabled
20220320 033050.700 INFO             PET1 ESMF_LAPACK                 : enabled
20220320 033050.700 INFO             PET1 ESMF_NETCDF                 : enabled
20220320 033050.700 INFO             PET1 ESMF_PNETCDF                : disabled
20220320 033050.700 INFO             PET1 ESMF_PIO                    : enabled
20220320 033050.700 INFO             PET1 ESMF_YAMLCPP                : enabled
20220320 033050.730 INFO             PET1  NUMBER_OF_PROCESSORS           4
20220320 033050.730 INFO             PET1  PASS  Example ESMF_FieldMeshRegridEx, ESMF_FieldMeshRegridEx.F90, line 807
20220320 033050.730 INFO             PET1 Finalizing ESMF
20220320 033050.717 INFO             PET2 !!!!!!!!!!!!!!!!!!!!!!!!!!!!!!!!!!!!!!!!!!!!!!!!!!!!!!
20220320 033050.718 INFO             PET2 !!! THE ESMF_LOG IS SET TO OUTPUT ALL LOG MESSAGES !!!
20220320 033050.718 INFO             PET2 !!!     THIS MAY CAUSE SLOWDOWN IN PERFORMANCE     !!!
20220320 033050.718 INFO             PET2 !!! FOR PRODUCTION RUNS, USE:                      !!!
20220320 033050.718 INFO             PET2 !!!                   ESMF_LOGKIND_Multi_On_Error  !!!
20220320 033050.718 INFO             PET2 !!!!!!!!!!!!!!!!!!!!!!!!!!!!!!!!!!!!!!!!!!!!!!!!!!!!!!
20220320 033050.718 INFO             PET2 Running with ESMF Version   : v8.3.0b09-4-g424b2f2
20220320 033050.718 INFO             PET2 ESMF library build date/time: "Mar 20 2022" "02:50:38"
20220320 033050.718 INFO             PET2 ESMF library build location : /work/noaa/da/mpotts/sandbox/gfortran_8.3.0_openmpi_O_develop
20220320 033050.718 INFO             PET2 ESMF_COMM                   : openmpi
20220320 033050.724 INFO             PET2 ESMF_MOAB                   : enabled
20220320 033050.724 INFO             PET2 ESMF_LAPACK                 : enabled
20220320 033050.724 INFO             PET2 ESMF_NETCDF                 : enabled
20220320 033050.724 INFO             PET2 ESMF_PNETCDF                : disabled
20220320 033050.724 INFO             PET2 ESMF_PIO                    : enabled
20220320 033050.724 INFO             PET2 ESMF_YAMLCPP                : enabled
20220320 033050.730 INFO             PET2  NUMBER_OF_PROCESSORS           4
20220320 033050.730 INFO             PET2  PASS  Example ESMF_FieldMeshRegridEx, ESMF_FieldMeshRegridEx.F90, line 807
20220320 033050.730 INFO             PET2 Finalizing ESMF
20220320 033050.697 INFO             PET3 !!!!!!!!!!!!!!!!!!!!!!!!!!!!!!!!!!!!!!!!!!!!!!!!!!!!!!
20220320 033050.697 INFO             PET3 !!! THE ESMF_LOG IS SET TO OUTPUT ALL LOG MESSAGES !!!
20220320 033050.697 INFO             PET3 !!!     THIS MAY CAUSE SLOWDOWN IN PERFORMANCE     !!!
20220320 033050.697 INFO             PET3 !!! FOR PRODUCTION RUNS, USE:                      !!!
20220320 033050.697 INFO             PET3 !!!                   ESMF_LOGKIND_Multi_On_Error  !!!
20220320 033050.697 INFO             PET3 !!!!!!!!!!!!!!!!!!!!!!!!!!!!!!!!!!!!!!!!!!!!!!!!!!!!!!
20220320 033050.697 INFO             PET3 Running with ESMF Version   : v8.3.0b09-4-g424b2f2
20220320 033050.698 INFO             PET3 ESMF library build date/time: "Mar 20 2022" "02:50:38"
20220320 033050.698 INFO             PET3 ESMF library build location : /work/noaa/da/mpotts/sandbox/gfortran_8.3.0_openmpi_O_develop
20220320 033050.698 INFO             PET3 ESMF_COMM                   : openmpi
20220320 033050.698 INFO             PET3 ESMF_MOAB                   : enabled
20220320 033050.698 INFO             PET3 ESMF_LAPACK                 : enabled
20220320 033050.698 INFO             PET3 ESMF_NETCDF                 : enabled
20220320 033050.698 INFO             PET3 ESMF_PNETCDF                : disabled
20220320 033050.698 INFO             PET3 ESMF_PIO                    : enabled
20220320 033050.698 INFO             PET3 ESMF_YAMLCPP                : enabled
20220320 033050.730 INFO             PET3  NUMBER_OF_PROCESSORS           4
20220320 033050.730 INFO             PET3  PASS  Example ESMF_FieldMeshRegridEx, ESMF_FieldMeshRegridEx.F90, line 807
20220320 033050.730 INFO             PET3 Finalizing ESMF
