build time -- 2022-03-26 02:33:39
20220326 031018.704 INFO             PET0 !!!!!!!!!!!!!!!!!!!!!!!!!!!!!!!!!!!!!!!!!!!!!!!!!!!!!!
20220326 031018.704 INFO             PET0 !!! THE ESMF_LOG IS SET TO OUTPUT ALL LOG MESSAGES !!!
20220326 031018.704 INFO             PET0 !!!     THIS MAY CAUSE SLOWDOWN IN PERFORMANCE     !!!
20220326 031018.704 INFO             PET0 !!! FOR PRODUCTION RUNS, USE:                      !!!
20220326 031018.704 INFO             PET0 !!!                   ESMF_LOGKIND_Multi_On_Error  !!!
20220326 031018.704 INFO             PET0 !!!!!!!!!!!!!!!!!!!!!!!!!!!!!!!!!!!!!!!!!!!!!!!!!!!!!!
20220326 031018.704 INFO             PET0 Running with ESMF Version   : v8.3.0b10-105-ga5295e3
20220326 031018.704 INFO             PET0 ESMF library build date/time: "Mar 26 2022" "02:31:48"
20220326 031018.704 INFO             PET0 ESMF library build location : /work/noaa/da/mpotts/sandbox/gfortran_8.3.0_openmpi_O_develop
20220326 031018.704 INFO             PET0 ESMF_COMM                   : openmpi
20220326 031018.705 INFO             PET0 ESMF_MOAB                   : enabled
20220326 031018.705 INFO             PET0 ESMF_LAPACK                 : enabled
20220326 031018.705 INFO             PET0 ESMF_NETCDF                 : enabled
20220326 031018.705 INFO             PET0 ESMF_PNETCDF                : disabled
20220326 031018.705 INFO             PET0 ESMF_PIO                    : enabled
20220326 031018.705 INFO             PET0 ESMF_YAMLCPP                : enabled
20220326 031018.705 INFO             PET0  NUMBER_OF_PROCESSORS           1
20220326 031018.705 INFO             PET0  PASS  Example ESMF_ClockEx, ESMF_ClockEx.F90, line 220
20220326 031018.705 INFO             PET0 Finalizing ESMF
