build time -- 2022-03-19 03:29:59
20220319 043307.237 INFO             PET0 !!!!!!!!!!!!!!!!!!!!!!!!!!!!!!!!!!!!!!!!!!!!!!!!!!!!!!
20220319 043307.237 INFO             PET0 !!! THE ESMF_LOG IS SET TO OUTPUT ALL LOG MESSAGES !!!
20220319 043307.237 INFO             PET0 !!!     THIS MAY CAUSE SLOWDOWN IN PERFORMANCE     !!!
20220319 043307.237 INFO             PET0 !!! FOR PRODUCTION RUNS, USE:                      !!!
20220319 043307.237 INFO             PET0 !!!                   ESMF_LOGKIND_Multi_On_Error  !!!
20220319 043307.237 INFO             PET0 !!!!!!!!!!!!!!!!!!!!!!!!!!!!!!!!!!!!!!!!!!!!!!!!!!!!!!
20220319 043307.237 INFO             PET0 Running with ESMF Version   : v8.3.0b09-4-g424b2f2
20220319 043307.237 INFO             PET0 ESMF library build date/time: "Mar 19 2022" "03:28:34"
20220319 043307.237 INFO             PET0 ESMF library build location : /work/noaa/da/mpotts/sandbox/gfortran_8.3.0_openmpi_O_develop
20220319 043307.237 INFO             PET0 ESMF_COMM                   : openmpi
20220319 043307.237 INFO             PET0 ESMF_MOAB                   : enabled
20220319 043307.237 INFO             PET0 ESMF_LAPACK                 : enabled
20220319 043307.237 INFO             PET0 ESMF_NETCDF                 : enabled
20220319 043307.237 INFO             PET0 ESMF_PNETCDF                : disabled
20220319 043307.237 INFO             PET0 ESMF_PIO                    : enabled
20220319 043307.237 INFO             PET0 ESMF_YAMLCPP                : enabled
20220319 043307.238 INFO             PET0 ESMF_FieldRedistStoreNF(): Just entered routine.
20220319 043307.239 INFO             PET0 ESMF_FieldRedistStoreNF(): Leaving routine.
20220319 043307.241 INFO             PET0 ESMF_FieldRedistStoreNF(): Just entered routine.
20220319 043307.241 INFO             PET0 ESMF_FieldRedistStoreNF(): Leaving routine.
20220319 043307.241 INFO             PET0 ESMF_FieldRedistStoreNF(): Just entered routine.
20220319 043307.242 INFO             PET0 ESMF_FieldRedistStoreNF(): Leaving routine.
20220319 043307.242 INFO             PET0  NUMBER_OF_PROCESSORS           4
20220319 043307.242 INFO             PET0  PASS  Example ESMF_FieldRedistEx, ESMF_FieldRedistEx.F90, line 521
20220319 043307.242 INFO             PET0 Finalizing ESMF
20220319 043307.237 INFO             PET1 !!!!!!!!!!!!!!!!!!!!!!!!!!!!!!!!!!!!!!!!!!!!!!!!!!!!!!
20220319 043307.237 INFO             PET1 !!! THE ESMF_LOG IS SET TO OUTPUT ALL LOG MESSAGES !!!
20220319 043307.237 INFO             PET1 !!!     THIS MAY CAUSE SLOWDOWN IN PERFORMANCE     !!!
20220319 043307.237 INFO             PET1 !!! FOR PRODUCTION RUNS, USE:                      !!!
20220319 043307.237 INFO             PET1 !!!                   ESMF_LOGKIND_Multi_On_Error  !!!
20220319 043307.237 INFO             PET1 !!!!!!!!!!!!!!!!!!!!!!!!!!!!!!!!!!!!!!!!!!!!!!!!!!!!!!
20220319 043307.237 INFO             PET1 Running with ESMF Version   : v8.3.0b09-4-g424b2f2
20220319 043307.237 INFO             PET1 ESMF library build date/time: "Mar 19 2022" "03:28:34"
20220319 043307.237 INFO             PET1 ESMF library build location : /work/noaa/da/mpotts/sandbox/gfortran_8.3.0_openmpi_O_develop
20220319 043307.237 INFO             PET1 ESMF_COMM                   : openmpi
20220319 043307.238 INFO             PET1 ESMF_MOAB                   : enabled
20220319 043307.238 INFO             PET1 ESMF_LAPACK                 : enabled
20220319 043307.238 INFO             PET1 ESMF_NETCDF                 : enabled
20220319 043307.238 INFO             PET1 ESMF_PNETCDF                : disabled
20220319 043307.238 INFO             PET1 ESMF_PIO                    : enabled
20220319 043307.238 INFO             PET1 ESMF_YAMLCPP                : enabled
20220319 043307.238 INFO             PET1 ESMF_FieldRedistStoreNF(): Just entered routine.
20220319 043307.239 INFO             PET1 ESMF_FieldRedistStoreNF(): Leaving routine.
20220319 043307.241 INFO             PET1 ESMF_FieldRedistStoreNF(): Just entered routine.
20220319 043307.241 INFO             PET1 ESMF_FieldRedistStoreNF(): Leaving routine.
20220319 043307.241 INFO             PET1 ESMF_FieldRedistStoreNF(): Just entered routine.
20220319 043307.242 INFO             PET1 ESMF_FieldRedistStoreNF(): Leaving routine.
20220319 043307.242 INFO             PET1  NUMBER_OF_PROCESSORS           4
20220319 043307.242 INFO             PET1  PASS  Example ESMF_FieldRedistEx, ESMF_FieldRedistEx.F90, line 521
20220319 043307.242 INFO             PET1 Finalizing ESMF
20220319 043307.237 INFO             PET2 !!!!!!!!!!!!!!!!!!!!!!!!!!!!!!!!!!!!!!!!!!!!!!!!!!!!!!
20220319 043307.237 INFO             PET2 !!! THE ESMF_LOG IS SET TO OUTPUT ALL LOG MESSAGES !!!
20220319 043307.237 INFO             PET2 !!!     THIS MAY CAUSE SLOWDOWN IN PERFORMANCE     !!!
20220319 043307.237 INFO             PET2 !!! FOR PRODUCTION RUNS, USE:                      !!!
20220319 043307.237 INFO             PET2 !!!                   ESMF_LOGKIND_Multi_On_Error  !!!
20220319 043307.237 INFO             PET2 !!!!!!!!!!!!!!!!!!!!!!!!!!!!!!!!!!!!!!!!!!!!!!!!!!!!!!
20220319 043307.237 INFO             PET2 Running with ESMF Version   : v8.3.0b09-4-g424b2f2
20220319 043307.237 INFO             PET2 ESMF library build date/time: "Mar 19 2022" "03:28:34"
20220319 043307.237 INFO             PET2 ESMF library build location : /work/noaa/da/mpotts/sandbox/gfortran_8.3.0_openmpi_O_develop
20220319 043307.237 INFO             PET2 ESMF_COMM                   : openmpi
20220319 043307.237 INFO             PET2 ESMF_MOAB                   : enabled
20220319 043307.237 INFO             PET2 ESMF_LAPACK                 : enabled
20220319 043307.237 INFO             PET2 ESMF_NETCDF                 : enabled
20220319 043307.237 INFO             PET2 ESMF_PNETCDF                : disabled
20220319 043307.237 INFO             PET2 ESMF_PIO                    : enabled
20220319 043307.237 INFO             PET2 ESMF_YAMLCPP                : enabled
20220319 043307.238 INFO             PET2 ESMF_FieldRedistStoreNF(): Just entered routine.
20220319 043307.239 INFO             PET2 ESMF_FieldRedistStoreNF(): Leaving routine.
20220319 043307.241 INFO             PET2 ESMF_FieldRedistStoreNF(): Just entered routine.
20220319 043307.241 INFO             PET2 ESMF_FieldRedistStoreNF(): Leaving routine.
20220319 043307.241 INFO             PET2 ESMF_FieldRedistStoreNF(): Just entered routine.
20220319 043307.242 INFO             PET2 ESMF_FieldRedistStoreNF(): Leaving routine.
20220319 043307.242 INFO             PET2  NUMBER_OF_PROCESSORS           4
20220319 043307.242 INFO             PET2  PASS  Example ESMF_FieldRedistEx, ESMF_FieldRedistEx.F90, line 521
20220319 043307.242 INFO             PET2 Finalizing ESMF
20220319 043307.236 INFO             PET3 !!!!!!!!!!!!!!!!!!!!!!!!!!!!!!!!!!!!!!!!!!!!!!!!!!!!!!
20220319 043307.236 INFO             PET3 !!! THE ESMF_LOG IS SET TO OUTPUT ALL LOG MESSAGES !!!
20220319 043307.236 INFO             PET3 !!!     THIS MAY CAUSE SLOWDOWN IN PERFORMANCE     !!!
20220319 043307.236 INFO             PET3 !!! FOR PRODUCTION RUNS, USE:                      !!!
20220319 043307.236 INFO             PET3 !!!                   ESMF_LOGKIND_Multi_On_Error  !!!
20220319 043307.236 INFO             PET3 !!!!!!!!!!!!!!!!!!!!!!!!!!!!!!!!!!!!!!!!!!!!!!!!!!!!!!
20220319 043307.236 INFO             PET3 Running with ESMF Version   : v8.3.0b09-4-g424b2f2
20220319 043307.236 INFO             PET3 ESMF library build date/time: "Mar 19 2022" "03:28:34"
20220319 043307.236 INFO             PET3 ESMF library build location : /work/noaa/da/mpotts/sandbox/gfortran_8.3.0_openmpi_O_develop
20220319 043307.236 INFO             PET3 ESMF_COMM                   : openmpi
20220319 043307.237 INFO             PET3 ESMF_MOAB                   : enabled
20220319 043307.237 INFO             PET3 ESMF_LAPACK                 : enabled
20220319 043307.237 INFO             PET3 ESMF_NETCDF                 : enabled
20220319 043307.237 INFO             PET3 ESMF_PNETCDF                : disabled
20220319 043307.237 INFO             PET3 ESMF_PIO                    : enabled
20220319 043307.237 INFO             PET3 ESMF_YAMLCPP                : enabled
20220319 043307.238 INFO             PET3 ESMF_FieldRedistStoreNF(): Just entered routine.
20220319 043307.239 INFO             PET3 ESMF_FieldRedistStoreNF(): Leaving routine.
20220319 043307.241 INFO             PET3 ESMF_FieldRedistStoreNF(): Just entered routine.
20220319 043307.241 INFO             PET3 ESMF_FieldRedistStoreNF(): Leaving routine.
20220319 043307.241 INFO             PET3 ESMF_FieldRedistStoreNF(): Just entered routine.
20220319 043307.242 INFO             PET3 ESMF_FieldRedistStoreNF(): Leaving routine.
20220319 043307.242 INFO             PET3  NUMBER_OF_PROCESSORS           4
20220319 043307.242 INFO             PET3  PASS  Example ESMF_FieldRedistEx, ESMF_FieldRedistEx.F90, line 521
20220319 043307.242 INFO             PET3 Finalizing ESMF
