build time -- 2022-03-19 03:29:59
20220319 043146.883 INFO             PET0 !!!!!!!!!!!!!!!!!!!!!!!!!!!!!!!!!!!!!!!!!!!!!!!!!!!!!!
20220319 043146.883 INFO             PET0 !!! THE ESMF_LOG IS SET TO OUTPUT ALL LOG MESSAGES !!!
20220319 043146.883 INFO             PET0 !!!     THIS MAY CAUSE SLOWDOWN IN PERFORMANCE     !!!
20220319 043146.883 INFO             PET0 !!! FOR PRODUCTION RUNS, USE:                      !!!
20220319 043146.883 INFO             PET0 !!!                   ESMF_LOGKIND_Multi_On_Error  !!!
20220319 043146.883 INFO             PET0 !!!!!!!!!!!!!!!!!!!!!!!!!!!!!!!!!!!!!!!!!!!!!!!!!!!!!!
20220319 043146.883 INFO             PET0 Running with ESMF Version   : v8.3.0b09-4-g424b2f2
20220319 043146.883 INFO             PET0 ESMF library build date/time: "Mar 19 2022" "03:28:34"
20220319 043146.883 INFO             PET0 ESMF library build location : /work/noaa/da/mpotts/sandbox/gfortran_8.3.0_openmpi_O_develop
20220319 043146.883 INFO             PET0 ESMF_COMM                   : openmpi
20220319 043146.935 INFO             PET0 ESMF_MOAB                   : enabled
20220319 043146.935 INFO             PET0 ESMF_LAPACK                 : enabled
20220319 043146.935 INFO             PET0 ESMF_NETCDF                 : enabled
20220319 043146.935 INFO             PET0 ESMF_PNETCDF                : disabled
20220319 043146.935 INFO             PET0 ESMF_PIO                    : enabled
20220319 043146.935 INFO             PET0 ESMF_YAMLCPP                : enabled
20220319 043146.935 INFO             PET0  NUMBER_OF_PROCESSORS           4
20220319 043146.935 INFO             PET0  PASS  Example ESMF_VMUserMpiCommMultiEx, ESMF_VMUserMpiCommMultiEx.F90, line 126
20220319 043146.935 INFO             PET0 Finalizing ESMF
20220319 043146.890 INFO             PET0 !!!!!!!!!!!!!!!!!!!!!!!!!!!!!!!!!!!!!!!!!!!!!!!!!!!!!!
20220319 043146.890 INFO             PET0 !!! THE ESMF_LOG IS SET TO OUTPUT ALL LOG MESSAGES !!!
20220319 043146.890 INFO             PET0 !!!     THIS MAY CAUSE SLOWDOWN IN PERFORMANCE     !!!
20220319 043146.890 INFO             PET0 !!! FOR PRODUCTION RUNS, USE:                      !!!
20220319 043146.890 INFO             PET0 !!!                   ESMF_LOGKIND_Multi_On_Error  !!!
20220319 043146.890 INFO             PET0 !!!!!!!!!!!!!!!!!!!!!!!!!!!!!!!!!!!!!!!!!!!!!!!!!!!!!!
20220319 043146.890 INFO             PET0 Running with ESMF Version   : v8.3.0b09-4-g424b2f2
20220319 043146.890 INFO             PET0 ESMF library build date/time: "Mar 19 2022" "03:28:34"
20220319 043146.890 INFO             PET0 ESMF library build location : /work/noaa/da/mpotts/sandbox/gfortran_8.3.0_openmpi_O_develop
20220319 043146.890 INFO             PET0 ESMF_COMM                   : openmpi
20220319 043146.938 INFO             PET0 ESMF_MOAB                   : enabled
20220319 043146.938 INFO             PET0 ESMF_LAPACK                 : enabled
20220319 043146.938 INFO             PET0 ESMF_NETCDF                 : enabled
20220319 043146.938 INFO             PET0 ESMF_PNETCDF                : disabled
20220319 043146.938 INFO             PET0 ESMF_PIO                    : enabled
20220319 043146.938 INFO             PET0 ESMF_YAMLCPP                : enabled
20220319 043146.939 INFO             PET0  NUMBER_OF_PROCESSORS           4
20220319 043146.939 INFO             PET0  PASS  Example ESMF_VMUserMpiCommMultiEx, ESMF_VMUserMpiCommMultiEx.F90, line 154
20220319 043146.939 INFO             PET0 Finalizing ESMF
20220319 043146.856 INFO             PET1 !!!!!!!!!!!!!!!!!!!!!!!!!!!!!!!!!!!!!!!!!!!!!!!!!!!!!!
20220319 043146.856 INFO             PET1 !!! THE ESMF_LOG IS SET TO OUTPUT ALL LOG MESSAGES !!!
20220319 043146.856 INFO             PET1 !!!     THIS MAY CAUSE SLOWDOWN IN PERFORMANCE     !!!
20220319 043146.856 INFO             PET1 !!! FOR PRODUCTION RUNS, USE:                      !!!
20220319 043146.856 INFO             PET1 !!!                   ESMF_LOGKIND_Multi_On_Error  !!!
20220319 043146.856 INFO             PET1 !!!!!!!!!!!!!!!!!!!!!!!!!!!!!!!!!!!!!!!!!!!!!!!!!!!!!!
20220319 043146.856 INFO             PET1 Running with ESMF Version   : v8.3.0b09-4-g424b2f2
20220319 043146.856 INFO             PET1 ESMF library build date/time: "Mar 19 2022" "03:28:34"
20220319 043146.856 INFO             PET1 ESMF library build location : /work/noaa/da/mpotts/sandbox/gfortran_8.3.0_openmpi_O_develop
20220319 043146.856 INFO             PET1 ESMF_COMM                   : openmpi
20220319 043146.857 INFO             PET1 ESMF_MOAB                   : enabled
20220319 043146.857 INFO             PET1 ESMF_LAPACK                 : enabled
20220319 043146.857 INFO             PET1 ESMF_NETCDF                 : enabled
20220319 043146.857 INFO             PET1 ESMF_PNETCDF                : disabled
20220319 043146.857 INFO             PET1 ESMF_PIO                    : enabled
20220319 043146.857 INFO             PET1 ESMF_YAMLCPP                : enabled
20220319 043146.935 INFO             PET1  NUMBER_OF_PROCESSORS           4
20220319 043146.935 INFO             PET1  PASS  Example ESMF_VMUserMpiCommMultiEx, ESMF_VMUserMpiCommMultiEx.F90, line 126
20220319 043146.935 INFO             PET1 Finalizing ESMF
20220319 043146.854 INFO             PET1 !!!!!!!!!!!!!!!!!!!!!!!!!!!!!!!!!!!!!!!!!!!!!!!!!!!!!!
20220319 043146.854 INFO             PET1 !!! THE ESMF_LOG IS SET TO OUTPUT ALL LOG MESSAGES !!!
20220319 043146.854 INFO             PET1 !!!     THIS MAY CAUSE SLOWDOWN IN PERFORMANCE     !!!
20220319 043146.854 INFO             PET1 !!! FOR PRODUCTION RUNS, USE:                      !!!
20220319 043146.854 INFO             PET1 !!!                   ESMF_LOGKIND_Multi_On_Error  !!!
20220319 043146.854 INFO             PET1 !!!!!!!!!!!!!!!!!!!!!!!!!!!!!!!!!!!!!!!!!!!!!!!!!!!!!!
20220319 043146.854 INFO             PET1 Running with ESMF Version   : v8.3.0b09-4-g424b2f2
20220319 043146.854 INFO             PET1 ESMF library build date/time: "Mar 19 2022" "03:28:34"
20220319 043146.854 INFO             PET1 ESMF library build location : /work/noaa/da/mpotts/sandbox/gfortran_8.3.0_openmpi_O_develop
20220319 043146.854 INFO             PET1 ESMF_COMM                   : openmpi
20220319 043146.855 INFO             PET1 ESMF_MOAB                   : enabled
20220319 043146.855 INFO             PET1 ESMF_LAPACK                 : enabled
20220319 043146.855 INFO             PET1 ESMF_NETCDF                 : enabled
20220319 043146.855 INFO             PET1 ESMF_PNETCDF                : disabled
20220319 043146.855 INFO             PET1 ESMF_PIO                    : enabled
20220319 043146.855 INFO             PET1 ESMF_YAMLCPP                : enabled
20220319 043146.939 INFO             PET1  NUMBER_OF_PROCESSORS           4
20220319 043146.939 INFO             PET1  PASS  Example ESMF_VMUserMpiCommMultiEx, ESMF_VMUserMpiCommMultiEx.F90, line 154
20220319 043146.939 INFO             PET1 Finalizing ESMF
