build time -- 2022-03-24 06:13:56
20220324 064723.256 INFO             PET0 !!!!!!!!!!!!!!!!!!!!!!!!!!!!!!!!!!!!!!!!!!!!!!!!!!!!!!
20220324 064723.256 INFO             PET0 !!! THE ESMF_LOG IS SET TO OUTPUT ALL LOG MESSAGES !!!
20220324 064723.256 INFO             PET0 !!!     THIS MAY CAUSE SLOWDOWN IN PERFORMANCE     !!!
20220324 064723.256 INFO             PET0 !!! FOR PRODUCTION RUNS, USE:                      !!!
20220324 064723.256 INFO             PET0 !!!                   ESMF_LOGKIND_Multi_On_Error  !!!
20220324 064723.256 INFO             PET0 !!!!!!!!!!!!!!!!!!!!!!!!!!!!!!!!!!!!!!!!!!!!!!!!!!!!!!
20220324 064723.256 INFO             PET0 Running with ESMF Version   : v8.3.0b09-103-gbb860f29f6
20220324 064723.256 INFO             PET0 ESMF library build date/time: "Mar 24 2022" "06:11:59"
20220324 064723.256 INFO             PET0 ESMF library build location : /scratch1/NCEPDEV/stmp2/role.esmfmaint/intel_18.0.5b_intelmpi_g_jedwards_pio_update2
20220324 064723.256 INFO             PET0 ESMF_COMM                   : intelmpi
20220324 064723.256 INFO             PET0 ESMF_MOAB                   : enabled
20220324 064723.256 INFO             PET0 ESMF_LAPACK                 : enabled
20220324 064723.256 INFO             PET0 ESMF_NETCDF                 : enabled
20220324 064723.256 INFO             PET0 ESMF_PNETCDF                : disabled
20220324 064723.256 INFO             PET0 ESMF_PIO                    : enabled
20220324 064723.256 INFO             PET0 ESMF_YAMLCPP                : enabled
20220324 064723.382 DEBUG            PET0 about to destroy Grid: 0x1c15e20
20220324 064723.399 DEBUG            PET0 about to destroy Grid: 0x1c17840
20220324 064723.444 INFO             PET0  NUMBER_OF_PROCESSORS           4
20220324 064723.444 INFO             PET0  PASS  Example ESMF_NUOPCAtmModelEx, ESMF_NUOPCAtmModelEx.F90, line 806
20220324 064723.444 INFO             PET0 Finalizing ESMF
20220324 064723.256 INFO             PET1 !!!!!!!!!!!!!!!!!!!!!!!!!!!!!!!!!!!!!!!!!!!!!!!!!!!!!!
20220324 064723.256 INFO             PET1 !!! THE ESMF_LOG IS SET TO OUTPUT ALL LOG MESSAGES !!!
20220324 064723.256 INFO             PET1 !!!     THIS MAY CAUSE SLOWDOWN IN PERFORMANCE     !!!
20220324 064723.256 INFO             PET1 !!! FOR PRODUCTION RUNS, USE:                      !!!
20220324 064723.256 INFO             PET1 !!!                   ESMF_LOGKIND_Multi_On_Error  !!!
20220324 064723.256 INFO             PET1 !!!!!!!!!!!!!!!!!!!!!!!!!!!!!!!!!!!!!!!!!!!!!!!!!!!!!!
20220324 064723.256 INFO             PET1 Running with ESMF Version   : v8.3.0b09-103-gbb860f29f6
20220324 064723.256 INFO             PET1 ESMF library build date/time: "Mar 24 2022" "06:11:59"
20220324 064723.256 INFO             PET1 ESMF library build location : /scratch1/NCEPDEV/stmp2/role.esmfmaint/intel_18.0.5b_intelmpi_g_jedwards_pio_update2
20220324 064723.256 INFO             PET1 ESMF_COMM                   : intelmpi
20220324 064723.257 INFO             PET1 ESMF_MOAB                   : enabled
20220324 064723.257 INFO             PET1 ESMF_LAPACK                 : enabled
20220324 064723.257 INFO             PET1 ESMF_NETCDF                 : enabled
20220324 064723.257 INFO             PET1 ESMF_PNETCDF                : disabled
20220324 064723.257 INFO             PET1 ESMF_PIO                    : enabled
20220324 064723.257 INFO             PET1 ESMF_YAMLCPP                : enabled
20220324 064723.382 DEBUG            PET1 about to destroy Grid: 0x13289d0
20220324 064723.399 DEBUG            PET1 about to destroy Grid: 0x13292c0
20220324 064723.444 INFO             PET1  NUMBER_OF_PROCESSORS           4
20220324 064723.444 INFO             PET1  PASS  Example ESMF_NUOPCAtmModelEx, ESMF_NUOPCAtmModelEx.F90, line 806
20220324 064723.444 INFO             PET1 Finalizing ESMF
20220324 064723.255 INFO             PET2 !!!!!!!!!!!!!!!!!!!!!!!!!!!!!!!!!!!!!!!!!!!!!!!!!!!!!!
20220324 064723.256 INFO             PET2 !!! THE ESMF_LOG IS SET TO OUTPUT ALL LOG MESSAGES !!!
20220324 064723.256 INFO             PET2 !!!     THIS MAY CAUSE SLOWDOWN IN PERFORMANCE     !!!
20220324 064723.256 INFO             PET2 !!! FOR PRODUCTION RUNS, USE:                      !!!
20220324 064723.256 INFO             PET2 !!!                   ESMF_LOGKIND_Multi_On_Error  !!!
20220324 064723.256 INFO             PET2 !!!!!!!!!!!!!!!!!!!!!!!!!!!!!!!!!!!!!!!!!!!!!!!!!!!!!!
20220324 064723.256 INFO             PET2 Running with ESMF Version   : v8.3.0b09-103-gbb860f29f6
20220324 064723.256 INFO             PET2 ESMF library build date/time: "Mar 24 2022" "06:11:59"
20220324 064723.256 INFO             PET2 ESMF library build location : /scratch1/NCEPDEV/stmp2/role.esmfmaint/intel_18.0.5b_intelmpi_g_jedwards_pio_update2
20220324 064723.256 INFO             PET2 ESMF_COMM                   : intelmpi
20220324 064723.256 INFO             PET2 ESMF_MOAB                   : enabled
20220324 064723.256 INFO             PET2 ESMF_LAPACK                 : enabled
20220324 064723.256 INFO             PET2 ESMF_NETCDF                 : enabled
20220324 064723.256 INFO             PET2 ESMF_PNETCDF                : disabled
20220324 064723.256 INFO             PET2 ESMF_PIO                    : enabled
20220324 064723.256 INFO             PET2 ESMF_YAMLCPP                : enabled
20220324 064723.382 DEBUG            PET2 about to destroy Grid: 0x9a99d0
20220324 064723.399 DEBUG            PET2 about to destroy Grid: 0x9aa2c0
20220324 064723.443 INFO             PET2  NUMBER_OF_PROCESSORS           4
20220324 064723.443 INFO             PET2  PASS  Example ESMF_NUOPCAtmModelEx, ESMF_NUOPCAtmModelEx.F90, line 806
20220324 064723.443 INFO             PET2 Finalizing ESMF
20220324 064723.255 INFO             PET3 !!!!!!!!!!!!!!!!!!!!!!!!!!!!!!!!!!!!!!!!!!!!!!!!!!!!!!
20220324 064723.256 INFO             PET3 !!! THE ESMF_LOG IS SET TO OUTPUT ALL LOG MESSAGES !!!
20220324 064723.256 INFO             PET3 !!!     THIS MAY CAUSE SLOWDOWN IN PERFORMANCE     !!!
20220324 064723.256 INFO             PET3 !!! FOR PRODUCTION RUNS, USE:                      !!!
20220324 064723.256 INFO             PET3 !!!                   ESMF_LOGKIND_Multi_On_Error  !!!
20220324 064723.256 INFO             PET3 !!!!!!!!!!!!!!!!!!!!!!!!!!!!!!!!!!!!!!!!!!!!!!!!!!!!!!
20220324 064723.256 INFO             PET3 Running with ESMF Version   : v8.3.0b09-103-gbb860f29f6
20220324 064723.256 INFO             PET3 ESMF library build date/time: "Mar 24 2022" "06:11:59"
20220324 064723.256 INFO             PET3 ESMF library build location : /scratch1/NCEPDEV/stmp2/role.esmfmaint/intel_18.0.5b_intelmpi_g_jedwards_pio_update2
20220324 064723.256 INFO             PET3 ESMF_COMM                   : intelmpi
20220324 064723.256 INFO             PET3 ESMF_MOAB                   : enabled
20220324 064723.256 INFO             PET3 ESMF_LAPACK                 : enabled
20220324 064723.256 INFO             PET3 ESMF_NETCDF                 : enabled
20220324 064723.256 INFO             PET3 ESMF_PNETCDF                : disabled
20220324 064723.256 INFO             PET3 ESMF_PIO                    : enabled
20220324 064723.256 INFO             PET3 ESMF_YAMLCPP                : enabled
20220324 064723.382 DEBUG            PET3 about to destroy Grid: 0x17a89d0
20220324 064723.399 DEBUG            PET3 about to destroy Grid: 0x17a92c0
20220324 064723.443 INFO             PET3  NUMBER_OF_PROCESSORS           4
20220324 064723.443 INFO             PET3  PASS  Example ESMF_NUOPCAtmModelEx, ESMF_NUOPCAtmModelEx.F90, line 806
20220324 064723.443 INFO             PET3 Finalizing ESMF
