build time -- 2022-03-07 01:37:13
20220307 015629.161 INFO             PET0 !!!!!!!!!!!!!!!!!!!!!!!!!!!!!!!!!!!!!!!!!!!!!!!!!!!!!!
20220307 015629.161 INFO             PET0 !!! THE ESMF_LOG IS SET TO OUTPUT ALL LOG MESSAGES !!!
20220307 015629.161 INFO             PET0 !!!     THIS MAY CAUSE SLOWDOWN IN PERFORMANCE     !!!
20220307 015629.161 INFO             PET0 !!! FOR PRODUCTION RUNS, USE:                      !!!
20220307 015629.161 INFO             PET0 !!!                   ESMF_LOGKIND_Multi_On_Error  !!!
20220307 015629.161 INFO             PET0 !!!!!!!!!!!!!!!!!!!!!!!!!!!!!!!!!!!!!!!!!!!!!!!!!!!!!!
20220307 015629.161 INFO             PET0 Running with ESMF Version   : v8.3.0b09
20220307 015629.161 INFO             PET0 ESMF library build date/time: "Mar  7 2022" "01:36:00"
20220307 015629.161 INFO             PET0 ESMF library build location : /lfs/h1/emc/ptmp/Mark.Potts/intel_2019.3_mpi_O_develop
20220307 015629.161 INFO             PET0 ESMF_COMM                   : mpi
20220307 015629.162 INFO             PET0 ESMF_MOAB                   : enabled
20220307 015629.162 INFO             PET0 ESMF_LAPACK                 : enabled
20220307 015629.162 INFO             PET0 ESMF_NETCDF                 : enabled
20220307 015629.162 INFO             PET0 ESMF_PNETCDF                : disabled
20220307 015629.162 INFO             PET0 ESMF_PIO                    : enabled
20220307 015629.162 INFO             PET0 ESMF_YAMLCPP                : enabled
20220307 015629.168 INFO             PET0  NUMBER_OF_PROCESSORS           4
20220307 015629.168 INFO             PET0  PASS  Example ESMF_NUOPCBasicModelEx, ESMF_NUOPCBasicModelEx.F90, line 339
20220307 015629.168 INFO             PET0 Finalizing ESMF
20220307 015629.161 INFO             PET1 !!!!!!!!!!!!!!!!!!!!!!!!!!!!!!!!!!!!!!!!!!!!!!!!!!!!!!
20220307 015629.161 INFO             PET1 !!! THE ESMF_LOG IS SET TO OUTPUT ALL LOG MESSAGES !!!
20220307 015629.161 INFO             PET1 !!!     THIS MAY CAUSE SLOWDOWN IN PERFORMANCE     !!!
20220307 015629.161 INFO             PET1 !!! FOR PRODUCTION RUNS, USE:                      !!!
20220307 015629.161 INFO             PET1 !!!                   ESMF_LOGKIND_Multi_On_Error  !!!
20220307 015629.161 INFO             PET1 !!!!!!!!!!!!!!!!!!!!!!!!!!!!!!!!!!!!!!!!!!!!!!!!!!!!!!
20220307 015629.161 INFO             PET1 Running with ESMF Version   : v8.3.0b09
20220307 015629.161 INFO             PET1 ESMF library build date/time: "Mar  7 2022" "01:36:00"
20220307 015629.161 INFO             PET1 ESMF library build location : /lfs/h1/emc/ptmp/Mark.Potts/intel_2019.3_mpi_O_develop
20220307 015629.161 INFO             PET1 ESMF_COMM                   : mpi
20220307 015629.161 INFO             PET1 ESMF_MOAB                   : enabled
20220307 015629.162 INFO             PET1 ESMF_LAPACK                 : enabled
20220307 015629.162 INFO             PET1 ESMF_NETCDF                 : enabled
20220307 015629.162 INFO             PET1 ESMF_PNETCDF                : disabled
20220307 015629.162 INFO             PET1 ESMF_PIO                    : enabled
20220307 015629.162 INFO             PET1 ESMF_YAMLCPP                : enabled
20220307 015629.168 INFO             PET1  NUMBER_OF_PROCESSORS           4
20220307 015629.168 INFO             PET1  PASS  Example ESMF_NUOPCBasicModelEx, ESMF_NUOPCBasicModelEx.F90, line 339
20220307 015629.168 INFO             PET1 Finalizing ESMF
20220307 015629.161 INFO             PET2 !!!!!!!!!!!!!!!!!!!!!!!!!!!!!!!!!!!!!!!!!!!!!!!!!!!!!!
20220307 015629.161 INFO             PET2 !!! THE ESMF_LOG IS SET TO OUTPUT ALL LOG MESSAGES !!!
20220307 015629.161 INFO             PET2 !!!     THIS MAY CAUSE SLOWDOWN IN PERFORMANCE     !!!
20220307 015629.161 INFO             PET2 !!! FOR PRODUCTION RUNS, USE:                      !!!
20220307 015629.161 INFO             PET2 !!!                   ESMF_LOGKIND_Multi_On_Error  !!!
20220307 015629.161 INFO             PET2 !!!!!!!!!!!!!!!!!!!!!!!!!!!!!!!!!!!!!!!!!!!!!!!!!!!!!!
20220307 015629.161 INFO             PET2 Running with ESMF Version   : v8.3.0b09
20220307 015629.161 INFO             PET2 ESMF library build date/time: "Mar  7 2022" "01:36:00"
20220307 015629.161 INFO             PET2 ESMF library build location : /lfs/h1/emc/ptmp/Mark.Potts/intel_2019.3_mpi_O_develop
20220307 015629.161 INFO             PET2 ESMF_COMM                   : mpi
20220307 015629.161 INFO             PET2 ESMF_MOAB                   : enabled
20220307 015629.162 INFO             PET2 ESMF_LAPACK                 : enabled
20220307 015629.162 INFO             PET2 ESMF_NETCDF                 : enabled
20220307 015629.162 INFO             PET2 ESMF_PNETCDF                : disabled
20220307 015629.162 INFO             PET2 ESMF_PIO                    : enabled
20220307 015629.162 INFO             PET2 ESMF_YAMLCPP                : enabled
20220307 015629.168 INFO             PET2  NUMBER_OF_PROCESSORS           4
20220307 015629.168 INFO             PET2  PASS  Example ESMF_NUOPCBasicModelEx, ESMF_NUOPCBasicModelEx.F90, line 339
20220307 015629.168 INFO             PET2 Finalizing ESMF
20220307 015629.161 INFO             PET3 !!!!!!!!!!!!!!!!!!!!!!!!!!!!!!!!!!!!!!!!!!!!!!!!!!!!!!
20220307 015629.161 INFO             PET3 !!! THE ESMF_LOG IS SET TO OUTPUT ALL LOG MESSAGES !!!
20220307 015629.161 INFO             PET3 !!!     THIS MAY CAUSE SLOWDOWN IN PERFORMANCE     !!!
20220307 015629.161 INFO             PET3 !!! FOR PRODUCTION RUNS, USE:                      !!!
20220307 015629.161 INFO             PET3 !!!                   ESMF_LOGKIND_Multi_On_Error  !!!
20220307 015629.161 INFO             PET3 !!!!!!!!!!!!!!!!!!!!!!!!!!!!!!!!!!!!!!!!!!!!!!!!!!!!!!
20220307 015629.161 INFO             PET3 Running with ESMF Version   : v8.3.0b09
20220307 015629.161 INFO             PET3 ESMF library build date/time: "Mar  7 2022" "01:36:00"
20220307 015629.161 INFO             PET3 ESMF library build location : /lfs/h1/emc/ptmp/Mark.Potts/intel_2019.3_mpi_O_develop
20220307 015629.161 INFO             PET3 ESMF_COMM                   : mpi
20220307 015629.162 INFO             PET3 ESMF_MOAB                   : enabled
20220307 015629.162 INFO             PET3 ESMF_LAPACK                 : enabled
20220307 015629.162 INFO             PET3 ESMF_NETCDF                 : enabled
20220307 015629.162 INFO             PET3 ESMF_PNETCDF                : disabled
20220307 015629.162 INFO             PET3 ESMF_PIO                    : enabled
20220307 015629.162 INFO             PET3 ESMF_YAMLCPP                : enabled
20220307 015629.168 INFO             PET3  NUMBER_OF_PROCESSORS           4
20220307 015629.168 INFO             PET3  PASS  Example ESMF_NUOPCBasicModelEx, ESMF_NUOPCBasicModelEx.F90, line 339
20220307 015629.168 INFO             PET3 Finalizing ESMF
