build time -- 2022-03-18 01:16:19.402239
srun: cluster configuration lacks support for cpu binding
 Application Example 1:
 Application Example 1:
 Application Example 1:
 Application Example 1:
 Comp Create returned, name = Atmosphere Physics
 Comp Create returned, name = Atmosphere Physics
 Comp Create returned, name = Atmosphere Physics
 Comp Create returned, name = Atmosphere Physics
 Comp Create returned, name = Atmosphere Dynamics
 Comp Create returned, name = Atmosphere Dynamics
 Comp Create returned, name = Atmosphere Dynamics
 Comp Create returned, name = Atmosphere Dynamics
 Comp Create returned, name = Atmosphere Coupler
 Comp Create returned, name = Atmosphere Coupler
 Comp Create returned, name = Atmosphere Coupler
 Comp Create returned, name = Atmosphere Coupler
 PHYS initialize routine called
 PHYS initialize routine called
 DYNM initialize routine called
 PHYS initialize routine called
 DYNM initialize routine called
 PHYS initialize routine called
 DYNM initialize routine called
 CPLR initialize routine called
 Comp Initialize complete
 CPLR initialize routine called
 Comp Initialize complete
 CPLR initialize routine called
 Comp Initialize complete
 PHYS run routine called
 PHYS run routine called
 PHYS run routine called
 CPLR run routine called
 CPLR run routine called
 DYNM run routine called
 DYNM run routine called
 CPLR run routine called
 DYNM run routine called
 PHYS run routine called
 PHYS run routine called
 PHYS run routine called
 CPLR run routine called
 DYNM run routine called
 CPLR run routine called
 DYNM run routine called
 PHYS run routine called
 PHYS run routine called
 CPLR run routine called
 DYNM initialize routine called
 CPLR initialize routine called
 Comp Initialize complete
 PHYS run routine called
 CPLR run routine called
 DYNM run routine called
 DYNM run routine called
 CPLR run routine called
 DYNM run routine called
 PHYS run routine called
 CPLR run routine called
 PHYS run routine called
 CPLR run routine called
 DYNM run routine called
 DYNM run routine called
 Comp Run complete
 PHYS run routine called
 PHYS finalize routine called
 Comp Run complete
 PHYS finalize routine called
 CPLR run routine called
 DYNM run routine called
 DYNM finalize routine called
 CPLR finalize routine called
 DYNM finalize routine called
 Comp Finalize complete
 CPLR finalize routine called
 Comp Finalize complete
 PHYS run routine called
 CPLR run routine called
 DYNM run routine called
 PHYS run routine called
 CPLR run routine called
 DYNM run routine called
 CPLR run routine called
 DYNM run routine called
 PHYS run routine called
 CPLR run routine called
 DYNM run routine called
 PHYS run routine called
 CPLR run routine called
 DYNM run routine called
 Comp Run complete
 PHYS finalize routine called
 DYNM finalize routine called
 CPLR finalize routine called
 Comp Finalize complete
 Comp Run complete
 Comp Destroy returned
 Application Example 1 finished
 PHYS finalize routine called
 Comp Destroy returned
 Application Example 1 finished
  PASS  Example ESMF_AppMainEx, ESMF_AppMainEx.F90, line 486
  PASS  Example ESMF_AppMainEx, ESMF_AppMainEx.F90, line 486
 DYNM finalize routine called
 Comp Destroy returned
 CPLR finalize routine called
 Comp Finalize complete
 Application Example 1 finished
  PASS  Example ESMF_AppMainEx, ESMF_AppMainEx.F90, line 486
 Comp Destroy returned
 Application Example 1 finished
  PASS  Example ESMF_AppMainEx, ESMF_AppMainEx.F90, line 486
 PASS: ESMF_AppMainEx.F90
 PASS: ESMF_AppMainEx.F90
 PASS: ESMF_AppMainEx.F90
 PASS: ESMF_AppMainEx.F90
