build time -- 2022-03-27 01:29:06.167984
srun: cluster configuration lacks support for cpu binding
 User Comp1 Register starting
 Registered Initialize, Run, and Finalize routines
 User Comp1 Register returning
  PASS  Example ESMF_WebServicesEx, ESMF_WebServicesEx.F90, line 227
 User Comp1 Register starting
 Registered Initialize, Run, and Finalize routines
 User Comp1 Register returning
 User Comp1 Register starting
 Registered Initialize, Run, and Finalize routines
 User Comp1 Register returning
  PASS  Example ESMF_WebServicesEx, ESMF_WebServicesEx.F90, line 227
 User Comp1 Register starting
 Registered Initialize, Run, and Finalize routines
 User Comp1 Register returning
  PASS  Example ESMF_WebServicesEx, ESMF_WebServicesEx.F90, line 227
  PASS  Example ESMF_WebServicesEx, ESMF_WebServicesEx.F90, line 227
 PASS: ESMF_WebServicesEx.F90
 PASS: ESMF_WebServicesEx.F90
 PASS: ESMF_WebServicesEx.F90
 PASS: ESMF_WebServicesEx.F90
