build time -- 2022-03-17 01:16:57.047806
20220317 015613.418 INFO             PET0 !!!!!!!!!!!!!!!!!!!!!!!!!!!!!!!!!!!!!!!!!!!!!!!!!!!!!!
20220317 015613.418 INFO             PET0 !!! THE ESMF_LOG IS SET TO OUTPUT ALL LOG MESSAGES !!!
20220317 015613.418 INFO             PET0 !!!     THIS MAY CAUSE SLOWDOWN IN PERFORMANCE     !!!
20220317 015613.418 INFO             PET0 !!! FOR PRODUCTION RUNS, USE:                      !!!
20220317 015613.418 INFO             PET0 !!!                   ESMF_LOGKIND_Multi_On_Error  !!!
20220317 015613.418 INFO             PET0 !!!!!!!!!!!!!!!!!!!!!!!!!!!!!!!!!!!!!!!!!!!!!!!!!!!!!!
20220317 015613.418 INFO             PET0 Running with ESMF Version   : v8.3.0b09-3-ge20ebbf11d
20220317 015613.418 INFO             PET0 ESMF library build date/time: "Mar 17 2022" "01:14:09"
20220317 015613.418 INFO             PET0 ESMF library build location : /gpfsm/dnb04/projects/p98/mpotts/esmf/intel_19.1.3_intelmpi_g_develop
20220317 015613.418 INFO             PET0 ESMF_COMM                   : intelmpi
20220317 015613.420 INFO             PET0 ESMF_MOAB                   : enabled
20220317 015613.420 INFO             PET0 ESMF_LAPACK                 : enabled
20220317 015613.420 INFO             PET0 ESMF_NETCDF                 : enabled
20220317 015613.420 INFO             PET0 ESMF_PNETCDF                : disabled
20220317 015613.420 INFO             PET0 ESMF_PIO                    : enabled
20220317 015613.420 INFO             PET0 ESMF_YAMLCPP                : enabled
20220317 015613.563 DEBUG            PET0 about to destroy Grid: 0xa90c90
20220317 015613.579 DEBUG            PET0 about to destroy Grid: 0xa91b50
20220317 015613.624 INFO             PET0  NUMBER_OF_PROCESSORS           4
20220317 015613.624 INFO             PET0  PASS  Example ESMF_NUOPCAtmModelEx, ESMF_NUOPCAtmModelEx.F90, line 806
20220317 015613.624 INFO             PET0 Finalizing ESMF
20220317 015613.419 INFO             PET1 !!!!!!!!!!!!!!!!!!!!!!!!!!!!!!!!!!!!!!!!!!!!!!!!!!!!!!
20220317 015613.419 INFO             PET1 !!! THE ESMF_LOG IS SET TO OUTPUT ALL LOG MESSAGES !!!
20220317 015613.419 INFO             PET1 !!!     THIS MAY CAUSE SLOWDOWN IN PERFORMANCE     !!!
20220317 015613.419 INFO             PET1 !!! FOR PRODUCTION RUNS, USE:                      !!!
20220317 015613.419 INFO             PET1 !!!                   ESMF_LOGKIND_Multi_On_Error  !!!
20220317 015613.419 INFO             PET1 !!!!!!!!!!!!!!!!!!!!!!!!!!!!!!!!!!!!!!!!!!!!!!!!!!!!!!
20220317 015613.419 INFO             PET1 Running with ESMF Version   : v8.3.0b09-3-ge20ebbf11d
20220317 015613.419 INFO             PET1 ESMF library build date/time: "Mar 17 2022" "01:14:09"
20220317 015613.419 INFO             PET1 ESMF library build location : /gpfsm/dnb04/projects/p98/mpotts/esmf/intel_19.1.3_intelmpi_g_develop
20220317 015613.419 INFO             PET1 ESMF_COMM                   : intelmpi
20220317 015613.420 INFO             PET1 ESMF_MOAB                   : enabled
20220317 015613.420 INFO             PET1 ESMF_LAPACK                 : enabled
20220317 015613.420 INFO             PET1 ESMF_NETCDF                 : enabled
20220317 015613.420 INFO             PET1 ESMF_PNETCDF                : disabled
20220317 015613.420 INFO             PET1 ESMF_PIO                    : enabled
20220317 015613.420 INFO             PET1 ESMF_YAMLCPP                : enabled
20220317 015613.563 DEBUG            PET1 about to destroy Grid: 0xa7c5f0
20220317 015613.579 DEBUG            PET1 about to destroy Grid: 0xa90580
20220317 015613.624 INFO             PET1  NUMBER_OF_PROCESSORS           4
20220317 015613.624 INFO             PET1  PASS  Example ESMF_NUOPCAtmModelEx, ESMF_NUOPCAtmModelEx.F90, line 806
20220317 015613.624 INFO             PET1 Finalizing ESMF
20220317 015613.419 INFO             PET2 !!!!!!!!!!!!!!!!!!!!!!!!!!!!!!!!!!!!!!!!!!!!!!!!!!!!!!
20220317 015613.419 INFO             PET2 !!! THE ESMF_LOG IS SET TO OUTPUT ALL LOG MESSAGES !!!
20220317 015613.419 INFO             PET2 !!!     THIS MAY CAUSE SLOWDOWN IN PERFORMANCE     !!!
20220317 015613.419 INFO             PET2 !!! FOR PRODUCTION RUNS, USE:                      !!!
20220317 015613.419 INFO             PET2 !!!                   ESMF_LOGKIND_Multi_On_Error  !!!
20220317 015613.419 INFO             PET2 !!!!!!!!!!!!!!!!!!!!!!!!!!!!!!!!!!!!!!!!!!!!!!!!!!!!!!
20220317 015613.419 INFO             PET2 Running with ESMF Version   : v8.3.0b09-3-ge20ebbf11d
20220317 015613.419 INFO             PET2 ESMF library build date/time: "Mar 17 2022" "01:14:09"
20220317 015613.419 INFO             PET2 ESMF library build location : /gpfsm/dnb04/projects/p98/mpotts/esmf/intel_19.1.3_intelmpi_g_develop
20220317 015613.419 INFO             PET2 ESMF_COMM                   : intelmpi
20220317 015613.420 INFO             PET2 ESMF_MOAB                   : enabled
20220317 015613.420 INFO             PET2 ESMF_LAPACK                 : enabled
20220317 015613.420 INFO             PET2 ESMF_NETCDF                 : enabled
20220317 015613.420 INFO             PET2 ESMF_PNETCDF                : disabled
20220317 015613.420 INFO             PET2 ESMF_PIO                    : enabled
20220317 015613.420 INFO             PET2 ESMF_YAMLCPP                : enabled
20220317 015613.563 DEBUG            PET2 about to destroy Grid: 0xa7c710
20220317 015613.579 DEBUG            PET2 about to destroy Grid: 0xa906a0
20220317 015613.625 INFO             PET2  NUMBER_OF_PROCESSORS           4
20220317 015613.625 INFO             PET2  PASS  Example ESMF_NUOPCAtmModelEx, ESMF_NUOPCAtmModelEx.F90, line 806
20220317 015613.625 INFO             PET2 Finalizing ESMF
20220317 015613.419 INFO             PET3 !!!!!!!!!!!!!!!!!!!!!!!!!!!!!!!!!!!!!!!!!!!!!!!!!!!!!!
20220317 015613.419 INFO             PET3 !!! THE ESMF_LOG IS SET TO OUTPUT ALL LOG MESSAGES !!!
20220317 015613.419 INFO             PET3 !!!     THIS MAY CAUSE SLOWDOWN IN PERFORMANCE     !!!
20220317 015613.419 INFO             PET3 !!! FOR PRODUCTION RUNS, USE:                      !!!
20220317 015613.419 INFO             PET3 !!!                   ESMF_LOGKIND_Multi_On_Error  !!!
20220317 015613.419 INFO             PET3 !!!!!!!!!!!!!!!!!!!!!!!!!!!!!!!!!!!!!!!!!!!!!!!!!!!!!!
20220317 015613.419 INFO             PET3 Running with ESMF Version   : v8.3.0b09-3-ge20ebbf11d
20220317 015613.419 INFO             PET3 ESMF library build date/time: "Mar 17 2022" "01:14:09"
20220317 015613.419 INFO             PET3 ESMF library build location : /gpfsm/dnb04/projects/p98/mpotts/esmf/intel_19.1.3_intelmpi_g_develop
20220317 015613.419 INFO             PET3 ESMF_COMM                   : intelmpi
20220317 015613.420 INFO             PET3 ESMF_MOAB                   : enabled
20220317 015613.420 INFO             PET3 ESMF_LAPACK                 : enabled
20220317 015613.420 INFO             PET3 ESMF_NETCDF                 : enabled
20220317 015613.420 INFO             PET3 ESMF_PNETCDF                : disabled
20220317 015613.420 INFO             PET3 ESMF_PIO                    : enabled
20220317 015613.420 INFO             PET3 ESMF_YAMLCPP                : enabled
20220317 015613.563 DEBUG            PET3 about to destroy Grid: 0xa7c6d0
20220317 015613.579 DEBUG            PET3 about to destroy Grid: 0xa90660
20220317 015613.624 INFO             PET3  NUMBER_OF_PROCESSORS           4
20220317 015613.624 INFO             PET3  PASS  Example ESMF_NUOPCAtmModelEx, ESMF_NUOPCAtmModelEx.F90, line 806
20220317 015613.624 INFO             PET3 Finalizing ESMF
