build time -- 2022-03-22 01:36:32.682236
20220322 024944.916 INFO             PET0 !!!!!!!!!!!!!!!!!!!!!!!!!!!!!!!!!!!!!!!!!!!!!!!!!!!!!!
20220322 024944.916 INFO             PET0 !!! THE ESMF_LOG IS SET TO OUTPUT ALL LOG MESSAGES !!!
20220322 024944.916 INFO             PET0 !!!     THIS MAY CAUSE SLOWDOWN IN PERFORMANCE     !!!
20220322 024944.916 INFO             PET0 !!! FOR PRODUCTION RUNS, USE:                      !!!
20220322 024944.916 INFO             PET0 !!!                   ESMF_LOGKIND_Multi_On_Error  !!!
20220322 024944.916 INFO             PET0 !!!!!!!!!!!!!!!!!!!!!!!!!!!!!!!!!!!!!!!!!!!!!!!!!!!!!!
20220322 024944.917 INFO             PET0 Running with ESMF Version   : v8.3.0b09-5-g496f893947
20220322 024944.930 INFO             PET0 ESMF library build date/time: "Mar 22 2022" "01:33:49"
20220322 024944.931 INFO             PET0 ESMF library build location : /gpfsm/dnb04/projects/p98/mpotts/esmf/intel_19.1.3_intelmpi_g_develop
20220322 024944.931 INFO             PET0 ESMF_COMM                   : intelmpi
20220322 024944.950 INFO             PET0 ESMF_MOAB                   : enabled
20220322 024944.950 INFO             PET0 ESMF_LAPACK                 : enabled
20220322 024944.950 INFO             PET0 ESMF_NETCDF                 : enabled
20220322 024944.950 INFO             PET0 ESMF_PNETCDF                : disabled
20220322 024944.950 INFO             PET0 ESMF_PIO                    : enabled
20220322 024944.950 INFO             PET0 ESMF_YAMLCPP                : enabled
20220322 024944.957 INFO             PET0 Log Write 2
20220322 024944.971 ERROR            PET0 Invalid object  - Convergence failure
20220322 024944.974 ERROR            PET0 ESMCI_Fraction.C:1444 ESMCI::Fraction::validate() must have non-zero denominator.
20220322 024944.982 ERROR            PET0 ESMCI_Time.C:838 ESMCI::Time::syncToRealTime() Wrong argument specified  - ; calkindflag is JULIANDAY, MODJULIANDAY or NOCALENDAR.
20220322 024944.982 ERROR            PET0 ESMF_Time.F90:1485 ESMF_TimeSyncToRealTime() Wrong argument specified  - Internal subroutine call returned Error
20220322 024944.982 ERROR            PET0 Wrong argument specified  - getting wall clock time
20220322 024944.983 INFO             PET0  NUMBER_OF_PROCESSORS           4
20220322 024944.983 INFO             PET0  PASS  Example ESMF_LogErrEx, ESMF_LogErrEx.F90, line 186
20220322 024944.983 INFO             PET0 Finalizing ESMF
20220322 024944.916 INFO             PET1 !!!!!!!!!!!!!!!!!!!!!!!!!!!!!!!!!!!!!!!!!!!!!!!!!!!!!!
20220322 024944.916 INFO             PET1 !!! THE ESMF_LOG IS SET TO OUTPUT ALL LOG MESSAGES !!!
20220322 024944.916 INFO             PET1 !!!     THIS MAY CAUSE SLOWDOWN IN PERFORMANCE     !!!
20220322 024944.916 INFO             PET1 !!! FOR PRODUCTION RUNS, USE:                      !!!
20220322 024944.916 INFO             PET1 !!!                   ESMF_LOGKIND_Multi_On_Error  !!!
20220322 024944.916 INFO             PET1 !!!!!!!!!!!!!!!!!!!!!!!!!!!!!!!!!!!!!!!!!!!!!!!!!!!!!!
20220322 024944.917 INFO             PET1 Running with ESMF Version   : v8.3.0b09-5-g496f893947
20220322 024944.930 INFO             PET1 ESMF library build date/time: "Mar 22 2022" "01:33:49"
20220322 024944.931 INFO             PET1 ESMF library build location : /gpfsm/dnb04/projects/p98/mpotts/esmf/intel_19.1.3_intelmpi_g_develop
20220322 024944.931 INFO             PET1 ESMF_COMM                   : intelmpi
20220322 024944.949 INFO             PET1 ESMF_MOAB                   : enabled
20220322 024944.949 INFO             PET1 ESMF_LAPACK                 : enabled
20220322 024944.949 INFO             PET1 ESMF_NETCDF                 : enabled
20220322 024944.949 INFO             PET1 ESMF_PNETCDF                : disabled
20220322 024944.949 INFO             PET1 ESMF_PIO                    : enabled
20220322 024944.949 INFO             PET1 ESMF_YAMLCPP                : enabled
20220322 024944.957 INFO             PET1 Log Write 2
20220322 024944.971 ERROR            PET1 Invalid object  - Convergence failure
20220322 024944.974 ERROR            PET1 ESMCI_Fraction.C:1444 ESMCI::Fraction::validate() must have non-zero denominator.
20220322 024944.982 ERROR            PET1 ESMCI_Time.C:838 ESMCI::Time::syncToRealTime() Wrong argument specified  - ; calkindflag is JULIANDAY, MODJULIANDAY or NOCALENDAR.
20220322 024944.982 ERROR            PET1 ESMF_Time.F90:1485 ESMF_TimeSyncToRealTime() Wrong argument specified  - Internal subroutine call returned Error
20220322 024944.982 ERROR            PET1 Wrong argument specified  - getting wall clock time
20220322 024944.983 INFO             PET1  NUMBER_OF_PROCESSORS           4
20220322 024944.983 INFO             PET1  PASS  Example ESMF_LogErrEx, ESMF_LogErrEx.F90, line 186
20220322 024944.983 INFO             PET1 Finalizing ESMF
20220322 024944.916 INFO             PET2 !!!!!!!!!!!!!!!!!!!!!!!!!!!!!!!!!!!!!!!!!!!!!!!!!!!!!!
20220322 024944.916 INFO             PET2 !!! THE ESMF_LOG IS SET TO OUTPUT ALL LOG MESSAGES !!!
20220322 024944.916 INFO             PET2 !!!     THIS MAY CAUSE SLOWDOWN IN PERFORMANCE     !!!
20220322 024944.916 INFO             PET2 !!! FOR PRODUCTION RUNS, USE:                      !!!
20220322 024944.916 INFO             PET2 !!!                   ESMF_LOGKIND_Multi_On_Error  !!!
20220322 024944.916 INFO             PET2 !!!!!!!!!!!!!!!!!!!!!!!!!!!!!!!!!!!!!!!!!!!!!!!!!!!!!!
20220322 024944.917 INFO             PET2 Running with ESMF Version   : v8.3.0b09-5-g496f893947
20220322 024944.931 INFO             PET2 ESMF library build date/time: "Mar 22 2022" "01:33:49"
20220322 024944.931 INFO             PET2 ESMF library build location : /gpfsm/dnb04/projects/p98/mpotts/esmf/intel_19.1.3_intelmpi_g_develop
20220322 024944.931 INFO             PET2 ESMF_COMM                   : intelmpi
20220322 024944.949 INFO             PET2 ESMF_MOAB                   : enabled
20220322 024944.949 INFO             PET2 ESMF_LAPACK                 : enabled
20220322 024944.949 INFO             PET2 ESMF_NETCDF                 : enabled
20220322 024944.949 INFO             PET2 ESMF_PNETCDF                : disabled
20220322 024944.949 INFO             PET2 ESMF_PIO                    : enabled
20220322 024944.949 INFO             PET2 ESMF_YAMLCPP                : enabled
20220322 024944.957 INFO             PET2 Log Write 2
20220322 024944.971 ERROR            PET2 Invalid object  - Convergence failure
20220322 024944.974 ERROR            PET2 ESMCI_Fraction.C:1444 ESMCI::Fraction::validate() must have non-zero denominator.
20220322 024944.982 ERROR            PET2 ESMCI_Time.C:838 ESMCI::Time::syncToRealTime() Wrong argument specified  - ; calkindflag is JULIANDAY, MODJULIANDAY or NOCALENDAR.
20220322 024944.982 ERROR            PET2 ESMF_Time.F90:1485 ESMF_TimeSyncToRealTime() Wrong argument specified  - Internal subroutine call returned Error
20220322 024944.982 ERROR            PET2 Wrong argument specified  - getting wall clock time
20220322 024944.983 INFO             PET2  NUMBER_OF_PROCESSORS           4
20220322 024944.983 INFO             PET2  PASS  Example ESMF_LogErrEx, ESMF_LogErrEx.F90, line 186
20220322 024944.983 INFO             PET2 Finalizing ESMF
20220322 024944.916 INFO             PET3 !!!!!!!!!!!!!!!!!!!!!!!!!!!!!!!!!!!!!!!!!!!!!!!!!!!!!!
20220322 024944.916 INFO             PET3 !!! THE ESMF_LOG IS SET TO OUTPUT ALL LOG MESSAGES !!!
20220322 024944.916 INFO             PET3 !!!     THIS MAY CAUSE SLOWDOWN IN PERFORMANCE     !!!
20220322 024944.916 INFO             PET3 !!! FOR PRODUCTION RUNS, USE:                      !!!
20220322 024944.916 INFO             PET3 !!!                   ESMF_LOGKIND_Multi_On_Error  !!!
20220322 024944.916 INFO             PET3 !!!!!!!!!!!!!!!!!!!!!!!!!!!!!!!!!!!!!!!!!!!!!!!!!!!!!!
20220322 024944.917 INFO             PET3 Running with ESMF Version   : v8.3.0b09-5-g496f893947
20220322 024944.931 INFO             PET3 ESMF library build date/time: "Mar 22 2022" "01:33:49"
20220322 024944.931 INFO             PET3 ESMF library build location : /gpfsm/dnb04/projects/p98/mpotts/esmf/intel_19.1.3_intelmpi_g_develop
20220322 024944.931 INFO             PET3 ESMF_COMM                   : intelmpi
20220322 024944.950 INFO             PET3 ESMF_MOAB                   : enabled
20220322 024944.950 INFO             PET3 ESMF_LAPACK                 : enabled
20220322 024944.950 INFO             PET3 ESMF_NETCDF                 : enabled
20220322 024944.950 INFO             PET3 ESMF_PNETCDF                : disabled
20220322 024944.950 INFO             PET3 ESMF_PIO                    : enabled
20220322 024944.950 INFO             PET3 ESMF_YAMLCPP                : enabled
20220322 024944.957 INFO             PET3 Log Write 2
20220322 024944.971 ERROR            PET3 Invalid object  - Convergence failure
20220322 024944.974 ERROR            PET3 ESMCI_Fraction.C:1444 ESMCI::Fraction::validate() must have non-zero denominator.
20220322 024944.982 ERROR            PET3 ESMCI_Time.C:838 ESMCI::Time::syncToRealTime() Wrong argument specified  - ; calkindflag is JULIANDAY, MODJULIANDAY or NOCALENDAR.
20220322 024944.982 ERROR            PET3 ESMF_Time.F90:1485 ESMF_TimeSyncToRealTime() Wrong argument specified  - Internal subroutine call returned Error
20220322 024944.982 ERROR            PET3 Wrong argument specified  - getting wall clock time
20220322 024944.982 INFO             PET3  NUMBER_OF_PROCESSORS           4
20220322 024944.983 INFO             PET3  PASS  Example ESMF_LogErrEx, ESMF_LogErrEx.F90, line 186
20220322 024944.983 INFO             PET3 Finalizing ESMF
