build time -- 2022-03-18 10:29:24.992485
20220318 114947.045 INFO             PET0 !!!!!!!!!!!!!!!!!!!!!!!!!!!!!!!!!!!!!!!!!!!!!!!!!!!!!!
20220318 114947.045 INFO             PET0 !!! THE ESMF_LOG IS SET TO OUTPUT ALL LOG MESSAGES !!!
20220318 114947.045 INFO             PET0 !!!     THIS MAY CAUSE SLOWDOWN IN PERFORMANCE     !!!
20220318 114947.045 INFO             PET0 !!! FOR PRODUCTION RUNS, USE:                      !!!
20220318 114947.045 INFO             PET0 !!!                   ESMF_LOGKIND_Multi_On_Error  !!!
20220318 114947.045 INFO             PET0 !!!!!!!!!!!!!!!!!!!!!!!!!!!!!!!!!!!!!!!!!!!!!!!!!!!!!!
20220318 114947.045 INFO             PET0 Running with ESMF Version   : v8.3.0b09-4-g424b2f26e0
20220318 114947.045 INFO             PET0 ESMF library build date/time: "Mar 18 2022" "10:21:13"
20220318 114947.045 INFO             PET0 ESMF library build location : /glade/scratch/rlong/esmf-testing/intel_18.0.5_mpt_g_develop
20220318 114947.045 INFO             PET0 ESMF_COMM                   : mpt
20220318 114947.046 INFO             PET0 ESMF_MOAB                   : enabled
20220318 114947.046 INFO             PET0 ESMF_LAPACK                 : enabled
20220318 114947.046 INFO             PET0 ESMF_NETCDF                 : enabled
20220318 114947.046 INFO             PET0 ESMF_PNETCDF                : disabled
20220318 114947.046 INFO             PET0 ESMF_PIO                    : enabled
20220318 114947.046 INFO             PET0 ESMF_YAMLCPP                : enabled
20220318 114947.046 INFO             PET0  NUMBER_OF_PROCESSORS           1
20220318 114947.046 INFO             PET0  PASS  Example ESMF_ClockEx, ESMF_ClockEx.F90, line 220
20220318 114947.046 INFO             PET0 Finalizing ESMF
