build time -- 2022-03-06 01:20:32.336044
2:  User Comp1 Register starting
3:  User Comp1 Register starting
3:  Registered Initialize, Run, and Finalize routines
3:  User Comp1 Register returning
2:  Registered Initialize, Run, and Finalize routines
2:  User Comp1 Register returning
0:  User Comp1 Register starting
1:  User Comp1 Register starting
1:  Registered Initialize, Run, and Finalize routines
1:  User Comp1 Register returning
2:   PASS  Example ESMF_WebServicesEx, ESMF_WebServicesEx.F90, line 227
3:   PASS  Example ESMF_WebServicesEx, ESMF_WebServicesEx.F90, line 227
0:  Registered Initialize, Run, and Finalize routines
1:   PASS  Example ESMF_WebServicesEx, ESMF_WebServicesEx.F90, line 227
0:  User Comp1 Register returning
0:   PASS  Example ESMF_WebServicesEx, ESMF_WebServicesEx.F90, line 227
2:  PASS: ESMF_WebServicesEx.F90
1:  PASS: ESMF_WebServicesEx.F90
0:  PASS: ESMF_WebServicesEx.F90
3:  PASS: ESMF_WebServicesEx.F90
