build time -- 2022-03-28 01:10:22.314412
20220328 013907.656 INFO             PET0 !!!!!!!!!!!!!!!!!!!!!!!!!!!!!!!!!!!!!!!!!!!!!!!!!!!!!!
20220328 013907.656 INFO             PET0 !!! THE ESMF_LOG IS SET TO OUTPUT ALL LOG MESSAGES !!!
20220328 013907.656 INFO             PET0 !!!     THIS MAY CAUSE SLOWDOWN IN PERFORMANCE     !!!
20220328 013907.656 INFO             PET0 !!! FOR PRODUCTION RUNS, USE:                      !!!
20220328 013907.656 INFO             PET0 !!!                   ESMF_LOGKIND_Multi_On_Error  !!!
20220328 013907.656 INFO             PET0 !!!!!!!!!!!!!!!!!!!!!!!!!!!!!!!!!!!!!!!!!!!!!!!!!!!!!!
20220328 013907.656 INFO             PET0 Running with ESMF Version   : v8.3.0b10-105-ga5295e34ae
20220328 013907.656 INFO             PET0 ESMF library build date/time: "Mar 28 2022" "01:08:54"
20220328 013907.656 INFO             PET0 ESMF library build location : /gpfsm/dnb04/projects/p98/mpotts/esmf/gfortran_8.3.0_intelmpi_g_develop
20220328 013907.656 INFO             PET0 ESMF_COMM                   : intelmpi
20220328 013907.657 INFO             PET0 ESMF_MOAB                   : enabled
20220328 013907.657 INFO             PET0 ESMF_LAPACK                 : enabled
20220328 013907.657 INFO             PET0 ESMF_NETCDF                 : disabled
20220328 013907.657 INFO             PET0 ESMF_PNETCDF                : disabled
20220328 013907.657 INFO             PET0 ESMF_PIO                    : disabled
20220328 013907.657 INFO             PET0 ESMF_YAMLCPP                : enabled
20220328 013907.771 DEBUG            PET0 about to destroy Grid: 0x8f79a0
20220328 013907.783 DEBUG            PET0 about to destroy Grid: 0x8f94b0
20220328 013907.816 INFO             PET0  NUMBER_OF_PROCESSORS           4
20220328 013907.816 INFO             PET0  PASS  Example ESMF_NUOPCAtmModelEx, ESMF_NUOPCAtmModelEx.F90, line 806
20220328 013907.816 INFO             PET0 Finalizing ESMF
20220328 013907.657 INFO             PET1 !!!!!!!!!!!!!!!!!!!!!!!!!!!!!!!!!!!!!!!!!!!!!!!!!!!!!!
20220328 013907.657 INFO             PET1 !!! THE ESMF_LOG IS SET TO OUTPUT ALL LOG MESSAGES !!!
20220328 013907.657 INFO             PET1 !!!     THIS MAY CAUSE SLOWDOWN IN PERFORMANCE     !!!
20220328 013907.657 INFO             PET1 !!! FOR PRODUCTION RUNS, USE:                      !!!
20220328 013907.657 INFO             PET1 !!!                   ESMF_LOGKIND_Multi_On_Error  !!!
20220328 013907.657 INFO             PET1 !!!!!!!!!!!!!!!!!!!!!!!!!!!!!!!!!!!!!!!!!!!!!!!!!!!!!!
20220328 013907.657 INFO             PET1 Running with ESMF Version   : v8.3.0b10-105-ga5295e34ae
20220328 013907.657 INFO             PET1 ESMF library build date/time: "Mar 28 2022" "01:08:54"
20220328 013907.657 INFO             PET1 ESMF library build location : /gpfsm/dnb04/projects/p98/mpotts/esmf/gfortran_8.3.0_intelmpi_g_develop
20220328 013907.657 INFO             PET1 ESMF_COMM                   : intelmpi
20220328 013907.657 INFO             PET1 ESMF_MOAB                   : enabled
20220328 013907.657 INFO             PET1 ESMF_LAPACK                 : enabled
20220328 013907.657 INFO             PET1 ESMF_NETCDF                 : disabled
20220328 013907.657 INFO             PET1 ESMF_PNETCDF                : disabled
20220328 013907.657 INFO             PET1 ESMF_PIO                    : disabled
20220328 013907.657 INFO             PET1 ESMF_YAMLCPP                : enabled
20220328 013907.771 DEBUG            PET1 about to destroy Grid: 0x8f8100
20220328 013907.783 DEBUG            PET1 about to destroy Grid: 0x8f99b0
20220328 013907.816 INFO             PET1  NUMBER_OF_PROCESSORS           4
20220328 013907.816 INFO             PET1  PASS  Example ESMF_NUOPCAtmModelEx, ESMF_NUOPCAtmModelEx.F90, line 806
20220328 013907.816 INFO             PET1 Finalizing ESMF
20220328 013907.657 INFO             PET2 !!!!!!!!!!!!!!!!!!!!!!!!!!!!!!!!!!!!!!!!!!!!!!!!!!!!!!
20220328 013907.657 INFO             PET2 !!! THE ESMF_LOG IS SET TO OUTPUT ALL LOG MESSAGES !!!
20220328 013907.657 INFO             PET2 !!!     THIS MAY CAUSE SLOWDOWN IN PERFORMANCE     !!!
20220328 013907.657 INFO             PET2 !!! FOR PRODUCTION RUNS, USE:                      !!!
20220328 013907.657 INFO             PET2 !!!                   ESMF_LOGKIND_Multi_On_Error  !!!
20220328 013907.657 INFO             PET2 !!!!!!!!!!!!!!!!!!!!!!!!!!!!!!!!!!!!!!!!!!!!!!!!!!!!!!
20220328 013907.657 INFO             PET2 Running with ESMF Version   : v8.3.0b10-105-ga5295e34ae
20220328 013907.657 INFO             PET2 ESMF library build date/time: "Mar 28 2022" "01:08:54"
20220328 013907.657 INFO             PET2 ESMF library build location : /gpfsm/dnb04/projects/p98/mpotts/esmf/gfortran_8.3.0_intelmpi_g_develop
20220328 013907.657 INFO             PET2 ESMF_COMM                   : intelmpi
20220328 013907.657 INFO             PET2 ESMF_MOAB                   : enabled
20220328 013907.657 INFO             PET2 ESMF_LAPACK                 : enabled
20220328 013907.657 INFO             PET2 ESMF_NETCDF                 : disabled
20220328 013907.657 INFO             PET2 ESMF_PNETCDF                : disabled
20220328 013907.657 INFO             PET2 ESMF_PIO                    : disabled
20220328 013907.657 INFO             PET2 ESMF_YAMLCPP                : enabled
20220328 013907.771 DEBUG            PET2 about to destroy Grid: 0x8f7800
20220328 013907.783 DEBUG            PET2 about to destroy Grid: 0x8f8920
20220328 013907.817 INFO             PET2  NUMBER_OF_PROCESSORS           4
20220328 013907.817 INFO             PET2  PASS  Example ESMF_NUOPCAtmModelEx, ESMF_NUOPCAtmModelEx.F90, line 806
20220328 013907.817 INFO             PET2 Finalizing ESMF
20220328 013907.657 INFO             PET3 !!!!!!!!!!!!!!!!!!!!!!!!!!!!!!!!!!!!!!!!!!!!!!!!!!!!!!
20220328 013907.657 INFO             PET3 !!! THE ESMF_LOG IS SET TO OUTPUT ALL LOG MESSAGES !!!
20220328 013907.657 INFO             PET3 !!!     THIS MAY CAUSE SLOWDOWN IN PERFORMANCE     !!!
20220328 013907.657 INFO             PET3 !!! FOR PRODUCTION RUNS, USE:                      !!!
20220328 013907.657 INFO             PET3 !!!                   ESMF_LOGKIND_Multi_On_Error  !!!
20220328 013907.657 INFO             PET3 !!!!!!!!!!!!!!!!!!!!!!!!!!!!!!!!!!!!!!!!!!!!!!!!!!!!!!
20220328 013907.657 INFO             PET3 Running with ESMF Version   : v8.3.0b10-105-ga5295e34ae
20220328 013907.657 INFO             PET3 ESMF library build date/time: "Mar 28 2022" "01:08:54"
20220328 013907.657 INFO             PET3 ESMF library build location : /gpfsm/dnb04/projects/p98/mpotts/esmf/gfortran_8.3.0_intelmpi_g_develop
20220328 013907.657 INFO             PET3 ESMF_COMM                   : intelmpi
20220328 013907.657 INFO             PET3 ESMF_MOAB                   : enabled
20220328 013907.657 INFO             PET3 ESMF_LAPACK                 : enabled
20220328 013907.657 INFO             PET3 ESMF_NETCDF                 : disabled
20220328 013907.657 INFO             PET3 ESMF_PNETCDF                : disabled
20220328 013907.657 INFO             PET3 ESMF_PIO                    : disabled
20220328 013907.657 INFO             PET3 ESMF_YAMLCPP                : enabled
20220328 013907.771 DEBUG            PET3 about to destroy Grid: 0x8f76b0
20220328 013907.783 DEBUG            PET3 about to destroy Grid: 0x8f87d0
20220328 013907.816 INFO             PET3  NUMBER_OF_PROCESSORS           4
20220328 013907.817 INFO             PET3  PASS  Example ESMF_NUOPCAtmModelEx, ESMF_NUOPCAtmModelEx.F90, line 806
20220328 013907.817 INFO             PET3 Finalizing ESMF
