build time -- 2022-03-28 01:10:22.314412
20220328 013650.555 INFO             PET0 !!!!!!!!!!!!!!!!!!!!!!!!!!!!!!!!!!!!!!!!!!!!!!!!!!!!!!
20220328 013650.555 INFO             PET0 !!! THE ESMF_LOG IS SET TO OUTPUT ALL LOG MESSAGES !!!
20220328 013650.555 INFO             PET0 !!!     THIS MAY CAUSE SLOWDOWN IN PERFORMANCE     !!!
20220328 013650.555 INFO             PET0 !!! FOR PRODUCTION RUNS, USE:                      !!!
20220328 013650.555 INFO             PET0 !!!                   ESMF_LOGKIND_Multi_On_Error  !!!
20220328 013650.555 INFO             PET0 !!!!!!!!!!!!!!!!!!!!!!!!!!!!!!!!!!!!!!!!!!!!!!!!!!!!!!
20220328 013650.555 INFO             PET0 Running with ESMF Version   : v8.3.0b10-105-ga5295e34ae
20220328 013650.555 INFO             PET0 ESMF library build date/time: "Mar 28 2022" "01:08:54"
20220328 013650.555 INFO             PET0 ESMF library build location : /gpfsm/dnb04/projects/p98/mpotts/esmf/gfortran_8.3.0_intelmpi_g_develop
20220328 013650.555 INFO             PET0 ESMF_COMM                   : intelmpi
20220328 013650.556 INFO             PET0 ESMF_MOAB                   : enabled
20220328 013650.556 INFO             PET0 ESMF_LAPACK                 : enabled
20220328 013650.556 INFO             PET0 ESMF_NETCDF                 : disabled
20220328 013650.556 INFO             PET0 ESMF_PNETCDF                : disabled
20220328 013650.556 INFO             PET0 ESMF_PIO                    : disabled
20220328 013650.556 INFO             PET0 ESMF_YAMLCPP                : enabled
20220328 013650.557 INFO             PET0  NUMBER_OF_PROCESSORS           1
20220328 013650.557 INFO             PET0  PASS  Example ESMF_AlarmEx, ESMF_AlarmEx.F90, line 244
20220328 013650.557 INFO             PET0 Finalizing ESMF
