build time -- 2022-03-24 01:15:11.703488
20220324 014138.087 INFO             PET0 !!!!!!!!!!!!!!!!!!!!!!!!!!!!!!!!!!!!!!!!!!!!!!!!!!!!!!
20220324 014138.087 INFO             PET0 !!! THE ESMF_LOG IS SET TO OUTPUT ALL LOG MESSAGES !!!
20220324 014138.087 INFO             PET0 !!!     THIS MAY CAUSE SLOWDOWN IN PERFORMANCE     !!!
20220324 014138.087 INFO             PET0 !!! FOR PRODUCTION RUNS, USE:                      !!!
20220324 014138.087 INFO             PET0 !!!                   ESMF_LOGKIND_Multi_On_Error  !!!
20220324 014138.087 INFO             PET0 !!!!!!!!!!!!!!!!!!!!!!!!!!!!!!!!!!!!!!!!!!!!!!!!!!!!!!
20220324 014138.087 INFO             PET0 Running with ESMF Version   : v8.3.0b10
20220324 014138.087 INFO             PET0 ESMF library build date/time: "Mar 24 2022" "01:13:34"
20220324 014138.087 INFO             PET0 ESMF library build location : /gpfsm/dnb04/projects/p98/mpotts/esmf/gfortran_8.3.0_intelmpi_g_develop
20220324 014138.087 INFO             PET0 ESMF_COMM                   : intelmpi
20220324 014138.087 INFO             PET0 ESMF_MOAB                   : enabled
20220324 014138.087 INFO             PET0 ESMF_LAPACK                 : enabled
20220324 014138.087 INFO             PET0 ESMF_NETCDF                 : disabled
20220324 014138.087 INFO             PET0 ESMF_PNETCDF                : disabled
20220324 014138.087 INFO             PET0 ESMF_PIO                    : enabled
20220324 014138.087 INFO             PET0 ESMF_YAMLCPP                : enabled
20220324 014138.088 INFO             PET0  NUMBER_OF_PROCESSORS           1
20220324 014138.088 INFO             PET0  PASS  Example CalendarEx, ESMF_CalendarEx.F90, line 217
20220324 014138.088 INFO             PET0 Finalizing ESMF
