build time -- 2022-03-27 01:25:07.625669
20220327 015359.288 INFO             PET0 !!!!!!!!!!!!!!!!!!!!!!!!!!!!!!!!!!!!!!!!!!!!!!!!!!!!!!
20220327 015359.289 INFO             PET0 !!! THE ESMF_LOG IS SET TO OUTPUT ALL LOG MESSAGES !!!
20220327 015359.289 INFO             PET0 !!!     THIS MAY CAUSE SLOWDOWN IN PERFORMANCE     !!!
20220327 015359.289 INFO             PET0 !!! FOR PRODUCTION RUNS, USE:                      !!!
20220327 015359.289 INFO             PET0 !!!                   ESMF_LOGKIND_Multi_On_Error  !!!
20220327 015359.289 INFO             PET0 !!!!!!!!!!!!!!!!!!!!!!!!!!!!!!!!!!!!!!!!!!!!!!!!!!!!!!
20220327 015359.289 INFO             PET0 Running with ESMF Version   : v8.3.0b10-105-ga5295e34ae
20220327 015359.289 INFO             PET0 ESMF library build date/time: "Mar 27 2022" "01:23:33"
20220327 015359.289 INFO             PET0 ESMF library build location : /gpfsm/dnb04/projects/p98/mpotts/esmf/gfortran_8.3.0_intelmpi_g_develop
20220327 015359.289 INFO             PET0 ESMF_COMM                   : intelmpi
20220327 015359.289 INFO             PET0 ESMF_MOAB                   : enabled
20220327 015359.289 INFO             PET0 ESMF_LAPACK                 : enabled
20220327 015359.289 INFO             PET0 ESMF_NETCDF                 : disabled
20220327 015359.289 INFO             PET0 ESMF_PNETCDF                : disabled
20220327 015359.289 INFO             PET0 ESMF_PIO                    : disabled
20220327 015359.289 INFO             PET0 ESMF_YAMLCPP                : enabled
20220327 015359.290 INFO             PET0  NUMBER_OF_PROCESSORS           4
20220327 015359.290 INFO             PET0  PASS  Example ESMF_InternalStateModEx, ESMF_InternalStateModEx.F90, line 239
20220327 015359.290 INFO             PET0 Finalizing ESMF
20220327 015359.288 INFO             PET1 !!!!!!!!!!!!!!!!!!!!!!!!!!!!!!!!!!!!!!!!!!!!!!!!!!!!!!
20220327 015359.288 INFO             PET1 !!! THE ESMF_LOG IS SET TO OUTPUT ALL LOG MESSAGES !!!
20220327 015359.288 INFO             PET1 !!!     THIS MAY CAUSE SLOWDOWN IN PERFORMANCE     !!!
20220327 015359.288 INFO             PET1 !!! FOR PRODUCTION RUNS, USE:                      !!!
20220327 015359.288 INFO             PET1 !!!                   ESMF_LOGKIND_Multi_On_Error  !!!
20220327 015359.288 INFO             PET1 !!!!!!!!!!!!!!!!!!!!!!!!!!!!!!!!!!!!!!!!!!!!!!!!!!!!!!
20220327 015359.288 INFO             PET1 Running with ESMF Version   : v8.3.0b10-105-ga5295e34ae
20220327 015359.288 INFO             PET1 ESMF library build date/time: "Mar 27 2022" "01:23:33"
20220327 015359.288 INFO             PET1 ESMF library build location : /gpfsm/dnb04/projects/p98/mpotts/esmf/gfortran_8.3.0_intelmpi_g_develop
20220327 015359.288 INFO             PET1 ESMF_COMM                   : intelmpi
20220327 015359.289 INFO             PET1 ESMF_MOAB                   : enabled
20220327 015359.289 INFO             PET1 ESMF_LAPACK                 : enabled
20220327 015359.289 INFO             PET1 ESMF_NETCDF                 : disabled
20220327 015359.289 INFO             PET1 ESMF_PNETCDF                : disabled
20220327 015359.289 INFO             PET1 ESMF_PIO                    : disabled
20220327 015359.289 INFO             PET1 ESMF_YAMLCPP                : enabled
20220327 015359.290 INFO             PET1  NUMBER_OF_PROCESSORS           4
20220327 015359.290 INFO             PET1  PASS  Example ESMF_InternalStateModEx, ESMF_InternalStateModEx.F90, line 239
20220327 015359.290 INFO             PET1 Finalizing ESMF
20220327 015359.289 INFO             PET2 !!!!!!!!!!!!!!!!!!!!!!!!!!!!!!!!!!!!!!!!!!!!!!!!!!!!!!
20220327 015359.289 INFO             PET2 !!! THE ESMF_LOG IS SET TO OUTPUT ALL LOG MESSAGES !!!
20220327 015359.289 INFO             PET2 !!!     THIS MAY CAUSE SLOWDOWN IN PERFORMANCE     !!!
20220327 015359.289 INFO             PET2 !!! FOR PRODUCTION RUNS, USE:                      !!!
20220327 015359.289 INFO             PET2 !!!                   ESMF_LOGKIND_Multi_On_Error  !!!
20220327 015359.289 INFO             PET2 !!!!!!!!!!!!!!!!!!!!!!!!!!!!!!!!!!!!!!!!!!!!!!!!!!!!!!
20220327 015359.289 INFO             PET2 Running with ESMF Version   : v8.3.0b10-105-ga5295e34ae
20220327 015359.289 INFO             PET2 ESMF library build date/time: "Mar 27 2022" "01:23:33"
20220327 015359.289 INFO             PET2 ESMF library build location : /gpfsm/dnb04/projects/p98/mpotts/esmf/gfortran_8.3.0_intelmpi_g_develop
20220327 015359.289 INFO             PET2 ESMF_COMM                   : intelmpi
20220327 015359.289 INFO             PET2 ESMF_MOAB                   : enabled
20220327 015359.289 INFO             PET2 ESMF_LAPACK                 : enabled
20220327 015359.289 INFO             PET2 ESMF_NETCDF                 : disabled
20220327 015359.289 INFO             PET2 ESMF_PNETCDF                : disabled
20220327 015359.289 INFO             PET2 ESMF_PIO                    : disabled
20220327 015359.289 INFO             PET2 ESMF_YAMLCPP                : enabled
20220327 015359.290 INFO             PET2  NUMBER_OF_PROCESSORS           4
20220327 015359.290 INFO             PET2  PASS  Example ESMF_InternalStateModEx, ESMF_InternalStateModEx.F90, line 239
20220327 015359.290 INFO             PET2 Finalizing ESMF
20220327 015359.289 INFO             PET3 !!!!!!!!!!!!!!!!!!!!!!!!!!!!!!!!!!!!!!!!!!!!!!!!!!!!!!
20220327 015359.289 INFO             PET3 !!! THE ESMF_LOG IS SET TO OUTPUT ALL LOG MESSAGES !!!
20220327 015359.289 INFO             PET3 !!!     THIS MAY CAUSE SLOWDOWN IN PERFORMANCE     !!!
20220327 015359.289 INFO             PET3 !!! FOR PRODUCTION RUNS, USE:                      !!!
20220327 015359.289 INFO             PET3 !!!                   ESMF_LOGKIND_Multi_On_Error  !!!
20220327 015359.289 INFO             PET3 !!!!!!!!!!!!!!!!!!!!!!!!!!!!!!!!!!!!!!!!!!!!!!!!!!!!!!
20220327 015359.289 INFO             PET3 Running with ESMF Version   : v8.3.0b10-105-ga5295e34ae
20220327 015359.289 INFO             PET3 ESMF library build date/time: "Mar 27 2022" "01:23:33"
20220327 015359.289 INFO             PET3 ESMF library build location : /gpfsm/dnb04/projects/p98/mpotts/esmf/gfortran_8.3.0_intelmpi_g_develop
20220327 015359.289 INFO             PET3 ESMF_COMM                   : intelmpi
20220327 015359.289 INFO             PET3 ESMF_MOAB                   : enabled
20220327 015359.289 INFO             PET3 ESMF_LAPACK                 : enabled
20220327 015359.289 INFO             PET3 ESMF_NETCDF                 : disabled
20220327 015359.289 INFO             PET3 ESMF_PNETCDF                : disabled
20220327 015359.289 INFO             PET3 ESMF_PIO                    : disabled
20220327 015359.289 INFO             PET3 ESMF_YAMLCPP                : enabled
20220327 015359.290 INFO             PET3  NUMBER_OF_PROCESSORS           4
20220327 015359.290 INFO             PET3  PASS  Example ESMF_InternalStateModEx, ESMF_InternalStateModEx.F90, line 239
20220327 015359.290 INFO             PET3 Finalizing ESMF
