Sat Mar 26 03:17:55 CDT 2022
 
Installing ESMF:
 
mkdir -p /work/noaa/da/mpotts/sandbox/gfortran_8.3.0_openmpi_O_develop/DEFAULTINSTALLDIR/include
cp -f /work/noaa/da/mpotts/sandbox/gfortran_8.3.0_openmpi_O_develop/src/include/ESMC.h /work/noaa/da/mpotts/sandbox/gfortran_8.3.0_openmpi_O_develop/DEFAULTINSTALLDIR/include
cp -f /work/noaa/da/mpotts/sandbox/gfortran_8.3.0_openmpi_O_develop/src/include/ESMC_*.h /work/noaa/da/mpotts/sandbox/gfortran_8.3.0_openmpi_O_develop/DEFAULTINSTALLDIR/include
cp -f /work/noaa/da/mpotts/sandbox/gfortran_8.3.0_openmpi_O_develop/build_config/Linux.gfortran.default/ESMC_Conf.h /work/noaa/da/mpotts/sandbox/gfortran_8.3.0_openmpi_O_develop/DEFAULTINSTALLDIR/include
mkdir -p /work/noaa/da/mpotts/sandbox/gfortran_8.3.0_openmpi_O_develop/DEFAULTINSTALLDIR/mod/modO/Linux.gfortran.64.openmpi.default
cp -f /work/noaa/da/mpotts/sandbox/gfortran_8.3.0_openmpi_O_develop/mod/modO/Linux.gfortran.64.openmpi.default/*.mod /work/noaa/da/mpotts/sandbox/gfortran_8.3.0_openmpi_O_develop/DEFAULTINSTALLDIR/mod/modO/Linux.gfortran.64.openmpi.default
mkdir -p /work/noaa/da/mpotts/sandbox/gfortran_8.3.0_openmpi_O_develop/DEFAULTINSTALLDIR/lib/libO/Linux.gfortran.64.openmpi.default
cp -f /work/noaa/da/mpotts/sandbox/gfortran_8.3.0_openmpi_O_develop/lib/libO/Linux.gfortran.64.openmpi.default/libesmf*.* /work/noaa/da/mpotts/sandbox/gfortran_8.3.0_openmpi_O_develop/DEFAULTINSTALLDIR/lib/libO/Linux.gfortran.64.openmpi.default
cp -f /work/noaa/da/mpotts/sandbox/gfortran_8.3.0_openmpi_O_develop/lib/libO/Linux.gfortran.64.openmpi.default/libpioc.* /work/noaa/da/mpotts/sandbox/gfortran_8.3.0_openmpi_O_develop/DEFAULTINSTALLDIR/lib/libO/Linux.gfortran.64.openmpi.default
make ESMF_PRELOADDIR=/work/noaa/da/mpotts/sandbox/gfortran_8.3.0_openmpi_O_develop/DEFAULTINSTALLDIR/lib/libO/Linux.gfortran.64.openmpi.default build_preload_script
make[1]: Entering directory `/work/noaa/da/mpotts/sandbox/gfortran_8.3.0_openmpi_O_develop'
chmod 755 /work/noaa/da/mpotts/sandbox/gfortran_8.3.0_openmpi_O_develop/DEFAULTINSTALLDIR/lib/libO/Linux.gfortran.64.openmpi.default/preload.sh
make[1]: Leaving directory `/work/noaa/da/mpotts/sandbox/gfortran_8.3.0_openmpi_O_develop'
ranlib /work/noaa/da/mpotts/sandbox/gfortran_8.3.0_openmpi_O_develop/DEFAULTINSTALLDIR/lib/libO/Linux.gfortran.64.openmpi.default/libesmf*.a
make install_apps
make[1]: Entering directory `/work/noaa/da/mpotts/sandbox/gfortran_8.3.0_openmpi_O_develop'
mkdir -p /work/noaa/da/mpotts/sandbox/gfortran_8.3.0_openmpi_O_develop/DEFAULTINSTALLDIR/bin/binO/Linux.gfortran.64.openmpi.default
make build_apps ESMF_APPSDIR=/work/noaa/da/mpotts/sandbox/gfortran_8.3.0_openmpi_O_develop/DEFAULTINSTALLDIR/bin/binO/Linux.gfortran.64.openmpi.default ESMF_LDIR=/work/noaa/da/mpotts/sandbox/gfortran_8.3.0_openmpi_O_develop/DEFAULTINSTALLDIR/lib/libO/Linux.gfortran.64.openmpi.default ESMF_LIBDIR=/work/noaa/da/mpotts/sandbox/gfortran_8.3.0_openmpi_O_develop/DEFAULTINSTALLDIR/lib/libO/Linux.gfortran.64.openmpi.default ESMF_MODDIR=/work/noaa/da/mpotts/sandbox/gfortran_8.3.0_openmpi_O_develop/DEFAULTINSTALLDIR/mod/modO/Linux.gfortran.64.openmpi.default
make[2]: Entering directory `/work/noaa/da/mpotts/sandbox/gfortran_8.3.0_openmpi_O_develop'
cd /work/noaa/da/mpotts/sandbox/gfortran_8.3.0_openmpi_O_develop/src/apps; make ACTION=tree_build_apps tree
make[3]: Entering directory `/work/noaa/da/mpotts/sandbox/gfortran_8.3.0_openmpi_O_develop/src/apps'
tree_build_apps in: /work/noaa/da/mpotts/sandbox/gfortran_8.3.0_openmpi_O_develop/src/apps/ESMF_PrintInfo
make[4]: Entering directory `/work/noaa/da/mpotts/sandbox/gfortran_8.3.0_openmpi_O_develop/src/apps/ESMF_PrintInfo'
make chkdir_locobj
make[5]: Entering directory `/work/noaa/da/mpotts/sandbox/gfortran_8.3.0_openmpi_O_develop/src/apps/ESMF_PrintInfo'
Making directory /work/noaa/da/mpotts/sandbox/gfortran_8.3.0_openmpi_O_develop/obj/objO/Linux.gfortran.64.openmpi.default/src/apps/ESMF_PrintInfo for apps output
make[5]: Leaving directory `/work/noaa/da/mpotts/sandbox/gfortran_8.3.0_openmpi_O_develop/src/apps/ESMF_PrintInfo'
mpifort -c -O -fPIC  -m64 -mcmodel=small -pthread -ffree-line-length-none  -fopenmp -I/work/noaa/da/mpotts/sandbox/gfortran_8.3.0_openmpi_O_develop/src/apps/ESMF_PrintInfo -I/work/noaa/da/mpotts/sandbox/gfortran_8.3.0_openmpi_O_develop/build_config/Linux.gfortran.default -I/work/noaa/da/mpotts/sandbox/gfortran_8.3.0_openmpi_O_develop/src/Infrastructure -I/work/noaa/da/mpotts/sandbox/gfortran_8.3.0_openmpi_O_develop/src/Superstructure -I/work/noaa/da/mpotts/sandbox/gfortran_8.3.0_openmpi_O_develop/DEFAULTINSTALLDIR/mod/modO/Linux.gfortran.64.openmpi.default -I/work/noaa/da/mpotts/sandbox/gfortran_8.3.0_openmpi_O_develop/src/include -I/apps/gcc-8/netcdf-4.7.4/include -I/apps/gcc-8/netcdf-4.7.4/include  -DESMF_NO_INTEGER_1_BYTE -DESMF_NO_INTEGER_2_BYTE -DESMF_VERSION_STRING_GIT='"v8.3.0b10-105-ga5295e3"' -DESMF_MOAB=1 -DESMF_LAPACK=1 -DESMF_LAPACK_INTERNAL=1 -DESMF_NO_ACC_SOFTWARE_STACK=1 -DESMF_NETCDF=1 -DESMF_YAMLCPP=1 -DESMF_YAML=1 -DESMF_PIO=1 -DESMF_NO_OPENACC -DESMF_TESTEXHAUSTIVE -DESMF_BOPT_O -DESMF_TESTCOMPTUNNEL -DESMF_TESTWITHTHREADS -DSx86_64_small=1 -DESMF_OS_Linux=1 -DESMF_COMM=openmpi -DESMF_DIR=/work/noaa/da/mpotts/sandbox/gfortran_8.3.0_openmpi_O_develop ESMF_PrintInfo.F90 -o /work/noaa/da/mpotts/sandbox/gfortran_8.3.0_openmpi_O_develop/obj/objO/Linux.gfortran.64.openmpi.default/src/apps/ESMF_PrintInfo/ESMF_PrintInfo.o
make chkdir_apps
make[5]: Entering directory `/work/noaa/da/mpotts/sandbox/gfortran_8.3.0_openmpi_O_develop/src/apps/ESMF_PrintInfo'
make[5]: Leaving directory `/work/noaa/da/mpotts/sandbox/gfortran_8.3.0_openmpi_O_develop/src/apps/ESMF_PrintInfo'
mpifort     -m64 -mcmodel=small -pthread -Wl,--no-as-needed  -fopenmp -L/work/noaa/da/mpotts/sandbox/gfortran_8.3.0_openmpi_O_develop/DEFAULTINSTALLDIR/lib/libO/Linux.gfortran.64.openmpi.default -L/apps/gcc-8/netcdf-4.7.4/lib -L/apps/gcc-8/netcdf-4.7.4/lib -L/apps/gcc-8/gcc-8.3.0/lib/gcc/x86_64-pc-linux-gnu/8.3.0/../../../../lib64/ -Wl,-rpath,/work/noaa/da/mpotts/sandbox/gfortran_8.3.0_openmpi_O_develop/DEFAULTINSTALLDIR/lib/libO/Linux.gfortran.64.openmpi.default -Wl,-rpath,/apps/gcc-8/netcdf-4.7.4/lib -Wl,-rpath,/apps/gcc-8/netcdf-4.7.4/lib  -Wl,-rpath,/apps/gcc-8/gcc-8.3.0/lib/gcc/x86_64-pc-linux-gnu/8.3.0/../../../../lib64/ -o /work/noaa/da/mpotts/sandbox/gfortran_8.3.0_openmpi_O_develop/DEFAULTINSTALLDIR/bin/binO/Linux.gfortran.64.openmpi.default/ESMF_PrintInfo /work/noaa/da/mpotts/sandbox/gfortran_8.3.0_openmpi_O_develop/obj/objO/Linux.gfortran.64.openmpi.default/src/apps/ESMF_PrintInfo/ESMF_PrintInfo.o -lesmf   -lrt -lstdc++ -ldl -lnetcdf -lnetcdff -lpioc
make[4]: Leaving directory `/work/noaa/da/mpotts/sandbox/gfortran_8.3.0_openmpi_O_develop/src/apps/ESMF_PrintInfo'
tree_build_apps in: /work/noaa/da/mpotts/sandbox/gfortran_8.3.0_openmpi_O_develop/src/apps/ESMF_PrintInfoC
make[4]: Entering directory `/work/noaa/da/mpotts/sandbox/gfortran_8.3.0_openmpi_O_develop/src/apps/ESMF_PrintInfoC'
make chkdir_locobj
make[5]: Entering directory `/work/noaa/da/mpotts/sandbox/gfortran_8.3.0_openmpi_O_develop/src/apps/ESMF_PrintInfoC'
Making directory /work/noaa/da/mpotts/sandbox/gfortran_8.3.0_openmpi_O_develop/obj/objO/Linux.gfortran.64.openmpi.default/src/apps/ESMF_PrintInfoC for apps output
make[5]: Leaving directory `/work/noaa/da/mpotts/sandbox/gfortran_8.3.0_openmpi_O_develop/src/apps/ESMF_PrintInfoC'
mpicxx -c -std=c++11 -O -DNDEBUG -fPIC -DESMF_LOWERCASE_SINGLEUNDERSCORE -m64 -mcmodel=small -pthread  -fopenmp -I/work/noaa/da/mpotts/sandbox/gfortran_8.3.0_openmpi_O_develop/src/apps/ESMF_PrintInfoC -I/work/noaa/da/mpotts/sandbox/gfortran_8.3.0_openmpi_O_develop/src/apps/ESMF_PrintInfoC/../include -I/work/noaa/da/mpotts/sandbox/gfortran_8.3.0_openmpi_O_develop/build_config/Linux.gfortran.default -I/work/noaa/da/mpotts/sandbox/gfortran_8.3.0_openmpi_O_develop/src/Infrastructure -I/work/noaa/da/mpotts/sandbox/gfortran_8.3.0_openmpi_O_develop/src/Superstructure -I/work/noaa/da/mpotts/sandbox/gfortran_8.3.0_openmpi_O_develop/src/Infrastructure/stubs/pthread  -I/work/noaa/da/mpotts/sandbox/gfortran_8.3.0_openmpi_O_develop/src/include  -I/apps/gcc-8/netcdf-4.7.4/include -I/work/noaa/da/mpotts/sandbox/gfortran_8.3.0_openmpi_O_develop/src/prologue/yaml-cpp/include -DESMF_NO_INTEGER_1_BYTE -DESMF_NO_INTEGER_2_BYTE -DESMF_VERSION_STRING_GIT='"v8.3.0b10-105-ga5295e3"' -DESMF_MOAB=1 -DESMF_LAPACK=1 -DESMF_LAPACK_INTERNAL=1 -DESMF_NO_ACC_SOFTWARE_STACK=1 -DESMF_NETCDF=1 -DESMF_YAMLCPP=1 -DESMF_YAML=1 -DESMF_PIO=1 -DESMF_NO_OPENACC -DESMF_TESTEXHAUSTIVE -DESMF_BOPT_O -DESMF_TESTCOMPTUNNEL -DESMF_TESTWITHTHREADS -DSx86_64_small=1 -DESMF_OS_Linux=1 -DESMF_COMM=openmpi -DESMF_DIR=/work/noaa/da/mpotts/sandbox/gfortran_8.3.0_openmpi_O_develop -D__SDIR__='"src/apps/ESMF_PrintInfoC"' -DESMF_CXXSTD=11 -DESMF_NO_SIGUSR2 ESMF_PrintInfoC.c -o /work/noaa/da/mpotts/sandbox/gfortran_8.3.0_openmpi_O_develop/obj/objO/Linux.gfortran.64.openmpi.default/src/apps/ESMF_PrintInfoC/ESMF_PrintInfoC.o
make chkdir_apps
make[5]: Entering directory `/work/noaa/da/mpotts/sandbox/gfortran_8.3.0_openmpi_O_develop/src/apps/ESMF_PrintInfoC'
make[5]: Leaving directory `/work/noaa/da/mpotts/sandbox/gfortran_8.3.0_openmpi_O_develop/src/apps/ESMF_PrintInfoC'
mpicxx    -m64 -mcmodel=small -pthread -Wl,--no-as-needed  -fopenmp -L/work/noaa/da/mpotts/sandbox/gfortran_8.3.0_openmpi_O_develop/DEFAULTINSTALLDIR/lib/libO/Linux.gfortran.64.openmpi.default -L/apps/gcc-8/netcdf-4.7.4/lib -L/apps/gcc-8/netcdf-4.7.4/lib -L/apps/gcc-8/gcc-8.3.0/lib/gcc/x86_64-pc-linux-gnu/8.3.0/../../../../lib64/ -Wl,-rpath,/work/noaa/da/mpotts/sandbox/gfortran_8.3.0_openmpi_O_develop/DEFAULTINSTALLDIR/lib/libO/Linux.gfortran.64.openmpi.default -Wl,-rpath,/apps/gcc-8/netcdf-4.7.4/lib -Wl,-rpath,/apps/gcc-8/netcdf-4.7.4/lib  -Wl,-rpath,/apps/gcc-8/gcc-8.3.0/lib/gcc/x86_64-pc-linux-gnu/8.3.0/../../../../lib64/ -o /work/noaa/da/mpotts/sandbox/gfortran_8.3.0_openmpi_O_develop/DEFAULTINSTALLDIR/bin/binO/Linux.gfortran.64.openmpi.default/ESMF_PrintInfoC /work/noaa/da/mpotts/sandbox/gfortran_8.3.0_openmpi_O_develop/obj/objO/Linux.gfortran.64.openmpi.default/src/apps/ESMF_PrintInfoC/ESMF_PrintInfoC.o -lesmf  -lrt -lgfortran -ldl -lnetcdf -lnetcdff -lpioc
make[4]: Leaving directory `/work/noaa/da/mpotts/sandbox/gfortran_8.3.0_openmpi_O_develop/src/apps/ESMF_PrintInfoC'
tree_build_apps in: /work/noaa/da/mpotts/sandbox/gfortran_8.3.0_openmpi_O_develop/src/apps/ESMF_RegridWeightGen
make[4]: Entering directory `/work/noaa/da/mpotts/sandbox/gfortran_8.3.0_openmpi_O_develop/src/apps/ESMF_RegridWeightGen'
make chkdir_locobj
make[5]: Entering directory `/work/noaa/da/mpotts/sandbox/gfortran_8.3.0_openmpi_O_develop/src/apps/ESMF_RegridWeightGen'
Making directory /work/noaa/da/mpotts/sandbox/gfortran_8.3.0_openmpi_O_develop/obj/objO/Linux.gfortran.64.openmpi.default/src/apps/ESMF_RegridWeightGen for apps output
make[5]: Leaving directory `/work/noaa/da/mpotts/sandbox/gfortran_8.3.0_openmpi_O_develop/src/apps/ESMF_RegridWeightGen'
mpifort -c -O -fPIC  -m64 -mcmodel=small -pthread -ffree-line-length-none  -fopenmp -I/work/noaa/da/mpotts/sandbox/gfortran_8.3.0_openmpi_O_develop/src/apps/ESMF_RegridWeightGen -I/work/noaa/da/mpotts/sandbox/gfortran_8.3.0_openmpi_O_develop/build_config/Linux.gfortran.default -I/work/noaa/da/mpotts/sandbox/gfortran_8.3.0_openmpi_O_develop/src/Infrastructure -I/work/noaa/da/mpotts/sandbox/gfortran_8.3.0_openmpi_O_develop/src/Superstructure -I/work/noaa/da/mpotts/sandbox/gfortran_8.3.0_openmpi_O_develop/DEFAULTINSTALLDIR/mod/modO/Linux.gfortran.64.openmpi.default -I/work/noaa/da/mpotts/sandbox/gfortran_8.3.0_openmpi_O_develop/src/include -I/apps/gcc-8/netcdf-4.7.4/include -I/apps/gcc-8/netcdf-4.7.4/include  -DESMF_NO_INTEGER_1_BYTE -DESMF_NO_INTEGER_2_BYTE -DESMF_VERSION_STRING_GIT='"v8.3.0b10-105-ga5295e3"' -DESMF_MOAB=1 -DESMF_LAPACK=1 -DESMF_LAPACK_INTERNAL=1 -DESMF_NO_ACC_SOFTWARE_STACK=1 -DESMF_NETCDF=1 -DESMF_YAMLCPP=1 -DESMF_YAML=1 -DESMF_PIO=1 -DESMF_NO_OPENACC -DESMF_TESTEXHAUSTIVE -DESMF_BOPT_O -DESMF_TESTCOMPTUNNEL -DESMF_TESTWITHTHREADS -DSx86_64_small=1 -DESMF_OS_Linux=1 -DESMF_COMM=openmpi -DESMF_DIR=/work/noaa/da/mpotts/sandbox/gfortran_8.3.0_openmpi_O_develop ESMF_RegridWeightGen.F90 -o /work/noaa/da/mpotts/sandbox/gfortran_8.3.0_openmpi_O_develop/obj/objO/Linux.gfortran.64.openmpi.default/src/apps/ESMF_RegridWeightGen/ESMF_RegridWeightGen.o
make chkdir_apps
make[5]: Entering directory `/work/noaa/da/mpotts/sandbox/gfortran_8.3.0_openmpi_O_develop/src/apps/ESMF_RegridWeightGen'
make[5]: Leaving directory `/work/noaa/da/mpotts/sandbox/gfortran_8.3.0_openmpi_O_develop/src/apps/ESMF_RegridWeightGen'
mpifort     -m64 -mcmodel=small -pthread -Wl,--no-as-needed  -fopenmp -L/work/noaa/da/mpotts/sandbox/gfortran_8.3.0_openmpi_O_develop/DEFAULTINSTALLDIR/lib/libO/Linux.gfortran.64.openmpi.default -L/apps/gcc-8/netcdf-4.7.4/lib -L/apps/gcc-8/netcdf-4.7.4/lib -L/apps/gcc-8/gcc-8.3.0/lib/gcc/x86_64-pc-linux-gnu/8.3.0/../../../../lib64/ -Wl,-rpath,/work/noaa/da/mpotts/sandbox/gfortran_8.3.0_openmpi_O_develop/DEFAULTINSTALLDIR/lib/libO/Linux.gfortran.64.openmpi.default -Wl,-rpath,/apps/gcc-8/netcdf-4.7.4/lib -Wl,-rpath,/apps/gcc-8/netcdf-4.7.4/lib  -Wl,-rpath,/apps/gcc-8/gcc-8.3.0/lib/gcc/x86_64-pc-linux-gnu/8.3.0/../../../../lib64/ -o /work/noaa/da/mpotts/sandbox/gfortran_8.3.0_openmpi_O_develop/DEFAULTINSTALLDIR/bin/binO/Linux.gfortran.64.openmpi.default/ESMF_RegridWeightGen /work/noaa/da/mpotts/sandbox/gfortran_8.3.0_openmpi_O_develop/obj/objO/Linux.gfortran.64.openmpi.default/src/apps/ESMF_RegridWeightGen/ESMF_RegridWeightGen.o -lesmf   -lrt -lstdc++ -ldl -lnetcdf -lnetcdff -lpioc
make[4]: Leaving directory `/work/noaa/da/mpotts/sandbox/gfortran_8.3.0_openmpi_O_develop/src/apps/ESMF_RegridWeightGen'
tree_build_apps in: /work/noaa/da/mpotts/sandbox/gfortran_8.3.0_openmpi_O_develop/src/apps/ESMF_WebServController
make[4]: Entering directory `/work/noaa/da/mpotts/sandbox/gfortran_8.3.0_openmpi_O_develop/src/apps/ESMF_WebServController'
make chkdir_locobj
make[5]: Entering directory `/work/noaa/da/mpotts/sandbox/gfortran_8.3.0_openmpi_O_develop/src/apps/ESMF_WebServController'
Making directory /work/noaa/da/mpotts/sandbox/gfortran_8.3.0_openmpi_O_develop/obj/objO/Linux.gfortran.64.openmpi.default/src/apps/ESMF_WebServController for apps output
make[5]: Leaving directory `/work/noaa/da/mpotts/sandbox/gfortran_8.3.0_openmpi_O_develop/src/apps/ESMF_WebServController'
mpicxx -c -std=c++11 -O -DNDEBUG -fPIC -DESMF_LOWERCASE_SINGLEUNDERSCORE -m64 -mcmodel=small -pthread  -fopenmp -I/work/noaa/da/mpotts/sandbox/gfortran_8.3.0_openmpi_O_develop/src/apps/ESMF_WebServController -I/work/noaa/da/mpotts/sandbox/gfortran_8.3.0_openmpi_O_develop/src/apps/ESMF_WebServController/../include -I/work/noaa/da/mpotts/sandbox/gfortran_8.3.0_openmpi_O_develop/build_config/Linux.gfortran.default -I/work/noaa/da/mpotts/sandbox/gfortran_8.3.0_openmpi_O_develop/src/Infrastructure -I/work/noaa/da/mpotts/sandbox/gfortran_8.3.0_openmpi_O_develop/src/Superstructure -I/work/noaa/da/mpotts/sandbox/gfortran_8.3.0_openmpi_O_develop/src/Infrastructure/stubs/pthread  -I/work/noaa/da/mpotts/sandbox/gfortran_8.3.0_openmpi_O_develop/src/include  -I/apps/gcc-8/netcdf-4.7.4/include -I/work/noaa/da/mpotts/sandbox/gfortran_8.3.0_openmpi_O_develop/src/prologue/yaml-cpp/include -DESMF_NO_INTEGER_1_BYTE -DESMF_NO_INTEGER_2_BYTE -DESMF_VERSION_STRING_GIT='"v8.3.0b10-105-ga5295e3"' -DESMF_MOAB=1 -DESMF_LAPACK=1 -DESMF_LAPACK_INTERNAL=1 -DESMF_NO_ACC_SOFTWARE_STACK=1 -DESMF_NETCDF=1 -DESMF_YAMLCPP=1 -DESMF_YAML=1 -DESMF_PIO=1 -DESMF_NO_OPENACC -DESMF_TESTEXHAUSTIVE -DESMF_BOPT_O -DESMF_TESTCOMPTUNNEL -DESMF_TESTWITHTHREADS -DSx86_64_small=1 -DESMF_OS_Linux=1 -DESMF_COMM=openmpi -DESMF_DIR=/work/noaa/da/mpotts/sandbox/gfortran_8.3.0_openmpi_O_develop -D__SDIR__='"src/apps/ESMF_WebServController"' -DESMF_CXXSTD=11 -DESMF_NO_SIGUSR2 ESMF_WebServController.C -o /work/noaa/da/mpotts/sandbox/gfortran_8.3.0_openmpi_O_develop/obj/objO/Linux.gfortran.64.openmpi.default/src/apps/ESMF_WebServController/ESMF_WebServController.o
make chkdir_apps
make[5]: Entering directory `/work/noaa/da/mpotts/sandbox/gfortran_8.3.0_openmpi_O_develop/src/apps/ESMF_WebServController'
make[5]: Leaving directory `/work/noaa/da/mpotts/sandbox/gfortran_8.3.0_openmpi_O_develop/src/apps/ESMF_WebServController'
mpicxx    -m64 -mcmodel=small -pthread -Wl,--no-as-needed  -fopenmp -L/work/noaa/da/mpotts/sandbox/gfortran_8.3.0_openmpi_O_develop/DEFAULTINSTALLDIR/lib/libO/Linux.gfortran.64.openmpi.default -L/apps/gcc-8/netcdf-4.7.4/lib -L/apps/gcc-8/netcdf-4.7.4/lib -L/apps/gcc-8/gcc-8.3.0/lib/gcc/x86_64-pc-linux-gnu/8.3.0/../../../../lib64/ -Wl,-rpath,/work/noaa/da/mpotts/sandbox/gfortran_8.3.0_openmpi_O_develop/DEFAULTINSTALLDIR/lib/libO/Linux.gfortran.64.openmpi.default -Wl,-rpath,/apps/gcc-8/netcdf-4.7.4/lib -Wl,-rpath,/apps/gcc-8/netcdf-4.7.4/lib  -Wl,-rpath,/apps/gcc-8/gcc-8.3.0/lib/gcc/x86_64-pc-linux-gnu/8.3.0/../../../../lib64/ -o /work/noaa/da/mpotts/sandbox/gfortran_8.3.0_openmpi_O_develop/DEFAULTINSTALLDIR/bin/binO/Linux.gfortran.64.openmpi.default/ESMF_WebServController /work/noaa/da/mpotts/sandbox/gfortran_8.3.0_openmpi_O_develop/obj/objO/Linux.gfortran.64.openmpi.default/src/apps/ESMF_WebServController/ESMF_WebServController.o -lesmf  -lrt -lgfortran -ldl -lnetcdf -lnetcdff -lpioc
make[4]: Leaving directory `/work/noaa/da/mpotts/sandbox/gfortran_8.3.0_openmpi_O_develop/src/apps/ESMF_WebServController'
tree_build_apps in: /work/noaa/da/mpotts/sandbox/gfortran_8.3.0_openmpi_O_develop/src/apps/ESMF_Scrip2Unstruct
make[4]: Entering directory `/work/noaa/da/mpotts/sandbox/gfortran_8.3.0_openmpi_O_develop/src/apps/ESMF_Scrip2Unstruct'
make chkdir_locobj
make[5]: Entering directory `/work/noaa/da/mpotts/sandbox/gfortran_8.3.0_openmpi_O_develop/src/apps/ESMF_Scrip2Unstruct'
Making directory /work/noaa/da/mpotts/sandbox/gfortran_8.3.0_openmpi_O_develop/obj/objO/Linux.gfortran.64.openmpi.default/src/apps/ESMF_Scrip2Unstruct for apps output
make[5]: Leaving directory `/work/noaa/da/mpotts/sandbox/gfortran_8.3.0_openmpi_O_develop/src/apps/ESMF_Scrip2Unstruct'
mpicxx -c -std=c++11 -O -DNDEBUG -fPIC -DESMF_LOWERCASE_SINGLEUNDERSCORE -m64 -mcmodel=small -pthread  -fopenmp -I/work/noaa/da/mpotts/sandbox/gfortran_8.3.0_openmpi_O_develop/src/apps/ESMF_Scrip2Unstruct -I/work/noaa/da/mpotts/sandbox/gfortran_8.3.0_openmpi_O_develop/src/apps/ESMF_Scrip2Unstruct/../include -I/work/noaa/da/mpotts/sandbox/gfortran_8.3.0_openmpi_O_develop/build_config/Linux.gfortran.default -I/work/noaa/da/mpotts/sandbox/gfortran_8.3.0_openmpi_O_develop/src/Infrastructure -I/work/noaa/da/mpotts/sandbox/gfortran_8.3.0_openmpi_O_develop/src/Superstructure -I/work/noaa/da/mpotts/sandbox/gfortran_8.3.0_openmpi_O_develop/src/Infrastructure/stubs/pthread  -I/work/noaa/da/mpotts/sandbox/gfortran_8.3.0_openmpi_O_develop/src/include  -I/apps/gcc-8/netcdf-4.7.4/include -I/work/noaa/da/mpotts/sandbox/gfortran_8.3.0_openmpi_O_develop/src/prologue/yaml-cpp/include -DESMF_NO_INTEGER_1_BYTE -DESMF_NO_INTEGER_2_BYTE -DESMF_VERSION_STRING_GIT='"v8.3.0b10-105-ga5295e3"' -DESMF_MOAB=1 -DESMF_LAPACK=1 -DESMF_LAPACK_INTERNAL=1 -DESMF_NO_ACC_SOFTWARE_STACK=1 -DESMF_NETCDF=1 -DESMF_YAMLCPP=1 -DESMF_YAML=1 -DESMF_PIO=1 -DESMF_NO_OPENACC -DESMF_TESTEXHAUSTIVE -DESMF_BOPT_O -DESMF_TESTCOMPTUNNEL -DESMF_TESTWITHTHREADS -DSx86_64_small=1 -DESMF_OS_Linux=1 -DESMF_COMM=openmpi -DESMF_DIR=/work/noaa/da/mpotts/sandbox/gfortran_8.3.0_openmpi_O_develop -D__SDIR__='"src/apps/ESMF_Scrip2Unstruct"' -DESMF_CXXSTD=11 -DESMF_NO_SIGUSR2 ESMF_Scrip2Unstruct.C -o /work/noaa/da/mpotts/sandbox/gfortran_8.3.0_openmpi_O_develop/obj/objO/Linux.gfortran.64.openmpi.default/src/apps/ESMF_Scrip2Unstruct/ESMF_Scrip2Unstruct.o
make chkdir_apps
make[5]: Entering directory `/work/noaa/da/mpotts/sandbox/gfortran_8.3.0_openmpi_O_develop/src/apps/ESMF_Scrip2Unstruct'
make[5]: Leaving directory `/work/noaa/da/mpotts/sandbox/gfortran_8.3.0_openmpi_O_develop/src/apps/ESMF_Scrip2Unstruct'
mpicxx    -m64 -mcmodel=small -pthread -Wl,--no-as-needed  -fopenmp -L/work/noaa/da/mpotts/sandbox/gfortran_8.3.0_openmpi_O_develop/DEFAULTINSTALLDIR/lib/libO/Linux.gfortran.64.openmpi.default -L/apps/gcc-8/netcdf-4.7.4/lib -L/apps/gcc-8/netcdf-4.7.4/lib -L/apps/gcc-8/gcc-8.3.0/lib/gcc/x86_64-pc-linux-gnu/8.3.0/../../../../lib64/ -Wl,-rpath,/work/noaa/da/mpotts/sandbox/gfortran_8.3.0_openmpi_O_develop/DEFAULTINSTALLDIR/lib/libO/Linux.gfortran.64.openmpi.default -Wl,-rpath,/apps/gcc-8/netcdf-4.7.4/lib -Wl,-rpath,/apps/gcc-8/netcdf-4.7.4/lib  -Wl,-rpath,/apps/gcc-8/gcc-8.3.0/lib/gcc/x86_64-pc-linux-gnu/8.3.0/../../../../lib64/ -o /work/noaa/da/mpotts/sandbox/gfortran_8.3.0_openmpi_O_develop/DEFAULTINSTALLDIR/bin/binO/Linux.gfortran.64.openmpi.default/ESMF_Scrip2Unstruct /work/noaa/da/mpotts/sandbox/gfortran_8.3.0_openmpi_O_develop/obj/objO/Linux.gfortran.64.openmpi.default/src/apps/ESMF_Scrip2Unstruct/ESMF_Scrip2Unstruct.o -lesmf  -lrt -lgfortran -ldl -lnetcdf -lnetcdff -lpioc
make[4]: Leaving directory `/work/noaa/da/mpotts/sandbox/gfortran_8.3.0_openmpi_O_develop/src/apps/ESMF_Scrip2Unstruct'
tree_build_apps in: /work/noaa/da/mpotts/sandbox/gfortran_8.3.0_openmpi_O_develop/src/apps/ESMF_Regrid
make[4]: Entering directory `/work/noaa/da/mpotts/sandbox/gfortran_8.3.0_openmpi_O_develop/src/apps/ESMF_Regrid'
make chkdir_locobj
make[5]: Entering directory `/work/noaa/da/mpotts/sandbox/gfortran_8.3.0_openmpi_O_develop/src/apps/ESMF_Regrid'
Making directory /work/noaa/da/mpotts/sandbox/gfortran_8.3.0_openmpi_O_develop/obj/objO/Linux.gfortran.64.openmpi.default/src/apps/ESMF_Regrid for apps output
make[5]: Leaving directory `/work/noaa/da/mpotts/sandbox/gfortran_8.3.0_openmpi_O_develop/src/apps/ESMF_Regrid'
mpifort -c -O -fPIC  -m64 -mcmodel=small -pthread -ffree-line-length-none  -fopenmp -I/work/noaa/da/mpotts/sandbox/gfortran_8.3.0_openmpi_O_develop/src/apps/ESMF_Regrid -I/work/noaa/da/mpotts/sandbox/gfortran_8.3.0_openmpi_O_develop/build_config/Linux.gfortran.default -I/work/noaa/da/mpotts/sandbox/gfortran_8.3.0_openmpi_O_develop/src/Infrastructure -I/work/noaa/da/mpotts/sandbox/gfortran_8.3.0_openmpi_O_develop/src/Superstructure -I/work/noaa/da/mpotts/sandbox/gfortran_8.3.0_openmpi_O_develop/DEFAULTINSTALLDIR/mod/modO/Linux.gfortran.64.openmpi.default -I/work/noaa/da/mpotts/sandbox/gfortran_8.3.0_openmpi_O_develop/src/include -I/apps/gcc-8/netcdf-4.7.4/include -I/apps/gcc-8/netcdf-4.7.4/include  -DESMF_NO_INTEGER_1_BYTE -DESMF_NO_INTEGER_2_BYTE -DESMF_VERSION_STRING_GIT='"v8.3.0b10-105-ga5295e3"' -DESMF_MOAB=1 -DESMF_LAPACK=1 -DESMF_LAPACK_INTERNAL=1 -DESMF_NO_ACC_SOFTWARE_STACK=1 -DESMF_NETCDF=1 -DESMF_YAMLCPP=1 -DESMF_YAML=1 -DESMF_PIO=1 -DESMF_NO_OPENACC -DESMF_TESTEXHAUSTIVE -DESMF_BOPT_O -DESMF_TESTCOMPTUNNEL -DESMF_TESTWITHTHREADS -DSx86_64_small=1 -DESMF_OS_Linux=1 -DESMF_COMM=openmpi -DESMF_DIR=/work/noaa/da/mpotts/sandbox/gfortran_8.3.0_openmpi_O_develop ESMF_Regrid.F90 -o /work/noaa/da/mpotts/sandbox/gfortran_8.3.0_openmpi_O_develop/obj/objO/Linux.gfortran.64.openmpi.default/src/apps/ESMF_Regrid/ESMF_Regrid.o
make chkdir_apps
make[5]: Entering directory `/work/noaa/da/mpotts/sandbox/gfortran_8.3.0_openmpi_O_develop/src/apps/ESMF_Regrid'
make[5]: Leaving directory `/work/noaa/da/mpotts/sandbox/gfortran_8.3.0_openmpi_O_develop/src/apps/ESMF_Regrid'
mpifort     -m64 -mcmodel=small -pthread -Wl,--no-as-needed  -fopenmp -L/work/noaa/da/mpotts/sandbox/gfortran_8.3.0_openmpi_O_develop/DEFAULTINSTALLDIR/lib/libO/Linux.gfortran.64.openmpi.default -L/apps/gcc-8/netcdf-4.7.4/lib -L/apps/gcc-8/netcdf-4.7.4/lib -L/apps/gcc-8/gcc-8.3.0/lib/gcc/x86_64-pc-linux-gnu/8.3.0/../../../../lib64/ -Wl,-rpath,/work/noaa/da/mpotts/sandbox/gfortran_8.3.0_openmpi_O_develop/DEFAULTINSTALLDIR/lib/libO/Linux.gfortran.64.openmpi.default -Wl,-rpath,/apps/gcc-8/netcdf-4.7.4/lib -Wl,-rpath,/apps/gcc-8/netcdf-4.7.4/lib  -Wl,-rpath,/apps/gcc-8/gcc-8.3.0/lib/gcc/x86_64-pc-linux-gnu/8.3.0/../../../../lib64/ -o /work/noaa/da/mpotts/sandbox/gfortran_8.3.0_openmpi_O_develop/DEFAULTINSTALLDIR/bin/binO/Linux.gfortran.64.openmpi.default/ESMF_Regrid /work/noaa/da/mpotts/sandbox/gfortran_8.3.0_openmpi_O_develop/obj/objO/Linux.gfortran.64.openmpi.default/src/apps/ESMF_Regrid/ESMF_Regrid.o -lesmf   -lrt -lstdc++ -ldl -lnetcdf -lnetcdff -lpioc
make[4]: Leaving directory `/work/noaa/da/mpotts/sandbox/gfortran_8.3.0_openmpi_O_develop/src/apps/ESMF_Regrid'
make[3]: Leaving directory `/work/noaa/da/mpotts/sandbox/gfortran_8.3.0_openmpi_O_develop/src/apps'
ESMF apps built successfully.
make[2]: Leaving directory `/work/noaa/da/mpotts/sandbox/gfortran_8.3.0_openmpi_O_develop'
make[1]: Leaving directory `/work/noaa/da/mpotts/sandbox/gfortran_8.3.0_openmpi_O_develop'
mkdir -p /work/noaa/da/mpotts/sandbox/gfortran_8.3.0_openmpi_O_develop/DEFAULTINSTALLDIR/doc
make install_info_mk
make[1]: Entering directory `/work/noaa/da/mpotts/sandbox/gfortran_8.3.0_openmpi_O_develop'
make info_mk ESMF_APPSDIR=/work/noaa/da/mpotts/sandbox/gfortran_8.3.0_openmpi_O_develop/DEFAULTINSTALLDIR/bin/binO/Linux.gfortran.64.openmpi.default ESMF_LDIR=/work/noaa/da/mpotts/sandbox/gfortran_8.3.0_openmpi_O_develop/DEFAULTINSTALLDIR/lib/libO/Linux.gfortran.64.openmpi.default ESMF_LIBDIR=/work/noaa/da/mpotts/sandbox/gfortran_8.3.0_openmpi_O_develop/DEFAULTINSTALLDIR/lib/libO/Linux.gfortran.64.openmpi.default ESMF_MODDIR=/work/noaa/da/mpotts/sandbox/gfortran_8.3.0_openmpi_O_develop/DEFAULTINSTALLDIR/mod/modO/Linux.gfortran.64.openmpi.default ESMF_INCDIR=/work/noaa/da/mpotts/sandbox/gfortran_8.3.0_openmpi_O_develop/DEFAULTINSTALLDIR/include
make[2]: Entering directory `/work/noaa/da/mpotts/sandbox/gfortran_8.3.0_openmpi_O_develop'
make[2]: Leaving directory `/work/noaa/da/mpotts/sandbox/gfortran_8.3.0_openmpi_O_develop'
make[1]: Leaving directory `/work/noaa/da/mpotts/sandbox/gfortran_8.3.0_openmpi_O_develop'
 
ESMF installation complete.
 
