build time -- 2022-03-27 00:28:23
20220327 010025.194 INFO             PET0 !!!!!!!!!!!!!!!!!!!!!!!!!!!!!!!!!!!!!!!!!!!!!!!!!!!!!!
20220327 010025.194 INFO             PET0 !!! THE ESMF_LOG IS SET TO OUTPUT ALL LOG MESSAGES !!!
20220327 010025.194 INFO             PET0 !!!     THIS MAY CAUSE SLOWDOWN IN PERFORMANCE     !!!
20220327 010025.194 INFO             PET0 !!! FOR PRODUCTION RUNS, USE:                      !!!
20220327 010025.194 INFO             PET0 !!!                   ESMF_LOGKIND_Multi_On_Error  !!!
20220327 010025.194 INFO             PET0 !!!!!!!!!!!!!!!!!!!!!!!!!!!!!!!!!!!!!!!!!!!!!!!!!!!!!!
20220327 010025.194 INFO             PET0 Running with ESMF Version   : v8.3.0b10-105-ga5295e34ae
20220327 010025.194 INFO             PET0 ESMF library build date/time: "Mar 27 2022" "00:26:44"
20220327 010025.194 INFO             PET0 ESMF library build location : /lustre/f2/dev/ncep/Mark.Potts/intel_2019.5_mpiuni_O_develop
20220327 010025.194 INFO             PET0 ESMF_COMM                   : mpiuni
20220327 010025.195 INFO             PET0 ESMF_MOAB                   : enabled
20220327 010025.195 INFO             PET0 ESMF_LAPACK                 : enabled
20220327 010025.195 INFO             PET0 ESMF_NETCDF                 : enabled
20220327 010025.195 INFO             PET0 ESMF_PNETCDF                : disabled
20220327 010025.195 INFO             PET0 ESMF_PIO                    : disabled
20220327 010025.195 INFO             PET0 ESMF_YAMLCPP                : enabled
20220327 010025.196 INFO             PET0  NUMBER_OF_PROCESSORS           1
20220327 010025.196 INFO             PET0  PASS  Example ESMF_VMComponentEx, ESMF_VMComponentEx.F90, line 197
20220327 010025.196 INFO             PET0 Finalizing ESMF
