build time -- 2022-03-09 23:37:54
20220310 001004.841 INFO             PET0 !!!!!!!!!!!!!!!!!!!!!!!!!!!!!!!!!!!!!!!!!!!!!!!!!!!!!!
20220310 001004.841 INFO             PET0 !!! THE ESMF_LOG IS SET TO OUTPUT ALL LOG MESSAGES !!!
20220310 001004.841 INFO             PET0 !!!     THIS MAY CAUSE SLOWDOWN IN PERFORMANCE     !!!
20220310 001004.841 INFO             PET0 !!! FOR PRODUCTION RUNS, USE:                      !!!
20220310 001004.841 INFO             PET0 !!!                   ESMF_LOGKIND_Multi_On_Error  !!!
20220310 001004.841 INFO             PET0 !!!!!!!!!!!!!!!!!!!!!!!!!!!!!!!!!!!!!!!!!!!!!!!!!!!!!!
20220310 001004.841 INFO             PET0 Running with ESMF Version   : v8.3.0b09
20220310 001004.841 INFO             PET0 ESMF library build date/time: "Mar  9 2022" "23:35:48"
20220310 001004.841 INFO             PET0 ESMF library build location : /lustre/f2/dev/ncep/Mark.Potts/intel_2019.5_mpiuni_O_develop
20220310 001004.841 INFO             PET0 ESMF_COMM                   : mpiuni
20220310 001004.842 INFO             PET0 ESMF_MOAB                   : enabled
20220310 001004.842 INFO             PET0 ESMF_LAPACK                 : enabled
20220310 001004.842 INFO             PET0 ESMF_NETCDF                 : enabled
20220310 001004.842 INFO             PET0 ESMF_PNETCDF                : disabled
20220310 001004.842 INFO             PET0 ESMF_PIO                    : disabled
20220310 001004.842 INFO             PET0 ESMF_YAMLCPP                : enabled
20220310 001005.117 INFO             PET0  NUMBER_OF_PROCESSORS           1
20220310 001005.117 INFO             PET0  PASS  Example ESMF_GridUsageEx, ESMF_GridUsageEx.F90, line 3470
20220310 001005.117 INFO             PET0 Finalizing ESMF
