build time -- 2022-03-06 06:10:12
20220306 063936.169 INFO             PET0 !!!!!!!!!!!!!!!!!!!!!!!!!!!!!!!!!!!!!!!!!!!!!!!!!!!!!!
20220306 063936.169 INFO             PET0 !!! THE ESMF_LOG IS SET TO OUTPUT ALL LOG MESSAGES !!!
20220306 063936.169 INFO             PET0 !!!     THIS MAY CAUSE SLOWDOWN IN PERFORMANCE     !!!
20220306 063936.169 INFO             PET0 !!! FOR PRODUCTION RUNS, USE:                      !!!
20220306 063936.169 INFO             PET0 !!!                   ESMF_LOGKIND_Multi_On_Error  !!!
20220306 063936.169 INFO             PET0 !!!!!!!!!!!!!!!!!!!!!!!!!!!!!!!!!!!!!!!!!!!!!!!!!!!!!!
20220306 063936.169 INFO             PET0 Running with ESMF Version   : v8.3.0b09
20220306 063936.169 INFO             PET0 ESMF library build date/time: "Mar  6 2022" "06:08:33"
20220306 063936.169 INFO             PET0 ESMF library build location : /scratch1/NCEPDEV/stmp2/role.esmfmaint/intel_18.0.4_mpiuni_g_develop
20220306 063936.169 INFO             PET0 ESMF_COMM                   : mpiuni
20220306 063936.170 INFO             PET0 ESMF_MOAB                   : enabled
20220306 063936.170 INFO             PET0 ESMF_LAPACK                 : enabled
20220306 063936.170 INFO             PET0 ESMF_NETCDF                 : enabled
20220306 063936.170 INFO             PET0 ESMF_PNETCDF                : disabled
20220306 063936.170 INFO             PET0 ESMF_PIO                    : disabled
20220306 063936.170 INFO             PET0 ESMF_YAMLCPP                : enabled
20220306 063938.370 INFO             PET0  NUMBER_OF_PROCESSORS           1
20220306 063938.371 INFO             PET0  PASS  Example ESMF_GridUsageEx, ESMF_GridUsageEx.F90, line 3470
20220306 063938.371 INFO             PET0 Finalizing ESMF
