build time -- 2022-03-21 06:08:25
20220321 063836.029 INFO             PET0 !!!!!!!!!!!!!!!!!!!!!!!!!!!!!!!!!!!!!!!!!!!!!!!!!!!!!!
20220321 063836.029 INFO             PET0 !!! THE ESMF_LOG IS SET TO OUTPUT ALL LOG MESSAGES !!!
20220321 063836.029 INFO             PET0 !!!     THIS MAY CAUSE SLOWDOWN IN PERFORMANCE     !!!
20220321 063836.029 INFO             PET0 !!! FOR PRODUCTION RUNS, USE:                      !!!
20220321 063836.029 INFO             PET0 !!!                   ESMF_LOGKIND_Multi_On_Error  !!!
20220321 063836.029 INFO             PET0 !!!!!!!!!!!!!!!!!!!!!!!!!!!!!!!!!!!!!!!!!!!!!!!!!!!!!!
20220321 063836.029 INFO             PET0 Running with ESMF Version   : v8.3.0b09-102-gabaf3ef548
20220321 063836.029 INFO             PET0 ESMF library build date/time: "Mar 21 2022" "06:06:36"
20220321 063836.029 INFO             PET0 ESMF library build location : /scratch1/NCEPDEV/stmp2/role.esmfmaint/intel_18.0.4_intelmpi_g_jedwards_pio_update2
20220321 063836.029 INFO             PET0 ESMF_COMM                   : intelmpi
20220321 063836.030 INFO             PET0 ESMF_MOAB                   : enabled
20220321 063836.030 INFO             PET0 ESMF_LAPACK                 : enabled
20220321 063836.030 INFO             PET0 ESMF_NETCDF                 : enabled
20220321 063836.030 INFO             PET0 ESMF_PNETCDF                : disabled
20220321 063836.030 INFO             PET0 ESMF_PIO                    : enabled
20220321 063836.030 INFO             PET0 ESMF_YAMLCPP                : enabled
20220321 063836.038 INFO             PET0 ESMF_FieldRedistStoreNF(): Just entered routine.
20220321 063836.347 INFO             PET0 ESMF_FieldRedistStoreNF(): Leaving routine.
20220321 063836.380 INFO             PET0  NUMBER_OF_PROCESSORS           4
20220321 063836.380 INFO             PET0  PASS  Example ESMF_RHandleFromFileEx, ESMF_RHandleFromFileEx.F90, line 192
20220321 063836.380 INFO             PET0 Finalizing ESMF
20220321 063836.030 INFO             PET1 !!!!!!!!!!!!!!!!!!!!!!!!!!!!!!!!!!!!!!!!!!!!!!!!!!!!!!
20220321 063836.030 INFO             PET1 !!! THE ESMF_LOG IS SET TO OUTPUT ALL LOG MESSAGES !!!
20220321 063836.030 INFO             PET1 !!!     THIS MAY CAUSE SLOWDOWN IN PERFORMANCE     !!!
20220321 063836.030 INFO             PET1 !!! FOR PRODUCTION RUNS, USE:                      !!!
20220321 063836.030 INFO             PET1 !!!                   ESMF_LOGKIND_Multi_On_Error  !!!
20220321 063836.030 INFO             PET1 !!!!!!!!!!!!!!!!!!!!!!!!!!!!!!!!!!!!!!!!!!!!!!!!!!!!!!
20220321 063836.030 INFO             PET1 Running with ESMF Version   : v8.3.0b09-102-gabaf3ef548
20220321 063836.030 INFO             PET1 ESMF library build date/time: "Mar 21 2022" "06:06:36"
20220321 063836.030 INFO             PET1 ESMF library build location : /scratch1/NCEPDEV/stmp2/role.esmfmaint/intel_18.0.4_intelmpi_g_jedwards_pio_update2
20220321 063836.030 INFO             PET1 ESMF_COMM                   : intelmpi
20220321 063836.031 INFO             PET1 ESMF_MOAB                   : enabled
20220321 063836.031 INFO             PET1 ESMF_LAPACK                 : enabled
20220321 063836.031 INFO             PET1 ESMF_NETCDF                 : enabled
20220321 063836.031 INFO             PET1 ESMF_PNETCDF                : disabled
20220321 063836.031 INFO             PET1 ESMF_PIO                    : enabled
20220321 063836.031 INFO             PET1 ESMF_YAMLCPP                : enabled
20220321 063836.038 INFO             PET1 ESMF_FieldRedistStoreNF(): Just entered routine.
20220321 063836.347 INFO             PET1 ESMF_FieldRedistStoreNF(): Leaving routine.
20220321 063836.380 INFO             PET1  NUMBER_OF_PROCESSORS           4
20220321 063836.380 INFO             PET1  PASS  Example ESMF_RHandleFromFileEx, ESMF_RHandleFromFileEx.F90, line 192
20220321 063836.380 INFO             PET1 Finalizing ESMF
20220321 063836.030 INFO             PET2 !!!!!!!!!!!!!!!!!!!!!!!!!!!!!!!!!!!!!!!!!!!!!!!!!!!!!!
20220321 063836.030 INFO             PET2 !!! THE ESMF_LOG IS SET TO OUTPUT ALL LOG MESSAGES !!!
20220321 063836.030 INFO             PET2 !!!     THIS MAY CAUSE SLOWDOWN IN PERFORMANCE     !!!
20220321 063836.030 INFO             PET2 !!! FOR PRODUCTION RUNS, USE:                      !!!
20220321 063836.030 INFO             PET2 !!!                   ESMF_LOGKIND_Multi_On_Error  !!!
20220321 063836.030 INFO             PET2 !!!!!!!!!!!!!!!!!!!!!!!!!!!!!!!!!!!!!!!!!!!!!!!!!!!!!!
20220321 063836.030 INFO             PET2 Running with ESMF Version   : v8.3.0b09-102-gabaf3ef548
20220321 063836.030 INFO             PET2 ESMF library build date/time: "Mar 21 2022" "06:06:36"
20220321 063836.030 INFO             PET2 ESMF library build location : /scratch1/NCEPDEV/stmp2/role.esmfmaint/intel_18.0.4_intelmpi_g_jedwards_pio_update2
20220321 063836.030 INFO             PET2 ESMF_COMM                   : intelmpi
20220321 063836.031 INFO             PET2 ESMF_MOAB                   : enabled
20220321 063836.031 INFO             PET2 ESMF_LAPACK                 : enabled
20220321 063836.031 INFO             PET2 ESMF_NETCDF                 : enabled
20220321 063836.031 INFO             PET2 ESMF_PNETCDF                : disabled
20220321 063836.031 INFO             PET2 ESMF_PIO                    : enabled
20220321 063836.031 INFO             PET2 ESMF_YAMLCPP                : enabled
20220321 063836.038 INFO             PET2 ESMF_FieldRedistStoreNF(): Just entered routine.
20220321 063836.347 INFO             PET2 ESMF_FieldRedistStoreNF(): Leaving routine.
20220321 063836.380 INFO             PET2  NUMBER_OF_PROCESSORS           4
20220321 063836.380 INFO             PET2  PASS  Example ESMF_RHandleFromFileEx, ESMF_RHandleFromFileEx.F90, line 192
20220321 063836.380 INFO             PET2 Finalizing ESMF
20220321 063836.030 INFO             PET3 !!!!!!!!!!!!!!!!!!!!!!!!!!!!!!!!!!!!!!!!!!!!!!!!!!!!!!
20220321 063836.030 INFO             PET3 !!! THE ESMF_LOG IS SET TO OUTPUT ALL LOG MESSAGES !!!
20220321 063836.030 INFO             PET3 !!!     THIS MAY CAUSE SLOWDOWN IN PERFORMANCE     !!!
20220321 063836.030 INFO             PET3 !!! FOR PRODUCTION RUNS, USE:                      !!!
20220321 063836.030 INFO             PET3 !!!                   ESMF_LOGKIND_Multi_On_Error  !!!
20220321 063836.030 INFO             PET3 !!!!!!!!!!!!!!!!!!!!!!!!!!!!!!!!!!!!!!!!!!!!!!!!!!!!!!
20220321 063836.030 INFO             PET3 Running with ESMF Version   : v8.3.0b09-102-gabaf3ef548
20220321 063836.030 INFO             PET3 ESMF library build date/time: "Mar 21 2022" "06:06:36"
20220321 063836.030 INFO             PET3 ESMF library build location : /scratch1/NCEPDEV/stmp2/role.esmfmaint/intel_18.0.4_intelmpi_g_jedwards_pio_update2
20220321 063836.030 INFO             PET3 ESMF_COMM                   : intelmpi
20220321 063836.031 INFO             PET3 ESMF_MOAB                   : enabled
20220321 063836.031 INFO             PET3 ESMF_LAPACK                 : enabled
20220321 063836.031 INFO             PET3 ESMF_NETCDF                 : enabled
20220321 063836.031 INFO             PET3 ESMF_PNETCDF                : disabled
20220321 063836.031 INFO             PET3 ESMF_PIO                    : enabled
20220321 063836.031 INFO             PET3 ESMF_YAMLCPP                : enabled
20220321 063836.038 INFO             PET3 ESMF_FieldRedistStoreNF(): Just entered routine.
20220321 063836.347 INFO             PET3 ESMF_FieldRedistStoreNF(): Leaving routine.
20220321 063836.380 INFO             PET3  NUMBER_OF_PROCESSORS           4
20220321 063836.380 INFO             PET3  PASS  Example ESMF_RHandleFromFileEx, ESMF_RHandleFromFileEx.F90, line 192
20220321 063836.380 INFO             PET3 Finalizing ESMF
