build time -- 2022-03-18 06:09:15
20220318 063920.082 INFO             PET0 !!!!!!!!!!!!!!!!!!!!!!!!!!!!!!!!!!!!!!!!!!!!!!!!!!!!!!
20220318 063920.082 INFO             PET0 !!! THE ESMF_LOG IS SET TO OUTPUT ALL LOG MESSAGES !!!
20220318 063920.082 INFO             PET0 !!!     THIS MAY CAUSE SLOWDOWN IN PERFORMANCE     !!!
20220318 063920.082 INFO             PET0 !!! FOR PRODUCTION RUNS, USE:                      !!!
20220318 063920.082 INFO             PET0 !!!                   ESMF_LOGKIND_Multi_On_Error  !!!
20220318 063920.082 INFO             PET0 !!!!!!!!!!!!!!!!!!!!!!!!!!!!!!!!!!!!!!!!!!!!!!!!!!!!!!
20220318 063920.082 INFO             PET0 Running with ESMF Version   : v8.3.0b09-102-gabaf3ef548
20220318 063920.082 INFO             PET0 ESMF library build date/time: "Mar 18 2022" "06:07:28"
20220318 063920.082 INFO             PET0 ESMF library build location : /scratch1/NCEPDEV/stmp2/role.esmfmaint/intel_18.0.4_intelmpi_g_jedwards_pio_update2
20220318 063920.082 INFO             PET0 ESMF_COMM                   : intelmpi
20220318 063920.083 INFO             PET0 ESMF_MOAB                   : enabled
20220318 063920.083 INFO             PET0 ESMF_LAPACK                 : enabled
20220318 063920.083 INFO             PET0 ESMF_NETCDF                 : enabled
20220318 063920.083 INFO             PET0 ESMF_PNETCDF                : disabled
20220318 063920.083 INFO             PET0 ESMF_PIO                    : enabled
20220318 063920.083 INFO             PET0 ESMF_YAMLCPP                : enabled
20220318 063920.101 INFO             PET0 ESMF_FieldRedistStoreNF(): Just entered routine.
20220318 063920.507 INFO             PET0 ESMF_FieldRedistStoreNF(): Leaving routine.
20220318 063920.512 INFO             PET0  NUMBER_OF_PROCESSORS           4
20220318 063920.512 INFO             PET0  PASS  Example ESMF_RHandleFromRHandleEx, ESMF_RHandleFromRHandleEx.F90, line 660
20220318 063920.512 INFO             PET0 Finalizing ESMF
20220318 063920.081 INFO             PET1 !!!!!!!!!!!!!!!!!!!!!!!!!!!!!!!!!!!!!!!!!!!!!!!!!!!!!!
20220318 063920.081 INFO             PET1 !!! THE ESMF_LOG IS SET TO OUTPUT ALL LOG MESSAGES !!!
20220318 063920.081 INFO             PET1 !!!     THIS MAY CAUSE SLOWDOWN IN PERFORMANCE     !!!
20220318 063920.081 INFO             PET1 !!! FOR PRODUCTION RUNS, USE:                      !!!
20220318 063920.081 INFO             PET1 !!!                   ESMF_LOGKIND_Multi_On_Error  !!!
20220318 063920.081 INFO             PET1 !!!!!!!!!!!!!!!!!!!!!!!!!!!!!!!!!!!!!!!!!!!!!!!!!!!!!!
20220318 063920.081 INFO             PET1 Running with ESMF Version   : v8.3.0b09-102-gabaf3ef548
20220318 063920.081 INFO             PET1 ESMF library build date/time: "Mar 18 2022" "06:07:28"
20220318 063920.081 INFO             PET1 ESMF library build location : /scratch1/NCEPDEV/stmp2/role.esmfmaint/intel_18.0.4_intelmpi_g_jedwards_pio_update2
20220318 063920.081 INFO             PET1 ESMF_COMM                   : intelmpi
20220318 063920.082 INFO             PET1 ESMF_MOAB                   : enabled
20220318 063920.082 INFO             PET1 ESMF_LAPACK                 : enabled
20220318 063920.082 INFO             PET1 ESMF_NETCDF                 : enabled
20220318 063920.082 INFO             PET1 ESMF_PNETCDF                : disabled
20220318 063920.082 INFO             PET1 ESMF_PIO                    : enabled
20220318 063920.082 INFO             PET1 ESMF_YAMLCPP                : enabled
20220318 063920.101 INFO             PET1 ESMF_FieldRedistStoreNF(): Just entered routine.
20220318 063920.507 INFO             PET1 ESMF_FieldRedistStoreNF(): Leaving routine.
20220318 063920.512 INFO             PET1  NUMBER_OF_PROCESSORS           4
20220318 063920.512 INFO             PET1  PASS  Example ESMF_RHandleFromRHandleEx, ESMF_RHandleFromRHandleEx.F90, line 660
20220318 063920.513 INFO             PET1 Finalizing ESMF
20220318 063920.082 INFO             PET2 !!!!!!!!!!!!!!!!!!!!!!!!!!!!!!!!!!!!!!!!!!!!!!!!!!!!!!
20220318 063920.082 INFO             PET2 !!! THE ESMF_LOG IS SET TO OUTPUT ALL LOG MESSAGES !!!
20220318 063920.082 INFO             PET2 !!!     THIS MAY CAUSE SLOWDOWN IN PERFORMANCE     !!!
20220318 063920.082 INFO             PET2 !!! FOR PRODUCTION RUNS, USE:                      !!!
20220318 063920.082 INFO             PET2 !!!                   ESMF_LOGKIND_Multi_On_Error  !!!
20220318 063920.082 INFO             PET2 !!!!!!!!!!!!!!!!!!!!!!!!!!!!!!!!!!!!!!!!!!!!!!!!!!!!!!
20220318 063920.082 INFO             PET2 Running with ESMF Version   : v8.3.0b09-102-gabaf3ef548
20220318 063920.082 INFO             PET2 ESMF library build date/time: "Mar 18 2022" "06:07:28"
20220318 063920.082 INFO             PET2 ESMF library build location : /scratch1/NCEPDEV/stmp2/role.esmfmaint/intel_18.0.4_intelmpi_g_jedwards_pio_update2
20220318 063920.082 INFO             PET2 ESMF_COMM                   : intelmpi
20220318 063920.083 INFO             PET2 ESMF_MOAB                   : enabled
20220318 063920.083 INFO             PET2 ESMF_LAPACK                 : enabled
20220318 063920.083 INFO             PET2 ESMF_NETCDF                 : enabled
20220318 063920.083 INFO             PET2 ESMF_PNETCDF                : disabled
20220318 063920.083 INFO             PET2 ESMF_PIO                    : enabled
20220318 063920.083 INFO             PET2 ESMF_YAMLCPP                : enabled
20220318 063920.101 INFO             PET2 ESMF_FieldRedistStoreNF(): Just entered routine.
20220318 063920.507 INFO             PET2 ESMF_FieldRedistStoreNF(): Leaving routine.
20220318 063920.510 INFO             PET2  NUMBER_OF_PROCESSORS           4
20220318 063920.510 INFO             PET2  PASS  Example ESMF_RHandleFromRHandleEx, ESMF_RHandleFromRHandleEx.F90, line 660
20220318 063920.510 INFO             PET2 Finalizing ESMF
20220318 063920.081 INFO             PET3 !!!!!!!!!!!!!!!!!!!!!!!!!!!!!!!!!!!!!!!!!!!!!!!!!!!!!!
20220318 063920.081 INFO             PET3 !!! THE ESMF_LOG IS SET TO OUTPUT ALL LOG MESSAGES !!!
20220318 063920.081 INFO             PET3 !!!     THIS MAY CAUSE SLOWDOWN IN PERFORMANCE     !!!
20220318 063920.081 INFO             PET3 !!! FOR PRODUCTION RUNS, USE:                      !!!
20220318 063920.081 INFO             PET3 !!!                   ESMF_LOGKIND_Multi_On_Error  !!!
20220318 063920.081 INFO             PET3 !!!!!!!!!!!!!!!!!!!!!!!!!!!!!!!!!!!!!!!!!!!!!!!!!!!!!!
20220318 063920.081 INFO             PET3 Running with ESMF Version   : v8.3.0b09-102-gabaf3ef548
20220318 063920.081 INFO             PET3 ESMF library build date/time: "Mar 18 2022" "06:07:28"
20220318 063920.081 INFO             PET3 ESMF library build location : /scratch1/NCEPDEV/stmp2/role.esmfmaint/intel_18.0.4_intelmpi_g_jedwards_pio_update2
20220318 063920.081 INFO             PET3 ESMF_COMM                   : intelmpi
20220318 063920.082 INFO             PET3 ESMF_MOAB                   : enabled
20220318 063920.082 INFO             PET3 ESMF_LAPACK                 : enabled
20220318 063920.082 INFO             PET3 ESMF_NETCDF                 : enabled
20220318 063920.082 INFO             PET3 ESMF_PNETCDF                : disabled
20220318 063920.082 INFO             PET3 ESMF_PIO                    : enabled
20220318 063920.082 INFO             PET3 ESMF_YAMLCPP                : enabled
20220318 063920.101 INFO             PET3 ESMF_FieldRedistStoreNF(): Just entered routine.
20220318 063920.507 INFO             PET3 ESMF_FieldRedistStoreNF(): Leaving routine.
20220318 063920.512 INFO             PET3  NUMBER_OF_PROCESSORS           4
20220318 063920.513 INFO             PET3  PASS  Example ESMF_RHandleFromRHandleEx, ESMF_RHandleFromRHandleEx.F90, line 660
20220318 063920.513 INFO             PET3 Finalizing ESMF
