build time -- 2022-03-23 06:13:50
20220323 064635.779 INFO             PET0 !!!!!!!!!!!!!!!!!!!!!!!!!!!!!!!!!!!!!!!!!!!!!!!!!!!!!!
20220323 064635.779 INFO             PET0 !!! THE ESMF_LOG IS SET TO OUTPUT ALL LOG MESSAGES !!!
20220323 064635.779 INFO             PET0 !!!     THIS MAY CAUSE SLOWDOWN IN PERFORMANCE     !!!
20220323 064635.779 INFO             PET0 !!! FOR PRODUCTION RUNS, USE:                      !!!
20220323 064635.779 INFO             PET0 !!!                   ESMF_LOGKIND_Multi_On_Error  !!!
20220323 064635.779 INFO             PET0 !!!!!!!!!!!!!!!!!!!!!!!!!!!!!!!!!!!!!!!!!!!!!!!!!!!!!!
20220323 064635.779 INFO             PET0 Running with ESMF Version   : v8.3.0b09-103-gbb860f29f6
20220323 064635.779 INFO             PET0 ESMF library build date/time: "Mar 23 2022" "06:12:03"
20220323 064635.779 INFO             PET0 ESMF library build location : /scratch1/NCEPDEV/stmp2/role.esmfmaint/intel_18.0.4_intelmpi_g_jedwards_pio_update2
20220323 064635.779 INFO             PET0 ESMF_COMM                   : intelmpi
20220323 064635.780 INFO             PET0 ESMF_MOAB                   : enabled
20220323 064635.780 INFO             PET0 ESMF_LAPACK                 : enabled
20220323 064635.780 INFO             PET0 ESMF_NETCDF                 : enabled
20220323 064635.780 INFO             PET0 ESMF_PNETCDF                : disabled
20220323 064635.780 INFO             PET0 ESMF_PIO                    : enabled
20220323 064635.780 INFO             PET0 ESMF_YAMLCPP                : enabled
20220323 064635.906 DEBUG            PET0 about to destroy Grid: 0x1f69e20
20220323 064635.923 DEBUG            PET0 about to destroy Grid: 0x1f6b840
20220323 064635.968 INFO             PET0  NUMBER_OF_PROCESSORS           4
20220323 064635.968 INFO             PET0  PASS  Example ESMF_NUOPCAtmModelEx, ESMF_NUOPCAtmModelEx.F90, line 806
20220323 064635.968 INFO             PET0 Finalizing ESMF
20220323 064635.779 INFO             PET1 !!!!!!!!!!!!!!!!!!!!!!!!!!!!!!!!!!!!!!!!!!!!!!!!!!!!!!
20220323 064635.779 INFO             PET1 !!! THE ESMF_LOG IS SET TO OUTPUT ALL LOG MESSAGES !!!
20220323 064635.779 INFO             PET1 !!!     THIS MAY CAUSE SLOWDOWN IN PERFORMANCE     !!!
20220323 064635.779 INFO             PET1 !!! FOR PRODUCTION RUNS, USE:                      !!!
20220323 064635.779 INFO             PET1 !!!                   ESMF_LOGKIND_Multi_On_Error  !!!
20220323 064635.779 INFO             PET1 !!!!!!!!!!!!!!!!!!!!!!!!!!!!!!!!!!!!!!!!!!!!!!!!!!!!!!
20220323 064635.779 INFO             PET1 Running with ESMF Version   : v8.3.0b09-103-gbb860f29f6
20220323 064635.779 INFO             PET1 ESMF library build date/time: "Mar 23 2022" "06:12:03"
20220323 064635.779 INFO             PET1 ESMF library build location : /scratch1/NCEPDEV/stmp2/role.esmfmaint/intel_18.0.4_intelmpi_g_jedwards_pio_update2
20220323 064635.779 INFO             PET1 ESMF_COMM                   : intelmpi
20220323 064635.780 INFO             PET1 ESMF_MOAB                   : enabled
20220323 064635.780 INFO             PET1 ESMF_LAPACK                 : enabled
20220323 064635.780 INFO             PET1 ESMF_NETCDF                 : enabled
20220323 064635.780 INFO             PET1 ESMF_PNETCDF                : disabled
20220323 064635.780 INFO             PET1 ESMF_PIO                    : enabled
20220323 064635.780 INFO             PET1 ESMF_YAMLCPP                : enabled
20220323 064635.906 DEBUG            PET1 about to destroy Grid: 0x15459d0
20220323 064635.923 DEBUG            PET1 about to destroy Grid: 0x15462c0
20220323 064635.969 INFO             PET1  NUMBER_OF_PROCESSORS           4
20220323 064635.969 INFO             PET1  PASS  Example ESMF_NUOPCAtmModelEx, ESMF_NUOPCAtmModelEx.F90, line 806
20220323 064635.969 INFO             PET1 Finalizing ESMF
20220323 064635.779 INFO             PET2 !!!!!!!!!!!!!!!!!!!!!!!!!!!!!!!!!!!!!!!!!!!!!!!!!!!!!!
20220323 064635.779 INFO             PET2 !!! THE ESMF_LOG IS SET TO OUTPUT ALL LOG MESSAGES !!!
20220323 064635.779 INFO             PET2 !!!     THIS MAY CAUSE SLOWDOWN IN PERFORMANCE     !!!
20220323 064635.779 INFO             PET2 !!! FOR PRODUCTION RUNS, USE:                      !!!
20220323 064635.779 INFO             PET2 !!!                   ESMF_LOGKIND_Multi_On_Error  !!!
20220323 064635.779 INFO             PET2 !!!!!!!!!!!!!!!!!!!!!!!!!!!!!!!!!!!!!!!!!!!!!!!!!!!!!!
20220323 064635.779 INFO             PET2 Running with ESMF Version   : v8.3.0b09-103-gbb860f29f6
20220323 064635.779 INFO             PET2 ESMF library build date/time: "Mar 23 2022" "06:12:03"
20220323 064635.779 INFO             PET2 ESMF library build location : /scratch1/NCEPDEV/stmp2/role.esmfmaint/intel_18.0.4_intelmpi_g_jedwards_pio_update2
20220323 064635.779 INFO             PET2 ESMF_COMM                   : intelmpi
20220323 064635.779 INFO             PET2 ESMF_MOAB                   : enabled
20220323 064635.779 INFO             PET2 ESMF_LAPACK                 : enabled
20220323 064635.779 INFO             PET2 ESMF_NETCDF                 : enabled
20220323 064635.779 INFO             PET2 ESMF_PNETCDF                : disabled
20220323 064635.779 INFO             PET2 ESMF_PIO                    : enabled
20220323 064635.779 INFO             PET2 ESMF_YAMLCPP                : enabled
20220323 064635.906 DEBUG            PET2 about to destroy Grid: 0x164c9d0
20220323 064635.923 DEBUG            PET2 about to destroy Grid: 0x164d2c0
20220323 064635.968 INFO             PET2  NUMBER_OF_PROCESSORS           4
20220323 064635.968 INFO             PET2  PASS  Example ESMF_NUOPCAtmModelEx, ESMF_NUOPCAtmModelEx.F90, line 806
20220323 064635.968 INFO             PET2 Finalizing ESMF
20220323 064635.778 INFO             PET3 !!!!!!!!!!!!!!!!!!!!!!!!!!!!!!!!!!!!!!!!!!!!!!!!!!!!!!
20220323 064635.778 INFO             PET3 !!! THE ESMF_LOG IS SET TO OUTPUT ALL LOG MESSAGES !!!
20220323 064635.778 INFO             PET3 !!!     THIS MAY CAUSE SLOWDOWN IN PERFORMANCE     !!!
20220323 064635.778 INFO             PET3 !!! FOR PRODUCTION RUNS, USE:                      !!!
20220323 064635.778 INFO             PET3 !!!                   ESMF_LOGKIND_Multi_On_Error  !!!
20220323 064635.778 INFO             PET3 !!!!!!!!!!!!!!!!!!!!!!!!!!!!!!!!!!!!!!!!!!!!!!!!!!!!!!
20220323 064635.778 INFO             PET3 Running with ESMF Version   : v8.3.0b09-103-gbb860f29f6
20220323 064635.778 INFO             PET3 ESMF library build date/time: "Mar 23 2022" "06:12:03"
20220323 064635.778 INFO             PET3 ESMF library build location : /scratch1/NCEPDEV/stmp2/role.esmfmaint/intel_18.0.4_intelmpi_g_jedwards_pio_update2
20220323 064635.778 INFO             PET3 ESMF_COMM                   : intelmpi
20220323 064635.780 INFO             PET3 ESMF_MOAB                   : enabled
20220323 064635.780 INFO             PET3 ESMF_LAPACK                 : enabled
20220323 064635.780 INFO             PET3 ESMF_NETCDF                 : enabled
20220323 064635.780 INFO             PET3 ESMF_PNETCDF                : disabled
20220323 064635.780 INFO             PET3 ESMF_PIO                    : enabled
20220323 064635.780 INFO             PET3 ESMF_YAMLCPP                : enabled
20220323 064635.906 DEBUG            PET3 about to destroy Grid: 0x1d409c0
20220323 064635.923 DEBUG            PET3 about to destroy Grid: 0x1d412b0
20220323 064635.967 INFO             PET3  NUMBER_OF_PROCESSORS           4
20220323 064635.967 INFO             PET3  PASS  Example ESMF_NUOPCAtmModelEx, ESMF_NUOPCAtmModelEx.F90, line 806
20220323 064635.967 INFO             PET3 Finalizing ESMF
