build time -- 2022-03-15 01:24:24.678277
20220315 015028.310 INFO             PET0 !!!!!!!!!!!!!!!!!!!!!!!!!!!!!!!!!!!!!!!!!!!!!!!!!!!!!!
20220315 015028.310 INFO             PET0 !!! THE ESMF_LOG IS SET TO OUTPUT ALL LOG MESSAGES !!!
20220315 015028.310 INFO             PET0 !!!     THIS MAY CAUSE SLOWDOWN IN PERFORMANCE     !!!
20220315 015028.310 INFO             PET0 !!! FOR PRODUCTION RUNS, USE:                      !!!
20220315 015028.310 INFO             PET0 !!!                   ESMF_LOGKIND_Multi_On_Error  !!!
20220315 015028.310 INFO             PET0 !!!!!!!!!!!!!!!!!!!!!!!!!!!!!!!!!!!!!!!!!!!!!!!!!!!!!!
20220315 015028.310 INFO             PET0 Running with ESMF Version   : v8.3.0b09-100-g5ff85a963f
20220315 015028.310 INFO             PET0 ESMF library build date/time: "Mar 15 2022" "01:22:54"
20220315 015028.310 INFO             PET0 ESMF library build location : /gpfsm/dnb04/projects/p98/mpotts/esmf/gfortran_10.1.0_intelmpi_g_jedwards_pio_update2
20220315 015028.310 INFO             PET0 ESMF_COMM                   : intelmpi
20220315 015028.310 INFO             PET0 ESMF_MOAB                   : enabled
20220315 015028.310 INFO             PET0 ESMF_LAPACK                 : enabled
20220315 015028.310 INFO             PET0 ESMF_NETCDF                 : disabled
20220315 015028.310 INFO             PET0 ESMF_PNETCDF                : disabled
20220315 015028.310 INFO             PET0 ESMF_PIO                    : disabled
20220315 015028.310 INFO             PET0 ESMF_YAMLCPP                : enabled
20220315 015028.310 INFO             PET0  NUMBER_OF_PROCESSORS           1
20220315 015028.310 INFO             PET0  PASS  Example ESMF_TimeIntervalEx, ESMF_TimeIntervalEx.F90, line 176
20220315 015028.310 INFO             PET0 Finalizing ESMF
