build time -- 2022-03-17 01:43:40.798422
srun: cluster configuration lacks support for cpu binding
 --------------------------------------- 
 Start of ESMF_Trace Example
 --------------------------------------- 
 Inside Init
 Inside Init
 Inside Init
 Inside Run
 Inside Run
 Inside Run
 Inside Run
 Inside Init
 Inside Run
 Inside Run
 Inside Run
 Inside Run
 Inside Run
 Inside Run
 Inside Run
 Inside Run
 Inside Finalize
 Inside Finalize
 Inside Run
 Inside Run
 Inside Run
 Inside Finalize
  PASS  Example ESMF_TraceEx, ESMF_TraceEx.F90, line 178
  PASS  Example ESMF_TraceEx, ESMF_TraceEx.F90, line 178
 Inside Run
 Inside Run
 Inside Run
 Inside Run
 Inside Run
 Inside Finalize
  PASS  Example ESMF_TraceEx, ESMF_TraceEx.F90, line 178
  PASS  Example ESMF_TraceEx, ESMF_TraceEx.F90, line 178
 PASS: ESMF_TraceEx.F90
 --------------------------------------- 
 End of ESMF_Trace Example
 --------------------------------------- 
 PASS: ESMF_TraceEx.F90
 PASS: ESMF_TraceEx.F90
 PASS: ESMF_TraceEx.F90
