build time -- 2022-03-24 01:42:15.494541
20220324 020912.506 INFO             PET0 !!!!!!!!!!!!!!!!!!!!!!!!!!!!!!!!!!!!!!!!!!!!!!!!!!!!!!
20220324 020912.506 INFO             PET0 !!! THE ESMF_LOG IS SET TO OUTPUT ALL LOG MESSAGES !!!
20220324 020912.506 INFO             PET0 !!!     THIS MAY CAUSE SLOWDOWN IN PERFORMANCE     !!!
20220324 020912.506 INFO             PET0 !!! FOR PRODUCTION RUNS, USE:                      !!!
20220324 020912.506 INFO             PET0 !!!                   ESMF_LOGKIND_Multi_On_Error  !!!
20220324 020912.506 INFO             PET0 !!!!!!!!!!!!!!!!!!!!!!!!!!!!!!!!!!!!!!!!!!!!!!!!!!!!!!
20220324 020912.506 INFO             PET0 Running with ESMF Version   : v8.3.0b09-103-gbb860f29f6
20220324 020912.506 INFO             PET0 ESMF library build date/time: "Mar 24 2022" "01:40:40"
20220324 020912.506 INFO             PET0 ESMF library build location : /gpfsm/dnb04/projects/p98/mpotts/esmf/gfortran_10.1.0_intelmpi_g_jedwards_pio_update2
20220324 020912.506 INFO             PET0 ESMF_COMM                   : intelmpi
20220324 020912.506 INFO             PET0 ESMF_MOAB                   : enabled
20220324 020912.506 INFO             PET0 ESMF_LAPACK                 : enabled
20220324 020912.506 INFO             PET0 ESMF_NETCDF                 : disabled
20220324 020912.506 INFO             PET0 ESMF_PNETCDF                : disabled
20220324 020912.506 INFO             PET0 ESMF_PIO                    : disabled
20220324 020912.506 INFO             PET0 ESMF_YAMLCPP                : enabled
20220324 020912.507 INFO             PET0  NUMBER_OF_PROCESSORS           2
20220324 020912.507 INFO             PET0  PASS  Example ESMF_VMUserMpiCommEx, ESMF_VMUserMpiCommEx.F90, line 113
20220324 020912.507 INFO             PET0 Finalizing ESMF
20220324 020912.506 INFO             PET1 !!!!!!!!!!!!!!!!!!!!!!!!!!!!!!!!!!!!!!!!!!!!!!!!!!!!!!
20220324 020912.506 INFO             PET1 !!! THE ESMF_LOG IS SET TO OUTPUT ALL LOG MESSAGES !!!
20220324 020912.506 INFO             PET1 !!!     THIS MAY CAUSE SLOWDOWN IN PERFORMANCE     !!!
20220324 020912.506 INFO             PET1 !!! FOR PRODUCTION RUNS, USE:                      !!!
20220324 020912.506 INFO             PET1 !!!                   ESMF_LOGKIND_Multi_On_Error  !!!
20220324 020912.506 INFO             PET1 !!!!!!!!!!!!!!!!!!!!!!!!!!!!!!!!!!!!!!!!!!!!!!!!!!!!!!
20220324 020912.506 INFO             PET1 Running with ESMF Version   : v8.3.0b09-103-gbb860f29f6
20220324 020912.506 INFO             PET1 ESMF library build date/time: "Mar 24 2022" "01:40:40"
20220324 020912.506 INFO             PET1 ESMF library build location : /gpfsm/dnb04/projects/p98/mpotts/esmf/gfortran_10.1.0_intelmpi_g_jedwards_pio_update2
20220324 020912.506 INFO             PET1 ESMF_COMM                   : intelmpi
20220324 020912.507 INFO             PET1 ESMF_MOAB                   : enabled
20220324 020912.507 INFO             PET1 ESMF_LAPACK                 : enabled
20220324 020912.507 INFO             PET1 ESMF_NETCDF                 : disabled
20220324 020912.507 INFO             PET1 ESMF_PNETCDF                : disabled
20220324 020912.507 INFO             PET1 ESMF_PIO                    : disabled
20220324 020912.507 INFO             PET1 ESMF_YAMLCPP                : enabled
20220324 020912.507 INFO             PET1  NUMBER_OF_PROCESSORS           2
20220324 020912.507 INFO             PET1  PASS  Example ESMF_VMUserMpiCommEx, ESMF_VMUserMpiCommEx.F90, line 113
20220324 020912.507 INFO             PET1 Finalizing ESMF
