build time -- 2022-03-13 01:23:13.130683
20220313 014858.106 INFO             PET0 !!!!!!!!!!!!!!!!!!!!!!!!!!!!!!!!!!!!!!!!!!!!!!!!!!!!!!
20220313 014858.106 INFO             PET0 !!! THE ESMF_LOG IS SET TO OUTPUT ALL LOG MESSAGES !!!
20220313 014858.106 INFO             PET0 !!!     THIS MAY CAUSE SLOWDOWN IN PERFORMANCE     !!!
20220313 014858.106 INFO             PET0 !!! FOR PRODUCTION RUNS, USE:                      !!!
20220313 014858.106 INFO             PET0 !!!                   ESMF_LOGKIND_Multi_On_Error  !!!
20220313 014858.106 INFO             PET0 !!!!!!!!!!!!!!!!!!!!!!!!!!!!!!!!!!!!!!!!!!!!!!!!!!!!!!
20220313 014858.106 INFO             PET0 Running with ESMF Version   : v8.3.0b09-96-g559b459836
20220313 014858.106 INFO             PET0 ESMF library build date/time: "Mar 13 2022" "01:21:43"
20220313 014858.106 INFO             PET0 ESMF library build location : /gpfsm/dnb04/projects/p98/mpotts/esmf/gfortran_10.1.0_intelmpi_g_jedwards_pio_update2
20220313 014858.106 INFO             PET0 ESMF_COMM                   : intelmpi
20220313 014858.106 INFO             PET0 ESMF_MOAB                   : enabled
20220313 014858.106 INFO             PET0 ESMF_LAPACK                 : enabled
20220313 014858.106 INFO             PET0 ESMF_NETCDF                 : disabled
20220313 014858.106 INFO             PET0 ESMF_PNETCDF                : disabled
20220313 014858.106 INFO             PET0 ESMF_PIO                    : disabled
20220313 014858.106 INFO             PET0 ESMF_YAMLCPP                : enabled
20220313 014858.111 INFO             PET0 ESMF_FieldRedistStoreNF(): Just entered routine.
20220313 014858.324 INFO             PET0 ESMF_FieldRedistStoreNF(): Leaving routine.
20220313 014858.334 INFO             PET0  NUMBER_OF_PROCESSORS           4
20220313 014858.334 INFO             PET0  PASS  Example ESMF_RHandleFromFileEx, ESMF_RHandleFromFileEx.F90, line 192
20220313 014858.334 INFO             PET0 Finalizing ESMF
20220313 014858.106 INFO             PET1 !!!!!!!!!!!!!!!!!!!!!!!!!!!!!!!!!!!!!!!!!!!!!!!!!!!!!!
20220313 014858.106 INFO             PET1 !!! THE ESMF_LOG IS SET TO OUTPUT ALL LOG MESSAGES !!!
20220313 014858.106 INFO             PET1 !!!     THIS MAY CAUSE SLOWDOWN IN PERFORMANCE     !!!
20220313 014858.106 INFO             PET1 !!! FOR PRODUCTION RUNS, USE:                      !!!
20220313 014858.106 INFO             PET1 !!!                   ESMF_LOGKIND_Multi_On_Error  !!!
20220313 014858.106 INFO             PET1 !!!!!!!!!!!!!!!!!!!!!!!!!!!!!!!!!!!!!!!!!!!!!!!!!!!!!!
20220313 014858.106 INFO             PET1 Running with ESMF Version   : v8.3.0b09-96-g559b459836
20220313 014858.106 INFO             PET1 ESMF library build date/time: "Mar 13 2022" "01:21:43"
20220313 014858.106 INFO             PET1 ESMF library build location : /gpfsm/dnb04/projects/p98/mpotts/esmf/gfortran_10.1.0_intelmpi_g_jedwards_pio_update2
20220313 014858.106 INFO             PET1 ESMF_COMM                   : intelmpi
20220313 014858.106 INFO             PET1 ESMF_MOAB                   : enabled
20220313 014858.106 INFO             PET1 ESMF_LAPACK                 : enabled
20220313 014858.106 INFO             PET1 ESMF_NETCDF                 : disabled
20220313 014858.106 INFO             PET1 ESMF_PNETCDF                : disabled
20220313 014858.106 INFO             PET1 ESMF_PIO                    : disabled
20220313 014858.106 INFO             PET1 ESMF_YAMLCPP                : enabled
20220313 014858.110 INFO             PET1 ESMF_FieldRedistStoreNF(): Just entered routine.
20220313 014858.324 INFO             PET1 ESMF_FieldRedistStoreNF(): Leaving routine.
20220313 014858.334 INFO             PET1  NUMBER_OF_PROCESSORS           4
20220313 014858.334 INFO             PET1  PASS  Example ESMF_RHandleFromFileEx, ESMF_RHandleFromFileEx.F90, line 192
20220313 014858.334 INFO             PET1 Finalizing ESMF
20220313 014858.106 INFO             PET2 !!!!!!!!!!!!!!!!!!!!!!!!!!!!!!!!!!!!!!!!!!!!!!!!!!!!!!
20220313 014858.106 INFO             PET2 !!! THE ESMF_LOG IS SET TO OUTPUT ALL LOG MESSAGES !!!
20220313 014858.106 INFO             PET2 !!!     THIS MAY CAUSE SLOWDOWN IN PERFORMANCE     !!!
20220313 014858.106 INFO             PET2 !!! FOR PRODUCTION RUNS, USE:                      !!!
20220313 014858.106 INFO             PET2 !!!                   ESMF_LOGKIND_Multi_On_Error  !!!
20220313 014858.106 INFO             PET2 !!!!!!!!!!!!!!!!!!!!!!!!!!!!!!!!!!!!!!!!!!!!!!!!!!!!!!
20220313 014858.106 INFO             PET2 Running with ESMF Version   : v8.3.0b09-96-g559b459836
20220313 014858.106 INFO             PET2 ESMF library build date/time: "Mar 13 2022" "01:21:43"
20220313 014858.106 INFO             PET2 ESMF library build location : /gpfsm/dnb04/projects/p98/mpotts/esmf/gfortran_10.1.0_intelmpi_g_jedwards_pio_update2
20220313 014858.107 INFO             PET2 ESMF_COMM                   : intelmpi
20220313 014858.107 INFO             PET2 ESMF_MOAB                   : enabled
20220313 014858.107 INFO             PET2 ESMF_LAPACK                 : enabled
20220313 014858.107 INFO             PET2 ESMF_NETCDF                 : disabled
20220313 014858.107 INFO             PET2 ESMF_PNETCDF                : disabled
20220313 014858.107 INFO             PET2 ESMF_PIO                    : disabled
20220313 014858.107 INFO             PET2 ESMF_YAMLCPP                : enabled
20220313 014858.110 INFO             PET2 ESMF_FieldRedistStoreNF(): Just entered routine.
20220313 014858.324 INFO             PET2 ESMF_FieldRedistStoreNF(): Leaving routine.
20220313 014858.334 INFO             PET2  NUMBER_OF_PROCESSORS           4
20220313 014858.334 INFO             PET2  PASS  Example ESMF_RHandleFromFileEx, ESMF_RHandleFromFileEx.F90, line 192
20220313 014858.334 INFO             PET2 Finalizing ESMF
20220313 014858.106 INFO             PET3 !!!!!!!!!!!!!!!!!!!!!!!!!!!!!!!!!!!!!!!!!!!!!!!!!!!!!!
20220313 014858.106 INFO             PET3 !!! THE ESMF_LOG IS SET TO OUTPUT ALL LOG MESSAGES !!!
20220313 014858.106 INFO             PET3 !!!     THIS MAY CAUSE SLOWDOWN IN PERFORMANCE     !!!
20220313 014858.106 INFO             PET3 !!! FOR PRODUCTION RUNS, USE:                      !!!
20220313 014858.106 INFO             PET3 !!!                   ESMF_LOGKIND_Multi_On_Error  !!!
20220313 014858.106 INFO             PET3 !!!!!!!!!!!!!!!!!!!!!!!!!!!!!!!!!!!!!!!!!!!!!!!!!!!!!!
20220313 014858.106 INFO             PET3 Running with ESMF Version   : v8.3.0b09-96-g559b459836
20220313 014858.106 INFO             PET3 ESMF library build date/time: "Mar 13 2022" "01:21:43"
20220313 014858.106 INFO             PET3 ESMF library build location : /gpfsm/dnb04/projects/p98/mpotts/esmf/gfortran_10.1.0_intelmpi_g_jedwards_pio_update2
20220313 014858.106 INFO             PET3 ESMF_COMM                   : intelmpi
20220313 014858.107 INFO             PET3 ESMF_MOAB                   : enabled
20220313 014858.107 INFO             PET3 ESMF_LAPACK                 : enabled
20220313 014858.107 INFO             PET3 ESMF_NETCDF                 : disabled
20220313 014858.107 INFO             PET3 ESMF_PNETCDF                : disabled
20220313 014858.107 INFO             PET3 ESMF_PIO                    : disabled
20220313 014858.107 INFO             PET3 ESMF_YAMLCPP                : enabled
20220313 014858.111 INFO             PET3 ESMF_FieldRedistStoreNF(): Just entered routine.
20220313 014858.324 INFO             PET3 ESMF_FieldRedistStoreNF(): Leaving routine.
20220313 014858.334 INFO             PET3  NUMBER_OF_PROCESSORS           4
20220313 014858.335 INFO             PET3  PASS  Example ESMF_RHandleFromFileEx, ESMF_RHandleFromFileEx.F90, line 192
20220313 014858.335 INFO             PET3 Finalizing ESMF
