build time -- 2022-03-24 06:11:56.325618
20220324 064253.270 INFO             PET0 !!!!!!!!!!!!!!!!!!!!!!!!!!!!!!!!!!!!!!!!!!!!!!!!!!!!!!
20220324 064253.270 INFO             PET0 !!! THE ESMF_LOG IS SET TO OUTPUT ALL LOG MESSAGES !!!
20220324 064253.270 INFO             PET0 !!!     THIS MAY CAUSE SLOWDOWN IN PERFORMANCE     !!!
20220324 064253.270 INFO             PET0 !!! FOR PRODUCTION RUNS, USE:                      !!!
20220324 064253.270 INFO             PET0 !!!                   ESMF_LOGKIND_Multi_On_Error  !!!
20220324 064253.270 INFO             PET0 !!!!!!!!!!!!!!!!!!!!!!!!!!!!!!!!!!!!!!!!!!!!!!!!!!!!!!
20220324 064253.270 INFO             PET0 Running with ESMF Version   : v8.3.0b10
20220324 064253.270 INFO             PET0 ESMF library build date/time: "Mar 24 2022" "06:09:04"
20220324 064253.270 INFO             PET0 ESMF library build location : /glade/scratch/rlong/esmf-testing/gfortran_10.1.0_mpt_g_develop
20220324 064253.270 INFO             PET0 ESMF_COMM                   : mpt
20220324 064253.270 INFO             PET0 ESMF_MOAB                   : enabled
20220324 064253.270 INFO             PET0 ESMF_LAPACK                 : enabled
20220324 064253.270 INFO             PET0 ESMF_NETCDF                 : enabled
20220324 064253.270 INFO             PET0 ESMF_PNETCDF                : disabled
20220324 064253.270 INFO             PET0 ESMF_PIO                    : enabled
20220324 064253.270 INFO             PET0 ESMF_YAMLCPP                : enabled
20220324 064253.366 DEBUG            PET0 about to destroy Grid: 0x2c6aa50
20220324 064253.378 DEBUG            PET0 about to destroy Grid: 0x2c6c0a0
20220324 064253.412 INFO             PET0  NUMBER_OF_PROCESSORS           4
20220324 064253.412 INFO             PET0  PASS  Example ESMF_NUOPCAtmModelEx, ESMF_NUOPCAtmModelEx.F90, line 806
20220324 064253.412 INFO             PET0 Finalizing ESMF
20220324 064253.270 INFO             PET1 !!!!!!!!!!!!!!!!!!!!!!!!!!!!!!!!!!!!!!!!!!!!!!!!!!!!!!
20220324 064253.270 INFO             PET1 !!! THE ESMF_LOG IS SET TO OUTPUT ALL LOG MESSAGES !!!
20220324 064253.270 INFO             PET1 !!!     THIS MAY CAUSE SLOWDOWN IN PERFORMANCE     !!!
20220324 064253.270 INFO             PET1 !!! FOR PRODUCTION RUNS, USE:                      !!!
20220324 064253.270 INFO             PET1 !!!                   ESMF_LOGKIND_Multi_On_Error  !!!
20220324 064253.270 INFO             PET1 !!!!!!!!!!!!!!!!!!!!!!!!!!!!!!!!!!!!!!!!!!!!!!!!!!!!!!
20220324 064253.270 INFO             PET1 Running with ESMF Version   : v8.3.0b10
20220324 064253.270 INFO             PET1 ESMF library build date/time: "Mar 24 2022" "06:09:04"
20220324 064253.270 INFO             PET1 ESMF library build location : /glade/scratch/rlong/esmf-testing/gfortran_10.1.0_mpt_g_develop
20220324 064253.270 INFO             PET1 ESMF_COMM                   : mpt
20220324 064253.270 INFO             PET1 ESMF_MOAB                   : enabled
20220324 064253.270 INFO             PET1 ESMF_LAPACK                 : enabled
20220324 064253.270 INFO             PET1 ESMF_NETCDF                 : enabled
20220324 064253.270 INFO             PET1 ESMF_PNETCDF                : disabled
20220324 064253.270 INFO             PET1 ESMF_PIO                    : enabled
20220324 064253.270 INFO             PET1 ESMF_YAMLCPP                : enabled
20220324 064253.366 DEBUG            PET1 about to destroy Grid: 0x2c6b780
20220324 064253.378 DEBUG            PET1 about to destroy Grid: 0x2c6c8a0
20220324 064253.412 INFO             PET1  NUMBER_OF_PROCESSORS           4
20220324 064253.412 INFO             PET1  PASS  Example ESMF_NUOPCAtmModelEx, ESMF_NUOPCAtmModelEx.F90, line 806
20220324 064253.412 INFO             PET1 Finalizing ESMF
20220324 064253.270 INFO             PET2 !!!!!!!!!!!!!!!!!!!!!!!!!!!!!!!!!!!!!!!!!!!!!!!!!!!!!!
20220324 064253.271 INFO             PET2 !!! THE ESMF_LOG IS SET TO OUTPUT ALL LOG MESSAGES !!!
20220324 064253.271 INFO             PET2 !!!     THIS MAY CAUSE SLOWDOWN IN PERFORMANCE     !!!
20220324 064253.271 INFO             PET2 !!! FOR PRODUCTION RUNS, USE:                      !!!
20220324 064253.271 INFO             PET2 !!!                   ESMF_LOGKIND_Multi_On_Error  !!!
20220324 064253.271 INFO             PET2 !!!!!!!!!!!!!!!!!!!!!!!!!!!!!!!!!!!!!!!!!!!!!!!!!!!!!!
20220324 064253.271 INFO             PET2 Running with ESMF Version   : v8.3.0b10
20220324 064253.271 INFO             PET2 ESMF library build date/time: "Mar 24 2022" "06:09:04"
20220324 064253.271 INFO             PET2 ESMF library build location : /glade/scratch/rlong/esmf-testing/gfortran_10.1.0_mpt_g_develop
20220324 064253.271 INFO             PET2 ESMF_COMM                   : mpt
20220324 064253.271 INFO             PET2 ESMF_MOAB                   : enabled
20220324 064253.271 INFO             PET2 ESMF_LAPACK                 : enabled
20220324 064253.271 INFO             PET2 ESMF_NETCDF                 : enabled
20220324 064253.271 INFO             PET2 ESMF_PNETCDF                : disabled
20220324 064253.271 INFO             PET2 ESMF_PIO                    : enabled
20220324 064253.271 INFO             PET2 ESMF_YAMLCPP                : enabled
20220324 064253.366 DEBUG            PET2 about to destroy Grid: 0x2c6ae20
20220324 064253.378 DEBUG            PET2 about to destroy Grid: 0x2c6bf40
20220324 064253.412 INFO             PET2  NUMBER_OF_PROCESSORS           4
20220324 064253.412 INFO             PET2  PASS  Example ESMF_NUOPCAtmModelEx, ESMF_NUOPCAtmModelEx.F90, line 806
20220324 064253.412 INFO             PET2 Finalizing ESMF
20220324 064253.270 INFO             PET3 !!!!!!!!!!!!!!!!!!!!!!!!!!!!!!!!!!!!!!!!!!!!!!!!!!!!!!
20220324 064253.270 INFO             PET3 !!! THE ESMF_LOG IS SET TO OUTPUT ALL LOG MESSAGES !!!
20220324 064253.270 INFO             PET3 !!!     THIS MAY CAUSE SLOWDOWN IN PERFORMANCE     !!!
20220324 064253.270 INFO             PET3 !!! FOR PRODUCTION RUNS, USE:                      !!!
20220324 064253.270 INFO             PET3 !!!                   ESMF_LOGKIND_Multi_On_Error  !!!
20220324 064253.270 INFO             PET3 !!!!!!!!!!!!!!!!!!!!!!!!!!!!!!!!!!!!!!!!!!!!!!!!!!!!!!
20220324 064253.270 INFO             PET3 Running with ESMF Version   : v8.3.0b10
20220324 064253.270 INFO             PET3 ESMF library build date/time: "Mar 24 2022" "06:09:04"
20220324 064253.270 INFO             PET3 ESMF library build location : /glade/scratch/rlong/esmf-testing/gfortran_10.1.0_mpt_g_develop
20220324 064253.270 INFO             PET3 ESMF_COMM                   : mpt
20220324 064253.270 INFO             PET3 ESMF_MOAB                   : enabled
20220324 064253.270 INFO             PET3 ESMF_LAPACK                 : enabled
20220324 064253.270 INFO             PET3 ESMF_NETCDF                 : enabled
20220324 064253.270 INFO             PET3 ESMF_PNETCDF                : disabled
20220324 064253.270 INFO             PET3 ESMF_PIO                    : enabled
20220324 064253.270 INFO             PET3 ESMF_YAMLCPP                : enabled
20220324 064253.366 DEBUG            PET3 about to destroy Grid: 0x2c6af60
20220324 064253.378 DEBUG            PET3 about to destroy Grid: 0x2c6c080
20220324 064253.412 INFO             PET3  NUMBER_OF_PROCESSORS           4
20220324 064253.412 INFO             PET3  PASS  Example ESMF_NUOPCAtmModelEx, ESMF_NUOPCAtmModelEx.F90, line 806
20220324 064253.412 INFO             PET3 Finalizing ESMF
