build time -- 2022-03-18 01:06:53.228905
srun: cluster configuration lacks support for cpu binding
Hi there from socketServerInit()
Hi there from socketServerInit()
socketServerInit waited: 2
Hi there from socketClientInit() with timeout 10
socketClientInit connect(), not yet established... continue: Operation now in progress
socketServerInit waited: 2.00276
socketServerInit: CONNECTED!
Hi there from socketSend()
socketClientInit: getsockopt() at 9.49651e-05 SO_ERROR: Success
socketClientInit waited: 9.49651e-05
socketClientInit: CONNECTED!
Hi there from socketRecv()
socketSend: buffer size=41, bytes sent=41
socketRecv: buffer size=160, bytes recvd=41
Hi there from socketSend()
socketSend: buffer size=9, bytes sent=9
Hi there from socketRecv()
Hi there from socketRecv()
socketRecv: buffer size=160, bytes recvd=9
Hi there from socketSend()
socketSend: buffer size=43, bytes sent=43
socketRecv: buffer size=160, bytes recvd=43
calling CompTunnel::execute() for name: InitializeIC01P
in CompTunnel::execute() ... call CompTunnel::dual2actual() with method 7
calling CompTunnel::execute() for name: InitializeIC01P
in CompTunnel::execute() ... call CompTunnel::dual2actual() with method 7
calling CompTunnel::execute() for name: InitializeIC01P
in CompTunnel::execute() ... call CompTunnel::dual2actual() with method 7
Hi there from socketRecv()
Hi there from socketSend()
socketSend: buffer size=4, bytes sent=4
socketRecv: buffer size=4, bytes recvd=4
Hi there from socketRecv()
Hi there from socketSend()
socketSend: buffer size=4, bytes sent=4
calling CompTunnel::execute() for name: InitializeIC01P
in CompTunnel::execute() ... call CompTunnel::wait, cargo=0x837e20
in CompTunnel::execute() ... call CompTunnel::wait really calling
calling CompTunnel::wait() for name: InitializeIC01P
in CompTunnel::wait() ... 
calling CompTunnel::execute() for name: InitializeIC01P
calling CompTunnel::execute() for name: InitializeIC01P
in CompTunnel::execute() ... call CompTunnel::wait, cargo=0x837e40
in CompTunnel::execute() ... call CompTunnel::wait really calling
calling CompTunnel::wait() for name: InitializeIC01P
in CompTunnel::wait() ... 
Hi there from socketRecv()
in CompTunnel::execute() ... call CompTunnel::wait, cargo=0x837df0
in CompTunnel::execute() ... call CompTunnel::wait really calling
calling CompTunnel::wait() for name: InitializeIC01P
in CompTunnel::wait() ... 
socketRecv: buffer size=4, bytes recvd=4
Hi there from socketSend()
socketSend: buffer size=8, bytes sent=8
in CompTunnel::wait() ... received RC=0, userRC=0
calling CompTunnel::execute() for name: RunIC01P
in CompTunnel::execute() ... call CompTunnel::dual2actual() with method 8
in CompTunnel::wait() ... received RC=0, userRC=0
calling CompTunnel::execute() for name: RunIC01P
in CompTunnel::execute() ... call CompTunnel::dual2actual() with method 8
calling CompTunnel::execute() for name: RunIC01P
in CompTunnel::execute() ... call CompTunnel::wait, cargo=0x837e40
in CompTunnel::execute() ... call CompTunnel::wait really calling
calling CompTunnel::wait() for name: RunIC01P
in CompTunnel::wait() ... 
socketRecv: buffer size=8, bytes recvd=8
Hi there from socketSend()
socketSend: buffer size=4, bytes sent=4
Hi there from socketSend()
socketSend: buffer size=4, bytes sent=4
Hi there from socketRecv()
in CompTunnel::wait() ... received RC=0, userRC=0
calling CompTunnel::execute() for name: RunIC01P
in CompTunnel::execute() ... call CompTunnel::dual2actual() with method 8
calling CompTunnel::execute() for name: RunIC01P
in CompTunnel::execute() ... call CompTunnel::wait, cargo=0x837df0
in CompTunnel::execute() ... call CompTunnel::wait really calling
calling CompTunnel::wait() for name: RunIC01P
in CompTunnel::wait() ... 
calling CompTunnel::execute() for name: RunIC01P
in CompTunnel::execute() ... call CompTunnel::wait, cargo=0x837e20
in CompTunnel::execute() ... call CompTunnel::wait really calling
calling CompTunnel::wait() for name: RunIC01P
in CompTunnel::wait() ... 
Hi there from socketRecv()
socketRecv: buffer size=4, bytes recvd=4
Hi there from socketRecv()
socketRecv: buffer size=4, bytes recvd=4
Hi there from socketSend()
socketSend: buffer size=8, bytes sent=8
in CompTunnel::wait() ... received RC=0, userRC=0
calling CompTunnel::execute() for name: FinalizeIC01P
in CompTunnel::execute() ... call CompTunnel::dual2actual() with method 9
in CompTunnel::wait() ... received RC=0, userRC=0
calling CompTunnel::execute() for name: FinalizeIC01P
in CompTunnel::execute() ... call CompTunnel::dual2actual() with method 9
socketRecv: buffer size=8, bytes recvd=8
Hi there from socketSend()
socketSend: buffer size=4, bytes sent=4
in CompTunnel::wait() ... received RC=0, userRC=0
calling CompTunnel::execute() for name: FinalizeIC01P
in CompTunnel::execute() ... call CompTunnel::dual2actual() with method 9
calling CompTunnel::execute() for name: FinalizeIC01P
in CompTunnel::execute() ... call CompTunnel::wait, cargo=0x837e20
in CompTunnel::execute() ... call CompTunnel::wait really calling
calling CompTunnel::wait() for name: FinalizeIC01P
in CompTunnel::wait() ... 
calling CompTunnel::execute() for name: FinalizeIC01P
in CompTunnel::execute() ... call CompTunnel::wait, cargo=0x837e40
in CompTunnel::execute() ... call CompTunnel::wait really calling
calling CompTunnel::wait() for name: FinalizeIC01P
in CompTunnel::wait() ... 
Hi there from socketSend()
socketSend: buffer size=4, bytes sent=4
Hi there from socketRecv()
calling CompTunnel::execute() for name: FinalizeIC01P
in CompTunnel::execute() ... call CompTunnel::wait, cargo=0x837df0
in CompTunnel::execute() ... call CompTunnel::wait really calling
calling CompTunnel::wait() for name: FinalizeIC01P
in CompTunnel::wait() ... 
Hi there from socketRecv()
socketRecv: buffer size=4, bytes recvd=4
Hi there from socketRecv()
socketRecv: buffer size=4, bytes recvd=4
Hi there from socketSend()
socketSend: buffer size=8, bytes sent=8
in CompTunnel::wait() ... received RC=0, userRC=0
calling CompTunnel::execute() for name: InitializeIC01P
in CompTunnel::execute() ... call CompTunnel::dual2actual() with method 7
in CompTunnel::wait() ... received RC=0, userRC=0
calling CompTunnel::execute() for name: InitializeIC01P
in CompTunnel::execute() ... call CompTunnel::dual2actual() with method 7
calling CompTunnel::execute() for name: InitializeIC01P
in CompTunnel::execute() ... call CompTunnel::wait, cargo=0x837e40
in CompTunnel::execute() ... call CompTunnel::wait really calling
calling CompTunnel::wait() for name: InitializeIC01P
in CompTunnel::wait() ... 
socketRecv: buffer size=8, bytes recvd=8
Hi there from socketSend()
socketSend: buffer size=4, bytes sent=4
Hi there from socketSend()
socketSend: buffer size=4, bytes sent=4
Hi there from socketRecv()
in CompTunnel::wait() ... received RC=0, userRC=0
calling CompTunnel::execute() for name: InitializeIC01P
in CompTunnel::execute() ... call CompTunnel::dual2actual() with method 7
calling CompTunnel::execute() for name: InitializeIC01P
in CompTunnel::execute() ... call CompTunnel::wait, cargo=0x837df0
in CompTunnel::execute() ... call CompTunnel::wait really calling
calling CompTunnel::wait() for name: InitializeIC01P
in CompTunnel::wait() ... 
calling CompTunnel::execute() for name: InitializeIC01P
in CompTunnel::execute() ... call CompTunnel::wait, cargo=0x881980
in CompTunnel::execute() ... call CompTunnel::wait really calling
calling CompTunnel::wait() for name: InitializeIC01P
in CompTunnel::wait() ... 
Hi there from socketRecv()
socketRecv: buffer size=4, bytes recvd=4
Hi there from socketRecv()
socketRecv: buffer size=4, bytes recvd=4
Hi there from socketSend()
socketSend: buffer size=8, bytes sent=8
in CompTunnel::wait() ... received RC=0, userRC=0
calling CompTunnel::execute() for name: InitializeIC01P
in CompTunnel::execute() ... call CompTunnel::dual2actual() with method 7
in CompTunnel::wait() ... received RC=0, userRC=0
calling CompTunnel::execute() for name: InitializeIC01P
in CompTunnel::execute() ... call CompTunnel::dual2actual() with method 7
calling CompTunnel::execute() for name: InitializeIC01P
in CompTunnel::execute() ... call CompTunnel::wait, cargo=0x837e40
in CompTunnel::execute() ... call CompTunnel::wait really calling
calling CompTunnel::wait() for name: InitializeIC01P
in CompTunnel::wait() ... 
socketRecv: buffer size=8, bytes recvd=8
Hi there from socketSend()
socketSend: buffer size=4, bytes sent=4
Hi there from socketSend()
socketSend: buffer size=4, bytes sent=4
Hi there from socketRecv()
in CompTunnel::wait() ... received RC=0, userRC=0
calling CompTunnel::execute() for name: InitializeIC01P
in CompTunnel::execute() ... call CompTunnel::dual2actual() with method 7
calling CompTunnel::execute() for name: InitializeIC01P
in CompTunnel::execute() ... call CompTunnel::wait, cargo=0x837df0
in CompTunnel::execute() ... call CompTunnel::wait really calling
calling CompTunnel::wait() for name: InitializeIC01P
in CompTunnel::wait() ... 
calling CompTunnel::execute() for name: InitializeIC01P
in CompTunnel::execute() ... call CompTunnel::wait, cargo=0x837e20
in CompTunnel::execute() ... call CompTunnel::wait really calling
calling CompTunnel::wait() for name: InitializeIC01P
in CompTunnel::wait() ... 
Hi there from socketRecv()
socketRecv: buffer size=4, bytes recvd=4
Hi there from socketRecv()
socketRecv: buffer size=4, bytes recvd=4
Hi there from socketSend()
socketSend: buffer size=8, bytes sent=8
in CompTunnel::wait() ... received RC=0, userRC=0
calling CompTunnel::execute() for name: RunIC01P
in CompTunnel::execute() ... call CompTunnel::dual2actual() with method 8
in CompTunnel::wait() ... received RC=0, userRC=0
calling CompTunnel::execute() for name: RunIC01P
in CompTunnel::execute() ... call CompTunnel::dual2actual() with method 8
calling CompTunnel::execute() for name: RunIC01P
in CompTunnel::execute() ... call CompTunnel::wait, cargo=0x837e40
in CompTunnel::execute() ... call CompTunnel::wait really calling
calling CompTunnel::wait() for name: RunIC01P
in CompTunnel::wait() ... 
socketRecv: buffer size=8, bytes recvd=8
Hi there from socketSend()
socketSend: buffer size=4, bytes sent=4
Hi there from socketSend()
socketSend: buffer size=4, bytes sent=4
in CompTunnel::wait() ... received RC=0, userRC=0
calling CompTunnel::execute() for name: RunIC01P
in CompTunnel::execute() ... call CompTunnel::dual2actual() with method 8
calling CompTunnel::execute() for name: RunIC01P
in CompTunnel::execute() ... call CompTunnel::wait, cargo=0x837df0
in CompTunnel::execute() ... call CompTunnel::wait really calling
calling CompTunnel::wait() for name: RunIC01P
in CompTunnel::wait() ... 
calling CompTunnel::execute() for name: RunIC01P
in CompTunnel::execute() ... call CompTunnel::wait, cargo=0x837e20
in CompTunnel::execute() ... call CompTunnel::wait really calling
calling CompTunnel::wait() for name: RunIC01P
in CompTunnel::wait() ... 
Hi there from socketRecv()
Hi there from socketRecv()
socketRecv: buffer size=4, bytes recvd=4
Hi there from socketRecv()
socketRecv: buffer size=4, bytes recvd=4
Hi there from socketSend()
socketSend: buffer size=8, bytes sent=8
in CompTunnel::wait() ... received RC=0, userRC=0
calling CompTunnel::execute() for name: None01P
in CompTunnel::execute() ... call CompTunnel::dual2actual() with method 0
in CompTunnel::wait() ... received RC=0, userRC=0
calling CompTunnel::execute() for name: None01P
in CompTunnel::execute() ... call CompTunnel::dual2actual() with method 0
calling CompTunnel::execute() for name: None01P
in CompTunnel::execute() ... call CompTunnel::wait, cargo=0x837e40
in CompTunnel::execute() ... call CompTunnel::wait really calling
calling CompTunnel::wait() for name: None01P
in CompTunnel::wait() ... 
socketRecv: buffer size=8, bytes recvd=8
Hi there from socketSend()
socketSend: buffer size=4, bytes sent=4
Hi there from socketSend()
socketSend: buffer size=4, bytes sent=4
Hi there from socketRecv()
in CompTunnel::wait() ... received RC=0, userRC=0
calling CompTunnel::execute() for name: None01P
in CompTunnel::execute() ... call CompTunnel::dual2actual() with method 0
calling CompTunnel::execute() for name: None01P
in CompTunnel::execute() ... call CompTunnel::wait, cargo=0x837df0
in CompTunnel::execute() ... call CompTunnel::wait really calling
calling CompTunnel::wait() for name: None01P
in CompTunnel::wait() ... 
calling CompTunnel::execute() for name: None01P
in CompTunnel::execute() ... call CompTunnel::wait, cargo=0x837e20
in CompTunnel::execute() ... call CompTunnel::wait really calling
calling CompTunnel::wait() for name: None01P
in CompTunnel::wait() ... 
Hi there from socketRecv()
socketRecv: buffer size=4, bytes recvd=4
Hi there from socketRecv()
socketRecv: buffer size=4, bytes recvd=4
Hi there from socketSend()
socketSend: buffer size=8, bytes sent=8
socketRecv: buffer size=8, bytes recvd=8
in CompTunnel::wait() ... received RC=0, userRC=0
in CompTunnel::wait() ... received RC=0, userRC=0
in CompTunnel::wait() ... received RC=0, userRC=0
  PASS  Example ESMF_CompTunnelEx, ESMF_CompTunnelEx.F90, line 549
 PASS: ESMF_CompTunnelEx.F90
  PASS  Example ESMF_CompTunnelEx, ESMF_CompTunnelEx.F90, line 549
 PASS: ESMF_CompTunnelEx.F90
  PASS  Example ESMF_CompTunnelEx, ESMF_CompTunnelEx.F90, line 549
 PASS: ESMF_CompTunnelEx.F90
  PASS  Example ESMF_CompTunnelEx, ESMF_CompTunnelEx.F90, line 549
  PASS  Example ESMF_CompTunnelEx, ESMF_CompTunnelEx.F90, line 549
 PASS: ESMF_CompTunnelEx.F90
  PASS  Example ESMF_CompTunnelEx, ESMF_CompTunnelEx.F90, line 549
 PASS: ESMF_CompTunnelEx.F90
 PASS: ESMF_CompTunnelEx.F90
