build time -- 2022-03-17 06:14:29
+ export ESMF_NETCDF=nc-config
+ ESMF_NETCDF=nc-config
+ tar xvfz /home/role.esmfmaint/pytest-input.tar.gz
tar (child): /home/role.esmfmaint/pytest-input.tar.gz: Cannot open: No such file or directory
tar (child): Error is not recoverable: exiting now
tar: Child returned status 2
tar: Error is not recoverable: exiting now
+ export ESMF_DIR=/scratch1/NCEPDEV/stmp2/role.esmfmaint/intel_18.0.4_intelmpi_g_develop
+ ESMF_DIR=/scratch1/NCEPDEV/stmp2/role.esmfmaint/intel_18.0.4_intelmpi_g_develop
+ export ESMF_COMPILER=intel
+ ESMF_COMPILER=intel
+ export ESMF_COMM=intelmpi
+ ESMF_COMM=intelmpi
+ export ESMF_BOPT=g
+ ESMF_BOPT=g
+ export ESMF_TESTEXHAUSTIVE=ON
+ ESMF_TESTEXHAUSTIVE=ON
+ export ESMF_TESTWITHTHREADS=ON
+ ESMF_TESTWITHTHREADS=ON
+ python3 setup.py test_examples_dryrun
running test_examples_dryrun
Retrieving http://data.earthsystemmodeling.org/download/data/aggregAtlanticESTOFS.nc...

Error opening http://data.earthsystemmodeling.org/download/data/aggregAtlanticESTOFS.nc
error: Error downloading 'aggregAtlanticESTOFS.nc'
+ python3 setup.py test_regrid_from_file_dryrun
running test_regrid_from_file_dryrun
Retrieving http://data.earthsystemmodeling.org/download/data/ll2.5deg_grid.nc...

Error opening http://data.earthsystemmodeling.org/download/data/ll2.5deg_grid.nc
RESULT: FAIL - regrid_from_file_dryrun error


