build time -- 2022-03-09 02:05:13.010847
20220309 022116.882 INFO             PET0 !!!!!!!!!!!!!!!!!!!!!!!!!!!!!!!!!!!!!!!!!!!!!!!!!!!!!!
20220309 022116.882 INFO             PET0 !!! THE ESMF_LOG IS SET TO OUTPUT ALL LOG MESSAGES !!!
20220309 022116.882 INFO             PET0 !!!     THIS MAY CAUSE SLOWDOWN IN PERFORMANCE     !!!
20220309 022116.882 INFO             PET0 !!! FOR PRODUCTION RUNS, USE:                      !!!
20220309 022116.882 INFO             PET0 !!!                   ESMF_LOGKIND_Multi_On_Error  !!!
20220309 022116.882 INFO             PET0 !!!!!!!!!!!!!!!!!!!!!!!!!!!!!!!!!!!!!!!!!!!!!!!!!!!!!!
20220309 022116.882 INFO             PET0 Running with ESMF Version   : v8.3.0b09
20220309 022116.882 INFO             PET0 ESMF library build date/time: "Mar  9 2022" "02:04:17"
20220309 022116.882 INFO             PET0 ESMF library build location : /home/mpotts/intel_2021.2_intelmpi_O_develop
20220309 022116.882 INFO             PET0 ESMF_COMM                   : intelmpi
20220309 022116.882 INFO             PET0 ESMF_MOAB                   : enabled
20220309 022116.882 INFO             PET0 ESMF_LAPACK                 : enabled
20220309 022116.882 INFO             PET0 ESMF_NETCDF                 : enabled
20220309 022116.882 INFO             PET0 ESMF_PNETCDF                : disabled
20220309 022116.882 INFO             PET0 ESMF_PIO                    : enabled
20220309 022116.882 INFO             PET0 ESMF_YAMLCPP                : enabled
20220309 022116.882 INFO             PET0  NUMBER_OF_PROCESSORS           1
20220309 022116.882 INFO             PET0  PASS  Example ESMF_TimeEx, ESMF_TimeEx.F90, line 141
20220309 022116.882 INFO             PET0 Finalizing ESMF
