build time -- 2022-03-19 02:04:49.830155
20220319 022135.286 INFO             PET0 !!!!!!!!!!!!!!!!!!!!!!!!!!!!!!!!!!!!!!!!!!!!!!!!!!!!!!
20220319 022135.286 INFO             PET0 !!! THE ESMF_LOG IS SET TO OUTPUT ALL LOG MESSAGES !!!
20220319 022135.286 INFO             PET0 !!!     THIS MAY CAUSE SLOWDOWN IN PERFORMANCE     !!!
20220319 022135.286 INFO             PET0 !!! FOR PRODUCTION RUNS, USE:                      !!!
20220319 022135.286 INFO             PET0 !!!                   ESMF_LOGKIND_Multi_On_Error  !!!
20220319 022135.286 INFO             PET0 !!!!!!!!!!!!!!!!!!!!!!!!!!!!!!!!!!!!!!!!!!!!!!!!!!!!!!
20220319 022135.286 INFO             PET0 Running with ESMF Version   : v8.3.0b09-4-g424b2f26e0
20220319 022135.286 INFO             PET0 ESMF library build date/time: "Mar 19 2022" "02:03:53"
20220319 022135.286 INFO             PET0 ESMF library build location : /home/mpotts/intel_2021.2_intelmpi_O_develop
20220319 022135.286 INFO             PET0 ESMF_COMM                   : intelmpi
20220319 022135.286 INFO             PET0 ESMF_MOAB                   : enabled
20220319 022135.286 INFO             PET0 ESMF_LAPACK                 : enabled
20220319 022135.286 INFO             PET0 ESMF_NETCDF                 : enabled
20220319 022135.286 INFO             PET0 ESMF_PNETCDF                : disabled
20220319 022135.286 INFO             PET0 ESMF_PIO                    : enabled
20220319 022135.286 INFO             PET0 ESMF_YAMLCPP                : enabled
20220319 022135.287 INFO             PET0  NUMBER_OF_PROCESSORS           4
20220319 022135.287 INFO             PET0  PASS  Example ESMF_InternalStateEx, ESMF_InternalStateEx.F90, line 132
20220319 022135.287 INFO             PET0 Finalizing ESMF
20220319 022135.286 INFO             PET1 !!!!!!!!!!!!!!!!!!!!!!!!!!!!!!!!!!!!!!!!!!!!!!!!!!!!!!
20220319 022135.286 INFO             PET1 !!! THE ESMF_LOG IS SET TO OUTPUT ALL LOG MESSAGES !!!
20220319 022135.286 INFO             PET1 !!!     THIS MAY CAUSE SLOWDOWN IN PERFORMANCE     !!!
20220319 022135.286 INFO             PET1 !!! FOR PRODUCTION RUNS, USE:                      !!!
20220319 022135.286 INFO             PET1 !!!                   ESMF_LOGKIND_Multi_On_Error  !!!
20220319 022135.286 INFO             PET1 !!!!!!!!!!!!!!!!!!!!!!!!!!!!!!!!!!!!!!!!!!!!!!!!!!!!!!
20220319 022135.286 INFO             PET1 Running with ESMF Version   : v8.3.0b09-4-g424b2f26e0
20220319 022135.286 INFO             PET1 ESMF library build date/time: "Mar 19 2022" "02:03:53"
20220319 022135.286 INFO             PET1 ESMF library build location : /home/mpotts/intel_2021.2_intelmpi_O_develop
20220319 022135.286 INFO             PET1 ESMF_COMM                   : intelmpi
20220319 022135.286 INFO             PET1 ESMF_MOAB                   : enabled
20220319 022135.286 INFO             PET1 ESMF_LAPACK                 : enabled
20220319 022135.286 INFO             PET1 ESMF_NETCDF                 : enabled
20220319 022135.286 INFO             PET1 ESMF_PNETCDF                : disabled
20220319 022135.286 INFO             PET1 ESMF_PIO                    : enabled
20220319 022135.286 INFO             PET1 ESMF_YAMLCPP                : enabled
20220319 022135.287 INFO             PET1  NUMBER_OF_PROCESSORS           4
20220319 022135.287 INFO             PET1  PASS  Example ESMF_InternalStateEx, ESMF_InternalStateEx.F90, line 132
20220319 022135.287 INFO             PET1 Finalizing ESMF
20220319 022135.286 INFO             PET2 !!!!!!!!!!!!!!!!!!!!!!!!!!!!!!!!!!!!!!!!!!!!!!!!!!!!!!
20220319 022135.286 INFO             PET2 !!! THE ESMF_LOG IS SET TO OUTPUT ALL LOG MESSAGES !!!
20220319 022135.286 INFO             PET2 !!!     THIS MAY CAUSE SLOWDOWN IN PERFORMANCE     !!!
20220319 022135.286 INFO             PET2 !!! FOR PRODUCTION RUNS, USE:                      !!!
20220319 022135.286 INFO             PET2 !!!                   ESMF_LOGKIND_Multi_On_Error  !!!
20220319 022135.286 INFO             PET2 !!!!!!!!!!!!!!!!!!!!!!!!!!!!!!!!!!!!!!!!!!!!!!!!!!!!!!
20220319 022135.286 INFO             PET2 Running with ESMF Version   : v8.3.0b09-4-g424b2f26e0
20220319 022135.286 INFO             PET2 ESMF library build date/time: "Mar 19 2022" "02:03:53"
20220319 022135.286 INFO             PET2 ESMF library build location : /home/mpotts/intel_2021.2_intelmpi_O_develop
20220319 022135.286 INFO             PET2 ESMF_COMM                   : intelmpi
20220319 022135.286 INFO             PET2 ESMF_MOAB                   : enabled
20220319 022135.286 INFO             PET2 ESMF_LAPACK                 : enabled
20220319 022135.286 INFO             PET2 ESMF_NETCDF                 : enabled
20220319 022135.286 INFO             PET2 ESMF_PNETCDF                : disabled
20220319 022135.286 INFO             PET2 ESMF_PIO                    : enabled
20220319 022135.286 INFO             PET2 ESMF_YAMLCPP                : enabled
20220319 022135.287 INFO             PET2  NUMBER_OF_PROCESSORS           4
20220319 022135.287 INFO             PET2  PASS  Example ESMF_InternalStateEx, ESMF_InternalStateEx.F90, line 132
20220319 022135.287 INFO             PET2 Finalizing ESMF
20220319 022135.286 INFO             PET3 !!!!!!!!!!!!!!!!!!!!!!!!!!!!!!!!!!!!!!!!!!!!!!!!!!!!!!
20220319 022135.286 INFO             PET3 !!! THE ESMF_LOG IS SET TO OUTPUT ALL LOG MESSAGES !!!
20220319 022135.286 INFO             PET3 !!!     THIS MAY CAUSE SLOWDOWN IN PERFORMANCE     !!!
20220319 022135.286 INFO             PET3 !!! FOR PRODUCTION RUNS, USE:                      !!!
20220319 022135.286 INFO             PET3 !!!                   ESMF_LOGKIND_Multi_On_Error  !!!
20220319 022135.286 INFO             PET3 !!!!!!!!!!!!!!!!!!!!!!!!!!!!!!!!!!!!!!!!!!!!!!!!!!!!!!
20220319 022135.286 INFO             PET3 Running with ESMF Version   : v8.3.0b09-4-g424b2f26e0
20220319 022135.286 INFO             PET3 ESMF library build date/time: "Mar 19 2022" "02:03:53"
20220319 022135.286 INFO             PET3 ESMF library build location : /home/mpotts/intel_2021.2_intelmpi_O_develop
20220319 022135.286 INFO             PET3 ESMF_COMM                   : intelmpi
20220319 022135.286 INFO             PET3 ESMF_MOAB                   : enabled
20220319 022135.286 INFO             PET3 ESMF_LAPACK                 : enabled
20220319 022135.286 INFO             PET3 ESMF_NETCDF                 : enabled
20220319 022135.286 INFO             PET3 ESMF_PNETCDF                : disabled
20220319 022135.286 INFO             PET3 ESMF_PIO                    : enabled
20220319 022135.286 INFO             PET3 ESMF_YAMLCPP                : enabled
20220319 022135.287 INFO             PET3  NUMBER_OF_PROCESSORS           4
20220319 022135.287 INFO             PET3  PASS  Example ESMF_InternalStateEx, ESMF_InternalStateEx.F90, line 132
20220319 022135.287 INFO             PET3 Finalizing ESMF
