build time -- 2022-03-29 02:06:49.130130
20220329 022514.950 INFO             PET0 !!!!!!!!!!!!!!!!!!!!!!!!!!!!!!!!!!!!!!!!!!!!!!!!!!!!!!
20220329 022514.950 INFO             PET0 !!! THE ESMF_LOG IS SET TO OUTPUT ALL LOG MESSAGES !!!
20220329 022514.950 INFO             PET0 !!!     THIS MAY CAUSE SLOWDOWN IN PERFORMANCE     !!!
20220329 022514.950 INFO             PET0 !!! FOR PRODUCTION RUNS, USE:                      !!!
20220329 022514.950 INFO             PET0 !!!                   ESMF_LOGKIND_Multi_On_Error  !!!
20220329 022514.950 INFO             PET0 !!!!!!!!!!!!!!!!!!!!!!!!!!!!!!!!!!!!!!!!!!!!!!!!!!!!!!
20220329 022514.950 INFO             PET0 Running with ESMF Version   : v8.3.0b11
20220329 022514.950 INFO             PET0 ESMF library build date/time: "Mar 29 2022" "02:05:49"
20220329 022514.950 INFO             PET0 ESMF library build location : /home/mpotts/intel_2021.2_intelmpi_O_develop
20220329 022514.950 INFO             PET0 ESMF_COMM                   : intelmpi
20220329 022514.950 INFO             PET0 ESMF_MOAB                   : enabled
20220329 022514.950 INFO             PET0 ESMF_LAPACK                 : enabled
20220329 022514.950 INFO             PET0 ESMF_NETCDF                 : enabled
20220329 022514.950 INFO             PET0 ESMF_PNETCDF                : disabled
20220329 022514.950 INFO             PET0 ESMF_PIO                    : enabled
20220329 022514.950 INFO             PET0 ESMF_YAMLCPP                : enabled
20220329 022514.971 DEBUG            PET0 about to destroy Grid: 0x1e05e80
20220329 022514.973 DEBUG            PET0 about to destroy Grid: 0x1e06fe0
20220329 022514.978 INFO             PET0  NUMBER_OF_PROCESSORS           4
20220329 022514.978 INFO             PET0  PASS  Example ESMF_NUOPCAtmModelEx, ESMF_NUOPCAtmModelEx.F90, line 806
20220329 022514.978 INFO             PET0 Finalizing ESMF
20220329 022514.950 INFO             PET1 !!!!!!!!!!!!!!!!!!!!!!!!!!!!!!!!!!!!!!!!!!!!!!!!!!!!!!
20220329 022514.950 INFO             PET1 !!! THE ESMF_LOG IS SET TO OUTPUT ALL LOG MESSAGES !!!
20220329 022514.950 INFO             PET1 !!!     THIS MAY CAUSE SLOWDOWN IN PERFORMANCE     !!!
20220329 022514.950 INFO             PET1 !!! FOR PRODUCTION RUNS, USE:                      !!!
20220329 022514.950 INFO             PET1 !!!                   ESMF_LOGKIND_Multi_On_Error  !!!
20220329 022514.950 INFO             PET1 !!!!!!!!!!!!!!!!!!!!!!!!!!!!!!!!!!!!!!!!!!!!!!!!!!!!!!
20220329 022514.950 INFO             PET1 Running with ESMF Version   : v8.3.0b11
20220329 022514.950 INFO             PET1 ESMF library build date/time: "Mar 29 2022" "02:05:49"
20220329 022514.950 INFO             PET1 ESMF library build location : /home/mpotts/intel_2021.2_intelmpi_O_develop
20220329 022514.950 INFO             PET1 ESMF_COMM                   : intelmpi
20220329 022514.950 INFO             PET1 ESMF_MOAB                   : enabled
20220329 022514.950 INFO             PET1 ESMF_LAPACK                 : enabled
20220329 022514.950 INFO             PET1 ESMF_NETCDF                 : enabled
20220329 022514.950 INFO             PET1 ESMF_PNETCDF                : disabled
20220329 022514.950 INFO             PET1 ESMF_PIO                    : enabled
20220329 022514.950 INFO             PET1 ESMF_YAMLCPP                : enabled
20220329 022514.971 DEBUG            PET1 about to destroy Grid: 0x1f20500
20220329 022514.973 DEBUG            PET1 about to destroy Grid: 0x1f211e0
20220329 022514.978 INFO             PET1  NUMBER_OF_PROCESSORS           4
20220329 022514.978 INFO             PET1  PASS  Example ESMF_NUOPCAtmModelEx, ESMF_NUOPCAtmModelEx.F90, line 806
20220329 022514.978 INFO             PET1 Finalizing ESMF
20220329 022514.950 INFO             PET2 !!!!!!!!!!!!!!!!!!!!!!!!!!!!!!!!!!!!!!!!!!!!!!!!!!!!!!
20220329 022514.950 INFO             PET2 !!! THE ESMF_LOG IS SET TO OUTPUT ALL LOG MESSAGES !!!
20220329 022514.950 INFO             PET2 !!!     THIS MAY CAUSE SLOWDOWN IN PERFORMANCE     !!!
20220329 022514.950 INFO             PET2 !!! FOR PRODUCTION RUNS, USE:                      !!!
20220329 022514.950 INFO             PET2 !!!                   ESMF_LOGKIND_Multi_On_Error  !!!
20220329 022514.950 INFO             PET2 !!!!!!!!!!!!!!!!!!!!!!!!!!!!!!!!!!!!!!!!!!!!!!!!!!!!!!
20220329 022514.950 INFO             PET2 Running with ESMF Version   : v8.3.0b11
20220329 022514.950 INFO             PET2 ESMF library build date/time: "Mar 29 2022" "02:05:49"
20220329 022514.950 INFO             PET2 ESMF library build location : /home/mpotts/intel_2021.2_intelmpi_O_develop
20220329 022514.950 INFO             PET2 ESMF_COMM                   : intelmpi
20220329 022514.950 INFO             PET2 ESMF_MOAB                   : enabled
20220329 022514.950 INFO             PET2 ESMF_LAPACK                 : enabled
20220329 022514.950 INFO             PET2 ESMF_NETCDF                 : enabled
20220329 022514.950 INFO             PET2 ESMF_PNETCDF                : disabled
20220329 022514.950 INFO             PET2 ESMF_PIO                    : enabled
20220329 022514.950 INFO             PET2 ESMF_YAMLCPP                : enabled
20220329 022514.971 DEBUG            PET2 about to destroy Grid: 0x1c2c500
20220329 022514.972 DEBUG            PET2 about to destroy Grid: 0x1c2d1e0
20220329 022514.978 INFO             PET2  NUMBER_OF_PROCESSORS           4
20220329 022514.978 INFO             PET2  PASS  Example ESMF_NUOPCAtmModelEx, ESMF_NUOPCAtmModelEx.F90, line 806
20220329 022514.978 INFO             PET2 Finalizing ESMF
20220329 022514.950 INFO             PET3 !!!!!!!!!!!!!!!!!!!!!!!!!!!!!!!!!!!!!!!!!!!!!!!!!!!!!!
20220329 022514.950 INFO             PET3 !!! THE ESMF_LOG IS SET TO OUTPUT ALL LOG MESSAGES !!!
20220329 022514.950 INFO             PET3 !!!     THIS MAY CAUSE SLOWDOWN IN PERFORMANCE     !!!
20220329 022514.950 INFO             PET3 !!! FOR PRODUCTION RUNS, USE:                      !!!
20220329 022514.950 INFO             PET3 !!!                   ESMF_LOGKIND_Multi_On_Error  !!!
20220329 022514.950 INFO             PET3 !!!!!!!!!!!!!!!!!!!!!!!!!!!!!!!!!!!!!!!!!!!!!!!!!!!!!!
20220329 022514.950 INFO             PET3 Running with ESMF Version   : v8.3.0b11
20220329 022514.950 INFO             PET3 ESMF library build date/time: "Mar 29 2022" "02:05:49"
20220329 022514.950 INFO             PET3 ESMF library build location : /home/mpotts/intel_2021.2_intelmpi_O_develop
20220329 022514.950 INFO             PET3 ESMF_COMM                   : intelmpi
20220329 022514.950 INFO             PET3 ESMF_MOAB                   : enabled
20220329 022514.950 INFO             PET3 ESMF_LAPACK                 : enabled
20220329 022514.950 INFO             PET3 ESMF_NETCDF                 : enabled
20220329 022514.950 INFO             PET3 ESMF_PNETCDF                : disabled
20220329 022514.950 INFO             PET3 ESMF_PIO                    : enabled
20220329 022514.950 INFO             PET3 ESMF_YAMLCPP                : enabled
20220329 022514.971 DEBUG            PET3 about to destroy Grid: 0x23ed500
20220329 022514.973 DEBUG            PET3 about to destroy Grid: 0x23ee1e0
20220329 022514.978 INFO             PET3  NUMBER_OF_PROCESSORS           4
20220329 022514.978 INFO             PET3  PASS  Example ESMF_NUOPCAtmModelEx, ESMF_NUOPCAtmModelEx.F90, line 806
20220329 022514.978 INFO             PET3 Finalizing ESMF
