build time -- 2022-03-08 06:14:41
20220308 063949.752 INFO             PET0 !!!!!!!!!!!!!!!!!!!!!!!!!!!!!!!!!!!!!!!!!!!!!!!!!!!!!!
20220308 063949.752 INFO             PET0 !!! THE ESMF_LOG IS SET TO OUTPUT ALL LOG MESSAGES !!!
20220308 063949.752 INFO             PET0 !!!     THIS MAY CAUSE SLOWDOWN IN PERFORMANCE     !!!
20220308 063949.752 INFO             PET0 !!! FOR PRODUCTION RUNS, USE:                      !!!
20220308 063949.752 INFO             PET0 !!!                   ESMF_LOGKIND_Multi_On_Error  !!!
20220308 063949.752 INFO             PET0 !!!!!!!!!!!!!!!!!!!!!!!!!!!!!!!!!!!!!!!!!!!!!!!!!!!!!!
20220308 063949.752 INFO             PET0 Running with ESMF Version   : v8.3.0b09
20220308 063949.752 INFO             PET0 ESMF library build date/time: "Mar  8 2022" "06:13:20"
20220308 063949.752 INFO             PET0 ESMF library build location : /scratch1/NCEPDEV/stmp2/role.esmfmaint/gfortran_9.2.0_openmpi_g_develop
20220308 063949.752 INFO             PET0 ESMF_COMM                   : openmpi
20220308 063949.753 INFO             PET0 ESMF_MOAB                   : enabled
20220308 063949.753 INFO             PET0 ESMF_LAPACK                 : enabled
20220308 063949.753 INFO             PET0 ESMF_NETCDF                 : enabled
20220308 063949.753 INFO             PET0 ESMF_PNETCDF                : disabled
20220308 063949.753 INFO             PET0 ESMF_PIO                    : enabled
20220308 063949.753 INFO             PET0 ESMF_YAMLCPP                : enabled
20220308 063949.848 DEBUG            PET0 about to destroy Grid: 0x1f94e00
20220308 063949.859 DEBUG            PET0 about to destroy Grid: 0x1f96a30
20220308 063949.890 INFO             PET0  NUMBER_OF_PROCESSORS           4
20220308 063949.890 INFO             PET0  PASS  Example ESMF_NUOPCAtmModelEx, ESMF_NUOPCAtmModelEx.F90, line 806
20220308 063949.890 INFO             PET0 Finalizing ESMF
20220308 063949.752 INFO             PET1 !!!!!!!!!!!!!!!!!!!!!!!!!!!!!!!!!!!!!!!!!!!!!!!!!!!!!!
20220308 063949.753 INFO             PET1 !!! THE ESMF_LOG IS SET TO OUTPUT ALL LOG MESSAGES !!!
20220308 063949.753 INFO             PET1 !!!     THIS MAY CAUSE SLOWDOWN IN PERFORMANCE     !!!
20220308 063949.753 INFO             PET1 !!! FOR PRODUCTION RUNS, USE:                      !!!
20220308 063949.753 INFO             PET1 !!!                   ESMF_LOGKIND_Multi_On_Error  !!!
20220308 063949.753 INFO             PET1 !!!!!!!!!!!!!!!!!!!!!!!!!!!!!!!!!!!!!!!!!!!!!!!!!!!!!!
20220308 063949.753 INFO             PET1 Running with ESMF Version   : v8.3.0b09
20220308 063949.753 INFO             PET1 ESMF library build date/time: "Mar  8 2022" "06:13:20"
20220308 063949.753 INFO             PET1 ESMF library build location : /scratch1/NCEPDEV/stmp2/role.esmfmaint/gfortran_9.2.0_openmpi_g_develop
20220308 063949.753 INFO             PET1 ESMF_COMM                   : openmpi
20220308 063949.753 INFO             PET1 ESMF_MOAB                   : enabled
20220308 063949.753 INFO             PET1 ESMF_LAPACK                 : enabled
20220308 063949.753 INFO             PET1 ESMF_NETCDF                 : enabled
20220308 063949.753 INFO             PET1 ESMF_PNETCDF                : disabled
20220308 063949.753 INFO             PET1 ESMF_PIO                    : enabled
20220308 063949.753 INFO             PET1 ESMF_YAMLCPP                : enabled
20220308 063949.848 DEBUG            PET1 about to destroy Grid: 0x1d290d0
20220308 063949.859 DEBUG            PET1 about to destroy Grid: 0x1d2a540
20220308 063949.890 INFO             PET1  NUMBER_OF_PROCESSORS           4
20220308 063949.890 INFO             PET1  PASS  Example ESMF_NUOPCAtmModelEx, ESMF_NUOPCAtmModelEx.F90, line 806
20220308 063949.890 INFO             PET1 Finalizing ESMF
20220308 063949.752 INFO             PET2 !!!!!!!!!!!!!!!!!!!!!!!!!!!!!!!!!!!!!!!!!!!!!!!!!!!!!!
20220308 063949.753 INFO             PET2 !!! THE ESMF_LOG IS SET TO OUTPUT ALL LOG MESSAGES !!!
20220308 063949.753 INFO             PET2 !!!     THIS MAY CAUSE SLOWDOWN IN PERFORMANCE     !!!
20220308 063949.753 INFO             PET2 !!! FOR PRODUCTION RUNS, USE:                      !!!
20220308 063949.753 INFO             PET2 !!!                   ESMF_LOGKIND_Multi_On_Error  !!!
20220308 063949.753 INFO             PET2 !!!!!!!!!!!!!!!!!!!!!!!!!!!!!!!!!!!!!!!!!!!!!!!!!!!!!!
20220308 063949.753 INFO             PET2 Running with ESMF Version   : v8.3.0b09
20220308 063949.753 INFO             PET2 ESMF library build date/time: "Mar  8 2022" "06:13:20"
20220308 063949.753 INFO             PET2 ESMF library build location : /scratch1/NCEPDEV/stmp2/role.esmfmaint/gfortran_9.2.0_openmpi_g_develop
20220308 063949.753 INFO             PET2 ESMF_COMM                   : openmpi
20220308 063949.753 INFO             PET2 ESMF_MOAB                   : enabled
20220308 063949.753 INFO             PET2 ESMF_LAPACK                 : enabled
20220308 063949.753 INFO             PET2 ESMF_NETCDF                 : enabled
20220308 063949.753 INFO             PET2 ESMF_PNETCDF                : disabled
20220308 063949.753 INFO             PET2 ESMF_PIO                    : enabled
20220308 063949.753 INFO             PET2 ESMF_YAMLCPP                : enabled
20220308 063949.848 DEBUG            PET2 about to destroy Grid: 0x25f0ac0
20220308 063949.859 DEBUG            PET2 about to destroy Grid: 0x25f1f30
20220308 063949.890 INFO             PET2  NUMBER_OF_PROCESSORS           4
20220308 063949.890 INFO             PET2  PASS  Example ESMF_NUOPCAtmModelEx, ESMF_NUOPCAtmModelEx.F90, line 806
20220308 063949.890 INFO             PET2 Finalizing ESMF
20220308 063949.752 INFO             PET3 !!!!!!!!!!!!!!!!!!!!!!!!!!!!!!!!!!!!!!!!!!!!!!!!!!!!!!
20220308 063949.752 INFO             PET3 !!! THE ESMF_LOG IS SET TO OUTPUT ALL LOG MESSAGES !!!
20220308 063949.752 INFO             PET3 !!!     THIS MAY CAUSE SLOWDOWN IN PERFORMANCE     !!!
20220308 063949.752 INFO             PET3 !!! FOR PRODUCTION RUNS, USE:                      !!!
20220308 063949.752 INFO             PET3 !!!                   ESMF_LOGKIND_Multi_On_Error  !!!
20220308 063949.752 INFO             PET3 !!!!!!!!!!!!!!!!!!!!!!!!!!!!!!!!!!!!!!!!!!!!!!!!!!!!!!
20220308 063949.752 INFO             PET3 Running with ESMF Version   : v8.3.0b09
20220308 063949.752 INFO             PET3 ESMF library build date/time: "Mar  8 2022" "06:13:20"
20220308 063949.752 INFO             PET3 ESMF library build location : /scratch1/NCEPDEV/stmp2/role.esmfmaint/gfortran_9.2.0_openmpi_g_develop
20220308 063949.752 INFO             PET3 ESMF_COMM                   : openmpi
20220308 063949.752 INFO             PET3 ESMF_MOAB                   : enabled
20220308 063949.753 INFO             PET3 ESMF_LAPACK                 : enabled
20220308 063949.753 INFO             PET3 ESMF_NETCDF                 : enabled
20220308 063949.753 INFO             PET3 ESMF_PNETCDF                : disabled
20220308 063949.753 INFO             PET3 ESMF_PIO                    : enabled
20220308 063949.753 INFO             PET3 ESMF_YAMLCPP                : enabled
20220308 063949.848 DEBUG            PET3 about to destroy Grid: 0x1472920
20220308 063949.859 DEBUG            PET3 about to destroy Grid: 0x1474100
20220308 063949.890 INFO             PET3  NUMBER_OF_PROCESSORS           4
20220308 063949.890 INFO             PET3  PASS  Example ESMF_NUOPCAtmModelEx, ESMF_NUOPCAtmModelEx.F90, line 806
20220308 063949.890 INFO             PET3 Finalizing ESMF
