build time -- 2022-03-04 19:54:52
[1646425277.257012] [h2c28:4126 :0]         mxm.c:196  MXM  WARN  The 'ulimit -s' on the system is set to 'unlimited'. This may have negative performance implications. Please set the stack size to the default value (10240) 
[1646425277.261805] [h2c28:4126 :0]         mxm.c:196  MXM  WARN  The 'ulimit -s' on the system is set to 'unlimited'. This may have negative performance implications. Please set the stack size to the default value (10240) 
Clock ----------------------------------
currTime = 
Time -----------------------------------
2003-09-02T00:00:00
end Time -------------------------------

end Clock ------------------------------

 number of ringing alarms =            1
 Alarm002 is ringing!
Clock ----------------------------------
currTime = 
Time -----------------------------------
2003-09-03T00:00:00
end Time -------------------------------

end Clock ------------------------------

Clock ----------------------------------
currTime = 
Time -----------------------------------
2003-09-04T00:00:00
end Time -------------------------------

end Clock ------------------------------

Clock ----------------------------------
currTime = 
Time -----------------------------------
2003-09-05T00:00:00
end Time -------------------------------

end Clock ------------------------------

Clock ----------------------------------
currTime = 
Time -----------------------------------
2003-09-06T00:00:00
end Time -------------------------------

end Clock ------------------------------

Clock ----------------------------------
currTime = 
Time -----------------------------------
2003-09-07T00:00:00
end Time -------------------------------

end Clock ------------------------------

Clock ----------------------------------
currTime = 
Time -----------------------------------
2003-09-08T00:00:00
end Time -------------------------------

end Clock ------------------------------

 number of ringing alarms =            1
 Alarm002 is ringing!
Clock ----------------------------------
currTime = 
Time -----------------------------------
2003-09-09T00:00:00
end Time -------------------------------

end Clock ------------------------------

Clock ----------------------------------
currTime = 
Time -----------------------------------
2003-09-10T00:00:00
end Time -------------------------------

end Clock ------------------------------

Clock ----------------------------------
currTime = 
Time -----------------------------------
2003-09-11T00:00:00
end Time -------------------------------

end Clock ------------------------------

Clock ----------------------------------
currTime = 
Time -----------------------------------
2003-09-12T00:00:00
end Time -------------------------------

end Clock ------------------------------

Clock ----------------------------------
currTime = 
Time -----------------------------------
2003-09-13T00:00:00
end Time -------------------------------

end Clock ------------------------------

Clock ----------------------------------
currTime = 
Time -----------------------------------
2003-09-14T00:00:00
end Time -------------------------------

end Clock ------------------------------

Clock ----------------------------------
currTime = 
Time -----------------------------------
2003-09-15T00:00:00
end Time -------------------------------

end Clock ------------------------------

 number of ringing alarms =            2
 Example alarm 1 is ringing!
 Alarm002 is ringing!
Clock ----------------------------------
currTime = 
Time -----------------------------------
2003-09-16T00:00:00
end Time -------------------------------

end Clock ------------------------------

Clock ----------------------------------
currTime = 
Time -----------------------------------
2003-09-17T00:00:00
end Time -------------------------------

end Clock ------------------------------

Clock ----------------------------------
currTime = 
Time -----------------------------------
2003-09-18T00:00:00
end Time -------------------------------

end Clock ------------------------------

Clock ----------------------------------
currTime = 
Time -----------------------------------
2003-09-19T00:00:00
end Time -------------------------------

end Clock ------------------------------

Clock ----------------------------------
currTime = 
Time -----------------------------------
2003-09-20T00:00:00
end Time -------------------------------

end Clock ------------------------------

Clock ----------------------------------
currTime = 
Time -----------------------------------
2003-09-21T00:00:00
end Time -------------------------------

end Clock ------------------------------

Clock ----------------------------------
currTime = 
Time -----------------------------------
2003-09-22T00:00:00
end Time -------------------------------

end Clock ------------------------------

 number of ringing alarms =            1
 Alarm002 is ringing!
Clock ----------------------------------
currTime = 
Time -----------------------------------
2003-09-23T00:00:00
end Time -------------------------------

end Clock ------------------------------

Clock ----------------------------------
currTime = 
Time -----------------------------------
2003-09-24T00:00:00
end Time -------------------------------

end Clock ------------------------------

Clock ----------------------------------
currTime = 
Time -----------------------------------
2003-09-25T00:00:00
end Time -------------------------------

end Clock ------------------------------

Clock ----------------------------------
currTime = 
Time -----------------------------------
2003-09-26T00:00:00
end Time -------------------------------

end Clock ------------------------------

Clock ----------------------------------
currTime = 
Time -----------------------------------
2003-09-27T00:00:00
end Time -------------------------------

end Clock ------------------------------

Clock ----------------------------------
currTime = 
Time -----------------------------------
2003-09-28T00:00:00
end Time -------------------------------

end Clock ------------------------------

Clock ----------------------------------
currTime = 
Time -----------------------------------
2003-09-29T00:00:00
end Time -------------------------------

end Clock ------------------------------

 number of ringing alarms =            1
 Alarm002 is ringing!
Clock ----------------------------------
currTime = 
Time -----------------------------------
2003-09-30T00:00:00
end Time -------------------------------

end Clock ------------------------------

  PASS  Example ESMF_AlarmEx, ESMF_AlarmEx.F90, line 244
 PASS: ESMF_AlarmEx.F90
