build time -- 2022-03-05 06:09:53
20220305 063319.286 INFO             PET0 !!!!!!!!!!!!!!!!!!!!!!!!!!!!!!!!!!!!!!!!!!!!!!!!!!!!!!
20220305 063319.286 INFO             PET0 !!! THE ESMF_LOG IS SET TO OUTPUT ALL LOG MESSAGES !!!
20220305 063319.286 INFO             PET0 !!!     THIS MAY CAUSE SLOWDOWN IN PERFORMANCE     !!!
20220305 063319.286 INFO             PET0 !!! FOR PRODUCTION RUNS, USE:                      !!!
20220305 063319.286 INFO             PET0 !!!                   ESMF_LOGKIND_Multi_On_Error  !!!
20220305 063319.286 INFO             PET0 !!!!!!!!!!!!!!!!!!!!!!!!!!!!!!!!!!!!!!!!!!!!!!!!!!!!!!
20220305 063319.286 INFO             PET0 Running with ESMF Version   : v8.3.0b09
20220305 063319.286 INFO             PET0 ESMF library build date/time: "Mar  5 2022" "06:08:33"
20220305 063319.286 INFO             PET0 ESMF library build location : /scratch1/NCEPDEV/stmp2/role.esmfmaint/gfortran_9.2.0_openmpi_g_develop
20220305 063319.286 INFO             PET0 ESMF_COMM                   : openmpi
20220305 063319.287 INFO             PET0 ESMF_MOAB                   : enabled
20220305 063319.287 INFO             PET0 ESMF_LAPACK                 : enabled
20220305 063319.287 INFO             PET0 ESMF_NETCDF                 : enabled
20220305 063319.287 INFO             PET0 ESMF_PNETCDF                : disabled
20220305 063319.287 INFO             PET0 ESMF_PIO                    : enabled
20220305 063319.287 INFO             PET0 ESMF_YAMLCPP                : enabled
20220305 063319.287 INFO             PET0  NUMBER_OF_PROCESSORS           1
20220305 063319.287 INFO             PET0  PASS  Example ESMF_ClockEx, ESMF_ClockEx.F90, line 220
20220305 063319.287 INFO             PET0 Finalizing ESMF
