build time -- 2022-03-14 06:14:37
[1647239950.796643] [h22c08:166404:0]         mxm.c:196  MXM  WARN  The 'ulimit -s' on the system is set to 'unlimited'. This may have negative performance implications. Please set the stack size to the default value (10240) 
[1647239950.801560] [h22c08:166404:0]         mxm.c:196  MXM  WARN  The 'ulimit -s' on the system is set to 'unlimited'. This may have negative performance implications. Please set the stack size to the default value (10240) 
[1647239950.797005] [h22c08:166402:0]         mxm.c:196  MXM  WARN  The 'ulimit -s' on the system is set to 'unlimited'. This may have negative performance implications. Please set the stack size to the default value (10240) 
[1647239950.802170] [h22c08:166402:0]         mxm.c:196  MXM  WARN  The 'ulimit -s' on the system is set to 'unlimited'. This may have negative performance implications. Please set the stack size to the default value (10240) 
[1647239950.791110] [h22c08:166403:0]         mxm.c:196  MXM  WARN  The 'ulimit -s' on the system is set to 'unlimited'. This may have negative performance implications. Please set the stack size to the default value (10240) 
[1647239950.796470] [h22c08:166403:0]         mxm.c:196  MXM  WARN  The 'ulimit -s' on the system is set to 'unlimited'. This may have negative performance implications. Please set the stack size to the default value (10240) 
[1647239950.790792] [h22c08:166405:0]         mxm.c:196  MXM  WARN  The 'ulimit -s' on the system is set to 'unlimited'. This may have negative performance implications. Please set the stack size to the default value (10240) 
[1647239950.795824] [h22c08:166405:0]         mxm.c:196  MXM  WARN  The 'ulimit -s' on the system is set to 'unlimited'. This may have negative performance implications. Please set the stack size to the default value (10240) 
 State Example 1: Import State
 State Example 1: Import State
 State Example 1: Import State
 State Example 1: Import State
 State Create returned, name = Atmosphere
 State Example 1 finished
 State Example 2: Export State
 State Create returned, name = Atmosphere
 State Example 1 finished
 State Example 2: Export State
 State Create returned, name = Atmosphere
 State Example 1 finished
 State Example 2: Export State
 State Create returned, name = Atmosphere
 State Example 1 finished
 State Example 2: Export State
 State Create returned, name = Ocean
 State Create returned, name = Ocean
 State Create returned, name = Ocean
 State Create returned, name = Ocean
 FieldBundle Create returned           0
 FieldBundle Create returned           0
 FieldBundle Create returned           0
 FieldBundle Create returned           0
 StateAdd returned           0
 StateAdd returned           0
 StateAdd returned           0
 StateAdd returned           0
 State Destroy returned           0
 State Destroy returned           0
 FieldBundle Destroy returned           0
 State Destroy returned           0
 State Destroy returned           0
 FieldBundle Destroy returned           0
 State Example 2 finished
 State Example 3: Export State with Placeholder
 State Create returned           0  name = Ocean
 State Example 2 finished
 State Example 3: Export State with Placeholder
 State Create returned           0  name = Ocean
 FieldBundle Destroy returned           0
 State Example 2 finished
 State Example 3: Export State with Placeholder
 FieldBundle Destroy returned           0
 State Example 2 finished
 State Example 3: Export State with Placeholder
 State Create returned           0  name = Ocean
 State Create returned           0  name = Ocean
 AttributeSet returned           0  name = Downward wind:needed
 AttributeSet returned           0  name = Downward wind:needed
 AttributeSet returned           0  name = Downward wind:needed
 AttributeSet returned           0  name = Humidity:needed
 State Example 3 finished
 State Example 4: Get/Set Needed flags in Export State
 AttributeSet returned           0  name = Downward wind:needed
 AttributeSet returned           0  name = Humidity:needed
 State Example 3 finished
 State Example 4: Get/Set Needed flags in Export State
 AttributeSet returned           0
 State Example 5: Get/Set Needed flags in Export State, continued
 AttributeSet returned           0  name = Humidity:needed
 State Example 3 finished
 State Example 4: Get/Set Needed flags in Export State
 AttributeSet returned           0
 State Example 5: Get/Set Needed flags in Export State, continued
 AttributeSet returned           0  name = Humidity:needed
 State Example 3 finished
 State Example 4: Get/Set Needed flags in Export State
 AttributeSet returned           0
 State Example 5: Get/Set Needed flags in Export State, continued
 AttributeSet returned           0
 State Example 5: Get/Set Needed flags in Export State, continued
 FieldBundle Create returned           0 name = Downward wind:needed
 FieldBundle Create returned           0 name = Downward wind:needed
 FieldBundle Create returned           0 name = Downward wind:needed
 StateAdd returned           0
 State Example 5 finished
 FieldBundle Create returned           0 name = Downward wind:needed
 StateAdd returned           0
 State Example 5 finished
 StateAdd returned           0
 State Example 5 finished
 State Destroy returned           0
 StateAdd returned           0
 State Example 5 finished
 State Destroy returned           0
 State Destroy returned           0
 State Destroy returned           0
  PASS  Example ESMF_StateEx, ESMF_StateEx.F90, line 237
  PASS  Example ESMF_StateEx, ESMF_StateEx.F90, line 237
  PASS  Example ESMF_StateEx, ESMF_StateEx.F90, line 237
  PASS  Example ESMF_StateEx, ESMF_StateEx.F90, line 237
 PASS: ESMF_StateEx.F90
 PASS: ESMF_StateEx.F90
 PASS: ESMF_StateEx.F90
 PASS: ESMF_StateEx.F90
