build time -- 2022-03-10 06:17:44
[1646894533.975343] [h23c26:75836:0]         mxm.c:196  MXM  WARN  The 'ulimit -s' on the system is set to 'unlimited'. This may have negative performance implications. Please set the stack size to the default value (10240) 
[1646894533.980330] [h23c26:75836:0]         mxm.c:196  MXM  WARN  The 'ulimit -s' on the system is set to 'unlimited'. This may have negative performance implications. Please set the stack size to the default value (10240) 
[1646894533.975303] [h23c26:75834:0]         mxm.c:196  MXM  WARN  The 'ulimit -s' on the system is set to 'unlimited'. This may have negative performance implications. Please set the stack size to the default value (10240) 
[1646894533.980284] [h23c26:75834:0]         mxm.c:196  MXM  WARN  The 'ulimit -s' on the system is set to 'unlimited'. This may have negative performance implications. Please set the stack size to the default value (10240) 
[1646894533.966911] [h23c26:75835:0]         mxm.c:196  MXM  WARN  The 'ulimit -s' on the system is set to 'unlimited'. This may have negative performance implications. Please set the stack size to the default value (10240) 
[1646894533.972005] [h23c26:75835:0]         mxm.c:196  MXM  WARN  The 'ulimit -s' on the system is set to 'unlimited'. This may have negative performance implications. Please set the stack size to the default value (10240) 
[1646894533.966876] [h23c26:75837:0]         mxm.c:196  MXM  WARN  The 'ulimit -s' on the system is set to 'unlimited'. This may have negative performance implications. Please set the stack size to the default value (10240) 
[1646894533.971945] [h23c26:75837:0]         mxm.c:196  MXM  WARN  The 'ulimit -s' on the system is set to 'unlimited'. This may have negative performance implications. Please set the stack size to the default value (10240) 
           0 -           1           1 -           3           1 -   0.00000000       0.00000000       1.30000007    
  PASS  Example ESMF_FieldSMMEx, ESMF_FieldSMMEx.F90, line 419
           1 -           1           2 -           3           2 -   0.00000000       0.00000000       0.00000000    
  PASS  Example ESMF_FieldSMMEx, ESMF_FieldSMMEx.F90, line 419
           2 -           1           3 -           3           3 -   0.00000000       2.25000000       0.00000000    
  PASS  Example ESMF_FieldSMMEx, ESMF_FieldSMMEx.F90, line 419
           3 -           1           4 -           3           4 -   0.00000000       0.00000000       3.09999990    
  PASS  Example ESMF_FieldSMMEx, ESMF_FieldSMMEx.F90, line 419
 PASS: ESMF_FieldSMMEx.F90
 PASS: ESMF_FieldSMMEx.F90
 PASS: ESMF_FieldSMMEx.F90
 PASS: ESMF_FieldSMMEx.F90
