build time -- 2022-03-10 06:17:44
[1646894516.518715] [h23c26:74168:0]         mxm.c:196  MXM  WARN  The 'ulimit -s' on the system is set to 'unlimited'. This may have negative performance implications. Please set the stack size to the default value (10240) 
[1646894516.524094] [h23c26:74168:0]         mxm.c:196  MXM  WARN  The 'ulimit -s' on the system is set to 'unlimited'. This may have negative performance implications. Please set the stack size to the default value (10240) 
[1646894516.518761] [h23c26:74166:0]         mxm.c:196  MXM  WARN  The 'ulimit -s' on the system is set to 'unlimited'. This may have negative performance implications. Please set the stack size to the default value (10240) 
[1646894516.524152] [h23c26:74166:0]         mxm.c:196  MXM  WARN  The 'ulimit -s' on the system is set to 'unlimited'. This may have negative performance implications. Please set the stack size to the default value (10240) 
[1646894516.510010] [h23c26:74167:0]         mxm.c:196  MXM  WARN  The 'ulimit -s' on the system is set to 'unlimited'. This may have negative performance implications. Please set the stack size to the default value (10240) 
[1646894516.514929] [h23c26:74167:0]         mxm.c:196  MXM  WARN  The 'ulimit -s' on the system is set to 'unlimited'. This may have negative performance implications. Please set the stack size to the default value (10240) 
[1646894516.509204] [h23c26:74169:0]         mxm.c:196  MXM  WARN  The 'ulimit -s' on the system is set to 'unlimited'. This may have negative performance implications. Please set the stack size to the default value (10240) 
[1646894516.514135] [h23c26:74169:0]         mxm.c:196  MXM  WARN  The 'ulimit -s' on the system is set to 'unlimited'. This may have negative performance implications. Please set the stack size to the default value (10240) 
 Field Create from a Grid and a Fortran data array returned
 Field Create from a Grid and a Fortran data array returned
 Field Create from a Grid and a Fortran data array returned
 Field Create from a Grid and a Fortran data array returned
 Field Create from a Grid and a Fortran data array returned
 Field Create from a Grid and a Fortran data array returned
 Field Create from a Grid and a Fortran data array returned
 Field Create from a Grid and a Fortran data array returned
 Field Create from a Grid and a Fortran data array returned
 Field Create from a Grid and a Fortran data array returned
 Field Create from a Grid and a Fortran data array returned
 Field Create from a Grid and a Fortran data array returned
 Field Create from a Grid and a Fortran data array returned
 Field Create from a Grid and a Fortran data array returned
 Field Create from a Grid and a Fortran data array returned
 Field Create from a Grid and a Fortran data array returned
 Field Create from a Grid and a Fortran data array returned
 Field Create from a Grid and a Fortran data array returned
 Field Create from a Grid and a Fortran data array returned
 Field Create from a LocStream, typekind, and rank returned
 Field Create from a LocStream, typekind, and rank returned
 Field Create from a LocStream and an Arrayspec returned
 Field Create from a LocStream, typekind, and rank returned
 Field Create from a Grid and a Fortran data array returned
 Field Create from a LocStream and an Arrayspec returned
 Field Create from a LocStream and an Arrayspec returned
 Field Create from a LocStream, typekind, and rank returned
 Field Create from a LocStream and an Arrayspec returned
 Field Create from a Mesh and typekind/rank returned
 Field Create from a Mesh and typekind/rank returned
 Field Create from a Mesh and typekind/rank returned
 Field Create from a Mesh and typekind/rank returned
 Field Create from a Mesh and an Arrayspec returned
 Field Create from a Mesh and an Arrayspec returned
 Field Create from a Mesh and an Arrayspec returned
 Field Create from a Mesh and an Arrayspec returned
 Field Create from a Mesh and an Array returned
 Field Create from a Mesh and an Array returned
 Field Create from a Mesh and an Array returned
 Field Create from a Mesh and an Array returned
 Field Create from a Mesh and an ArraySpec with ungridded dimension returned
 Field Create from a Mesh and an ArraySpec with ungridded dimension returned
 Field Create from a Mesh and an ArraySpec with ungridded dimension returned
 Field Create from a Mesh and an ArraySpec with ungridded dimension returned
  PASS  Example ESMF_FieldCreateEx, ESMF_FieldCreateEx.F90, line 1058
  PASS  Example ESMF_FieldCreateEx, ESMF_FieldCreateEx.F90, line 1058
  PASS  Example ESMF_FieldCreateEx, ESMF_FieldCreateEx.F90, line 1058
  PASS  Example ESMF_FieldCreateEx, ESMF_FieldCreateEx.F90, line 1058
 PASS: ESMF_FieldCreateEx.F90
 PASS: ESMF_FieldCreateEx.F90
 PASS: ESMF_FieldCreateEx.F90
 PASS: ESMF_FieldCreateEx.F90
