build time -- 2022-03-20 05:59:41.565042
20220320 062750.855 INFO             PET0 !!!!!!!!!!!!!!!!!!!!!!!!!!!!!!!!!!!!!!!!!!!!!!!!!!!!!!
20220320 062750.855 INFO             PET0 !!! THE ESMF_LOG IS SET TO OUTPUT ALL LOG MESSAGES !!!
20220320 062750.855 INFO             PET0 !!!     THIS MAY CAUSE SLOWDOWN IN PERFORMANCE     !!!
20220320 062750.855 INFO             PET0 !!! FOR PRODUCTION RUNS, USE:                      !!!
20220320 062750.855 INFO             PET0 !!!                   ESMF_LOGKIND_Multi_On_Error  !!!
20220320 062750.855 INFO             PET0 !!!!!!!!!!!!!!!!!!!!!!!!!!!!!!!!!!!!!!!!!!!!!!!!!!!!!!
20220320 062750.855 INFO             PET0 Running with ESMF Version   : v8.3.0b09-4-g424b2f26e0
20220320 062750.855 INFO             PET0 ESMF library build date/time: "Mar 20 2022" "05:57:45"
20220320 062750.855 INFO             PET0 ESMF library build location : /glade/scratch/rlong/esmf-testing/gfortran_7.4.0_openmpi_O_develop
20220320 062750.855 INFO             PET0 ESMF_COMM                   : openmpi
20220320 062750.855 INFO             PET0 ESMF_MOAB                   : enabled
20220320 062750.855 INFO             PET0 ESMF_LAPACK                 : enabled
20220320 062750.855 INFO             PET0 ESMF_NETCDF                 : enabled
20220320 062750.855 INFO             PET0 ESMF_PNETCDF                : disabled
20220320 062750.855 INFO             PET0 ESMF_PIO                    : enabled
20220320 062750.855 INFO             PET0 ESMF_YAMLCPP                : enabled
20220320 062750.855 INFO             PET0  NUMBER_OF_PROCESSORS           1
20220320 062750.855 INFO             PET0  PASS  Example ESMF_TimeEx, ESMF_TimeEx.F90, line 141
20220320 062750.855 INFO             PET0 Finalizing ESMF
