build time -- 2022-03-18 01:09:05.231858
20220318 012604.592 INFO             PET0 !!!!!!!!!!!!!!!!!!!!!!!!!!!!!!!!!!!!!!!!!!!!!!!!!!!!!!
20220318 012604.592 INFO             PET0 !!! THE ESMF_LOG IS SET TO OUTPUT ALL LOG MESSAGES !!!
20220318 012604.592 INFO             PET0 !!!     THIS MAY CAUSE SLOWDOWN IN PERFORMANCE     !!!
20220318 012604.592 INFO             PET0 !!! FOR PRODUCTION RUNS, USE:                      !!!
20220318 012604.592 INFO             PET0 !!!                   ESMF_LOGKIND_Multi_On_Error  !!!
20220318 012604.592 INFO             PET0 !!!!!!!!!!!!!!!!!!!!!!!!!!!!!!!!!!!!!!!!!!!!!!!!!!!!!!
20220318 012604.592 INFO             PET0 Running with ESMF Version   : v8.3.0b09-4-g424b2f26e0
20220318 012604.592 INFO             PET0 ESMF library build date/time: "Mar 18 2022" "01:08:07"
20220318 012604.592 INFO             PET0 ESMF library build location : /gpfsm/dnb04/projects/p98/mpotts/esmf/gfortran_8.3.0_mpiuni_O_develop
20220318 012604.592 INFO             PET0 ESMF_COMM                   : mpiuni
20220318 012604.592 INFO             PET0 ESMF_MOAB                   : enabled
20220318 012604.592 INFO             PET0 ESMF_LAPACK                 : enabled
20220318 012604.592 INFO             PET0 ESMF_NETCDF                 : disabled
20220318 012604.592 INFO             PET0 ESMF_PNETCDF                : disabled
20220318 012604.592 INFO             PET0 ESMF_PIO                    : disabled
20220318 012604.592 INFO             PET0 ESMF_YAMLCPP                : enabled
20220318 012604.600 INFO             PET0  NUMBER_OF_PROCESSORS           1
20220318 012604.600 INFO             PET0  PASS  Example ESMF_InfoGetFromHostEx, ESMF_InfoGetFromHostEx.F90, line 112
20220318 012604.600 INFO             PET0 Finalizing ESMF
