build time -- 2022-03-19 09:02:49
20220320 004312.885 INFO             PET0 !!!!!!!!!!!!!!!!!!!!!!!!!!!!!!!!!!!!!!!!!!!!!!!!!!!!!!
20220320 004312.885 INFO             PET0 !!! THE ESMF_LOG IS SET TO OUTPUT ALL LOG MESSAGES !!!
20220320 004312.885 INFO             PET0 !!!     THIS MAY CAUSE SLOWDOWN IN PERFORMANCE     !!!
20220320 004312.885 INFO             PET0 !!! FOR PRODUCTION RUNS, USE:                      !!!
20220320 004312.885 INFO             PET0 !!!                   ESMF_LOGKIND_Multi_On_Error  !!!
20220320 004312.885 INFO             PET0 !!!!!!!!!!!!!!!!!!!!!!!!!!!!!!!!!!!!!!!!!!!!!!!!!!!!!!
20220320 004312.885 INFO             PET0 Running with ESMF Version   : v8.3.0b09-102-gabaf3ef548
20220320 004312.885 INFO             PET0 ESMF library build date/time: "Mar 19 2022" "09:01:13"
20220320 004312.885 INFO             PET0 ESMF library build location : /global/cscratch1/sd/rsdunlap/esmf-testing/intel_19.0.3_mpiuni_g_jedwards_pio_update2
20220320 004312.885 INFO             PET0 ESMF_COMM                   : mpiuni
20220320 004312.888 INFO             PET0 ESMF_MOAB                   : enabled
20220320 004312.888 INFO             PET0 ESMF_LAPACK                 : enabled
20220320 004312.888 INFO             PET0 ESMF_NETCDF                 : enabled
20220320 004312.888 INFO             PET0 ESMF_PNETCDF                : disabled
20220320 004312.888 INFO             PET0 ESMF_PIO                    : disabled
20220320 004312.888 INFO             PET0 ESMF_YAMLCPP                : enabled
20220320 004312.893 INFO             PET0 ESMF_FieldRedistStoreNF(): Just entered routine.
20220320 004312.972 INFO             PET0 ESMF_FieldRedistStoreNF(): Leaving routine.
20220320 004312.984 INFO             PET0  NUMBER_OF_PROCESSORS           1
20220320 004312.985 INFO             PET0  PASS  Example ESMF_RHandleFromFileEx, ESMF_RHandleFromFileEx.F90, line 192
20220320 004312.985 INFO             PET0 Finalizing ESMF
