build time -- 2022-03-17 03:00:00
20220317 034539.993 INFO             PET0 !!!!!!!!!!!!!!!!!!!!!!!!!!!!!!!!!!!!!!!!!!!!!!!!!!!!!!
20220317 034539.993 INFO             PET0 !!! THE ESMF_LOG IS SET TO OUTPUT ALL LOG MESSAGES !!!
20220317 034539.993 INFO             PET0 !!!     THIS MAY CAUSE SLOWDOWN IN PERFORMANCE     !!!
20220317 034539.993 INFO             PET0 !!! FOR PRODUCTION RUNS, USE:                      !!!
20220317 034539.993 INFO             PET0 !!!                   ESMF_LOGKIND_Multi_On_Error  !!!
20220317 034539.993 INFO             PET0 !!!!!!!!!!!!!!!!!!!!!!!!!!!!!!!!!!!!!!!!!!!!!!!!!!!!!!
20220317 034539.993 INFO             PET0 Running with ESMF Version   : v8.3.0b09-100-g5ff85a963f
20220317 034539.993 INFO             PET0 ESMF library build date/time: "Mar 17 2022" "02:57:24"
20220317 034539.993 INFO             PET0 ESMF library build location : /global/cscratch1/sd/rsdunlap/esmf-testing/intel_19.0.3_mpiuni_g_jedwards_pio_update2
20220317 034539.993 INFO             PET0 ESMF_COMM                   : mpiuni
20220317 034539.996 INFO             PET0 ESMF_MOAB                   : enabled
20220317 034539.996 INFO             PET0 ESMF_LAPACK                 : enabled
20220317 034539.996 INFO             PET0 ESMF_NETCDF                 : enabled
20220317 034539.996 INFO             PET0 ESMF_PNETCDF                : disabled
20220317 034539.996 INFO             PET0 ESMF_PIO                    : disabled
20220317 034539.996 INFO             PET0 ESMF_YAMLCPP                : enabled
20220317 034539.997 INFO             PET0  NUMBER_OF_PROCESSORS           1
20220317 034539.997 INFO             PET0  PASS  Example ESMF_VMDefaultBasicsEx, ESMF_VMDefaultBasicsEx.F90, line 107
20220317 034539.997 INFO             PET0 Finalizing ESMF
