build time -- 2022-03-22 03:22:00
20220322 071025.615 INFO             PET0 !!!!!!!!!!!!!!!!!!!!!!!!!!!!!!!!!!!!!!!!!!!!!!!!!!!!!!
20220322 071025.615 INFO             PET0 !!! THE ESMF_LOG IS SET TO OUTPUT ALL LOG MESSAGES !!!
20220322 071025.615 INFO             PET0 !!!     THIS MAY CAUSE SLOWDOWN IN PERFORMANCE     !!!
20220322 071025.615 INFO             PET0 !!! FOR PRODUCTION RUNS, USE:                      !!!
20220322 071025.615 INFO             PET0 !!!                   ESMF_LOGKIND_Multi_On_Error  !!!
20220322 071025.615 INFO             PET0 !!!!!!!!!!!!!!!!!!!!!!!!!!!!!!!!!!!!!!!!!!!!!!!!!!!!!!
20220322 071025.615 INFO             PET0 Running with ESMF Version   : v8.3.0b09-102-gabaf3ef548
20220322 071025.615 INFO             PET0 ESMF library build date/time: "Mar 22 2022" "03:20:29"
20220322 071025.615 INFO             PET0 ESMF library build location : /global/cscratch1/sd/rsdunlap/esmf-testing/intel_19.0.3_mpiuni_g_jedwards_pio_update2
20220322 071025.615 INFO             PET0 ESMF_COMM                   : mpiuni
20220322 071025.617 INFO             PET0 ESMF_MOAB                   : enabled
20220322 071025.617 INFO             PET0 ESMF_LAPACK                 : enabled
20220322 071025.617 INFO             PET0 ESMF_NETCDF                 : enabled
20220322 071025.617 INFO             PET0 ESMF_PNETCDF                : disabled
20220322 071025.617 INFO             PET0 ESMF_PIO                    : disabled
20220322 071025.617 INFO             PET0 ESMF_YAMLCPP                : enabled
20220322 071025.618 INFO             PET0  NUMBER_OF_PROCESSORS           1
20220322 071025.618 INFO             PET0  PASS  Example ESMF_InternalStateEx, ESMF_InternalStateEx.F90, line 132
20220322 071025.618 INFO             PET0 Finalizing ESMF
