build time -- 2022-03-19 09:02:49
20220320 004300.129 INFO             PET0 !!!!!!!!!!!!!!!!!!!!!!!!!!!!!!!!!!!!!!!!!!!!!!!!!!!!!!
20220320 004300.129 INFO             PET0 !!! THE ESMF_LOG IS SET TO OUTPUT ALL LOG MESSAGES !!!
20220320 004300.129 INFO             PET0 !!!     THIS MAY CAUSE SLOWDOWN IN PERFORMANCE     !!!
20220320 004300.129 INFO             PET0 !!! FOR PRODUCTION RUNS, USE:                      !!!
20220320 004300.129 INFO             PET0 !!!                   ESMF_LOGKIND_Multi_On_Error  !!!
20220320 004300.129 INFO             PET0 !!!!!!!!!!!!!!!!!!!!!!!!!!!!!!!!!!!!!!!!!!!!!!!!!!!!!!
20220320 004300.129 INFO             PET0 Running with ESMF Version   : v8.3.0b09-102-gabaf3ef548
20220320 004300.129 INFO             PET0 ESMF library build date/time: "Mar 19 2022" "09:01:13"
20220320 004300.129 INFO             PET0 ESMF library build location : /global/cscratch1/sd/rsdunlap/esmf-testing/intel_19.0.3_mpiuni_g_jedwards_pio_update2
20220320 004300.129 INFO             PET0 ESMF_COMM                   : mpiuni
20220320 004300.140 INFO             PET0 ESMF_MOAB                   : enabled
20220320 004300.140 INFO             PET0 ESMF_LAPACK                 : enabled
20220320 004300.140 INFO             PET0 ESMF_NETCDF                 : enabled
20220320 004300.140 INFO             PET0 ESMF_PNETCDF                : disabled
20220320 004300.140 INFO             PET0 ESMF_PIO                    : disabled
20220320 004300.140 INFO             PET0 ESMF_YAMLCPP                : enabled
20220320 004300.140 INFO             PET0 ESMF Tracing Enabled
20220320 004300.140 INFO             PET0 ESMF Profiling Enabled
20220320 004300.140 INFO             PET0 ESMF Trace/Profile clock: REALTIME
20220320 004300.146 INFO             PET0  NUMBER_OF_PROCESSORS           1
20220320 004300.146 INFO             PET0  PASS  Example ESMF_TraceEx, ESMF_TraceEx.F90, line 178
20220320 004300.146 INFO             PET0 Finalizing ESMF
20220320 004300.146 INFO             PET0 **************** Region Timings *******************
20220320 004300.146 INFO             PET0 Region              Count  Total (s)   Self (s)    Mean (s)    Min (s)     Max (s)
20220320 004300.146 INFO             PET0   [test] Run 1      5      0.0000      0.0000      0.0000      0.0000      0.0000
20220320 004300.146 INFO             PET0   [test] Init 1     1      0.0000      0.0000      0.0000      0.0000      0.0000
20220320 004300.146 INFO             PET0   [test] Final 1    1      0.0000      0.0000      0.0000      0.0000      0.0000
