build time -- 2022-03-26 02:31:08
  PASS  Example ESMF_ArrayHaloEx, ESMF_ArrayHaloEx.F90, line 460
  PASS  Example ESMF_ArrayHaloEx, ESMF_ArrayHaloEx.F90, line 460
  PASS  Example ESMF_ArrayHaloEx, ESMF_ArrayHaloEx.F90, line 460
           1           1  0.548039472441782       0.559016642208840     
           2           1  0.886724124193337       0.904508268410368     
           3           1  0.886696525976031       0.904509030998364     
           4           1  0.548014810168264       0.559018638690598     
           5           1  5.498054299162615E-006  2.467788565139693E-006
           6           1 -0.548016558630666      -0.559014645723317     
           7           1 -0.886704511641070      -0.904507505816282     
           8           1 -0.886700012804753      -0.904509793580270     
           9           1 -0.548036984831042      -0.559020635168593     
          10           1 -2.236292618182036E-005 -4.935577130262770E-006
 
           1           2  0.466190356711467       0.475528097780712     
           2           2  0.754292813837909       0.769420914920494     
           3           2  0.754269337385177       0.769421563616780     
           4           2  0.466169377722423       0.475529796090031     
           5           2  4.676925701885581E-006  2.099226952294328E-006
           6           2 -0.466170865053814      -0.475526399468191     
           7           2 -0.754276130399584      -0.769420266219029     
           8           2 -0.754272303459716      -0.769422212307884     
           9           2 -0.466188240622762      -0.475531494396148     
          10           2 -1.902304680192050E-005 -4.198453904574521E-006
 
           1           3  0.338707355488360       0.345491626201529     
           2           3  0.548026188360297       0.559017404796836     
           3           3  0.548009131707137       0.559017876102602     
           4           3  0.338692113350041       0.345492860096331     
           5           3  3.397987782131771E-006  1.525178715829951E-006
           6           3 -0.338693193960300      -0.345490392304400     
           7           3 -0.548014067124424      -0.559016933487306     
           8           3 -0.548011286687927      -0.559018347404604     
           9           3 -0.338705818058855      -0.345494093988808     
          10           3 -1.382106211094619E-005 -3.050357431649634E-006
 
           1           4  0.178069372714470       0.181636082473333     
           2           4  0.288115029128068       0.293893465836068     
           3           4  0.288106061895796       0.293893713616698     
           4           4  0.178061359431128       0.181636731171597     
           5           4  1.786431688149970E-006  8.018356047028119E-007
           6           4 -0.178061927542767      -0.181635433773846     
           7           4 -0.288108656603723      -0.293893218053458     
           8           4 -0.288107194838649      -0.293893961395350     
           9           4 -0.178068564438230      -0.181637379868638     
          10           4 -7.266177779669672E-006 -1.603671209400225E-006
 
           1           5  7.476133831219073E-007  7.625879961549594E-007
           2           5  1.209633348908848E-006  1.233893762423926E-006
           3           5  1.209595700531960E-006  1.233894802715767E-006
           4           5  7.475797398413282E-007  7.625907196749920E-007
           5           5  7.500224312264110E-012  3.366457802379613E-012
           6           5 -7.475821250233404E-007 -7.625852726297923E-007
           7           5 -1.209606594254687E-006 -1.233892722123777E-006
           8           5 -1.209600457123317E-006 -1.233895842999300E-006
           9           5 -7.476099896234922E-007 -7.625934431898901E-007
          10           5 -3.050660351950374E-011 -6.732915604736562E-012
 
           1           6 -0.178067950669190      -0.181634631944644     
           2           6 -0.288112728268516      -0.293891118830463     
           3           6 -0.288103761107856      -0.293891366609115     
           4           6 -0.178059937449842      -0.181635280637728     
           5           6 -1.786417422025210E-006 -8.018292013190124E-007
           6           6  0.178060505556945       0.181633983250338     
           7           6  0.288106355795063       0.293890871049833     
           8           6  0.288104894041661       0.293891614385789     
           9           6  0.178067142399405       0.181635929329588     
          10           6  7.266119753149596E-006  1.603658402632626E-006
 
           1           7 -0.338706145824040      -0.345490392307766     
           2           7 -0.548024231131686      -0.559015408314037     
           3           7 -0.548007174539442      -0.559015879618120     
           4           7 -0.338690903740157      -0.345491626198162     
           5           7 -3.397975646332515E-006 -1.525173268784752E-006
           6           7  0.338691984346557       0.345489158415044     
           7           7  0.548012109939103       0.559014937006190     
           8           7  0.548009329512537       0.559016350918439     
           9           7  0.338704608400026       0.345492860086232     
          10           7  1.382101274988212E-005  3.050346537559234E-006
 
           1           8 -0.466189477838283      -0.475527201303796     
           2           8 -0.754291391827099      -0.769419464389827     
           3           8 -0.754267915418626      -0.769420113084890     
           4           8 -0.466168498888788      -0.475528899609913     
           5           8 -4.676916884920571E-006 -2.099222994781590E-006
           6           8  0.466169986217375       0.475525502994477     
           7           8  0.754274708420227       0.769418815689585     
           8           8  0.754270881487573       0.769420761774772     
           9           8  0.466187361753566       0.475530597912829     
          10           8  1.902301093967541E-005  4.198445989549046E-006
 
           1           9 -0.548039010389825      -0.559016170902033     
           2           9 -0.886723376596425      -0.904507505819648     
           3           9 -0.886695778402388      -0.904508268407002     
           4           9 -0.548014348137100      -0.559018167382108     
           5           9 -5.498049662094119E-006 -2.467786484547703E-006
           6           9  0.548016096598028       0.559014174418194     
           7           9  0.886703764060692       0.904506743226205     
           8           9  0.886699265228169       0.904509030988265     
           9           9  0.548036522781183       0.559020163858420     
          10           9  2.236290732767542E-005  4.935572969078791E-006
 
           1          10 -0.576242754079218      -0.587784832445183     
           2          10 -0.932356841300207      -0.951056195558222     
           3          10 -0.932327822819702      -0.951056997390625     
           4          10 -0.576216822632438      -0.587786931670157     
           5          10 -5.780995913891301E-006 -2.594786234877206E-006
           6          10  0.576218661074449       0.587782733216252     
           7          10  0.932336219444116       0.951055393719416     
           8          10  0.932331489088076       0.951057799216625     
           9          10  0.576240138450718       0.587789030891173     
          10          10  2.351377012010921E-005  5.189572469736943E-006
 
           1          11 -0.548039934490049      -0.559017113511882     
           2          11 -0.886724871784278      -0.904509030994998     
           3          11 -0.886697273543705      -0.904509793583637     
           4          11 -0.548015272195740      -0.559019109995324     
           5          11 -5.498058933146264E-006 -2.467790645715067E-006
           6          11  0.548017020659616       0.559015117024677     
           7          11  0.886705259215475       0.904508268400269     
           8          11  0.886700760375366       0.904510556166186     
           9          11  0.548037446877213       0.559021106475002     
          10          11  2.236294503552355E-005  4.935581291413520E-006
 
           1          12 -0.466191235581512      -0.475528994254426     
           2          12 -0.754294235843640      -0.769422365445981     
           3          12 -0.754270759346650      -0.769423014143489     
           4          12 -0.466170256552918      -0.475530692566947     
           5          12 -4.676934519222391E-006 -2.099230909792931E-006
           6          12  0.466171743887113       0.475527295938704     
           7          12  0.754277552373864       0.769421716743292     
           8          12  0.754273725426780       0.769423662835817     
           9          12  0.466189119488817       0.475532390876266     
          10          12  1.902308266494601E-005  4.198461819571729E-006
 
           1          13 -0.338708565150400      -0.345492860092965     
           2          13 -0.548028145585217      -0.559019401275871     
           3          13 -0.548011088871141      -0.559019872583320     
           4          13 -0.338693322957646      -0.345494093992174     
           5          13 -3.397999918026737E-006 -1.525184162864882E-006
           6          13  0.338694403571764       0.345491626191429     
           7          13  0.548016024306055       0.559018929964657     
           8          13  0.548013243859627       0.559020343887006     
           9          13  0.338707027715405       0.345495327889058     
          10          13  1.382111147167161E-005  3.050368325719495E-006
 
           1          14 -0.178070794758550      -0.181637533000798     
           2          14 -0.288117329985679      -0.293895812839693     
           3          14 -0.288108362681796      -0.293896060622303     
           4          14 -0.178062781411216      -0.181638181704242     
           5          14 -1.786445954554502E-006 -8.018420080812127E-007
           6          14  0.178063349527392       0.181636884296131     
           7          14  0.288110957410445       0.293895565055105     
           8          14  0.288109495633696       0.293896308402933     
           9          14  0.178069986475856       0.181638830406464     
          10          14  7.266235806653579E-006  1.603684016157027E-006
 
           1          15 -2.242840149360683E-006 -2.287763988459743E-006
           2          15 -3.628900046718400E-006 -3.701681287263470E-006
           3          15 -3.628787101587740E-006 -3.701684408138993E-006
           4          15 -2.242739219518952E-006 -2.287772159019841E-006
           5          15 -2.250067293128760E-011 -1.009937340711617E-011
           6          15  2.242746375064989E-006  2.287755817884242E-006
           7          15  3.628819782755912E-006  3.701678166363024E-006
           8          15  3.628801371361803E-006  3.701687528989593E-006
           9          15  2.242829968865443E-006  2.287780329564536E-006
          10          15  9.151981055990845E-011  2.019874681416435E-011
 
           1          16  0.178066528622712       0.181633181414733     
           2          16  0.288110427407025       0.293888771822880     
           3          16  0.288101460317976       0.293889019599554     
           4          16  0.178058515467357       0.181633830102636     
           5          16  1.786403155718230E-006  8.018227979298143E-007
           6          16 -0.178059083569923      -0.181632532725607     
           7          16 -0.288104054984462      -0.293888524044229     
           8          16 -0.288102593242733      -0.293889267374248     
           9          16 -0.178065720359382      -0.181634478789316     
          10          16 -7.266061725974266E-006 -1.603645595854230E-006
 
           1          17  0.338704936157439       0.345489158411678     
           2          17  0.548022273899386       0.559013411827474     
           3          17  0.548005217368059       0.559013883129874     
           4          17  0.338689694127991       0.345490392297667     
           5          17  3.397963510901380E-006  1.525167821729283E-006
           6          17 -0.338690774730532      -0.345487924523362     
           7          17 -0.548010152750093      -0.559012940521311     
           8          17 -0.548007372333456      -0.559014354428510     
           9          17 -0.338703398738915      -0.345491626181330     
          10          17 -1.382096338981564E-005 -3.050335643448297E-006
 
           1          18  0.466188598961961       0.475526304823678     
           2          18  0.754289969811211       0.769418013853980     
           3          18  0.754266493446995       0.769418662547819     
           4          18  0.466167620052017       0.475528003126594     
           5          18  4.676908068577685E-006  2.099219037254719E-006
           6          18 -0.466169107377801      -0.475524606517561     
           7          18 -0.754273286435791      -0.769417365154960     
           8          18 -0.754269459510350      -0.769419311236478     
           9          18 -0.466186482881234      -0.475529701426308     
          10          18 -1.902297507684869E-005 -4.198438074495304E-006
 
           1          19  0.548038548334177       0.559015699591463     
           2          19  0.886722628993544       0.904506743222839     
           3          19  0.886695030822775       0.904507505809549     
           4          19  0.548013886102246       0.559017696069855     
           5          19  5.498045026895673E-006  2.467784403939098E-006
           6          19 -0.548015634561700      -0.559013703109307     
           7          19 -0.886703016474346      -0.904505980630039     
           8          19 -0.886698517645616      -0.904508268390169     
           9          19 -0.548036060727633      -0.559019692544483     
          10          19 -2.236288847363355E-005 -4.935568807861581E-006
 
           1          20  0.576242754073399       0.587784832439247     
           2          20  0.932356841290791       0.951056195548617     
           3          20  0.932327822810287       0.951056997381020     
           4          20  0.576216822626619       0.587786931664220     
           5          20  5.780995913162423E-006  2.594786234851000E-006
           6          20 -0.576218661068630      -0.587782733210316     
           7          20 -0.932336219434700      -0.951055393709811     
           8          20 -0.932331489078660      -0.951057799207020     
           9          20 -0.576240138444900      -0.587789030885236     
          10          20 -2.351377011950550E-005 -5.189572469684531E-006
 
  PASS  Example ESMF_ArrayHaloEx, ESMF_ArrayHaloEx.F90, line 460
 PASS: ESMF_ArrayHaloEx.F90
 PASS: ESMF_ArrayHaloEx.F90
 PASS: ESMF_ArrayHaloEx.F90
 PASS: ESMF_ArrayHaloEx.F90
