build time -- 2022-03-25 02:32:42
20220325 030635.340 INFO             PET0 !!!!!!!!!!!!!!!!!!!!!!!!!!!!!!!!!!!!!!!!!!!!!!!!!!!!!!
20220325 030635.340 INFO             PET0 !!! THE ESMF_LOG IS SET TO OUTPUT ALL LOG MESSAGES !!!
20220325 030635.340 INFO             PET0 !!!     THIS MAY CAUSE SLOWDOWN IN PERFORMANCE     !!!
20220325 030635.340 INFO             PET0 !!! FOR PRODUCTION RUNS, USE:                      !!!
20220325 030635.340 INFO             PET0 !!!                   ESMF_LOGKIND_Multi_On_Error  !!!
20220325 030635.340 INFO             PET0 !!!!!!!!!!!!!!!!!!!!!!!!!!!!!!!!!!!!!!!!!!!!!!!!!!!!!!
20220325 030635.340 INFO             PET0 Running with ESMF Version   : v8.3.0b10-1-gffc7863
20220325 030635.340 INFO             PET0 ESMF library build date/time: "Mar 25 2022" "02:31:06"
20220325 030635.340 INFO             PET0 ESMF library build location : /work/noaa/da/mpotts/sandbox/intel_2020.2_intelmpi_g_develop
20220325 030635.340 INFO             PET0 ESMF_COMM                   : intelmpi
20220325 030635.341 INFO             PET0 ESMF_MOAB                   : enabled
20220325 030635.341 INFO             PET0 ESMF_LAPACK                 : enabled
20220325 030635.341 INFO             PET0 ESMF_NETCDF                 : enabled
20220325 030635.341 INFO             PET0 ESMF_PNETCDF                : disabled
20220325 030635.341 INFO             PET0 ESMF_PIO                    : enabled
20220325 030635.341 INFO             PET0 ESMF_YAMLCPP                : enabled
20220325 030635.343 INFO             PET0  NUMBER_OF_PROCESSORS           4
20220325 030635.343 INFO             PET0  PASS  Example ESMF_WebServicesEx, ESMF_WebServicesEx.F90, line 227
20220325 030635.343 INFO             PET0 Finalizing ESMF
20220325 030635.340 INFO             PET1 !!!!!!!!!!!!!!!!!!!!!!!!!!!!!!!!!!!!!!!!!!!!!!!!!!!!!!
20220325 030635.341 INFO             PET1 !!! THE ESMF_LOG IS SET TO OUTPUT ALL LOG MESSAGES !!!
20220325 030635.341 INFO             PET1 !!!     THIS MAY CAUSE SLOWDOWN IN PERFORMANCE     !!!
20220325 030635.341 INFO             PET1 !!! FOR PRODUCTION RUNS, USE:                      !!!
20220325 030635.341 INFO             PET1 !!!                   ESMF_LOGKIND_Multi_On_Error  !!!
20220325 030635.341 INFO             PET1 !!!!!!!!!!!!!!!!!!!!!!!!!!!!!!!!!!!!!!!!!!!!!!!!!!!!!!
20220325 030635.341 INFO             PET1 Running with ESMF Version   : v8.3.0b10-1-gffc7863
20220325 030635.341 INFO             PET1 ESMF library build date/time: "Mar 25 2022" "02:31:06"
20220325 030635.341 INFO             PET1 ESMF library build location : /work/noaa/da/mpotts/sandbox/intel_2020.2_intelmpi_g_develop
20220325 030635.341 INFO             PET1 ESMF_COMM                   : intelmpi
20220325 030635.341 INFO             PET1 ESMF_MOAB                   : enabled
20220325 030635.341 INFO             PET1 ESMF_LAPACK                 : enabled
20220325 030635.341 INFO             PET1 ESMF_NETCDF                 : enabled
20220325 030635.341 INFO             PET1 ESMF_PNETCDF                : disabled
20220325 030635.341 INFO             PET1 ESMF_PIO                    : enabled
20220325 030635.341 INFO             PET1 ESMF_YAMLCPP                : enabled
20220325 030635.343 INFO             PET1  NUMBER_OF_PROCESSORS           4
20220325 030635.343 INFO             PET1  PASS  Example ESMF_WebServicesEx, ESMF_WebServicesEx.F90, line 227
20220325 030635.343 INFO             PET1 Finalizing ESMF
20220325 030635.340 INFO             PET2 !!!!!!!!!!!!!!!!!!!!!!!!!!!!!!!!!!!!!!!!!!!!!!!!!!!!!!
20220325 030635.340 INFO             PET2 !!! THE ESMF_LOG IS SET TO OUTPUT ALL LOG MESSAGES !!!
20220325 030635.340 INFO             PET2 !!!     THIS MAY CAUSE SLOWDOWN IN PERFORMANCE     !!!
20220325 030635.340 INFO             PET2 !!! FOR PRODUCTION RUNS, USE:                      !!!
20220325 030635.340 INFO             PET2 !!!                   ESMF_LOGKIND_Multi_On_Error  !!!
20220325 030635.340 INFO             PET2 !!!!!!!!!!!!!!!!!!!!!!!!!!!!!!!!!!!!!!!!!!!!!!!!!!!!!!
20220325 030635.340 INFO             PET2 Running with ESMF Version   : v8.3.0b10-1-gffc7863
20220325 030635.340 INFO             PET2 ESMF library build date/time: "Mar 25 2022" "02:31:06"
20220325 030635.340 INFO             PET2 ESMF library build location : /work/noaa/da/mpotts/sandbox/intel_2020.2_intelmpi_g_develop
20220325 030635.340 INFO             PET2 ESMF_COMM                   : intelmpi
20220325 030635.341 INFO             PET2 ESMF_MOAB                   : enabled
20220325 030635.341 INFO             PET2 ESMF_LAPACK                 : enabled
20220325 030635.341 INFO             PET2 ESMF_NETCDF                 : enabled
20220325 030635.341 INFO             PET2 ESMF_PNETCDF                : disabled
20220325 030635.341 INFO             PET2 ESMF_PIO                    : enabled
20220325 030635.341 INFO             PET2 ESMF_YAMLCPP                : enabled
20220325 030635.343 INFO             PET2  NUMBER_OF_PROCESSORS           4
20220325 030635.343 INFO             PET2  PASS  Example ESMF_WebServicesEx, ESMF_WebServicesEx.F90, line 227
20220325 030635.343 INFO             PET2 Finalizing ESMF
20220325 030635.340 INFO             PET3 !!!!!!!!!!!!!!!!!!!!!!!!!!!!!!!!!!!!!!!!!!!!!!!!!!!!!!
20220325 030635.340 INFO             PET3 !!! THE ESMF_LOG IS SET TO OUTPUT ALL LOG MESSAGES !!!
20220325 030635.340 INFO             PET3 !!!     THIS MAY CAUSE SLOWDOWN IN PERFORMANCE     !!!
20220325 030635.340 INFO             PET3 !!! FOR PRODUCTION RUNS, USE:                      !!!
20220325 030635.340 INFO             PET3 !!!                   ESMF_LOGKIND_Multi_On_Error  !!!
20220325 030635.340 INFO             PET3 !!!!!!!!!!!!!!!!!!!!!!!!!!!!!!!!!!!!!!!!!!!!!!!!!!!!!!
20220325 030635.340 INFO             PET3 Running with ESMF Version   : v8.3.0b10-1-gffc7863
20220325 030635.340 INFO             PET3 ESMF library build date/time: "Mar 25 2022" "02:31:06"
20220325 030635.340 INFO             PET3 ESMF library build location : /work/noaa/da/mpotts/sandbox/intel_2020.2_intelmpi_g_develop
20220325 030635.340 INFO             PET3 ESMF_COMM                   : intelmpi
20220325 030635.341 INFO             PET3 ESMF_MOAB                   : enabled
20220325 030635.341 INFO             PET3 ESMF_LAPACK                 : enabled
20220325 030635.341 INFO             PET3 ESMF_NETCDF                 : enabled
20220325 030635.341 INFO             PET3 ESMF_PNETCDF                : disabled
20220325 030635.341 INFO             PET3 ESMF_PIO                    : enabled
20220325 030635.341 INFO             PET3 ESMF_YAMLCPP                : enabled
20220325 030635.343 INFO             PET3  NUMBER_OF_PROCESSORS           4
20220325 030635.343 INFO             PET3  PASS  Example ESMF_WebServicesEx, ESMF_WebServicesEx.F90, line 227
20220325 030635.343 INFO             PET3 Finalizing ESMF
