build time -- 2022-03-28 02:29:13
20220328 030405.167 INFO             PET0 !!!!!!!!!!!!!!!!!!!!!!!!!!!!!!!!!!!!!!!!!!!!!!!!!!!!!!
20220328 030405.167 INFO             PET0 !!! THE ESMF_LOG IS SET TO OUTPUT ALL LOG MESSAGES !!!
20220328 030405.167 INFO             PET0 !!!     THIS MAY CAUSE SLOWDOWN IN PERFORMANCE     !!!
20220328 030405.167 INFO             PET0 !!! FOR PRODUCTION RUNS, USE:                      !!!
20220328 030405.167 INFO             PET0 !!!                   ESMF_LOGKIND_Multi_On_Error  !!!
20220328 030405.167 INFO             PET0 !!!!!!!!!!!!!!!!!!!!!!!!!!!!!!!!!!!!!!!!!!!!!!!!!!!!!!
20220328 030405.167 INFO             PET0 Running with ESMF Version   : v8.3.0b10-105-ga5295e3
20220328 030405.167 INFO             PET0 ESMF library build date/time: "Mar 28 2022" "02:27:43"
20220328 030405.167 INFO             PET0 ESMF library build location : /work/noaa/da/mpotts/sandbox/intel_2020.2_intelmpi_g_develop
20220328 030405.167 INFO             PET0 ESMF_COMM                   : intelmpi
20220328 030405.168 INFO             PET0 ESMF_MOAB                   : enabled
20220328 030405.168 INFO             PET0 ESMF_LAPACK                 : enabled
20220328 030405.168 INFO             PET0 ESMF_NETCDF                 : enabled
20220328 030405.168 INFO             PET0 ESMF_PNETCDF                : disabled
20220328 030405.168 INFO             PET0 ESMF_PIO                    : enabled
20220328 030405.168 INFO             PET0 ESMF_YAMLCPP                : enabled
20220328 030405.300 DEBUG            PET0 about to destroy Grid: 0x1bf5f70
20220328 030405.317 DEBUG            PET0 about to destroy Grid: 0x1bf87b0
20220328 030405.362 INFO             PET0  NUMBER_OF_PROCESSORS           4
20220328 030405.362 INFO             PET0  PASS  Example ESMF_NUOPCAtmModelEx, ESMF_NUOPCAtmModelEx.F90, line 806
20220328 030405.362 INFO             PET0 Finalizing ESMF
20220328 030405.168 INFO             PET1 !!!!!!!!!!!!!!!!!!!!!!!!!!!!!!!!!!!!!!!!!!!!!!!!!!!!!!
20220328 030405.168 INFO             PET1 !!! THE ESMF_LOG IS SET TO OUTPUT ALL LOG MESSAGES !!!
20220328 030405.168 INFO             PET1 !!!     THIS MAY CAUSE SLOWDOWN IN PERFORMANCE     !!!
20220328 030405.168 INFO             PET1 !!! FOR PRODUCTION RUNS, USE:                      !!!
20220328 030405.168 INFO             PET1 !!!                   ESMF_LOGKIND_Multi_On_Error  !!!
20220328 030405.168 INFO             PET1 !!!!!!!!!!!!!!!!!!!!!!!!!!!!!!!!!!!!!!!!!!!!!!!!!!!!!!
20220328 030405.168 INFO             PET1 Running with ESMF Version   : v8.3.0b10-105-ga5295e3
20220328 030405.168 INFO             PET1 ESMF library build date/time: "Mar 28 2022" "02:27:43"
20220328 030405.168 INFO             PET1 ESMF library build location : /work/noaa/da/mpotts/sandbox/intel_2020.2_intelmpi_g_develop
20220328 030405.168 INFO             PET1 ESMF_COMM                   : intelmpi
20220328 030405.169 INFO             PET1 ESMF_MOAB                   : enabled
20220328 030405.169 INFO             PET1 ESMF_LAPACK                 : enabled
20220328 030405.169 INFO             PET1 ESMF_NETCDF                 : enabled
20220328 030405.169 INFO             PET1 ESMF_PNETCDF                : disabled
20220328 030405.169 INFO             PET1 ESMF_PIO                    : enabled
20220328 030405.169 INFO             PET1 ESMF_YAMLCPP                : enabled
20220328 030405.300 DEBUG            PET1 about to destroy Grid: 0x1a8be90
20220328 030405.317 DEBUG            PET1 about to destroy Grid: 0x1a8cfd0
20220328 030405.362 INFO             PET1  NUMBER_OF_PROCESSORS           4
20220328 030405.362 INFO             PET1  PASS  Example ESMF_NUOPCAtmModelEx, ESMF_NUOPCAtmModelEx.F90, line 806
20220328 030405.363 INFO             PET1 Finalizing ESMF
20220328 030405.167 INFO             PET2 !!!!!!!!!!!!!!!!!!!!!!!!!!!!!!!!!!!!!!!!!!!!!!!!!!!!!!
20220328 030405.168 INFO             PET2 !!! THE ESMF_LOG IS SET TO OUTPUT ALL LOG MESSAGES !!!
20220328 030405.168 INFO             PET2 !!!     THIS MAY CAUSE SLOWDOWN IN PERFORMANCE     !!!
20220328 030405.168 INFO             PET2 !!! FOR PRODUCTION RUNS, USE:                      !!!
20220328 030405.168 INFO             PET2 !!!                   ESMF_LOGKIND_Multi_On_Error  !!!
20220328 030405.168 INFO             PET2 !!!!!!!!!!!!!!!!!!!!!!!!!!!!!!!!!!!!!!!!!!!!!!!!!!!!!!
20220328 030405.168 INFO             PET2 Running with ESMF Version   : v8.3.0b10-105-ga5295e3
20220328 030405.168 INFO             PET2 ESMF library build date/time: "Mar 28 2022" "02:27:43"
20220328 030405.168 INFO             PET2 ESMF library build location : /work/noaa/da/mpotts/sandbox/intel_2020.2_intelmpi_g_develop
20220328 030405.168 INFO             PET2 ESMF_COMM                   : intelmpi
20220328 030405.168 INFO             PET2 ESMF_MOAB                   : enabled
20220328 030405.168 INFO             PET2 ESMF_LAPACK                 : enabled
20220328 030405.168 INFO             PET2 ESMF_NETCDF                 : enabled
20220328 030405.168 INFO             PET2 ESMF_PNETCDF                : disabled
20220328 030405.168 INFO             PET2 ESMF_PIO                    : enabled
20220328 030405.168 INFO             PET2 ESMF_YAMLCPP                : enabled
20220328 030405.300 DEBUG            PET2 about to destroy Grid: 0x19dcb20
20220328 030405.317 DEBUG            PET2 about to destroy Grid: 0x19ddc60
20220328 030405.362 INFO             PET2  NUMBER_OF_PROCESSORS           4
20220328 030405.362 INFO             PET2  PASS  Example ESMF_NUOPCAtmModelEx, ESMF_NUOPCAtmModelEx.F90, line 806
20220328 030405.362 INFO             PET2 Finalizing ESMF
20220328 030405.168 INFO             PET3 !!!!!!!!!!!!!!!!!!!!!!!!!!!!!!!!!!!!!!!!!!!!!!!!!!!!!!
20220328 030405.168 INFO             PET3 !!! THE ESMF_LOG IS SET TO OUTPUT ALL LOG MESSAGES !!!
20220328 030405.168 INFO             PET3 !!!     THIS MAY CAUSE SLOWDOWN IN PERFORMANCE     !!!
20220328 030405.168 INFO             PET3 !!! FOR PRODUCTION RUNS, USE:                      !!!
20220328 030405.168 INFO             PET3 !!!                   ESMF_LOGKIND_Multi_On_Error  !!!
20220328 030405.168 INFO             PET3 !!!!!!!!!!!!!!!!!!!!!!!!!!!!!!!!!!!!!!!!!!!!!!!!!!!!!!
20220328 030405.168 INFO             PET3 Running with ESMF Version   : v8.3.0b10-105-ga5295e3
20220328 030405.168 INFO             PET3 ESMF library build date/time: "Mar 28 2022" "02:27:43"
20220328 030405.168 INFO             PET3 ESMF library build location : /work/noaa/da/mpotts/sandbox/intel_2020.2_intelmpi_g_develop
20220328 030405.168 INFO             PET3 ESMF_COMM                   : intelmpi
20220328 030405.169 INFO             PET3 ESMF_MOAB                   : enabled
20220328 030405.169 INFO             PET3 ESMF_LAPACK                 : enabled
20220328 030405.169 INFO             PET3 ESMF_NETCDF                 : enabled
20220328 030405.169 INFO             PET3 ESMF_PNETCDF                : disabled
20220328 030405.169 INFO             PET3 ESMF_PIO                    : enabled
20220328 030405.169 INFO             PET3 ESMF_YAMLCPP                : enabled
20220328 030405.300 DEBUG            PET3 about to destroy Grid: 0x23badf0
20220328 030405.317 DEBUG            PET3 about to destroy Grid: 0x23bbf30
20220328 030405.362 INFO             PET3  NUMBER_OF_PROCESSORS           4
20220328 030405.362 INFO             PET3  PASS  Example ESMF_NUOPCAtmModelEx, ESMF_NUOPCAtmModelEx.F90, line 806
20220328 030405.362 INFO             PET3 Finalizing ESMF
