build time -- 2022-03-19 02:50:08
20220319 121644.942 INFO             PET0 !!!!!!!!!!!!!!!!!!!!!!!!!!!!!!!!!!!!!!!!!!!!!!!!!!!!!!
20220319 121644.942 INFO             PET0 !!! THE ESMF_LOG IS SET TO OUTPUT ALL LOG MESSAGES !!!
20220319 121644.942 INFO             PET0 !!!     THIS MAY CAUSE SLOWDOWN IN PERFORMANCE     !!!
20220319 121644.942 INFO             PET0 !!! FOR PRODUCTION RUNS, USE:                      !!!
20220319 121644.942 INFO             PET0 !!!                   ESMF_LOGKIND_Multi_On_Error  !!!
20220319 121644.942 INFO             PET0 !!!!!!!!!!!!!!!!!!!!!!!!!!!!!!!!!!!!!!!!!!!!!!!!!!!!!!
20220319 121644.942 INFO             PET0 Running with ESMF Version   : v8.3.0b09-4-g424b2f26e0
20220319 121644.942 INFO             PET0 ESMF library build date/time: "Mar 19 2022" "02:48:25"
20220319 121644.942 INFO             PET0 ESMF library build location : /global/cscratch1/sd/rsdunlap/esmf-testing/intel_19.0.3_mpiuni_O_develop
20220319 121644.942 INFO             PET0 ESMF_COMM                   : mpiuni
20220319 121644.944 INFO             PET0 ESMF_MOAB                   : enabled
20220319 121644.944 INFO             PET0 ESMF_LAPACK                 : enabled
20220319 121644.944 INFO             PET0 ESMF_NETCDF                 : enabled
20220319 121644.944 INFO             PET0 ESMF_PNETCDF                : disabled
20220319 121644.944 INFO             PET0 ESMF_PIO                    : disabled
20220319 121644.944 INFO             PET0 ESMF_YAMLCPP                : enabled
20220319 121644.947 INFO             PET0 ESMF_FieldRedistStoreNF(): Just entered routine.
20220319 121645.025 INFO             PET0 ESMF_FieldRedistStoreNF(): Leaving routine.
20220319 121645.032 INFO             PET0  NUMBER_OF_PROCESSORS           1
20220319 121645.033 INFO             PET0  PASS  Example ESMF_RHandleFromFileEx, ESMF_RHandleFromFileEx.F90, line 192
20220319 121645.033 INFO             PET0 Finalizing ESMF
