build time -- 2022-03-23 00:56:14
20220323 012814.958 INFO             PET0 !!!!!!!!!!!!!!!!!!!!!!!!!!!!!!!!!!!!!!!!!!!!!!!!!!!!!!
20220323 012814.958 INFO             PET0 !!! THE ESMF_LOG IS SET TO OUTPUT ALL LOG MESSAGES !!!
20220323 012814.958 INFO             PET0 !!!     THIS MAY CAUSE SLOWDOWN IN PERFORMANCE     !!!
20220323 012814.958 INFO             PET0 !!! FOR PRODUCTION RUNS, USE:                      !!!
20220323 012814.958 INFO             PET0 !!!                   ESMF_LOGKIND_Multi_On_Error  !!!
20220323 012814.958 INFO             PET0 !!!!!!!!!!!!!!!!!!!!!!!!!!!!!!!!!!!!!!!!!!!!!!!!!!!!!!
20220323 012814.958 INFO             PET0 Running with ESMF Version   : v8.3.0b09-103-gbb860f29f6
20220323 012814.958 INFO             PET0 ESMF library build date/time: "Mar 23 2022" "00:54:13"
20220323 012814.958 INFO             PET0 ESMF library build location : /lustre/f2/dev/ncep/Mark.Potts/intel_2019.5_mpiuni_g_jedwards_pio_update2
20220323 012814.958 INFO             PET0 ESMF_COMM                   : mpiuni
20220323 012814.959 INFO             PET0 ESMF_MOAB                   : enabled
20220323 012814.959 INFO             PET0 ESMF_LAPACK                 : enabled
20220323 012814.959 INFO             PET0 ESMF_NETCDF                 : enabled
20220323 012814.959 INFO             PET0 ESMF_PNETCDF                : disabled
20220323 012814.959 INFO             PET0 ESMF_PIO                    : disabled
20220323 012814.959 INFO             PET0 ESMF_YAMLCPP                : enabled
20220323 012814.960 INFO             PET0  NUMBER_OF_PROCESSORS           1
20220323 012814.960 INFO             PET0  PASS  Example ESMF_VMDefaultBasicsEx, ESMF_VMDefaultBasicsEx.F90, line 107
20220323 012814.960 INFO             PET0 Finalizing ESMF
