build time -- 2022-03-11 23:51:49
20220312 002248.554 INFO             PET0 !!!!!!!!!!!!!!!!!!!!!!!!!!!!!!!!!!!!!!!!!!!!!!!!!!!!!!
20220312 002248.554 INFO             PET0 !!! THE ESMF_LOG IS SET TO OUTPUT ALL LOG MESSAGES !!!
20220312 002248.554 INFO             PET0 !!!     THIS MAY CAUSE SLOWDOWN IN PERFORMANCE     !!!
20220312 002248.554 INFO             PET0 !!! FOR PRODUCTION RUNS, USE:                      !!!
20220312 002248.554 INFO             PET0 !!!                   ESMF_LOGKIND_Multi_On_Error  !!!
20220312 002248.554 INFO             PET0 !!!!!!!!!!!!!!!!!!!!!!!!!!!!!!!!!!!!!!!!!!!!!!!!!!!!!!
20220312 002248.554 INFO             PET0 Running with ESMF Version   : v8.3.0b09-96-g559b459836
20220312 002248.554 INFO             PET0 ESMF library build date/time: "Mar 11 2022" "23:49:55"
20220312 002248.554 INFO             PET0 ESMF library build location : /lustre/f2/dev/ncep/Mark.Potts/intel_2019.5_mpiuni_g_jedwards_pio_update2
20220312 002248.554 INFO             PET0 ESMF_COMM                   : mpiuni
20220312 002248.555 INFO             PET0 ESMF_MOAB                   : enabled
20220312 002248.555 INFO             PET0 ESMF_LAPACK                 : enabled
20220312 002248.555 INFO             PET0 ESMF_NETCDF                 : enabled
20220312 002248.555 INFO             PET0 ESMF_PNETCDF                : disabled
20220312 002248.555 INFO             PET0 ESMF_PIO                    : disabled
20220312 002248.555 INFO             PET0 ESMF_YAMLCPP                : enabled
20220312 002248.556 INFO             PET0  NUMBER_OF_PROCESSORS           1
20220312 002248.556 INFO             PET0  PASS  Example ESMF_TimeEx, ESMF_TimeEx.F90, line 141
20220312 002248.556 INFO             PET0 Finalizing ESMF
