build time -- 2022-03-05 23:59:16
20220306 003233.141 INFO             PET0 !!!!!!!!!!!!!!!!!!!!!!!!!!!!!!!!!!!!!!!!!!!!!!!!!!!!!!
20220306 003233.141 INFO             PET0 !!! THE ESMF_LOG IS SET TO OUTPUT ALL LOG MESSAGES !!!
20220306 003233.141 INFO             PET0 !!!     THIS MAY CAUSE SLOWDOWN IN PERFORMANCE     !!!
20220306 003233.141 INFO             PET0 !!! FOR PRODUCTION RUNS, USE:                      !!!
20220306 003233.141 INFO             PET0 !!!                   ESMF_LOGKIND_Multi_On_Error  !!!
20220306 003233.141 INFO             PET0 !!!!!!!!!!!!!!!!!!!!!!!!!!!!!!!!!!!!!!!!!!!!!!!!!!!!!!
20220306 003233.141 INFO             PET0 Running with ESMF Version   : v8.3.0b08-90-g763a12848c
20220306 003233.141 INFO             PET0 ESMF library build date/time: "Mar  5 2022" "23:57:16"
20220306 003233.141 INFO             PET0 ESMF library build location : /lustre/f2/dev/ncep/Mark.Potts/intel_2019.5_mpiuni_g_jedwards_pio_update2
20220306 003233.141 INFO             PET0 ESMF_COMM                   : mpiuni
20220306 003233.142 INFO             PET0 ESMF_MOAB                   : enabled
20220306 003233.142 INFO             PET0 ESMF_LAPACK                 : enabled
20220306 003233.142 INFO             PET0 ESMF_NETCDF                 : enabled
20220306 003233.142 INFO             PET0 ESMF_PNETCDF                : disabled
20220306 003233.142 INFO             PET0 ESMF_PIO                    : disabled
20220306 003233.142 INFO             PET0 ESMF_YAMLCPP                : enabled
20220306 003233.142 INFO             PET0  NUMBER_OF_PROCESSORS           1
20220306 003233.143 INFO             PET0  PASS  Example ESMF_VMGetMPICommunicatorEx, ESMF_VMGetMPICommunicatorEx.F90, line 95
20220306 003233.143 INFO             PET0 Finalizing ESMF
20220306 003233.143 INFO             PET0 ESMCI_IO_Handler.C:356 ESMCI::IO_Handler::finalize() before return, localrc = 0
