build time -- 2022-03-15 00:54:24
20220315 012636.708 INFO             PET0 !!!!!!!!!!!!!!!!!!!!!!!!!!!!!!!!!!!!!!!!!!!!!!!!!!!!!!
20220315 012636.708 INFO             PET0 !!! THE ESMF_LOG IS SET TO OUTPUT ALL LOG MESSAGES !!!
20220315 012636.708 INFO             PET0 !!!     THIS MAY CAUSE SLOWDOWN IN PERFORMANCE     !!!
20220315 012636.708 INFO             PET0 !!! FOR PRODUCTION RUNS, USE:                      !!!
20220315 012636.708 INFO             PET0 !!!                   ESMF_LOGKIND_Multi_On_Error  !!!
20220315 012636.708 INFO             PET0 !!!!!!!!!!!!!!!!!!!!!!!!!!!!!!!!!!!!!!!!!!!!!!!!!!!!!!
20220315 012636.708 INFO             PET0 Running with ESMF Version   : v8.3.0b09-100-g5ff85a963f
20220315 012636.708 INFO             PET0 ESMF library build date/time: "Mar 15 2022" "00:52:25"
20220315 012636.708 INFO             PET0 ESMF library build location : /lustre/f2/dev/ncep/Mark.Potts/intel_2019.5_mpiuni_g_jedwards_pio_update2
20220315 012636.708 INFO             PET0 ESMF_COMM                   : mpiuni
20220315 012636.709 INFO             PET0 ESMF_MOAB                   : enabled
20220315 012636.709 INFO             PET0 ESMF_LAPACK                 : enabled
20220315 012636.709 INFO             PET0 ESMF_NETCDF                 : enabled
20220315 012636.709 INFO             PET0 ESMF_PNETCDF                : disabled
20220315 012636.709 INFO             PET0 ESMF_PIO                    : disabled
20220315 012636.709 INFO             PET0 ESMF_YAMLCPP                : enabled
20220315 012641.668 INFO             PET0  NUMBER_OF_PROCESSORS           1
20220315 012641.668 INFO             PET0  PASS  Example ESMF_AlarmEx, ESMF_AlarmEx.F90, line 244
20220315 012641.668 INFO             PET0 Finalizing ESMF
