build time -- 2022-03-10 23:37:54
20220311 000939.520 INFO             PET0 !!!!!!!!!!!!!!!!!!!!!!!!!!!!!!!!!!!!!!!!!!!!!!!!!!!!!!
20220311 000939.520 INFO             PET0 !!! THE ESMF_LOG IS SET TO OUTPUT ALL LOG MESSAGES !!!
20220311 000939.520 INFO             PET0 !!!     THIS MAY CAUSE SLOWDOWN IN PERFORMANCE     !!!
20220311 000939.520 INFO             PET0 !!! FOR PRODUCTION RUNS, USE:                      !!!
20220311 000939.520 INFO             PET0 !!!                   ESMF_LOGKIND_Multi_On_Error  !!!
20220311 000939.520 INFO             PET0 !!!!!!!!!!!!!!!!!!!!!!!!!!!!!!!!!!!!!!!!!!!!!!!!!!!!!!
20220311 000939.520 INFO             PET0 Running with ESMF Version   : v8.3.0b09-94-gba2d53fd60
20220311 000939.520 INFO             PET0 ESMF library build date/time: "Mar 10 2022" "23:35:56"
20220311 000939.520 INFO             PET0 ESMF library build location : /lustre/f2/dev/ncep/Mark.Potts/intel_2019.5_mpiuni_O_jedwards_pio_update2
20220311 000939.520 INFO             PET0 ESMF_COMM                   : mpiuni
20220311 000939.521 INFO             PET0 ESMF_MOAB                   : enabled
20220311 000939.521 INFO             PET0 ESMF_LAPACK                 : enabled
20220311 000939.521 INFO             PET0 ESMF_NETCDF                 : enabled
20220311 000939.521 INFO             PET0 ESMF_PNETCDF                : disabled
20220311 000939.521 INFO             PET0 ESMF_PIO                    : disabled
20220311 000939.521 INFO             PET0 ESMF_YAMLCPP                : enabled
20220311 000939.521 INFO             PET0 ESMF Tracing Enabled
20220311 000939.521 INFO             PET0 ESMF Profiling Enabled
20220311 000939.521 INFO             PET0 ESMF Trace/Profile clock: REALTIME
20220311 000939.524 INFO             PET0  NUMBER_OF_PROCESSORS           1
20220311 000939.524 INFO             PET0  PASS  Example ESMF_TraceUserEx, ESMF_TraceUserEx.F90, line 125
20220311 000939.524 INFO             PET0 Finalizing ESMF
20220311 000939.524 INFO             PET0 **************** Region Timings *******************
20220311 000939.524 INFO             PET0 Region              Count  Total (s)   Self (s)    Mean (s)    Min (s)     Max (s)
20220311 000939.524 INFO             PET0   outer_region      1      0.0000      0.0000      0.0000      0.0000      0.0000
20220311 000939.524 INFO             PET0     inner_region_1  10     0.0000      0.0000      0.0000      0.0000      0.0000
20220311 000939.524 INFO             PET0     inner_region_2  10     0.0000      0.0000      0.0000      0.0000      0.0000
20220311 000939.524 INFO             PET0 ESMCI_IO_Handler.C:356 ESMCI::IO_Handler::finalize() before return, localrc = 0
