build time -- 2022-03-14 00:39:19
20220314 011309.073 INFO             PET0 !!!!!!!!!!!!!!!!!!!!!!!!!!!!!!!!!!!!!!!!!!!!!!!!!!!!!!
20220314 011309.073 INFO             PET0 !!! THE ESMF_LOG IS SET TO OUTPUT ALL LOG MESSAGES !!!
20220314 011309.073 INFO             PET0 !!!     THIS MAY CAUSE SLOWDOWN IN PERFORMANCE     !!!
20220314 011309.073 INFO             PET0 !!! FOR PRODUCTION RUNS, USE:                      !!!
20220314 011309.073 INFO             PET0 !!!                   ESMF_LOGKIND_Multi_On_Error  !!!
20220314 011309.073 INFO             PET0 !!!!!!!!!!!!!!!!!!!!!!!!!!!!!!!!!!!!!!!!!!!!!!!!!!!!!!
20220314 011309.073 INFO             PET0 Running with ESMF Version   : v8.3.0b09-96-g559b459836
20220314 011309.073 INFO             PET0 ESMF library build date/time: "Mar 14 2022" "00:37:21"
20220314 011309.073 INFO             PET0 ESMF library build location : /lustre/f2/dev/ncep/Mark.Potts/intel_2019.5_mpiuni_O_jedwards_pio_update2
20220314 011309.073 INFO             PET0 ESMF_COMM                   : mpiuni
20220314 011309.075 INFO             PET0 ESMF_MOAB                   : enabled
20220314 011309.075 INFO             PET0 ESMF_LAPACK                 : enabled
20220314 011309.075 INFO             PET0 ESMF_NETCDF                 : enabled
20220314 011309.075 INFO             PET0 ESMF_PNETCDF                : disabled
20220314 011309.075 INFO             PET0 ESMF_PIO                    : disabled
20220314 011309.075 INFO             PET0 ESMF_YAMLCPP                : enabled
20220314 011309.077 INFO             PET0  NUMBER_OF_PROCESSORS           1
20220314 011309.077 INFO             PET0  PASS  Example ESMF_CplEx, ESMF_CplEx.F90, line 457
20220314 011309.077 INFO             PET0 Finalizing ESMF
