build time -- 2022-03-18 00:48:25
20220318 011958.973 INFO             PET0 !!!!!!!!!!!!!!!!!!!!!!!!!!!!!!!!!!!!!!!!!!!!!!!!!!!!!!
20220318 011958.973 INFO             PET0 !!! THE ESMF_LOG IS SET TO OUTPUT ALL LOG MESSAGES !!!
20220318 011958.973 INFO             PET0 !!!     THIS MAY CAUSE SLOWDOWN IN PERFORMANCE     !!!
20220318 011958.973 INFO             PET0 !!! FOR PRODUCTION RUNS, USE:                      !!!
20220318 011958.973 INFO             PET0 !!!                   ESMF_LOGKIND_Multi_On_Error  !!!
20220318 011958.973 INFO             PET0 !!!!!!!!!!!!!!!!!!!!!!!!!!!!!!!!!!!!!!!!!!!!!!!!!!!!!!
20220318 011958.973 INFO             PET0 Running with ESMF Version   : v8.3.0b09-102-gabaf3ef548
20220318 011958.973 INFO             PET0 ESMF library build date/time: "Mar 18 2022" "00:46:29"
20220318 011958.973 INFO             PET0 ESMF library build location : /lustre/f2/dev/ncep/Mark.Potts/intel_2019.5_mpiuni_O_jedwards_pio_update2
20220318 011958.973 INFO             PET0 ESMF_COMM                   : mpiuni
20220318 011958.974 INFO             PET0 ESMF_MOAB                   : enabled
20220318 011958.974 INFO             PET0 ESMF_LAPACK                 : enabled
20220318 011958.974 INFO             PET0 ESMF_NETCDF                 : enabled
20220318 011958.974 INFO             PET0 ESMF_PNETCDF                : disabled
20220318 011958.974 INFO             PET0 ESMF_PIO                    : disabled
20220318 011958.974 INFO             PET0 ESMF_YAMLCPP                : enabled
20220318 011958.975 INFO             PET0  NUMBER_OF_PROCESSORS           1
20220318 011958.975 INFO             PET0  PASS  Example CalendarEx, ESMF_CalendarEx.F90, line 217
20220318 011958.975 INFO             PET0 Finalizing ESMF
