build time -- 2022-03-26 02:11:48.031841
--- ESMCI::Array::print start ---
--- ESMCI::Array::print start ---
 Base name    = Array008
 Status: Base = Ready,  object = Ready
 Base name    = Array008
 Status: Base = Ready,  object = Ready
 Proxy        = no
 Root Info (Attributes):
 Proxy        = no
 Root Info (Attributes):
{}Array typekind/rank: Real*8 / 2 
~ lower class' values ~
{}Array typekind/rank: Real*8 / 2 
~ lower class' values ~
DistGrid dimCount = 2
deCount = 4
localDeCount = 1
~ local data in LocalArray for DE 1 ~
LocalArrayPrint: Array at address 0x16d9860:
            rank = 2, typekind = 6, base_addr = 0x16ab3c0
DistGrid dimCount = 2
deCount = 4
localDeCount = 1
~ local data in LocalArray for DE 0 ~
LocalArrayPrint: Array at address 0x16d6660:
            rank = 2, typekind = 6, base_addr = 0x16ab220
            dim[0] = 3  dim[1] = 10  
  Real, *8, Dim 2, Data values:
            dim[0] = 3  dim[1] = 10  
  Real, *8, Dim 2, Data values:
( 1, 1) =  1.2345
( 2, 1) =  1.2345
( 3, 1) =  1.2345
( 1, 1) =  513.58
( 2, 1) =  613.58
( 3, 1) =  713.58
( 1, 2) =  514.814
( 2, 2) =  614.814
( 3, 2) =  714.814
( 1, 2) =  1.2345
( 2, 2) =  1.2345
( 3, 2) =  1.2345
( 1, 3) =  1.2345
( 2, 3) =  1.2345
( 3, 3) =  1.2345
( 1, 4) =  1.2345
  skipping to end ...
( 1, 3) =  516.048
( 2, 3) =  616.048
( 3, 3) =  716.048
( 1, 4) =  517.283
  skipping to end ...
( 3, 7) =  720.986
( 1, 8) =  522.221
( 3, 7) =  1.2345
( 1, 8) =  1.2345
( 2, 8) =  1.2345
( 3, 8) =  1.2345
( 1, 9) =  1.2345
( 2, 9) =  1.2345
( 3, 9) =  1.2345
( 1,10) =  1.2345
( 2,10) =  1.2345
( 3,10) =  1.2345
( 2, 8) =  622.221
( 3, 8) =  722.221
( 1, 9) =  523.456
( 2, 9) =  623.456
( 3, 9) =  723.456
( 1,10) =  524.69
( 2,10) =  624.69
dim 1: undistLBound[0]=1            undistUBound[0]=3
dim 2: [0]: [1 [1 [1, 10] 10] 10]
--- ESMCI::Array::print end ---
( 3,10) =  724.69
dim 1: undistLBound[0]=1            undistUBound[0]=3
dim 2: [0]: [1 [1 [1, 10] 10] 10]
--- ESMCI::Array::print end ---
--- ESMCI::Array::print start ---
 localPet =            1 myFarray2D2:    0.0000000000000000        0.0000000000000000        0.0000000000000000        0.0000000000000000        0.0000000000000000        0.0000000000000000        0.0000000000000000        0.0000000000000000        0.0000000000000000        0.0000000000000000        0.0000000000000000        0.0000000000000000        0.0000000000000000        0.0000000000000000        0.0000000000000000        0.0000000000000000        0.0000000000000000        0.0000000000000000        0.0000000000000000        0.0000000000000000        0.0000000000000000        0.0000000000000000        0.0000000000000000        0.0000000000000000        0.0000000000000000        0.0000000000000000        0.0000000000000000        0.0000000000000000        0.0000000000000000        0.0000000000000000     
--- ESMCI::Array::print start ---
 Base name    = Array008
 Status: Base = Ready,  object = Ready
 Proxy        = no
 Root Info (Attributes):
{}Array typekind/rank: Real*8 / 2 
~ lower class' values ~
DistGrid dimCount = 2
deCount = 4
localDeCount = 1
~ local data in LocalArray for DE 1 ~
LocalArrayPrint: Array at address 0x16d9860:
            rank = 2, typekind = 6, base_addr = 0x16ab3c0
            dim[0] = 3  dim[1] = 10  
  Real, *8, Dim 2, Data values:
( 1, 1) =  1.2345
( 2, 1) =  1.2345
( 3, 1) =  1.2345
( 1, 2) =  1.2345
( 2, 2) =  1.2345
( 3, 2) =  1.2345
( 1, 3) =  1.2345
( 2, 3) =  1.2345
( 3, 3) =  1.2345
( 1, 4) =  1.2345
  skipping to end ...
( 3, 7) =  1.2345
( 1, 8) =  1.2345
( 2, 8) =  1.2345
( 3, 8) =  1.2345
( 1, 9) =  1.2345
( 2, 9) =  1.2345
( 3, 9) =  1.2345
( 1,10) =  1.2345
( 2,10) =  1.2345
( 3,10) =  1.2345
dim 1: undistLBound[0]=1            undistUBound[0]=3
dim 2: [0]: [1 [1 [1, 10] 10] 10]
--- ESMCI::Array::print end ---
 Base name    = Array008
 Status: Base = Ready,  object = Ready
 Proxy        = no
 Root Info (Attributes):
{}Array typekind/rank: Real*8 / 2 
~ lower class' values ~
DistGrid dimCount = 2
deCount = 4
localDeCount = 1
~ local data in LocalArray for DE 3 ~
LocalArrayPrint: Array at address 0x16d9840:
            rank = 2, typekind = 6, base_addr = 0x16ab3e0
            dim[0] = 3  dim[1] = 10  
  Real, *8, Dim 2, Data values:
( 1, 1) =  513.58
( 2, 1) =  613.58
( 3, 1) =  713.58
( 1, 2) =  514.814
( 2, 2) =  614.814
( 3, 2) =  714.814
( 1, 3) =  516.048
( 2, 3) =  616.048
( 3, 3) =  716.048
( 1, 4) =  517.283
  skipping to end ...
( 3, 7) =  720.986
( 1, 8) =  522.221
( 2, 8) =  622.221
( 3, 8) =  722.221
( 1, 9) =  523.456
( 2, 9) =  623.456
( 3, 9) =  723.456
( 1,10) =  524.69
( 2,10) =  624.69
( 3,10) =  724.69
dim 1: undistLBound[0]=1            undistUBound[0]=3
dim 2: [0]: [1 [1 [1, 10] 10] 10]
--- ESMCI::Array::print end ---
--- ESMCI::Array::print start ---
 Base name    = Array008
 Status: Base = Ready,  object = Ready
 Proxy        = no
 Root Info (Attributes):
{}Array typekind/rank: Real*8 / 2 
~ lower class' values ~
DistGrid dimCount = 2
deCount = 4
localDeCount = 1
~ local data in LocalArray for DE 2 ~
LocalArrayPrint: Array at address 0x16d97c0:
            rank = 2, typekind = 6, base_addr = 0x16ab440
            dim[0] = 3  dim[1] = 10  
  Real, *8, Dim 2, Data values:
( 1, 1) =  513.58
( 2, 1) =  613.58
( 3, 1) =  713.58
( 1, 2) =  514.814
( 2, 2) =  614.814
( 3, 2) =  714.814
( 1, 3) =  516.048
( 2, 3) =  616.048
( 3, 3) =  716.048
( 1, 4) =  517.283
  skipping to end ...
( 3, 7) =  720.986
( 1, 8) =  522.221
( 2, 8) =  622.221
( 3, 8) =  722.221
( 1, 9) =  523.456
( 2, 9) =  623.456
( 3, 9) =  723.456
( 1,10) =  524.69
( 2,10) =  624.69
( 3,10) =  724.69
dim 1: undistLBound[0]=1            undistUBound[0]=3
dim 2: [0]: [1 [1 [1, 10] 10] 10]
--- ESMCI::Array::print end ---
 localPet =            2 myFarray2D2:    0.0000000000000000        0.0000000000000000        0.0000000000000000        0.0000000000000000        0.0000000000000000        0.0000000000000000        0.0000000000000000        0.0000000000000000        0.0000000000000000        0.0000000000000000        0.0000000000000000        0.0000000000000000        0.0000000000000000        0.0000000000000000        0.0000000000000000        0.0000000000000000        0.0000000000000000        0.0000000000000000        0.0000000000000000        0.0000000000000000        0.0000000000000000        0.0000000000000000        0.0000000000000000        0.0000000000000000        0.0000000000000000        0.0000000000000000        0.0000000000000000        0.0000000000000000        0.0000000000000000        0.0000000000000000     
--- ESMCI::Array::print start ---
 Base name    = Array008
 localPet =            3 myFarray2D2:    0.0000000000000000        0.0000000000000000        0.0000000000000000        0.0000000000000000        0.0000000000000000        0.0000000000000000        0.0000000000000000        0.0000000000000000        0.0000000000000000        0.0000000000000000        0.0000000000000000        0.0000000000000000        0.0000000000000000        0.0000000000000000        0.0000000000000000        0.0000000000000000        0.0000000000000000        0.0000000000000000        0.0000000000000000        0.0000000000000000        0.0000000000000000        0.0000000000000000        0.0000000000000000        0.0000000000000000        0.0000000000000000        0.0000000000000000        0.0000000000000000        0.0000000000000000        0.0000000000000000        0.0000000000000000     
 localPet =            0 myFarray2D2:    513.57950000000005        613.57950000000005        713.57950000000005        514.81399999999996        614.81399999999996        714.81399999999996        516.04849999999999        616.04849999999999        716.04849999999999        517.28300000000002        617.28300000000002        717.28300000000002        518.51750000000004        618.51750000000004        718.51750000000004        519.75199999999995        619.75199999999995        719.75199999999995        520.98649999999998        620.98649999999998        720.98649999999998        522.22100000000000        622.22100000000000        722.22100000000000        523.45550000000003        623.45550000000003        723.45550000000003        524.69000000000005        624.69000000000005        724.69000000000005     
--- ESMCI::Array::print start ---
 Status: Base = Ready,  object = Ready
 Proxy        = no
 Root Info (Attributes):
{}Array typekind/rank: Real*8 / 2 
~ lower class' values ~
DistGrid dimCount = 2
deCount = 4
localDeCount = 1
~ local data in LocalArray for DE 2 ~
LocalArrayPrint: Array at address 0x16d97c0:
            rank = 2, typekind = 6, base_addr = 0x16ab440
            dim[0] = 3  dim[1] = 10  
  Real, *8, Dim 2, Data values:
 Base name    = Array008
 Status: Base = Ready,  object = Ready
 Proxy        = no
 Root Info (Attributes):
( 1, 1) =  513.58
( 2, 1) =  613.58
( 3, 1) =  713.58
( 1, 2) =  514.814
( 2, 2) =  614.814
( 3, 2) =  714.814
( 1, 3) =  516.048
{}Array typekind/rank: Real*8 / 2 
~ lower class' values ~
DistGrid dimCount = 2
deCount = 4
localDeCount = 1
~ local data in LocalArray for DE 0 ~
( 2, 3) =  616.048
( 3, 3) =  716.048
( 1, 4) =  517.283
  skipping to end ...
( 3, 7) =  720.986
( 1, 8) =  522.221
( 2, 8) =  622.221
LocalArrayPrint: Array at address 0x16d6660:
            rank = 2, typekind = 6, base_addr = 0x16ab220
            dim[0] = 3  dim[1] = 10  
  Real, *8, Dim 2, Data values:
( 1, 1) =  513.58
( 3, 8) =  722.221
( 1, 9) =  523.456
( 2, 9) =  623.456
( 3, 9) =  723.456
( 1,10) =  524.69
( 2,10) =  624.69
( 3,10) =  724.69
( 2, 1) =  613.58
( 3, 1) =  713.58
( 1, 2) =  514.814
( 2, 2) =  614.814
( 3, 2) =  714.814
( 1, 3) =  516.048
( 2, 3) =  616.048
dim 1: undistLBound[0]=1            undistUBound[0]=3
dim 2: [0]: [1 [1 [1, 10] 10] 10]
--- ESMCI::Array::print end ---
( 3, 3) =  716.048
( 1, 4) =  517.283
  skipping to end ...
( 3, 7) =  720.986
( 1, 8) =  522.221
( 2, 8) =  622.221
( 3, 8) =  722.221
( 1, 9) =  523.456
( 2, 9) =  623.456
( 3, 9) =  723.456
( 1,10) =  524.69
( 2,10) =  624.69
( 3,10) =  724.69
dim 1: undistLBound[0]=1            undistUBound[0]=3
dim 2: [0]: [1 [1 [1, 10] 10] 10]
--- ESMCI::Array::print end ---
--- ESMCI::Array::print start ---
 Base name    = Array008
 Status: Base = Ready,  object = Ready
 Proxy        = no
 Root Info (Attributes):
{}Array typekind/rank: Real*8 / 2 
~ lower class' values ~
DistGrid dimCount = 2
deCount = 4
localDeCount = 1
~ local data in LocalArray for DE 3 ~
LocalArrayPrint: Array at address 0x16d9840:
            rank = 2, typekind = 6, base_addr = 0x16ab3e0
            dim[0] = 3  dim[1] = 10  
  Real, *8, Dim 2, Data values:
( 1, 1) =  5.4321
( 2, 1) =  5.4321
( 3, 1) =  5.4321
( 1, 2) =  5.4321
( 2, 2) =  5.4321
( 3, 2) =  5.4321
( 1, 3) =  5.4321
( 2, 3) =  5.4321
( 3, 3) =  5.4321
( 1, 4) =  5.4321
  skipping to end ...
( 3, 7) =  5.4321
( 1, 8) =  5.4321
( 2, 8) =  5.4321
( 3, 8) =  5.4321
( 1, 9) =  5.4321
( 2, 9) =  5.4321
( 3, 9) =  5.4321
( 1,10) =  5.4321
( 2,10) =  5.4321
( 3,10) =  5.4321
dim 1: undistLBound[0]=1            undistUBound[0]=3
dim 2: [0]: [1 [1 [1, 10] 10] 10]
--- ESMCI::Array::print end ---
 localPet =            0 myFarray2D2:    5.4320998191833496        5.4320998191833496        5.4320998191833496        5.4320998191833496        5.4320998191833496        5.4320998191833496        5.4320998191833496        5.4320998191833496        5.4320998191833496        5.4320998191833496        5.4320998191833496        5.4320998191833496        5.4320998191833496        5.4320998191833496        5.4320998191833496        5.4320998191833496        5.4320998191833496        5.4320998191833496        5.4320998191833496        5.4320998191833496        5.4320998191833496        5.4320998191833496        5.4320998191833496        5.4320998191833496        5.4320998191833496        5.4320998191833496        5.4320998191833496        5.4320998191833496        5.4320998191833496        5.4320998191833496     
  PASS  Example ESMF_ArrayScatterGatherEx, ESMF_ArrayScatterGatherEx.F90, line 328
 PASS: ESMF_ArrayScatterGatherEx.F90
 localPet =            3 myFarray2D2:    0.0000000000000000        0.0000000000000000        0.0000000000000000        0.0000000000000000        0.0000000000000000        0.0000000000000000        0.0000000000000000        0.0000000000000000        0.0000000000000000        0.0000000000000000        0.0000000000000000        0.0000000000000000        0.0000000000000000        0.0000000000000000        0.0000000000000000        0.0000000000000000        0.0000000000000000        0.0000000000000000        0.0000000000000000        0.0000000000000000        0.0000000000000000        0.0000000000000000        0.0000000000000000        0.0000000000000000        0.0000000000000000        0.0000000000000000        0.0000000000000000        0.0000000000000000        0.0000000000000000        0.0000000000000000     
  PASS  Example ESMF_ArrayScatterGatherEx, ESMF_ArrayScatterGatherEx.F90, line 328
 PASS: ESMF_ArrayScatterGatherEx.F90
 localPet =            1 myFarray2D2:    0.0000000000000000        0.0000000000000000        0.0000000000000000        0.0000000000000000        0.0000000000000000        0.0000000000000000        0.0000000000000000        0.0000000000000000        0.0000000000000000        0.0000000000000000        0.0000000000000000        0.0000000000000000        0.0000000000000000        0.0000000000000000        0.0000000000000000        0.0000000000000000        0.0000000000000000        0.0000000000000000        0.0000000000000000        0.0000000000000000        0.0000000000000000        0.0000000000000000        0.0000000000000000        0.0000000000000000        0.0000000000000000        0.0000000000000000        0.0000000000000000        0.0000000000000000        0.0000000000000000        0.0000000000000000     
  PASS  Example ESMF_ArrayScatterGatherEx, ESMF_ArrayScatterGatherEx.F90, line 328
 PASS: ESMF_ArrayScatterGatherEx.F90
 localPet =            2 myFarray2D2:    0.0000000000000000        0.0000000000000000        0.0000000000000000        0.0000000000000000        0.0000000000000000        0.0000000000000000        0.0000000000000000        0.0000000000000000        0.0000000000000000        0.0000000000000000        0.0000000000000000        0.0000000000000000        0.0000000000000000        0.0000000000000000        0.0000000000000000        0.0000000000000000        0.0000000000000000        0.0000000000000000        0.0000000000000000        0.0000000000000000        0.0000000000000000        0.0000000000000000        0.0000000000000000        0.0000000000000000        0.0000000000000000        0.0000000000000000        0.0000000000000000        0.0000000000000000        0.0000000000000000        0.0000000000000000     
  PASS  Example ESMF_ArrayScatterGatherEx, ESMF_ArrayScatterGatherEx.F90, line 328
 PASS: ESMF_ArrayScatterGatherEx.F90
