build time -- 2022-03-17 01:10:08.128092
20220317 012826.230 INFO             PET0 !!!!!!!!!!!!!!!!!!!!!!!!!!!!!!!!!!!!!!!!!!!!!!!!!!!!!!
20220317 012826.230 INFO             PET0 !!! THE ESMF_LOG IS SET TO OUTPUT ALL LOG MESSAGES !!!
20220317 012826.230 INFO             PET0 !!!     THIS MAY CAUSE SLOWDOWN IN PERFORMANCE     !!!
20220317 012826.230 INFO             PET0 !!! FOR PRODUCTION RUNS, USE:                      !!!
20220317 012826.230 INFO             PET0 !!!                   ESMF_LOGKIND_Multi_On_Error  !!!
20220317 012826.230 INFO             PET0 !!!!!!!!!!!!!!!!!!!!!!!!!!!!!!!!!!!!!!!!!!!!!!!!!!!!!!
20220317 012826.230 INFO             PET0 Running with ESMF Version   : v8.3.0b09-3-ge20ebbf11d
20220317 012826.230 INFO             PET0 ESMF library build date/time: "Mar 17 2022" "01:08:56"
20220317 012826.230 INFO             PET0 ESMF library build location : /gpfsm/dnb04/projects/p98/mpotts/esmf/gfortran_8.3.0_mpt_O_develop
20220317 012826.230 INFO             PET0 ESMF_COMM                   : mpt
20220317 012826.230 INFO             PET0 ESMF_MOAB                   : enabled
20220317 012826.230 INFO             PET0 ESMF_LAPACK                 : enabled
20220317 012826.230 INFO             PET0 ESMF_NETCDF                 : disabled
20220317 012826.230 INFO             PET0 ESMF_PNETCDF                : disabled
20220317 012826.230 INFO             PET0 ESMF_PIO                    : enabled
20220317 012826.230 INFO             PET0 ESMF_YAMLCPP                : enabled
20220317 012826.230 INFO             PET0  NUMBER_OF_PROCESSORS           2
20220317 012826.230 INFO             PET0  PASS  Example ESMF_VMUserMpiCommEx, ESMF_VMUserMpiCommEx.F90, line 113
20220317 012826.230 INFO             PET0 Finalizing ESMF
20220317 012826.230 INFO             PET1 !!!!!!!!!!!!!!!!!!!!!!!!!!!!!!!!!!!!!!!!!!!!!!!!!!!!!!
20220317 012826.230 INFO             PET1 !!! THE ESMF_LOG IS SET TO OUTPUT ALL LOG MESSAGES !!!
20220317 012826.230 INFO             PET1 !!!     THIS MAY CAUSE SLOWDOWN IN PERFORMANCE     !!!
20220317 012826.230 INFO             PET1 !!! FOR PRODUCTION RUNS, USE:                      !!!
20220317 012826.230 INFO             PET1 !!!                   ESMF_LOGKIND_Multi_On_Error  !!!
20220317 012826.230 INFO             PET1 !!!!!!!!!!!!!!!!!!!!!!!!!!!!!!!!!!!!!!!!!!!!!!!!!!!!!!
20220317 012826.230 INFO             PET1 Running with ESMF Version   : v8.3.0b09-3-ge20ebbf11d
20220317 012826.230 INFO             PET1 ESMF library build date/time: "Mar 17 2022" "01:08:56"
20220317 012826.230 INFO             PET1 ESMF library build location : /gpfsm/dnb04/projects/p98/mpotts/esmf/gfortran_8.3.0_mpt_O_develop
20220317 012826.230 INFO             PET1 ESMF_COMM                   : mpt
20220317 012826.230 INFO             PET1 ESMF_MOAB                   : enabled
20220317 012826.230 INFO             PET1 ESMF_LAPACK                 : enabled
20220317 012826.230 INFO             PET1 ESMF_NETCDF                 : disabled
20220317 012826.230 INFO             PET1 ESMF_PNETCDF                : disabled
20220317 012826.230 INFO             PET1 ESMF_PIO                    : enabled
20220317 012826.230 INFO             PET1 ESMF_YAMLCPP                : enabled
20220317 012826.230 INFO             PET1  NUMBER_OF_PROCESSORS           2
20220317 012826.230 INFO             PET1  PASS  Example ESMF_VMUserMpiCommEx, ESMF_VMUserMpiCommEx.F90, line 113
20220317 012826.230 INFO             PET1 Finalizing ESMF
