build time -- 2022-03-17 01:15:22.898408
20220317 014249.693 INFO             PET0 !!!!!!!!!!!!!!!!!!!!!!!!!!!!!!!!!!!!!!!!!!!!!!!!!!!!!!
20220317 014249.693 INFO             PET0 !!! THE ESMF_LOG IS SET TO OUTPUT ALL LOG MESSAGES !!!
20220317 014249.693 INFO             PET0 !!!     THIS MAY CAUSE SLOWDOWN IN PERFORMANCE     !!!
20220317 014249.693 INFO             PET0 !!! FOR PRODUCTION RUNS, USE:                      !!!
20220317 014249.693 INFO             PET0 !!!                   ESMF_LOGKIND_Multi_On_Error  !!!
20220317 014249.693 INFO             PET0 !!!!!!!!!!!!!!!!!!!!!!!!!!!!!!!!!!!!!!!!!!!!!!!!!!!!!!
20220317 014249.693 INFO             PET0 Running with ESMF Version   : v8.3.0b09-100-g5ff85a963f
20220317 014249.693 INFO             PET0 ESMF library build date/time: "Mar 17 2022" "01:13:20"
20220317 014249.693 INFO             PET0 ESMF library build location : /gpfsm/dnb04/projects/p98/mpotts/esmf/intel_19.1.3_mpt_O_jedwards_pio_update2
20220317 014249.693 INFO             PET0 ESMF_COMM                   : mpt
20220317 014249.695 INFO             PET0 ESMF_MOAB                   : enabled
20220317 014249.695 INFO             PET0 ESMF_LAPACK                 : enabled
20220317 014249.695 INFO             PET0 ESMF_NETCDF                 : enabled
20220317 014249.695 INFO             PET0 ESMF_PNETCDF                : disabled
20220317 014249.695 INFO             PET0 ESMF_PIO                    : enabled
20220317 014249.695 INFO             PET0 ESMF_YAMLCPP                : enabled
20220317 014249.696 INFO             PET0  NUMBER_OF_PROCESSORS           1
20220317 014249.696 INFO             PET0  PASS  Example ESMF_ClockEx, ESMF_ClockEx.F90, line 220
20220317 014249.696 INFO             PET0 Finalizing ESMF
