build time -- 2022-03-22 01:37:53.525971
20220322 023324.880 INFO             PET0 !!!!!!!!!!!!!!!!!!!!!!!!!!!!!!!!!!!!!!!!!!!!!!!!!!!!!!
20220322 023324.880 INFO             PET0 !!! THE ESMF_LOG IS SET TO OUTPUT ALL LOG MESSAGES !!!
20220322 023324.880 INFO             PET0 !!!     THIS MAY CAUSE SLOWDOWN IN PERFORMANCE     !!!
20220322 023324.880 INFO             PET0 !!! FOR PRODUCTION RUNS, USE:                      !!!
20220322 023324.880 INFO             PET0 !!!                   ESMF_LOGKIND_Multi_On_Error  !!!
20220322 023324.880 INFO             PET0 !!!!!!!!!!!!!!!!!!!!!!!!!!!!!!!!!!!!!!!!!!!!!!!!!!!!!!
20220322 023324.880 INFO             PET0 Running with ESMF Version   : v8.3.0b09-102-gabaf3ef548
20220322 023324.880 INFO             PET0 ESMF library build date/time: "Mar 22 2022" "01:35:49"
20220322 023324.880 INFO             PET0 ESMF library build location : /gpfsm/dnb04/projects/p98/mpotts/esmf/intel_19.1.3_mpt_O_jedwards_pio_update2
20220322 023324.880 INFO             PET0 ESMF_COMM                   : mpt
20220322 023324.882 INFO             PET0 ESMF_MOAB                   : enabled
20220322 023324.882 INFO             PET0 ESMF_LAPACK                 : enabled
20220322 023324.882 INFO             PET0 ESMF_NETCDF                 : enabled
20220322 023324.882 INFO             PET0 ESMF_PNETCDF                : disabled
20220322 023324.882 INFO             PET0 ESMF_PIO                    : enabled
20220322 023324.882 INFO             PET0 ESMF_YAMLCPP                : enabled
20220322 023324.919 DEBUG            PET0 about to destroy Grid: 0x19e0090
20220322 023324.922 DEBUG            PET0 about to destroy Grid: 0x19e2e10
20220322 023324.933 INFO             PET0  NUMBER_OF_PROCESSORS           4
20220322 023324.933 INFO             PET0  PASS  Example ESMF_NUOPCAtmModelEx, ESMF_NUOPCAtmModelEx.F90, line 806
20220322 023324.933 INFO             PET0 Finalizing ESMF
20220322 023324.879 INFO             PET1 !!!!!!!!!!!!!!!!!!!!!!!!!!!!!!!!!!!!!!!!!!!!!!!!!!!!!!
20220322 023324.879 INFO             PET1 !!! THE ESMF_LOG IS SET TO OUTPUT ALL LOG MESSAGES !!!
20220322 023324.879 INFO             PET1 !!!     THIS MAY CAUSE SLOWDOWN IN PERFORMANCE     !!!
20220322 023324.879 INFO             PET1 !!! FOR PRODUCTION RUNS, USE:                      !!!
20220322 023324.879 INFO             PET1 !!!                   ESMF_LOGKIND_Multi_On_Error  !!!
20220322 023324.879 INFO             PET1 !!!!!!!!!!!!!!!!!!!!!!!!!!!!!!!!!!!!!!!!!!!!!!!!!!!!!!
20220322 023324.879 INFO             PET1 Running with ESMF Version   : v8.3.0b09-102-gabaf3ef548
20220322 023324.879 INFO             PET1 ESMF library build date/time: "Mar 22 2022" "01:35:49"
20220322 023324.879 INFO             PET1 ESMF library build location : /gpfsm/dnb04/projects/p98/mpotts/esmf/intel_19.1.3_mpt_O_jedwards_pio_update2
20220322 023324.879 INFO             PET1 ESMF_COMM                   : mpt
20220322 023324.881 INFO             PET1 ESMF_MOAB                   : enabled
20220322 023324.881 INFO             PET1 ESMF_LAPACK                 : enabled
20220322 023324.881 INFO             PET1 ESMF_NETCDF                 : enabled
20220322 023324.881 INFO             PET1 ESMF_PNETCDF                : disabled
20220322 023324.881 INFO             PET1 ESMF_PIO                    : enabled
20220322 023324.881 INFO             PET1 ESMF_YAMLCPP                : enabled
20220322 023324.919 DEBUG            PET1 about to destroy Grid: 0x19e3260
20220322 023324.922 DEBUG            PET1 about to destroy Grid: 0x19e3f40
20220322 023324.933 INFO             PET1  NUMBER_OF_PROCESSORS           4
20220322 023324.933 INFO             PET1  PASS  Example ESMF_NUOPCAtmModelEx, ESMF_NUOPCAtmModelEx.F90, line 806
20220322 023324.933 INFO             PET1 Finalizing ESMF
20220322 023324.880 INFO             PET2 !!!!!!!!!!!!!!!!!!!!!!!!!!!!!!!!!!!!!!!!!!!!!!!!!!!!!!
20220322 023324.880 INFO             PET2 !!! THE ESMF_LOG IS SET TO OUTPUT ALL LOG MESSAGES !!!
20220322 023324.880 INFO             PET2 !!!     THIS MAY CAUSE SLOWDOWN IN PERFORMANCE     !!!
20220322 023324.880 INFO             PET2 !!! FOR PRODUCTION RUNS, USE:                      !!!
20220322 023324.880 INFO             PET2 !!!                   ESMF_LOGKIND_Multi_On_Error  !!!
20220322 023324.880 INFO             PET2 !!!!!!!!!!!!!!!!!!!!!!!!!!!!!!!!!!!!!!!!!!!!!!!!!!!!!!
20220322 023324.880 INFO             PET2 Running with ESMF Version   : v8.3.0b09-102-gabaf3ef548
20220322 023324.880 INFO             PET2 ESMF library build date/time: "Mar 22 2022" "01:35:49"
20220322 023324.880 INFO             PET2 ESMF library build location : /gpfsm/dnb04/projects/p98/mpotts/esmf/intel_19.1.3_mpt_O_jedwards_pio_update2
20220322 023324.880 INFO             PET2 ESMF_COMM                   : mpt
20220322 023324.882 INFO             PET2 ESMF_MOAB                   : enabled
20220322 023324.882 INFO             PET2 ESMF_LAPACK                 : enabled
20220322 023324.882 INFO             PET2 ESMF_NETCDF                 : enabled
20220322 023324.882 INFO             PET2 ESMF_PNETCDF                : disabled
20220322 023324.882 INFO             PET2 ESMF_PIO                    : enabled
20220322 023324.882 INFO             PET2 ESMF_YAMLCPP                : enabled
20220322 023324.919 DEBUG            PET2 about to destroy Grid: 0x19e32e0
20220322 023324.922 DEBUG            PET2 about to destroy Grid: 0x19e3fc0
20220322 023324.933 INFO             PET2  NUMBER_OF_PROCESSORS           4
20220322 023324.933 INFO             PET2  PASS  Example ESMF_NUOPCAtmModelEx, ESMF_NUOPCAtmModelEx.F90, line 806
20220322 023324.933 INFO             PET2 Finalizing ESMF
20220322 023324.880 INFO             PET3 !!!!!!!!!!!!!!!!!!!!!!!!!!!!!!!!!!!!!!!!!!!!!!!!!!!!!!
20220322 023324.880 INFO             PET3 !!! THE ESMF_LOG IS SET TO OUTPUT ALL LOG MESSAGES !!!
20220322 023324.880 INFO             PET3 !!!     THIS MAY CAUSE SLOWDOWN IN PERFORMANCE     !!!
20220322 023324.880 INFO             PET3 !!! FOR PRODUCTION RUNS, USE:                      !!!
20220322 023324.880 INFO             PET3 !!!                   ESMF_LOGKIND_Multi_On_Error  !!!
20220322 023324.880 INFO             PET3 !!!!!!!!!!!!!!!!!!!!!!!!!!!!!!!!!!!!!!!!!!!!!!!!!!!!!!
20220322 023324.880 INFO             PET3 Running with ESMF Version   : v8.3.0b09-102-gabaf3ef548
20220322 023324.880 INFO             PET3 ESMF library build date/time: "Mar 22 2022" "01:35:49"
20220322 023324.880 INFO             PET3 ESMF library build location : /gpfsm/dnb04/projects/p98/mpotts/esmf/intel_19.1.3_mpt_O_jedwards_pio_update2
20220322 023324.880 INFO             PET3 ESMF_COMM                   : mpt
20220322 023324.882 INFO             PET3 ESMF_MOAB                   : enabled
20220322 023324.882 INFO             PET3 ESMF_LAPACK                 : enabled
20220322 023324.882 INFO             PET3 ESMF_NETCDF                 : enabled
20220322 023324.882 INFO             PET3 ESMF_PNETCDF                : disabled
20220322 023324.882 INFO             PET3 ESMF_PIO                    : enabled
20220322 023324.882 INFO             PET3 ESMF_YAMLCPP                : enabled
20220322 023324.919 DEBUG            PET3 about to destroy Grid: 0x19e3360
20220322 023324.922 DEBUG            PET3 about to destroy Grid: 0x19e4040
20220322 023324.933 INFO             PET3  NUMBER_OF_PROCESSORS           4
20220322 023324.933 INFO             PET3  PASS  Example ESMF_NUOPCAtmModelEx, ESMF_NUOPCAtmModelEx.F90, line 806
20220322 023324.933 INFO             PET3 Finalizing ESMF
