build time -- 2022-03-17 01:32:18
+ export ESMF_NETCDF=nc-config
+ ESMF_NETCDF=nc-config
+ export ESMF_MPIRUN=mpirun.unicos
+ ESMF_MPIRUN=mpirun.unicos
+ export ESMF_CXXCOMPILECPPFLAGS=-fPIC
+ ESMF_CXXCOMPILECPPFLAGS=-fPIC
+ export 'ESMF_CXXLINKOPTS=-fPIC -lnetcdff -lnetcdff'
+ ESMF_CXXLINKOPTS='-fPIC -lnetcdff -lnetcdff'
+ export ESMF_NETCDF=nc-config
+ ESMF_NETCDF=nc-config
+ sed -i 's/^aprun/mpiexec/' scripts/mpirun.unicos
sed: can't read scripts/mpirun.unicos: No such file or directory
+ sed -i s/lmpi++/lfmpich/ build_config/Linux.intel.default/build_rules.mk
sed: can't read build_config/Linux.intel.default/build_rules.mk: No such file or directory
+ export ESMF_DIR=/lfs/h1/emc/ptmp/Mark.Potts/intel_19.1.3_mpi_g_develop
+ ESMF_DIR=/lfs/h1/emc/ptmp/Mark.Potts/intel_19.1.3_mpi_g_develop
+ export ESMF_COMPILER=intel
+ ESMF_COMPILER=intel
+ export ESMF_COMM=mpi
+ ESMF_COMM=mpi
+ export ESMF_BOPT=g
+ ESMF_BOPT=g
+ export ESMF_TESTEXHAUSTIVE=ON
+ ESMF_TESTEXHAUSTIVE=ON
+ export ESMF_TESTWITHTHREADS=ON
+ ESMF_TESTWITHTHREADS=ON
+ python3 setup.py test_examples_dryrun
running test_examples_dryrun
error: [Errno 2] No such file or directory: ''
+ python3 setup.py test_regrid_from_file_dryrun
running test_regrid_from_file_dryrun
Traceback (most recent call last):
  File "src/ESMF/test/regrid_from_file/run_regrid_from_file_dryrun.py", line 14, in <module>
    from ESMF.test.regrid_from_file.regrid_from_file_consts import DATA_SUBDIR, DATA_URL_ROOT
  File "/lfs/h1/emc/ptmp/Mark.Potts/intel_19.1.3_mpi_g_develop/src/addon/ESMPy/src/ESMF/__init__.py", line 69, in <module>
    from ESMF.api.esmpymanager import *
  File "/lfs/h1/emc/ptmp/Mark.Potts/intel_19.1.3_mpi_g_develop/src/addon/ESMPy/src/ESMF/api/esmpymanager.py", line 11, in <module>
    from ESMF.interface.cbindings import *
  File "/lfs/h1/emc/ptmp/Mark.Potts/intel_19.1.3_mpi_g_develop/src/addon/ESMPy/src/ESMF/interface/cbindings.py", line 13, in <module>
    from ESMF.interface.loadESMF import _ESMF
  File "/lfs/h1/emc/ptmp/Mark.Potts/intel_19.1.3_mpi_g_develop/src/addon/ESMPy/src/ESMF/interface/loadESMF.py", line 36, in <module>
    with open(esmfmk, 'r') as MKFILE:
FileNotFoundError: [Errno 2] No such file or directory: ''
Traceback (most recent call last):
  File "setup.py", line 273, in <module>
    'test_regrid_from_file_parallel': TestRegridFromFileParallelCommand})
  File "/usr/lib64/python3.6/distutils/core.py", line 148, in setup
    dist.run_commands()
  File "/usr/lib64/python3.6/distutils/dist.py", line 955, in run_commands
    self.run_command(cmd)
  File "/usr/lib64/python3.6/distutils/dist.py", line 974, in run_command
    cmd_obj.run()
  File "setup.py", line 192, in run
    subprocess.check_call(cmd)
  File "/usr/lib64/python3.6/subprocess.py", line 311, in check_call
    raise CalledProcessError(retcode, cmd)
subprocess.CalledProcessError: Command '['/usr/bin/python3', 'src/ESMF/test/regrid_from_file/run_regrid_from_file_dryrun.py']' returned non-zero exit status 1.
