build time -- 2022-03-22 03:21:20
20220322 072047.171 INFO             PET0 !!!!!!!!!!!!!!!!!!!!!!!!!!!!!!!!!!!!!!!!!!!!!!!!!!!!!!
20220322 072047.171 INFO             PET0 !!! THE ESMF_LOG IS SET TO OUTPUT ALL LOG MESSAGES !!!
20220322 072047.171 INFO             PET0 !!!     THIS MAY CAUSE SLOWDOWN IN PERFORMANCE     !!!
20220322 072047.171 INFO             PET0 !!! FOR PRODUCTION RUNS, USE:                      !!!
20220322 072047.171 INFO             PET0 !!!                   ESMF_LOGKIND_Multi_On_Error  !!!
20220322 072047.171 INFO             PET0 !!!!!!!!!!!!!!!!!!!!!!!!!!!!!!!!!!!!!!!!!!!!!!!!!!!!!!
20220322 072047.171 INFO             PET0 Running with ESMF Version   : v8.3.0b09-5-g496f893947
20220322 072047.171 INFO             PET0 ESMF library build date/time: "Mar 22 2022" "03:18:48"
20220322 072047.171 INFO             PET0 ESMF library build location : /global/cscratch1/sd/rsdunlap/esmf-testing/intel_19.0.3_mpi_O_develop
20220322 072047.171 INFO             PET0 ESMF_COMM                   : mpi
20220322 072047.172 INFO             PET0 ESMF_MOAB                   : enabled
20220322 072047.172 INFO             PET0 ESMF_LAPACK                 : enabled
20220322 072047.172 INFO             PET0 ESMF_NETCDF                 : enabled
20220322 072047.172 INFO             PET0 ESMF_PNETCDF                : disabled
20220322 072047.172 INFO             PET0 ESMF_PIO                    : enabled
20220322 072047.172 INFO             PET0 ESMF_YAMLCPP                : enabled
20220322 072047.173 INFO             PET0  NUMBER_OF_PROCESSORS           1
20220322 072047.173 INFO             PET0  PASS  Example ESMF_TimeEx, ESMF_TimeEx.F90, line 141
20220322 072047.173 INFO             PET0 Finalizing ESMF
