build time -- 2022-03-12 23:46:11
20220313 002729.423 INFO             PET0 !!!!!!!!!!!!!!!!!!!!!!!!!!!!!!!!!!!!!!!!!!!!!!!!!!!!!!
20220313 002729.423 INFO             PET0 !!! THE ESMF_LOG IS SET TO OUTPUT ALL LOG MESSAGES !!!
20220313 002729.423 INFO             PET0 !!!     THIS MAY CAUSE SLOWDOWN IN PERFORMANCE     !!!
20220313 002729.423 INFO             PET0 !!! FOR PRODUCTION RUNS, USE:                      !!!
20220313 002729.423 INFO             PET0 !!!                   ESMF_LOGKIND_Multi_On_Error  !!!
20220313 002729.423 INFO             PET0 !!!!!!!!!!!!!!!!!!!!!!!!!!!!!!!!!!!!!!!!!!!!!!!!!!!!!!
20220313 002729.423 INFO             PET0 Running with ESMF Version   : v8.3.0b09-96-g559b459836
20220313 002729.423 INFO             PET0 ESMF library build date/time: "Mar 12 2022" "23:42:39"
20220313 002729.423 INFO             PET0 ESMF library build location : /lustre/f2/dev/ncep/Mark.Potts/intel_2019.5_mpi_O_jedwards_pio_update2
20220313 002729.423 INFO             PET0 ESMF_COMM                   : mpi
20220313 002729.424 INFO             PET0 ESMF_MOAB                   : enabled
20220313 002729.424 INFO             PET0 ESMF_LAPACK                 : enabled
20220313 002729.424 INFO             PET0 ESMF_NETCDF                 : enabled
20220313 002729.424 INFO             PET0 ESMF_PNETCDF                : disabled
20220313 002729.424 INFO             PET0 ESMF_PIO                    : enabled
20220313 002729.424 INFO             PET0 ESMF_YAMLCPP                : enabled
20220313 002729.433 INFO             PET0  NUMBER_OF_PROCESSORS           4
20220313 002729.433 INFO             PET0  PASS  Example ESMF_SCompEx, ESMF_SCompEx.F90, line 385
20220313 002729.433 INFO             PET0 Finalizing ESMF
20220313 002729.420 INFO             PET1 !!!!!!!!!!!!!!!!!!!!!!!!!!!!!!!!!!!!!!!!!!!!!!!!!!!!!!
20220313 002729.420 INFO             PET1 !!! THE ESMF_LOG IS SET TO OUTPUT ALL LOG MESSAGES !!!
20220313 002729.420 INFO             PET1 !!!     THIS MAY CAUSE SLOWDOWN IN PERFORMANCE     !!!
20220313 002729.420 INFO             PET1 !!! FOR PRODUCTION RUNS, USE:                      !!!
20220313 002729.420 INFO             PET1 !!!                   ESMF_LOGKIND_Multi_On_Error  !!!
20220313 002729.420 INFO             PET1 !!!!!!!!!!!!!!!!!!!!!!!!!!!!!!!!!!!!!!!!!!!!!!!!!!!!!!
20220313 002729.420 INFO             PET1 Running with ESMF Version   : v8.3.0b09-96-g559b459836
20220313 002729.420 INFO             PET1 ESMF library build date/time: "Mar 12 2022" "23:42:39"
20220313 002729.420 INFO             PET1 ESMF library build location : /lustre/f2/dev/ncep/Mark.Potts/intel_2019.5_mpi_O_jedwards_pio_update2
20220313 002729.420 INFO             PET1 ESMF_COMM                   : mpi
20220313 002729.421 INFO             PET1 ESMF_MOAB                   : enabled
20220313 002729.421 INFO             PET1 ESMF_LAPACK                 : enabled
20220313 002729.421 INFO             PET1 ESMF_NETCDF                 : enabled
20220313 002729.421 INFO             PET1 ESMF_PNETCDF                : disabled
20220313 002729.421 INFO             PET1 ESMF_PIO                    : enabled
20220313 002729.421 INFO             PET1 ESMF_YAMLCPP                : enabled
20220313 002729.433 INFO             PET1  NUMBER_OF_PROCESSORS           4
20220313 002729.434 INFO             PET1  PASS  Example ESMF_SCompEx, ESMF_SCompEx.F90, line 385
20220313 002729.434 INFO             PET1 Finalizing ESMF
20220313 002729.429 INFO             PET2 !!!!!!!!!!!!!!!!!!!!!!!!!!!!!!!!!!!!!!!!!!!!!!!!!!!!!!
20220313 002729.429 INFO             PET2 !!! THE ESMF_LOG IS SET TO OUTPUT ALL LOG MESSAGES !!!
20220313 002729.429 INFO             PET2 !!!     THIS MAY CAUSE SLOWDOWN IN PERFORMANCE     !!!
20220313 002729.429 INFO             PET2 !!! FOR PRODUCTION RUNS, USE:                      !!!
20220313 002729.429 INFO             PET2 !!!                   ESMF_LOGKIND_Multi_On_Error  !!!
20220313 002729.429 INFO             PET2 !!!!!!!!!!!!!!!!!!!!!!!!!!!!!!!!!!!!!!!!!!!!!!!!!!!!!!
20220313 002729.429 INFO             PET2 Running with ESMF Version   : v8.3.0b09-96-g559b459836
20220313 002729.429 INFO             PET2 ESMF library build date/time: "Mar 12 2022" "23:42:39"
20220313 002729.429 INFO             PET2 ESMF library build location : /lustre/f2/dev/ncep/Mark.Potts/intel_2019.5_mpi_O_jedwards_pio_update2
20220313 002729.429 INFO             PET2 ESMF_COMM                   : mpi
20220313 002729.430 INFO             PET2 ESMF_MOAB                   : enabled
20220313 002729.430 INFO             PET2 ESMF_LAPACK                 : enabled
20220313 002729.430 INFO             PET2 ESMF_NETCDF                 : enabled
20220313 002729.430 INFO             PET2 ESMF_PNETCDF                : disabled
20220313 002729.430 INFO             PET2 ESMF_PIO                    : enabled
20220313 002729.430 INFO             PET2 ESMF_YAMLCPP                : enabled
20220313 002729.433 INFO             PET2  NUMBER_OF_PROCESSORS           4
20220313 002729.434 INFO             PET2  PASS  Example ESMF_SCompEx, ESMF_SCompEx.F90, line 385
20220313 002729.434 INFO             PET2 Finalizing ESMF
20220313 002729.431 INFO             PET3 !!!!!!!!!!!!!!!!!!!!!!!!!!!!!!!!!!!!!!!!!!!!!!!!!!!!!!
20220313 002729.431 INFO             PET3 !!! THE ESMF_LOG IS SET TO OUTPUT ALL LOG MESSAGES !!!
20220313 002729.431 INFO             PET3 !!!     THIS MAY CAUSE SLOWDOWN IN PERFORMANCE     !!!
20220313 002729.431 INFO             PET3 !!! FOR PRODUCTION RUNS, USE:                      !!!
20220313 002729.431 INFO             PET3 !!!                   ESMF_LOGKIND_Multi_On_Error  !!!
20220313 002729.431 INFO             PET3 !!!!!!!!!!!!!!!!!!!!!!!!!!!!!!!!!!!!!!!!!!!!!!!!!!!!!!
20220313 002729.431 INFO             PET3 Running with ESMF Version   : v8.3.0b09-96-g559b459836
20220313 002729.431 INFO             PET3 ESMF library build date/time: "Mar 12 2022" "23:42:39"
20220313 002729.431 INFO             PET3 ESMF library build location : /lustre/f2/dev/ncep/Mark.Potts/intel_2019.5_mpi_O_jedwards_pio_update2
20220313 002729.431 INFO             PET3 ESMF_COMM                   : mpi
20220313 002729.432 INFO             PET3 ESMF_MOAB                   : enabled
20220313 002729.432 INFO             PET3 ESMF_LAPACK                 : enabled
20220313 002729.432 INFO             PET3 ESMF_NETCDF                 : enabled
20220313 002729.432 INFO             PET3 ESMF_PNETCDF                : disabled
20220313 002729.432 INFO             PET3 ESMF_PIO                    : enabled
20220313 002729.432 INFO             PET3 ESMF_YAMLCPP                : enabled
20220313 002729.433 INFO             PET3  NUMBER_OF_PROCESSORS           4
20220313 002729.434 INFO             PET3  PASS  Example ESMF_SCompEx, ESMF_SCompEx.F90, line 385
20220313 002729.434 INFO             PET3 Finalizing ESMF
