build time -- 2022-03-11 23:42:24
20220312 002238.955 INFO             PET0 !!!!!!!!!!!!!!!!!!!!!!!!!!!!!!!!!!!!!!!!!!!!!!!!!!!!!!
20220312 002238.955 INFO             PET0 !!! THE ESMF_LOG IS SET TO OUTPUT ALL LOG MESSAGES !!!
20220312 002238.955 INFO             PET0 !!!     THIS MAY CAUSE SLOWDOWN IN PERFORMANCE     !!!
20220312 002238.955 INFO             PET0 !!! FOR PRODUCTION RUNS, USE:                      !!!
20220312 002238.955 INFO             PET0 !!!                   ESMF_LOGKIND_Multi_On_Error  !!!
20220312 002238.955 INFO             PET0 !!!!!!!!!!!!!!!!!!!!!!!!!!!!!!!!!!!!!!!!!!!!!!!!!!!!!!
20220312 002238.955 INFO             PET0 Running with ESMF Version   : v8.3.0b09-96-g559b459836
20220312 002238.955 INFO             PET0 ESMF library build date/time: "Mar 11 2022" "23:40:33"
20220312 002238.955 INFO             PET0 ESMF library build location : /lustre/f2/dev/ncep/Mark.Potts/intel_2019.5_mpi_O_jedwards_pio_update2
20220312 002238.955 INFO             PET0 ESMF_COMM                   : mpi
20220312 002238.956 INFO             PET0 ESMF_MOAB                   : enabled
20220312 002238.956 INFO             PET0 ESMF_LAPACK                 : enabled
20220312 002238.956 INFO             PET0 ESMF_NETCDF                 : enabled
20220312 002238.956 INFO             PET0 ESMF_PNETCDF                : disabled
20220312 002238.956 INFO             PET0 ESMF_PIO                    : enabled
20220312 002238.956 INFO             PET0 ESMF_YAMLCPP                : enabled
20220312 002239.099 INFO             PET0  NUMBER_OF_PROCESSORS           4
20220312 002239.099 INFO             PET0  PASS  Example ESMF_GridUsageEx, ESMF_GridUsageEx.F90, line 3470
20220312 002239.099 INFO             PET0 Finalizing ESMF
20220312 002238.943 INFO             PET1 !!!!!!!!!!!!!!!!!!!!!!!!!!!!!!!!!!!!!!!!!!!!!!!!!!!!!!
20220312 002238.943 INFO             PET1 !!! THE ESMF_LOG IS SET TO OUTPUT ALL LOG MESSAGES !!!
20220312 002238.943 INFO             PET1 !!!     THIS MAY CAUSE SLOWDOWN IN PERFORMANCE     !!!
20220312 002238.943 INFO             PET1 !!! FOR PRODUCTION RUNS, USE:                      !!!
20220312 002238.943 INFO             PET1 !!!                   ESMF_LOGKIND_Multi_On_Error  !!!
20220312 002238.943 INFO             PET1 !!!!!!!!!!!!!!!!!!!!!!!!!!!!!!!!!!!!!!!!!!!!!!!!!!!!!!
20220312 002238.943 INFO             PET1 Running with ESMF Version   : v8.3.0b09-96-g559b459836
20220312 002238.943 INFO             PET1 ESMF library build date/time: "Mar 11 2022" "23:40:33"
20220312 002238.943 INFO             PET1 ESMF library build location : /lustre/f2/dev/ncep/Mark.Potts/intel_2019.5_mpi_O_jedwards_pio_update2
20220312 002238.943 INFO             PET1 ESMF_COMM                   : mpi
20220312 002238.944 INFO             PET1 ESMF_MOAB                   : enabled
20220312 002238.944 INFO             PET1 ESMF_LAPACK                 : enabled
20220312 002238.944 INFO             PET1 ESMF_NETCDF                 : enabled
20220312 002238.944 INFO             PET1 ESMF_PNETCDF                : disabled
20220312 002238.944 INFO             PET1 ESMF_PIO                    : enabled
20220312 002238.944 INFO             PET1 ESMF_YAMLCPP                : enabled
20220312 002239.099 INFO             PET1  NUMBER_OF_PROCESSORS           4
20220312 002239.099 INFO             PET1  PASS  Example ESMF_GridUsageEx, ESMF_GridUsageEx.F90, line 3470
20220312 002239.099 INFO             PET1 Finalizing ESMF
20220312 002238.944 INFO             PET2 !!!!!!!!!!!!!!!!!!!!!!!!!!!!!!!!!!!!!!!!!!!!!!!!!!!!!!
20220312 002238.944 INFO             PET2 !!! THE ESMF_LOG IS SET TO OUTPUT ALL LOG MESSAGES !!!
20220312 002238.944 INFO             PET2 !!!     THIS MAY CAUSE SLOWDOWN IN PERFORMANCE     !!!
20220312 002238.944 INFO             PET2 !!! FOR PRODUCTION RUNS, USE:                      !!!
20220312 002238.944 INFO             PET2 !!!                   ESMF_LOGKIND_Multi_On_Error  !!!
20220312 002238.944 INFO             PET2 !!!!!!!!!!!!!!!!!!!!!!!!!!!!!!!!!!!!!!!!!!!!!!!!!!!!!!
20220312 002238.944 INFO             PET2 Running with ESMF Version   : v8.3.0b09-96-g559b459836
20220312 002238.944 INFO             PET2 ESMF library build date/time: "Mar 11 2022" "23:40:33"
20220312 002238.944 INFO             PET2 ESMF library build location : /lustre/f2/dev/ncep/Mark.Potts/intel_2019.5_mpi_O_jedwards_pio_update2
20220312 002238.944 INFO             PET2 ESMF_COMM                   : mpi
20220312 002238.945 INFO             PET2 ESMF_MOAB                   : enabled
20220312 002238.945 INFO             PET2 ESMF_LAPACK                 : enabled
20220312 002238.945 INFO             PET2 ESMF_NETCDF                 : enabled
20220312 002238.945 INFO             PET2 ESMF_PNETCDF                : disabled
20220312 002238.945 INFO             PET2 ESMF_PIO                    : enabled
20220312 002238.945 INFO             PET2 ESMF_YAMLCPP                : enabled
20220312 002239.098 INFO             PET2  NUMBER_OF_PROCESSORS           4
20220312 002239.098 INFO             PET2  PASS  Example ESMF_GridUsageEx, ESMF_GridUsageEx.F90, line 3470
20220312 002239.098 INFO             PET2 Finalizing ESMF
20220312 002238.936 INFO             PET3 !!!!!!!!!!!!!!!!!!!!!!!!!!!!!!!!!!!!!!!!!!!!!!!!!!!!!!
20220312 002238.936 INFO             PET3 !!! THE ESMF_LOG IS SET TO OUTPUT ALL LOG MESSAGES !!!
20220312 002238.936 INFO             PET3 !!!     THIS MAY CAUSE SLOWDOWN IN PERFORMANCE     !!!
20220312 002238.937 INFO             PET3 !!! FOR PRODUCTION RUNS, USE:                      !!!
20220312 002238.937 INFO             PET3 !!!                   ESMF_LOGKIND_Multi_On_Error  !!!
20220312 002238.937 INFO             PET3 !!!!!!!!!!!!!!!!!!!!!!!!!!!!!!!!!!!!!!!!!!!!!!!!!!!!!!
20220312 002238.937 INFO             PET3 Running with ESMF Version   : v8.3.0b09-96-g559b459836
20220312 002238.937 INFO             PET3 ESMF library build date/time: "Mar 11 2022" "23:40:33"
20220312 002238.937 INFO             PET3 ESMF library build location : /lustre/f2/dev/ncep/Mark.Potts/intel_2019.5_mpi_O_jedwards_pio_update2
20220312 002238.937 INFO             PET3 ESMF_COMM                   : mpi
20220312 002238.937 INFO             PET3 ESMF_MOAB                   : enabled
20220312 002238.937 INFO             PET3 ESMF_LAPACK                 : enabled
20220312 002238.937 INFO             PET3 ESMF_NETCDF                 : enabled
20220312 002238.937 INFO             PET3 ESMF_PNETCDF                : disabled
20220312 002238.937 INFO             PET3 ESMF_PIO                    : enabled
20220312 002238.937 INFO             PET3 ESMF_YAMLCPP                : enabled
20220312 002239.099 INFO             PET3  NUMBER_OF_PROCESSORS           4
20220312 002239.099 INFO             PET3  PASS  Example ESMF_GridUsageEx, ESMF_GridUsageEx.F90, line 3470
20220312 002239.099 INFO             PET3 Finalizing ESMF
