build time -- 2022-03-17 18:36:17.666405
20220317 193725.155 INFO             PET0 !!!!!!!!!!!!!!!!!!!!!!!!!!!!!!!!!!!!!!!!!!!!!!!!!!!!!!
20220317 193725.155 INFO             PET0 !!! THE ESMF_LOG IS SET TO OUTPUT ALL LOG MESSAGES !!!
20220317 193725.155 INFO             PET0 !!!     THIS MAY CAUSE SLOWDOWN IN PERFORMANCE     !!!
20220317 193725.155 INFO             PET0 !!! FOR PRODUCTION RUNS, USE:                      !!!
20220317 193725.155 INFO             PET0 !!!                   ESMF_LOGKIND_Multi_On_Error  !!!
20220317 193725.155 INFO             PET0 !!!!!!!!!!!!!!!!!!!!!!!!!!!!!!!!!!!!!!!!!!!!!!!!!!!!!!
20220317 193725.155 INFO             PET0 Running with ESMF Version   : v8.3.0b09-102-gabaf3ef548
20220317 193725.155 INFO             PET0 ESMF library build date/time: "Mar 17 2022" "18:29:52"
20220317 193725.155 INFO             PET0 ESMF library build location : /glade/scratch/rlong/esmf-testing/intel_18.0.5_mpiuni_g_jedwards_pio_update2
20220317 193725.155 INFO             PET0 ESMF_COMM                   : mpiuni
20220317 193725.156 INFO             PET0 ESMF_MOAB                   : enabled
20220317 193725.156 INFO             PET0 ESMF_LAPACK                 : enabled
20220317 193725.156 INFO             PET0 ESMF_NETCDF                 : enabled
20220317 193725.156 INFO             PET0 ESMF_PNETCDF                : disabled
20220317 193725.156 INFO             PET0 ESMF_PIO                    : disabled
20220317 193725.156 INFO             PET0 ESMF_YAMLCPP                : enabled
20220317 193725.157 INFO             PET0  NUMBER_OF_PROCESSORS           1
20220317 193725.157 INFO             PET0  PASS  Example ESMF_GridCreateRegFromDGEx, ESMF_GridCreateRegFromDGEx.F90, line 112
20220317 193725.157 INFO             PET0 Finalizing ESMF
