build time -- 2022-03-29 01:26:35
20220329 014421.060 INFO             PET0 !!!!!!!!!!!!!!!!!!!!!!!!!!!!!!!!!!!!!!!!!!!!!!!!!!!!!!
20220329 014421.060 INFO             PET0 !!! THE ESMF_LOG IS SET TO OUTPUT ALL LOG MESSAGES !!!
20220329 014421.060 INFO             PET0 !!!     THIS MAY CAUSE SLOWDOWN IN PERFORMANCE     !!!
20220329 014421.060 INFO             PET0 !!! FOR PRODUCTION RUNS, USE:                      !!!
20220329 014421.060 INFO             PET0 !!!                   ESMF_LOGKIND_Multi_On_Error  !!!
20220329 014421.060 INFO             PET0 !!!!!!!!!!!!!!!!!!!!!!!!!!!!!!!!!!!!!!!!!!!!!!!!!!!!!!
20220329 014421.060 INFO             PET0 Running with ESMF Version   : v8.3.0b11
20220329 014421.060 INFO             PET0 ESMF library build date/time: "Mar 29 2022" "01:25:32"
20220329 014421.060 INFO             PET0 ESMF library build location : /lfs/h1/emc/ptmp/Mark.Potts/intel_19.1.3_mpi_O_develop
20220329 014421.060 INFO             PET0 ESMF_COMM                   : mpi
20220329 014421.061 INFO             PET0 ESMF_MOAB                   : enabled
20220329 014421.061 INFO             PET0 ESMF_LAPACK                 : enabled
20220329 014421.061 INFO             PET0 ESMF_NETCDF                 : enabled
20220329 014421.061 INFO             PET0 ESMF_PNETCDF                : disabled
20220329 014421.061 INFO             PET0 ESMF_PIO                    : enabled
20220329 014421.061 INFO             PET0 ESMF_YAMLCPP                : enabled
20220329 014421.093 DEBUG            PET0 about to destroy Grid: 0x14d2930
20220329 014421.096 DEBUG            PET0 about to destroy Grid: 0x14d4940
20220329 014421.104 INFO             PET0  NUMBER_OF_PROCESSORS           4
20220329 014421.104 INFO             PET0  PASS  Example ESMF_NUOPCAtmModelEx, ESMF_NUOPCAtmModelEx.F90, line 806
20220329 014421.104 INFO             PET0 Finalizing ESMF
20220329 014421.060 INFO             PET1 !!!!!!!!!!!!!!!!!!!!!!!!!!!!!!!!!!!!!!!!!!!!!!!!!!!!!!
20220329 014421.060 INFO             PET1 !!! THE ESMF_LOG IS SET TO OUTPUT ALL LOG MESSAGES !!!
20220329 014421.060 INFO             PET1 !!!     THIS MAY CAUSE SLOWDOWN IN PERFORMANCE     !!!
20220329 014421.060 INFO             PET1 !!! FOR PRODUCTION RUNS, USE:                      !!!
20220329 014421.060 INFO             PET1 !!!                   ESMF_LOGKIND_Multi_On_Error  !!!
20220329 014421.060 INFO             PET1 !!!!!!!!!!!!!!!!!!!!!!!!!!!!!!!!!!!!!!!!!!!!!!!!!!!!!!
20220329 014421.060 INFO             PET1 Running with ESMF Version   : v8.3.0b11
20220329 014421.060 INFO             PET1 ESMF library build date/time: "Mar 29 2022" "01:25:32"
20220329 014421.060 INFO             PET1 ESMF library build location : /lfs/h1/emc/ptmp/Mark.Potts/intel_19.1.3_mpi_O_develop
20220329 014421.060 INFO             PET1 ESMF_COMM                   : mpi
20220329 014421.061 INFO             PET1 ESMF_MOAB                   : enabled
20220329 014421.061 INFO             PET1 ESMF_LAPACK                 : enabled
20220329 014421.061 INFO             PET1 ESMF_NETCDF                 : enabled
20220329 014421.061 INFO             PET1 ESMF_PNETCDF                : disabled
20220329 014421.061 INFO             PET1 ESMF_PIO                    : enabled
20220329 014421.061 INFO             PET1 ESMF_YAMLCPP                : enabled
20220329 014421.093 DEBUG            PET1 about to destroy Grid: 0x146a5a0
20220329 014421.096 DEBUG            PET1 about to destroy Grid: 0x146b5b0
20220329 014421.104 INFO             PET1  NUMBER_OF_PROCESSORS           4
20220329 014421.104 INFO             PET1  PASS  Example ESMF_NUOPCAtmModelEx, ESMF_NUOPCAtmModelEx.F90, line 806
20220329 014421.104 INFO             PET1 Finalizing ESMF
20220329 014421.060 INFO             PET2 !!!!!!!!!!!!!!!!!!!!!!!!!!!!!!!!!!!!!!!!!!!!!!!!!!!!!!
20220329 014421.060 INFO             PET2 !!! THE ESMF_LOG IS SET TO OUTPUT ALL LOG MESSAGES !!!
20220329 014421.060 INFO             PET2 !!!     THIS MAY CAUSE SLOWDOWN IN PERFORMANCE     !!!
20220329 014421.060 INFO             PET2 !!! FOR PRODUCTION RUNS, USE:                      !!!
20220329 014421.060 INFO             PET2 !!!                   ESMF_LOGKIND_Multi_On_Error  !!!
20220329 014421.060 INFO             PET2 !!!!!!!!!!!!!!!!!!!!!!!!!!!!!!!!!!!!!!!!!!!!!!!!!!!!!!
20220329 014421.060 INFO             PET2 Running with ESMF Version   : v8.3.0b11
20220329 014421.060 INFO             PET2 ESMF library build date/time: "Mar 29 2022" "01:25:32"
20220329 014421.060 INFO             PET2 ESMF library build location : /lfs/h1/emc/ptmp/Mark.Potts/intel_19.1.3_mpi_O_develop
20220329 014421.060 INFO             PET2 ESMF_COMM                   : mpi
20220329 014421.061 INFO             PET2 ESMF_MOAB                   : enabled
20220329 014421.061 INFO             PET2 ESMF_LAPACK                 : enabled
20220329 014421.061 INFO             PET2 ESMF_NETCDF                 : enabled
20220329 014421.061 INFO             PET2 ESMF_PNETCDF                : disabled
20220329 014421.061 INFO             PET2 ESMF_PIO                    : enabled
20220329 014421.061 INFO             PET2 ESMF_YAMLCPP                : enabled
20220329 014421.093 DEBUG            PET2 about to destroy Grid: 0x2912630
20220329 014421.096 DEBUG            PET2 about to destroy Grid: 0x2913640
20220329 014421.104 INFO             PET2  NUMBER_OF_PROCESSORS           4
20220329 014421.104 INFO             PET2  PASS  Example ESMF_NUOPCAtmModelEx, ESMF_NUOPCAtmModelEx.F90, line 806
20220329 014421.104 INFO             PET2 Finalizing ESMF
20220329 014421.060 INFO             PET3 !!!!!!!!!!!!!!!!!!!!!!!!!!!!!!!!!!!!!!!!!!!!!!!!!!!!!!
20220329 014421.060 INFO             PET3 !!! THE ESMF_LOG IS SET TO OUTPUT ALL LOG MESSAGES !!!
20220329 014421.060 INFO             PET3 !!!     THIS MAY CAUSE SLOWDOWN IN PERFORMANCE     !!!
20220329 014421.060 INFO             PET3 !!! FOR PRODUCTION RUNS, USE:                      !!!
20220329 014421.060 INFO             PET3 !!!                   ESMF_LOGKIND_Multi_On_Error  !!!
20220329 014421.060 INFO             PET3 !!!!!!!!!!!!!!!!!!!!!!!!!!!!!!!!!!!!!!!!!!!!!!!!!!!!!!
20220329 014421.060 INFO             PET3 Running with ESMF Version   : v8.3.0b11
20220329 014421.060 INFO             PET3 ESMF library build date/time: "Mar 29 2022" "01:25:32"
20220329 014421.060 INFO             PET3 ESMF library build location : /lfs/h1/emc/ptmp/Mark.Potts/intel_19.1.3_mpi_O_develop
20220329 014421.060 INFO             PET3 ESMF_COMM                   : mpi
20220329 014421.061 INFO             PET3 ESMF_MOAB                   : enabled
20220329 014421.061 INFO             PET3 ESMF_LAPACK                 : enabled
20220329 014421.061 INFO             PET3 ESMF_NETCDF                 : enabled
20220329 014421.061 INFO             PET3 ESMF_PNETCDF                : disabled
20220329 014421.061 INFO             PET3 ESMF_PIO                    : enabled
20220329 014421.061 INFO             PET3 ESMF_YAMLCPP                : enabled
20220329 014421.093 DEBUG            PET3 about to destroy Grid: 0xeb0610
20220329 014421.096 DEBUG            PET3 about to destroy Grid: 0xeb1620
20220329 014421.104 INFO             PET3  NUMBER_OF_PROCESSORS           4
20220329 014421.104 INFO             PET3  PASS  Example ESMF_NUOPCAtmModelEx, ESMF_NUOPCAtmModelEx.F90, line 806
20220329 014421.104 INFO             PET3 Finalizing ESMF
