build time -- 2022-03-13 06:08:25
20220313 063127.147 INFO             PET0 !!!!!!!!!!!!!!!!!!!!!!!!!!!!!!!!!!!!!!!!!!!!!!!!!!!!!!
20220313 063127.147 INFO             PET0 !!! THE ESMF_LOG IS SET TO OUTPUT ALL LOG MESSAGES !!!
20220313 063127.147 INFO             PET0 !!!     THIS MAY CAUSE SLOWDOWN IN PERFORMANCE     !!!
20220313 063127.147 INFO             PET0 !!! FOR PRODUCTION RUNS, USE:                      !!!
20220313 063127.147 INFO             PET0 !!!                   ESMF_LOGKIND_Multi_On_Error  !!!
20220313 063127.147 INFO             PET0 !!!!!!!!!!!!!!!!!!!!!!!!!!!!!!!!!!!!!!!!!!!!!!!!!!!!!!
20220313 063127.147 INFO             PET0 Running with ESMF Version   : v8.3.0b09-96-g559b459836
20220313 063127.147 INFO             PET0 ESMF library build date/time: "Mar 13 2022" "06:06:46"
20220313 063127.147 INFO             PET0 ESMF library build location : /scratch1/NCEPDEV/stmp2/role.esmfmaint/intel_18.0.4_mpiuni_O_jedwards_pio_update2
20220313 063127.147 INFO             PET0 ESMF_COMM                   : mpiuni
20220313 063127.148 INFO             PET0 ESMF_MOAB                   : enabled
20220313 063127.148 INFO             PET0 ESMF_LAPACK                 : enabled
20220313 063127.148 INFO             PET0 ESMF_NETCDF                 : enabled
20220313 063127.148 INFO             PET0 ESMF_PNETCDF                : disabled
20220313 063127.148 INFO             PET0 ESMF_PIO                    : disabled
20220313 063127.148 INFO             PET0 ESMF_YAMLCPP                : enabled
20220313 063127.150 INFO             PET0  NUMBER_OF_PROCESSORS           1
20220313 063127.150 INFO             PET0  PASS  Example ESMF_AttachMethodsEx, ESMF_AttachMethodsEx.F90, line 292
20220313 063127.150 INFO             PET0 Finalizing ESMF
