build time -- 2022-03-12 06:05:30
20220312 062631.183 INFO             PET0 !!!!!!!!!!!!!!!!!!!!!!!!!!!!!!!!!!!!!!!!!!!!!!!!!!!!!!
20220312 062631.183 INFO             PET0 !!! THE ESMF_LOG IS SET TO OUTPUT ALL LOG MESSAGES !!!
20220312 062631.183 INFO             PET0 !!!     THIS MAY CAUSE SLOWDOWN IN PERFORMANCE     !!!
20220312 062631.183 INFO             PET0 !!! FOR PRODUCTION RUNS, USE:                      !!!
20220312 062631.183 INFO             PET0 !!!                   ESMF_LOGKIND_Multi_On_Error  !!!
20220312 062631.183 INFO             PET0 !!!!!!!!!!!!!!!!!!!!!!!!!!!!!!!!!!!!!!!!!!!!!!!!!!!!!!
20220312 062631.183 INFO             PET0 Running with ESMF Version   : v8.3.0b09-96-g559b459836
20220312 062631.183 INFO             PET0 ESMF library build date/time: "Mar 12 2022" "06:03:53"
20220312 062631.183 INFO             PET0 ESMF library build location : /scratch1/NCEPDEV/stmp2/role.esmfmaint/intel_18.0.4_mpiuni_O_jedwards_pio_update2
20220312 062631.183 INFO             PET0 ESMF_COMM                   : mpiuni
20220312 062631.184 INFO             PET0 ESMF_MOAB                   : enabled
20220312 062631.184 INFO             PET0 ESMF_LAPACK                 : enabled
20220312 062631.184 INFO             PET0 ESMF_NETCDF                 : enabled
20220312 062631.184 INFO             PET0 ESMF_PNETCDF                : disabled
20220312 062631.184 INFO             PET0 ESMF_PIO                    : disabled
20220312 062631.184 INFO             PET0 ESMF_YAMLCPP                : enabled
20220312 062631.185 INFO             PET0  NUMBER_OF_PROCESSORS           1
20220312 062631.185 INFO             PET0  PASS  Example ESMF_DELayoutEx, ESMF_DELayoutEx.F90, line 394
20220312 062631.185 INFO             PET0 Finalizing ESMF
