build time -- 2022-03-15 01:32:57
20220315 014757.360 INFO             PET0 !!!!!!!!!!!!!!!!!!!!!!!!!!!!!!!!!!!!!!!!!!!!!!!!!!!!!!
20220315 014757.360 INFO             PET0 !!! THE ESMF_LOG IS SET TO OUTPUT ALL LOG MESSAGES !!!
20220315 014757.360 INFO             PET0 !!!     THIS MAY CAUSE SLOWDOWN IN PERFORMANCE     !!!
20220315 014757.360 INFO             PET0 !!! FOR PRODUCTION RUNS, USE:                      !!!
20220315 014757.360 INFO             PET0 !!!                   ESMF_LOGKIND_Multi_On_Error  !!!
20220315 014757.360 INFO             PET0 !!!!!!!!!!!!!!!!!!!!!!!!!!!!!!!!!!!!!!!!!!!!!!!!!!!!!!
20220315 014757.360 INFO             PET0 Running with ESMF Version   : v8.3.0b09-100-g5ff85a963f
20220315 014757.360 INFO             PET0 ESMF library build date/time: "Mar 15 2022" "01:31:56"
20220315 014757.360 INFO             PET0 ESMF library build location : /lfs/h1/emc/ptmp/Mark.Potts/intel_2019.3_mpi_g_jedwards_pio_update2
20220315 014757.360 INFO             PET0 ESMF_COMM                   : mpi
20220315 014757.360 INFO             PET0 ESMF_MOAB                   : enabled
20220315 014757.360 INFO             PET0 ESMF_LAPACK                 : enabled
20220315 014757.360 INFO             PET0 ESMF_NETCDF                 : enabled
20220315 014757.360 INFO             PET0 ESMF_PNETCDF                : disabled
20220315 014757.360 INFO             PET0 ESMF_PIO                    : enabled
20220315 014757.360 INFO             PET0 ESMF_YAMLCPP                : enabled
20220315 014757.361 INFO             PET0  NUMBER_OF_PROCESSORS           1
20220315 014757.361 INFO             PET0  PASS  Example ESMF_ClockEx, ESMF_ClockEx.F90, line 220
20220315 014757.361 INFO             PET0 Finalizing ESMF
