build time -- 2022-03-21 02:48:08
20220321 034957.876 INFO             PET0 !!!!!!!!!!!!!!!!!!!!!!!!!!!!!!!!!!!!!!!!!!!!!!!!!!!!!!
20220321 034957.876 INFO             PET0 !!! THE ESMF_LOG IS SET TO OUTPUT ALL LOG MESSAGES !!!
20220321 034957.876 INFO             PET0 !!!     THIS MAY CAUSE SLOWDOWN IN PERFORMANCE     !!!
20220321 034957.876 INFO             PET0 !!! FOR PRODUCTION RUNS, USE:                      !!!
20220321 034957.876 INFO             PET0 !!!                   ESMF_LOGKIND_Multi_On_Error  !!!
20220321 034957.876 INFO             PET0 !!!!!!!!!!!!!!!!!!!!!!!!!!!!!!!!!!!!!!!!!!!!!!!!!!!!!!
20220321 034957.876 INFO             PET0 Running with ESMF Version   : v8.3.0b09-102-gabaf3ef548
20220321 034957.876 INFO             PET0 ESMF library build date/time: "Mar 21 2022" "02:45:54"
20220321 034957.876 INFO             PET0 ESMF library build location : /global/cscratch1/sd/rsdunlap/esmf-testing/intel_19.0.3_mpi_O_jedwards_pio_update2
20220321 034957.876 INFO             PET0 ESMF_COMM                   : mpi
20220321 034957.886 INFO             PET0 ESMF_MOAB                   : enabled
20220321 034957.886 INFO             PET0 ESMF_LAPACK                 : enabled
20220321 034957.886 INFO             PET0 ESMF_NETCDF                 : enabled
20220321 034957.886 INFO             PET0 ESMF_PNETCDF                : disabled
20220321 034957.886 INFO             PET0 ESMF_PIO                    : enabled
20220321 034957.886 INFO             PET0 ESMF_YAMLCPP                : enabled
20220321 034957.886 INFO             PET0  NUMBER_OF_PROCESSORS           1
20220321 034957.886 INFO             PET0  PASS  Example CalendarEx, ESMF_CalendarEx.F90, line 217
20220321 034957.886 INFO             PET0 Finalizing ESMF
