build time -- 2022-03-19 07:39:50
 sumA =   0.7000000    
 sumB =   0.7000000    
 sumC =   0.9000000    
 sumD =   0.9000000    
 sumE =   0.9000000    
 result SRCSEQ#1 =   0.7000000      expect:   0.7000000    
Rank 1 [Sat Mar 19 20:08:02 2022] [c9-0c1s8n2] Fatal error in PMPI_Type_size: Invalid datatype, error stack:
PMPI_Type_size(119): MPI_Type_size(MPI_DATATYPE_NULL) failed
PMPI_Type_size(69).: Datatype for argument datatype is a null datatype
Rank 2 [Sat Mar 19 20:08:02 2022] [c9-0c1s8n2] Fatal error in PMPI_Type_size: Invalid datatype, error stack:
PMPI_Type_size(119): MPI_Type_size(MPI_DATATYPE_NULL) failed
PMPI_Type_size(69).: Datatype for argument datatype is a null datatype
Rank 3 [Sat Mar 19 20:08:02 2022] [c9-0c1s8n2] Fatal error in PMPI_Type_size: Invalid datatype, error stack:
PMPI_Type_size(119): MPI_Type_size(MPI_DATATYPE_NULL) failed
PMPI_Type_size(69).: Datatype for argument datatype is a null datatype
forrtl: error (76): Abort trap signal
Image              PC                Routine            Line        Source             
ESMF_RHandleBitFo  000000002006540B  for__signal_handl     Unknown  Unknown
libpthread-2.26.s  000015554FD48310  Unknown               Unknown  Unknown
libc-2.26.so       000015554F9B3360  gsignal               Unknown  Unknown
libc-2.26.so       000015554F9B4941  abort                 Unknown  Unknown
libmpich_intel.so  0000155550EC2868  Unknown               Unknown  Unknown
libmpich_intel.so  0000155550E4A812  MPIR_Handle_fatal     Unknown  Unknown
libmpich_intel.so  0000155550E4A94E  MPIR_Err_return_c     Unknown  Unknown
libmpich_intel.so  0000155550DB545D  MPI_Type_size         Unknown  Unknown
libdarshan.so      000015555170EA84  PMPI_Alltoallw        Unknown  Unknown
ESMF_RHandleBitFo  0000000020023B0F  Unknown               Unknown  Unknown
ESMF_RHandleBitFo  0000000020024864  Unknown               Unknown  Unknown
ESMF_RHandleBitFo  000000002003E195  Unknown               Unknown  Unknown
ESMF_RHandleBitFo  0000000020043125  Unknown               Unknown  Unknown
ESMF_RHandleBitFo  0000000020014FE5  PIOc_sync             Unknown  Unknown
libesmf.so         00001555537A0EFB  _ZN5ESMCI11PIO_Ha     Unknown  Unknown
libesmf.so         000015555331C0EF  _ZN5ESMCI2IO5clos     Unknown  Unknown
libesmf.so         00001555533168C0  _ZN5ESMCI2IO5writ     Unknown  Unknown
libesmf.so         0000155552F56F31  _ZN5ESMCI5Array5w     Unknown  Unknown
libesmf.so         00001555537F1762  _ZNK5ESMCI11Route     Unknown  Unknown
libesmf.so         00001555537F5BF7  c_esmc_routehandl     Unknown  Unknown
libesmf.so         0000155554013F91  esmf_rhandlemod_m     Unknown  Unknown
ESMF_RHandleBitFo  0000000020011466  Unknown               Unknown  Unknown
ESMF_RHandleBitFo  0000000020010152  Unknown               Unknown  Unknown
libc-2.26.so       000015554F99E3EA  __libc_start_main     Unknown  Unknown
ESMF_RHandleBitFo  000000002001006A  Unknown               Unknown  Unknown
forrtl: error (76): Abort trap signal
Image              PC                Routine            Line        Source             
ESMF_RHandleBitFo  000000002006540B  for__signal_handl     Unknown  Unknown
libpthread-2.26.s  000015554FD48310  Unknown               Unknown  Unknown
libc-2.26.so       000015554F9B3360  gsignal               Unknown  Unknown
libc-2.26.so       000015554F9B4941  abort                 Unknown  Unknown
libmpich_intel.so  0000155550EC2868  Unknown               Unknown  Unknown
libmpich_intel.so  0000155550E4A812  MPIR_Handle_fatal     Unknown  Unknown
libmpich_intel.so  0000155550E4A94E  MPIR_Err_return_c     Unknown  Unknown
libmpich_intel.so  0000155550DB545D  MPI_Type_size         Unknown  Unknown
libdarshan.so      000015555170EA84  PMPI_Alltoallw        Unknown  Unknown
ESMF_RHandleBitFo  0000000020023B0F  Unknown               Unknown  Unknown
ESMF_RHandleBitFo  0000000020024864  Unknown               Unknown  Unknown
ESMF_RHandleBitFo  000000002003E195  Unknown               Unknown  Unknown
ESMF_RHandleBitFo  0000000020043125  Unknown               Unknown  Unknown
ESMF_RHandleBitFo  0000000020014FE5  PIOc_sync             Unknown  Unknown
libesmf.so         00001555537A0EFB  _ZN5ESMCI11PIO_Ha     Unknown  Unknown
libesmf.so         000015555331C0EF  _ZN5ESMCI2IO5clos     Unknown  Unknown
libesmf.so         00001555533168C0  _ZN5ESMCI2IO5writ     Unknown  Unknown
libesmf.so         0000155552F56F31  _ZN5ESMCI5Array5w     Unknown  Unknown
libesmf.so         00001555537F1762  _ZNK5ESMCI11Route     Unknown  Unknown
libesmf.so         00001555537F5BF7  c_esmc_routehandl     Unknown  Unknown
libesmf.so         0000155554013F91  esmf_rhandlemod_m     Unknown  Unknown
ESMF_RHandleBitFo  0000000020011466  Unknown               Unknown  Unknown
ESMF_RHandleBitFo  0000000020010152  Unknown               Unknown  Unknown
libc-2.26.so       000015554F99E3EA  __libc_start_main     Unknown  Unknown
ESMF_RHandleBitFo  000000002001006A  Unknown               Unknown  Unknown
forrtl: error (76): Abort trap signal
Image              PC                Routine            Line        Source             
ESMF_RHandleBitFo  000000002006540B  for__signal_handl     Unknown  Unknown
libpthread-2.26.s  000015554FD48310  Unknown               Unknown  Unknown
libc-2.26.so       000015554F9B3360  gsignal               Unknown  Unknown
libc-2.26.so       000015554F9B4941  abort                 Unknown  Unknown
libmpich_intel.so  0000155550EC2868  Unknown               Unknown  Unknown
libmpich_intel.so  0000155550E4A812  MPIR_Handle_fatal     Unknown  Unknown
libmpich_intel.so  0000155550E4A94E  MPIR_Err_return_c     Unknown  Unknown
libmpich_intel.so  0000155550DB545D  MPI_Type_size         Unknown  Unknown
libdarshan.so      000015555170EA84  PMPI_Alltoallw        Unknown  Unknown
ESMF_RHandleBitFo  0000000020023B0F  Unknown               Unknown  Unknown
ESMF_RHandleBitFo  0000000020024864  Unknown               Unknown  Unknown
ESMF_RHandleBitFo  000000002003E195  Unknown               Unknown  Unknown
ESMF_RHandleBitFo  0000000020043125  Unknown               Unknown  Unknown
ESMF_RHandleBitFo  0000000020014FE5  PIOc_sync             Unknown  Unknown
libesmf.so         00001555537A0EFB  _ZN5ESMCI11PIO_Ha     Unknown  Unknown
libesmf.so         000015555331C0EF  _ZN5ESMCI2IO5clos     Unknown  Unknown
libesmf.so         00001555533168C0  _ZN5ESMCI2IO5writ     Unknown  Unknown
libesmf.so         0000155552F56F31  _ZN5ESMCI5Array5w     Unknown  Unknown
libesmf.so         00001555537F1762  _ZNK5ESMCI11Route     Unknown  Unknown
libesmf.so         00001555537F5BF7  c_esmc_routehandl     Unknown  Unknown
libesmf.so         0000155554013F91  esmf_rhandlemod_m     Unknown  Unknown
ESMF_RHandleBitFo  0000000020011466  Unknown               Unknown  Unknown
ESMF_RHandleBitFo  0000000020010152  Unknown               Unknown  Unknown
libc-2.26.so       000015554F99E3EA  __libc_start_main     Unknown  Unknown
ESMF_RHandleBitFo  000000002001006A  Unknown               Unknown  Unknown
srun: error: nid01826: tasks 1-3: Aborted
srun: launch/slurm: _step_signal: Terminating StepId=56291518.280
slurmstepd: error: *** STEP 56291518.280 ON nid01826 CANCELLED AT 2022-03-19T20:08:02 ***
forrtl: error (78): process killed (SIGTERM)
Image              PC                Routine            Line        Source             
ESMF_RHandleBitFo  000000002006540B  for__signal_handl     Unknown  Unknown
libpthread-2.26.s  000015554FD48310  Unknown               Unknown  Unknown
libmpich_intel.so  0000155550ED97C8  MPIDI_CH3I_Progre     Unknown  Unknown
libmpich_intel.so  0000155550DD9051  MPI_Recv              Unknown  Unknown
libdarshan.so      0000155551709D9B  PMPI_Recv             Unknown  Unknown
ESMF_RHandleBitFo  000000002004083A  Unknown               Unknown  Unknown
ESMF_RHandleBitFo  00000000200405B6  Unknown               Unknown  Unknown
ESMF_RHandleBitFo  000000002003E1D5  Unknown               Unknown  Unknown
ESMF_RHandleBitFo  0000000020043125  Unknown               Unknown  Unknown
ESMF_RHandleBitFo  0000000020014FE5  PIOc_sync             Unknown  Unknown
libesmf.so         00001555537A0EFB  _ZN5ESMCI11PIO_Ha     Unknown  Unknown
libesmf.so         000015555331C0EF  _ZN5ESMCI2IO5clos     Unknown  Unknown
libesmf.so         00001555533168C0  _ZN5ESMCI2IO5writ     Unknown  Unknown
libesmf.so         0000155552F56F31  _ZN5ESMCI5Array5w     Unknown  Unknown
libesmf.so         00001555537F1762  _ZNK5ESMCI11Route     Unknown  Unknown
libesmf.so         00001555537F5BF7  c_esmc_routehandl     Unknown  Unknown
libesmf.so         0000155554013F91  esmf_rhandlemod_m     Unknown  Unknown
ESMF_RHandleBitFo  0000000020011466  Unknown               Unknown  Unknown
ESMF_RHandleBitFo  0000000020010152  Unknown               Unknown  Unknown
libc-2.26.so       000015554F99E3EA  __libc_start_main     Unknown  Unknown
ESMF_RHandleBitFo  000000002001006A  Unknown               Unknown  Unknown
srun: error: nid01826: task 0: Exited with exit code 1
