build time -- 2022-03-25 02:48:26
20220325 035733.066 INFO             PET0 !!!!!!!!!!!!!!!!!!!!!!!!!!!!!!!!!!!!!!!!!!!!!!!!!!!!!!
20220325 035733.066 INFO             PET0 !!! THE ESMF_LOG IS SET TO OUTPUT ALL LOG MESSAGES !!!
20220325 035733.066 INFO             PET0 !!!     THIS MAY CAUSE SLOWDOWN IN PERFORMANCE     !!!
20220325 035733.066 INFO             PET0 !!! FOR PRODUCTION RUNS, USE:                      !!!
20220325 035733.066 INFO             PET0 !!!                   ESMF_LOGKIND_Multi_On_Error  !!!
20220325 035733.066 INFO             PET0 !!!!!!!!!!!!!!!!!!!!!!!!!!!!!!!!!!!!!!!!!!!!!!!!!!!!!!
20220325 035733.066 INFO             PET0 Running with ESMF Version   : v8.3.0b09-103-gbb860f29f6
20220325 035733.066 INFO             PET0 ESMF library build date/time: "Mar 25 2022" "02:46:55"
20220325 035733.066 INFO             PET0 ESMF library build location : /global/cscratch1/sd/rsdunlap/esmf-testing/intel_19.0.3_mpi_O_jedwards_pio_update2
20220325 035733.066 INFO             PET0 ESMF_COMM                   : mpi
20220325 035733.068 INFO             PET0 ESMF_MOAB                   : enabled
20220325 035733.068 INFO             PET0 ESMF_LAPACK                 : enabled
20220325 035733.068 INFO             PET0 ESMF_NETCDF                 : enabled
20220325 035733.068 INFO             PET0 ESMF_PNETCDF                : disabled
20220325 035733.068 INFO             PET0 ESMF_PIO                    : enabled
20220325 035733.068 INFO             PET0 ESMF_YAMLCPP                : enabled
20220325 035733.069 INFO             PET0  NUMBER_OF_PROCESSORS           4
20220325 035733.069 INFO             PET0  PASS  Example ESMF_VMUserMpiCommMultiEx, ESMF_VMUserMpiCommMultiEx.F90, line 126
20220325 035733.069 INFO             PET0 Finalizing ESMF
20220325 035733.066 INFO             PET0 !!!!!!!!!!!!!!!!!!!!!!!!!!!!!!!!!!!!!!!!!!!!!!!!!!!!!!
20220325 035733.066 INFO             PET0 !!! THE ESMF_LOG IS SET TO OUTPUT ALL LOG MESSAGES !!!
20220325 035733.066 INFO             PET0 !!!     THIS MAY CAUSE SLOWDOWN IN PERFORMANCE     !!!
20220325 035733.066 INFO             PET0 !!! FOR PRODUCTION RUNS, USE:                      !!!
20220325 035733.066 INFO             PET0 !!!                   ESMF_LOGKIND_Multi_On_Error  !!!
20220325 035733.066 INFO             PET0 !!!!!!!!!!!!!!!!!!!!!!!!!!!!!!!!!!!!!!!!!!!!!!!!!!!!!!
20220325 035733.066 INFO             PET0 Running with ESMF Version   : v8.3.0b09-103-gbb860f29f6
20220325 035733.066 INFO             PET0 ESMF library build date/time: "Mar 25 2022" "02:46:55"
20220325 035733.066 INFO             PET0 ESMF library build location : /global/cscratch1/sd/rsdunlap/esmf-testing/intel_19.0.3_mpi_O_jedwards_pio_update2
20220325 035733.066 INFO             PET0 ESMF_COMM                   : mpi
20220325 035733.068 INFO             PET0 ESMF_MOAB                   : enabled
20220325 035733.068 INFO             PET0 ESMF_LAPACK                 : enabled
20220325 035733.068 INFO             PET0 ESMF_NETCDF                 : enabled
20220325 035733.068 INFO             PET0 ESMF_PNETCDF                : disabled
20220325 035733.068 INFO             PET0 ESMF_PIO                    : enabled
20220325 035733.068 INFO             PET0 ESMF_YAMLCPP                : enabled
20220325 035733.068 INFO             PET0  NUMBER_OF_PROCESSORS           4
20220325 035733.068 INFO             PET0  PASS  Example ESMF_VMUserMpiCommMultiEx, ESMF_VMUserMpiCommMultiEx.F90, line 154
20220325 035733.068 INFO             PET0 Finalizing ESMF
20220325 035733.067 INFO             PET1 !!!!!!!!!!!!!!!!!!!!!!!!!!!!!!!!!!!!!!!!!!!!!!!!!!!!!!
20220325 035733.067 INFO             PET1 !!! THE ESMF_LOG IS SET TO OUTPUT ALL LOG MESSAGES !!!
20220325 035733.067 INFO             PET1 !!!     THIS MAY CAUSE SLOWDOWN IN PERFORMANCE     !!!
20220325 035733.067 INFO             PET1 !!! FOR PRODUCTION RUNS, USE:                      !!!
20220325 035733.067 INFO             PET1 !!!                   ESMF_LOGKIND_Multi_On_Error  !!!
20220325 035733.067 INFO             PET1 !!!!!!!!!!!!!!!!!!!!!!!!!!!!!!!!!!!!!!!!!!!!!!!!!!!!!!
20220325 035733.067 INFO             PET1 Running with ESMF Version   : v8.3.0b09-103-gbb860f29f6
20220325 035733.067 INFO             PET1 ESMF library build date/time: "Mar 25 2022" "02:46:55"
20220325 035733.067 INFO             PET1 ESMF library build location : /global/cscratch1/sd/rsdunlap/esmf-testing/intel_19.0.3_mpi_O_jedwards_pio_update2
20220325 035733.067 INFO             PET1 ESMF_COMM                   : mpi
20220325 035733.069 INFO             PET1 ESMF_MOAB                   : enabled
20220325 035733.069 INFO             PET1 ESMF_LAPACK                 : enabled
20220325 035733.069 INFO             PET1 ESMF_NETCDF                 : enabled
20220325 035733.069 INFO             PET1 ESMF_PNETCDF                : disabled
20220325 035733.069 INFO             PET1 ESMF_PIO                    : enabled
20220325 035733.069 INFO             PET1 ESMF_YAMLCPP                : enabled
20220325 035733.069 INFO             PET1  NUMBER_OF_PROCESSORS           4
20220325 035733.069 INFO             PET1  PASS  Example ESMF_VMUserMpiCommMultiEx, ESMF_VMUserMpiCommMultiEx.F90, line 126
20220325 035733.069 INFO             PET1 Finalizing ESMF
20220325 035733.067 INFO             PET1 !!!!!!!!!!!!!!!!!!!!!!!!!!!!!!!!!!!!!!!!!!!!!!!!!!!!!!
20220325 035733.067 INFO             PET1 !!! THE ESMF_LOG IS SET TO OUTPUT ALL LOG MESSAGES !!!
20220325 035733.067 INFO             PET1 !!!     THIS MAY CAUSE SLOWDOWN IN PERFORMANCE     !!!
20220325 035733.067 INFO             PET1 !!! FOR PRODUCTION RUNS, USE:                      !!!
20220325 035733.067 INFO             PET1 !!!                   ESMF_LOGKIND_Multi_On_Error  !!!
20220325 035733.067 INFO             PET1 !!!!!!!!!!!!!!!!!!!!!!!!!!!!!!!!!!!!!!!!!!!!!!!!!!!!!!
20220325 035733.067 INFO             PET1 Running with ESMF Version   : v8.3.0b09-103-gbb860f29f6
20220325 035733.067 INFO             PET1 ESMF library build date/time: "Mar 25 2022" "02:46:55"
20220325 035733.067 INFO             PET1 ESMF library build location : /global/cscratch1/sd/rsdunlap/esmf-testing/intel_19.0.3_mpi_O_jedwards_pio_update2
20220325 035733.067 INFO             PET1 ESMF_COMM                   : mpi
20220325 035733.068 INFO             PET1 ESMF_MOAB                   : enabled
20220325 035733.068 INFO             PET1 ESMF_LAPACK                 : enabled
20220325 035733.068 INFO             PET1 ESMF_NETCDF                 : enabled
20220325 035733.068 INFO             PET1 ESMF_PNETCDF                : disabled
20220325 035733.068 INFO             PET1 ESMF_PIO                    : enabled
20220325 035733.068 INFO             PET1 ESMF_YAMLCPP                : enabled
20220325 035733.068 INFO             PET1  NUMBER_OF_PROCESSORS           4
20220325 035733.068 INFO             PET1  PASS  Example ESMF_VMUserMpiCommMultiEx, ESMF_VMUserMpiCommMultiEx.F90, line 154
20220325 035733.068 INFO             PET1 Finalizing ESMF
