build time -- 2022-03-16 02:34:59
20220316 033635.494 INFO             PET0 !!!!!!!!!!!!!!!!!!!!!!!!!!!!!!!!!!!!!!!!!!!!!!!!!!!!!!
20220316 033635.494 INFO             PET0 !!! THE ESMF_LOG IS SET TO OUTPUT ALL LOG MESSAGES !!!
20220316 033635.494 INFO             PET0 !!!     THIS MAY CAUSE SLOWDOWN IN PERFORMANCE     !!!
20220316 033635.494 INFO             PET0 !!! FOR PRODUCTION RUNS, USE:                      !!!
20220316 033635.495 INFO             PET0 !!!                   ESMF_LOGKIND_Multi_On_Error  !!!
20220316 033635.495 INFO             PET0 !!!!!!!!!!!!!!!!!!!!!!!!!!!!!!!!!!!!!!!!!!!!!!!!!!!!!!
20220316 033635.495 INFO             PET0 Running with ESMF Version   : v8.3.0b09-100-g5ff85a963f
20220316 033635.495 INFO             PET0 ESMF library build date/time: "Mar 16 2022" "02:33:28"
20220316 033635.495 INFO             PET0 ESMF library build location : /global/cscratch1/sd/rsdunlap/esmf-testing/intel_19.0.3_mpi_O_jedwards_pio_update2
20220316 033635.495 INFO             PET0 ESMF_COMM                   : mpi
20220316 033635.497 INFO             PET0 ESMF_MOAB                   : enabled
20220316 033635.497 INFO             PET0 ESMF_LAPACK                 : enabled
20220316 033635.497 INFO             PET0 ESMF_NETCDF                 : enabled
20220316 033635.497 INFO             PET0 ESMF_PNETCDF                : disabled
20220316 033635.497 INFO             PET0 ESMF_PIO                    : enabled
20220316 033635.497 INFO             PET0 ESMF_YAMLCPP                : enabled
20220316 033635.615 INFO             PET0  NUMBER_OF_PROCESSORS           4
20220316 033635.615 INFO             PET0  PASS  Example ESMF_CplEx, ESMF_CplEx.F90, line 457
20220316 033635.616 INFO             PET0 Finalizing ESMF
20220316 033635.494 INFO             PET1 !!!!!!!!!!!!!!!!!!!!!!!!!!!!!!!!!!!!!!!!!!!!!!!!!!!!!!
20220316 033635.494 INFO             PET1 !!! THE ESMF_LOG IS SET TO OUTPUT ALL LOG MESSAGES !!!
20220316 033635.494 INFO             PET1 !!!     THIS MAY CAUSE SLOWDOWN IN PERFORMANCE     !!!
20220316 033635.494 INFO             PET1 !!! FOR PRODUCTION RUNS, USE:                      !!!
20220316 033635.495 INFO             PET1 !!!                   ESMF_LOGKIND_Multi_On_Error  !!!
20220316 033635.495 INFO             PET1 !!!!!!!!!!!!!!!!!!!!!!!!!!!!!!!!!!!!!!!!!!!!!!!!!!!!!!
20220316 033635.495 INFO             PET1 Running with ESMF Version   : v8.3.0b09-100-g5ff85a963f
20220316 033635.495 INFO             PET1 ESMF library build date/time: "Mar 16 2022" "02:33:28"
20220316 033635.495 INFO             PET1 ESMF library build location : /global/cscratch1/sd/rsdunlap/esmf-testing/intel_19.0.3_mpi_O_jedwards_pio_update2
20220316 033635.495 INFO             PET1 ESMF_COMM                   : mpi
20220316 033635.497 INFO             PET1 ESMF_MOAB                   : enabled
20220316 033635.497 INFO             PET1 ESMF_LAPACK                 : enabled
20220316 033635.497 INFO             PET1 ESMF_NETCDF                 : enabled
20220316 033635.497 INFO             PET1 ESMF_PNETCDF                : disabled
20220316 033635.497 INFO             PET1 ESMF_PIO                    : enabled
20220316 033635.497 INFO             PET1 ESMF_YAMLCPP                : enabled
20220316 033635.615 INFO             PET1  NUMBER_OF_PROCESSORS           4
20220316 033635.615 INFO             PET1  PASS  Example ESMF_CplEx, ESMF_CplEx.F90, line 457
20220316 033635.616 INFO             PET1 Finalizing ESMF
20220316 033635.494 INFO             PET2 !!!!!!!!!!!!!!!!!!!!!!!!!!!!!!!!!!!!!!!!!!!!!!!!!!!!!!
20220316 033635.494 INFO             PET2 !!! THE ESMF_LOG IS SET TO OUTPUT ALL LOG MESSAGES !!!
20220316 033635.494 INFO             PET2 !!!     THIS MAY CAUSE SLOWDOWN IN PERFORMANCE     !!!
20220316 033635.494 INFO             PET2 !!! FOR PRODUCTION RUNS, USE:                      !!!
20220316 033635.495 INFO             PET2 !!!                   ESMF_LOGKIND_Multi_On_Error  !!!
20220316 033635.495 INFO             PET2 !!!!!!!!!!!!!!!!!!!!!!!!!!!!!!!!!!!!!!!!!!!!!!!!!!!!!!
20220316 033635.495 INFO             PET2 Running with ESMF Version   : v8.3.0b09-100-g5ff85a963f
20220316 033635.495 INFO             PET2 ESMF library build date/time: "Mar 16 2022" "02:33:28"
20220316 033635.495 INFO             PET2 ESMF library build location : /global/cscratch1/sd/rsdunlap/esmf-testing/intel_19.0.3_mpi_O_jedwards_pio_update2
20220316 033635.495 INFO             PET2 ESMF_COMM                   : mpi
20220316 033635.497 INFO             PET2 ESMF_MOAB                   : enabled
20220316 033635.498 INFO             PET2 ESMF_LAPACK                 : enabled
20220316 033635.498 INFO             PET2 ESMF_NETCDF                 : enabled
20220316 033635.498 INFO             PET2 ESMF_PNETCDF                : disabled
20220316 033635.498 INFO             PET2 ESMF_PIO                    : enabled
20220316 033635.498 INFO             PET2 ESMF_YAMLCPP                : enabled
20220316 033635.615 INFO             PET2  NUMBER_OF_PROCESSORS           4
20220316 033635.615 INFO             PET2  PASS  Example ESMF_CplEx, ESMF_CplEx.F90, line 457
20220316 033635.616 INFO             PET2 Finalizing ESMF
20220316 033635.494 INFO             PET3 !!!!!!!!!!!!!!!!!!!!!!!!!!!!!!!!!!!!!!!!!!!!!!!!!!!!!!
20220316 033635.494 INFO             PET3 !!! THE ESMF_LOG IS SET TO OUTPUT ALL LOG MESSAGES !!!
20220316 033635.494 INFO             PET3 !!!     THIS MAY CAUSE SLOWDOWN IN PERFORMANCE     !!!
20220316 033635.494 INFO             PET3 !!! FOR PRODUCTION RUNS, USE:                      !!!
20220316 033635.495 INFO             PET3 !!!                   ESMF_LOGKIND_Multi_On_Error  !!!
20220316 033635.495 INFO             PET3 !!!!!!!!!!!!!!!!!!!!!!!!!!!!!!!!!!!!!!!!!!!!!!!!!!!!!!
20220316 033635.495 INFO             PET3 Running with ESMF Version   : v8.3.0b09-100-g5ff85a963f
20220316 033635.495 INFO             PET3 ESMF library build date/time: "Mar 16 2022" "02:33:28"
20220316 033635.495 INFO             PET3 ESMF library build location : /global/cscratch1/sd/rsdunlap/esmf-testing/intel_19.0.3_mpi_O_jedwards_pio_update2
20220316 033635.495 INFO             PET3 ESMF_COMM                   : mpi
20220316 033635.498 INFO             PET3 ESMF_MOAB                   : enabled
20220316 033635.498 INFO             PET3 ESMF_LAPACK                 : enabled
20220316 033635.498 INFO             PET3 ESMF_NETCDF                 : enabled
20220316 033635.498 INFO             PET3 ESMF_PNETCDF                : disabled
20220316 033635.498 INFO             PET3 ESMF_PIO                    : enabled
20220316 033635.498 INFO             PET3 ESMF_YAMLCPP                : enabled
20220316 033635.615 INFO             PET3  NUMBER_OF_PROCESSORS           4
20220316 033635.615 INFO             PET3  PASS  Example ESMF_CplEx, ESMF_CplEx.F90, line 457
20220316 033635.616 INFO             PET3 Finalizing ESMF
