build time -- 2022-03-15 08:36:37
20220315 102130.688 INFO             PET0 !!!!!!!!!!!!!!!!!!!!!!!!!!!!!!!!!!!!!!!!!!!!!!!!!!!!!!
20220315 102130.689 INFO             PET0 !!! THE ESMF_LOG IS SET TO OUTPUT ALL LOG MESSAGES !!!
20220315 102130.689 INFO             PET0 !!!     THIS MAY CAUSE SLOWDOWN IN PERFORMANCE     !!!
20220315 102130.689 INFO             PET0 !!! FOR PRODUCTION RUNS, USE:                      !!!
20220315 102130.689 INFO             PET0 !!!                   ESMF_LOGKIND_Multi_On_Error  !!!
20220315 102130.689 INFO             PET0 !!!!!!!!!!!!!!!!!!!!!!!!!!!!!!!!!!!!!!!!!!!!!!!!!!!!!!
20220315 102130.689 INFO             PET0 Running with ESMF Version   : v8.3.0b09-100-g5ff85a963f
20220315 102130.689 INFO             PET0 ESMF library build date/time: "Mar 15 2022" "08:35:43"
20220315 102130.689 INFO             PET0 ESMF library build location : /scratch1/NCEPDEV/stmp2/role.esmfmaint/gfortran_9.2.0_mpiuni_O_jedwards_pio_update2
20220315 102130.689 INFO             PET0 ESMF_COMM                   : mpiuni
20220315 102130.690 INFO             PET0 ESMF_MOAB                   : enabled
20220315 102130.690 INFO             PET0 ESMF_LAPACK                 : enabled
20220315 102130.690 INFO             PET0 ESMF_NETCDF                 : enabled
20220315 102130.690 INFO             PET0 ESMF_PNETCDF                : disabled
20220315 102130.690 INFO             PET0 ESMF_PIO                    : disabled
20220315 102130.690 INFO             PET0 ESMF_YAMLCPP                : enabled
20220315 102130.690 INFO             PET0 Log Write 2
20220315 102130.690 ERROR            PET0 Invalid object  - Convergence failure
20220315 102130.690 ERROR            PET0 ESMCI_Fraction.C:1444 ESMCI::Fraction::validate() must have non-zero denominator.
20220315 102130.690 ERROR            PET0 ESMCI_Time.C:838 ESMCI::Time::syncToRealTime() Wrong argument specified  - ; calkindflag is JULIANDAY, MODJULIANDAY or NOCALENDAR.
20220315 102130.690 ERROR            PET0 ESMF_Time.F90:1485 ESMF_TimeSyncToRealTime() Wrong argument specified  - Internal subroutine call returned Error
20220315 102130.690 ERROR            PET0 Wrong argument specified  - getting wall clock time
20220315 102130.692 INFO             PET0  NUMBER_OF_PROCESSORS           1
20220315 102130.692 INFO             PET0  PASS  Example ESMF_LogErrEx, ESMF_LogErrEx.F90, line 186
20220315 102130.692 INFO             PET0 Finalizing ESMF
