build time -- 2022-03-05 01:29:16
running test_examples
test_field_read (examples.exampletest.TestExamples) ... ok
test_grid_create_peridim_mask (examples.exampletest.TestExamples) ... ok
test_grid_locstream_regrid (examples.exampletest.TestExamples) ... ok
test_helloworld (examples.exampletest.TestExamples) ... ok
test_locstream_grid_regrid (examples.exampletest.TestExamples) ... ok
test_mesh_locstream_regrid (examples.exampletest.TestExamples) ... ok
test_read_write_weight_file (examples.exampletest.TestExamples) ... ok
test_regrid_from_file (examples.exampletest.TestExamples) ... ok
test_ugrid_latlon_regrid (examples.exampletest.TestExamples) ... ok
test_ungridded_dimension_regrid (examples.exampletest.TestExamples) ... ok

----------------------------------------------------------------------
XML: /lfs/h1/emc/ptmp/Mark.Potts/gfortran_10.3.0_mpich3_O_develop/src/addon/ESMPy/nosetests.xml
----------------------------------------------------------------------
Ran 10 tests in 9.526s

OK
ESMPy Field Data Regridding Example Finished Successfully
Successfully created a grid with masking and switched periodic dimensions for regridding!
ESMPy Grid LocStream Regridding Example
  interpolation mean relative error = 0.019442756357648906
Hello ESMPy World from PET (processor) 0!
ESMPy LocStream Grid Regridding Example
  interpolation mean relative error = 8.973534323145588e-05
ESMPy Grid Mesh Regridding Example
  interpolation mean relative error = 2.2839050714024556e-05
ESMPy Grid Mesh Regridding Example
  interpolation mean relative error = 0.0029621541650294682
Fields created from file regridded successfully :)
ESMPy UGRID to LatLon Regridding Example
ESMPy Ungridded Field Dimensions Example
  interpolation mean relative error = 0.0007688159033639284
  mass conservation relative error  = 2.9851525031349444e-16
