build time -- 2022-03-23 21:17:26
20220323 221257.551 INFO             PET0 !!!!!!!!!!!!!!!!!!!!!!!!!!!!!!!!!!!!!!!!!!!!!!!!!!!!!!
20220323 221257.552 INFO             PET0 !!! THE ESMF_LOG IS SET TO OUTPUT ALL LOG MESSAGES !!!
20220323 221257.552 INFO             PET0 !!!     THIS MAY CAUSE SLOWDOWN IN PERFORMANCE     !!!
20220323 221257.552 INFO             PET0 !!! FOR PRODUCTION RUNS, USE:                      !!!
20220323 221257.552 INFO             PET0 !!!                   ESMF_LOGKIND_Multi_On_Error  !!!
20220323 221257.552 INFO             PET0 !!!!!!!!!!!!!!!!!!!!!!!!!!!!!!!!!!!!!!!!!!!!!!!!!!!!!!
20220323 221257.552 INFO             PET0 Running with ESMF Version   : v8.3.0b09-103-gbb860f29f6
20220323 221257.552 INFO             PET0 ESMF library build date/time: "Mar 23 2022" "21:14:07"
20220323 221257.552 INFO             PET0 ESMF library build location : /scratch1/NCEPDEV/stmp2/role.esmfmaint/pgi_19.1_mpiuni_O_jedwards_pio_update2
20220323 221257.552 INFO             PET0 ESMF_COMM                   : mpiuni
20220323 221257.553 INFO             PET0 ESMF_MOAB                   : enabled
20220323 221257.553 INFO             PET0 ESMF_LAPACK                 : enabled
20220323 221257.553 INFO             PET0 ESMF_NETCDF                 : disabled
20220323 221257.553 INFO             PET0 ESMF_PNETCDF                : disabled
20220323 221257.553 INFO             PET0 ESMF_PIO                    : disabled
20220323 221257.553 INFO             PET0 ESMF_YAMLCPP                : enabled
20220323 221257.586 DEBUG            PET0 about to destroy Grid: 0x1bd96d0
20220323 221257.589 DEBUG            PET0 about to destroy Grid: 0x1bdb510
20220323 221257.599 INFO             PET0  NUMBER_OF_PROCESSORS            1
20220323 221257.599 INFO             PET0  PASS  Example ESMF_NUOPCAtmModelEx, ESMF_NUOPCAtmModelEx.F90, line 806
20220323 221257.599 INFO             PET0 Finalizing ESMF
