build time -- 2022-03-18 10:27:52.609364
20220318 114753.505 INFO             PET0 !!!!!!!!!!!!!!!!!!!!!!!!!!!!!!!!!!!!!!!!!!!!!!!!!!!!!!
20220318 114753.505 INFO             PET0 !!! THE ESMF_LOG IS SET TO OUTPUT ALL LOG MESSAGES !!!
20220318 114753.505 INFO             PET0 !!!     THIS MAY CAUSE SLOWDOWN IN PERFORMANCE     !!!
20220318 114753.505 INFO             PET0 !!! FOR PRODUCTION RUNS, USE:                      !!!
20220318 114753.505 INFO             PET0 !!!                   ESMF_LOGKIND_Multi_On_Error  !!!
20220318 114753.505 INFO             PET0 !!!!!!!!!!!!!!!!!!!!!!!!!!!!!!!!!!!!!!!!!!!!!!!!!!!!!!
20220318 114753.506 INFO             PET0 Running with ESMF Version   : v8.3.0b09-4-g424b2f26e0
20220318 114753.506 INFO             PET0 ESMF library build date/time: "Mar 18 2022" "10:20:49"
20220318 114753.506 INFO             PET0 ESMF library build location : /glade/scratch/rlong/esmf-testing/intel_18.0.5_intelmpi_g_develop
20220318 114753.506 INFO             PET0 ESMF_COMM                   : intelmpi
20220318 114753.506 INFO             PET0 ESMF_MOAB                   : enabled
20220318 114753.506 INFO             PET0 ESMF_LAPACK                 : enabled
20220318 114753.506 INFO             PET0 ESMF_NETCDF                 : enabled
20220318 114753.506 INFO             PET0 ESMF_PNETCDF                : disabled
20220318 114753.506 INFO             PET0 ESMF_PIO                    : enabled
20220318 114753.506 INFO             PET0 ESMF_YAMLCPP                : enabled
20220318 114753.507 DEBUG            PET0 ESMCI_CompTunnel.C:1063 ESMCI::ServiceLoop() ServiceLoop: entering with port argument: 61010 and timeout: 20
20220318 114753.507 DEBUG            PET0 ESMCI_CompTunnel.C:345 ESMCI::CompTunnel::negotiate() negotiate socketBased actual: port=61010, timeout=20
20220318 114755.508 DEBUG            PET0 ESMCI_CompTunnel.C:476 ESMCI::CompTunnel::negotiate() finished socketBased negotiate() on actual component side
20220318 114755.508 DEBUG            PET0 ESMCI_CompTunnel.C:872 ESMCI::CompTunnel::dual2actual() dual2actual() socketBased (actual side)...
20220318 114755.508 DEBUG            PET0 ESMCI_CompTunnel.C:872 ESMCI::CompTunnel::dual2actual() dual2actual() socketBased (actual side)...
20220318 114755.549 DEBUG            PET0 ESMCI_CompTunnel.C:1122 ESMCI::ServiceLoop() ServiceLoop: received method: InitializeIC and phase: 1
20220318 114755.549 INFO             PET0 Actual Component Initialize
20220318 114755.549 DEBUG            PET0 ESMCI_CompTunnel.C:957 ESMCI::CompTunnel::actual2dual() actual2dual() socketBased (actual side)...
20220318 114755.549 DEBUG            PET0 ESMCI_CompTunnel.C:872 ESMCI::CompTunnel::dual2actual() dual2actual() socketBased (actual side)...
20220318 114755.549 DEBUG            PET0 ESMCI_CompTunnel.C:872 ESMCI::CompTunnel::dual2actual() dual2actual() socketBased (actual side)...
20220318 114755.593 DEBUG            PET0 ESMCI_CompTunnel.C:1122 ESMCI::ServiceLoop() ServiceLoop: received method: RunIC and phase: 1
20220318 114755.593 INFO             PET0 Actual Component Run
20220318 114755.593 DEBUG            PET0 ESMCI_CompTunnel.C:957 ESMCI::CompTunnel::actual2dual() actual2dual() socketBased (actual side)...
20220318 114755.593 DEBUG            PET0 ESMCI_CompTunnel.C:872 ESMCI::CompTunnel::dual2actual() dual2actual() socketBased (actual side)...
20220318 114755.593 DEBUG            PET0 ESMCI_CompTunnel.C:872 ESMCI::CompTunnel::dual2actual() dual2actual() socketBased (actual side)...
20220318 114755.637 DEBUG            PET0 ESMCI_CompTunnel.C:1122 ESMCI::ServiceLoop() ServiceLoop: received method: FinalizeIC and phase: 1
20220318 114755.637 INFO             PET0 Actual Component Finalize
20220318 114755.637 DEBUG            PET0 ESMCI_CompTunnel.C:957 ESMCI::CompTunnel::actual2dual() actual2dual() socketBased (actual side)...
20220318 114755.637 DEBUG            PET0 ESMCI_CompTunnel.C:872 ESMCI::CompTunnel::dual2actual() dual2actual() socketBased (actual side)...
20220318 114755.637 DEBUG            PET0 ESMCI_CompTunnel.C:872 ESMCI::CompTunnel::dual2actual() dual2actual() socketBased (actual side)...
20220318 114755.681 DEBUG            PET0 ESMCI_CompTunnel.C:1122 ESMCI::ServiceLoop() ServiceLoop: received method: InitializeIC and phase: 1
20220318 114755.681 INFO             PET0 Actual Component Initialize
20220318 114755.681 DEBUG            PET0 ESMCI_CompTunnel.C:957 ESMCI::CompTunnel::actual2dual() actual2dual() socketBased (actual side)...
20220318 114755.684 DEBUG            PET0 ESMCI_CompTunnel.C:872 ESMCI::CompTunnel::dual2actual() dual2actual() socketBased (actual side)...
20220318 114755.684 DEBUG            PET0 ESMCI_CompTunnel.C:872 ESMCI::CompTunnel::dual2actual() dual2actual() socketBased (actual side)...
20220318 114755.725 DEBUG            PET0 ESMCI_CompTunnel.C:1122 ESMCI::ServiceLoop() ServiceLoop: received method: InitializeIC and phase: 1
20220318 114755.725 INFO             PET0 Actual Component Initialize
20220318 114755.725 DEBUG            PET0 ESMCI_CompTunnel.C:957 ESMCI::CompTunnel::actual2dual() actual2dual() socketBased (actual side)...
20220318 114755.725 DEBUG            PET0 ESMCI_CompTunnel.C:872 ESMCI::CompTunnel::dual2actual() dual2actual() socketBased (actual side)...
20220318 114755.725 DEBUG            PET0 ESMCI_CompTunnel.C:872 ESMCI::CompTunnel::dual2actual() dual2actual() socketBased (actual side)...
20220318 114755.769 DEBUG            PET0 ESMCI_CompTunnel.C:1122 ESMCI::ServiceLoop() ServiceLoop: received method: RunIC and phase: 1
20220318 114755.769 INFO             PET0 Actual Component Run
20220318 114755.769 DEBUG            PET0 ESMCI_CompTunnel.C:957 ESMCI::CompTunnel::actual2dual() actual2dual() socketBased (actual side)...
20220318 114755.769 DEBUG            PET0 ESMCI_CompTunnel.C:872 ESMCI::CompTunnel::dual2actual() dual2actual() socketBased (actual side)...
20220318 114755.769 DEBUG            PET0 ESMCI_CompTunnel.C:872 ESMCI::CompTunnel::dual2actual() dual2actual() socketBased (actual side)...
20220318 114755.813 DEBUG            PET0 ESMCI_CompTunnel.C:1122 ESMCI::ServiceLoop() ServiceLoop: received method: None and phase: 1
20220318 114755.813 DEBUG            PET0 ESMCI_CompTunnel.C:957 ESMCI::CompTunnel::actual2dual() actual2dual() socketBased (actual side)...
20220318 114755.813 DEBUG            PET0 ESMCI_CompTunnel.C:1153 ESMCI::ServiceLoop() ServiceLoop: exiting
20220318 114755.813 INFO             PET0  NUMBER_OF_PROCESSORS           6
20220318 114755.814 INFO             PET0  PASS  Example ESMF_CompTunnelEx, ESMF_CompTunnelEx.F90, line 549
20220318 114755.814 INFO             PET0 Finalizing ESMF
20220318 114753.505 INFO             PET1 !!!!!!!!!!!!!!!!!!!!!!!!!!!!!!!!!!!!!!!!!!!!!!!!!!!!!!
20220318 114753.505 INFO             PET1 !!! THE ESMF_LOG IS SET TO OUTPUT ALL LOG MESSAGES !!!
20220318 114753.505 INFO             PET1 !!!     THIS MAY CAUSE SLOWDOWN IN PERFORMANCE     !!!
20220318 114753.505 INFO             PET1 !!! FOR PRODUCTION RUNS, USE:                      !!!
20220318 114753.505 INFO             PET1 !!!                   ESMF_LOGKIND_Multi_On_Error  !!!
20220318 114753.505 INFO             PET1 !!!!!!!!!!!!!!!!!!!!!!!!!!!!!!!!!!!!!!!!!!!!!!!!!!!!!!
20220318 114753.505 INFO             PET1 Running with ESMF Version   : v8.3.0b09-4-g424b2f26e0
20220318 114753.505 INFO             PET1 ESMF library build date/time: "Mar 18 2022" "10:20:49"
20220318 114753.505 INFO             PET1 ESMF library build location : /glade/scratch/rlong/esmf-testing/intel_18.0.5_intelmpi_g_develop
20220318 114753.505 INFO             PET1 ESMF_COMM                   : intelmpi
20220318 114753.505 INFO             PET1 ESMF_MOAB                   : enabled
20220318 114753.505 INFO             PET1 ESMF_LAPACK                 : enabled
20220318 114753.505 INFO             PET1 ESMF_NETCDF                 : enabled
20220318 114753.505 INFO             PET1 ESMF_PNETCDF                : disabled
20220318 114753.505 INFO             PET1 ESMF_PIO                    : enabled
20220318 114753.505 INFO             PET1 ESMF_YAMLCPP                : enabled
20220318 114753.507 DEBUG            PET1 ESMCI_CompTunnel.C:1063 ESMCI::ServiceLoop() ServiceLoop: entering with port argument: 61010 and timeout: 20
20220318 114755.508 DEBUG            PET1 ESMCI_CompTunnel.C:476 ESMCI::CompTunnel::negotiate() finished socketBased negotiate() on actual component side
20220318 114755.508 DEBUG            PET1 ESMCI_CompTunnel.C:872 ESMCI::CompTunnel::dual2actual() dual2actual() socketBased (actual side)...
20220318 114755.508 DEBUG            PET1 ESMCI_CompTunnel.C:872 ESMCI::CompTunnel::dual2actual() dual2actual() socketBased (actual side)...
20220318 114755.549 DEBUG            PET1 ESMCI_CompTunnel.C:1122 ESMCI::ServiceLoop() ServiceLoop: received method: InitializeIC and phase: 1
20220318 114755.549 INFO             PET1 Actual Component Initialize
20220318 114755.549 DEBUG            PET1 ESMCI_CompTunnel.C:957 ESMCI::CompTunnel::actual2dual() actual2dual() socketBased (actual side)...
20220318 114755.549 DEBUG            PET1 ESMCI_CompTunnel.C:872 ESMCI::CompTunnel::dual2actual() dual2actual() socketBased (actual side)...
20220318 114755.549 DEBUG            PET1 ESMCI_CompTunnel.C:872 ESMCI::CompTunnel::dual2actual() dual2actual() socketBased (actual side)...
20220318 114755.593 DEBUG            PET1 ESMCI_CompTunnel.C:1122 ESMCI::ServiceLoop() ServiceLoop: received method: RunIC and phase: 1
20220318 114755.593 INFO             PET1 Actual Component Run
20220318 114755.593 DEBUG            PET1 ESMCI_CompTunnel.C:957 ESMCI::CompTunnel::actual2dual() actual2dual() socketBased (actual side)...
20220318 114755.593 DEBUG            PET1 ESMCI_CompTunnel.C:872 ESMCI::CompTunnel::dual2actual() dual2actual() socketBased (actual side)...
20220318 114755.593 DEBUG            PET1 ESMCI_CompTunnel.C:872 ESMCI::CompTunnel::dual2actual() dual2actual() socketBased (actual side)...
20220318 114755.637 DEBUG            PET1 ESMCI_CompTunnel.C:1122 ESMCI::ServiceLoop() ServiceLoop: received method: FinalizeIC and phase: 1
20220318 114755.637 INFO             PET1 Actual Component Finalize
20220318 114755.637 DEBUG            PET1 ESMCI_CompTunnel.C:957 ESMCI::CompTunnel::actual2dual() actual2dual() socketBased (actual side)...
20220318 114755.637 DEBUG            PET1 ESMCI_CompTunnel.C:872 ESMCI::CompTunnel::dual2actual() dual2actual() socketBased (actual side)...
20220318 114755.637 DEBUG            PET1 ESMCI_CompTunnel.C:872 ESMCI::CompTunnel::dual2actual() dual2actual() socketBased (actual side)...
20220318 114755.681 DEBUG            PET1 ESMCI_CompTunnel.C:1122 ESMCI::ServiceLoop() ServiceLoop: received method: InitializeIC and phase: 1
20220318 114755.683 INFO             PET1 Actual Component Initialize
20220318 114755.683 DEBUG            PET1 ESMCI_CompTunnel.C:957 ESMCI::CompTunnel::actual2dual() actual2dual() socketBased (actual side)...
20220318 114755.684 DEBUG            PET1 ESMCI_CompTunnel.C:872 ESMCI::CompTunnel::dual2actual() dual2actual() socketBased (actual side)...
20220318 114755.684 DEBUG            PET1 ESMCI_CompTunnel.C:872 ESMCI::CompTunnel::dual2actual() dual2actual() socketBased (actual side)...
20220318 114755.725 DEBUG            PET1 ESMCI_CompTunnel.C:1122 ESMCI::ServiceLoop() ServiceLoop: received method: InitializeIC and phase: 1
20220318 114755.725 INFO             PET1 Actual Component Initialize
20220318 114755.725 DEBUG            PET1 ESMCI_CompTunnel.C:957 ESMCI::CompTunnel::actual2dual() actual2dual() socketBased (actual side)...
20220318 114755.725 DEBUG            PET1 ESMCI_CompTunnel.C:872 ESMCI::CompTunnel::dual2actual() dual2actual() socketBased (actual side)...
20220318 114755.725 DEBUG            PET1 ESMCI_CompTunnel.C:872 ESMCI::CompTunnel::dual2actual() dual2actual() socketBased (actual side)...
20220318 114755.769 DEBUG            PET1 ESMCI_CompTunnel.C:1122 ESMCI::ServiceLoop() ServiceLoop: received method: RunIC and phase: 1
20220318 114755.769 INFO             PET1 Actual Component Run
20220318 114755.769 DEBUG            PET1 ESMCI_CompTunnel.C:957 ESMCI::CompTunnel::actual2dual() actual2dual() socketBased (actual side)...
20220318 114755.769 DEBUG            PET1 ESMCI_CompTunnel.C:872 ESMCI::CompTunnel::dual2actual() dual2actual() socketBased (actual side)...
20220318 114755.769 DEBUG            PET1 ESMCI_CompTunnel.C:872 ESMCI::CompTunnel::dual2actual() dual2actual() socketBased (actual side)...
20220318 114755.813 DEBUG            PET1 ESMCI_CompTunnel.C:1122 ESMCI::ServiceLoop() ServiceLoop: received method: None and phase: 1
20220318 114755.813 DEBUG            PET1 ESMCI_CompTunnel.C:957 ESMCI::CompTunnel::actual2dual() actual2dual() socketBased (actual side)...
20220318 114755.813 DEBUG            PET1 ESMCI_CompTunnel.C:1153 ESMCI::ServiceLoop() ServiceLoop: exiting
20220318 114755.813 INFO             PET1  NUMBER_OF_PROCESSORS           6
20220318 114755.814 INFO             PET1  PASS  Example ESMF_CompTunnelEx, ESMF_CompTunnelEx.F90, line 549
20220318 114755.814 INFO             PET1 Finalizing ESMF
20220318 114753.505 INFO             PET2 !!!!!!!!!!!!!!!!!!!!!!!!!!!!!!!!!!!!!!!!!!!!!!!!!!!!!!
20220318 114753.505 INFO             PET2 !!! THE ESMF_LOG IS SET TO OUTPUT ALL LOG MESSAGES !!!
20220318 114753.505 INFO             PET2 !!!     THIS MAY CAUSE SLOWDOWN IN PERFORMANCE     !!!
20220318 114753.505 INFO             PET2 !!! FOR PRODUCTION RUNS, USE:                      !!!
20220318 114753.505 INFO             PET2 !!!                   ESMF_LOGKIND_Multi_On_Error  !!!
20220318 114753.505 INFO             PET2 !!!!!!!!!!!!!!!!!!!!!!!!!!!!!!!!!!!!!!!!!!!!!!!!!!!!!!
20220318 114753.505 INFO             PET2 Running with ESMF Version   : v8.3.0b09-4-g424b2f26e0
20220318 114753.505 INFO             PET2 ESMF library build date/time: "Mar 18 2022" "10:20:49"
20220318 114753.505 INFO             PET2 ESMF library build location : /glade/scratch/rlong/esmf-testing/intel_18.0.5_intelmpi_g_develop
20220318 114753.505 INFO             PET2 ESMF_COMM                   : intelmpi
20220318 114753.506 INFO             PET2 ESMF_MOAB                   : enabled
20220318 114753.506 INFO             PET2 ESMF_LAPACK                 : enabled
20220318 114753.506 INFO             PET2 ESMF_NETCDF                 : enabled
20220318 114753.506 INFO             PET2 ESMF_PNETCDF                : disabled
20220318 114753.506 INFO             PET2 ESMF_PIO                    : enabled
20220318 114753.506 INFO             PET2 ESMF_YAMLCPP                : enabled
20220318 114753.507 DEBUG            PET2 ESMCI_CompTunnel.C:1063 ESMCI::ServiceLoop() ServiceLoop: entering with port argument: 61010 and timeout: 20
20220318 114755.508 DEBUG            PET2 ESMCI_CompTunnel.C:476 ESMCI::CompTunnel::negotiate() finished socketBased negotiate() on actual component side
20220318 114755.508 DEBUG            PET2 ESMCI_CompTunnel.C:872 ESMCI::CompTunnel::dual2actual() dual2actual() socketBased (actual side)...
20220318 114755.508 DEBUG            PET2 ESMCI_CompTunnel.C:872 ESMCI::CompTunnel::dual2actual() dual2actual() socketBased (actual side)...
20220318 114755.549 DEBUG            PET2 ESMCI_CompTunnel.C:1122 ESMCI::ServiceLoop() ServiceLoop: received method: InitializeIC and phase: 1
20220318 114755.549 INFO             PET2 Actual Component Initialize
20220318 114755.549 DEBUG            PET2 ESMCI_CompTunnel.C:957 ESMCI::CompTunnel::actual2dual() actual2dual() socketBased (actual side)...
20220318 114755.549 DEBUG            PET2 ESMCI_CompTunnel.C:872 ESMCI::CompTunnel::dual2actual() dual2actual() socketBased (actual side)...
20220318 114755.549 DEBUG            PET2 ESMCI_CompTunnel.C:872 ESMCI::CompTunnel::dual2actual() dual2actual() socketBased (actual side)...
20220318 114755.593 DEBUG            PET2 ESMCI_CompTunnel.C:1122 ESMCI::ServiceLoop() ServiceLoop: received method: RunIC and phase: 1
20220318 114755.593 INFO             PET2 Actual Component Run
20220318 114755.593 DEBUG            PET2 ESMCI_CompTunnel.C:957 ESMCI::CompTunnel::actual2dual() actual2dual() socketBased (actual side)...
20220318 114755.593 DEBUG            PET2 ESMCI_CompTunnel.C:872 ESMCI::CompTunnel::dual2actual() dual2actual() socketBased (actual side)...
20220318 114755.593 DEBUG            PET2 ESMCI_CompTunnel.C:872 ESMCI::CompTunnel::dual2actual() dual2actual() socketBased (actual side)...
20220318 114755.637 DEBUG            PET2 ESMCI_CompTunnel.C:1122 ESMCI::ServiceLoop() ServiceLoop: received method: FinalizeIC and phase: 1
20220318 114755.637 INFO             PET2 Actual Component Finalize
20220318 114755.637 DEBUG            PET2 ESMCI_CompTunnel.C:957 ESMCI::CompTunnel::actual2dual() actual2dual() socketBased (actual side)...
20220318 114755.637 DEBUG            PET2 ESMCI_CompTunnel.C:872 ESMCI::CompTunnel::dual2actual() dual2actual() socketBased (actual side)...
20220318 114755.637 DEBUG            PET2 ESMCI_CompTunnel.C:872 ESMCI::CompTunnel::dual2actual() dual2actual() socketBased (actual side)...
20220318 114755.681 DEBUG            PET2 ESMCI_CompTunnel.C:1122 ESMCI::ServiceLoop() ServiceLoop: received method: InitializeIC and phase: 1
20220318 114755.684 INFO             PET2 Actual Component Initialize
20220318 114755.684 DEBUG            PET2 ESMCI_CompTunnel.C:957 ESMCI::CompTunnel::actual2dual() actual2dual() socketBased (actual side)...
20220318 114755.684 DEBUG            PET2 ESMCI_CompTunnel.C:872 ESMCI::CompTunnel::dual2actual() dual2actual() socketBased (actual side)...
20220318 114755.684 DEBUG            PET2 ESMCI_CompTunnel.C:872 ESMCI::CompTunnel::dual2actual() dual2actual() socketBased (actual side)...
20220318 114755.725 DEBUG            PET2 ESMCI_CompTunnel.C:1122 ESMCI::ServiceLoop() ServiceLoop: received method: InitializeIC and phase: 1
20220318 114755.725 INFO             PET2 Actual Component Initialize
20220318 114755.725 DEBUG            PET2 ESMCI_CompTunnel.C:957 ESMCI::CompTunnel::actual2dual() actual2dual() socketBased (actual side)...
20220318 114755.725 DEBUG            PET2 ESMCI_CompTunnel.C:872 ESMCI::CompTunnel::dual2actual() dual2actual() socketBased (actual side)...
20220318 114755.725 DEBUG            PET2 ESMCI_CompTunnel.C:872 ESMCI::CompTunnel::dual2actual() dual2actual() socketBased (actual side)...
20220318 114755.769 DEBUG            PET2 ESMCI_CompTunnel.C:1122 ESMCI::ServiceLoop() ServiceLoop: received method: RunIC and phase: 1
20220318 114755.769 INFO             PET2 Actual Component Run
20220318 114755.769 DEBUG            PET2 ESMCI_CompTunnel.C:957 ESMCI::CompTunnel::actual2dual() actual2dual() socketBased (actual side)...
20220318 114755.769 DEBUG            PET2 ESMCI_CompTunnel.C:872 ESMCI::CompTunnel::dual2actual() dual2actual() socketBased (actual side)...
20220318 114755.769 DEBUG            PET2 ESMCI_CompTunnel.C:872 ESMCI::CompTunnel::dual2actual() dual2actual() socketBased (actual side)...
20220318 114755.813 DEBUG            PET2 ESMCI_CompTunnel.C:1122 ESMCI::ServiceLoop() ServiceLoop: received method: None and phase: 1
20220318 114755.813 DEBUG            PET2 ESMCI_CompTunnel.C:957 ESMCI::CompTunnel::actual2dual() actual2dual() socketBased (actual side)...
20220318 114755.813 DEBUG            PET2 ESMCI_CompTunnel.C:1153 ESMCI::ServiceLoop() ServiceLoop: exiting
20220318 114755.813 INFO             PET2  NUMBER_OF_PROCESSORS           6
20220318 114755.814 INFO             PET2  PASS  Example ESMF_CompTunnelEx, ESMF_CompTunnelEx.F90, line 549
20220318 114755.814 INFO             PET2 Finalizing ESMF
20220318 114753.504 INFO             PET3 !!!!!!!!!!!!!!!!!!!!!!!!!!!!!!!!!!!!!!!!!!!!!!!!!!!!!!
20220318 114753.504 INFO             PET3 !!! THE ESMF_LOG IS SET TO OUTPUT ALL LOG MESSAGES !!!
20220318 114753.504 INFO             PET3 !!!     THIS MAY CAUSE SLOWDOWN IN PERFORMANCE     !!!
20220318 114753.504 INFO             PET3 !!! FOR PRODUCTION RUNS, USE:                      !!!
20220318 114753.504 INFO             PET3 !!!                   ESMF_LOGKIND_Multi_On_Error  !!!
20220318 114753.504 INFO             PET3 !!!!!!!!!!!!!!!!!!!!!!!!!!!!!!!!!!!!!!!!!!!!!!!!!!!!!!
20220318 114753.504 INFO             PET3 Running with ESMF Version   : v8.3.0b09-4-g424b2f26e0
20220318 114753.504 INFO             PET3 ESMF library build date/time: "Mar 18 2022" "10:20:49"
20220318 114753.504 INFO             PET3 ESMF library build location : /glade/scratch/rlong/esmf-testing/intel_18.0.5_intelmpi_g_develop
20220318 114753.504 INFO             PET3 ESMF_COMM                   : intelmpi
20220318 114753.505 INFO             PET3 ESMF_MOAB                   : enabled
20220318 114753.505 INFO             PET3 ESMF_LAPACK                 : enabled
20220318 114753.505 INFO             PET3 ESMF_NETCDF                 : enabled
20220318 114753.505 INFO             PET3 ESMF_PNETCDF                : disabled
20220318 114753.505 INFO             PET3 ESMF_PIO                    : enabled
20220318 114753.505 INFO             PET3 ESMF_YAMLCPP                : enabled
20220318 114753.507 DEBUG            PET3 ESMCI_CompTunnel.C:1063 ESMCI::ServiceLoop() ServiceLoop: entering with port argument: 61011 and timeout: 2
20220318 114753.507 DEBUG            PET3 ESMCI_CompTunnel.C:345 ESMCI::CompTunnel::negotiate() negotiate socketBased actual: port=61011, timeout=2
20220318 114755.507 ERROR            PET3 ESMCI_CompTunnel.C:354 ESMCI::CompTunnel::negotiate() Timeout reached  - - No client connected, time out!
20220318 114755.507 ERROR            PET3 ESMCI_CompTunnel.C:1099 ESMCI::ServiceLoop() Timeout reached  - Internal subroutine call returned Error
20220318 114755.508 DEBUG            PET3 ESMCI_CompTunnel.C:577 ESMCI::CompTunnel::negotiate() finished socketBased negotiate() on dual component side
20220318 114755.508 DEBUG            PET3 ESMCI_CompTunnel.C:841 ESMCI::CompTunnel::dual2actual() dual2actual() socketBased (dual side)...
20220318 114755.508 DEBUG            PET3 ESMCI_CompTunnel.C:841 ESMCI::CompTunnel::dual2actual() dual2actual() socketBased (dual side)...
20220318 114755.508 DEBUG            PET3 ESMCI_CompTunnel.C:988 ESMCI::CompTunnel::actual2dual() actual2dual() socketBased (dual side)...
20220318 114755.549 DEBUG            PET3 ESMCI_CompTunnel.C:841 ESMCI::CompTunnel::dual2actual() dual2actual() socketBased (dual side)...
20220318 114755.549 DEBUG            PET3 ESMCI_CompTunnel.C:841 ESMCI::CompTunnel::dual2actual() dual2actual() socketBased (dual side)...
20220318 114755.549 DEBUG            PET3 ESMCI_CompTunnel.C:988 ESMCI::CompTunnel::actual2dual() actual2dual() socketBased (dual side)...
20220318 114755.593 DEBUG            PET3 ESMCI_CompTunnel.C:841 ESMCI::CompTunnel::dual2actual() dual2actual() socketBased (dual side)...
20220318 114755.593 DEBUG            PET3 ESMCI_CompTunnel.C:841 ESMCI::CompTunnel::dual2actual() dual2actual() socketBased (dual side)...
20220318 114755.593 DEBUG            PET3 ESMCI_CompTunnel.C:988 ESMCI::CompTunnel::actual2dual() actual2dual() socketBased (dual side)...
20220318 114755.637 DEBUG            PET3 ESMCI_CompTunnel.C:841 ESMCI::CompTunnel::dual2actual() dual2actual() socketBased (dual side)...
20220318 114755.637 DEBUG            PET3 ESMCI_CompTunnel.C:841 ESMCI::CompTunnel::dual2actual() dual2actual() socketBased (dual side)...
20220318 114755.637 DEBUG            PET3 ESMCI_CompTunnel.C:988 ESMCI::CompTunnel::actual2dual() actual2dual() socketBased (dual side)...
20220318 114755.681 DEBUG            PET3 ESMCI_CompTunnel.C:841 ESMCI::CompTunnel::dual2actual() dual2actual() socketBased (dual side)...
20220318 114755.681 DEBUG            PET3 ESMCI_CompTunnel.C:841 ESMCI::CompTunnel::dual2actual() dual2actual() socketBased (dual side)...
20220318 114755.681 DEBUG            PET3 ESMCI_CompTunnel.C:988 ESMCI::CompTunnel::actual2dual() actual2dual() socketBased (dual side)...
20220318 114755.725 DEBUG            PET3 ESMCI_CompTunnel.C:841 ESMCI::CompTunnel::dual2actual() dual2actual() socketBased (dual side)...
20220318 114755.725 DEBUG            PET3 ESMCI_CompTunnel.C:841 ESMCI::CompTunnel::dual2actual() dual2actual() socketBased (dual side)...
20220318 114755.725 DEBUG            PET3 ESMCI_CompTunnel.C:988 ESMCI::CompTunnel::actual2dual() actual2dual() socketBased (dual side)...
20220318 114755.769 DEBUG            PET3 ESMCI_CompTunnel.C:841 ESMCI::CompTunnel::dual2actual() dual2actual() socketBased (dual side)...
20220318 114755.771 DEBUG            PET3 ESMCI_CompTunnel.C:841 ESMCI::CompTunnel::dual2actual() dual2actual() socketBased (dual side)...
20220318 114755.771 DEBUG            PET3 ESMCI_CompTunnel.C:988 ESMCI::CompTunnel::actual2dual() actual2dual() socketBased (dual side)...
20220318 114755.813 INFO             PET3  NUMBER_OF_PROCESSORS           6
20220318 114755.813 INFO             PET3  PASS  Example ESMF_CompTunnelEx, ESMF_CompTunnelEx.F90, line 549
20220318 114755.813 INFO             PET3 Finalizing ESMF
20220318 114753.504 INFO             PET4 !!!!!!!!!!!!!!!!!!!!!!!!!!!!!!!!!!!!!!!!!!!!!!!!!!!!!!
20220318 114753.504 INFO             PET4 !!! THE ESMF_LOG IS SET TO OUTPUT ALL LOG MESSAGES !!!
20220318 114753.504 INFO             PET4 !!!     THIS MAY CAUSE SLOWDOWN IN PERFORMANCE     !!!
20220318 114753.504 INFO             PET4 !!! FOR PRODUCTION RUNS, USE:                      !!!
20220318 114753.504 INFO             PET4 !!!                   ESMF_LOGKIND_Multi_On_Error  !!!
20220318 114753.504 INFO             PET4 !!!!!!!!!!!!!!!!!!!!!!!!!!!!!!!!!!!!!!!!!!!!!!!!!!!!!!
20220318 114753.504 INFO             PET4 Running with ESMF Version   : v8.3.0b09-4-g424b2f26e0
20220318 114753.504 INFO             PET4 ESMF library build date/time: "Mar 18 2022" "10:20:49"
20220318 114753.504 INFO             PET4 ESMF library build location : /glade/scratch/rlong/esmf-testing/intel_18.0.5_intelmpi_g_develop
20220318 114753.504 INFO             PET4 ESMF_COMM                   : intelmpi
20220318 114753.505 INFO             PET4 ESMF_MOAB                   : enabled
20220318 114753.505 INFO             PET4 ESMF_LAPACK                 : enabled
20220318 114753.505 INFO             PET4 ESMF_NETCDF                 : enabled
20220318 114753.505 INFO             PET4 ESMF_PNETCDF                : disabled
20220318 114753.505 INFO             PET4 ESMF_PIO                    : enabled
20220318 114753.505 INFO             PET4 ESMF_YAMLCPP                : enabled
20220318 114753.507 DEBUG            PET4 ESMCI_CompTunnel.C:1063 ESMCI::ServiceLoop() ServiceLoop: entering with port argument: 61011 and timeout: 2
20220318 114755.507 ERROR            PET4 ESMCI_CompTunnel.C:1099 ESMCI::ServiceLoop() Timeout reached  - Internal subroutine call returned Error
20220318 114755.507 DEBUG            PET4 ESMCI_CompTunnel.C:483 ESMCI::CompTunnel::negotiate() negotiate socketBased dual: port=61010, timeout=10
20220318 114755.508 DEBUG            PET4 ESMCI_CompTunnel.C:577 ESMCI::CompTunnel::negotiate() finished socketBased negotiate() on dual component side
20220318 114755.508 DEBUG            PET4 ESMCI_CompTunnel.C:841 ESMCI::CompTunnel::dual2actual() dual2actual() socketBased (dual side)...
20220318 114755.508 DEBUG            PET4 ESMCI_CompTunnel.C:841 ESMCI::CompTunnel::dual2actual() dual2actual() socketBased (dual side)...
20220318 114755.508 DEBUG            PET4 ESMCI_CompTunnel.C:988 ESMCI::CompTunnel::actual2dual() actual2dual() socketBased (dual side)...
20220318 114755.549 DEBUG            PET4 ESMCI_CompTunnel.C:841 ESMCI::CompTunnel::dual2actual() dual2actual() socketBased (dual side)...
20220318 114755.549 DEBUG            PET4 ESMCI_CompTunnel.C:841 ESMCI::CompTunnel::dual2actual() dual2actual() socketBased (dual side)...
20220318 114755.549 DEBUG            PET4 ESMCI_CompTunnel.C:988 ESMCI::CompTunnel::actual2dual() actual2dual() socketBased (dual side)...
20220318 114755.593 DEBUG            PET4 ESMCI_CompTunnel.C:841 ESMCI::CompTunnel::dual2actual() dual2actual() socketBased (dual side)...
20220318 114755.593 DEBUG            PET4 ESMCI_CompTunnel.C:841 ESMCI::CompTunnel::dual2actual() dual2actual() socketBased (dual side)...
20220318 114755.593 DEBUG            PET4 ESMCI_CompTunnel.C:988 ESMCI::CompTunnel::actual2dual() actual2dual() socketBased (dual side)...
20220318 114755.637 DEBUG            PET4 ESMCI_CompTunnel.C:841 ESMCI::CompTunnel::dual2actual() dual2actual() socketBased (dual side)...
20220318 114755.637 DEBUG            PET4 ESMCI_CompTunnel.C:841 ESMCI::CompTunnel::dual2actual() dual2actual() socketBased (dual side)...
20220318 114755.637 DEBUG            PET4 ESMCI_CompTunnel.C:988 ESMCI::CompTunnel::actual2dual() actual2dual() socketBased (dual side)...
20220318 114755.681 DEBUG            PET4 ESMCI_CompTunnel.C:841 ESMCI::CompTunnel::dual2actual() dual2actual() socketBased (dual side)...
20220318 114755.681 DEBUG            PET4 ESMCI_CompTunnel.C:841 ESMCI::CompTunnel::dual2actual() dual2actual() socketBased (dual side)...
20220318 114755.681 DEBUG            PET4 ESMCI_CompTunnel.C:988 ESMCI::CompTunnel::actual2dual() actual2dual() socketBased (dual side)...
20220318 114755.725 DEBUG            PET4 ESMCI_CompTunnel.C:841 ESMCI::CompTunnel::dual2actual() dual2actual() socketBased (dual side)...
20220318 114755.725 DEBUG            PET4 ESMCI_CompTunnel.C:841 ESMCI::CompTunnel::dual2actual() dual2actual() socketBased (dual side)...
20220318 114755.725 DEBUG            PET4 ESMCI_CompTunnel.C:988 ESMCI::CompTunnel::actual2dual() actual2dual() socketBased (dual side)...
20220318 114755.769 DEBUG            PET4 ESMCI_CompTunnel.C:841 ESMCI::CompTunnel::dual2actual() dual2actual() socketBased (dual side)...
20220318 114755.771 DEBUG            PET4 ESMCI_CompTunnel.C:841 ESMCI::CompTunnel::dual2actual() dual2actual() socketBased (dual side)...
20220318 114755.771 DEBUG            PET4 ESMCI_CompTunnel.C:988 ESMCI::CompTunnel::actual2dual() actual2dual() socketBased (dual side)...
20220318 114755.813 INFO             PET4  NUMBER_OF_PROCESSORS           6
20220318 114755.813 INFO             PET4  PASS  Example ESMF_CompTunnelEx, ESMF_CompTunnelEx.F90, line 549
20220318 114755.813 INFO             PET4 Finalizing ESMF
20220318 114753.504 INFO             PET5 !!!!!!!!!!!!!!!!!!!!!!!!!!!!!!!!!!!!!!!!!!!!!!!!!!!!!!
20220318 114753.504 INFO             PET5 !!! THE ESMF_LOG IS SET TO OUTPUT ALL LOG MESSAGES !!!
20220318 114753.504 INFO             PET5 !!!     THIS MAY CAUSE SLOWDOWN IN PERFORMANCE     !!!
20220318 114753.504 INFO             PET5 !!! FOR PRODUCTION RUNS, USE:                      !!!
20220318 114753.504 INFO             PET5 !!!                   ESMF_LOGKIND_Multi_On_Error  !!!
20220318 114753.504 INFO             PET5 !!!!!!!!!!!!!!!!!!!!!!!!!!!!!!!!!!!!!!!!!!!!!!!!!!!!!!
20220318 114753.504 INFO             PET5 Running with ESMF Version   : v8.3.0b09-4-g424b2f26e0
20220318 114753.505 INFO             PET5 ESMF library build date/time: "Mar 18 2022" "10:20:49"
20220318 114753.505 INFO             PET5 ESMF library build location : /glade/scratch/rlong/esmf-testing/intel_18.0.5_intelmpi_g_develop
20220318 114753.505 INFO             PET5 ESMF_COMM                   : intelmpi
20220318 114753.505 INFO             PET5 ESMF_MOAB                   : enabled
20220318 114753.505 INFO             PET5 ESMF_LAPACK                 : enabled
20220318 114753.505 INFO             PET5 ESMF_NETCDF                 : enabled
20220318 114753.505 INFO             PET5 ESMF_PNETCDF                : disabled
20220318 114753.505 INFO             PET5 ESMF_PIO                    : enabled
20220318 114753.505 INFO             PET5 ESMF_YAMLCPP                : enabled
20220318 114753.507 DEBUG            PET5 ESMCI_CompTunnel.C:1063 ESMCI::ServiceLoop() ServiceLoop: entering with port argument: 61011 and timeout: 2
20220318 114755.507 ERROR            PET5 ESMCI_CompTunnel.C:1099 ESMCI::ServiceLoop() Timeout reached  - Internal subroutine call returned Error
20220318 114755.508 DEBUG            PET5 ESMCI_CompTunnel.C:577 ESMCI::CompTunnel::negotiate() finished socketBased negotiate() on dual component side
20220318 114755.508 DEBUG            PET5 ESMCI_CompTunnel.C:841 ESMCI::CompTunnel::dual2actual() dual2actual() socketBased (dual side)...
20220318 114755.508 DEBUG            PET5 ESMCI_CompTunnel.C:841 ESMCI::CompTunnel::dual2actual() dual2actual() socketBased (dual side)...
20220318 114755.508 DEBUG            PET5 ESMCI_CompTunnel.C:988 ESMCI::CompTunnel::actual2dual() actual2dual() socketBased (dual side)...
20220318 114755.549 DEBUG            PET5 ESMCI_CompTunnel.C:841 ESMCI::CompTunnel::dual2actual() dual2actual() socketBased (dual side)...
20220318 114755.549 DEBUG            PET5 ESMCI_CompTunnel.C:841 ESMCI::CompTunnel::dual2actual() dual2actual() socketBased (dual side)...
20220318 114755.549 DEBUG            PET5 ESMCI_CompTunnel.C:988 ESMCI::CompTunnel::actual2dual() actual2dual() socketBased (dual side)...
20220318 114755.593 DEBUG            PET5 ESMCI_CompTunnel.C:841 ESMCI::CompTunnel::dual2actual() dual2actual() socketBased (dual side)...
20220318 114755.593 DEBUG            PET5 ESMCI_CompTunnel.C:841 ESMCI::CompTunnel::dual2actual() dual2actual() socketBased (dual side)...
20220318 114755.593 DEBUG            PET5 ESMCI_CompTunnel.C:988 ESMCI::CompTunnel::actual2dual() actual2dual() socketBased (dual side)...
20220318 114755.637 DEBUG            PET5 ESMCI_CompTunnel.C:841 ESMCI::CompTunnel::dual2actual() dual2actual() socketBased (dual side)...
20220318 114755.637 DEBUG            PET5 ESMCI_CompTunnel.C:841 ESMCI::CompTunnel::dual2actual() dual2actual() socketBased (dual side)...
20220318 114755.637 DEBUG            PET5 ESMCI_CompTunnel.C:988 ESMCI::CompTunnel::actual2dual() actual2dual() socketBased (dual side)...
20220318 114755.681 DEBUG            PET5 ESMCI_CompTunnel.C:841 ESMCI::CompTunnel::dual2actual() dual2actual() socketBased (dual side)...
20220318 114755.681 DEBUG            PET5 ESMCI_CompTunnel.C:841 ESMCI::CompTunnel::dual2actual() dual2actual() socketBased (dual side)...
20220318 114755.681 DEBUG            PET5 ESMCI_CompTunnel.C:988 ESMCI::CompTunnel::actual2dual() actual2dual() socketBased (dual side)...
20220318 114755.725 DEBUG            PET5 ESMCI_CompTunnel.C:841 ESMCI::CompTunnel::dual2actual() dual2actual() socketBased (dual side)...
20220318 114755.725 DEBUG            PET5 ESMCI_CompTunnel.C:841 ESMCI::CompTunnel::dual2actual() dual2actual() socketBased (dual side)...
20220318 114755.725 DEBUG            PET5 ESMCI_CompTunnel.C:988 ESMCI::CompTunnel::actual2dual() actual2dual() socketBased (dual side)...
20220318 114755.769 DEBUG            PET5 ESMCI_CompTunnel.C:841 ESMCI::CompTunnel::dual2actual() dual2actual() socketBased (dual side)...
20220318 114755.771 DEBUG            PET5 ESMCI_CompTunnel.C:841 ESMCI::CompTunnel::dual2actual() dual2actual() socketBased (dual side)...
20220318 114755.771 DEBUG            PET5 ESMCI_CompTunnel.C:988 ESMCI::CompTunnel::actual2dual() actual2dual() socketBased (dual side)...
20220318 114755.813 INFO             PET5  NUMBER_OF_PROCESSORS           6
20220318 114755.813 INFO             PET5  PASS  Example ESMF_CompTunnelEx, ESMF_CompTunnelEx.F90, line 549
20220318 114755.813 INFO             PET5 Finalizing ESMF
