build time -- 2022-03-08 11:42:09.469847
20220308 125112.164 INFO             PET0 !!!!!!!!!!!!!!!!!!!!!!!!!!!!!!!!!!!!!!!!!!!!!!!!!!!!!!
20220308 125112.164 INFO             PET0 !!! THE ESMF_LOG IS SET TO OUTPUT ALL LOG MESSAGES !!!
20220308 125112.164 INFO             PET0 !!!     THIS MAY CAUSE SLOWDOWN IN PERFORMANCE     !!!
20220308 125112.164 INFO             PET0 !!! FOR PRODUCTION RUNS, USE:                      !!!
20220308 125112.164 INFO             PET0 !!!                   ESMF_LOGKIND_Multi_On_Error  !!!
20220308 125112.164 INFO             PET0 !!!!!!!!!!!!!!!!!!!!!!!!!!!!!!!!!!!!!!!!!!!!!!!!!!!!!!
20220308 125112.164 INFO             PET0 Running with ESMF Version   : v8.3.0b09
20220308 125112.164 INFO             PET0 ESMF library build date/time: "Mar  8 2022" "11:35:45"
20220308 125112.164 INFO             PET0 ESMF library build location : /glade/scratch/rlong/esmf-testing/intel_18.0.5_intelmpi_g_develop
20220308 125112.164 INFO             PET0 ESMF_COMM                   : intelmpi
20220308 125112.164 INFO             PET0 ESMF_MOAB                   : enabled
20220308 125112.164 INFO             PET0 ESMF_LAPACK                 : enabled
20220308 125112.164 INFO             PET0 ESMF_NETCDF                 : enabled
20220308 125112.164 INFO             PET0 ESMF_PNETCDF                : disabled
20220308 125112.164 INFO             PET0 ESMF_PIO                    : enabled
20220308 125112.164 INFO             PET0 ESMF_YAMLCPP                : enabled
20220308 125112.291 DEBUG            PET0 about to destroy Grid: 0x10da640
20220308 125112.307 DEBUG            PET0 about to destroy Grid: 0x10dc470
20220308 125112.353 INFO             PET0  NUMBER_OF_PROCESSORS           4
20220308 125112.353 INFO             PET0  PASS  Example ESMF_NUOPCAtmModelEx, ESMF_NUOPCAtmModelEx.F90, line 806
20220308 125112.353 INFO             PET0 Finalizing ESMF
20220308 125112.164 INFO             PET1 !!!!!!!!!!!!!!!!!!!!!!!!!!!!!!!!!!!!!!!!!!!!!!!!!!!!!!
20220308 125112.164 INFO             PET1 !!! THE ESMF_LOG IS SET TO OUTPUT ALL LOG MESSAGES !!!
20220308 125112.164 INFO             PET1 !!!     THIS MAY CAUSE SLOWDOWN IN PERFORMANCE     !!!
20220308 125112.164 INFO             PET1 !!! FOR PRODUCTION RUNS, USE:                      !!!
20220308 125112.164 INFO             PET1 !!!                   ESMF_LOGKIND_Multi_On_Error  !!!
20220308 125112.164 INFO             PET1 !!!!!!!!!!!!!!!!!!!!!!!!!!!!!!!!!!!!!!!!!!!!!!!!!!!!!!
20220308 125112.164 INFO             PET1 Running with ESMF Version   : v8.3.0b09
20220308 125112.164 INFO             PET1 ESMF library build date/time: "Mar  8 2022" "11:35:45"
20220308 125112.164 INFO             PET1 ESMF library build location : /glade/scratch/rlong/esmf-testing/intel_18.0.5_intelmpi_g_develop
20220308 125112.164 INFO             PET1 ESMF_COMM                   : intelmpi
20220308 125112.164 INFO             PET1 ESMF_MOAB                   : enabled
20220308 125112.164 INFO             PET1 ESMF_LAPACK                 : enabled
20220308 125112.164 INFO             PET1 ESMF_NETCDF                 : enabled
20220308 125112.164 INFO             PET1 ESMF_PNETCDF                : disabled
20220308 125112.164 INFO             PET1 ESMF_PIO                    : enabled
20220308 125112.164 INFO             PET1 ESMF_YAMLCPP                : enabled
20220308 125112.291 DEBUG            PET1 about to destroy Grid: 0x8b32a0
20220308 125112.307 DEBUG            PET1 about to destroy Grid: 0x8b3df0
20220308 125112.353 INFO             PET1  NUMBER_OF_PROCESSORS           4
20220308 125112.353 INFO             PET1  PASS  Example ESMF_NUOPCAtmModelEx, ESMF_NUOPCAtmModelEx.F90, line 806
20220308 125112.353 INFO             PET1 Finalizing ESMF
20220308 125112.163 INFO             PET2 !!!!!!!!!!!!!!!!!!!!!!!!!!!!!!!!!!!!!!!!!!!!!!!!!!!!!!
20220308 125112.163 INFO             PET2 !!! THE ESMF_LOG IS SET TO OUTPUT ALL LOG MESSAGES !!!
20220308 125112.163 INFO             PET2 !!!     THIS MAY CAUSE SLOWDOWN IN PERFORMANCE     !!!
20220308 125112.163 INFO             PET2 !!! FOR PRODUCTION RUNS, USE:                      !!!
20220308 125112.163 INFO             PET2 !!!                   ESMF_LOGKIND_Multi_On_Error  !!!
20220308 125112.163 INFO             PET2 !!!!!!!!!!!!!!!!!!!!!!!!!!!!!!!!!!!!!!!!!!!!!!!!!!!!!!
20220308 125112.163 INFO             PET2 Running with ESMF Version   : v8.3.0b09
20220308 125112.163 INFO             PET2 ESMF library build date/time: "Mar  8 2022" "11:35:45"
20220308 125112.163 INFO             PET2 ESMF library build location : /glade/scratch/rlong/esmf-testing/intel_18.0.5_intelmpi_g_develop
20220308 125112.163 INFO             PET2 ESMF_COMM                   : intelmpi
20220308 125112.164 INFO             PET2 ESMF_MOAB                   : enabled
20220308 125112.164 INFO             PET2 ESMF_LAPACK                 : enabled
20220308 125112.164 INFO             PET2 ESMF_NETCDF                 : enabled
20220308 125112.164 INFO             PET2 ESMF_PNETCDF                : disabled
20220308 125112.164 INFO             PET2 ESMF_PIO                    : enabled
20220308 125112.164 INFO             PET2 ESMF_YAMLCPP                : enabled
20220308 125112.291 DEBUG            PET2 about to destroy Grid: 0x23d92b0
20220308 125112.307 DEBUG            PET2 about to destroy Grid: 0x23d9e00
20220308 125112.353 INFO             PET2  NUMBER_OF_PROCESSORS           4
20220308 125112.353 INFO             PET2  PASS  Example ESMF_NUOPCAtmModelEx, ESMF_NUOPCAtmModelEx.F90, line 806
20220308 125112.353 INFO             PET2 Finalizing ESMF
20220308 125112.164 INFO             PET3 !!!!!!!!!!!!!!!!!!!!!!!!!!!!!!!!!!!!!!!!!!!!!!!!!!!!!!
20220308 125112.164 INFO             PET3 !!! THE ESMF_LOG IS SET TO OUTPUT ALL LOG MESSAGES !!!
20220308 125112.164 INFO             PET3 !!!     THIS MAY CAUSE SLOWDOWN IN PERFORMANCE     !!!
20220308 125112.164 INFO             PET3 !!! FOR PRODUCTION RUNS, USE:                      !!!
20220308 125112.164 INFO             PET3 !!!                   ESMF_LOGKIND_Multi_On_Error  !!!
20220308 125112.164 INFO             PET3 !!!!!!!!!!!!!!!!!!!!!!!!!!!!!!!!!!!!!!!!!!!!!!!!!!!!!!
20220308 125112.164 INFO             PET3 Running with ESMF Version   : v8.3.0b09
20220308 125112.164 INFO             PET3 ESMF library build date/time: "Mar  8 2022" "11:35:45"
20220308 125112.164 INFO             PET3 ESMF library build location : /glade/scratch/rlong/esmf-testing/intel_18.0.5_intelmpi_g_develop
20220308 125112.164 INFO             PET3 ESMF_COMM                   : intelmpi
20220308 125112.164 INFO             PET3 ESMF_MOAB                   : enabled
20220308 125112.164 INFO             PET3 ESMF_LAPACK                 : enabled
20220308 125112.164 INFO             PET3 ESMF_NETCDF                 : enabled
20220308 125112.164 INFO             PET3 ESMF_PNETCDF                : disabled
20220308 125112.164 INFO             PET3 ESMF_PIO                    : enabled
20220308 125112.164 INFO             PET3 ESMF_YAMLCPP                : enabled
20220308 125112.291 DEBUG            PET3 about to destroy Grid: 0x25562a0
20220308 125112.307 DEBUG            PET3 about to destroy Grid: 0x2556df0
20220308 125112.353 INFO             PET3  NUMBER_OF_PROCESSORS           4
20220308 125112.353 INFO             PET3  PASS  Example ESMF_NUOPCAtmModelEx, ESMF_NUOPCAtmModelEx.F90, line 806
20220308 125112.353 INFO             PET3 Finalizing ESMF
