build time -- 2022-03-29 01:27:20
20220329 014412.180 INFO             PET0 !!!!!!!!!!!!!!!!!!!!!!!!!!!!!!!!!!!!!!!!!!!!!!!!!!!!!!
20220329 014412.180 INFO             PET0 !!! THE ESMF_LOG IS SET TO OUTPUT ALL LOG MESSAGES !!!
20220329 014412.180 INFO             PET0 !!!     THIS MAY CAUSE SLOWDOWN IN PERFORMANCE     !!!
20220329 014412.180 INFO             PET0 !!! FOR PRODUCTION RUNS, USE:                      !!!
20220329 014412.180 INFO             PET0 !!!                   ESMF_LOGKIND_Multi_On_Error  !!!
20220329 014412.180 INFO             PET0 !!!!!!!!!!!!!!!!!!!!!!!!!!!!!!!!!!!!!!!!!!!!!!!!!!!!!!
20220329 014412.180 INFO             PET0 Running with ESMF Version   : v8.3.0b11
20220329 014412.180 INFO             PET0 ESMF library build date/time: "Mar 29 2022" "01:26:13"
20220329 014412.180 INFO             PET0 ESMF library build location : /lfs/h1/emc/ptmp/Mark.Potts/intel_19.1.3_mpi_g_develop
20220329 014412.180 INFO             PET0 ESMF_COMM                   : mpi
20220329 014412.181 INFO             PET0 ESMF_MOAB                   : enabled
20220329 014412.181 INFO             PET0 ESMF_LAPACK                 : enabled
20220329 014412.181 INFO             PET0 ESMF_NETCDF                 : enabled
20220329 014412.181 INFO             PET0 ESMF_PNETCDF                : disabled
20220329 014412.181 INFO             PET0 ESMF_PIO                    : enabled
20220329 014412.181 INFO             PET0 ESMF_YAMLCPP                : enabled
20220329 014412.225 DEBUG            PET0 about to destroy Grid: 0x1e12930
20220329 014412.229 DEBUG            PET0 about to destroy Grid: 0x1e14940
20220329 014412.243 INFO             PET0  NUMBER_OF_PROCESSORS           4
20220329 014412.243 INFO             PET0  PASS  Example ESMF_NUOPCAtmModelEx, ESMF_NUOPCAtmModelEx.F90, line 806
20220329 014412.243 INFO             PET0 Finalizing ESMF
20220329 014412.180 INFO             PET1 !!!!!!!!!!!!!!!!!!!!!!!!!!!!!!!!!!!!!!!!!!!!!!!!!!!!!!
20220329 014412.180 INFO             PET1 !!! THE ESMF_LOG IS SET TO OUTPUT ALL LOG MESSAGES !!!
20220329 014412.180 INFO             PET1 !!!     THIS MAY CAUSE SLOWDOWN IN PERFORMANCE     !!!
20220329 014412.180 INFO             PET1 !!! FOR PRODUCTION RUNS, USE:                      !!!
20220329 014412.180 INFO             PET1 !!!                   ESMF_LOGKIND_Multi_On_Error  !!!
20220329 014412.180 INFO             PET1 !!!!!!!!!!!!!!!!!!!!!!!!!!!!!!!!!!!!!!!!!!!!!!!!!!!!!!
20220329 014412.180 INFO             PET1 Running with ESMF Version   : v8.3.0b11
20220329 014412.180 INFO             PET1 ESMF library build date/time: "Mar 29 2022" "01:26:13"
20220329 014412.180 INFO             PET1 ESMF library build location : /lfs/h1/emc/ptmp/Mark.Potts/intel_19.1.3_mpi_g_develop
20220329 014412.180 INFO             PET1 ESMF_COMM                   : mpi
20220329 014412.180 INFO             PET1 ESMF_MOAB                   : enabled
20220329 014412.180 INFO             PET1 ESMF_LAPACK                 : enabled
20220329 014412.180 INFO             PET1 ESMF_NETCDF                 : enabled
20220329 014412.180 INFO             PET1 ESMF_PNETCDF                : disabled
20220329 014412.180 INFO             PET1 ESMF_PIO                    : enabled
20220329 014412.180 INFO             PET1 ESMF_YAMLCPP                : enabled
20220329 014412.225 DEBUG            PET1 about to destroy Grid: 0x291c500
20220329 014412.229 DEBUG            PET1 about to destroy Grid: 0x291d510
20220329 014412.243 INFO             PET1  NUMBER_OF_PROCESSORS           4
20220329 014412.243 INFO             PET1  PASS  Example ESMF_NUOPCAtmModelEx, ESMF_NUOPCAtmModelEx.F90, line 806
20220329 014412.243 INFO             PET1 Finalizing ESMF
20220329 014412.179 INFO             PET2 !!!!!!!!!!!!!!!!!!!!!!!!!!!!!!!!!!!!!!!!!!!!!!!!!!!!!!
20220329 014412.179 INFO             PET2 !!! THE ESMF_LOG IS SET TO OUTPUT ALL LOG MESSAGES !!!
20220329 014412.179 INFO             PET2 !!!     THIS MAY CAUSE SLOWDOWN IN PERFORMANCE     !!!
20220329 014412.179 INFO             PET2 !!! FOR PRODUCTION RUNS, USE:                      !!!
20220329 014412.179 INFO             PET2 !!!                   ESMF_LOGKIND_Multi_On_Error  !!!
20220329 014412.179 INFO             PET2 !!!!!!!!!!!!!!!!!!!!!!!!!!!!!!!!!!!!!!!!!!!!!!!!!!!!!!
20220329 014412.179 INFO             PET2 Running with ESMF Version   : v8.3.0b11
20220329 014412.179 INFO             PET2 ESMF library build date/time: "Mar 29 2022" "01:26:13"
20220329 014412.179 INFO             PET2 ESMF library build location : /lfs/h1/emc/ptmp/Mark.Potts/intel_19.1.3_mpi_g_develop
20220329 014412.179 INFO             PET2 ESMF_COMM                   : mpi
20220329 014412.180 INFO             PET2 ESMF_MOAB                   : enabled
20220329 014412.180 INFO             PET2 ESMF_LAPACK                 : enabled
20220329 014412.180 INFO             PET2 ESMF_NETCDF                 : enabled
20220329 014412.180 INFO             PET2 ESMF_PNETCDF                : disabled
20220329 014412.180 INFO             PET2 ESMF_PIO                    : enabled
20220329 014412.180 INFO             PET2 ESMF_YAMLCPP                : enabled
20220329 014412.225 DEBUG            PET2 about to destroy Grid: 0xad8630
20220329 014412.229 DEBUG            PET2 about to destroy Grid: 0xad9640
20220329 014412.243 INFO             PET2  NUMBER_OF_PROCESSORS           4
20220329 014412.243 INFO             PET2  PASS  Example ESMF_NUOPCAtmModelEx, ESMF_NUOPCAtmModelEx.F90, line 806
20220329 014412.243 INFO             PET2 Finalizing ESMF
20220329 014412.179 INFO             PET3 !!!!!!!!!!!!!!!!!!!!!!!!!!!!!!!!!!!!!!!!!!!!!!!!!!!!!!
20220329 014412.179 INFO             PET3 !!! THE ESMF_LOG IS SET TO OUTPUT ALL LOG MESSAGES !!!
20220329 014412.179 INFO             PET3 !!!     THIS MAY CAUSE SLOWDOWN IN PERFORMANCE     !!!
20220329 014412.179 INFO             PET3 !!! FOR PRODUCTION RUNS, USE:                      !!!
20220329 014412.179 INFO             PET3 !!!                   ESMF_LOGKIND_Multi_On_Error  !!!
20220329 014412.179 INFO             PET3 !!!!!!!!!!!!!!!!!!!!!!!!!!!!!!!!!!!!!!!!!!!!!!!!!!!!!!
20220329 014412.179 INFO             PET3 Running with ESMF Version   : v8.3.0b11
20220329 014412.179 INFO             PET3 ESMF library build date/time: "Mar 29 2022" "01:26:13"
20220329 014412.179 INFO             PET3 ESMF library build location : /lfs/h1/emc/ptmp/Mark.Potts/intel_19.1.3_mpi_g_develop
20220329 014412.179 INFO             PET3 ESMF_COMM                   : mpi
20220329 014412.180 INFO             PET3 ESMF_MOAB                   : enabled
20220329 014412.180 INFO             PET3 ESMF_LAPACK                 : enabled
20220329 014412.180 INFO             PET3 ESMF_NETCDF                 : enabled
20220329 014412.180 INFO             PET3 ESMF_PNETCDF                : disabled
20220329 014412.180 INFO             PET3 ESMF_PIO                    : enabled
20220329 014412.180 INFO             PET3 ESMF_YAMLCPP                : enabled
20220329 014412.225 DEBUG            PET3 about to destroy Grid: 0x23bb610
20220329 014412.229 DEBUG            PET3 about to destroy Grid: 0x23bc620
20220329 014412.243 INFO             PET3  NUMBER_OF_PROCESSORS           4
20220329 014412.243 INFO             PET3  PASS  Example ESMF_NUOPCAtmModelEx, ESMF_NUOPCAtmModelEx.F90, line 806
20220329 014412.243 INFO             PET3 Finalizing ESMF
