build time -- 2022-03-11 06:03:03.677230
20220311 062745.499 INFO             PET0 !!!!!!!!!!!!!!!!!!!!!!!!!!!!!!!!!!!!!!!!!!!!!!!!!!!!!!
20220311 062745.499 INFO             PET0 !!! THE ESMF_LOG IS SET TO OUTPUT ALL LOG MESSAGES !!!
20220311 062745.499 INFO             PET0 !!!     THIS MAY CAUSE SLOWDOWN IN PERFORMANCE     !!!
20220311 062745.499 INFO             PET0 !!! FOR PRODUCTION RUNS, USE:                      !!!
20220311 062745.499 INFO             PET0 !!!                   ESMF_LOGKIND_Multi_On_Error  !!!
20220311 062745.499 INFO             PET0 !!!!!!!!!!!!!!!!!!!!!!!!!!!!!!!!!!!!!!!!!!!!!!!!!!!!!!
20220311 062745.499 INFO             PET0 Running with ESMF Version   : v8.3.0b09-94-gba2d53fd60
20220311 062745.499 INFO             PET0 ESMF library build date/time: "Mar 11 2022" "06:01:08"
20220311 062745.499 INFO             PET0 ESMF library build location : /glade/scratch/rlong/esmf-testing/gfortran_9.1.0_mpt_O_jedwards_pio_update2
20220311 062745.499 INFO             PET0 ESMF_COMM                   : mpt
20220311 062745.499 INFO             PET0 ESMF_MOAB                   : enabled
20220311 062745.499 INFO             PET0 ESMF_LAPACK                 : enabled
20220311 062745.499 INFO             PET0 ESMF_NETCDF                 : enabled
20220311 062745.499 INFO             PET0 ESMF_PNETCDF                : disabled
20220311 062745.499 INFO             PET0 ESMF_PIO                    : enabled
20220311 062745.499 INFO             PET0 ESMF_YAMLCPP                : enabled
20220311 062745.499 INFO             PET0 ESMF Tracing Enabled
20220311 062745.499 INFO             PET0 ESMF Profiling Enabled
20220311 062745.499 INFO             PET0 ESMF Trace/Profile clock: REALTIME
20220311 062745.503 INFO             PET0  NUMBER_OF_PROCESSORS           4
20220311 062745.503 INFO             PET0  PASS  Example ESMF_TraceEx, ESMF_TraceEx.F90, line 178
20220311 062745.503 INFO             PET0 Finalizing ESMF
20220311 062745.503 INFO             PET0 **************** Region Timings *******************
20220311 062745.503 INFO             PET0 Region              Count  Total (s)   Self (s)    Mean (s)    Min (s)     Max (s)
20220311 062745.503 INFO             PET0   [test] Init 1     1      0.0000      0.0000      0.0000      0.0000      0.0000
20220311 062745.503 INFO             PET0   [test] Run 1      5      0.0000      0.0000      0.0000      0.0000      0.0000
20220311 062745.503 INFO             PET0   [test] Final 1    1      0.0000      0.0000      0.0000      0.0000      0.0000
20220311 062745.504 INFO             PET0 ESMCI_IO_Handler.C:331 ESMCI::IO_Handler::finalize() 
20220311 062745.504 INFO             PET0 ESMCI_PIO_Handler.C:361 ESMCI::PIO_Handler::finalize() 
20220311 062745.504 INFO             PET0 ESMCI_IO_Handler.C:333 ESMCI::IO_Handler::finalize() after finalize, localrc = 0
20220311 062745.504 INFO             PET0 ESMCI_IO_Handler.C:356 ESMCI::IO_Handler::finalize() before return, localrc = 0
20220311 062745.498 INFO             PET1 !!!!!!!!!!!!!!!!!!!!!!!!!!!!!!!!!!!!!!!!!!!!!!!!!!!!!!
20220311 062745.498 INFO             PET1 !!! THE ESMF_LOG IS SET TO OUTPUT ALL LOG MESSAGES !!!
20220311 062745.498 INFO             PET1 !!!     THIS MAY CAUSE SLOWDOWN IN PERFORMANCE     !!!
20220311 062745.498 INFO             PET1 !!! FOR PRODUCTION RUNS, USE:                      !!!
20220311 062745.498 INFO             PET1 !!!                   ESMF_LOGKIND_Multi_On_Error  !!!
20220311 062745.498 INFO             PET1 !!!!!!!!!!!!!!!!!!!!!!!!!!!!!!!!!!!!!!!!!!!!!!!!!!!!!!
20220311 062745.498 INFO             PET1 Running with ESMF Version   : v8.3.0b09-94-gba2d53fd60
20220311 062745.498 INFO             PET1 ESMF library build date/time: "Mar 11 2022" "06:01:08"
20220311 062745.498 INFO             PET1 ESMF library build location : /glade/scratch/rlong/esmf-testing/gfortran_9.1.0_mpt_O_jedwards_pio_update2
20220311 062745.498 INFO             PET1 ESMF_COMM                   : mpt
20220311 062745.498 INFO             PET1 ESMF_MOAB                   : enabled
20220311 062745.498 INFO             PET1 ESMF_LAPACK                 : enabled
20220311 062745.498 INFO             PET1 ESMF_NETCDF                 : enabled
20220311 062745.498 INFO             PET1 ESMF_PNETCDF                : disabled
20220311 062745.498 INFO             PET1 ESMF_PIO                    : enabled
20220311 062745.498 INFO             PET1 ESMF_YAMLCPP                : enabled
20220311 062745.498 INFO             PET1 ESMF Tracing Enabled
20220311 062745.498 INFO             PET1 ESMF Profiling Enabled
20220311 062745.498 INFO             PET1 ESMF Trace/Profile clock: REALTIME
20220311 062745.503 INFO             PET1  NUMBER_OF_PROCESSORS           4
20220311 062745.503 INFO             PET1  PASS  Example ESMF_TraceEx, ESMF_TraceEx.F90, line 178
20220311 062745.503 INFO             PET1 Finalizing ESMF
20220311 062745.503 INFO             PET1 **************** Region Timings *******************
20220311 062745.503 INFO             PET1 Region              Count  Total (s)   Self (s)    Mean (s)    Min (s)     Max (s)
20220311 062745.503 INFO             PET1   [test] Init 1     1      0.0000      0.0000      0.0000      0.0000      0.0000
20220311 062745.503 INFO             PET1   [test] Run 1      5      0.0000      0.0000      0.0000      0.0000      0.0000
20220311 062745.503 INFO             PET1   [test] Final 1    1      0.0000      0.0000      0.0000      0.0000      0.0000
20220311 062745.505 INFO             PET1 ESMCI_IO_Handler.C:331 ESMCI::IO_Handler::finalize() 
20220311 062745.505 INFO             PET1 ESMCI_PIO_Handler.C:361 ESMCI::PIO_Handler::finalize() 
20220311 062745.505 INFO             PET1 ESMCI_IO_Handler.C:333 ESMCI::IO_Handler::finalize() after finalize, localrc = 0
20220311 062745.505 INFO             PET1 ESMCI_IO_Handler.C:356 ESMCI::IO_Handler::finalize() before return, localrc = 0
20220311 062745.499 INFO             PET2 !!!!!!!!!!!!!!!!!!!!!!!!!!!!!!!!!!!!!!!!!!!!!!!!!!!!!!
20220311 062745.499 INFO             PET2 !!! THE ESMF_LOG IS SET TO OUTPUT ALL LOG MESSAGES !!!
20220311 062745.499 INFO             PET2 !!!     THIS MAY CAUSE SLOWDOWN IN PERFORMANCE     !!!
20220311 062745.499 INFO             PET2 !!! FOR PRODUCTION RUNS, USE:                      !!!
20220311 062745.499 INFO             PET2 !!!                   ESMF_LOGKIND_Multi_On_Error  !!!
20220311 062745.499 INFO             PET2 !!!!!!!!!!!!!!!!!!!!!!!!!!!!!!!!!!!!!!!!!!!!!!!!!!!!!!
20220311 062745.499 INFO             PET2 Running with ESMF Version   : v8.3.0b09-94-gba2d53fd60
20220311 062745.499 INFO             PET2 ESMF library build date/time: "Mar 11 2022" "06:01:08"
20220311 062745.499 INFO             PET2 ESMF library build location : /glade/scratch/rlong/esmf-testing/gfortran_9.1.0_mpt_O_jedwards_pio_update2
20220311 062745.499 INFO             PET2 ESMF_COMM                   : mpt
20220311 062745.499 INFO             PET2 ESMF_MOAB                   : enabled
20220311 062745.499 INFO             PET2 ESMF_LAPACK                 : enabled
20220311 062745.499 INFO             PET2 ESMF_NETCDF                 : enabled
20220311 062745.499 INFO             PET2 ESMF_PNETCDF                : disabled
20220311 062745.499 INFO             PET2 ESMF_PIO                    : enabled
20220311 062745.499 INFO             PET2 ESMF_YAMLCPP                : enabled
20220311 062745.499 INFO             PET2 ESMF Tracing Enabled
20220311 062745.499 INFO             PET2 ESMF Profiling Enabled
20220311 062745.499 INFO             PET2 ESMF Trace/Profile clock: REALTIME
20220311 062745.503 INFO             PET2  NUMBER_OF_PROCESSORS           4
20220311 062745.503 INFO             PET2  PASS  Example ESMF_TraceEx, ESMF_TraceEx.F90, line 178
20220311 062745.503 INFO             PET2 Finalizing ESMF
20220311 062745.503 INFO             PET2 **************** Region Timings *******************
20220311 062745.503 INFO             PET2 Region              Count  Total (s)   Self (s)    Mean (s)    Min (s)     Max (s)
20220311 062745.503 INFO             PET2   [test] Init 1     1      0.0000      0.0000      0.0000      0.0000      0.0000
20220311 062745.503 INFO             PET2   [test] Run 1      5      0.0000      0.0000      0.0000      0.0000      0.0000
20220311 062745.503 INFO             PET2   [test] Final 1    1      0.0000      0.0000      0.0000      0.0000      0.0000
20220311 062745.505 INFO             PET2 ESMCI_IO_Handler.C:331 ESMCI::IO_Handler::finalize() 
20220311 062745.505 INFO             PET2 ESMCI_PIO_Handler.C:361 ESMCI::PIO_Handler::finalize() 
20220311 062745.505 INFO             PET2 ESMCI_IO_Handler.C:333 ESMCI::IO_Handler::finalize() after finalize, localrc = 0
20220311 062745.505 INFO             PET2 ESMCI_IO_Handler.C:356 ESMCI::IO_Handler::finalize() before return, localrc = 0
20220311 062745.499 INFO             PET3 !!!!!!!!!!!!!!!!!!!!!!!!!!!!!!!!!!!!!!!!!!!!!!!!!!!!!!
20220311 062745.499 INFO             PET3 !!! THE ESMF_LOG IS SET TO OUTPUT ALL LOG MESSAGES !!!
20220311 062745.499 INFO             PET3 !!!     THIS MAY CAUSE SLOWDOWN IN PERFORMANCE     !!!
20220311 062745.499 INFO             PET3 !!! FOR PRODUCTION RUNS, USE:                      !!!
20220311 062745.499 INFO             PET3 !!!                   ESMF_LOGKIND_Multi_On_Error  !!!
20220311 062745.499 INFO             PET3 !!!!!!!!!!!!!!!!!!!!!!!!!!!!!!!!!!!!!!!!!!!!!!!!!!!!!!
20220311 062745.499 INFO             PET3 Running with ESMF Version   : v8.3.0b09-94-gba2d53fd60
20220311 062745.499 INFO             PET3 ESMF library build date/time: "Mar 11 2022" "06:01:08"
20220311 062745.499 INFO             PET3 ESMF library build location : /glade/scratch/rlong/esmf-testing/gfortran_9.1.0_mpt_O_jedwards_pio_update2
20220311 062745.499 INFO             PET3 ESMF_COMM                   : mpt
20220311 062745.500 INFO             PET3 ESMF_MOAB                   : enabled
20220311 062745.500 INFO             PET3 ESMF_LAPACK                 : enabled
20220311 062745.500 INFO             PET3 ESMF_NETCDF                 : enabled
20220311 062745.500 INFO             PET3 ESMF_PNETCDF                : disabled
20220311 062745.500 INFO             PET3 ESMF_PIO                    : enabled
20220311 062745.500 INFO             PET3 ESMF_YAMLCPP                : enabled
20220311 062745.500 INFO             PET3 ESMF Tracing Enabled
20220311 062745.500 INFO             PET3 ESMF Profiling Enabled
20220311 062745.500 INFO             PET3 ESMF Trace/Profile clock: REALTIME
20220311 062745.503 INFO             PET3  NUMBER_OF_PROCESSORS           4
20220311 062745.503 INFO             PET3  PASS  Example ESMF_TraceEx, ESMF_TraceEx.F90, line 178
20220311 062745.503 INFO             PET3 Finalizing ESMF
20220311 062745.503 INFO             PET3 **************** Region Timings *******************
20220311 062745.503 INFO             PET3 Region              Count  Total (s)   Self (s)    Mean (s)    Min (s)     Max (s)
20220311 062745.503 INFO             PET3   [test] Init 1     1      0.0000      0.0000      0.0000      0.0000      0.0000
20220311 062745.503 INFO             PET3   [test] Run 1      5      0.0000      0.0000      0.0000      0.0000      0.0000
20220311 062745.503 INFO             PET3   [test] Final 1    1      0.0000      0.0000      0.0000      0.0000      0.0000
20220311 062745.504 INFO             PET3 ESMCI_IO_Handler.C:331 ESMCI::IO_Handler::finalize() 
20220311 062745.504 INFO             PET3 ESMCI_PIO_Handler.C:361 ESMCI::PIO_Handler::finalize() 
20220311 062745.504 INFO             PET3 ESMCI_IO_Handler.C:333 ESMCI::IO_Handler::finalize() after finalize, localrc = 0
20220311 062745.504 INFO             PET3 ESMCI_IO_Handler.C:356 ESMCI::IO_Handler::finalize() before return, localrc = 0
