build time -- 2022-03-13 06:03:39.190627
20220313 063132.594 INFO             PET0 !!!!!!!!!!!!!!!!!!!!!!!!!!!!!!!!!!!!!!!!!!!!!!!!!!!!!!
20220313 063132.594 INFO             PET0 !!! THE ESMF_LOG IS SET TO OUTPUT ALL LOG MESSAGES !!!
20220313 063132.594 INFO             PET0 !!!     THIS MAY CAUSE SLOWDOWN IN PERFORMANCE     !!!
20220313 063132.594 INFO             PET0 !!! FOR PRODUCTION RUNS, USE:                      !!!
20220313 063132.594 INFO             PET0 !!!                   ESMF_LOGKIND_Multi_On_Error  !!!
20220313 063132.594 INFO             PET0 !!!!!!!!!!!!!!!!!!!!!!!!!!!!!!!!!!!!!!!!!!!!!!!!!!!!!!
20220313 063132.594 INFO             PET0 Running with ESMF Version   : v8.3.0b09
20220313 063132.594 INFO             PET0 ESMF library build date/time: "Mar 13 2022" "06:01:36"
20220313 063132.594 INFO             PET0 ESMF library build location : /glade/scratch/rlong/esmf-testing/gfortran_10.1.0_openmpi_O_develop
20220313 063132.594 INFO             PET0 ESMF_COMM                   : openmpi
20220313 063132.594 INFO             PET0 ESMF_MOAB                   : enabled
20220313 063132.594 INFO             PET0 ESMF_LAPACK                 : enabled
20220313 063132.594 INFO             PET0 ESMF_NETCDF                 : enabled
20220313 063132.594 INFO             PET0 ESMF_PNETCDF                : disabled
20220313 063132.594 INFO             PET0 ESMF_PIO                    : enabled
20220313 063132.594 INFO             PET0 ESMF_YAMLCPP                : enabled
20220313 063132.595 INFO             PET0  NUMBER_OF_PROCESSORS           4
20220313 063132.595 INFO             PET0  PASS  Example ESMF_VMUserMpiCommMultiEx, ESMF_VMUserMpiCommMultiEx.F90, line 126
20220313 063132.595 INFO             PET0 Finalizing ESMF
20220313 063132.593 INFO             PET0 !!!!!!!!!!!!!!!!!!!!!!!!!!!!!!!!!!!!!!!!!!!!!!!!!!!!!!
20220313 063132.593 INFO             PET0 !!! THE ESMF_LOG IS SET TO OUTPUT ALL LOG MESSAGES !!!
20220313 063132.593 INFO             PET0 !!!     THIS MAY CAUSE SLOWDOWN IN PERFORMANCE     !!!
20220313 063132.593 INFO             PET0 !!! FOR PRODUCTION RUNS, USE:                      !!!
20220313 063132.593 INFO             PET0 !!!                   ESMF_LOGKIND_Multi_On_Error  !!!
20220313 063132.593 INFO             PET0 !!!!!!!!!!!!!!!!!!!!!!!!!!!!!!!!!!!!!!!!!!!!!!!!!!!!!!
20220313 063132.593 INFO             PET0 Running with ESMF Version   : v8.3.0b09
20220313 063132.593 INFO             PET0 ESMF library build date/time: "Mar 13 2022" "06:01:36"
20220313 063132.593 INFO             PET0 ESMF library build location : /glade/scratch/rlong/esmf-testing/gfortran_10.1.0_openmpi_O_develop
20220313 063132.593 INFO             PET0 ESMF_COMM                   : openmpi
20220313 063132.594 INFO             PET0 ESMF_MOAB                   : enabled
20220313 063132.594 INFO             PET0 ESMF_LAPACK                 : enabled
20220313 063132.594 INFO             PET0 ESMF_NETCDF                 : enabled
20220313 063132.594 INFO             PET0 ESMF_PNETCDF                : disabled
20220313 063132.594 INFO             PET0 ESMF_PIO                    : enabled
20220313 063132.594 INFO             PET0 ESMF_YAMLCPP                : enabled
20220313 063132.594 INFO             PET0  NUMBER_OF_PROCESSORS           4
20220313 063132.594 INFO             PET0  PASS  Example ESMF_VMUserMpiCommMultiEx, ESMF_VMUserMpiCommMultiEx.F90, line 154
20220313 063132.594 INFO             PET0 Finalizing ESMF
20220313 063132.594 INFO             PET1 !!!!!!!!!!!!!!!!!!!!!!!!!!!!!!!!!!!!!!!!!!!!!!!!!!!!!!
20220313 063132.595 INFO             PET1 !!! THE ESMF_LOG IS SET TO OUTPUT ALL LOG MESSAGES !!!
20220313 063132.595 INFO             PET1 !!!     THIS MAY CAUSE SLOWDOWN IN PERFORMANCE     !!!
20220313 063132.595 INFO             PET1 !!! FOR PRODUCTION RUNS, USE:                      !!!
20220313 063132.595 INFO             PET1 !!!                   ESMF_LOGKIND_Multi_On_Error  !!!
20220313 063132.595 INFO             PET1 !!!!!!!!!!!!!!!!!!!!!!!!!!!!!!!!!!!!!!!!!!!!!!!!!!!!!!
20220313 063132.595 INFO             PET1 Running with ESMF Version   : v8.3.0b09
20220313 063132.595 INFO             PET1 ESMF library build date/time: "Mar 13 2022" "06:01:36"
20220313 063132.595 INFO             PET1 ESMF library build location : /glade/scratch/rlong/esmf-testing/gfortran_10.1.0_openmpi_O_develop
20220313 063132.595 INFO             PET1 ESMF_COMM                   : openmpi
20220313 063132.595 INFO             PET1 ESMF_MOAB                   : enabled
20220313 063132.595 INFO             PET1 ESMF_LAPACK                 : enabled
20220313 063132.595 INFO             PET1 ESMF_NETCDF                 : enabled
20220313 063132.595 INFO             PET1 ESMF_PNETCDF                : disabled
20220313 063132.595 INFO             PET1 ESMF_PIO                    : enabled
20220313 063132.595 INFO             PET1 ESMF_YAMLCPP                : enabled
20220313 063132.595 INFO             PET1  NUMBER_OF_PROCESSORS           4
20220313 063132.595 INFO             PET1  PASS  Example ESMF_VMUserMpiCommMultiEx, ESMF_VMUserMpiCommMultiEx.F90, line 126
20220313 063132.595 INFO             PET1 Finalizing ESMF
20220313 063132.594 INFO             PET1 !!!!!!!!!!!!!!!!!!!!!!!!!!!!!!!!!!!!!!!!!!!!!!!!!!!!!!
20220313 063132.594 INFO             PET1 !!! THE ESMF_LOG IS SET TO OUTPUT ALL LOG MESSAGES !!!
20220313 063132.594 INFO             PET1 !!!     THIS MAY CAUSE SLOWDOWN IN PERFORMANCE     !!!
20220313 063132.594 INFO             PET1 !!! FOR PRODUCTION RUNS, USE:                      !!!
20220313 063132.594 INFO             PET1 !!!                   ESMF_LOGKIND_Multi_On_Error  !!!
20220313 063132.594 INFO             PET1 !!!!!!!!!!!!!!!!!!!!!!!!!!!!!!!!!!!!!!!!!!!!!!!!!!!!!!
20220313 063132.594 INFO             PET1 Running with ESMF Version   : v8.3.0b09
20220313 063132.594 INFO             PET1 ESMF library build date/time: "Mar 13 2022" "06:01:36"
20220313 063132.594 INFO             PET1 ESMF library build location : /glade/scratch/rlong/esmf-testing/gfortran_10.1.0_openmpi_O_develop
20220313 063132.594 INFO             PET1 ESMF_COMM                   : openmpi
20220313 063132.594 INFO             PET1 ESMF_MOAB                   : enabled
20220313 063132.594 INFO             PET1 ESMF_LAPACK                 : enabled
20220313 063132.594 INFO             PET1 ESMF_NETCDF                 : enabled
20220313 063132.594 INFO             PET1 ESMF_PNETCDF                : disabled
20220313 063132.594 INFO             PET1 ESMF_PIO                    : enabled
20220313 063132.594 INFO             PET1 ESMF_YAMLCPP                : enabled
20220313 063132.594 INFO             PET1  NUMBER_OF_PROCESSORS           4
20220313 063132.594 INFO             PET1  PASS  Example ESMF_VMUserMpiCommMultiEx, ESMF_VMUserMpiCommMultiEx.F90, line 154
20220313 063132.594 INFO             PET1 Finalizing ESMF
