build time -- 2022-03-11 06:04:23.418695
20220311 063242.915 INFO             PET0 !!!!!!!!!!!!!!!!!!!!!!!!!!!!!!!!!!!!!!!!!!!!!!!!!!!!!!
20220311 063242.915 INFO             PET0 !!! THE ESMF_LOG IS SET TO OUTPUT ALL LOG MESSAGES !!!
20220311 063242.915 INFO             PET0 !!!     THIS MAY CAUSE SLOWDOWN IN PERFORMANCE     !!!
20220311 063242.915 INFO             PET0 !!! FOR PRODUCTION RUNS, USE:                      !!!
20220311 063242.915 INFO             PET0 !!!                   ESMF_LOGKIND_Multi_On_Error  !!!
20220311 063242.915 INFO             PET0 !!!!!!!!!!!!!!!!!!!!!!!!!!!!!!!!!!!!!!!!!!!!!!!!!!!!!!
20220311 063242.915 INFO             PET0 Running with ESMF Version   : v8.3.0b09
20220311 063242.915 INFO             PET0 ESMF library build date/time: "Mar 11 2022" "06:02:24"
20220311 063242.915 INFO             PET0 ESMF library build location : /glade/scratch/rlong/esmf-testing/gfortran_10.1.0_openmpi_O_develop
20220311 063242.915 INFO             PET0 ESMF_COMM                   : openmpi
20220311 063242.915 INFO             PET0 ESMF_MOAB                   : enabled
20220311 063242.915 INFO             PET0 ESMF_LAPACK                 : enabled
20220311 063242.915 INFO             PET0 ESMF_NETCDF                 : enabled
20220311 063242.915 INFO             PET0 ESMF_PNETCDF                : disabled
20220311 063242.915 INFO             PET0 ESMF_PIO                    : enabled
20220311 063242.915 INFO             PET0 ESMF_YAMLCPP                : enabled
20220311 063242.916 INFO             PET0  NUMBER_OF_PROCESSORS           1
20220311 063242.916 INFO             PET0  PASS  Example ESMF_TimeEx, ESMF_TimeEx.F90, line 141
20220311 063242.916 INFO             PET0 Finalizing ESMF
