Sat Mar 26 12:20:41 PDT 2022
 
Installing ESMF:
 
mkdir -p /global/cscratch1/sd/rsdunlap/esmf-testing/intel_19.0.3_mpi_g_develop/DEFAULTINSTALLDIR/include
cp -f /global/cscratch1/sd/rsdunlap/esmf-testing/intel_19.0.3_mpi_g_develop/src/include/ESMC.h /global/cscratch1/sd/rsdunlap/esmf-testing/intel_19.0.3_mpi_g_develop/DEFAULTINSTALLDIR/include
cp -f /global/cscratch1/sd/rsdunlap/esmf-testing/intel_19.0.3_mpi_g_develop/src/include/ESMC_*.h /global/cscratch1/sd/rsdunlap/esmf-testing/intel_19.0.3_mpi_g_develop/DEFAULTINSTALLDIR/include
cp -f /global/cscratch1/sd/rsdunlap/esmf-testing/intel_19.0.3_mpi_g_develop/build_config/Unicos.intel.default/ESMC_Conf.h /global/cscratch1/sd/rsdunlap/esmf-testing/intel_19.0.3_mpi_g_develop/DEFAULTINSTALLDIR/include
mkdir -p /global/cscratch1/sd/rsdunlap/esmf-testing/intel_19.0.3_mpi_g_develop/DEFAULTINSTALLDIR/mod/modg/Unicos.intel.64.mpi.default
cp -f /global/cscratch1/sd/rsdunlap/esmf-testing/intel_19.0.3_mpi_g_develop/mod/modg/Unicos.intel.64.mpi.default/*.mod /global/cscratch1/sd/rsdunlap/esmf-testing/intel_19.0.3_mpi_g_develop/DEFAULTINSTALLDIR/mod/modg/Unicos.intel.64.mpi.default
mkdir -p /global/cscratch1/sd/rsdunlap/esmf-testing/intel_19.0.3_mpi_g_develop/DEFAULTINSTALLDIR/lib/libg/Unicos.intel.64.mpi.default
cp -f /global/cscratch1/sd/rsdunlap/esmf-testing/intel_19.0.3_mpi_g_develop/lib/libg/Unicos.intel.64.mpi.default/libesmf*.* /global/cscratch1/sd/rsdunlap/esmf-testing/intel_19.0.3_mpi_g_develop/DEFAULTINSTALLDIR/lib/libg/Unicos.intel.64.mpi.default
cp -f /global/cscratch1/sd/rsdunlap/esmf-testing/intel_19.0.3_mpi_g_develop/lib/libg/Unicos.intel.64.mpi.default/libpioc.* /global/cscratch1/sd/rsdunlap/esmf-testing/intel_19.0.3_mpi_g_develop/DEFAULTINSTALLDIR/lib/libg/Unicos.intel.64.mpi.default
make ESMF_PRELOADDIR=/global/cscratch1/sd/rsdunlap/esmf-testing/intel_19.0.3_mpi_g_develop/DEFAULTINSTALLDIR/lib/libg/Unicos.intel.64.mpi.default build_preload_script
make[1]: Entering directory '/global/cscratch1/sd/rsdunlap/esmf-testing/intel_19.0.3_mpi_g_develop'
chmod 755 /global/cscratch1/sd/rsdunlap/esmf-testing/intel_19.0.3_mpi_g_develop/DEFAULTINSTALLDIR/lib/libg/Unicos.intel.64.mpi.default/preload.sh
make[1]: Leaving directory '/global/cscratch1/sd/rsdunlap/esmf-testing/intel_19.0.3_mpi_g_develop'
ranlib /global/cscratch1/sd/rsdunlap/esmf-testing/intel_19.0.3_mpi_g_develop/DEFAULTINSTALLDIR/lib/libg/Unicos.intel.64.mpi.default/libesmf*.a
make install_apps
make[1]: Entering directory '/global/cscratch1/sd/rsdunlap/esmf-testing/intel_19.0.3_mpi_g_develop'
mkdir -p /global/cscratch1/sd/rsdunlap/esmf-testing/intel_19.0.3_mpi_g_develop/DEFAULTINSTALLDIR/bin/bing/Unicos.intel.64.mpi.default
make build_apps ESMF_APPSDIR=/global/cscratch1/sd/rsdunlap/esmf-testing/intel_19.0.3_mpi_g_develop/DEFAULTINSTALLDIR/bin/bing/Unicos.intel.64.mpi.default ESMF_LDIR=/global/cscratch1/sd/rsdunlap/esmf-testing/intel_19.0.3_mpi_g_develop/DEFAULTINSTALLDIR/lib/libg/Unicos.intel.64.mpi.default ESMF_LIBDIR=/global/cscratch1/sd/rsdunlap/esmf-testing/intel_19.0.3_mpi_g_develop/DEFAULTINSTALLDIR/lib/libg/Unicos.intel.64.mpi.default ESMF_MODDIR=/global/cscratch1/sd/rsdunlap/esmf-testing/intel_19.0.3_mpi_g_develop/DEFAULTINSTALLDIR/mod/modg/Unicos.intel.64.mpi.default
make[2]: Entering directory '/global/cscratch1/sd/rsdunlap/esmf-testing/intel_19.0.3_mpi_g_develop'
cd /global/cscratch1/sd/rsdunlap/esmf-testing/intel_19.0.3_mpi_g_develop/src/apps; make ACTION=tree_build_apps tree
make[3]: Entering directory '/global/cscratch1/sd/rsdunlap/esmf-testing/intel_19.0.3_mpi_g_develop/src/apps'
tree_build_apps in: /global/cscratch1/sd/rsdunlap/esmf-testing/intel_19.0.3_mpi_g_develop/src/apps/ESMF_PrintInfo
make[4]: Entering directory '/global/cscratch1/sd/rsdunlap/esmf-testing/intel_19.0.3_mpi_g_develop/src/apps/ESMF_PrintInfo'
make chkdir_locobj
make[5]: Entering directory '/global/cscratch1/sd/rsdunlap/esmf-testing/intel_19.0.3_mpi_g_develop/src/apps/ESMF_PrintInfo'
Making directory /global/cscratch1/sd/rsdunlap/esmf-testing/intel_19.0.3_mpi_g_develop/obj/objg/Unicos.intel.64.mpi.default/src/apps/ESMF_PrintInfo for apps output
make[5]: Leaving directory '/global/cscratch1/sd/rsdunlap/esmf-testing/intel_19.0.3_mpi_g_develop/src/apps/ESMF_PrintInfo'
ftn -c -g -traceback -check arg_temp_created,bounds,format,output_conversion,stack,uninit -fPIC -assume realloc_lhs   -qopenmp -I/global/cscratch1/sd/rsdunlap/esmf-testing/intel_19.0.3_mpi_g_develop/src/apps/ESMF_PrintInfo -I/global/cscratch1/sd/rsdunlap/esmf-testing/intel_19.0.3_mpi_g_develop/build_config/Unicos.intel.default -I/global/cscratch1/sd/rsdunlap/esmf-testing/intel_19.0.3_mpi_g_develop/src/Infrastructure -I/global/cscratch1/sd/rsdunlap/esmf-testing/intel_19.0.3_mpi_g_develop/src/Superstructure -I/global/cscratch1/sd/rsdunlap/esmf-testing/intel_19.0.3_mpi_g_develop/DEFAULTINSTALLDIR/mod/modg/Unicos.intel.64.mpi.default -I/global/cscratch1/sd/rsdunlap/esmf-testing/intel_19.0.3_mpi_g_develop/src/include -I/opt/cray/pe/netcdf/4.6.3.2/include -I/opt/cray/pe/netcdf/4.6.3.2/INTEL/19.0/include  -DESMF_NO_INTEGER_1_BYTE -DESMF_NO_INTEGER_2_BYTE -DESMF_VERSION_STRING_GIT='"v8.3.0b10-105-ga5295e34ae"' -DESMF_MOAB=1 -DESMF_LAPACK=1 -DESMF_LAPACK_INTERNAL=1 -DESMF_NO_ACC_SOFTWARE_STACK=1 -DESMF_NETCDF=1 -DESMF_YAMLCPP=1 -DESMF_YAML=1 -DESMF_PIO=1 -DESMF_NO_OPENACC -DESMF_TESTEXHAUSTIVE -DESMF_BOPT_g -DESMF_TESTCOMPTUNNEL -DESMF_TESTWITHTHREADS -DS64=1 -DESMF_OS_Unicos=1 -DESMF_COMM=mpi -DESMF_DIR=/global/cscratch1/sd/rsdunlap/esmf-testing/intel_19.0.3_mpi_g_develop ESMF_PrintInfo.F90 -o /global/cscratch1/sd/rsdunlap/esmf-testing/intel_19.0.3_mpi_g_develop/obj/objg/Unicos.intel.64.mpi.default/src/apps/ESMF_PrintInfo/ESMF_PrintInfo.o
ifort: warning #10182: disabling optimization; runtime debug checks enabled
make chkdir_apps
make[5]: Entering directory '/global/cscratch1/sd/rsdunlap/esmf-testing/intel_19.0.3_mpi_g_develop/src/apps/ESMF_PrintInfo'
make[5]: Leaving directory '/global/cscratch1/sd/rsdunlap/esmf-testing/intel_19.0.3_mpi_g_develop/src/apps/ESMF_PrintInfo'
ftn -dynamic    -Wl,--no-as-needed  -qopenmp -L/global/cscratch1/sd/rsdunlap/esmf-testing/intel_19.0.3_mpi_g_develop/DEFAULTINSTALLDIR/lib/libg/Unicos.intel.64.mpi.default -L/opt/cray/pe/netcdf/4.6.3.2/INTEL/19.0/lib  -Wl,-rpath,/global/cscratch1/sd/rsdunlap/esmf-testing/intel_19.0.3_mpi_g_develop/DEFAULTINSTALLDIR/lib/libg/Unicos.intel.64.mpi.default -Wl,-rpath,/opt/cray/pe/netcdf/4.6.3.2/INTEL/19.0/lib  -o /global/cscratch1/sd/rsdunlap/esmf-testing/intel_19.0.3_mpi_g_develop/DEFAULTINSTALLDIR/bin/bing/Unicos.intel.64.mpi.default/ESMF_PrintInfo /global/cscratch1/sd/rsdunlap/esmf-testing/intel_19.0.3_mpi_g_develop/obj/objg/Unicos.intel.64.mpi.default/src/apps/ESMF_PrintInfo/ESMF_PrintInfo.o -lesmf   -cxxlib -lrt -ldl -lnetcdf -lnetcdff -lpioc
make[4]: Leaving directory '/global/cscratch1/sd/rsdunlap/esmf-testing/intel_19.0.3_mpi_g_develop/src/apps/ESMF_PrintInfo'
tree_build_apps in: /global/cscratch1/sd/rsdunlap/esmf-testing/intel_19.0.3_mpi_g_develop/src/apps/ESMF_PrintInfoC
make[4]: Entering directory '/global/cscratch1/sd/rsdunlap/esmf-testing/intel_19.0.3_mpi_g_develop/src/apps/ESMF_PrintInfoC'
make chkdir_locobj
make[5]: Entering directory '/global/cscratch1/sd/rsdunlap/esmf-testing/intel_19.0.3_mpi_g_develop/src/apps/ESMF_PrintInfoC'
Making directory /global/cscratch1/sd/rsdunlap/esmf-testing/intel_19.0.3_mpi_g_develop/obj/objg/Unicos.intel.64.mpi.default/src/apps/ESMF_PrintInfoC for apps output
make[5]: Leaving directory '/global/cscratch1/sd/rsdunlap/esmf-testing/intel_19.0.3_mpi_g_develop/src/apps/ESMF_PrintInfoC'
CC -c -std=c++11 -g -traceback -Wcheck -fPIC -pthread  -qopenmp -I/global/cscratch1/sd/rsdunlap/esmf-testing/intel_19.0.3_mpi_g_develop/src/apps/ESMF_PrintInfoC -I/global/cscratch1/sd/rsdunlap/esmf-testing/intel_19.0.3_mpi_g_develop/src/apps/ESMF_PrintInfoC/../include -I/global/cscratch1/sd/rsdunlap/esmf-testing/intel_19.0.3_mpi_g_develop/build_config/Unicos.intel.default -I/global/cscratch1/sd/rsdunlap/esmf-testing/intel_19.0.3_mpi_g_develop/src/Infrastructure -I/global/cscratch1/sd/rsdunlap/esmf-testing/intel_19.0.3_mpi_g_develop/src/Superstructure -I/global/cscratch1/sd/rsdunlap/esmf-testing/intel_19.0.3_mpi_g_develop/src/Infrastructure/stubs/pthread  -I/global/cscratch1/sd/rsdunlap/esmf-testing/intel_19.0.3_mpi_g_develop/src/include  -I/opt/cray/pe/netcdf/4.6.3.2/include -I/global/cscratch1/sd/rsdunlap/esmf-testing/intel_19.0.3_mpi_g_develop/src/prologue/yaml-cpp/include -DESMF_NO_INTEGER_1_BYTE -DESMF_NO_INTEGER_2_BYTE -DESMF_VERSION_STRING_GIT='"v8.3.0b10-105-ga5295e34ae"' -DESMF_MOAB=1 -DESMF_LAPACK=1 -DESMF_LAPACK_INTERNAL=1 -DESMF_NO_ACC_SOFTWARE_STACK=1 -DESMF_NETCDF=1 -DESMF_YAMLCPP=1 -DESMF_YAML=1 -DESMF_PIO=1 -DESMF_NO_OPENACC -DESMF_TESTEXHAUSTIVE -DESMF_BOPT_g -DESMF_TESTCOMPTUNNEL -DESMF_TESTWITHTHREADS -DS64=1 -DESMF_OS_Unicos=1 -DESMF_COMM=mpi -DESMF_DIR=/global/cscratch1/sd/rsdunlap/esmf-testing/intel_19.0.3_mpi_g_develop -D__SDIR__='"src/apps/ESMF_PrintInfoC"' -DESMF_CXXSTD=11 -DESMF_NO_POSIXIPC ESMF_PrintInfoC.c -o /global/cscratch1/sd/rsdunlap/esmf-testing/intel_19.0.3_mpi_g_develop/obj/objg/Unicos.intel.64.mpi.default/src/apps/ESMF_PrintInfoC/ESMF_PrintInfoC.o
make chkdir_apps
make[5]: Entering directory '/global/cscratch1/sd/rsdunlap/esmf-testing/intel_19.0.3_mpi_g_develop/src/apps/ESMF_PrintInfoC'
make[5]: Leaving directory '/global/cscratch1/sd/rsdunlap/esmf-testing/intel_19.0.3_mpi_g_develop/src/apps/ESMF_PrintInfoC'
CC -dynamic   -pthread -Wl,--no-as-needed  -qopenmp -L/global/cscratch1/sd/rsdunlap/esmf-testing/intel_19.0.3_mpi_g_develop/DEFAULTINSTALLDIR/lib/libg/Unicos.intel.64.mpi.default -L/opt/cray/pe/netcdf/4.6.3.2/INTEL/19.0/lib -L/opt/intel/compilers_and_libraries_2020.2.254/linux/compiler/lib/intel64_lin/ -Wl,-rpath,/global/cscratch1/sd/rsdunlap/esmf-testing/intel_19.0.3_mpi_g_develop/DEFAULTINSTALLDIR/lib/libg/Unicos.intel.64.mpi.default -Wl,-rpath,/opt/cray/pe/netcdf/4.6.3.2/INTEL/19.0/lib  -o /global/cscratch1/sd/rsdunlap/esmf-testing/intel_19.0.3_mpi_g_develop/DEFAULTINSTALLDIR/bin/bing/Unicos.intel.64.mpi.default/ESMF_PrintInfoC /global/cscratch1/sd/rsdunlap/esmf-testing/intel_19.0.3_mpi_g_develop/obj/objg/Unicos.intel.64.mpi.default/src/apps/ESMF_PrintInfoC/ESMF_PrintInfoC.o -lesmf   -lrt -ldl -lnetcdf -lnetcdff -lpioc
make[4]: Leaving directory '/global/cscratch1/sd/rsdunlap/esmf-testing/intel_19.0.3_mpi_g_develop/src/apps/ESMF_PrintInfoC'
tree_build_apps in: /global/cscratch1/sd/rsdunlap/esmf-testing/intel_19.0.3_mpi_g_develop/src/apps/ESMF_RegridWeightGen
make[4]: Entering directory '/global/cscratch1/sd/rsdunlap/esmf-testing/intel_19.0.3_mpi_g_develop/src/apps/ESMF_RegridWeightGen'
make chkdir_locobj
make[5]: Entering directory '/global/cscratch1/sd/rsdunlap/esmf-testing/intel_19.0.3_mpi_g_develop/src/apps/ESMF_RegridWeightGen'
Making directory /global/cscratch1/sd/rsdunlap/esmf-testing/intel_19.0.3_mpi_g_develop/obj/objg/Unicos.intel.64.mpi.default/src/apps/ESMF_RegridWeightGen for apps output
make[5]: Leaving directory '/global/cscratch1/sd/rsdunlap/esmf-testing/intel_19.0.3_mpi_g_develop/src/apps/ESMF_RegridWeightGen'
ftn -c -g -traceback -check arg_temp_created,bounds,format,output_conversion,stack,uninit -fPIC -assume realloc_lhs   -qopenmp -I/global/cscratch1/sd/rsdunlap/esmf-testing/intel_19.0.3_mpi_g_develop/src/apps/ESMF_RegridWeightGen -I/global/cscratch1/sd/rsdunlap/esmf-testing/intel_19.0.3_mpi_g_develop/build_config/Unicos.intel.default -I/global/cscratch1/sd/rsdunlap/esmf-testing/intel_19.0.3_mpi_g_develop/src/Infrastructure -I/global/cscratch1/sd/rsdunlap/esmf-testing/intel_19.0.3_mpi_g_develop/src/Superstructure -I/global/cscratch1/sd/rsdunlap/esmf-testing/intel_19.0.3_mpi_g_develop/DEFAULTINSTALLDIR/mod/modg/Unicos.intel.64.mpi.default -I/global/cscratch1/sd/rsdunlap/esmf-testing/intel_19.0.3_mpi_g_develop/src/include -I/opt/cray/pe/netcdf/4.6.3.2/include -I/opt/cray/pe/netcdf/4.6.3.2/INTEL/19.0/include  -DESMF_NO_INTEGER_1_BYTE -DESMF_NO_INTEGER_2_BYTE -DESMF_VERSION_STRING_GIT='"v8.3.0b10-105-ga5295e34ae"' -DESMF_MOAB=1 -DESMF_LAPACK=1 -DESMF_LAPACK_INTERNAL=1 -DESMF_NO_ACC_SOFTWARE_STACK=1 -DESMF_NETCDF=1 -DESMF_YAMLCPP=1 -DESMF_YAML=1 -DESMF_PIO=1 -DESMF_NO_OPENACC -DESMF_TESTEXHAUSTIVE -DESMF_BOPT_g -DESMF_TESTCOMPTUNNEL -DESMF_TESTWITHTHREADS -DS64=1 -DESMF_OS_Unicos=1 -DESMF_COMM=mpi -DESMF_DIR=/global/cscratch1/sd/rsdunlap/esmf-testing/intel_19.0.3_mpi_g_develop ESMF_RegridWeightGen.F90 -o /global/cscratch1/sd/rsdunlap/esmf-testing/intel_19.0.3_mpi_g_develop/obj/objg/Unicos.intel.64.mpi.default/src/apps/ESMF_RegridWeightGen/ESMF_RegridWeightGen.o
ifort: warning #10182: disabling optimization; runtime debug checks enabled
make chkdir_apps
make[5]: Entering directory '/global/cscratch1/sd/rsdunlap/esmf-testing/intel_19.0.3_mpi_g_develop/src/apps/ESMF_RegridWeightGen'
make[5]: Leaving directory '/global/cscratch1/sd/rsdunlap/esmf-testing/intel_19.0.3_mpi_g_develop/src/apps/ESMF_RegridWeightGen'
ftn -dynamic    -Wl,--no-as-needed  -qopenmp -L/global/cscratch1/sd/rsdunlap/esmf-testing/intel_19.0.3_mpi_g_develop/DEFAULTINSTALLDIR/lib/libg/Unicos.intel.64.mpi.default -L/opt/cray/pe/netcdf/4.6.3.2/INTEL/19.0/lib  -Wl,-rpath,/global/cscratch1/sd/rsdunlap/esmf-testing/intel_19.0.3_mpi_g_develop/DEFAULTINSTALLDIR/lib/libg/Unicos.intel.64.mpi.default -Wl,-rpath,/opt/cray/pe/netcdf/4.6.3.2/INTEL/19.0/lib  -o /global/cscratch1/sd/rsdunlap/esmf-testing/intel_19.0.3_mpi_g_develop/DEFAULTINSTALLDIR/bin/bing/Unicos.intel.64.mpi.default/ESMF_RegridWeightGen /global/cscratch1/sd/rsdunlap/esmf-testing/intel_19.0.3_mpi_g_develop/obj/objg/Unicos.intel.64.mpi.default/src/apps/ESMF_RegridWeightGen/ESMF_RegridWeightGen.o -lesmf   -cxxlib -lrt -ldl -lnetcdf -lnetcdff -lpioc
make[4]: Leaving directory '/global/cscratch1/sd/rsdunlap/esmf-testing/intel_19.0.3_mpi_g_develop/src/apps/ESMF_RegridWeightGen'
tree_build_apps in: /global/cscratch1/sd/rsdunlap/esmf-testing/intel_19.0.3_mpi_g_develop/src/apps/ESMF_WebServController
make[4]: Entering directory '/global/cscratch1/sd/rsdunlap/esmf-testing/intel_19.0.3_mpi_g_develop/src/apps/ESMF_WebServController'
make chkdir_locobj
make[5]: Entering directory '/global/cscratch1/sd/rsdunlap/esmf-testing/intel_19.0.3_mpi_g_develop/src/apps/ESMF_WebServController'
Making directory /global/cscratch1/sd/rsdunlap/esmf-testing/intel_19.0.3_mpi_g_develop/obj/objg/Unicos.intel.64.mpi.default/src/apps/ESMF_WebServController for apps output
make[5]: Leaving directory '/global/cscratch1/sd/rsdunlap/esmf-testing/intel_19.0.3_mpi_g_develop/src/apps/ESMF_WebServController'
CC -c -std=c++11 -g -traceback -Wcheck -fPIC -pthread  -qopenmp -I/global/cscratch1/sd/rsdunlap/esmf-testing/intel_19.0.3_mpi_g_develop/src/apps/ESMF_WebServController -I/global/cscratch1/sd/rsdunlap/esmf-testing/intel_19.0.3_mpi_g_develop/src/apps/ESMF_WebServController/../include -I/global/cscratch1/sd/rsdunlap/esmf-testing/intel_19.0.3_mpi_g_develop/build_config/Unicos.intel.default -I/global/cscratch1/sd/rsdunlap/esmf-testing/intel_19.0.3_mpi_g_develop/src/Infrastructure -I/global/cscratch1/sd/rsdunlap/esmf-testing/intel_19.0.3_mpi_g_develop/src/Superstructure -I/global/cscratch1/sd/rsdunlap/esmf-testing/intel_19.0.3_mpi_g_develop/src/Infrastructure/stubs/pthread  -I/global/cscratch1/sd/rsdunlap/esmf-testing/intel_19.0.3_mpi_g_develop/src/include  -I/opt/cray/pe/netcdf/4.6.3.2/include -I/global/cscratch1/sd/rsdunlap/esmf-testing/intel_19.0.3_mpi_g_develop/src/prologue/yaml-cpp/include -DESMF_NO_INTEGER_1_BYTE -DESMF_NO_INTEGER_2_BYTE -DESMF_VERSION_STRING_GIT='"v8.3.0b10-105-ga5295e34ae"' -DESMF_MOAB=1 -DESMF_LAPACK=1 -DESMF_LAPACK_INTERNAL=1 -DESMF_NO_ACC_SOFTWARE_STACK=1 -DESMF_NETCDF=1 -DESMF_YAMLCPP=1 -DESMF_YAML=1 -DESMF_PIO=1 -DESMF_NO_OPENACC -DESMF_TESTEXHAUSTIVE -DESMF_BOPT_g -DESMF_TESTCOMPTUNNEL -DESMF_TESTWITHTHREADS -DS64=1 -DESMF_OS_Unicos=1 -DESMF_COMM=mpi -DESMF_DIR=/global/cscratch1/sd/rsdunlap/esmf-testing/intel_19.0.3_mpi_g_develop -D__SDIR__='"src/apps/ESMF_WebServController"' -DESMF_CXXSTD=11 -DESMF_NO_POSIXIPC ESMF_WebServController.C -o /global/cscratch1/sd/rsdunlap/esmf-testing/intel_19.0.3_mpi_g_develop/obj/objg/Unicos.intel.64.mpi.default/src/apps/ESMF_WebServController/ESMF_WebServController.o
make chkdir_apps
make[5]: Entering directory '/global/cscratch1/sd/rsdunlap/esmf-testing/intel_19.0.3_mpi_g_develop/src/apps/ESMF_WebServController'
make[5]: Leaving directory '/global/cscratch1/sd/rsdunlap/esmf-testing/intel_19.0.3_mpi_g_develop/src/apps/ESMF_WebServController'
CC -dynamic   -pthread -Wl,--no-as-needed  -qopenmp -L/global/cscratch1/sd/rsdunlap/esmf-testing/intel_19.0.3_mpi_g_develop/DEFAULTINSTALLDIR/lib/libg/Unicos.intel.64.mpi.default -L/opt/cray/pe/netcdf/4.6.3.2/INTEL/19.0/lib -L/opt/intel/compilers_and_libraries_2020.2.254/linux/compiler/lib/intel64_lin/ -Wl,-rpath,/global/cscratch1/sd/rsdunlap/esmf-testing/intel_19.0.3_mpi_g_develop/DEFAULTINSTALLDIR/lib/libg/Unicos.intel.64.mpi.default -Wl,-rpath,/opt/cray/pe/netcdf/4.6.3.2/INTEL/19.0/lib  -o /global/cscratch1/sd/rsdunlap/esmf-testing/intel_19.0.3_mpi_g_develop/DEFAULTINSTALLDIR/bin/bing/Unicos.intel.64.mpi.default/ESMF_WebServController /global/cscratch1/sd/rsdunlap/esmf-testing/intel_19.0.3_mpi_g_develop/obj/objg/Unicos.intel.64.mpi.default/src/apps/ESMF_WebServController/ESMF_WebServController.o -lesmf   -lrt -ldl -lnetcdf -lnetcdff -lpioc
make[4]: Leaving directory '/global/cscratch1/sd/rsdunlap/esmf-testing/intel_19.0.3_mpi_g_develop/src/apps/ESMF_WebServController'
tree_build_apps in: /global/cscratch1/sd/rsdunlap/esmf-testing/intel_19.0.3_mpi_g_develop/src/apps/ESMF_Scrip2Unstruct
make[4]: Entering directory '/global/cscratch1/sd/rsdunlap/esmf-testing/intel_19.0.3_mpi_g_develop/src/apps/ESMF_Scrip2Unstruct'
make chkdir_locobj
make[5]: Entering directory '/global/cscratch1/sd/rsdunlap/esmf-testing/intel_19.0.3_mpi_g_develop/src/apps/ESMF_Scrip2Unstruct'
Making directory /global/cscratch1/sd/rsdunlap/esmf-testing/intel_19.0.3_mpi_g_develop/obj/objg/Unicos.intel.64.mpi.default/src/apps/ESMF_Scrip2Unstruct for apps output
make[5]: Leaving directory '/global/cscratch1/sd/rsdunlap/esmf-testing/intel_19.0.3_mpi_g_develop/src/apps/ESMF_Scrip2Unstruct'
CC -c -std=c++11 -g -traceback -Wcheck -fPIC -pthread  -qopenmp -I/global/cscratch1/sd/rsdunlap/esmf-testing/intel_19.0.3_mpi_g_develop/src/apps/ESMF_Scrip2Unstruct -I/global/cscratch1/sd/rsdunlap/esmf-testing/intel_19.0.3_mpi_g_develop/src/apps/ESMF_Scrip2Unstruct/../include -I/global/cscratch1/sd/rsdunlap/esmf-testing/intel_19.0.3_mpi_g_develop/build_config/Unicos.intel.default -I/global/cscratch1/sd/rsdunlap/esmf-testing/intel_19.0.3_mpi_g_develop/src/Infrastructure -I/global/cscratch1/sd/rsdunlap/esmf-testing/intel_19.0.3_mpi_g_develop/src/Superstructure -I/global/cscratch1/sd/rsdunlap/esmf-testing/intel_19.0.3_mpi_g_develop/src/Infrastructure/stubs/pthread  -I/global/cscratch1/sd/rsdunlap/esmf-testing/intel_19.0.3_mpi_g_develop/src/include  -I/opt/cray/pe/netcdf/4.6.3.2/include -I/global/cscratch1/sd/rsdunlap/esmf-testing/intel_19.0.3_mpi_g_develop/src/prologue/yaml-cpp/include -DESMF_NO_INTEGER_1_BYTE -DESMF_NO_INTEGER_2_BYTE -DESMF_VERSION_STRING_GIT='"v8.3.0b10-105-ga5295e34ae"' -DESMF_MOAB=1 -DESMF_LAPACK=1 -DESMF_LAPACK_INTERNAL=1 -DESMF_NO_ACC_SOFTWARE_STACK=1 -DESMF_NETCDF=1 -DESMF_YAMLCPP=1 -DESMF_YAML=1 -DESMF_PIO=1 -DESMF_NO_OPENACC -DESMF_TESTEXHAUSTIVE -DESMF_BOPT_g -DESMF_TESTCOMPTUNNEL -DESMF_TESTWITHTHREADS -DS64=1 -DESMF_OS_Unicos=1 -DESMF_COMM=mpi -DESMF_DIR=/global/cscratch1/sd/rsdunlap/esmf-testing/intel_19.0.3_mpi_g_develop -D__SDIR__='"src/apps/ESMF_Scrip2Unstruct"' -DESMF_CXXSTD=11 -DESMF_NO_POSIXIPC ESMF_Scrip2Unstruct.C -o /global/cscratch1/sd/rsdunlap/esmf-testing/intel_19.0.3_mpi_g_develop/obj/objg/Unicos.intel.64.mpi.default/src/apps/ESMF_Scrip2Unstruct/ESMF_Scrip2Unstruct.o
ESMF_Scrip2Unstruct.C(582): warning #2259: non-pointer conversion from "int" to "char" may lose significant bits
      units[i]=tolower(units[i]);
              ^

ESMF_Scrip2Unstruct.C(839): warning #2259: non-pointer conversion from "int" to "char" may lose significant bits
  	    units[i]=tolower(units[i]);
  	            ^

ESMF_Scrip2Unstruct.C(968): warning #2259: non-pointer conversion from "int" to "char" may lose significant bits
        units[i]=tolower(units[i]);
                ^

make chkdir_apps
make[5]: Entering directory '/global/cscratch1/sd/rsdunlap/esmf-testing/intel_19.0.3_mpi_g_develop/src/apps/ESMF_Scrip2Unstruct'
make[5]: Leaving directory '/global/cscratch1/sd/rsdunlap/esmf-testing/intel_19.0.3_mpi_g_develop/src/apps/ESMF_Scrip2Unstruct'
CC -dynamic   -pthread -Wl,--no-as-needed  -qopenmp -L/global/cscratch1/sd/rsdunlap/esmf-testing/intel_19.0.3_mpi_g_develop/DEFAULTINSTALLDIR/lib/libg/Unicos.intel.64.mpi.default -L/opt/cray/pe/netcdf/4.6.3.2/INTEL/19.0/lib -L/opt/intel/compilers_and_libraries_2020.2.254/linux/compiler/lib/intel64_lin/ -Wl,-rpath,/global/cscratch1/sd/rsdunlap/esmf-testing/intel_19.0.3_mpi_g_develop/DEFAULTINSTALLDIR/lib/libg/Unicos.intel.64.mpi.default -Wl,-rpath,/opt/cray/pe/netcdf/4.6.3.2/INTEL/19.0/lib  -o /global/cscratch1/sd/rsdunlap/esmf-testing/intel_19.0.3_mpi_g_develop/DEFAULTINSTALLDIR/bin/bing/Unicos.intel.64.mpi.default/ESMF_Scrip2Unstruct /global/cscratch1/sd/rsdunlap/esmf-testing/intel_19.0.3_mpi_g_develop/obj/objg/Unicos.intel.64.mpi.default/src/apps/ESMF_Scrip2Unstruct/ESMF_Scrip2Unstruct.o -lesmf   -lrt -ldl -lnetcdf -lnetcdff -lpioc
make[4]: Leaving directory '/global/cscratch1/sd/rsdunlap/esmf-testing/intel_19.0.3_mpi_g_develop/src/apps/ESMF_Scrip2Unstruct'
tree_build_apps in: /global/cscratch1/sd/rsdunlap/esmf-testing/intel_19.0.3_mpi_g_develop/src/apps/ESMF_Regrid
make[4]: Entering directory '/global/cscratch1/sd/rsdunlap/esmf-testing/intel_19.0.3_mpi_g_develop/src/apps/ESMF_Regrid'
make chkdir_locobj
make[5]: Entering directory '/global/cscratch1/sd/rsdunlap/esmf-testing/intel_19.0.3_mpi_g_develop/src/apps/ESMF_Regrid'
Making directory /global/cscratch1/sd/rsdunlap/esmf-testing/intel_19.0.3_mpi_g_develop/obj/objg/Unicos.intel.64.mpi.default/src/apps/ESMF_Regrid for apps output
make[5]: Leaving directory '/global/cscratch1/sd/rsdunlap/esmf-testing/intel_19.0.3_mpi_g_develop/src/apps/ESMF_Regrid'
ftn -c -g -traceback -check arg_temp_created,bounds,format,output_conversion,stack,uninit -fPIC -assume realloc_lhs   -qopenmp -I/global/cscratch1/sd/rsdunlap/esmf-testing/intel_19.0.3_mpi_g_develop/src/apps/ESMF_Regrid -I/global/cscratch1/sd/rsdunlap/esmf-testing/intel_19.0.3_mpi_g_develop/build_config/Unicos.intel.default -I/global/cscratch1/sd/rsdunlap/esmf-testing/intel_19.0.3_mpi_g_develop/src/Infrastructure -I/global/cscratch1/sd/rsdunlap/esmf-testing/intel_19.0.3_mpi_g_develop/src/Superstructure -I/global/cscratch1/sd/rsdunlap/esmf-testing/intel_19.0.3_mpi_g_develop/DEFAULTINSTALLDIR/mod/modg/Unicos.intel.64.mpi.default -I/global/cscratch1/sd/rsdunlap/esmf-testing/intel_19.0.3_mpi_g_develop/src/include -I/opt/cray/pe/netcdf/4.6.3.2/include -I/opt/cray/pe/netcdf/4.6.3.2/INTEL/19.0/include  -DESMF_NO_INTEGER_1_BYTE -DESMF_NO_INTEGER_2_BYTE -DESMF_VERSION_STRING_GIT='"v8.3.0b10-105-ga5295e34ae"' -DESMF_MOAB=1 -DESMF_LAPACK=1 -DESMF_LAPACK_INTERNAL=1 -DESMF_NO_ACC_SOFTWARE_STACK=1 -DESMF_NETCDF=1 -DESMF_YAMLCPP=1 -DESMF_YAML=1 -DESMF_PIO=1 -DESMF_NO_OPENACC -DESMF_TESTEXHAUSTIVE -DESMF_BOPT_g -DESMF_TESTCOMPTUNNEL -DESMF_TESTWITHTHREADS -DS64=1 -DESMF_OS_Unicos=1 -DESMF_COMM=mpi -DESMF_DIR=/global/cscratch1/sd/rsdunlap/esmf-testing/intel_19.0.3_mpi_g_develop ESMF_Regrid.F90 -o /global/cscratch1/sd/rsdunlap/esmf-testing/intel_19.0.3_mpi_g_develop/obj/objg/Unicos.intel.64.mpi.default/src/apps/ESMF_Regrid/ESMF_Regrid.o
ifort: warning #10182: disabling optimization; runtime debug checks enabled
make chkdir_apps
make[5]: Entering directory '/global/cscratch1/sd/rsdunlap/esmf-testing/intel_19.0.3_mpi_g_develop/src/apps/ESMF_Regrid'
make[5]: Leaving directory '/global/cscratch1/sd/rsdunlap/esmf-testing/intel_19.0.3_mpi_g_develop/src/apps/ESMF_Regrid'
ftn -dynamic    -Wl,--no-as-needed  -qopenmp -L/global/cscratch1/sd/rsdunlap/esmf-testing/intel_19.0.3_mpi_g_develop/DEFAULTINSTALLDIR/lib/libg/Unicos.intel.64.mpi.default -L/opt/cray/pe/netcdf/4.6.3.2/INTEL/19.0/lib  -Wl,-rpath,/global/cscratch1/sd/rsdunlap/esmf-testing/intel_19.0.3_mpi_g_develop/DEFAULTINSTALLDIR/lib/libg/Unicos.intel.64.mpi.default -Wl,-rpath,/opt/cray/pe/netcdf/4.6.3.2/INTEL/19.0/lib  -o /global/cscratch1/sd/rsdunlap/esmf-testing/intel_19.0.3_mpi_g_develop/DEFAULTINSTALLDIR/bin/bing/Unicos.intel.64.mpi.default/ESMF_Regrid /global/cscratch1/sd/rsdunlap/esmf-testing/intel_19.0.3_mpi_g_develop/obj/objg/Unicos.intel.64.mpi.default/src/apps/ESMF_Regrid/ESMF_Regrid.o -lesmf   -cxxlib -lrt -ldl -lnetcdf -lnetcdff -lpioc
make[4]: Leaving directory '/global/cscratch1/sd/rsdunlap/esmf-testing/intel_19.0.3_mpi_g_develop/src/apps/ESMF_Regrid'
make[3]: Leaving directory '/global/cscratch1/sd/rsdunlap/esmf-testing/intel_19.0.3_mpi_g_develop/src/apps'
ESMF apps built successfully.
make[2]: Leaving directory '/global/cscratch1/sd/rsdunlap/esmf-testing/intel_19.0.3_mpi_g_develop'
make[1]: Leaving directory '/global/cscratch1/sd/rsdunlap/esmf-testing/intel_19.0.3_mpi_g_develop'
mkdir -p /global/cscratch1/sd/rsdunlap/esmf-testing/intel_19.0.3_mpi_g_develop/DEFAULTINSTALLDIR/doc
make install_info_mk
make[1]: Entering directory '/global/cscratch1/sd/rsdunlap/esmf-testing/intel_19.0.3_mpi_g_develop'
make info_mk ESMF_APPSDIR=/global/cscratch1/sd/rsdunlap/esmf-testing/intel_19.0.3_mpi_g_develop/DEFAULTINSTALLDIR/bin/bing/Unicos.intel.64.mpi.default ESMF_LDIR=/global/cscratch1/sd/rsdunlap/esmf-testing/intel_19.0.3_mpi_g_develop/DEFAULTINSTALLDIR/lib/libg/Unicos.intel.64.mpi.default ESMF_LIBDIR=/global/cscratch1/sd/rsdunlap/esmf-testing/intel_19.0.3_mpi_g_develop/DEFAULTINSTALLDIR/lib/libg/Unicos.intel.64.mpi.default ESMF_MODDIR=/global/cscratch1/sd/rsdunlap/esmf-testing/intel_19.0.3_mpi_g_develop/DEFAULTINSTALLDIR/mod/modg/Unicos.intel.64.mpi.default ESMF_INCDIR=/global/cscratch1/sd/rsdunlap/esmf-testing/intel_19.0.3_mpi_g_develop/DEFAULTINSTALLDIR/include
make[2]: Entering directory '/global/cscratch1/sd/rsdunlap/esmf-testing/intel_19.0.3_mpi_g_develop'
make[2]: Leaving directory '/global/cscratch1/sd/rsdunlap/esmf-testing/intel_19.0.3_mpi_g_develop'
make[1]: Leaving directory '/global/cscratch1/sd/rsdunlap/esmf-testing/intel_19.0.3_mpi_g_develop'
 
ESMF installation complete.
 
