build time -- 2022-03-20 01:32:12
   12.4500000000000        12.4500000000000        12.4500000000000     
   12.4500000000000        12.4500000000000        12.4500000000000     
   12.4500000000000        12.4500000000000        12.4500000000000     
   12.4500000000000        12.4500000000000        12.4500000000000     
   12.4500000000000        12.4500000000000        12.4500000000000     
   12.4500000000000        12.4500000000000        12.4500000000000     
   12.4500000000000        12.4500000000000        12.4500000000000     
   12.4500000000000        12.4500000000000        12.4500000000000     
   12.4500000000000        12.4500000000000        12.4500000000000     
   12.4500000000000        12.4500000000000        12.4500000000000     
   12.4500000000000        12.4500000000000        12.4500000000000     
   12.4500000000000        12.4500000000000        12.4500000000000     
   12.4500000000000        12.4500000000000        12.4500000000000     
   12.4500000000000        12.4500000000000        12.4500000000000     
   12.4500000000000        12.4500000000000        12.4500000000000     
   12.4500000000000        12.4500000000000        12.4500000000000     
   12.4500000000000        12.4500000000000        12.4500000000000     
   12.4500000000000        12.4500000000000        12.4500000000000     
   12.4500000000000        12.4500000000000        12.4500000000000     
   12.4500000000000        12.4500000000000        12.4500000000000     
   12.4500000000000        12.4500000000000        12.4500000000000     
   12.4500000000000        12.4500000000000        12.4500000000000     
   12.4500000000000        12.4500000000000        12.4500000000000     
   12.4500000000000        12.4500000000000        12.4500000000000     
   12.4500000000000        12.4500000000000        12.4500000000000     
   12.4500000000000        12.4500000000000        12.4500000000000     
   12.4500000000000        12.4500000000000        12.4500000000000     
   12.4500000000000        12.4500000000000        12.4500000000000     
   12.4500000000000        12.4500000000000        12.4500000000000     
   12.4500000000000        12.4500000000000        12.4500000000000     
   12.4500000000000        12.4500000000000        12.4500000000000     
   12.4500000000000        12.4500000000000        12.4500000000000     
   12.4500000000000        12.4500000000000        12.4500000000000     
   12.4500000000000        12.4500000000000        12.4500000000000     
   12.4500000000000        12.4500000000000        12.4500000000000     
   12.4500000000000        12.4500000000000        12.4500000000000     
   12.4500000000000        12.4500000000000        12.4500000000000     
   12.4500000000000        12.4500000000000        12.4500000000000     
   12.4500000000000        12.4500000000000        12.4500000000000     
   12.4500000000000        12.4500000000000        12.4500000000000     
      12.4500000000000        12.4500000000000        12.4500000000000     
   12.4500000000000        12.4500000000000        12.4500000000000     
   12.4500000000000        12.4500000000000        12.4500000000000     
   12.4500000000000        12.4500000000000        12.4500000000000     
   12.4500000000000        12.4500000000000        12.4500000000000     
   12.4500000000000        12.4500000000000        12.4500000000000     
   12.4500000000000        12.4500000000000        12.4500000000000     
   12.4500000000000        12.4500000000000        12.4500000000000     
   12.4500000000000        12.4500000000000        12.4500000000000     
   12.4500000000000        12.4500000000000        12.4500000000000     
   12.4500000000000        12.4500000000000        12.4500000000000     
   12.4500000000000        12.4500000000000        12.4500000000000     
   12.4500000000000        12.4500000000000        12.4500000000000     
   12.4500000000000        12.4500000000000        12.4500000000000     
   12.4500000000000        12.4500000000000        12.4500000000000     
   12.4500000000000        12.4500000000000        12.4500000000000     
   12.4500000000000        12.4500000000000        12.4500000000000     
   12.4500000000000        12.4500000000000        12.4500000000000     
   12.4500000000000        12.4500000000000        12.4500000000000     
   12.4500000000000        12.4500000000000        12.4500000000000     
   12.4500000000000        12.4500000000000        12.4500000000000     
   12.4500000000000        12.4500000000000        12.4500000000000     
   12.4500000000000        12.4500000000000        12.4500000000000     
   12.4500000000000        12.4500000000000        12.4500000000000     
   12.4500000000000        12.4500000000000        12.4500000000000     
   12.4500000000000        12.4500000000000        12.4500000000000     
   12.4500000000000        12.4500000000000        12.4500000000000     
   12.4500000000000        12.4500000000000        12.4500000000000     
      12.4500000000000        12.4500000000000        12.4500000000000     
   12.4500000000000        12.4500000000000        12.4500000000000     
   12.4500000000000        12.4500000000000        12.4500000000000     
   12.4500000000000        12.4500000000000        12.4500000000000     
   12.4500000000000        12.4500000000000        12.4500000000000     
   12.4500000000000        12.4500000000000        12.4500000000000     
   12.4500000000000        12.4500000000000        12.4500000000000     
   12.4500000000000        12.4500000000000        12.4500000000000     
   12.4500000000000        12.4500000000000        12.4500000000000     
   12.4500000000000        12.4500000000000        12.4500000000000     
   12.4500000000000        12.4500000000000        12.4500000000000     
   12.4500000000000        12.4500000000000        12.4500000000000     
   12.4500000000000        12.4500000000000        12.4500000000000     
   12.4500000000000        12.4500000000000        12.4500000000000     
   12.4500000000000        12.4500000000000        12.4500000000000     
   12.4500000000000        12.4500000000000        12.4500000000000     
   12.4500000000000        12.4500000000000        12.4500000000000     
   12.4500000000000        12.4500000000000        12.4500000000000     
   12.4500000000000        12.4500000000000        12.4500000000000     
   12.4500000000000        12.4500000000000        12.4500000000000     
   12.4500000000000        12.4500000000000        12.4500000000000     
   12.4500000000000        12.4500000000000        12.4500000000000     
   12.4500000000000        12.4500000000000        12.4500000000000     
   12.4500000000000        12.4500000000000        12.4500000000000     
   12.4500000000000        12.4500000000000        12.4500000000000     
   12.4500000000000        12.4500000000000        12.4500000000000     
   12.4500000000000        12.4500000000000        12.4500000000000     
   12.4500000000000        12.4500000000000        12.4500000000000     
      12.4500000000000        12.4500000000000        12.4500000000000     
   12.4500000000000        12.4500000000000        12.4500000000000     
   12.4500000000000        12.4500000000000        12.4500000000000     
   12.4500000000000        12.4500000000000        12.4500000000000     
   12.4500000000000        12.4500000000000        12.4500000000000     
   12.4500000000000        12.4500000000000        12.4500000000000     
   12.4500000000000        12.4500000000000        12.4500000000000     
   12.4500000000000        12.4500000000000        12.4500000000000     
   12.4500000000000        12.4500000000000        12.4500000000000     
   12.4500000000000        12.4500000000000        12.4500000000000     
   12.4500000000000        12.4500000000000        12.4500000000000     
   12.4500000000000        12.4500000000000        12.4500000000000     
   12.4500000000000        12.4500000000000        12.4500000000000     
   12.4500000000000        12.4500000000000        12.4500000000000     
   12.4500000000000        12.4500000000000        12.4500000000000     
   12.4500000000000        12.4500000000000        12.4500000000000     
   12.4500000000000        12.4500000000000        12.4500000000000     
   12.4500000000000        12.4500000000000        12.4500000000000     
   12.4500000000000        12.4500000000000        12.4500000000000     
   12.4500000000000        12.4500000000000        12.4500000000000     
   12.4500000000000        12.4500000000000        12.4500000000000     
   12.4500000000000     
   12.4500000000000        12.4500000000000        12.4500000000000     
   12.4500000000000        12.4500000000000        12.4500000000000     
   12.4500000000000        12.4500000000000        12.4500000000000     
   12.4500000000000        12.4500000000000        12.4500000000000     
   12.4500000000000        12.4500000000000        12.4500000000000     
   12.4500000000000        12.4500000000000        12.4500000000000     
   12.4500000000000        12.4500000000000        12.4500000000000        12.4500000000000        12.4500000000000     
   12.4500000000000        12.4500000000000        12.4500000000000     
   12.4500000000000        12.4500000000000        12.4500000000000     
   12.4500000000000        12.4500000000000        12.4500000000000     
   12.4500000000000        12.4500000000000        12.4500000000000     
   12.4500000000000     
   12.4500000000000        12.4500000000000        12.4500000000000     
   12.4500000000000        12.4500000000000        12.4500000000000     
   12.4500000000000        12.4500000000000        12.4500000000000     
   12.4500000000000        12.4500000000000        12.4500000000000     
   12.4500000000000        12.4500000000000        12.4500000000000     
   12.4500000000000        12.4500000000000        12.4500000000000     
   12.4500000000000        12.4500000000000        12.4500000000000     
   12.4500000000000        12.4500000000000        12.4500000000000     
   12.4500000000000        12.4500000000000        12.4500000000000     
   12.4500000000000        12.4500000000000        12.4500000000000     
   12.4500000000000        12.4500000000000        12.4500000000000     
   12.4500000000000        12.4500000000000        12.4500000000000     
   12.4500000000000        12.4500000000000        12.4500000000000     
   12.4500000000000        12.4500000000000        12.4500000000000     
   12.4500000000000        12.4500000000000        12.4500000000000     
   12.4500000000000        12.4500000000000        12.4500000000000     
   12.4500000000000        12.4500000000000        12.4500000000000     
   12.4500000000000        12.4500000000000        12.4500000000000     
   12.4500000000000        12.4500000000000        12.4500000000000     
   12.4500000000000        12.4500000000000        12.4500000000000     
   12.4500000000000        12.4500000000000        12.4500000000000     
   12.4500000000000        12.4500000000000        12.4500000000000     
   12.4500000000000        12.4500000000000        12.12.4500000000000        12.4500000000000        12.4500000000000     
   12.4500000000000        12.4500000000000        12.4500000000000     
   12.4500000000000        12.4500000000000        12.4500000000000     
   12.4500000000000        12.4500000000000        12.4500000000000     
   12.4500000000000        12.4500000000000        12.4500000000000     
   12.4500000000000     
   12.4500000000000        12.4500000000000        12.4500000000000     
   12.4500000000000        12.4500000000000        12.4500000000000     
   12.4500000000000        12.4500000000000        12.4500000000000     
   12.4500000000000        12.4500000000000        12.4500000000000     
   12.4500000000000        12.4500000000000        12.4500000000000     
   12.4500000000000        12.4500000000000        12.4500000000000     
   12.4500000000000        12.4500000000000        12.4500000000000     
   12.4500000000000        12.4500000000000        12.4500000000000     
   12.4500000000000        12.4500000000000        12.4500000000000     
   12.4500000000000        12.4500000000000        12.4500000000000     
   12.4500000000000        12.4500000000000        12.4500000000000     
   12.4500000000000        12.4500000000000        12.4500000000000     
   12.4500000000000        12.4500000000000        12.4500000000000     
   12.4500000000000        12.4500000000000        12.4500000000000     
   12.4500000000000        12.4500000000000        12.4500000000000     
   12.4500000000000        12.4500000000000        12.4500000000000     
   12.4500000000000        12.4500000000000        12.4500000000000     
   12.4500000000000        12.4500000000000        12.4500000000000     
   12.4500000000000        12.4500000000000        12.4500000000000     
   12.4500000000000        12.4500000000000        12.4500000000000     
   12.4500000000000        12.4500000000000        12.4500000000000     
   12.4500000000000        12.4500000000000        12.4500000000000     
   12.4500000000000        12.4500000000000        12.12.4500000000000        12.4500000000000        12.4500000000000     
   12.4500000000000        12.4500000000000        12.4500000000000     
   12.4500000000000        12.4500000000000        12.4500000000000     
   12.4500000000000        12.4500000000000        12.4500000000000     
   12.4500000000000        12.4500000000000        12.4500000000000     
   12.4500000000000     
   12.4500000000000        12.4500000000000        12.4500000000000     
   12.4500000000000        12.4500000000000        12.4500000000000     
   12.4500000000000        12.4500000000000        12.4500000000000     
   12.4500000000000        12.4500000000000        12.4500000000000     
   12.4500000000000        12.4500000000000        12.4500000000000     
   12.4500000000000        12.4500000000000        12.4500000000000     
   12.4500000000000        12.4500000000000        12.4500000000000     
   12.4500000000000        12.4500000000000        12.4500000000000     
   12.4500000000000        12.4500000000000        12.4500000000000     
   12.4500000000000        12.4500000000000        12.4500000000000     
   12.4500000000000        12.4500000000000        12.4500000000000     
   12.4500000000000        12.4500000000000        12.4500000000000     
   12.4500000000000        12.4500000000000        12.4500000000000     
   12.4500000000000        12.4500000000000        12.4500000000000     
   12.4500000000000        12.4500000000000        12.4500000000000     
   12.4500000000000        12.4500000000000        12.4500000000000     
   12.4500000000000        12.4500000000000        12.4500000000000     
   12.4500000000000        12.4500000000000        12.4500000000000     
   12.4500000000000        12.4500000000000        12.4500000000000     
   12.4500000000000        12.4500000000000        12.4500000000000     
   12.4500000000000        12.4500000000000        12.4500000000000     
   12.4500000000000        12.4500000000000        12.4500000000000     
   12.4500000000000        12.4500000000000        12.12.4500000000000     
   12.4500000000000        12.4500000000000        12.4500000000000     
   12.4500000000000        12.4500000000000        12.4500000000000     
   12.4500000000000        12.4500000000000        12.4500000000000     
   12.4500000000000        12.4500000000000        12.4500000000000     
   12.4500000000000        12.4500000000000        12.4500000000000     
   12.4500000000000        12.4500000000000        12.4500000000000     
   12.4500000000000        12.4500000000000        12.4500000000000     
   12.4500000000000        12.4500000000000        12.4500000000000     
   12.4500000000000        12.4500000000000        12.4500000000000     
   12.4500000000000        12.4500000000000        12.4500000000000     
   12.4500000000000        12.4500000000000        12.4500000000000     
   12.4500000000000        12.4500000000000        12.4500000000000     
   12.4500000000000        12.4500000000000        12.4500000000000     
   12.4500000000000        12.4500000000000        12.4500000000000     
   12.4500000000000        12.4500000000000        12.4500000000000     
   12.4500000000000        12.4500000000000        12.4500000000000     
   12.4500000000000        12.4500000000000        12.4500000000000     
   12.4500000000000        12.4500000000000        12.4500000000000     
   12.4500000000000        12.4500000000000        12.4500000000000     
   12.4500000000000        12.4500000000000        12.4500000000000     
   12.4500000000000        12.4500000000000        12.4500000000000     
   12.4500000000000        12.4500000000000        12.4500000000000     
   12.4500000000000        12.4500000000000        12.4500000000000     
   12.4500000000000        12.4500000000000        12.4500000000000     
   12.4500000000000        12.4500000000000        12.4500000000000     
   12.4500000000000        12.4500000000000        12.4500000000000     
   12.4500000000000     
   23.6700000000000        23.6700000000000        23.6700000000000     
   23.6700000000000        234500000000000     
   12.4500000000000        12.4500000000000        12.4500000000000     
   12.4500000000000        12.4500000000000        12.4500000000000     
   12.4500000000000        12.4500000000000        12.4500000000000     
   12.4500000000000        12.4500000000000        12.4500000000000     
   12.4500000000000        12.4500000000000        12.4500000000000     
   12.4500000000000        12.4500000000000        12.4500000000000     
   12.4500000000000        12.4500000000000        12.4500000000000     
   12.4500000000000        12.4500000000000        12.4500000000000     
   12.4500000000000        12.4500000000000        12.4500000000000     
   12.4500000000000        12.4500000000000        12.4500000000000     
   12.4500000000000     
   23.6700000000000        23.6700000000000        23.6700000000000     
   23.6700000000000        23.6700000000000        23.6700000000000     
   23.6700000000000        23.6700000000000        23.6700000000000     
   23.6700000000000        23.6700000000000        23.6700000000000     
   23.6700000000000        23.6700000000000        23.6700000000000     
   23.6700000000000        23.6700000000000        23.6700000000000     
   23.6700000000000        23.6700000000000        23.6700000000000     
   23.6700000000000        23.6700000000000        23.6700000000000     
   23.6700000000000        23.6700000000000        23.6700000000000     
   23.6700000000000        23.6700000000000        23.6700000000000     
   23.6700000000000        23.6700000000000        23.6700000000000     
   23.6700000000000        23.6700000000000        23.6700000000000     
   23.6700000000000        23.6700000000000        23.6700000000000     
   23.6700000000000        23.6700000000000        23.6700000000000     
   23.6700000000000        23.6700000000000        23.6700000000000     
   23.6700000000000        23.6700000000000        23.6700000000000     
   23.6700000000000        23.6700000000000        23.6700000000000     
   23.6700000000000        23.674500000000000     
   12.4500000000000        12.4500000000000        12.4500000000000     
   12.4500000000000        12.4500000000000        12.4500000000000     
   12.4500000000000        12.4500000000000        12.4500000000000     
   12.4500000000000        12.4500000000000        12.4500000000000     
   12.4500000000000        12.4500000000000        12.4500000000000     
   12.4500000000000        12.4500000000000        12.4500000000000     
   12.4500000000000        12.4500000000000        12.4500000000000     
   12.4500000000000        12.4500000000000        12.4500000000000     
   12.4500000000000        12.4500000000000        12.4500000000000     
   12.4500000000000        12.4500000000000        12.4500000000000     
   12.4500000000000     
   23.6700000000000        23.6700000000000        23.6700000000000     
   23.6700000000000        23.6700000000000        23.6700000000000     
   23.6700000000000        23.6700000000000        23.6700000000000     
   23.6700000000000        23.6700000000000        23.6700000000000     
   23.6700000000000        23.6700000000000        23.6700000000000     
   23.6700000000000        23.6700000000000        23.6700000000000     
   23.6700000000000        23.6700000000000        23.6700000000000     
   23.6700000000000        23.6700000000000        23.6700000000000     
   23.6700000000000        23.6700000000000        23.6700000000000     
   23.6700000000000        23.6700000000000        23.6700000000000     
   23.6700000000000        23.6700000000000        23.6700000000000     
   23.6700000000000        23.6700000000000        23.6700000000000     
   23.6700000000000        23.6700000000000        23.6700000000000     
   23.6700000000000        23.6700000000000        23.6700000000000     
   23.6700000000000        23.6700000000000        23.6700000000000     
   23.6700000000000        23.6700000000000        23.6700000000000     
   23.6700000000000        23.6700000000000        23.6700000000000     
   23.6700000000000        23.674500000000000     
   12.4500000000000        12.4500000000000        12.4500000000000     
   12.4500000000000        12.4500000000000        12.4500000000000     
   12.4500000000000        12.4500000000000        12.4500000000000     
   12.4500000000000        12.4500000000000        12.4500000000000     
   12.4500000000000        12.4500000000000        12.4500000000000     
   12.4500000000000        12.4500000000000        12.4500000000000     
   12.4500000000000        12.4500000000000        12.4500000000000     
   12.4500000000000        12.4500000000000        12.4500000000000     
   12.4500000000000        12.4500000000000        12.4500000000000     
   12.4500000000000        12.4500000000000        12.4500000000000     
   12.4500000000000     
   23.6700000000000        23.6700000000000        23.6700000000000     
   23.6700000000000        23.6700000000000        23.6700000000000     
   23.6700000000000        23.6700000000000        23.6700000000000     
   23.6700000000000        23.6700000000000        23.6700000000000     
   23.6700000000000        23.6700000000000        23.6700000000000     
   23.6700000000000        23.6700000000000        23.6700000000000     
   23.6700000000000        23.6700000000000        23.6700000000000     
   23.6700000000000        23.6700000000000        23.6700000000000     
   23.6700000000000        23.6700000000000        23.6700000000000     
   23.6700000000000        23.6700000000000        23.6700000000000     
   23.6700000000000        23.6700000000000        23.6700000000000     
   23.6700000000000        23.6700000000000        23.6700000000000     
   23.6700000000000        23.6700000000000        23.6700000000000     
   23.6700000000000        23.6700000000000        23.6700000000000     
   23.6700000000000        23.6700000000000        23.6700000000000     
   23.6700000000000        23.6700000000000        23.6700000000000     
   23.6700000000000        23.6700000000000        23.6700000000000     
   23.6700000000000        23.67.6700000000000        23.6700000000000     
   23.6700000000000        23.6700000000000        23.6700000000000     
   23.6700000000000        23.6700000000000        23.6700000000000     
   23.6700000000000        23.6700000000000        23.6700000000000     
   23.6700000000000        23.6700000000000        23.6700000000000     
   23.6700000000000        23.6700000000000        23.6700000000000     
   23.6700000000000        23.6700000000000        23.6700000000000     
   23.6700000000000        23.6700000000000        23.6700000000000     
   23.6700000000000        23.6700000000000        23.6700000000000     
   23.6700000000000        23.6700000000000        23.6700000000000     
   23.6700000000000        23.6700000000000        23.6700000000000     
   23.6700000000000        23.6700000000000        23.6700000000000     
   23.6700000000000        23.6700000000000        23.6700000000000     
   23.6700000000000        23.6700000000000        23.6700000000000     
   23.6700000000000        23.6700000000000        23.6700000000000     
   23.6700000000000        23.6700000000000        23.6700000000000     
   23.6700000000000        23.6700000000000        23.6700000000000     
   23.6700000000000        23.6700000000000        23.6700000000000     
   23.6700000000000        23.6700000000000        23.6700000000000     
   23.6700000000000        23.6700000000000        23.6700000000000     
   23.6700000000000        23.6700000000000        23.6700000000000     
   23.6700000000000        23.6700000000000        23.6700000000000     
   23.6700000000000        23.6700000000000        23.6700000000000     
   23.6700000000000        23.6700000000000        23.6700000000000     
   23.6700000000000        23.6700000000000        23.6700000000000     
   23.6700000000000        23.6700000000000        23.6700000000000     
   23.6700000000000        23.6700000000000        23.6700000000000     
   23.6700000000000        23.6700000000000        23.6700000000000     
   23.6700000000000        23.6700000000000        23.6700000000000     
   23.6700000000000        23.6700000000000        23.6700000000000     
   23.6700000000000        23.6700000000000        23.6700000000000     
   23.6700000000000        23.6700000000000        23.6700000000000     
   23.6700000000000        23.6700000000000        23.6700000000000     
   23.6700000000000        23.6700000000000        23.6700000000000     
   23.6700000000000        23.6700000000000        23.6700000000000     
   23.6700000000000        23.6700000000000        23.6700000000000     
   23.6700000000000        23.6700000000000        23.6700000000000     
   23.6700000000000        23.6700000000000        23.6700000000000     
   23.6700000000000        23.6700000000000        23.6700000000000     
   23.6700000000000        23.6700000000000        23.6700000000000     
   23.6700000000000        23.6700000000000        23.6700000000000     
   23.6700000000000        23.6700000000000        23.6700000000000     
   23.6700000000000        23.6700000000000        23.6700000000000     
   23.6700000000000        23.6700000000000        23.6700000000000     
   23.6700000000000     
   23.6700000000000        23.6700000000000        23.6700000000000     
   23.6700000000000        23.6700000000000        23.6700000000000     
   23.6700000000000        23.6700000000000        23.6700000000000     
   23.6700000000000        23.6700000000000        23.6700000000000     
   23.6700000000000        23.6700000000000        23.6700000000000     
   23.6700000000000        23.6700000000000        23.6700000000000     
   23.6700000000000        23.6700000000000        23.6700000000000     
   23.6700000000000        23.6700000000000        23.6700000000000     
   23.6700000000000        23.6700000000000        23.6700000000000     
   23.6700000000000        23.6700000000000        23.6700000000000     
   23.6700000000000        23.6700000000000        23.6700000000000     
   23.6700000000000        23.6700000000000        23.6700000000000     
   23.670000000000000        23.6700000000000     
   23.6700000000000        23.6700000000000        23.6700000000000     
   23.6700000000000        23.6700000000000        23.6700000000000     
   23.6700000000000        23.6700000000000        23.6700000000000     
   23.6700000000000        23.6700000000000        23.6700000000000     
   23.6700000000000        23.6700000000000        23.6700000000000     
   23.6700000000000        23.6700000000000        23.6700000000000     
   23.6700000000000        23.6700000000000        23.6700000000000     
   23.6700000000000        23.6700000000000        23.6700000000000     
   23.6700000000000        23.6700000000000        23.6700000000000     
   23.6700000000000        23.6700000000000        23.6700000000000     
   23.6700000000000        23.6700000000000        23.6700000000000     
   23.6700000000000        23.6700000000000        23.6700000000000     
   23.6700000000000        23.6700000000000        23.6700000000000     
   23.6700000000000        23.6700000000000        23.6700000000000     
   23.6700000000000        23.6700000000000        23.6700000000000     
   23.6700000000000     
   23.6700000000000        23.6700000000000        23.6700000000000     
   23.6700000000000        23.6700000000000        23.6700000000000     
   23.6700000000000        23.6700000000000        23.6700000000000     
   23.6700000000000        23.6700000000000        23.6700000000000     
   23.6700000000000        23.6700000000000        23.6700000000000     
   23.6700000000000        23.6700000000000        23.6700000000000     
   23.6700000000000        23.6700000000000        23.6700000000000     
   23.6700000000000        23.6700000000000        23.6700000000000     
   23.6700000000000        23.6700000000000        23.6700000000000     
   23.6700000000000        23.6700000000000        23.6700000000000     
   23.6700000000000        23.6700000000000        23.6700000000000     
   23.6700000000000        23.6700000000000        23.6700000000000     
   23.670000000000000        23.6700000000000     
   23.6700000000000        23.6700000000000        23.6700000000000     
   23.6700000000000        23.6700000000000        23.6700000000000     
   23.6700000000000        23.6700000000000        23.6700000000000     
   23.6700000000000        23.6700000000000        23.6700000000000     
   23.6700000000000        23.6700000000000        23.6700000000000     
   23.6700000000000        23.6700000000000        23.6700000000000     
   23.6700000000000        23.6700000000000        23.6700000000000     
   23.6700000000000        23.6700000000000        23.6700000000000     
   23.6700000000000        23.6700000000000        23.6700000000000     
   23.6700000000000        23.6700000000000        23.6700000000000     
   23.6700000000000        23.6700000000000        23.6700000000000     
   23.6700000000000        23.6700000000000        23.6700000000000     
   23.6700000000000        23.6700000000000        23.6700000000000     
   23.6700000000000        23.6700000000000        23.6700000000000     
   23.6700000000000        23.6700000000000        23.6700000000000     
   23.6700000000000     
   23.6700000000000        23.6700000000000        23.6700000000000     
   23.6700000000000        23.6700000000000        23.6700000000000     
   23.6700000000000        23.6700000000000        23.6700000000000     
   23.6700000000000        23.6700000000000        23.6700000000000     
   23.6700000000000        23.6700000000000        23.6700000000000     
   23.6700000000000        23.6700000000000        23.6700000000000     
   23.6700000000000        23.6700000000000        23.6700000000000     
   23.6700000000000        23.6700000000000        23.6700000000000     
   23.6700000000000        23.6700000000000        23.6700000000000     
   23.6700000000000        23.6700000000000        23.6700000000000     
   23.6700000000000        23.6700000000000        23.6700000000000     
   23.6700000000000        23.6700000000000        23.6700000000000     
   23.670000000000000        23.6700000000000     
   23.6700000000000        23.6700000000000        23.6700000000000     
   23.6700000000000        23.6700000000000        23.6700000000000     
   23.6700000000000        23.6700000000000        23.6700000000000     
   23.6700000000000     
   23.6700000000000        23.6700000000000        23.6700000000000     
   23.6700000000000        23.6700000000000        23.6700000000000     
   23.6700000000000        23.6700000000000        23.6700000000000     
   23.6700000000000        23.6700000000000        23.6700000000000     
   23.6700000000000        23.6700000000000        23.6700000000000     
   23.6700000000000        23.6700000000000        23.6700000000000     
   23.6700000000000        23.6700000000000        23.6700000000000     
   23.6700000000000        23.6700000000000        23.6700000000000     
   23.6700000000000        23.6700000000000        23.6700000000000     
   23.6700000000000        23.6700000000000        23.6700000000000     
   23.6700000000000        23.6700000000000        23.6700000000000     
   23.6700000000000        23.6700000000000        23.6700000000000     
   23.6700000000000        23.6700000000000        23.6700000000000     
   23.6700000000000        23.6700000000000        23.6700000000000     
   23.6700000000000        23.6700000000000        23.6700000000000     
   23.6700000000000        23.6700000000000        23.6700000000000     
   23.6700000000000        23.6700000000000        23.6700000000000     
   23.6700000000000        23.6700000000000        23.6700000000000     
   23.6700000000000        23.6700000000000        23.6700000000000     
   23.6700000000000        23.6700000000000        23.6700000000000     
   23.6700000000000        23.6700000000000        23.6700000000000     
   23.6700000000000        23.6700000000000        23.6700000000000     
   23.6700000000000        23.6700000000000        23.6700000000000     
   23.6700000000000        23.6700000000000        23.6700000000000     
   23.6700000000000        23.6700000000000        23.6700000000000     
   23.6700000000000        23.6700000000000        23.6700000000000     
   23.6700000000000        23.6700000000000        23.6700000000000     
   23.6700000000000        23.6700000000000        23.6700000000000     
   23.6700000000000        23.6700000000000        23.6700000000000     
   23.6700000000000        23.6700000000000        23.6700000000000     
   23.6700000000000        23.6700000000000        23.6700000000000     
   23.6700000000000        23.6700000000000        23.6700000000000     
   23.6700000000000        23.6700000000000        23.6700000000000     
   23.6700000000000        23.6700000000000        23.6700000000000     
   23.6700000000000        23.6700000000000        23.6700000000000     
   23.6700000000000        23.6700000000000        23.6700000000000     
   23.6700000000000        23.6700000000000        23.6700000000000     
   23.6700000000000        23.6700000000000        23.6700000000000     
   23.6700000000000        23.6700000000000        23.6700000000000     
   23.6700000000000        23.6700000000000        23.6700000000000     
   23.6700000000000        23.6700000000000        23.6700000000000     
   23.6700000000000        23.6700000000000        23.6700000000000     
   23.6700000000000        23.6700000000000        23.6700000000000     
   23.6700000000000        23.6700000000000        23.6700000000000     
   23.6700000000000        23.6700000000000        23.6700000000000     
   23.6700000000000     
   56.8100000000000        56.8100000000000        56.8100000000000     
   56.8100000000000        56.8100000000000        56.8100000000000     
   56.8100000000000        56.8100000000000        56.8100000000000     
   56.8100000000000        56.8100000000000        56.8100000000000     
   56.8100000000000        56.8100000000000        56.8100000000000     
   56.8100000000000        56.8100000000000        56.8100000000000     
   56.8100000000000        56.8100000000000        56.8100000000000000        23.6700000000000        23.6700000000000     
   23.6700000000000        23.6700000000000        23.6700000000000     
   23.6700000000000        23.6700000000000        23.6700000000000     
   23.6700000000000        23.6700000000000        23.6700000000000     
   23.6700000000000        23.6700000000000        23.6700000000000     
   23.6700000000000        23.6700000000000        23.6700000000000     
   23.6700000000000        23.6700000000000        23.6700000000000     
   23.6700000000000        23.6700000000000        23.6700000000000     
   23.6700000000000        23.6700000000000        23.6700000000000     
   23.6700000000000        23.6700000000000        23.6700000000000     
   23.6700000000000        23.6700000000000        23.6700000000000     
   23.6700000000000        23.6700000000000        23.6700000000000     
   23.6700000000000        23.6700000000000        23.6700000000000     
   23.6700000000000        23.6700000000000        23.6700000000000     
   23.6700000000000        23.6700000000000        23.6700000000000     
   23.6700000000000        23.6700000000000        23.6700000000000     
   23.6700000000000        23.6700000000000        23.6700000000000     
   23.6700000000000        23.6700000000000        23.6700000000000     
   23.6700000000000        23.6700000000000        23.6700000000000     
   23.6700000000000        23.6700000000000        23.6700000000000     
   23.6700000000000        23.6700000000000        23.6700000000000     
   23.6700000000000     
   56.8100000000000        56.8100000000000        56.8100000000000     
   56.8100000000000        56.8100000000000        56.8100000000000     
   56.8100000000000        56.8100000000000        56.8100000000000     
   56.8100000000000        56.8100000000000        56.8100000000000     
   56.8100000000000        56.8100000000000        56.8100000000000     
   56.8100000000000        56.8100000000000        56.8100000000000     
   56.8100000000000        56.8100000000000        56.8100000000000000        23.6700000000000        23.6700000000000     
   23.6700000000000        23.6700000000000        23.6700000000000     
   23.6700000000000        23.6700000000000        23.6700000000000     
   23.6700000000000        23.6700000000000        23.6700000000000     
   23.6700000000000        23.6700000000000        23.6700000000000     
   23.6700000000000        23.6700000000000        23.6700000000000     
   23.6700000000000        23.6700000000000        23.6700000000000     
   23.6700000000000        23.6700000000000        23.6700000000000     
   23.6700000000000        23.6700000000000        23.6700000000000     
   23.6700000000000        23.6700000000000        23.6700000000000     
   23.6700000000000        23.6700000000000        23.6700000000000     
   23.6700000000000        23.6700000000000        23.6700000000000     
   23.6700000000000        23.6700000000000        23.6700000000000     
   23.6700000000000        23.6700000000000        23.6700000000000     
   23.6700000000000        23.6700000000000        23.6700000000000     
   23.6700000000000        23.6700000000000        23.6700000000000     
   23.6700000000000        23.6700000000000        23.6700000000000     
   23.6700000000000        23.6700000000000        23.6700000000000     
   23.6700000000000        23.6700000000000        23.6700000000000     
   23.6700000000000        23.6700000000000        23.6700000000000     
   23.6700000000000        23.6700000000000        23.6700000000000     
   23.6700000000000     
   56.8100000000000        56.8100000000000        56.8100000000000     
   56.8100000000000        56.8100000000000        56.8100000000000     
   56.8100000000000        56.8100000000000        56.8100000000000     
   56.8100000000000        56.8100000000000        56.8100000000000     
   56.8100000000000        56.8100000000000        56.8100000000000     
   56.8100000000000        56.8100000000000        56.8100000000000     
   56.8100000000000        56.8100000000000        56.8100000000000000        23.6700000000000        23.6700000000000     
   23.6700000000000        23.6700000000000        23.6700000000000     
   23.6700000000000        23.6700000000000        23.6700000000000     
   23.6700000000000        23.6700000000000        23.6700000000000     
   23.6700000000000        23.6700000000000        23.6700000000000     
   23.6700000000000        23.6700000000000        23.6700000000000     
   23.6700000000000        23.6700000000000        23.6700000000000     
   23.6700000000000        23.6700000000000        23.6700000000000     
   23.6700000000000        23.6700000000000        23.6700000000000     
   23.6700000000000     
   56.8100000000000        56.8100000000000        56.8100000000000     
   56.8100000000000        56.8100000000000        56.8100000000000     
   56.8100000000000        56.8100000000000        56.8100000000000     
   56.8100000000000        56.8100000000000        56.8100000000000     
   56.8100000000000        56.8100000000000        56.8100000000000     
   56.8100000000000        56.8100000000000        56.8100000000000     
   56.8100000000000        56.8100000000000        56.8100000000000     
   56.8100000000000        56.8100000000000        56.8100000000000     
   56.8100000000000        56.8100000000000        56.8100000000000     
   56.8100000000000        56.8100000000000        56.8100000000000     
   56.8100000000000        56.8100000000000        56.8100000000000     
   56.8100000000000        56.8100000000000        56.8100000000000     
   56.8100000000000        56.8100000000000        56.8100000000000     
   56.8100000000000        56.8100000000000        56.8100000000000     
   56.8100000000000        56.8100000000000        56.8100000000000     
   56.8100000000000        56.8100000000000        56.8100000000000     
   56.8100000000000        56.8100000000000        56.8100000000000     
   56.8100000000000        56.8100000000000        56.8100000000000     
   56.8100000000000        56.8100000000000        56.8100000000000     
   56.8100000000000        56.8100000000000        56.8100000000000     
   56.8100000000000        56.8100000000000        56.8100000000000     
   56.8100000000000        56.8100000000000        56.8100000000000     
   56.8100000000000        56.8100000000000        56.8100000000000     
   56.8100000000000        56.8100000000000        56.8100000000000     
   56.8100000000000        56.8100000000000        56.8100000000000     
   56.8100000000000        56.8100000000000        56.8100000000000     
   56.8100000000000        56.8100000000000        56.8100000000000     
   56.8100000000000        56.8100000000000        56.8100000000000     
   56.8100000000000        56.8100000000000        56.8100000000000     
   56.8100000000000        56.8100000000000        56.8100000000000     
   56.8100000000000        56.8100000000000        56.8100000000000     
   56.8100000000000        56.8100000000000        56.8100000000000     
   56.8100000000000        56.8100000000000        56.8100000000000     
   56.8100000000000        56.8100000000000        56.8100000000000     
   56.8100000000000        56.8100000000000        56.8100000000000     
   56.8100000000000        56.8100000000000        56.8100000000000     
   56.8100000000000        56.8100000000000        56.8100000000000     
   56.8100000000000        56.8100000000000        56.8100000000000     
   56.8100000000000        56.8100000000000        56.8100000000000     
   56.8100000000000        56.8100000000000        56.8100000000000     
   56.8100000000000        56.8100000000000        56.8100000000000     
   56.8100000000000        56.8100000000000        56.8100000000000     
   56.8100000000000        56.8100000000000        56.8100000000000     
   56.8100000000000        56.8100000000000        56.8100000000000     
   56.8100000000000        56.8100000000000        56.8100000000000     
   56.8100000000000     
   56.8100000000000        56.8100000000000        56.8100000000000     
   56.8100000000000        56.810000000000000     
   56.8100000000000        56.8100000000000        56.8100000000000     
   56.8100000000000        56.8100000000000        56.8100000000000     
   56.8100000000000        56.8100000000000        56.8100000000000     
   56.8100000000000        56.8100000000000        56.8100000000000     
   56.8100000000000        56.8100000000000        56.8100000000000     
   56.8100000000000        56.8100000000000        56.8100000000000     
   56.8100000000000        56.8100000000000        56.8100000000000     
   56.8100000000000        56.8100000000000        56.8100000000000     
   56.8100000000000        56.8100000000000        56.8100000000000     
   56.8100000000000        56.8100000000000        56.8100000000000     
   56.8100000000000        56.8100000000000        56.8100000000000     
   56.8100000000000        56.8100000000000        56.8100000000000     
   56.8100000000000        56.8100000000000        56.8100000000000     
   56.8100000000000        56.8100000000000        56.8100000000000     
   56.8100000000000        56.8100000000000        56.8100000000000     
   56.8100000000000        56.8100000000000        56.8100000000000     
   56.8100000000000        56.8100000000000        56.8100000000000     
   56.8100000000000        56.8100000000000        56.8100000000000     
   56.8100000000000        56.8100000000000        56.8100000000000     
   56.8100000000000        56.8100000000000        56.8100000000000     
   56.8100000000000        56.8100000000000        56.8100000000000     
   56.8100000000000        56.8100000000000        56.8100000000000     
   56.8100000000000        56.8100000000000        56.8100000000000     
   56.8100000000000        56.8100000000000        56.8100000000000     
   56.8100000000000        56.8100000000000        56.8100000000000     
   56.8100000000000        56.8100000000000        56.8100000000000     
   56.8100000000000     
   56.8100000000000        56.8100000000000        56.8100000000000     
   56.8100000000000        56.810000000000000     
   56.8100000000000        56.8100000000000        56.8100000000000     
   56.8100000000000        56.8100000000000        56.8100000000000     
   56.8100000000000        56.8100000000000        56.8100000000000     
   56.8100000000000        56.8100000000000        56.8100000000000     
   56.8100000000000        56.8100000000000        56.8100000000000     
   56.8100000000000        56.8100000000000        56.8100000000000     
   56.8100000000000        56.8100000000000        56.8100000000000     
   56.8100000000000        56.8100000000000        56.8100000000000     
   56.8100000000000        56.8100000000000        56.8100000000000     
   56.8100000000000        56.8100000000000        56.8100000000000     
   56.8100000000000        56.8100000000000        56.8100000000000     
   56.8100000000000        56.8100000000000        56.8100000000000     
   56.8100000000000        56.8100000000000        56.8100000000000     
   56.8100000000000        56.8100000000000        56.8100000000000     
   56.8100000000000        56.8100000000000        56.8100000000000     
   56.8100000000000        56.8100000000000        56.8100000000000     
   56.8100000000000        56.8100000000000        56.8100000000000     
   56.8100000000000        56.8100000000000        56.8100000000000     
   56.8100000000000        56.8100000000000        56.8100000000000     
   56.8100000000000        56.8100000000000        56.8100000000000     
   56.8100000000000        56.8100000000000        56.8100000000000     
   56.8100000000000        56.8100000000000        56.8100000000000     
   56.8100000000000        56.8100000000000        56.8100000000000     
   56.8100000000000        56.8100000000000        56.8100000000000     
   56.8100000000000        56.8100000000000        56.8100000000000     
   56.8100000000000        56.8100000000000        56.8100000000000     
   56.8100000000000     
   56.8100000000000        56.8100000000000        56.8100000000000     
   56.8100000000000        56.810000000000000     
   56.8100000000000        56.8100000000000        56.8100000000000     
   56.8100000000000        56.8100000000000        56.8100000000000     
   56.8100000000000        56.8100000000000        56.8100000000000     
   56.8100000000000        56.8100000000000        56.8100000000000     
   56.8100000000000        56.8100000000000        56.8100000000000     
   56.8100000000000        56.8100000000000        56.8100000000000     
   56.8100000000000        56.8100000000000        56.8100000000000     
   56.8100000000000        56.8100000000000        56.8100000000000     
   56.8100000000000        56.8100000000000        56.8100000000000     
   56.8100000000000        56.8100000000000        56.8100000000000     
   56.8100000000000        56.8100000000000        56.8100000000000     
   56.8100000000000        56.8100000000000        56.8100000000000     
   56.8100000000000        56.8100000000000        56.8100000000000     
   56.8100000000000        56.8100000000000        56.8100000000000     
   56.8100000000000     
   56.8100000000000        56.8100000000000        56.8100000000000     
   56.8100000000000        56.8100000000000        56.8100000000000     
   56.8100000000000        56.8100000000000        56.8100000000000     
   56.8100000000000        56.8100000000000        56.8100000000000     
   56.8100000000000        56.8100000000000        56.8100000000000     
   56.8100000000000        56.8100000000000        56.8100000000000     
   56.8100000000000        56.8100000000000        56.8100000000000     
   56.8100000000000        56.8100000000000        56.8100000000000     
   56.8100000000000        56.8100000000000        56.8100000000000     
   56.8100000000000        56.8100000000000        56.8100000000000     
   56.8100000000000        56.8100000000000        56.8100000000000     
   56.8100000000000        56.8100000000000        56.8100000000000     
   56.8100000000000        56.8100000000000        56.8100000000000     
   56.8100000000000        56.8100000000000        56.8100000000000     
   56.8100000000000        56.8100000000000        56.8100000000000     
   56.8100000000000        56.8100000000000        56.8100000000000     
   56.8100000000000        56.8100000000000        56.8100000000000     
   56.8100000000000        56.8100000000000        56.8100000000000     
   56.8100000000000        56.8100000000000        56.8100000000000     
   56.8100000000000        56.8100000000000        56.8100000000000     
   56.8100000000000        56.8100000000000        56.8100000000000     
   56.8100000000000        56.8100000000000        56.8100000000000     
   56.8100000000000        56.8100000000000        56.8100000000000     
   56.8100000000000        56.8100000000000        56.8100000000000     
   56.8100000000000        56.8100000000000        56.8100000000000     
   56.8100000000000        56.8100000000000        56.8100000000000     
   56.8100000000000        56.8100000000000        56.8100000000000     
   56.8100000000000        56.8100000000000        56.8100000000000     
   56.8100000000000        56.8100000000000        56.8100000000000     
   56.8100000000000        56.8100000000000        56.8100000000000     
   56.8100000000000        56.8100000000000        56.8100000000000     
   56.8100000000000        56.8100000000000        56.8100000000000     
   56.8100000000000        56.8100000000000        56.8100000000000     
   56.8100000000000        56.8100000000000        56.8100000000000     
   56.8100000000000        56.8100000000000        56.8100000000000     
   56.8100000000000        56.8100000000000        56.8100000000000     
   56.8100000000000        56.8100000000000        56.8100000000000     
   56.8100000000000        56.8100000000000        56.8100000000000     
   56.8100000000000        56.8100000000000        56.8100000000000     
   56.8100000000000        56.8100000000000        56.8100000000000     
   56.8100000000000        56.8100000000000        56.8100000000000     
   56.8100000000000        56.8100000000000000        56.8100000000000     
   56.8100000000000        56.8100000000000        56.8100000000000     
   56.8100000000000        56.8100000000000        56.8100000000000     
   56.8100000000000        56.8100000000000        56.8100000000000     
   56.8100000000000        56.8100000000000        56.8100000000000     
   56.8100000000000        56.8100000000000        56.8100000000000     
   56.8100000000000        56.8100000000000        56.8100000000000     
   56.8100000000000        56.8100000000000        56.8100000000000     
   56.8100000000000        56.8100000000000        56.8100000000000     
   56.8100000000000        56.8100000000000        56.8100000000000     
   56.8100000000000        56.8100000000000        56.8100000000000     
   56.8100000000000        56.8100000000000        56.8100000000000     
   56.8100000000000        56.8100000000000        56.8100000000000     
   56.8100000000000        56.8100000000000        56.8100000000000     
   56.8100000000000        56.8100000000000        56.8100000000000     
   56.8100000000000        56.8100000000000        56.8100000000000     
   56.8100000000000        56.8100000000000        56.8100000000000     
   56.8100000000000        56.8100000000000        56.8100000000000     
   56.8100000000000        56.8100000000000        56.8100000000000     
   56.8100000000000        56.8100000000000        56.8100000000000     
   56.8100000000000        56.8100000000000        56.8100000000000     
   56.8100000000000        56.8100000000000        56.8100000000000     
   56.8100000000000        56.8100000000000        56.8100000000000     
   56.8100000000000        56.8100000000000        56.8100000000000     
   56.8100000000000        56.8100000000000        56.8100000000000     
   56.8100000000000        56.8100000000000        56.8100000000000     
   56.8100000000000        56.8100000000000        56.8100000000000     
   56.8100000000000        56.8100000000000        56.8100000000000     
   56.8100000000000        56.8100000000000000        56.8100000000000     
   56.8100000000000        56.8100000000000        56.8100000000000     
   56.8100000000000        56.8100000000000        56.8100000000000     
   56.8100000000000        56.8100000000000        56.8100000000000     
   56.8100000000000        56.8100000000000        56.8100000000000     
   56.8100000000000        56.8100000000000        56.8100000000000     
   56.8100000000000        56.8100000000000        56.8100000000000     
   56.8100000000000        56.8100000000000        56.8100000000000     
   56.8100000000000        56.8100000000000        56.8100000000000     
   56.8100000000000        56.8100000000000        56.8100000000000     
   56.8100000000000        56.8100000000000        56.8100000000000     
   56.8100000000000        56.8100000000000        56.8100000000000     
   56.8100000000000        56.8100000000000        56.8100000000000     
   56.8100000000000        56.8100000000000        56.8100000000000     
   56.8100000000000        56.8100000000000        56.8100000000000     
   56.8100000000000        56.8100000000000        56.8100000000000     
   56.8100000000000        56.8100000000000        56.8100000000000     
   56.8100000000000        56.8100000000000        56.8100000000000     
   56.8100000000000        56.8100000000000        56.8100000000000     
   56.8100000000000        56.8100000000000        56.8100000000000     
   56.8100000000000        56.8100000000000        56.8100000000000     
   56.8100000000000        56.8100000000000        56.8100000000000     
   56.8100000000000        56.8100000000000        56.8100000000000     
   56.8100000000000        56.8100000000000        56.8100000000000     
   56.8100000000000        56.8100000000000        56.8100000000000     
   56.8100000000000        56.8100000000000        56.8100000000000     
   56.8100000000000        56.8100000000000        56.8100000000000     
   56.8100000000000        56.8100000000000        56.8100000000000     
   56.8100000000000        56.8100000000000000        56.8100000000000     
   56.8100000000000        56.8100000000000        56.8100000000000     
   56.8100000000000        56.8100000000000        56.8100000000000     
   56.8100000000000        56.8100000000000        56.8100000000000     
   56.8100000000000        56.8100000000000        56.8100000000000     
   56.8100000000000        56.8100000000000        56.8100000000000     
   56.8100000000000        56.8100000000000        56.8100000000000     
   56.8100000000000        56.8100000000000        56.8100000000000     
   56.8100000000000        56.8100000000000        56.8100000000000     
   56.8100000000000        56.8100000000000        56.8100000000000     
   56.8100000000000        56.8100000000000        56.8100000000000     
   56.8100000000000        56.8100000000000        56.8100000000000     
   56.8100000000000        56.8100000000000        56.8100000000000     
   56.8100000000000        56.8100000000000        56.8100000000000     
   56.8100000000000        56.8100000000000        56.8100000000000     
   56.8100000000000        56.8100000000000        56.8100000000000     
   56.8100000000000        56.8100000000000        56.8100000000000     
   56.8100000000000        56.8100000000000        56.8100000000000     
   56.8100000000000        56.8100000000000        56.8100000000000     
   56.8100000000000        56.8100000000000        56.8100000000000     
   56.8100000000000     
  PASS  Example ESMF_ArrayFarrayEx, ESMF_ArrayFarrayEx.F90, line 288
 PASS: ESMF_ArrayFarrayEx.F90
0        56.8100000000000     
   56.8100000000000        56.8100000000000        56.8100000000000     
   56.8100000000000        56.8100000000000        56.8100000000000     
   56.8100000000000        56.8100000000000        56.8100000000000     
   56.8100000000000     
  PASS  Example ESMF_ArrayFarrayEx, ESMF_ArrayFarrayEx.F90, line 288
 PASS: ESMF_ArrayFarrayEx.F90
0        56.8100000000000     
   56.8100000000000        56.8100000000000        56.8100000000000     
   56.8100000000000        56.8100000000000        56.8100000000000     
   56.8100000000000        56.8100000000000        56.8100000000000     
   56.8100000000000     
  PASS  Example ESMF_ArrayFarrayEx, ESMF_ArrayFarrayEx.F90, line 288
 PASS: ESMF_ArrayFarrayEx.F90
0        56.8100000000000     
   56.8100000000000        56.8100000000000        56.8100000000000     
   56.8100000000000        56.8100000000000        56.8100000000000     
   56.8100000000000        56.8100000000000        56.8100000000000     
   56.8100000000000     
  PASS  Example ESMF_ArrayFarrayEx, ESMF_ArrayFarrayEx.F90, line 288
 PASS: ESMF_ArrayFarrayEx.F90
