build time -- 2022-03-17 01:31:05
running test_regrid_from_file
Traceback (most recent call last):
  File "src/ESMF/test/regrid_from_file/run_regrid_from_file.py", line 6, in <module>
    import ESMF.api.constants as constants
  File "/lfs/h1/emc/ptmp/Mark.Potts/intel_19.1.3_mpi_O_develop/src/addon/ESMPy/src/ESMF/__init__.py", line 69, in <module>
    from ESMF.api.esmpymanager import *
  File "/lfs/h1/emc/ptmp/Mark.Potts/intel_19.1.3_mpi_O_develop/src/addon/ESMPy/src/ESMF/api/esmpymanager.py", line 11, in <module>
    from ESMF.interface.cbindings import *
  File "/lfs/h1/emc/ptmp/Mark.Potts/intel_19.1.3_mpi_O_develop/src/addon/ESMPy/src/ESMF/interface/cbindings.py", line 13, in <module>
    from ESMF.interface.loadESMF import _ESMF
  File "/lfs/h1/emc/ptmp/Mark.Potts/intel_19.1.3_mpi_O_develop/src/addon/ESMPy/src/ESMF/interface/loadESMF.py", line 36, in <module>
    with open(esmfmk, 'r') as MKFILE:
FileNotFoundError: [Errno 2] No such file or directory: ''
Traceback (most recent call last):
  File "setup.py", line 273, in <module>
    'test_regrid_from_file_parallel': TestRegridFromFileParallelCommand})
  File "/usr/lib64/python3.6/distutils/core.py", line 148, in setup
    dist.run_commands()
  File "/usr/lib64/python3.6/distutils/dist.py", line 955, in run_commands
    self.run_command(cmd)
  File "/usr/lib64/python3.6/distutils/dist.py", line 974, in run_command
    cmd_obj.run()
  File "setup.py", line 192, in run
    subprocess.check_call(cmd)
  File "/usr/lib64/python3.6/subprocess.py", line 311, in check_call
    raise CalledProcessError(retcode, cmd)
subprocess.CalledProcessError: Command '['/usr/bin/python3', 'src/ESMF/test/regrid_from_file/run_regrid_from_file.py']' returned non-zero exit status 1.
