build time -- 2022-03-24 06:07:26
20220324 063058.121 INFO             PET0 !!!!!!!!!!!!!!!!!!!!!!!!!!!!!!!!!!!!!!!!!!!!!!!!!!!!!!
20220324 063058.121 INFO             PET0 !!! THE ESMF_LOG IS SET TO OUTPUT ALL LOG MESSAGES !!!
20220324 063058.121 INFO             PET0 !!!     THIS MAY CAUSE SLOWDOWN IN PERFORMANCE     !!!
20220324 063058.121 INFO             PET0 !!! FOR PRODUCTION RUNS, USE:                      !!!
20220324 063058.121 INFO             PET0 !!!                   ESMF_LOGKIND_Multi_On_Error  !!!
20220324 063058.121 INFO             PET0 !!!!!!!!!!!!!!!!!!!!!!!!!!!!!!!!!!!!!!!!!!!!!!!!!!!!!!
20220324 063058.121 INFO             PET0 Running with ESMF Version   : v8.3.0b10
20220324 063058.121 INFO             PET0 ESMF library build date/time: "Mar 24 2022" "06:05:55"
20220324 063058.121 INFO             PET0 ESMF library build location : /scratch1/NCEPDEV/stmp2/role.esmfmaint/gfortran_9.2.0b_openmpi_g_develop
20220324 063058.121 INFO             PET0 ESMF_COMM                   : openmpi
20220324 063058.122 INFO             PET0 ESMF_MOAB                   : enabled
20220324 063058.122 INFO             PET0 ESMF_LAPACK                 : enabled
20220324 063058.122 INFO             PET0 ESMF_NETCDF                 : disabled
20220324 063058.122 INFO             PET0 ESMF_PNETCDF                : disabled
20220324 063058.122 INFO             PET0 ESMF_PIO                    : enabled
20220324 063058.122 INFO             PET0 ESMF_YAMLCPP                : enabled
20220324 063058.155 INFO             PET0 ESMF_FieldRedistStoreNF(): Just entered routine.
20220324 063058.158 INFO             PET0 ESMF_FieldRedistStoreNF(): Leaving routine.
20220324 063058.162 INFO             PET0 ESMF_FieldRedistStoreNF(): Just entered routine.
20220324 063058.163 INFO             PET0 ESMF_FieldRedistStoreNF(): Leaving routine.
20220324 063058.163 INFO             PET0 ESMF_FieldRedistStoreNF(): Just entered routine.
20220324 063058.164 INFO             PET0 ESMF_FieldRedistStoreNF(): Leaving routine.
20220324 063058.164 INFO             PET0  NUMBER_OF_PROCESSORS           4
20220324 063058.164 INFO             PET0  PASS  Example ESMF_FieldRedistEx, ESMF_FieldRedistEx.F90, line 521
20220324 063058.164 INFO             PET0 Finalizing ESMF
20220324 063058.133 INFO             PET1 !!!!!!!!!!!!!!!!!!!!!!!!!!!!!!!!!!!!!!!!!!!!!!!!!!!!!!
20220324 063058.133 INFO             PET1 !!! THE ESMF_LOG IS SET TO OUTPUT ALL LOG MESSAGES !!!
20220324 063058.133 INFO             PET1 !!!     THIS MAY CAUSE SLOWDOWN IN PERFORMANCE     !!!
20220324 063058.133 INFO             PET1 !!! FOR PRODUCTION RUNS, USE:                      !!!
20220324 063058.133 INFO             PET1 !!!                   ESMF_LOGKIND_Multi_On_Error  !!!
20220324 063058.133 INFO             PET1 !!!!!!!!!!!!!!!!!!!!!!!!!!!!!!!!!!!!!!!!!!!!!!!!!!!!!!
20220324 063058.133 INFO             PET1 Running with ESMF Version   : v8.3.0b10
20220324 063058.133 INFO             PET1 ESMF library build date/time: "Mar 24 2022" "06:05:55"
20220324 063058.133 INFO             PET1 ESMF library build location : /scratch1/NCEPDEV/stmp2/role.esmfmaint/gfortran_9.2.0b_openmpi_g_develop
20220324 063058.133 INFO             PET1 ESMF_COMM                   : openmpi
20220324 063058.153 INFO             PET1 ESMF_MOAB                   : enabled
20220324 063058.153 INFO             PET1 ESMF_LAPACK                 : enabled
20220324 063058.153 INFO             PET1 ESMF_NETCDF                 : disabled
20220324 063058.153 INFO             PET1 ESMF_PNETCDF                : disabled
20220324 063058.153 INFO             PET1 ESMF_PIO                    : enabled
20220324 063058.153 INFO             PET1 ESMF_YAMLCPP                : enabled
20220324 063058.155 INFO             PET1 ESMF_FieldRedistStoreNF(): Just entered routine.
20220324 063058.158 INFO             PET1 ESMF_FieldRedistStoreNF(): Leaving routine.
20220324 063058.162 INFO             PET1 ESMF_FieldRedistStoreNF(): Just entered routine.
20220324 063058.163 INFO             PET1 ESMF_FieldRedistStoreNF(): Leaving routine.
20220324 063058.163 INFO             PET1 ESMF_FieldRedistStoreNF(): Just entered routine.
20220324 063058.164 INFO             PET1 ESMF_FieldRedistStoreNF(): Leaving routine.
20220324 063058.164 INFO             PET1  NUMBER_OF_PROCESSORS           4
20220324 063058.164 INFO             PET1  PASS  Example ESMF_FieldRedistEx, ESMF_FieldRedistEx.F90, line 521
20220324 063058.164 INFO             PET1 Finalizing ESMF
20220324 063058.121 INFO             PET2 !!!!!!!!!!!!!!!!!!!!!!!!!!!!!!!!!!!!!!!!!!!!!!!!!!!!!!
20220324 063058.121 INFO             PET2 !!! THE ESMF_LOG IS SET TO OUTPUT ALL LOG MESSAGES !!!
20220324 063058.121 INFO             PET2 !!!     THIS MAY CAUSE SLOWDOWN IN PERFORMANCE     !!!
20220324 063058.121 INFO             PET2 !!! FOR PRODUCTION RUNS, USE:                      !!!
20220324 063058.121 INFO             PET2 !!!                   ESMF_LOGKIND_Multi_On_Error  !!!
20220324 063058.121 INFO             PET2 !!!!!!!!!!!!!!!!!!!!!!!!!!!!!!!!!!!!!!!!!!!!!!!!!!!!!!
20220324 063058.121 INFO             PET2 Running with ESMF Version   : v8.3.0b10
20220324 063058.121 INFO             PET2 ESMF library build date/time: "Mar 24 2022" "06:05:55"
20220324 063058.121 INFO             PET2 ESMF library build location : /scratch1/NCEPDEV/stmp2/role.esmfmaint/gfortran_9.2.0b_openmpi_g_develop
20220324 063058.121 INFO             PET2 ESMF_COMM                   : openmpi
20220324 063058.122 INFO             PET2 ESMF_MOAB                   : enabled
20220324 063058.122 INFO             PET2 ESMF_LAPACK                 : enabled
20220324 063058.122 INFO             PET2 ESMF_NETCDF                 : disabled
20220324 063058.122 INFO             PET2 ESMF_PNETCDF                : disabled
20220324 063058.122 INFO             PET2 ESMF_PIO                    : enabled
20220324 063058.122 INFO             PET2 ESMF_YAMLCPP                : enabled
20220324 063058.155 INFO             PET2 ESMF_FieldRedistStoreNF(): Just entered routine.
20220324 063058.158 INFO             PET2 ESMF_FieldRedistStoreNF(): Leaving routine.
20220324 063058.162 INFO             PET2 ESMF_FieldRedistStoreNF(): Just entered routine.
20220324 063058.163 INFO             PET2 ESMF_FieldRedistStoreNF(): Leaving routine.
20220324 063058.163 INFO             PET2 ESMF_FieldRedistStoreNF(): Just entered routine.
20220324 063058.164 INFO             PET2 ESMF_FieldRedistStoreNF(): Leaving routine.
20220324 063058.164 INFO             PET2  NUMBER_OF_PROCESSORS           4
20220324 063058.164 INFO             PET2  PASS  Example ESMF_FieldRedistEx, ESMF_FieldRedistEx.F90, line 521
20220324 063058.164 INFO             PET2 Finalizing ESMF
20220324 063058.133 INFO             PET3 !!!!!!!!!!!!!!!!!!!!!!!!!!!!!!!!!!!!!!!!!!!!!!!!!!!!!!
20220324 063058.133 INFO             PET3 !!! THE ESMF_LOG IS SET TO OUTPUT ALL LOG MESSAGES !!!
20220324 063058.133 INFO             PET3 !!!     THIS MAY CAUSE SLOWDOWN IN PERFORMANCE     !!!
20220324 063058.133 INFO             PET3 !!! FOR PRODUCTION RUNS, USE:                      !!!
20220324 063058.133 INFO             PET3 !!!                   ESMF_LOGKIND_Multi_On_Error  !!!
20220324 063058.133 INFO             PET3 !!!!!!!!!!!!!!!!!!!!!!!!!!!!!!!!!!!!!!!!!!!!!!!!!!!!!!
20220324 063058.133 INFO             PET3 Running with ESMF Version   : v8.3.0b10
20220324 063058.133 INFO             PET3 ESMF library build date/time: "Mar 24 2022" "06:05:55"
20220324 063058.133 INFO             PET3 ESMF library build location : /scratch1/NCEPDEV/stmp2/role.esmfmaint/gfortran_9.2.0b_openmpi_g_develop
20220324 063058.133 INFO             PET3 ESMF_COMM                   : openmpi
20220324 063058.153 INFO             PET3 ESMF_MOAB                   : enabled
20220324 063058.153 INFO             PET3 ESMF_LAPACK                 : enabled
20220324 063058.153 INFO             PET3 ESMF_NETCDF                 : disabled
20220324 063058.153 INFO             PET3 ESMF_PNETCDF                : disabled
20220324 063058.153 INFO             PET3 ESMF_PIO                    : enabled
20220324 063058.153 INFO             PET3 ESMF_YAMLCPP                : enabled
20220324 063058.155 INFO             PET3 ESMF_FieldRedistStoreNF(): Just entered routine.
20220324 063058.158 INFO             PET3 ESMF_FieldRedistStoreNF(): Leaving routine.
20220324 063058.162 INFO             PET3 ESMF_FieldRedistStoreNF(): Just entered routine.
20220324 063058.163 INFO             PET3 ESMF_FieldRedistStoreNF(): Leaving routine.
20220324 063058.163 INFO             PET3 ESMF_FieldRedistStoreNF(): Just entered routine.
20220324 063058.164 INFO             PET3 ESMF_FieldRedistStoreNF(): Leaving routine.
20220324 063058.164 INFO             PET3  NUMBER_OF_PROCESSORS           4
20220324 063058.164 INFO             PET3  PASS  Example ESMF_FieldRedistEx, ESMF_FieldRedistEx.F90, line 521
20220324 063058.164 INFO             PET3 Finalizing ESMF
