build time -- 2022-03-24 06:07:26
[1648103369.795807] [h15c56:216687:0]         mxm.c:196  MXM  WARN  The 'ulimit -s' on the system is set to 'unlimited'. This may have negative performance implications. Please set the stack size to the default value (10240) 
[1648103369.800927] [h15c56:216687:0]         mxm.c:196  MXM  WARN  The 'ulimit -s' on the system is set to 'unlimited'. This may have negative performance implications. Please set the stack size to the default value (10240) 
[1648103369.795238] [h15c56:216689:0]         mxm.c:196  MXM  WARN  The 'ulimit -s' on the system is set to 'unlimited'. This may have negative performance implications. Please set the stack size to the default value (10240) 
[1648103369.800184] [h15c56:216689:0]         mxm.c:196  MXM  WARN  The 'ulimit -s' on the system is set to 'unlimited'. This may have negative performance implications. Please set the stack size to the default value (10240) 
[1648103369.801393] [h15c56:216690:0]         mxm.c:196  MXM  WARN  The 'ulimit -s' on the system is set to 'unlimited'. This may have negative performance implications. Please set the stack size to the default value (10240) 
[1648103369.806558] [h15c56:216690:0]         mxm.c:196  MXM  WARN  The 'ulimit -s' on the system is set to 'unlimited'. This may have negative performance implications. Please set the stack size to the default value (10240) 
[1648103369.801361] [h15c56:216688:0]         mxm.c:196  MXM  WARN  The 'ulimit -s' on the system is set to 'unlimited'. This may have negative performance implications. Please set the stack size to the default value (10240) 
[1648103369.806506] [h15c56:216688:0]         mxm.c:196  MXM  WARN  The 'ulimit -s' on the system is set to 'unlimited'. This may have negative performance implications. Please set the stack size to the default value (10240) 
  PASS  Example ESMF_VMComponentEx, ESMF_VMComponentEx.F90, line 197
  PASS  Example ESMF_VMComponentEx, ESMF_VMComponentEx.F90, line 197
  PASS  Example ESMF_VMComponentEx, ESMF_VMComponentEx.F90, line 197
--- ESMCI::VM::print() start ---
--- ESMCI::VMId::print() start ---
  vmKeyWidth = 1
  vmKey=0x80000000
  localID = 0
--- ESMCI::VMId::print() end ---
--- VMK::print() start ---
vm located at: 0x112f9a0
npets = 1, mypet=0
  pth_mutex =		 0x11332f0
  pth_finish_count =	 0x11312b0
MPI_Comm_size: 1
MPI_Comm_rank in local MPI communicator: 0
MPI_Comm_rank in MPI_COMM_WORLD: 0
MPI thread level support: 3
mpi_mutex_flag: 0
mpionly: 0
threadsflag: 0
  lpid[0]=0, tid[0]=0, vas[0]=0, ncpet[0]=1, nadevs[0]=0, cid[0][0]=0
ncores = 4
  cpuid[0]=0, ssiid[0]=0
  cpuid[1]=1, ssiid[1]=0
  cpuid[2]=2, ssiid[2]=0
  cpuid[3]=3, ssiid[3]=0
--- VMK::print() end ---
--- ESMCI::VM::print() end ---
--- ESMCI::VM::print() start ---
--- ESMCI::VMId::print() start ---
  vmKeyWidth = 1
  vmKey=0x80000000
  localID = 0
--- ESMCI::VMId::print() end ---
--- VMK::print() start ---
vm located at: 0x112f9a0
npets = 1, mypet=0
  pth_mutex =		 0x11332f0
  pth_finish_count =	 0x11312b0
MPI_Comm_size: 1
MPI_Comm_rank in local MPI communicator: 0
MPI_Comm_rank in MPI_COMM_WORLD: 0
MPI thread level support: 3
mpi_mutex_flag: 0
mpionly: 0
threadsflag: 0
  lpid[0]=0, tid[0]=0, vas[0]=0, ncpet[0]=1, nadevs[0]=0, cid[0][0]=0
ncores = 4
  cpuid[0]=0, ssiid[0]=0
  cpuid[1]=1, ssiid[1]=0
  cpuid[2]=2, ssiid[2]=0
  cpuid[3]=3, ssiid[3]=0
--- VMK::print() end ---
--- ESMCI::VM::print() end ---
--- ESMCI::VM::print() start ---
--- ESMCI::VMId::print() start ---
  vmKeyWidth = 1
  vmKey=0x80000000
  localID = 0
--- ESMCI::VMId::print() end ---
--- VMK::print() start ---
vm located at: 0x112f9a0
npets = 1, mypet=0
  pth_mutex =		 0x11332f0
  pth_finish_count =	 0x11312b0
MPI_Comm_size: 1
MPI_Comm_rank in local MPI communicator: 0
MPI_Comm_rank in MPI_COMM_WORLD: 0
MPI thread level support: 3
mpi_mutex_flag: 0
mpionly: 0
threadsflag: 0
  lpid[0]=0, tid[0]=0, vas[0]=0, ncpet[0]=1, nadevs[0]=0, cid[0][0]=0
ncores = 4
  cpuid[0]=0, ssiid[0]=0
  cpuid[1]=1, ssiid[1]=0
  cpuid[2]=2, ssiid[2]=0
  cpuid[3]=3, ssiid[3]=0
--- VMK::print() end ---
--- ESMCI::VM::print() end ---
  PASS  Example ESMF_VMComponentEx, ESMF_VMComponentEx.F90, line 197
 PASS: ESMF_VMComponentEx.F90
 PASS: ESMF_VMComponentEx.F90
 PASS: ESMF_VMComponentEx.F90
 PASS: ESMF_VMComponentEx.F90
