build time -- 2022-03-24 06:07:26
20220324 063037.695 INFO             PET0 !!!!!!!!!!!!!!!!!!!!!!!!!!!!!!!!!!!!!!!!!!!!!!!!!!!!!!
20220324 063037.695 INFO             PET0 !!! THE ESMF_LOG IS SET TO OUTPUT ALL LOG MESSAGES !!!
20220324 063037.695 INFO             PET0 !!!     THIS MAY CAUSE SLOWDOWN IN PERFORMANCE     !!!
20220324 063037.695 INFO             PET0 !!! FOR PRODUCTION RUNS, USE:                      !!!
20220324 063037.695 INFO             PET0 !!!                   ESMF_LOGKIND_Multi_On_Error  !!!
20220324 063037.695 INFO             PET0 !!!!!!!!!!!!!!!!!!!!!!!!!!!!!!!!!!!!!!!!!!!!!!!!!!!!!!
20220324 063037.695 INFO             PET0 Running with ESMF Version   : v8.3.0b10
20220324 063037.695 INFO             PET0 ESMF library build date/time: "Mar 24 2022" "06:05:55"
20220324 063037.695 INFO             PET0 ESMF library build location : /scratch1/NCEPDEV/stmp2/role.esmfmaint/gfortran_9.2.0b_openmpi_g_develop
20220324 063037.695 INFO             PET0 ESMF_COMM                   : openmpi
20220324 063037.696 INFO             PET0 ESMF_MOAB                   : enabled
20220324 063037.696 INFO             PET0 ESMF_LAPACK                 : enabled
20220324 063037.696 INFO             PET0 ESMF_NETCDF                 : disabled
20220324 063037.696 INFO             PET0 ESMF_PNETCDF                : disabled
20220324 063037.696 INFO             PET0 ESMF_PIO                    : enabled
20220324 063037.696 INFO             PET0 ESMF_YAMLCPP                : enabled
20220324 063037.702 INFO             PET0  NUMBER_OF_PROCESSORS           1
20220324 063037.702 INFO             PET0  PASS  Example ESMF_XGridSparseMatEx, ESMF_XGridSparseMatEx.F90, line 642
20220324 063037.702 INFO             PET0 Finalizing ESMF
