build time -- 2022-03-11 23:21:47
20220312 002331.242 INFO             PET0 !!!!!!!!!!!!!!!!!!!!!!!!!!!!!!!!!!!!!!!!!!!!!!!!!!!!!!
20220312 002331.242 INFO             PET0 !!! THE ESMF_LOG IS SET TO OUTPUT ALL LOG MESSAGES !!!
20220312 002331.242 INFO             PET0 !!!     THIS MAY CAUSE SLOWDOWN IN PERFORMANCE     !!!
20220312 002331.242 INFO             PET0 !!! FOR PRODUCTION RUNS, USE:                      !!!
20220312 002331.242 INFO             PET0 !!!                   ESMF_LOGKIND_Multi_On_Error  !!!
20220312 002331.242 INFO             PET0 !!!!!!!!!!!!!!!!!!!!!!!!!!!!!!!!!!!!!!!!!!!!!!!!!!!!!!
20220312 002331.242 INFO             PET0 Running with ESMF Version   : v8.3.0b09-96-g559b459836
20220312 002331.242 INFO             PET0 ESMF library build date/time: "Mar 11 2022" "23:20:15"
20220312 002331.242 INFO             PET0 ESMF library build location : /lustre/f2/dev/ncep/Mark.Potts/gfortran_8.3.0_mpiuni_O_jedwards_pio_update2
20220312 002331.242 INFO             PET0 ESMF_COMM                   : mpiuni
20220312 002331.242 INFO             PET0 ESMF_MOAB                   : enabled
20220312 002331.242 INFO             PET0 ESMF_LAPACK                 : enabled
20220312 002331.242 INFO             PET0 ESMF_NETCDF                 : enabled
20220312 002331.242 INFO             PET0 ESMF_PNETCDF                : disabled
20220312 002331.242 INFO             PET0 ESMF_PIO                    : disabled
20220312 002331.242 INFO             PET0 ESMF_YAMLCPP                : enabled
20220312 002331.243 INFO             PET0 ESMF Tracing Enabled
20220312 002331.243 INFO             PET0 ESMF Profiling Enabled
20220312 002331.243 INFO             PET0 ESMF Trace/Profile clock: REALTIME
20220312 002331.249 WARNING          PET0 ESMF Tracing/Profiling could not load dynamic instrumentation functions.
20220312 002331.249 INFO             PET0  NUMBER_OF_PROCESSORS           1
20220312 002331.249 INFO             PET0  PASS  Example ESMF_TraceUserEx, ESMF_TraceUserEx.F90, line 125
20220312 002331.249 INFO             PET0 Finalizing ESMF
20220312 002331.249 INFO             PET0 **************** Region Timings *******************
20220312 002331.249 INFO             PET0 Region              Count  Total (s)   Self (s)    Mean (s)    Min (s)     Max (s)
20220312 002331.249 INFO             PET0   outer_region      1      0.0002      0.0000      0.0002      0.0002      0.0002
20220312 002331.249 INFO             PET0     inner_region_1  10     0.0001      0.0001      0.0000      0.0000      0.0000
20220312 002331.249 INFO             PET0     inner_region_2  10     0.0001      0.0001      0.0000      0.0000      0.0000
