build time -- 2022-03-10 23:22:18
Fri Mar 11 00:24:13 2022: [unset]:_pmi_alps_init:alps_get_placement_info returned with error -1
Fri Mar 11 00:24:13 2022: [unset]:_pmi_init:_pmi_alps_init returned -1
 Application Example 1:
 Comp Create returned, name = Atmosphere Model Coupler
 Coupler Init starting
 Coupler Init returning
 Comp Initialize complete
 Coupler Run starting
 Coupler Run returning
 Coupler Run starting
 Coupler Run returning
 Coupler Run starting
 Coupler Run returning
 Coupler Run starting
 Coupler Run returning
 Comp Run complete
 Coupler Final starting
 Coupler Final returning
 Comp Finalize complete
 Destroy calls returned
 Application Example 1 finished
  PASS  Example ESMF_CplEx, ESMF_CplEx.F90, line 457
 PASS: ESMF_CplEx.F90
