build time -- 2022-03-19 00:29:10
20220319 012714.319 INFO             PET0 !!!!!!!!!!!!!!!!!!!!!!!!!!!!!!!!!!!!!!!!!!!!!!!!!!!!!!
20220319 012714.319 INFO             PET0 !!! THE ESMF_LOG IS SET TO OUTPUT ALL LOG MESSAGES !!!
20220319 012714.319 INFO             PET0 !!!     THIS MAY CAUSE SLOWDOWN IN PERFORMANCE     !!!
20220319 012714.319 INFO             PET0 !!! FOR PRODUCTION RUNS, USE:                      !!!
20220319 012714.319 INFO             PET0 !!!                   ESMF_LOGKIND_Multi_On_Error  !!!
20220319 012714.319 INFO             PET0 !!!!!!!!!!!!!!!!!!!!!!!!!!!!!!!!!!!!!!!!!!!!!!!!!!!!!!
20220319 012714.319 INFO             PET0 Running with ESMF Version   : v8.3.0b09-102-gabaf3ef548
20220319 012714.319 INFO             PET0 ESMF library build date/time: "Mar 19 2022" "00:27:31"
20220319 012714.319 INFO             PET0 ESMF library build location : /lustre/f2/dev/ncep/Mark.Potts/gfortran_8.3.0_mpiuni_O_jedwards_pio_update2
20220319 012714.319 INFO             PET0 ESMF_COMM                   : mpiuni
20220319 012714.319 INFO             PET0 ESMF_MOAB                   : enabled
20220319 012714.319 INFO             PET0 ESMF_LAPACK                 : enabled
20220319 012714.319 INFO             PET0 ESMF_NETCDF                 : enabled
20220319 012714.319 INFO             PET0 ESMF_PNETCDF                : disabled
20220319 012714.319 INFO             PET0 ESMF_PIO                    : disabled
20220319 012714.319 INFO             PET0 ESMF_YAMLCPP                : enabled
20220319 012714.604 INFO             PET0  NUMBER_OF_PROCESSORS           1
20220319 012714.604 INFO             PET0  PASS  Example ESMF_GridUsageEx, ESMF_GridUsageEx.F90, line 3470
20220319 012714.604 INFO             PET0 Finalizing ESMF
