build time -- 2022-03-20 01:17:33.161430
20220320 014831.589 INFO             PET0 !!!!!!!!!!!!!!!!!!!!!!!!!!!!!!!!!!!!!!!!!!!!!!!!!!!!!!
20220320 014831.590 INFO             PET0 !!! THE ESMF_LOG IS SET TO OUTPUT ALL LOG MESSAGES !!!
20220320 014831.590 INFO             PET0 !!!     THIS MAY CAUSE SLOWDOWN IN PERFORMANCE     !!!
20220320 014831.590 INFO             PET0 !!! FOR PRODUCTION RUNS, USE:                      !!!
20220320 014831.590 INFO             PET0 !!!                   ESMF_LOGKIND_Multi_On_Error  !!!
20220320 014831.590 INFO             PET0 !!!!!!!!!!!!!!!!!!!!!!!!!!!!!!!!!!!!!!!!!!!!!!!!!!!!!!
20220320 014831.590 INFO             PET0 Running with ESMF Version   : v8.3.0b09-102-gabaf3ef548
20220320 014831.590 INFO             PET0 ESMF library build date/time: "Mar 20 2022" "01:16:03"
20220320 014831.590 INFO             PET0 ESMF library build location : /gpfsm/dnb04/projects/p98/mpotts/esmf/gfortran_8.3.0_intelmpi_g_jedwards_pio_update2
20220320 014831.590 INFO             PET0 ESMF_COMM                   : intelmpi
20220320 014831.590 INFO             PET0 ESMF_MOAB                   : enabled
20220320 014831.590 INFO             PET0 ESMF_LAPACK                 : enabled
20220320 014831.590 INFO             PET0 ESMF_NETCDF                 : disabled
20220320 014831.590 INFO             PET0 ESMF_PNETCDF                : disabled
20220320 014831.590 INFO             PET0 ESMF_PIO                    : disabled
20220320 014831.590 INFO             PET0 ESMF_YAMLCPP                : enabled
20220320 014831.690 DEBUG            PET0 about to destroy Grid: 0x8f7af0
20220320 014831.702 DEBUG            PET0 about to destroy Grid: 0x8f9740
20220320 014831.734 INFO             PET0  NUMBER_OF_PROCESSORS           4
20220320 014831.734 INFO             PET0  PASS  Example ESMF_NUOPCAtmModelEx, ESMF_NUOPCAtmModelEx.F90, line 806
20220320 014831.734 INFO             PET0 Finalizing ESMF
20220320 014831.590 INFO             PET1 !!!!!!!!!!!!!!!!!!!!!!!!!!!!!!!!!!!!!!!!!!!!!!!!!!!!!!
20220320 014831.590 INFO             PET1 !!! THE ESMF_LOG IS SET TO OUTPUT ALL LOG MESSAGES !!!
20220320 014831.590 INFO             PET1 !!!     THIS MAY CAUSE SLOWDOWN IN PERFORMANCE     !!!
20220320 014831.590 INFO             PET1 !!! FOR PRODUCTION RUNS, USE:                      !!!
20220320 014831.590 INFO             PET1 !!!                   ESMF_LOGKIND_Multi_On_Error  !!!
20220320 014831.590 INFO             PET1 !!!!!!!!!!!!!!!!!!!!!!!!!!!!!!!!!!!!!!!!!!!!!!!!!!!!!!
20220320 014831.590 INFO             PET1 Running with ESMF Version   : v8.3.0b09-102-gabaf3ef548
20220320 014831.590 INFO             PET1 ESMF library build date/time: "Mar 20 2022" "01:16:03"
20220320 014831.590 INFO             PET1 ESMF library build location : /gpfsm/dnb04/projects/p98/mpotts/esmf/gfortran_8.3.0_intelmpi_g_jedwards_pio_update2
20220320 014831.590 INFO             PET1 ESMF_COMM                   : intelmpi
20220320 014831.590 INFO             PET1 ESMF_MOAB                   : enabled
20220320 014831.590 INFO             PET1 ESMF_LAPACK                 : enabled
20220320 014831.590 INFO             PET1 ESMF_NETCDF                 : disabled
20220320 014831.590 INFO             PET1 ESMF_PNETCDF                : disabled
20220320 014831.590 INFO             PET1 ESMF_PIO                    : disabled
20220320 014831.590 INFO             PET1 ESMF_YAMLCPP                : enabled
20220320 014831.690 DEBUG            PET1 about to destroy Grid: 0x8f8360
20220320 014831.702 DEBUG            PET1 about to destroy Grid: 0x8f97a0
20220320 014831.734 INFO             PET1  NUMBER_OF_PROCESSORS           4
20220320 014831.734 INFO             PET1  PASS  Example ESMF_NUOPCAtmModelEx, ESMF_NUOPCAtmModelEx.F90, line 806
20220320 014831.734 INFO             PET1 Finalizing ESMF
20220320 014831.590 INFO             PET2 !!!!!!!!!!!!!!!!!!!!!!!!!!!!!!!!!!!!!!!!!!!!!!!!!!!!!!
20220320 014831.590 INFO             PET2 !!! THE ESMF_LOG IS SET TO OUTPUT ALL LOG MESSAGES !!!
20220320 014831.590 INFO             PET2 !!!     THIS MAY CAUSE SLOWDOWN IN PERFORMANCE     !!!
20220320 014831.590 INFO             PET2 !!! FOR PRODUCTION RUNS, USE:                      !!!
20220320 014831.590 INFO             PET2 !!!                   ESMF_LOGKIND_Multi_On_Error  !!!
20220320 014831.590 INFO             PET2 !!!!!!!!!!!!!!!!!!!!!!!!!!!!!!!!!!!!!!!!!!!!!!!!!!!!!!
20220320 014831.590 INFO             PET2 Running with ESMF Version   : v8.3.0b09-102-gabaf3ef548
20220320 014831.590 INFO             PET2 ESMF library build date/time: "Mar 20 2022" "01:16:03"
20220320 014831.590 INFO             PET2 ESMF library build location : /gpfsm/dnb04/projects/p98/mpotts/esmf/gfortran_8.3.0_intelmpi_g_jedwards_pio_update2
20220320 014831.590 INFO             PET2 ESMF_COMM                   : intelmpi
20220320 014831.590 INFO             PET2 ESMF_MOAB                   : enabled
20220320 014831.590 INFO             PET2 ESMF_LAPACK                 : enabled
20220320 014831.590 INFO             PET2 ESMF_NETCDF                 : disabled
20220320 014831.590 INFO             PET2 ESMF_PNETCDF                : disabled
20220320 014831.590 INFO             PET2 ESMF_PIO                    : disabled
20220320 014831.590 INFO             PET2 ESMF_YAMLCPP                : enabled
20220320 014831.690 DEBUG            PET2 about to destroy Grid: 0x8f7780
20220320 014831.702 DEBUG            PET2 about to destroy Grid: 0x8f8bc0
20220320 014831.735 INFO             PET2  NUMBER_OF_PROCESSORS           4
20220320 014831.735 INFO             PET2  PASS  Example ESMF_NUOPCAtmModelEx, ESMF_NUOPCAtmModelEx.F90, line 806
20220320 014831.735 INFO             PET2 Finalizing ESMF
20220320 014831.589 INFO             PET3 !!!!!!!!!!!!!!!!!!!!!!!!!!!!!!!!!!!!!!!!!!!!!!!!!!!!!!
20220320 014831.589 INFO             PET3 !!! THE ESMF_LOG IS SET TO OUTPUT ALL LOG MESSAGES !!!
20220320 014831.589 INFO             PET3 !!!     THIS MAY CAUSE SLOWDOWN IN PERFORMANCE     !!!
20220320 014831.589 INFO             PET3 !!! FOR PRODUCTION RUNS, USE:                      !!!
20220320 014831.589 INFO             PET3 !!!                   ESMF_LOGKIND_Multi_On_Error  !!!
20220320 014831.589 INFO             PET3 !!!!!!!!!!!!!!!!!!!!!!!!!!!!!!!!!!!!!!!!!!!!!!!!!!!!!!
20220320 014831.589 INFO             PET3 Running with ESMF Version   : v8.3.0b09-102-gabaf3ef548
20220320 014831.589 INFO             PET3 ESMF library build date/time: "Mar 20 2022" "01:16:03"
20220320 014831.589 INFO             PET3 ESMF library build location : /gpfsm/dnb04/projects/p98/mpotts/esmf/gfortran_8.3.0_intelmpi_g_jedwards_pio_update2
20220320 014831.589 INFO             PET3 ESMF_COMM                   : intelmpi
20220320 014831.590 INFO             PET3 ESMF_MOAB                   : enabled
20220320 014831.590 INFO             PET3 ESMF_LAPACK                 : enabled
20220320 014831.590 INFO             PET3 ESMF_NETCDF                 : disabled
20220320 014831.590 INFO             PET3 ESMF_PNETCDF                : disabled
20220320 014831.590 INFO             PET3 ESMF_PIO                    : disabled
20220320 014831.590 INFO             PET3 ESMF_YAMLCPP                : enabled
20220320 014831.690 DEBUG            PET3 about to destroy Grid: 0x8f78f0
20220320 014831.702 DEBUG            PET3 about to destroy Grid: 0x8f8a10
20220320 014831.735 INFO             PET3  NUMBER_OF_PROCESSORS           4
20220320 014831.735 INFO             PET3  PASS  Example ESMF_NUOPCAtmModelEx, ESMF_NUOPCAtmModelEx.F90, line 806
20220320 014831.735 INFO             PET3 Finalizing ESMF
