build time -- 2022-03-11 01:17:40.761614
20220311 014526.990 INFO             PET0 !!!!!!!!!!!!!!!!!!!!!!!!!!!!!!!!!!!!!!!!!!!!!!!!!!!!!!
20220311 014526.990 INFO             PET0 !!! THE ESMF_LOG IS SET TO OUTPUT ALL LOG MESSAGES !!!
20220311 014526.990 INFO             PET0 !!!     THIS MAY CAUSE SLOWDOWN IN PERFORMANCE     !!!
20220311 014526.990 INFO             PET0 !!! FOR PRODUCTION RUNS, USE:                      !!!
20220311 014526.990 INFO             PET0 !!!                   ESMF_LOGKIND_Multi_On_Error  !!!
20220311 014526.990 INFO             PET0 !!!!!!!!!!!!!!!!!!!!!!!!!!!!!!!!!!!!!!!!!!!!!!!!!!!!!!
20220311 014526.990 INFO             PET0 Running with ESMF Version   : v8.3.0b09-94-gba2d53fd60
20220311 014526.990 INFO             PET0 ESMF library build date/time: "Mar 11 2022" "01:16:07"
20220311 014526.990 INFO             PET0 ESMF library build location : /gpfsm/dnb04/projects/p98/mpotts/esmf/gfortran_8.3.0_intelmpi_g_jedwards_pio_update2
20220311 014526.990 INFO             PET0 ESMF_COMM                   : intelmpi
20220311 014526.990 INFO             PET0 ESMF_MOAB                   : enabled
20220311 014526.990 INFO             PET0 ESMF_LAPACK                 : enabled
20220311 014526.990 INFO             PET0 ESMF_NETCDF                 : disabled
20220311 014526.990 INFO             PET0 ESMF_PNETCDF                : disabled
20220311 014526.990 INFO             PET0 ESMF_PIO                    : disabled
20220311 014526.990 INFO             PET0 ESMF_YAMLCPP                : enabled
20220311 014527.120 INFO             PET0  NUMBER_OF_PROCESSORS           4
20220311 014527.120 INFO             PET0  PASS  Example ESMF_RHandleDynamicMaskingEx, ESMF_RHandleDynamicMaskingEx.F90, line 1116
20220311 014527.120 INFO             PET0 Finalizing ESMF
20220311 014527.120 INFO             PET0 ESMCI_IO_Handler.C:356 ESMCI::IO_Handler::finalize() before return, localrc = 0
20220311 014526.990 INFO             PET1 !!!!!!!!!!!!!!!!!!!!!!!!!!!!!!!!!!!!!!!!!!!!!!!!!!!!!!
20220311 014526.990 INFO             PET1 !!! THE ESMF_LOG IS SET TO OUTPUT ALL LOG MESSAGES !!!
20220311 014526.990 INFO             PET1 !!!     THIS MAY CAUSE SLOWDOWN IN PERFORMANCE     !!!
20220311 014526.990 INFO             PET1 !!! FOR PRODUCTION RUNS, USE:                      !!!
20220311 014526.990 INFO             PET1 !!!                   ESMF_LOGKIND_Multi_On_Error  !!!
20220311 014526.990 INFO             PET1 !!!!!!!!!!!!!!!!!!!!!!!!!!!!!!!!!!!!!!!!!!!!!!!!!!!!!!
20220311 014526.990 INFO             PET1 Running with ESMF Version   : v8.3.0b09-94-gba2d53fd60
20220311 014526.990 INFO             PET1 ESMF library build date/time: "Mar 11 2022" "01:16:07"
20220311 014526.990 INFO             PET1 ESMF library build location : /gpfsm/dnb04/projects/p98/mpotts/esmf/gfortran_8.3.0_intelmpi_g_jedwards_pio_update2
20220311 014526.990 INFO             PET1 ESMF_COMM                   : intelmpi
20220311 014526.990 INFO             PET1 ESMF_MOAB                   : enabled
20220311 014526.990 INFO             PET1 ESMF_LAPACK                 : enabled
20220311 014526.990 INFO             PET1 ESMF_NETCDF                 : disabled
20220311 014526.990 INFO             PET1 ESMF_PNETCDF                : disabled
20220311 014526.990 INFO             PET1 ESMF_PIO                    : disabled
20220311 014526.990 INFO             PET1 ESMF_YAMLCPP                : enabled
20220311 014527.120 INFO             PET1  NUMBER_OF_PROCESSORS           4
20220311 014527.120 INFO             PET1  PASS  Example ESMF_RHandleDynamicMaskingEx, ESMF_RHandleDynamicMaskingEx.F90, line 1116
20220311 014527.120 INFO             PET1 Finalizing ESMF
20220311 014527.120 INFO             PET1 ESMCI_IO_Handler.C:356 ESMCI::IO_Handler::finalize() before return, localrc = 0
20220311 014526.990 INFO             PET2 !!!!!!!!!!!!!!!!!!!!!!!!!!!!!!!!!!!!!!!!!!!!!!!!!!!!!!
20220311 014526.990 INFO             PET2 !!! THE ESMF_LOG IS SET TO OUTPUT ALL LOG MESSAGES !!!
20220311 014526.990 INFO             PET2 !!!     THIS MAY CAUSE SLOWDOWN IN PERFORMANCE     !!!
20220311 014526.990 INFO             PET2 !!! FOR PRODUCTION RUNS, USE:                      !!!
20220311 014526.990 INFO             PET2 !!!                   ESMF_LOGKIND_Multi_On_Error  !!!
20220311 014526.990 INFO             PET2 !!!!!!!!!!!!!!!!!!!!!!!!!!!!!!!!!!!!!!!!!!!!!!!!!!!!!!
20220311 014526.990 INFO             PET2 Running with ESMF Version   : v8.3.0b09-94-gba2d53fd60
20220311 014526.990 INFO             PET2 ESMF library build date/time: "Mar 11 2022" "01:16:07"
20220311 014526.990 INFO             PET2 ESMF library build location : /gpfsm/dnb04/projects/p98/mpotts/esmf/gfortran_8.3.0_intelmpi_g_jedwards_pio_update2
20220311 014526.990 INFO             PET2 ESMF_COMM                   : intelmpi
20220311 014526.990 INFO             PET2 ESMF_MOAB                   : enabled
20220311 014526.990 INFO             PET2 ESMF_LAPACK                 : enabled
20220311 014526.990 INFO             PET2 ESMF_NETCDF                 : disabled
20220311 014526.990 INFO             PET2 ESMF_PNETCDF                : disabled
20220311 014526.990 INFO             PET2 ESMF_PIO                    : disabled
20220311 014526.990 INFO             PET2 ESMF_YAMLCPP                : enabled
20220311 014527.120 INFO             PET2  NUMBER_OF_PROCESSORS           4
20220311 014527.120 INFO             PET2  PASS  Example ESMF_RHandleDynamicMaskingEx, ESMF_RHandleDynamicMaskingEx.F90, line 1116
20220311 014527.120 INFO             PET2 Finalizing ESMF
20220311 014527.120 INFO             PET2 ESMCI_IO_Handler.C:356 ESMCI::IO_Handler::finalize() before return, localrc = 0
20220311 014526.990 INFO             PET3 !!!!!!!!!!!!!!!!!!!!!!!!!!!!!!!!!!!!!!!!!!!!!!!!!!!!!!
20220311 014526.990 INFO             PET3 !!! THE ESMF_LOG IS SET TO OUTPUT ALL LOG MESSAGES !!!
20220311 014526.990 INFO             PET3 !!!     THIS MAY CAUSE SLOWDOWN IN PERFORMANCE     !!!
20220311 014526.990 INFO             PET3 !!! FOR PRODUCTION RUNS, USE:                      !!!
20220311 014526.990 INFO             PET3 !!!                   ESMF_LOGKIND_Multi_On_Error  !!!
20220311 014526.990 INFO             PET3 !!!!!!!!!!!!!!!!!!!!!!!!!!!!!!!!!!!!!!!!!!!!!!!!!!!!!!
20220311 014526.990 INFO             PET3 Running with ESMF Version   : v8.3.0b09-94-gba2d53fd60
20220311 014526.990 INFO             PET3 ESMF library build date/time: "Mar 11 2022" "01:16:07"
20220311 014526.990 INFO             PET3 ESMF library build location : /gpfsm/dnb04/projects/p98/mpotts/esmf/gfortran_8.3.0_intelmpi_g_jedwards_pio_update2
20220311 014526.990 INFO             PET3 ESMF_COMM                   : intelmpi
20220311 014526.990 INFO             PET3 ESMF_MOAB                   : enabled
20220311 014526.990 INFO             PET3 ESMF_LAPACK                 : enabled
20220311 014526.990 INFO             PET3 ESMF_NETCDF                 : disabled
20220311 014526.990 INFO             PET3 ESMF_PNETCDF                : disabled
20220311 014526.990 INFO             PET3 ESMF_PIO                    : disabled
20220311 014526.990 INFO             PET3 ESMF_YAMLCPP                : enabled
20220311 014527.120 INFO             PET3  NUMBER_OF_PROCESSORS           4
20220311 014527.120 INFO             PET3  PASS  Example ESMF_RHandleDynamicMaskingEx, ESMF_RHandleDynamicMaskingEx.F90, line 1116
20220311 014527.120 INFO             PET3 Finalizing ESMF
20220311 014527.120 INFO             PET3 ESMCI_IO_Handler.C:356 ESMCI::IO_Handler::finalize() before return, localrc = 0
