build time -- 2022-03-10 01:19:31.217178
srun: cluster configuration lacks support for cpu binding
 localSum=   12345.600000000009     
 localSum=   12345.600000000009     
 localSum=   12345.600000000009     
 localSum=   987.64800000000002     
 localSum=   3654.3119999999990     
 localSum=   12345.600000000009     
  PASS  Example ESMF_ArrayLarrayEx, ESMF_ArrayLarrayEx.F90, line 325
 localSum=   987.64800000000002     
 localSum=   3654.3119999999990     
  PASS  Example ESMF_ArrayLarrayEx, ESMF_ArrayLarrayEx.F90, line 325
 localSum=   987.64800000000002     
 localSum=   987.64800000000002     
 localSum=   3654.3119999999990     
 localSum=   3654.3119999999990     
  PASS  Example ESMF_ArrayLarrayEx, ESMF_ArrayLarrayEx.F90, line 325
  PASS  Example ESMF_ArrayLarrayEx, ESMF_ArrayLarrayEx.F90, line 325
 PASS: ESMF_ArrayLarrayEx.F90
 PASS: ESMF_ArrayLarrayEx.F90
 PASS: ESMF_ArrayLarrayEx.F90
 PASS: ESMF_ArrayLarrayEx.F90
