build time -- 2022-03-08 01:20:17.242223
20220308 014450.554 INFO             PET0 !!!!!!!!!!!!!!!!!!!!!!!!!!!!!!!!!!!!!!!!!!!!!!!!!!!!!!
20220308 014450.554 INFO             PET0 !!! THE ESMF_LOG IS SET TO OUTPUT ALL LOG MESSAGES !!!
20220308 014450.554 INFO             PET0 !!!     THIS MAY CAUSE SLOWDOWN IN PERFORMANCE     !!!
20220308 014450.554 INFO             PET0 !!! FOR PRODUCTION RUNS, USE:                      !!!
20220308 014450.554 INFO             PET0 !!!                   ESMF_LOGKIND_Multi_On_Error  !!!
20220308 014450.554 INFO             PET0 !!!!!!!!!!!!!!!!!!!!!!!!!!!!!!!!!!!!!!!!!!!!!!!!!!!!!!
20220308 014450.554 INFO             PET0 Running with ESMF Version   : v8.3.0b09
20220308 014450.554 INFO             PET0 ESMF library build date/time: "Mar  8 2022" "01:18:22"
20220308 014450.554 INFO             PET0 ESMF library build location : /gpfsm/dnb04/projects/p98/mpotts/esmf/intel_2020_mpt_O_develop
20220308 014450.554 INFO             PET0 ESMF_COMM                   : mpt
20220308 014450.554 INFO             PET0 ESMF_MOAB                   : enabled
20220308 014450.554 INFO             PET0 ESMF_LAPACK                 : enabled
20220308 014450.554 INFO             PET0 ESMF_NETCDF                 : enabled
20220308 014450.554 INFO             PET0 ESMF_PNETCDF                : disabled
20220308 014450.554 INFO             PET0 ESMF_PIO                    : enabled
20220308 014450.554 INFO             PET0 ESMF_YAMLCPP                : enabled
20220308 014450.556 INFO             PET0  NUMBER_OF_PROCESSORS           1
20220308 014450.556 INFO             PET0  PASS  Example ESMF_ClockEx, ESMF_ClockEx.F90, line 220
20220308 014450.556 INFO             PET0 Finalizing ESMF
