build time -- 2022-03-05 01:13:56.906762
 Somewhat of a SILLY @$^@_ label
 Somewhat of a SILLY @$^@_ label
 finalCalculation               
 Somewhat of a SILLY @$^@_ label
 finalCalculation               
 Somewhat of a SILLY @$^@_ label
 finalCalculation               
 dummy output from attached method 
 dummy output from attached method 
 dummy output from attached method 
 finalCalculation               
  PASS  Example ESMF_AttachMethodsEx, ESMF_AttachMethodsEx.F90, line 292
  PASS  Example ESMF_AttachMethodsEx, ESMF_AttachMethodsEx.F90, line 292
  PASS  Example ESMF_AttachMethodsEx, ESMF_AttachMethodsEx.F90, line 292
 dummy output from attached method 
  PASS  Example ESMF_AttachMethodsEx, ESMF_AttachMethodsEx.F90, line 292
 PASS: ESMF_AttachMethodsEx.F90
 PASS: ESMF_AttachMethodsEx.F90
 PASS: ESMF_AttachMethodsEx.F90
 PASS: ESMF_AttachMethodsEx.F90
