build time -- 2022-03-25 00:22:27
20220325 012531.328 INFO             PET0 !!!!!!!!!!!!!!!!!!!!!!!!!!!!!!!!!!!!!!!!!!!!!!!!!!!!!!
20220325 012531.328 INFO             PET0 !!! THE ESMF_LOG IS SET TO OUTPUT ALL LOG MESSAGES !!!
20220325 012531.328 INFO             PET0 !!!     THIS MAY CAUSE SLOWDOWN IN PERFORMANCE     !!!
20220325 012531.328 INFO             PET0 !!! FOR PRODUCTION RUNS, USE:                      !!!
20220325 012531.328 INFO             PET0 !!!                   ESMF_LOGKIND_Multi_On_Error  !!!
20220325 012531.328 INFO             PET0 !!!!!!!!!!!!!!!!!!!!!!!!!!!!!!!!!!!!!!!!!!!!!!!!!!!!!!
20220325 012531.328 INFO             PET0 Running with ESMF Version   : v8.3.0b10-1-gffc7863d57
20220325 012531.328 INFO             PET0 ESMF library build date/time: "Mar 25 2022" "00:21:09"
20220325 012531.328 INFO             PET0 ESMF library build location : /lustre/f2/dev/ncep/Mark.Potts/gfortran_8.3.0_mpi_O_develop
20220325 012531.328 INFO             PET0 ESMF_COMM                   : mpi
20220325 012531.329 INFO             PET0 ESMF_MOAB                   : enabled
20220325 012531.329 INFO             PET0 ESMF_LAPACK                 : enabled
20220325 012531.329 INFO             PET0 ESMF_NETCDF                 : enabled
20220325 012531.329 INFO             PET0 ESMF_PNETCDF                : disabled
20220325 012531.329 INFO             PET0 ESMF_PIO                    : enabled
20220325 012531.329 INFO             PET0 ESMF_YAMLCPP                : enabled
20220325 012531.332 INFO             PET0  NUMBER_OF_PROCESSORS           1
20220325 012531.332 INFO             PET0  PASS  Example ESMF_TimeIntervalEx, ESMF_TimeIntervalEx.F90, line 176
20220325 012531.332 INFO             PET0 Finalizing ESMF
