build time -- 2022-03-19 00:33:38
20220319 014144.741 INFO             PET0 !!!!!!!!!!!!!!!!!!!!!!!!!!!!!!!!!!!!!!!!!!!!!!!!!!!!!!
20220319 014144.741 INFO             PET0 !!! THE ESMF_LOG IS SET TO OUTPUT ALL LOG MESSAGES !!!
20220319 014144.741 INFO             PET0 !!!     THIS MAY CAUSE SLOWDOWN IN PERFORMANCE     !!!
20220319 014144.741 INFO             PET0 !!! FOR PRODUCTION RUNS, USE:                      !!!
20220319 014144.741 INFO             PET0 !!!                   ESMF_LOGKIND_Multi_On_Error  !!!
20220319 014144.741 INFO             PET0 !!!!!!!!!!!!!!!!!!!!!!!!!!!!!!!!!!!!!!!!!!!!!!!!!!!!!!
20220319 014144.741 INFO             PET0 Running with ESMF Version   : v8.3.0b09-4-g424b2f26e0
20220319 014144.741 INFO             PET0 ESMF library build date/time: "Mar 19 2022" "00:32:00"
20220319 014144.741 INFO             PET0 ESMF library build location : /lustre/f2/dev/ncep/Mark.Potts/gfortran_8.3.0_mpi_O_develop
20220319 014144.741 INFO             PET0 ESMF_COMM                   : mpi
20220319 014144.742 INFO             PET0 ESMF_MOAB                   : enabled
20220319 014144.742 INFO             PET0 ESMF_LAPACK                 : enabled
20220319 014144.742 INFO             PET0 ESMF_NETCDF                 : enabled
20220319 014144.742 INFO             PET0 ESMF_PNETCDF                : disabled
20220319 014144.742 INFO             PET0 ESMF_PIO                    : enabled
20220319 014144.742 INFO             PET0 ESMF_YAMLCPP                : enabled
20220319 014144.744 INFO             PET0  NUMBER_OF_PROCESSORS           1
20220319 014144.744 INFO             PET0  PASS  Example CalendarEx, ESMF_CalendarEx.F90, line 217
20220319 014144.744 INFO             PET0 Finalizing ESMF
