build time -- 2022-03-27 00:21:13
20220327 012016.288 INFO             PET0 !!!!!!!!!!!!!!!!!!!!!!!!!!!!!!!!!!!!!!!!!!!!!!!!!!!!!!
20220327 012016.289 INFO             PET0 !!! THE ESMF_LOG IS SET TO OUTPUT ALL LOG MESSAGES !!!
20220327 012016.289 INFO             PET0 !!!     THIS MAY CAUSE SLOWDOWN IN PERFORMANCE     !!!
20220327 012016.289 INFO             PET0 !!! FOR PRODUCTION RUNS, USE:                      !!!
20220327 012016.289 INFO             PET0 !!!                   ESMF_LOGKIND_Multi_On_Error  !!!
20220327 012016.289 INFO             PET0 !!!!!!!!!!!!!!!!!!!!!!!!!!!!!!!!!!!!!!!!!!!!!!!!!!!!!!
20220327 012016.289 INFO             PET0 Running with ESMF Version   : v8.3.0b10-105-ga5295e34ae
20220327 012016.289 INFO             PET0 ESMF library build date/time: "Mar 27 2022" "00:19:54"
20220327 012016.289 INFO             PET0 ESMF library build location : /lustre/f2/dev/ncep/Mark.Potts/gfortran_8.3.0_mpi_O_develop
20220327 012016.289 INFO             PET0 ESMF_COMM                   : mpi
20220327 012016.290 INFO             PET0 ESMF_MOAB                   : enabled
20220327 012016.290 INFO             PET0 ESMF_LAPACK                 : enabled
20220327 012016.290 INFO             PET0 ESMF_NETCDF                 : enabled
20220327 012016.290 INFO             PET0 ESMF_PNETCDF                : disabled
20220327 012016.290 INFO             PET0 ESMF_PIO                    : enabled
20220327 012016.290 INFO             PET0 ESMF_YAMLCPP                : enabled
20220327 012016.351 INFO             PET0 ESMF_FieldRedistStoreNF(): Just entered routine.
20220327 012016.392 INFO             PET0 ESMF_FieldRedistStoreNF(): Leaving routine.
20220327 012016.419 INFO             PET0  NUMBER_OF_PROCESSORS           4
20220327 012016.419 INFO             PET0  PASS  Example ESMF_RHandleFromFileEx, ESMF_RHandleFromFileEx.F90, line 192
20220327 012016.419 INFO             PET0 Finalizing ESMF
20220327 012016.303 INFO             PET1 !!!!!!!!!!!!!!!!!!!!!!!!!!!!!!!!!!!!!!!!!!!!!!!!!!!!!!
20220327 012016.303 INFO             PET1 !!! THE ESMF_LOG IS SET TO OUTPUT ALL LOG MESSAGES !!!
20220327 012016.303 INFO             PET1 !!!     THIS MAY CAUSE SLOWDOWN IN PERFORMANCE     !!!
20220327 012016.303 INFO             PET1 !!! FOR PRODUCTION RUNS, USE:                      !!!
20220327 012016.303 INFO             PET1 !!!                   ESMF_LOGKIND_Multi_On_Error  !!!
20220327 012016.303 INFO             PET1 !!!!!!!!!!!!!!!!!!!!!!!!!!!!!!!!!!!!!!!!!!!!!!!!!!!!!!
20220327 012016.303 INFO             PET1 Running with ESMF Version   : v8.3.0b10-105-ga5295e34ae
20220327 012016.303 INFO             PET1 ESMF library build date/time: "Mar 27 2022" "00:19:54"
20220327 012016.303 INFO             PET1 ESMF library build location : /lustre/f2/dev/ncep/Mark.Potts/gfortran_8.3.0_mpi_O_develop
20220327 012016.303 INFO             PET1 ESMF_COMM                   : mpi
20220327 012016.303 INFO             PET1 ESMF_MOAB                   : enabled
20220327 012016.303 INFO             PET1 ESMF_LAPACK                 : enabled
20220327 012016.303 INFO             PET1 ESMF_NETCDF                 : enabled
20220327 012016.303 INFO             PET1 ESMF_PNETCDF                : disabled
20220327 012016.303 INFO             PET1 ESMF_PIO                    : enabled
20220327 012016.303 INFO             PET1 ESMF_YAMLCPP                : enabled
20220327 012016.351 INFO             PET1 ESMF_FieldRedistStoreNF(): Just entered routine.
20220327 012016.392 INFO             PET1 ESMF_FieldRedistStoreNF(): Leaving routine.
20220327 012016.419 INFO             PET1  NUMBER_OF_PROCESSORS           4
20220327 012016.419 INFO             PET1  PASS  Example ESMF_RHandleFromFileEx, ESMF_RHandleFromFileEx.F90, line 192
20220327 012016.419 INFO             PET1 Finalizing ESMF
20220327 012016.288 INFO             PET2 !!!!!!!!!!!!!!!!!!!!!!!!!!!!!!!!!!!!!!!!!!!!!!!!!!!!!!
20220327 012016.289 INFO             PET2 !!! THE ESMF_LOG IS SET TO OUTPUT ALL LOG MESSAGES !!!
20220327 012016.289 INFO             PET2 !!!     THIS MAY CAUSE SLOWDOWN IN PERFORMANCE     !!!
20220327 012016.289 INFO             PET2 !!! FOR PRODUCTION RUNS, USE:                      !!!
20220327 012016.289 INFO             PET2 !!!                   ESMF_LOGKIND_Multi_On_Error  !!!
20220327 012016.289 INFO             PET2 !!!!!!!!!!!!!!!!!!!!!!!!!!!!!!!!!!!!!!!!!!!!!!!!!!!!!!
20220327 012016.289 INFO             PET2 Running with ESMF Version   : v8.3.0b10-105-ga5295e34ae
20220327 012016.289 INFO             PET2 ESMF library build date/time: "Mar 27 2022" "00:19:54"
20220327 012016.289 INFO             PET2 ESMF library build location : /lustre/f2/dev/ncep/Mark.Potts/gfortran_8.3.0_mpi_O_develop
20220327 012016.289 INFO             PET2 ESMF_COMM                   : mpi
20220327 012016.290 INFO             PET2 ESMF_MOAB                   : enabled
20220327 012016.290 INFO             PET2 ESMF_LAPACK                 : enabled
20220327 012016.290 INFO             PET2 ESMF_NETCDF                 : enabled
20220327 012016.290 INFO             PET2 ESMF_PNETCDF                : disabled
20220327 012016.290 INFO             PET2 ESMF_PIO                    : enabled
20220327 012016.290 INFO             PET2 ESMF_YAMLCPP                : enabled
20220327 012016.351 INFO             PET2 ESMF_FieldRedistStoreNF(): Just entered routine.
20220327 012016.392 INFO             PET2 ESMF_FieldRedistStoreNF(): Leaving routine.
20220327 012016.419 INFO             PET2  NUMBER_OF_PROCESSORS           4
20220327 012016.419 INFO             PET2  PASS  Example ESMF_RHandleFromFileEx, ESMF_RHandleFromFileEx.F90, line 192
20220327 012016.419 INFO             PET2 Finalizing ESMF
20220327 012016.289 INFO             PET3 !!!!!!!!!!!!!!!!!!!!!!!!!!!!!!!!!!!!!!!!!!!!!!!!!!!!!!
20220327 012016.289 INFO             PET3 !!! THE ESMF_LOG IS SET TO OUTPUT ALL LOG MESSAGES !!!
20220327 012016.289 INFO             PET3 !!!     THIS MAY CAUSE SLOWDOWN IN PERFORMANCE     !!!
20220327 012016.289 INFO             PET3 !!! FOR PRODUCTION RUNS, USE:                      !!!
20220327 012016.289 INFO             PET3 !!!                   ESMF_LOGKIND_Multi_On_Error  !!!
20220327 012016.289 INFO             PET3 !!!!!!!!!!!!!!!!!!!!!!!!!!!!!!!!!!!!!!!!!!!!!!!!!!!!!!
20220327 012016.289 INFO             PET3 Running with ESMF Version   : v8.3.0b10-105-ga5295e34ae
20220327 012016.289 INFO             PET3 ESMF library build date/time: "Mar 27 2022" "00:19:54"
20220327 012016.289 INFO             PET3 ESMF library build location : /lustre/f2/dev/ncep/Mark.Potts/gfortran_8.3.0_mpi_O_develop
20220327 012016.289 INFO             PET3 ESMF_COMM                   : mpi
20220327 012016.290 INFO             PET3 ESMF_MOAB                   : enabled
20220327 012016.290 INFO             PET3 ESMF_LAPACK                 : enabled
20220327 012016.290 INFO             PET3 ESMF_NETCDF                 : enabled
20220327 012016.290 INFO             PET3 ESMF_PNETCDF                : disabled
20220327 012016.290 INFO             PET3 ESMF_PIO                    : enabled
20220327 012016.290 INFO             PET3 ESMF_YAMLCPP                : enabled
20220327 012016.351 INFO             PET3 ESMF_FieldRedistStoreNF(): Just entered routine.
20220327 012016.392 INFO             PET3 ESMF_FieldRedistStoreNF(): Leaving routine.
20220327 012016.419 INFO             PET3  NUMBER_OF_PROCESSORS           4
20220327 012016.419 INFO             PET3  PASS  Example ESMF_RHandleFromFileEx, ESMF_RHandleFromFileEx.F90, line 192
20220327 012016.419 INFO             PET3 Finalizing ESMF
