build time -- 2022-03-28 00:20:23
20220328 012835.359 INFO             PET0 !!!!!!!!!!!!!!!!!!!!!!!!!!!!!!!!!!!!!!!!!!!!!!!!!!!!!!
20220328 012835.361 INFO             PET0 !!! THE ESMF_LOG IS SET TO OUTPUT ALL LOG MESSAGES !!!
20220328 012835.361 INFO             PET0 !!!     THIS MAY CAUSE SLOWDOWN IN PERFORMANCE     !!!
20220328 012835.361 INFO             PET0 !!! FOR PRODUCTION RUNS, USE:                      !!!
20220328 012835.361 INFO             PET0 !!!                   ESMF_LOGKIND_Multi_On_Error  !!!
20220328 012835.361 INFO             PET0 !!!!!!!!!!!!!!!!!!!!!!!!!!!!!!!!!!!!!!!!!!!!!!!!!!!!!!
20220328 012835.361 INFO             PET0 Running with ESMF Version   : v8.3.0b10-105-ga5295e34ae
20220328 012835.361 INFO             PET0 ESMF library build date/time: "Mar 28 2022" "00:19:05"
20220328 012835.361 INFO             PET0 ESMF library build location : /lustre/f2/dev/ncep/Mark.Potts/gfortran_8.3.0_mpi_O_develop
20220328 012835.361 INFO             PET0 ESMF_COMM                   : mpi
20220328 012835.362 INFO             PET0 ESMF_MOAB                   : enabled
20220328 012835.362 INFO             PET0 ESMF_LAPACK                 : enabled
20220328 012835.362 INFO             PET0 ESMF_NETCDF                 : enabled
20220328 012835.362 INFO             PET0 ESMF_PNETCDF                : disabled
20220328 012835.362 INFO             PET0 ESMF_PIO                    : enabled
20220328 012835.362 INFO             PET0 ESMF_YAMLCPP                : enabled
20220328 012835.630 DEBUG            PET0 about to destroy Grid: 0x26e1000
20220328 012835.634 DEBUG            PET0 about to destroy Grid: 0x26e2770
20220328 012835.664 INFO             PET0  NUMBER_OF_PROCESSORS           4
20220328 012835.664 INFO             PET0  PASS  Example ESMF_NUOPCAtmModelEx, ESMF_NUOPCAtmModelEx.F90, line 806
20220328 012835.664 INFO             PET0 Finalizing ESMF
20220328 012835.359 INFO             PET1 !!!!!!!!!!!!!!!!!!!!!!!!!!!!!!!!!!!!!!!!!!!!!!!!!!!!!!
20220328 012835.361 INFO             PET1 !!! THE ESMF_LOG IS SET TO OUTPUT ALL LOG MESSAGES !!!
20220328 012835.361 INFO             PET1 !!!     THIS MAY CAUSE SLOWDOWN IN PERFORMANCE     !!!
20220328 012835.361 INFO             PET1 !!! FOR PRODUCTION RUNS, USE:                      !!!
20220328 012835.361 INFO             PET1 !!!                   ESMF_LOGKIND_Multi_On_Error  !!!
20220328 012835.361 INFO             PET1 !!!!!!!!!!!!!!!!!!!!!!!!!!!!!!!!!!!!!!!!!!!!!!!!!!!!!!
20220328 012835.361 INFO             PET1 Running with ESMF Version   : v8.3.0b10-105-ga5295e34ae
20220328 012835.361 INFO             PET1 ESMF library build date/time: "Mar 28 2022" "00:19:05"
20220328 012835.361 INFO             PET1 ESMF library build location : /lustre/f2/dev/ncep/Mark.Potts/gfortran_8.3.0_mpi_O_develop
20220328 012835.361 INFO             PET1 ESMF_COMM                   : mpi
20220328 012835.362 INFO             PET1 ESMF_MOAB                   : enabled
20220328 012835.362 INFO             PET1 ESMF_LAPACK                 : enabled
20220328 012835.362 INFO             PET1 ESMF_NETCDF                 : enabled
20220328 012835.362 INFO             PET1 ESMF_PNETCDF                : disabled
20220328 012835.362 INFO             PET1 ESMF_PIO                    : enabled
20220328 012835.362 INFO             PET1 ESMF_YAMLCPP                : enabled
20220328 012835.630 DEBUG            PET1 about to destroy Grid: 0x26de3e0
20220328 012835.634 DEBUG            PET1 about to destroy Grid: 0x26e0010
20220328 012835.664 INFO             PET1  NUMBER_OF_PROCESSORS           4
20220328 012835.664 INFO             PET1  PASS  Example ESMF_NUOPCAtmModelEx, ESMF_NUOPCAtmModelEx.F90, line 806
20220328 012835.664 INFO             PET1 Finalizing ESMF
20220328 012835.359 INFO             PET2 !!!!!!!!!!!!!!!!!!!!!!!!!!!!!!!!!!!!!!!!!!!!!!!!!!!!!!
20220328 012835.361 INFO             PET2 !!! THE ESMF_LOG IS SET TO OUTPUT ALL LOG MESSAGES !!!
20220328 012835.361 INFO             PET2 !!!     THIS MAY CAUSE SLOWDOWN IN PERFORMANCE     !!!
20220328 012835.361 INFO             PET2 !!! FOR PRODUCTION RUNS, USE:                      !!!
20220328 012835.361 INFO             PET2 !!!                   ESMF_LOGKIND_Multi_On_Error  !!!
20220328 012835.361 INFO             PET2 !!!!!!!!!!!!!!!!!!!!!!!!!!!!!!!!!!!!!!!!!!!!!!!!!!!!!!
20220328 012835.361 INFO             PET2 Running with ESMF Version   : v8.3.0b10-105-ga5295e34ae
20220328 012835.361 INFO             PET2 ESMF library build date/time: "Mar 28 2022" "00:19:05"
20220328 012835.361 INFO             PET2 ESMF library build location : /lustre/f2/dev/ncep/Mark.Potts/gfortran_8.3.0_mpi_O_develop
20220328 012835.361 INFO             PET2 ESMF_COMM                   : mpi
20220328 012835.362 INFO             PET2 ESMF_MOAB                   : enabled
20220328 012835.362 INFO             PET2 ESMF_LAPACK                 : enabled
20220328 012835.362 INFO             PET2 ESMF_NETCDF                 : enabled
20220328 012835.362 INFO             PET2 ESMF_PNETCDF                : disabled
20220328 012835.362 INFO             PET2 ESMF_PIO                    : enabled
20220328 012835.362 INFO             PET2 ESMF_YAMLCPP                : enabled
20220328 012835.630 DEBUG            PET2 about to destroy Grid: 0x26dd8f0
20220328 012835.634 DEBUG            PET2 about to destroy Grid: 0x26df3d0
20220328 012835.664 INFO             PET2  NUMBER_OF_PROCESSORS           4
20220328 012835.664 INFO             PET2  PASS  Example ESMF_NUOPCAtmModelEx, ESMF_NUOPCAtmModelEx.F90, line 806
20220328 012835.664 INFO             PET2 Finalizing ESMF
20220328 012835.366 INFO             PET3 !!!!!!!!!!!!!!!!!!!!!!!!!!!!!!!!!!!!!!!!!!!!!!!!!!!!!!
20220328 012835.366 INFO             PET3 !!! THE ESMF_LOG IS SET TO OUTPUT ALL LOG MESSAGES !!!
20220328 012835.366 INFO             PET3 !!!     THIS MAY CAUSE SLOWDOWN IN PERFORMANCE     !!!
20220328 012835.366 INFO             PET3 !!! FOR PRODUCTION RUNS, USE:                      !!!
20220328 012835.366 INFO             PET3 !!!                   ESMF_LOGKIND_Multi_On_Error  !!!
20220328 012835.366 INFO             PET3 !!!!!!!!!!!!!!!!!!!!!!!!!!!!!!!!!!!!!!!!!!!!!!!!!!!!!!
20220328 012835.366 INFO             PET3 Running with ESMF Version   : v8.3.0b10-105-ga5295e34ae
20220328 012835.366 INFO             PET3 ESMF library build date/time: "Mar 28 2022" "00:19:05"
20220328 012835.366 INFO             PET3 ESMF library build location : /lustre/f2/dev/ncep/Mark.Potts/gfortran_8.3.0_mpi_O_develop
20220328 012835.366 INFO             PET3 ESMF_COMM                   : mpi
20220328 012835.367 INFO             PET3 ESMF_MOAB                   : enabled
20220328 012835.367 INFO             PET3 ESMF_LAPACK                 : enabled
20220328 012835.367 INFO             PET3 ESMF_NETCDF                 : enabled
20220328 012835.367 INFO             PET3 ESMF_PNETCDF                : disabled
20220328 012835.367 INFO             PET3 ESMF_PIO                    : enabled
20220328 012835.367 INFO             PET3 ESMF_YAMLCPP                : enabled
20220328 012835.630 DEBUG            PET3 about to destroy Grid: 0x26ddde0
20220328 012835.634 DEBUG            PET3 about to destroy Grid: 0x26df840
20220328 012835.664 INFO             PET3  NUMBER_OF_PROCESSORS           4
20220328 012835.664 INFO             PET3  PASS  Example ESMF_NUOPCAtmModelEx, ESMF_NUOPCAtmModelEx.F90, line 806
20220328 012835.664 INFO             PET3 Finalizing ESMF
