build time -- 2022-03-25 00:35:58
20220325 015815.476 INFO             PET0 !!!!!!!!!!!!!!!!!!!!!!!!!!!!!!!!!!!!!!!!!!!!!!!!!!!!!!
20220325 015815.476 INFO             PET0 !!! THE ESMF_LOG IS SET TO OUTPUT ALL LOG MESSAGES !!!
20220325 015815.476 INFO             PET0 !!!     THIS MAY CAUSE SLOWDOWN IN PERFORMANCE     !!!
20220325 015815.476 INFO             PET0 !!! FOR PRODUCTION RUNS, USE:                      !!!
20220325 015815.476 INFO             PET0 !!!                   ESMF_LOGKIND_Multi_On_Error  !!!
20220325 015815.476 INFO             PET0 !!!!!!!!!!!!!!!!!!!!!!!!!!!!!!!!!!!!!!!!!!!!!!!!!!!!!!
20220325 015815.476 INFO             PET0 Running with ESMF Version   : v8.3.0b09-103-gbb860f29f6
20220325 015815.476 INFO             PET0 ESMF library build date/time: "Mar 25 2022" "00:34:25"
20220325 015815.476 INFO             PET0 ESMF library build location : /lustre/f2/dev/ncep/Mark.Potts/gfortran_8.3.0_mpi_g_jedwards_pio_update2
20220325 015815.476 INFO             PET0 ESMF_COMM                   : mpi
20220325 015815.477 INFO             PET0 ESMF_MOAB                   : enabled
20220325 015815.477 INFO             PET0 ESMF_LAPACK                 : enabled
20220325 015815.477 INFO             PET0 ESMF_NETCDF                 : enabled
20220325 015815.477 INFO             PET0 ESMF_PNETCDF                : disabled
20220325 015815.477 INFO             PET0 ESMF_PIO                    : enabled
20220325 015815.477 INFO             PET0 ESMF_YAMLCPP                : enabled
20220325 015815.493 INFO             PET0  NUMBER_OF_PROCESSORS           4
20220325 015815.493 INFO             PET0  PASS  Example ESMF_ArrayScatterGatherEx, ESMF_ArrayScatterGatherEx.F90, line 328
20220325 015815.493 INFO             PET0 Finalizing ESMF
20220325 015815.490 INFO             PET1 !!!!!!!!!!!!!!!!!!!!!!!!!!!!!!!!!!!!!!!!!!!!!!!!!!!!!!
20220325 015815.490 INFO             PET1 !!! THE ESMF_LOG IS SET TO OUTPUT ALL LOG MESSAGES !!!
20220325 015815.490 INFO             PET1 !!!     THIS MAY CAUSE SLOWDOWN IN PERFORMANCE     !!!
20220325 015815.490 INFO             PET1 !!! FOR PRODUCTION RUNS, USE:                      !!!
20220325 015815.490 INFO             PET1 !!!                   ESMF_LOGKIND_Multi_On_Error  !!!
20220325 015815.490 INFO             PET1 !!!!!!!!!!!!!!!!!!!!!!!!!!!!!!!!!!!!!!!!!!!!!!!!!!!!!!
20220325 015815.490 INFO             PET1 Running with ESMF Version   : v8.3.0b09-103-gbb860f29f6
20220325 015815.490 INFO             PET1 ESMF library build date/time: "Mar 25 2022" "00:34:25"
20220325 015815.490 INFO             PET1 ESMF library build location : /lustre/f2/dev/ncep/Mark.Potts/gfortran_8.3.0_mpi_g_jedwards_pio_update2
20220325 015815.490 INFO             PET1 ESMF_COMM                   : mpi
20220325 015815.491 INFO             PET1 ESMF_MOAB                   : enabled
20220325 015815.491 INFO             PET1 ESMF_LAPACK                 : enabled
20220325 015815.491 INFO             PET1 ESMF_NETCDF                 : enabled
20220325 015815.491 INFO             PET1 ESMF_PNETCDF                : disabled
20220325 015815.491 INFO             PET1 ESMF_PIO                    : enabled
20220325 015815.491 INFO             PET1 ESMF_YAMLCPP                : enabled
20220325 015815.493 INFO             PET1  NUMBER_OF_PROCESSORS           4
20220325 015815.493 INFO             PET1  PASS  Example ESMF_ArrayScatterGatherEx, ESMF_ArrayScatterGatherEx.F90, line 328
20220325 015815.493 INFO             PET1 Finalizing ESMF
20220325 015815.480 INFO             PET2 !!!!!!!!!!!!!!!!!!!!!!!!!!!!!!!!!!!!!!!!!!!!!!!!!!!!!!
20220325 015815.480 INFO             PET2 !!! THE ESMF_LOG IS SET TO OUTPUT ALL LOG MESSAGES !!!
20220325 015815.480 INFO             PET2 !!!     THIS MAY CAUSE SLOWDOWN IN PERFORMANCE     !!!
20220325 015815.480 INFO             PET2 !!! FOR PRODUCTION RUNS, USE:                      !!!
20220325 015815.480 INFO             PET2 !!!                   ESMF_LOGKIND_Multi_On_Error  !!!
20220325 015815.480 INFO             PET2 !!!!!!!!!!!!!!!!!!!!!!!!!!!!!!!!!!!!!!!!!!!!!!!!!!!!!!
20220325 015815.480 INFO             PET2 Running with ESMF Version   : v8.3.0b09-103-gbb860f29f6
20220325 015815.480 INFO             PET2 ESMF library build date/time: "Mar 25 2022" "00:34:25"
20220325 015815.480 INFO             PET2 ESMF library build location : /lustre/f2/dev/ncep/Mark.Potts/gfortran_8.3.0_mpi_g_jedwards_pio_update2
20220325 015815.480 INFO             PET2 ESMF_COMM                   : mpi
20220325 015815.480 INFO             PET2 ESMF_MOAB                   : enabled
20220325 015815.480 INFO             PET2 ESMF_LAPACK                 : enabled
20220325 015815.480 INFO             PET2 ESMF_NETCDF                 : enabled
20220325 015815.480 INFO             PET2 ESMF_PNETCDF                : disabled
20220325 015815.480 INFO             PET2 ESMF_PIO                    : enabled
20220325 015815.480 INFO             PET2 ESMF_YAMLCPP                : enabled
20220325 015815.493 INFO             PET2  NUMBER_OF_PROCESSORS           4
20220325 015815.493 INFO             PET2  PASS  Example ESMF_ArrayScatterGatherEx, ESMF_ArrayScatterGatherEx.F90, line 328
20220325 015815.493 INFO             PET2 Finalizing ESMF
20220325 015815.477 INFO             PET3 !!!!!!!!!!!!!!!!!!!!!!!!!!!!!!!!!!!!!!!!!!!!!!!!!!!!!!
20220325 015815.477 INFO             PET3 !!! THE ESMF_LOG IS SET TO OUTPUT ALL LOG MESSAGES !!!
20220325 015815.477 INFO             PET3 !!!     THIS MAY CAUSE SLOWDOWN IN PERFORMANCE     !!!
20220325 015815.477 INFO             PET3 !!! FOR PRODUCTION RUNS, USE:                      !!!
20220325 015815.477 INFO             PET3 !!!                   ESMF_LOGKIND_Multi_On_Error  !!!
20220325 015815.477 INFO             PET3 !!!!!!!!!!!!!!!!!!!!!!!!!!!!!!!!!!!!!!!!!!!!!!!!!!!!!!
20220325 015815.477 INFO             PET3 Running with ESMF Version   : v8.3.0b09-103-gbb860f29f6
20220325 015815.477 INFO             PET3 ESMF library build date/time: "Mar 25 2022" "00:34:25"
20220325 015815.477 INFO             PET3 ESMF library build location : /lustre/f2/dev/ncep/Mark.Potts/gfortran_8.3.0_mpi_g_jedwards_pio_update2
20220325 015815.477 INFO             PET3 ESMF_COMM                   : mpi
20220325 015815.477 INFO             PET3 ESMF_MOAB                   : enabled
20220325 015815.477 INFO             PET3 ESMF_LAPACK                 : enabled
20220325 015815.477 INFO             PET3 ESMF_NETCDF                 : enabled
20220325 015815.477 INFO             PET3 ESMF_PNETCDF                : disabled
20220325 015815.477 INFO             PET3 ESMF_PIO                    : enabled
20220325 015815.477 INFO             PET3 ESMF_YAMLCPP                : enabled
20220325 015815.493 INFO             PET3  NUMBER_OF_PROCESSORS           4
20220325 015815.493 INFO             PET3  PASS  Example ESMF_ArrayScatterGatherEx, ESMF_ArrayScatterGatherEx.F90, line 328
20220325 015815.493 INFO             PET3 Finalizing ESMF
