build time -- 2022-03-09 23:51:54
20220310 012144.762 INFO             PET0 !!!!!!!!!!!!!!!!!!!!!!!!!!!!!!!!!!!!!!!!!!!!!!!!!!!!!!
20220310 012144.763 INFO             PET0 !!! THE ESMF_LOG IS SET TO OUTPUT ALL LOG MESSAGES !!!
20220310 012144.763 INFO             PET0 !!!     THIS MAY CAUSE SLOWDOWN IN PERFORMANCE     !!!
20220310 012144.763 INFO             PET0 !!! FOR PRODUCTION RUNS, USE:                      !!!
20220310 012144.764 INFO             PET0 !!!                   ESMF_LOGKIND_Multi_On_Error  !!!
20220310 012144.764 INFO             PET0 !!!!!!!!!!!!!!!!!!!!!!!!!!!!!!!!!!!!!!!!!!!!!!!!!!!!!!
20220310 012144.764 INFO             PET0 Running with ESMF Version   : v8.3.0b09-93-ga567ee5dcd
20220310 012144.764 INFO             PET0 ESMF library build date/time: "Mar  9 2022" "23:50:06"
20220310 012144.764 INFO             PET0 ESMF library build location : /lustre/f2/dev/ncep/Mark.Potts/gfortran_8.3.0_mpi_g_jedwards_pio_update2
20220310 012144.764 INFO             PET0 ESMF_COMM                   : mpi
20220310 012144.765 INFO             PET0 ESMF_MOAB                   : enabled
20220310 012144.765 INFO             PET0 ESMF_LAPACK                 : enabled
20220310 012144.765 INFO             PET0 ESMF_NETCDF                 : enabled
20220310 012144.765 INFO             PET0 ESMF_PNETCDF                : disabled
20220310 012144.765 INFO             PET0 ESMF_PIO                    : enabled
20220310 012144.765 INFO             PET0 ESMF_YAMLCPP                : enabled
20220310 012144.768 INFO             PET0  NUMBER_OF_PROCESSORS           1
20220310 012144.768 INFO             PET0  PASS  Example ESMF_ClockEx, ESMF_ClockEx.F90, line 220
20220310 012144.768 INFO             PET0 Finalizing ESMF
20220310 012144.769 INFO             PET0 ESMCI_IO_Handler.C:331 ESMCI::IO_Handler::finalize() 
20220310 012144.770 INFO             PET0 ESMCI_PIO_Handler.C:361 ESMCI::PIO_Handler::finalize() 
20220310 012144.771 INFO             PET0 ESMCI_IO_Handler.C:333 ESMCI::IO_Handler::finalize() after finalize, localrc = 0
20220310 012144.771 INFO             PET0 ESMCI_IO_Handler.C:356 ESMCI::IO_Handler::finalize() before return, localrc = 0
