build time -- 2022-03-09 23:51:54
20220310 012523.168 INFO             PET0 !!!!!!!!!!!!!!!!!!!!!!!!!!!!!!!!!!!!!!!!!!!!!!!!!!!!!!
20220310 012523.169 INFO             PET0 !!! THE ESMF_LOG IS SET TO OUTPUT ALL LOG MESSAGES !!!
20220310 012523.169 INFO             PET0 !!!     THIS MAY CAUSE SLOWDOWN IN PERFORMANCE     !!!
20220310 012523.169 INFO             PET0 !!! FOR PRODUCTION RUNS, USE:                      !!!
20220310 012523.169 INFO             PET0 !!!                   ESMF_LOGKIND_Multi_On_Error  !!!
20220310 012523.169 INFO             PET0 !!!!!!!!!!!!!!!!!!!!!!!!!!!!!!!!!!!!!!!!!!!!!!!!!!!!!!
20220310 012523.169 INFO             PET0 Running with ESMF Version   : v8.3.0b09-93-ga567ee5dcd
20220310 012523.169 INFO             PET0 ESMF library build date/time: "Mar  9 2022" "23:50:06"
20220310 012523.169 INFO             PET0 ESMF library build location : /lustre/f2/dev/ncep/Mark.Potts/gfortran_8.3.0_mpi_g_jedwards_pio_update2
20220310 012523.169 INFO             PET0 ESMF_COMM                   : mpi
20220310 012523.169 INFO             PET0 ESMF_MOAB                   : enabled
20220310 012523.169 INFO             PET0 ESMF_LAPACK                 : enabled
20220310 012523.169 INFO             PET0 ESMF_NETCDF                 : enabled
20220310 012523.169 INFO             PET0 ESMF_PNETCDF                : disabled
20220310 012523.169 INFO             PET0 ESMF_PIO                    : enabled
20220310 012523.169 INFO             PET0 ESMF_YAMLCPP                : enabled
20220310 012523.372 DEBUG            PET0 about to destroy Grid: 0x34f0c50
20220310 012523.382 DEBUG            PET0 about to destroy Grid: 0x34f3250
20220310 012523.408 INFO             PET0  NUMBER_OF_PROCESSORS           4
20220310 012523.408 INFO             PET0  PASS  Example ESMF_NUOPCAtmModelEx, ESMF_NUOPCAtmModelEx.F90, line 806
20220310 012523.408 INFO             PET0 Finalizing ESMF
20220310 012523.408 INFO             PET0 ESMCI_IO_Handler.C:331 ESMCI::IO_Handler::finalize() 
20220310 012523.408 INFO             PET0 ESMCI_PIO_Handler.C:361 ESMCI::PIO_Handler::finalize() 
20220310 012523.408 INFO             PET0 ESMCI_IO_Handler.C:333 ESMCI::IO_Handler::finalize() after finalize, localrc = 0
20220310 012523.408 INFO             PET0 ESMCI_IO_Handler.C:356 ESMCI::IO_Handler::finalize() before return, localrc = 0
20220310 012523.186 INFO             PET1 !!!!!!!!!!!!!!!!!!!!!!!!!!!!!!!!!!!!!!!!!!!!!!!!!!!!!!
20220310 012523.186 INFO             PET1 !!! THE ESMF_LOG IS SET TO OUTPUT ALL LOG MESSAGES !!!
20220310 012523.186 INFO             PET1 !!!     THIS MAY CAUSE SLOWDOWN IN PERFORMANCE     !!!
20220310 012523.186 INFO             PET1 !!! FOR PRODUCTION RUNS, USE:                      !!!
20220310 012523.186 INFO             PET1 !!!                   ESMF_LOGKIND_Multi_On_Error  !!!
20220310 012523.186 INFO             PET1 !!!!!!!!!!!!!!!!!!!!!!!!!!!!!!!!!!!!!!!!!!!!!!!!!!!!!!
20220310 012523.186 INFO             PET1 Running with ESMF Version   : v8.3.0b09-93-ga567ee5dcd
20220310 012523.186 INFO             PET1 ESMF library build date/time: "Mar  9 2022" "23:50:06"
20220310 012523.186 INFO             PET1 ESMF library build location : /lustre/f2/dev/ncep/Mark.Potts/gfortran_8.3.0_mpi_g_jedwards_pio_update2
20220310 012523.186 INFO             PET1 ESMF_COMM                   : mpi
20220310 012523.187 INFO             PET1 ESMF_MOAB                   : enabled
20220310 012523.187 INFO             PET1 ESMF_LAPACK                 : enabled
20220310 012523.187 INFO             PET1 ESMF_NETCDF                 : enabled
20220310 012523.187 INFO             PET1 ESMF_PNETCDF                : disabled
20220310 012523.187 INFO             PET1 ESMF_PIO                    : enabled
20220310 012523.187 INFO             PET1 ESMF_YAMLCPP                : enabled
20220310 012523.372 DEBUG            PET1 about to destroy Grid: 0x34ed830
20220310 012523.382 DEBUG            PET1 about to destroy Grid: 0x34efb60
20220310 012523.408 INFO             PET1  NUMBER_OF_PROCESSORS           4
20220310 012523.408 INFO             PET1  PASS  Example ESMF_NUOPCAtmModelEx, ESMF_NUOPCAtmModelEx.F90, line 806
20220310 012523.408 INFO             PET1 Finalizing ESMF
20220310 012523.408 INFO             PET1 ESMCI_IO_Handler.C:331 ESMCI::IO_Handler::finalize() 
20220310 012523.408 INFO             PET1 ESMCI_PIO_Handler.C:361 ESMCI::PIO_Handler::finalize() 
20220310 012523.408 INFO             PET1 ESMCI_IO_Handler.C:333 ESMCI::IO_Handler::finalize() after finalize, localrc = 0
20220310 012523.408 INFO             PET1 ESMCI_IO_Handler.C:356 ESMCI::IO_Handler::finalize() before return, localrc = 0
20220310 012523.175 INFO             PET2 !!!!!!!!!!!!!!!!!!!!!!!!!!!!!!!!!!!!!!!!!!!!!!!!!!!!!!
20220310 012523.175 INFO             PET2 !!! THE ESMF_LOG IS SET TO OUTPUT ALL LOG MESSAGES !!!
20220310 012523.175 INFO             PET2 !!!     THIS MAY CAUSE SLOWDOWN IN PERFORMANCE     !!!
20220310 012523.175 INFO             PET2 !!! FOR PRODUCTION RUNS, USE:                      !!!
20220310 012523.175 INFO             PET2 !!!                   ESMF_LOGKIND_Multi_On_Error  !!!
20220310 012523.175 INFO             PET2 !!!!!!!!!!!!!!!!!!!!!!!!!!!!!!!!!!!!!!!!!!!!!!!!!!!!!!
20220310 012523.175 INFO             PET2 Running with ESMF Version   : v8.3.0b09-93-ga567ee5dcd
20220310 012523.175 INFO             PET2 ESMF library build date/time: "Mar  9 2022" "23:50:06"
20220310 012523.175 INFO             PET2 ESMF library build location : /lustre/f2/dev/ncep/Mark.Potts/gfortran_8.3.0_mpi_g_jedwards_pio_update2
20220310 012523.175 INFO             PET2 ESMF_COMM                   : mpi
20220310 012523.176 INFO             PET2 ESMF_MOAB                   : enabled
20220310 012523.176 INFO             PET2 ESMF_LAPACK                 : enabled
20220310 012523.176 INFO             PET2 ESMF_NETCDF                 : enabled
20220310 012523.176 INFO             PET2 ESMF_PNETCDF                : disabled
20220310 012523.176 INFO             PET2 ESMF_PIO                    : enabled
20220310 012523.176 INFO             PET2 ESMF_YAMLCPP                : enabled
20220310 012523.372 DEBUG            PET2 about to destroy Grid: 0x34edb60
20220310 012523.382 DEBUG            PET2 about to destroy Grid: 0x34ef730
20220310 012523.408 INFO             PET2  NUMBER_OF_PROCESSORS           4
20220310 012523.408 INFO             PET2  PASS  Example ESMF_NUOPCAtmModelEx, ESMF_NUOPCAtmModelEx.F90, line 806
20220310 012523.408 INFO             PET2 Finalizing ESMF
20220310 012523.408 INFO             PET2 ESMCI_IO_Handler.C:331 ESMCI::IO_Handler::finalize() 
20220310 012523.408 INFO             PET2 ESMCI_PIO_Handler.C:361 ESMCI::PIO_Handler::finalize() 
20220310 012523.408 INFO             PET2 ESMCI_IO_Handler.C:333 ESMCI::IO_Handler::finalize() after finalize, localrc = 0
20220310 012523.408 INFO             PET2 ESMCI_IO_Handler.C:356 ESMCI::IO_Handler::finalize() before return, localrc = 0
20220310 012523.215 INFO             PET3 !!!!!!!!!!!!!!!!!!!!!!!!!!!!!!!!!!!!!!!!!!!!!!!!!!!!!!
20220310 012523.215 INFO             PET3 !!! THE ESMF_LOG IS SET TO OUTPUT ALL LOG MESSAGES !!!
20220310 012523.215 INFO             PET3 !!!     THIS MAY CAUSE SLOWDOWN IN PERFORMANCE     !!!
20220310 012523.215 INFO             PET3 !!! FOR PRODUCTION RUNS, USE:                      !!!
20220310 012523.215 INFO             PET3 !!!                   ESMF_LOGKIND_Multi_On_Error  !!!
20220310 012523.215 INFO             PET3 !!!!!!!!!!!!!!!!!!!!!!!!!!!!!!!!!!!!!!!!!!!!!!!!!!!!!!
20220310 012523.215 INFO             PET3 Running with ESMF Version   : v8.3.0b09-93-ga567ee5dcd
20220310 012523.215 INFO             PET3 ESMF library build date/time: "Mar  9 2022" "23:50:06"
20220310 012523.215 INFO             PET3 ESMF library build location : /lustre/f2/dev/ncep/Mark.Potts/gfortran_8.3.0_mpi_g_jedwards_pio_update2
20220310 012523.215 INFO             PET3 ESMF_COMM                   : mpi
20220310 012523.216 INFO             PET3 ESMF_MOAB                   : enabled
20220310 012523.216 INFO             PET3 ESMF_LAPACK                 : enabled
20220310 012523.216 INFO             PET3 ESMF_NETCDF                 : enabled
20220310 012523.216 INFO             PET3 ESMF_PNETCDF                : disabled
20220310 012523.216 INFO             PET3 ESMF_PIO                    : enabled
20220310 012523.216 INFO             PET3 ESMF_YAMLCPP                : enabled
20220310 012523.372 DEBUG            PET3 about to destroy Grid: 0x34eced0
20220310 012523.382 DEBUG            PET3 about to destroy Grid: 0x34ef200
20220310 012523.408 INFO             PET3  NUMBER_OF_PROCESSORS           4
20220310 012523.408 INFO             PET3  PASS  Example ESMF_NUOPCAtmModelEx, ESMF_NUOPCAtmModelEx.F90, line 806
20220310 012523.408 INFO             PET3 Finalizing ESMF
20220310 012523.408 INFO             PET3 ESMCI_IO_Handler.C:331 ESMCI::IO_Handler::finalize() 
20220310 012523.408 INFO             PET3 ESMCI_PIO_Handler.C:361 ESMCI::PIO_Handler::finalize() 
20220310 012523.408 INFO             PET3 ESMCI_IO_Handler.C:333 ESMCI::IO_Handler::finalize() after finalize, localrc = 0
20220310 012523.408 INFO             PET3 ESMCI_IO_Handler.C:356 ESMCI::IO_Handler::finalize() before return, localrc = 0
