build time -- 2022-03-06 23:54:59
20220307 013227.709 INFO             PET0 !!!!!!!!!!!!!!!!!!!!!!!!!!!!!!!!!!!!!!!!!!!!!!!!!!!!!!
20220307 013227.711 INFO             PET0 !!! THE ESMF_LOG IS SET TO OUTPUT ALL LOG MESSAGES !!!
20220307 013227.711 INFO             PET0 !!!     THIS MAY CAUSE SLOWDOWN IN PERFORMANCE     !!!
20220307 013227.711 INFO             PET0 !!! FOR PRODUCTION RUNS, USE:                      !!!
20220307 013227.711 INFO             PET0 !!!                   ESMF_LOGKIND_Multi_On_Error  !!!
20220307 013227.711 INFO             PET0 !!!!!!!!!!!!!!!!!!!!!!!!!!!!!!!!!!!!!!!!!!!!!!!!!!!!!!
20220307 013227.711 INFO             PET0 Running with ESMF Version   : v8.3.0b08-90-g763a12848c
20220307 013227.711 INFO             PET0 ESMF library build date/time: "Mar  6 2022" "23:53:02"
20220307 013227.711 INFO             PET0 ESMF library build location : /lustre/f2/dev/ncep/Mark.Potts/gfortran_8.3.0_mpi_g_jedwards_pio_update2
20220307 013227.711 INFO             PET0 ESMF_COMM                   : mpi
20220307 013227.713 INFO             PET0 ESMF_MOAB                   : enabled
20220307 013227.713 INFO             PET0 ESMF_LAPACK                 : enabled
20220307 013227.713 INFO             PET0 ESMF_NETCDF                 : enabled
20220307 013227.713 INFO             PET0 ESMF_PNETCDF                : disabled
20220307 013227.713 INFO             PET0 ESMF_PIO                    : enabled
20220307 013227.713 INFO             PET0 ESMF_YAMLCPP                : enabled
20220307 013227.717 INFO             PET0  NUMBER_OF_PROCESSORS           1
20220307 013227.717 INFO             PET0  PASS  Example CalendarEx, ESMF_CalendarEx.F90, line 217
20220307 013227.717 INFO             PET0 Finalizing ESMF
20220307 013227.718 INFO             PET0 ESMCI_IO_Handler.C:331 ESMCI::IO_Handler::finalize() 
20220307 013227.719 INFO             PET0 ESMCI_PIO_Handler.C:361 ESMCI::PIO_Handler::finalize() 
20220307 013227.720 INFO             PET0 ESMCI_IO_Handler.C:333 ESMCI::IO_Handler::finalize() after finalize, localrc = 0
20220307 013227.720 INFO             PET0 ESMCI_IO_Handler.C:356 ESMCI::IO_Handler::finalize() before return, localrc = 0
