build time -- 2022-03-10 23:45:50
srun: Job 268982092 step creation temporarily disabled, retrying (Requested nodes are busy)
srun: Step created for job 268982092
 localSum=   12345.600000000009     
 localSum=   12345.600000000009     
 localSum=   12345.600000000009     
 localSum=   12345.600000000009     
 localSum=   987.64800000000002     
 localSum=   987.64800000000002     
 localSum=   3654.3119999999990     
 localSum=   987.64800000000002     
 localSum=   3654.3119999999990     
 localSum=   3654.3119999999990     
  PASS  Example ESMF_ArrayLarrayEx, ESMF_ArrayLarrayEx.F90, line 325
  PASS  Example ESMF_ArrayLarrayEx, ESMF_ArrayLarrayEx.F90, line 325
  PASS  Example ESMF_ArrayLarrayEx, ESMF_ArrayLarrayEx.F90, line 325
 localSum=   987.64800000000002     
 localSum=   3654.3119999999990     
  PASS  Example ESMF_ArrayLarrayEx, ESMF_ArrayLarrayEx.F90, line 325
 PASS: ESMF_ArrayLarrayEx.F90
 PASS: ESMF_ArrayLarrayEx.F90
 PASS: ESMF_ArrayLarrayEx.F90
 PASS: ESMF_ArrayLarrayEx.F90
