build time -- 2022-03-06 23:54:59
 sumA =   0.700000048    
 sumB =   0.699999988    
 sumC =   0.900000036    
 sumD =   0.900000036    
 sumE =   0.899999976    
 result SRCSEQ#1 =   0.700000048      expect:   0.700000048    

Program received signal SIGSEGV: Segmentation fault - invalid memory reference.

Backtrace for this error:

Program received signal SIGSEGV: Segmentation fault - invalid memory reference.

Backtrace for this error:

Program received signal SIGSEGV: Segmentation fault - invalid memory reference.

Backtrace for this error:

Program received signal SIGSEGV: Segmentation fault - invalid memory reference.

Backtrace for this error:
#0  0x1c58f4f in ???
	at /home/abuild/rpmbuild/BUILD/glibc-2.26/nptl/../sysdeps/unix/sysv/linux/x86_64/sigaction.c:0
#0  0x1c58f4f in ???
	at /home/abuild/rpmbuild/BUILD/glibc-2.26/nptl/../sysdeps/unix/sysv/linux/x86_64/sigaction.c:0
#0  0x1c58f4f in ???
	at /home/abuild/rpmbuild/BUILD/glibc-2.26/nptl/../sysdeps/unix/sysv/linux/x86_64/sigaction.c:0
#0  0x1c58f4f in ???
	at /home/abuild/rpmbuild/BUILD/glibc-2.26/nptl/../sysdeps/unix/sysv/linux/x86_64/sigaction.c:0
#1  0x5ed0a7 in _ZN5ESMCI6LogErr13MsgFoundErrorEiPKciS2_S2_Pi
	at /lustre/f2/dev/ncep/Mark.Potts/gfortran_8.3.0_mpi_g_jedwards_pio_update2/src/Infrastructure/LogErr/src/ESMCI_LogErr.C:586
#1  0x5ed0a7 in _ZN5ESMCI6LogErr13MsgFoundErrorEiPKciS2_S2_Pi
	at /lustre/f2/dev/ncep/Mark.Potts/gfortran_8.3.0_mpi_g_jedwards_pio_update2/src/Infrastructure/LogErr/src/ESMCI_LogErr.C:586
#1  0x5ed0a7 in _ZN5ESMCI6LogErr13MsgFoundErrorEiPKciS2_S2_Pi
	at /lustre/f2/dev/ncep/Mark.Potts/gfortran_8.3.0_mpi_g_jedwards_pio_update2/src/Infrastructure/LogErr/src/ESMCI_LogErr.C:586
#1  0x5ed0a7 in _ZN5ESMCI6LogErr13MsgFoundErrorEiPKciS2_S2_Pi
	at /lustre/f2/dev/ncep/Mark.Potts/gfortran_8.3.0_mpi_g_jedwards_pio_update2/src/Infrastructure/LogErr/src/ESMCI_LogErr.C:586
#2  0x10737a7 in _ZN5ESMCI2IO5writeERKNSt7__cxx1112basic_stringIcSt11char_traitsIcESaIcEEE15ESMC_IOFmt_Flagb20ESMC_FileStatus_FlagPi
	at /lustre/f2/dev/ncep/Mark.Potts/gfortran_8.3.0_mpi_g_jedwards_pio_update2/src/Infrastructure/IO/src/ESMCI_IO.C:464
#2  0x10737a7 in _ZN5ESMCI2IO5writeERKNSt7__cxx1112basic_stringIcSt11char_traitsIcESaIcEEE15ESMC_IOFmt_Flagb20ESMC_FileStatus_FlagPi
	at /lustre/f2/dev/ncep/Mark.Potts/gfortran_8.3.0_mpi_g_jedwards_pio_update2/src/Infrastructure/IO/src/ESMCI_IO.C:464
#2  0x10737a7 in _ZN5ESMCI2IO5writeERKNSt7__cxx1112basic_stringIcSt11char_traitsIcESaIcEEE15ESMC_IOFmt_Flagb20ESMC_FileStatus_FlagPi
	at /lustre/f2/dev/ncep/Mark.Potts/gfortran_8.3.0_mpi_g_jedwards_pio_update2/src/Infrastructure/IO/src/ESMCI_IO.C:464
#2  0x10737a7 in _ZN5ESMCI2IO5writeERKNSt7__cxx1112basic_stringIcSt11char_traitsIcESaIcEEE15ESMC_IOFmt_Flagb20ESMC_FileStatus_FlagPi
	at /lustre/f2/dev/ncep/Mark.Potts/gfortran_8.3.0_mpi_g_jedwards_pio_update2/src/Infrastructure/IO/src/ESMCI_IO.C:464
#3  0x9c4a6a in _ZN5ESMCI5Array5writeERKNSt7__cxx1112basic_stringIcSt11char_traitsIcESaIcEEES8_S8_S8_PbP20ESMC_FileStatus_FlagPiP15ESMC_IOFmt_Flag
	at /lustre/f2/dev/ncep/Mark.Potts/gfortran_8.3.0_mpi_g_jedwards_pio_update2/src/Infrastructure/Array/src/ESMCI_Array.C:4091
#3  0x9c4a6a in _ZN5ESMCI5Array5writeERKNSt7__cxx1112basic_stringIcSt11char_traitsIcESaIcEEES8_S8_S8_PbP20ESMC_FileStatus_FlagPiP15ESMC_IOFmt_Flag
	at /lustre/f2/dev/ncep/Mark.Potts/gfortran_8.3.0_mpi_g_jedwards_pio_update2/src/Infrastructure/Array/src/ESMCI_Array.C:4091
#3  0x9c4a6a in _ZN5ESMCI5Array5writeERKNSt7__cxx1112basic_stringIcSt11char_traitsIcESaIcEEES8_S8_S8_PbP20ESMC_FileStatus_FlagPiP15ESMC_IOFmt_Flag
	at /lustre/f2/dev/ncep/Mark.Potts/gfortran_8.3.0_mpi_g_jedwards_pio_update2/src/Infrastructure/Array/src/ESMCI_Array.C:4091
#3  0x9c4a6a in _ZN5ESMCI5Array5writeERKNSt7__cxx1112basic_stringIcSt11char_traitsIcESaIcEEES8_S8_S8_PbP20ESMC_FileStatus_FlagPiP15ESMC_IOFmt_Flag
	at /lustre/f2/dev/ncep/Mark.Potts/gfortran_8.3.0_mpi_g_jedwards_pio_update2/src/Infrastructure/Array/src/ESMCI_Array.C:4091
#4  0x9211b6 in _ZNK5ESMCI11RouteHandle5printEv
	at /lustre/f2/dev/ncep/Mark.Potts/gfortran_8.3.0_mpi_g_jedwards_pio_update2/src/Infrastructure/Route/src/ESMCI_RHandle.C:938
#4  0x9211b6 in _ZNK5ESMCI11RouteHandle5printEv
	at /lustre/f2/dev/ncep/Mark.Potts/gfortran_8.3.0_mpi_g_jedwards_pio_update2/src/Infrastructure/Route/src/ESMCI_RHandle.C:938
#4  0x9211b6 in _ZNK5ESMCI11RouteHandle5printEv
	at /lustre/f2/dev/ncep/Mark.Potts/gfortran_8.3.0_mpi_g_jedwards_pio_update2/src/Infrastructure/Route/src/ESMCI_RHandle.C:938
#4  0x9211b6 in _ZNK5ESMCI11RouteHandle5printEv
	at /lustre/f2/dev/ncep/Mark.Potts/gfortran_8.3.0_mpi_g_jedwards_pio_update2/src/Infrastructure/Route/src/ESMCI_RHandle.C:938
#5  0x5ea6b6 in c_esmc_routehandleprint_
	at /lustre/f2/dev/ncep/Mark.Potts/gfortran_8.3.0_mpi_g_jedwards_pio_update2/src/Infrastructure/Route/interface/ESMCI_RHandle_F.C:209
#5  0x5ea6b6 in c_esmc_routehandleprint_
	at /lustre/f2/dev/ncep/Mark.Potts/gfortran_8.3.0_mpi_g_jedwards_pio_update2/src/Infrastructure/Route/interface/ESMCI_RHandle_F.C:209
#5  0x5ea6b6 in c_esmc_routehandleprint_
	at /lustre/f2/dev/ncep/Mark.Potts/gfortran_8.3.0_mpi_g_jedwards_pio_update2/src/Infrastructure/Route/interface/ESMCI_RHandle_F.C:209
#6  0x44fd0d in __esmf_rhandlemod_MOD_esmf_routehandleprint
	at /lustre/f2/dev/ncep/Mark.Potts/gfortran_8.3.0_mpi_g_jedwards_pio_update2/src/Infrastructure/Route/interface/ESMF_RHandle.F90:1152
#6  0x44fd0d in __esmf_rhandlemod_MOD_esmf_routehandleprint
	at /lustre/f2/dev/ncep/Mark.Potts/gfortran_8.3.0_mpi_g_jedwards_pio_update2/src/Infrastructure/Route/interface/ESMF_RHandle.F90:1152
#5  0x5ea6b6 in c_esmc_routehandleprint_
	at /lustre/f2/dev/ncep/Mark.Potts/gfortran_8.3.0_mpi_g_jedwards_pio_update2/src/Infrastructure/Route/interface/ESMCI_RHandle_F.C:209
#6  0x44fd0d in __esmf_rhandlemod_MOD_esmf_routehandleprint
	at /lustre/f2/dev/ncep/Mark.Potts/gfortran_8.3.0_mpi_g_jedwards_pio_update2/src/Infrastructure/Route/interface/ESMF_RHandle.F90:1152
#7  0x409744 in esmf_rhandlebitforbitex
	at /lustre/f2/dev/ncep/Mark.Potts/gfortran_8.3.0_mpi_g_jedwards_pio_update2/src/Infrastructure/Route/examples/ESMF_RHandleBitForBitEx.F90:467
#7  0x409744 in esmf_rhandlebitforbitex
	at /lustre/f2/dev/ncep/Mark.Potts/gfortran_8.3.0_mpi_g_jedwards_pio_update2/src/Infrastructure/Route/examples/ESMF_RHandleBitForBitEx.F90:467
#8  0x410bed in main
	at /lustre/f2/dev/ncep/Mark.Potts/gfortran_8.3.0_mpi_g_jedwards_pio_update2/src/Infrastructure/Route/examples/ESMF_RHandleBitForBitEx.F90:20
#8  0x410bed in main
	at /lustre/f2/dev/ncep/Mark.Potts/gfortran_8.3.0_mpi_g_jedwards_pio_update2/src/Infrastructure/Route/examples/ESMF_RHandleBitForBitEx.F90:20
#6  0x44fd0d in __esmf_rhandlemod_MOD_esmf_routehandleprint
	at /lustre/f2/dev/ncep/Mark.Potts/gfortran_8.3.0_mpi_g_jedwards_pio_update2/src/Infrastructure/Route/interface/ESMF_RHandle.F90:1152
#7  0x409744 in esmf_rhandlebitforbitex
	at /lustre/f2/dev/ncep/Mark.Potts/gfortran_8.3.0_mpi_g_jedwards_pio_update2/src/Infrastructure/Route/examples/ESMF_RHandleBitForBitEx.F90:467
#8  0x410bed in main
	at /lustre/f2/dev/ncep/Mark.Potts/gfortran_8.3.0_mpi_g_jedwards_pio_update2/src/Infrastructure/Route/examples/ESMF_RHandleBitForBitEx.F90:20
#7  0x409744 in esmf_rhandlebitforbitex
	at /lustre/f2/dev/ncep/Mark.Potts/gfortran_8.3.0_mpi_g_jedwards_pio_update2/src/Infrastructure/Route/examples/ESMF_RHandleBitForBitEx.F90:467
#8  0x410bed in main
	at /lustre/f2/dev/ncep/Mark.Potts/gfortran_8.3.0_mpi_g_jedwards_pio_update2/src/Infrastructure/Route/examples/ESMF_RHandleBitForBitEx.F90:20
srun: error: nid01464: tasks 0-2: Segmentation fault
srun: launch/slurm: _step_signal: Terminating StepId=268979134.280
slurmstepd: error: *** STEP 268979134.280 ON nid01464 CANCELLED AT 2022-03-07T06:32:48 ***
srun: error: nid01464: task 3: Segmentation fault (core dumped)
