build time -- 2022-03-24 00:47:45
20220324 021629.178 INFO             PET0 !!!!!!!!!!!!!!!!!!!!!!!!!!!!!!!!!!!!!!!!!!!!!!!!!!!!!!
20220324 021629.178 INFO             PET0 !!! THE ESMF_LOG IS SET TO OUTPUT ALL LOG MESSAGES !!!
20220324 021629.178 INFO             PET0 !!!     THIS MAY CAUSE SLOWDOWN IN PERFORMANCE     !!!
20220324 021629.178 INFO             PET0 !!! FOR PRODUCTION RUNS, USE:                      !!!
20220324 021629.178 INFO             PET0 !!!                   ESMF_LOGKIND_Multi_On_Error  !!!
20220324 021629.178 INFO             PET0 !!!!!!!!!!!!!!!!!!!!!!!!!!!!!!!!!!!!!!!!!!!!!!!!!!!!!!
20220324 021629.178 INFO             PET0 Running with ESMF Version   : v8.3.0b09-103-gbb860f29f6
20220324 021629.178 INFO             PET0 ESMF library build date/time: "Mar 24 2022" "00:45:46"
20220324 021629.178 INFO             PET0 ESMF library build location : /lustre/f2/dev/ncep/Mark.Potts/gfortran_8.3.0_mpi_g_jedwards_pio_update2
20220324 021629.178 INFO             PET0 ESMF_COMM                   : mpi
20220324 021629.179 INFO             PET0 ESMF_MOAB                   : enabled
20220324 021629.179 INFO             PET0 ESMF_LAPACK                 : enabled
20220324 021629.179 INFO             PET0 ESMF_NETCDF                 : enabled
20220324 021629.179 INFO             PET0 ESMF_PNETCDF                : disabled
20220324 021629.179 INFO             PET0 ESMF_PIO                    : enabled
20220324 021629.179 INFO             PET0 ESMF_YAMLCPP                : enabled
20220324 021629.182 INFO             PET0  NUMBER_OF_PROCESSORS           4
20220324 021629.182 INFO             PET0  PASS  Example ESMF_VMUserMpiCommMultiEx, ESMF_VMUserMpiCommMultiEx.F90, line 126
20220324 021629.182 INFO             PET0 Finalizing ESMF
20220324 021629.165 INFO             PET0 !!!!!!!!!!!!!!!!!!!!!!!!!!!!!!!!!!!!!!!!!!!!!!!!!!!!!!
20220324 021629.165 INFO             PET0 !!! THE ESMF_LOG IS SET TO OUTPUT ALL LOG MESSAGES !!!
20220324 021629.165 INFO             PET0 !!!     THIS MAY CAUSE SLOWDOWN IN PERFORMANCE     !!!
20220324 021629.165 INFO             PET0 !!! FOR PRODUCTION RUNS, USE:                      !!!
20220324 021629.165 INFO             PET0 !!!                   ESMF_LOGKIND_Multi_On_Error  !!!
20220324 021629.165 INFO             PET0 !!!!!!!!!!!!!!!!!!!!!!!!!!!!!!!!!!!!!!!!!!!!!!!!!!!!!!
20220324 021629.165 INFO             PET0 Running with ESMF Version   : v8.3.0b09-103-gbb860f29f6
20220324 021629.165 INFO             PET0 ESMF library build date/time: "Mar 24 2022" "00:45:46"
20220324 021629.165 INFO             PET0 ESMF library build location : /lustre/f2/dev/ncep/Mark.Potts/gfortran_8.3.0_mpi_g_jedwards_pio_update2
20220324 021629.165 INFO             PET0 ESMF_COMM                   : mpi
20220324 021629.166 INFO             PET0 ESMF_MOAB                   : enabled
20220324 021629.166 INFO             PET0 ESMF_LAPACK                 : enabled
20220324 021629.166 INFO             PET0 ESMF_NETCDF                 : enabled
20220324 021629.166 INFO             PET0 ESMF_PNETCDF                : disabled
20220324 021629.166 INFO             PET0 ESMF_PIO                    : enabled
20220324 021629.166 INFO             PET0 ESMF_YAMLCPP                : enabled
20220324 021629.185 INFO             PET0  NUMBER_OF_PROCESSORS           4
20220324 021629.185 INFO             PET0  PASS  Example ESMF_VMUserMpiCommMultiEx, ESMF_VMUserMpiCommMultiEx.F90, line 154
20220324 021629.185 INFO             PET0 Finalizing ESMF
20220324 021629.181 INFO             PET1 !!!!!!!!!!!!!!!!!!!!!!!!!!!!!!!!!!!!!!!!!!!!!!!!!!!!!!
20220324 021629.182 INFO             PET1 !!! THE ESMF_LOG IS SET TO OUTPUT ALL LOG MESSAGES !!!
20220324 021629.182 INFO             PET1 !!!     THIS MAY CAUSE SLOWDOWN IN PERFORMANCE     !!!
20220324 021629.182 INFO             PET1 !!! FOR PRODUCTION RUNS, USE:                      !!!
20220324 021629.182 INFO             PET1 !!!                   ESMF_LOGKIND_Multi_On_Error  !!!
20220324 021629.182 INFO             PET1 !!!!!!!!!!!!!!!!!!!!!!!!!!!!!!!!!!!!!!!!!!!!!!!!!!!!!!
20220324 021629.182 INFO             PET1 Running with ESMF Version   : v8.3.0b09-103-gbb860f29f6
20220324 021629.182 INFO             PET1 ESMF library build date/time: "Mar 24 2022" "00:45:46"
20220324 021629.182 INFO             PET1 ESMF library build location : /lustre/f2/dev/ncep/Mark.Potts/gfortran_8.3.0_mpi_g_jedwards_pio_update2
20220324 021629.182 INFO             PET1 ESMF_COMM                   : mpi
20220324 021629.182 INFO             PET1 ESMF_MOAB                   : enabled
20220324 021629.182 INFO             PET1 ESMF_LAPACK                 : enabled
20220324 021629.182 INFO             PET1 ESMF_NETCDF                 : enabled
20220324 021629.182 INFO             PET1 ESMF_PNETCDF                : disabled
20220324 021629.182 INFO             PET1 ESMF_PIO                    : enabled
20220324 021629.182 INFO             PET1 ESMF_YAMLCPP                : enabled
20220324 021629.182 INFO             PET1  NUMBER_OF_PROCESSORS           4
20220324 021629.182 INFO             PET1  PASS  Example ESMF_VMUserMpiCommMultiEx, ESMF_VMUserMpiCommMultiEx.F90, line 126
20220324 021629.182 INFO             PET1 Finalizing ESMF
20220324 021629.185 INFO             PET1 !!!!!!!!!!!!!!!!!!!!!!!!!!!!!!!!!!!!!!!!!!!!!!!!!!!!!!
20220324 021629.185 INFO             PET1 !!! THE ESMF_LOG IS SET TO OUTPUT ALL LOG MESSAGES !!!
20220324 021629.185 INFO             PET1 !!!     THIS MAY CAUSE SLOWDOWN IN PERFORMANCE     !!!
20220324 021629.185 INFO             PET1 !!! FOR PRODUCTION RUNS, USE:                      !!!
20220324 021629.185 INFO             PET1 !!!                   ESMF_LOGKIND_Multi_On_Error  !!!
20220324 021629.185 INFO             PET1 !!!!!!!!!!!!!!!!!!!!!!!!!!!!!!!!!!!!!!!!!!!!!!!!!!!!!!
20220324 021629.185 INFO             PET1 Running with ESMF Version   : v8.3.0b09-103-gbb860f29f6
20220324 021629.185 INFO             PET1 ESMF library build date/time: "Mar 24 2022" "00:45:46"
20220324 021629.185 INFO             PET1 ESMF library build location : /lustre/f2/dev/ncep/Mark.Potts/gfortran_8.3.0_mpi_g_jedwards_pio_update2
20220324 021629.185 INFO             PET1 ESMF_COMM                   : mpi
20220324 021629.185 INFO             PET1 ESMF_MOAB                   : enabled
20220324 021629.185 INFO             PET1 ESMF_LAPACK                 : enabled
20220324 021629.185 INFO             PET1 ESMF_NETCDF                 : enabled
20220324 021629.185 INFO             PET1 ESMF_PNETCDF                : disabled
20220324 021629.185 INFO             PET1 ESMF_PIO                    : enabled
20220324 021629.185 INFO             PET1 ESMF_YAMLCPP                : enabled
20220324 021629.185 INFO             PET1  NUMBER_OF_PROCESSORS           4
20220324 021629.185 INFO             PET1  PASS  Example ESMF_VMUserMpiCommMultiEx, ESMF_VMUserMpiCommMultiEx.F90, line 154
20220324 021629.185 INFO             PET1 Finalizing ESMF
