build time -- 2022-03-16 16:12:59.130054
20220316 170448.124 INFO             PET0 !!!!!!!!!!!!!!!!!!!!!!!!!!!!!!!!!!!!!!!!!!!!!!!!!!!!!!
20220316 170448.124 INFO             PET0 !!! THE ESMF_LOG IS SET TO OUTPUT ALL LOG MESSAGES !!!
20220316 170448.124 INFO             PET0 !!!     THIS MAY CAUSE SLOWDOWN IN PERFORMANCE     !!!
20220316 170448.124 INFO             PET0 !!! FOR PRODUCTION RUNS, USE:                      !!!
20220316 170448.124 INFO             PET0 !!!                   ESMF_LOGKIND_Multi_On_Error  !!!
20220316 170448.124 INFO             PET0 !!!!!!!!!!!!!!!!!!!!!!!!!!!!!!!!!!!!!!!!!!!!!!!!!!!!!!
20220316 170448.124 INFO             PET0 Running with ESMF Version   : v8.3.0b09-3-ge20ebbf11d
20220316 170448.124 INFO             PET0 ESMF library build date/time: "Mar 16 2022" "16:08:17"
20220316 170448.124 INFO             PET0 ESMF library build location : /glade/scratch/rlong/esmf-testing/intel_18.0.5_mpiuni_O_develop
20220316 170448.124 INFO             PET0 ESMF_COMM                   : mpiuni
20220316 170448.124 INFO             PET0 ESMF_MOAB                   : enabled
20220316 170448.124 INFO             PET0 ESMF_LAPACK                 : enabled
20220316 170448.124 INFO             PET0 ESMF_NETCDF                 : enabled
20220316 170448.124 INFO             PET0 ESMF_PNETCDF                : disabled
20220316 170448.124 INFO             PET0 ESMF_PIO                    : disabled
20220316 170448.124 INFO             PET0 ESMF_YAMLCPP                : enabled
20220316 170448.146 INFO             PET0  NUMBER_OF_PROCESSORS           1
20220316 170448.146 INFO             PET0  PASS  Example ESMF_StateReadWriteEx, ESMF_StateReadWriteEx.F90, line 185
20220316 170448.146 INFO             PET0 Finalizing ESMF
