build time -- 2022-03-08 11:42:04.891585
20220308 124545.389 INFO             PET0 !!!!!!!!!!!!!!!!!!!!!!!!!!!!!!!!!!!!!!!!!!!!!!!!!!!!!!
20220308 124545.389 INFO             PET0 !!! THE ESMF_LOG IS SET TO OUTPUT ALL LOG MESSAGES !!!
20220308 124545.389 INFO             PET0 !!!     THIS MAY CAUSE SLOWDOWN IN PERFORMANCE     !!!
20220308 124545.389 INFO             PET0 !!! FOR PRODUCTION RUNS, USE:                      !!!
20220308 124545.389 INFO             PET0 !!!                   ESMF_LOGKIND_Multi_On_Error  !!!
20220308 124545.389 INFO             PET0 !!!!!!!!!!!!!!!!!!!!!!!!!!!!!!!!!!!!!!!!!!!!!!!!!!!!!!
20220308 124545.389 INFO             PET0 Running with ESMF Version   : v8.3.0b09
20220308 124545.389 INFO             PET0 ESMF library build date/time: "Mar  8 2022" "11:36:53"
20220308 124545.389 INFO             PET0 ESMF library build location : /glade/scratch/rlong/esmf-testing/intel_18.0.5_intelmpi_O_develop
20220308 124545.389 INFO             PET0 ESMF_COMM                   : intelmpi
20220308 124545.390 INFO             PET0 ESMF_MOAB                   : enabled
20220308 124545.390 INFO             PET0 ESMF_LAPACK                 : enabled
20220308 124545.390 INFO             PET0 ESMF_NETCDF                 : enabled
20220308 124545.390 INFO             PET0 ESMF_PNETCDF                : disabled
20220308 124545.390 INFO             PET0 ESMF_PIO                    : enabled
20220308 124545.390 INFO             PET0 ESMF_YAMLCPP                : enabled
20220308 124545.433 DEBUG            PET0 about to destroy Grid: 0x181b680
20220308 124545.437 DEBUG            PET0 about to destroy Grid: 0x181d500
20220308 124545.449 INFO             PET0  NUMBER_OF_PROCESSORS           4
20220308 124545.449 INFO             PET0  PASS  Example ESMF_NUOPCAtmModelEx, ESMF_NUOPCAtmModelEx.F90, line 806
20220308 124545.449 INFO             PET0 Finalizing ESMF
20220308 124545.390 INFO             PET1 !!!!!!!!!!!!!!!!!!!!!!!!!!!!!!!!!!!!!!!!!!!!!!!!!!!!!!
20220308 124545.390 INFO             PET1 !!! THE ESMF_LOG IS SET TO OUTPUT ALL LOG MESSAGES !!!
20220308 124545.390 INFO             PET1 !!!     THIS MAY CAUSE SLOWDOWN IN PERFORMANCE     !!!
20220308 124545.390 INFO             PET1 !!! FOR PRODUCTION RUNS, USE:                      !!!
20220308 124545.390 INFO             PET1 !!!                   ESMF_LOGKIND_Multi_On_Error  !!!
20220308 124545.390 INFO             PET1 !!!!!!!!!!!!!!!!!!!!!!!!!!!!!!!!!!!!!!!!!!!!!!!!!!!!!!
20220308 124545.390 INFO             PET1 Running with ESMF Version   : v8.3.0b09
20220308 124545.390 INFO             PET1 ESMF library build date/time: "Mar  8 2022" "11:36:53"
20220308 124545.390 INFO             PET1 ESMF library build location : /glade/scratch/rlong/esmf-testing/intel_18.0.5_intelmpi_O_develop
20220308 124545.390 INFO             PET1 ESMF_COMM                   : intelmpi
20220308 124545.390 INFO             PET1 ESMF_MOAB                   : enabled
20220308 124545.390 INFO             PET1 ESMF_LAPACK                 : enabled
20220308 124545.390 INFO             PET1 ESMF_NETCDF                 : enabled
20220308 124545.390 INFO             PET1 ESMF_PNETCDF                : disabled
20220308 124545.390 INFO             PET1 ESMF_PIO                    : enabled
20220308 124545.390 INFO             PET1 ESMF_YAMLCPP                : enabled
20220308 124545.433 DEBUG            PET1 about to destroy Grid: 0x2505e70
20220308 124545.437 DEBUG            PET1 about to destroy Grid: 0x2506e40
20220308 124545.449 INFO             PET1  NUMBER_OF_PROCESSORS           4
20220308 124545.449 INFO             PET1  PASS  Example ESMF_NUOPCAtmModelEx, ESMF_NUOPCAtmModelEx.F90, line 806
20220308 124545.449 INFO             PET1 Finalizing ESMF
20220308 124545.391 INFO             PET2 !!!!!!!!!!!!!!!!!!!!!!!!!!!!!!!!!!!!!!!!!!!!!!!!!!!!!!
20220308 124545.391 INFO             PET2 !!! THE ESMF_LOG IS SET TO OUTPUT ALL LOG MESSAGES !!!
20220308 124545.391 INFO             PET2 !!!     THIS MAY CAUSE SLOWDOWN IN PERFORMANCE     !!!
20220308 124545.391 INFO             PET2 !!! FOR PRODUCTION RUNS, USE:                      !!!
20220308 124545.391 INFO             PET2 !!!                   ESMF_LOGKIND_Multi_On_Error  !!!
20220308 124545.391 INFO             PET2 !!!!!!!!!!!!!!!!!!!!!!!!!!!!!!!!!!!!!!!!!!!!!!!!!!!!!!
20220308 124545.391 INFO             PET2 Running with ESMF Version   : v8.3.0b09
20220308 124545.391 INFO             PET2 ESMF library build date/time: "Mar  8 2022" "11:36:53"
20220308 124545.391 INFO             PET2 ESMF library build location : /glade/scratch/rlong/esmf-testing/intel_18.0.5_intelmpi_O_develop
20220308 124545.391 INFO             PET2 ESMF_COMM                   : intelmpi
20220308 124545.391 INFO             PET2 ESMF_MOAB                   : enabled
20220308 124545.391 INFO             PET2 ESMF_LAPACK                 : enabled
20220308 124545.391 INFO             PET2 ESMF_NETCDF                 : enabled
20220308 124545.391 INFO             PET2 ESMF_PNETCDF                : disabled
20220308 124545.391 INFO             PET2 ESMF_PIO                    : enabled
20220308 124545.391 INFO             PET2 ESMF_YAMLCPP                : enabled
20220308 124545.433 DEBUG            PET2 about to destroy Grid: 0x1b2ce90
20220308 124545.437 DEBUG            PET2 about to destroy Grid: 0x1b2dd10
20220308 124545.449 INFO             PET2  NUMBER_OF_PROCESSORS           4
20220308 124545.449 INFO             PET2  PASS  Example ESMF_NUOPCAtmModelEx, ESMF_NUOPCAtmModelEx.F90, line 806
20220308 124545.449 INFO             PET2 Finalizing ESMF
20220308 124545.390 INFO             PET3 !!!!!!!!!!!!!!!!!!!!!!!!!!!!!!!!!!!!!!!!!!!!!!!!!!!!!!
20220308 124545.390 INFO             PET3 !!! THE ESMF_LOG IS SET TO OUTPUT ALL LOG MESSAGES !!!
20220308 124545.390 INFO             PET3 !!!     THIS MAY CAUSE SLOWDOWN IN PERFORMANCE     !!!
20220308 124545.390 INFO             PET3 !!! FOR PRODUCTION RUNS, USE:                      !!!
20220308 124545.390 INFO             PET3 !!!                   ESMF_LOGKIND_Multi_On_Error  !!!
20220308 124545.390 INFO             PET3 !!!!!!!!!!!!!!!!!!!!!!!!!!!!!!!!!!!!!!!!!!!!!!!!!!!!!!
20220308 124545.390 INFO             PET3 Running with ESMF Version   : v8.3.0b09
20220308 124545.390 INFO             PET3 ESMF library build date/time: "Mar  8 2022" "11:36:53"
20220308 124545.390 INFO             PET3 ESMF library build location : /glade/scratch/rlong/esmf-testing/intel_18.0.5_intelmpi_O_develop
20220308 124545.390 INFO             PET3 ESMF_COMM                   : intelmpi
20220308 124545.390 INFO             PET3 ESMF_MOAB                   : enabled
20220308 124545.390 INFO             PET3 ESMF_LAPACK                 : enabled
20220308 124545.390 INFO             PET3 ESMF_NETCDF                 : enabled
20220308 124545.390 INFO             PET3 ESMF_PNETCDF                : disabled
20220308 124545.390 INFO             PET3 ESMF_PIO                    : enabled
20220308 124545.390 INFO             PET3 ESMF_YAMLCPP                : enabled
20220308 124545.433 DEBUG            PET3 about to destroy Grid: 0x19162c0
20220308 124545.437 DEBUG            PET3 about to destroy Grid: 0x1916fe0
20220308 124545.449 INFO             PET3  NUMBER_OF_PROCESSORS           4
20220308 124545.449 INFO             PET3  PASS  Example ESMF_NUOPCAtmModelEx, ESMF_NUOPCAtmModelEx.F90, line 806
20220308 124545.449 INFO             PET3 Finalizing ESMF
