build time -- 2022-03-18 01:17:37.156239
20220318 015420.851 INFO             PET0 !!!!!!!!!!!!!!!!!!!!!!!!!!!!!!!!!!!!!!!!!!!!!!!!!!!!!!
20220318 015420.851 INFO             PET0 !!! THE ESMF_LOG IS SET TO OUTPUT ALL LOG MESSAGES !!!
20220318 015420.851 INFO             PET0 !!!     THIS MAY CAUSE SLOWDOWN IN PERFORMANCE     !!!
20220318 015420.851 INFO             PET0 !!! FOR PRODUCTION RUNS, USE:                      !!!
20220318 015420.851 INFO             PET0 !!!                   ESMF_LOGKIND_Multi_On_Error  !!!
20220318 015420.851 INFO             PET0 !!!!!!!!!!!!!!!!!!!!!!!!!!!!!!!!!!!!!!!!!!!!!!!!!!!!!!
20220318 015420.851 INFO             PET0 Running with ESMF Version   : v8.3.0b09-102-gabaf3ef548
20220318 015420.851 INFO             PET0 ESMF library build date/time: "Mar 18 2022" "01:14:54"
20220318 015420.851 INFO             PET0 ESMF library build location : /gpfsm/dnb04/projects/p98/mpotts/esmf/intel_19.1.3_intelmpi_g_jedwards_pio_update2
20220318 015420.851 INFO             PET0 ESMF_COMM                   : intelmpi
20220318 015420.852 INFO             PET0 ESMF_MOAB                   : enabled
20220318 015420.852 INFO             PET0 ESMF_LAPACK                 : enabled
20220318 015420.852 INFO             PET0 ESMF_NETCDF                 : enabled
20220318 015420.852 INFO             PET0 ESMF_PNETCDF                : disabled
20220318 015420.852 INFO             PET0 ESMF_PIO                    : enabled
20220318 015420.852 INFO             PET0 ESMF_YAMLCPP                : enabled
20220318 015420.859 INFO             PET0 ESMF_FieldRedistStoreNF(): Just entered routine.
20220318 015421.127 INFO             PET0 ESMF_FieldRedistStoreNF(): Leaving routine.
20220318 015421.138 INFO             PET0  NUMBER_OF_PROCESSORS           4
20220318 015421.138 INFO             PET0  PASS  Example ESMF_RHandleFromFileEx, ESMF_RHandleFromFileEx.F90, line 192
20220318 015421.138 INFO             PET0 Finalizing ESMF
20220318 015420.851 INFO             PET1 !!!!!!!!!!!!!!!!!!!!!!!!!!!!!!!!!!!!!!!!!!!!!!!!!!!!!!
20220318 015420.852 INFO             PET1 !!! THE ESMF_LOG IS SET TO OUTPUT ALL LOG MESSAGES !!!
20220318 015420.852 INFO             PET1 !!!     THIS MAY CAUSE SLOWDOWN IN PERFORMANCE     !!!
20220318 015420.852 INFO             PET1 !!! FOR PRODUCTION RUNS, USE:                      !!!
20220318 015420.852 INFO             PET1 !!!                   ESMF_LOGKIND_Multi_On_Error  !!!
20220318 015420.852 INFO             PET1 !!!!!!!!!!!!!!!!!!!!!!!!!!!!!!!!!!!!!!!!!!!!!!!!!!!!!!
20220318 015420.852 INFO             PET1 Running with ESMF Version   : v8.3.0b09-102-gabaf3ef548
20220318 015420.852 INFO             PET1 ESMF library build date/time: "Mar 18 2022" "01:14:54"
20220318 015420.852 INFO             PET1 ESMF library build location : /gpfsm/dnb04/projects/p98/mpotts/esmf/intel_19.1.3_intelmpi_g_jedwards_pio_update2
20220318 015420.852 INFO             PET1 ESMF_COMM                   : intelmpi
20220318 015420.852 INFO             PET1 ESMF_MOAB                   : enabled
20220318 015420.852 INFO             PET1 ESMF_LAPACK                 : enabled
20220318 015420.852 INFO             PET1 ESMF_NETCDF                 : enabled
20220318 015420.852 INFO             PET1 ESMF_PNETCDF                : disabled
20220318 015420.852 INFO             PET1 ESMF_PIO                    : enabled
20220318 015420.852 INFO             PET1 ESMF_YAMLCPP                : enabled
20220318 015420.858 INFO             PET1 ESMF_FieldRedistStoreNF(): Just entered routine.
20220318 015421.127 INFO             PET1 ESMF_FieldRedistStoreNF(): Leaving routine.
20220318 015421.138 INFO             PET1  NUMBER_OF_PROCESSORS           4
20220318 015421.138 INFO             PET1  PASS  Example ESMF_RHandleFromFileEx, ESMF_RHandleFromFileEx.F90, line 192
20220318 015421.138 INFO             PET1 Finalizing ESMF
20220318 015420.851 INFO             PET2 !!!!!!!!!!!!!!!!!!!!!!!!!!!!!!!!!!!!!!!!!!!!!!!!!!!!!!
20220318 015420.852 INFO             PET2 !!! THE ESMF_LOG IS SET TO OUTPUT ALL LOG MESSAGES !!!
20220318 015420.852 INFO             PET2 !!!     THIS MAY CAUSE SLOWDOWN IN PERFORMANCE     !!!
20220318 015420.852 INFO             PET2 !!! FOR PRODUCTION RUNS, USE:                      !!!
20220318 015420.852 INFO             PET2 !!!                   ESMF_LOGKIND_Multi_On_Error  !!!
20220318 015420.852 INFO             PET2 !!!!!!!!!!!!!!!!!!!!!!!!!!!!!!!!!!!!!!!!!!!!!!!!!!!!!!
20220318 015420.852 INFO             PET2 Running with ESMF Version   : v8.3.0b09-102-gabaf3ef548
20220318 015420.852 INFO             PET2 ESMF library build date/time: "Mar 18 2022" "01:14:54"
20220318 015420.852 INFO             PET2 ESMF library build location : /gpfsm/dnb04/projects/p98/mpotts/esmf/intel_19.1.3_intelmpi_g_jedwards_pio_update2
20220318 015420.852 INFO             PET2 ESMF_COMM                   : intelmpi
20220318 015420.852 INFO             PET2 ESMF_MOAB                   : enabled
20220318 015420.852 INFO             PET2 ESMF_LAPACK                 : enabled
20220318 015420.852 INFO             PET2 ESMF_NETCDF                 : enabled
20220318 015420.852 INFO             PET2 ESMF_PNETCDF                : disabled
20220318 015420.852 INFO             PET2 ESMF_PIO                    : enabled
20220318 015420.852 INFO             PET2 ESMF_YAMLCPP                : enabled
20220318 015420.859 INFO             PET2 ESMF_FieldRedistStoreNF(): Just entered routine.
20220318 015421.127 INFO             PET2 ESMF_FieldRedistStoreNF(): Leaving routine.
20220318 015421.138 INFO             PET2  NUMBER_OF_PROCESSORS           4
20220318 015421.138 INFO             PET2  PASS  Example ESMF_RHandleFromFileEx, ESMF_RHandleFromFileEx.F90, line 192
20220318 015421.138 INFO             PET2 Finalizing ESMF
20220318 015420.851 INFO             PET3 !!!!!!!!!!!!!!!!!!!!!!!!!!!!!!!!!!!!!!!!!!!!!!!!!!!!!!
20220318 015420.851 INFO             PET3 !!! THE ESMF_LOG IS SET TO OUTPUT ALL LOG MESSAGES !!!
20220318 015420.851 INFO             PET3 !!!     THIS MAY CAUSE SLOWDOWN IN PERFORMANCE     !!!
20220318 015420.851 INFO             PET3 !!! FOR PRODUCTION RUNS, USE:                      !!!
20220318 015420.851 INFO             PET3 !!!                   ESMF_LOGKIND_Multi_On_Error  !!!
20220318 015420.851 INFO             PET3 !!!!!!!!!!!!!!!!!!!!!!!!!!!!!!!!!!!!!!!!!!!!!!!!!!!!!!
20220318 015420.851 INFO             PET3 Running with ESMF Version   : v8.3.0b09-102-gabaf3ef548
20220318 015420.851 INFO             PET3 ESMF library build date/time: "Mar 18 2022" "01:14:54"
20220318 015420.851 INFO             PET3 ESMF library build location : /gpfsm/dnb04/projects/p98/mpotts/esmf/intel_19.1.3_intelmpi_g_jedwards_pio_update2
20220318 015420.851 INFO             PET3 ESMF_COMM                   : intelmpi
20220318 015420.852 INFO             PET3 ESMF_MOAB                   : enabled
20220318 015420.852 INFO             PET3 ESMF_LAPACK                 : enabled
20220318 015420.852 INFO             PET3 ESMF_NETCDF                 : enabled
20220318 015420.852 INFO             PET3 ESMF_PNETCDF                : disabled
20220318 015420.852 INFO             PET3 ESMF_PIO                    : enabled
20220318 015420.852 INFO             PET3 ESMF_YAMLCPP                : enabled
20220318 015420.859 INFO             PET3 ESMF_FieldRedistStoreNF(): Just entered routine.
20220318 015421.127 INFO             PET3 ESMF_FieldRedistStoreNF(): Leaving routine.
20220318 015421.138 INFO             PET3  NUMBER_OF_PROCESSORS           4
20220318 015421.138 INFO             PET3  PASS  Example ESMF_RHandleFromFileEx, ESMF_RHandleFromFileEx.F90, line 192
20220318 015421.138 INFO             PET3 Finalizing ESMF
