build time -- 2022-03-19 01:17:01.707637
20220319 015230.812 INFO             PET0 !!!!!!!!!!!!!!!!!!!!!!!!!!!!!!!!!!!!!!!!!!!!!!!!!!!!!!
20220319 015230.812 INFO             PET0 !!! THE ESMF_LOG IS SET TO OUTPUT ALL LOG MESSAGES !!!
20220319 015230.812 INFO             PET0 !!!     THIS MAY CAUSE SLOWDOWN IN PERFORMANCE     !!!
20220319 015230.812 INFO             PET0 !!! FOR PRODUCTION RUNS, USE:                      !!!
20220319 015230.812 INFO             PET0 !!!                   ESMF_LOGKIND_Multi_On_Error  !!!
20220319 015230.812 INFO             PET0 !!!!!!!!!!!!!!!!!!!!!!!!!!!!!!!!!!!!!!!!!!!!!!!!!!!!!!
20220319 015230.812 INFO             PET0 Running with ESMF Version   : v8.3.0b09-102-gabaf3ef548
20220319 015230.812 INFO             PET0 ESMF library build date/time: "Mar 19 2022" "01:14:03"
20220319 015230.812 INFO             PET0 ESMF library build location : /gpfsm/dnb04/projects/p98/mpotts/esmf/intel_19.1.3_intelmpi_g_jedwards_pio_update2
20220319 015230.812 INFO             PET0 ESMF_COMM                   : intelmpi
20220319 015230.813 INFO             PET0 ESMF_MOAB                   : enabled
20220319 015230.813 INFO             PET0 ESMF_LAPACK                 : enabled
20220319 015230.813 INFO             PET0 ESMF_NETCDF                 : enabled
20220319 015230.813 INFO             PET0 ESMF_PNETCDF                : disabled
20220319 015230.813 INFO             PET0 ESMF_PIO                    : enabled
20220319 015230.813 INFO             PET0 ESMF_YAMLCPP                : enabled
20220319 015230.814 INFO             PET0  NUMBER_OF_PROCESSORS           1
20220319 015230.814 INFO             PET0  PASS  Example ESMF_TimeEx, ESMF_TimeEx.F90, line 141
20220319 015230.814 INFO             PET0 Finalizing ESMF
