build time -- 2022-03-22 03:43:13.586547
20220322 040846.539 INFO             PET0 !!!!!!!!!!!!!!!!!!!!!!!!!!!!!!!!!!!!!!!!!!!!!!!!!!!!!!
20220322 040846.547 INFO             PET0 !!! THE ESMF_LOG IS SET TO OUTPUT ALL LOG MESSAGES !!!
20220322 040846.547 INFO             PET0 !!!     THIS MAY CAUSE SLOWDOWN IN PERFORMANCE     !!!
20220322 040846.547 INFO             PET0 !!! FOR PRODUCTION RUNS, USE:                      !!!
20220322 040846.547 INFO             PET0 !!!                   ESMF_LOGKIND_Multi_On_Error  !!!
20220322 040846.547 INFO             PET0 !!!!!!!!!!!!!!!!!!!!!!!!!!!!!!!!!!!!!!!!!!!!!!!!!!!!!!
20220322 040846.547 INFO             PET0 Running with ESMF Version   : v8.3.0b09-102-gabaf3ef548
20220322 040846.567 INFO             PET0 ESMF library build date/time: "Mar 22 2022" "03:41:59"
20220322 040846.567 INFO             PET0 ESMF library build location : /gpfsm/dnb04/projects/p98/mpotts/esmf/gfortran_8.3.0_mpiuni_g_jedwards_pio_update2
20220322 040846.567 INFO             PET0 ESMF_COMM                   : mpiuni
20220322 040846.604 INFO             PET0 ESMF_MOAB                   : enabled
20220322 040846.604 INFO             PET0 ESMF_LAPACK                 : enabled
20220322 040846.604 INFO             PET0 ESMF_NETCDF                 : disabled
20220322 040846.604 INFO             PET0 ESMF_PNETCDF                : disabled
20220322 040846.604 INFO             PET0 ESMF_PIO                    : disabled
20220322 040846.604 INFO             PET0 ESMF_YAMLCPP                : enabled
20220322 040846.626 INFO             PET0 Log Write 2
20220322 040846.638 ERROR            PET0 Invalid object  - Convergence failure
20220322 040846.653 ERROR            PET0 ESMCI_Fraction.C:1444 ESMCI::Fraction::validate() must have non-zero denominator.
20220322 040846.653 ERROR            PET0 ESMCI_Time.C:838 ESMCI::Time::syncToRealTime() Wrong argument specified  - ; calkindflag is JULIANDAY, MODJULIANDAY or NOCALENDAR.
20220322 040846.653 ERROR            PET0 ESMF_Time.F90:1485 ESMF_TimeSyncToRealTime() Wrong argument specified  - Internal subroutine call returned Error
20220322 040846.653 ERROR            PET0 Wrong argument specified  - getting wall clock time
20220322 040846.654 INFO             PET0  NUMBER_OF_PROCESSORS           1
20220322 040846.654 INFO             PET0  PASS  Example ESMF_LogErrEx, ESMF_LogErrEx.F90, line 186
20220322 040846.654 INFO             PET0 Finalizing ESMF
