build time -- 2022-03-19 01:16:16.360499
20220319 013912.894 INFO             PET0 !!!!!!!!!!!!!!!!!!!!!!!!!!!!!!!!!!!!!!!!!!!!!!!!!!!!!!
20220319 013912.894 INFO             PET0 !!! THE ESMF_LOG IS SET TO OUTPUT ALL LOG MESSAGES !!!
20220319 013912.894 INFO             PET0 !!!     THIS MAY CAUSE SLOWDOWN IN PERFORMANCE     !!!
20220319 013912.894 INFO             PET0 !!! FOR PRODUCTION RUNS, USE:                      !!!
20220319 013912.894 INFO             PET0 !!!                   ESMF_LOGKIND_Multi_On_Error  !!!
20220319 013912.894 INFO             PET0 !!!!!!!!!!!!!!!!!!!!!!!!!!!!!!!!!!!!!!!!!!!!!!!!!!!!!!
20220319 013912.894 INFO             PET0 Running with ESMF Version   : v8.3.0b09-102-gabaf3ef548
20220319 013912.894 INFO             PET0 ESMF library build date/time: "Mar 19 2022" "01:14:56"
20220319 013912.894 INFO             PET0 ESMF library build location : /gpfsm/dnb04/projects/p98/mpotts/esmf/gfortran_8.3.0_mpiuni_g_jedwards_pio_update2
20220319 013912.894 INFO             PET0 ESMF_COMM                   : mpiuni
20220319 013912.894 INFO             PET0 ESMF_MOAB                   : enabled
20220319 013912.894 INFO             PET0 ESMF_LAPACK                 : enabled
20220319 013912.894 INFO             PET0 ESMF_NETCDF                 : disabled
20220319 013912.894 INFO             PET0 ESMF_PNETCDF                : disabled
20220319 013912.894 INFO             PET0 ESMF_PIO                    : disabled
20220319 013912.894 INFO             PET0 ESMF_YAMLCPP                : enabled
20220319 013912.894 INFO             PET0  NUMBER_OF_PROCESSORS           1
20220319 013912.895 INFO             PET0  PASS  Example ESMF_VMUserMpiEx, ESMF_VMUserMpiEx.F90, line 96
20220319 013912.895 INFO             PET0 Finalizing ESMF
