build time -- 2022-03-16 01:16:01.823405
20220316 013959.500 INFO             PET0 !!!!!!!!!!!!!!!!!!!!!!!!!!!!!!!!!!!!!!!!!!!!!!!!!!!!!!
20220316 013959.500 INFO             PET0 !!! THE ESMF_LOG IS SET TO OUTPUT ALL LOG MESSAGES !!!
20220316 013959.500 INFO             PET0 !!!     THIS MAY CAUSE SLOWDOWN IN PERFORMANCE     !!!
20220316 013959.500 INFO             PET0 !!! FOR PRODUCTION RUNS, USE:                      !!!
20220316 013959.500 INFO             PET0 !!!                   ESMF_LOGKIND_Multi_On_Error  !!!
20220316 013959.500 INFO             PET0 !!!!!!!!!!!!!!!!!!!!!!!!!!!!!!!!!!!!!!!!!!!!!!!!!!!!!!
20220316 013959.500 INFO             PET0 Running with ESMF Version   : v8.3.0b09-100-g5ff85a963f
20220316 013959.500 INFO             PET0 ESMF library build date/time: "Mar 16 2022" "01:14:37"
20220316 013959.500 INFO             PET0 ESMF library build location : /gpfsm/dnb04/projects/p98/mpotts/esmf/gfortran_8.3.0_mpiuni_g_jedwards_pio_update2
20220316 013959.500 INFO             PET0 ESMF_COMM                   : mpiuni
20220316 013959.500 INFO             PET0 ESMF_MOAB                   : enabled
20220316 013959.500 INFO             PET0 ESMF_LAPACK                 : enabled
20220316 013959.500 INFO             PET0 ESMF_NETCDF                 : disabled
20220316 013959.500 INFO             PET0 ESMF_PNETCDF                : disabled
20220316 013959.500 INFO             PET0 ESMF_PIO                    : disabled
20220316 013959.500 INFO             PET0 ESMF_YAMLCPP                : enabled
20220316 013959.519 INFO             PET0  NUMBER_OF_PROCESSORS           1
20220316 013959.519 INFO             PET0  PASS  Example ESMF_ClockEx, ESMF_ClockEx.F90, line 220
20220316 013959.519 INFO             PET0 Finalizing ESMF
