build time -- 2022-03-14 01:15:24.992680
20220314 014104.600 INFO             PET0 !!!!!!!!!!!!!!!!!!!!!!!!!!!!!!!!!!!!!!!!!!!!!!!!!!!!!!
20220314 014104.600 INFO             PET0 !!! THE ESMF_LOG IS SET TO OUTPUT ALL LOG MESSAGES !!!
20220314 014104.600 INFO             PET0 !!!     THIS MAY CAUSE SLOWDOWN IN PERFORMANCE     !!!
20220314 014104.600 INFO             PET0 !!! FOR PRODUCTION RUNS, USE:                      !!!
20220314 014104.600 INFO             PET0 !!!                   ESMF_LOGKIND_Multi_On_Error  !!!
20220314 014104.600 INFO             PET0 !!!!!!!!!!!!!!!!!!!!!!!!!!!!!!!!!!!!!!!!!!!!!!!!!!!!!!
20220314 014104.600 INFO             PET0 Running with ESMF Version   : v8.3.0b09-96-g559b459836
20220314 014104.600 INFO             PET0 ESMF library build date/time: "Mar 14 2022" "01:14:07"
20220314 014104.600 INFO             PET0 ESMF library build location : /gpfsm/dnb04/projects/p98/mpotts/esmf/gfortran_8.3.0_mpiuni_g_jedwards_pio_update2
20220314 014104.600 INFO             PET0 ESMF_COMM                   : mpiuni
20220314 014104.600 INFO             PET0 ESMF_MOAB                   : enabled
20220314 014104.600 INFO             PET0 ESMF_LAPACK                 : enabled
20220314 014104.600 INFO             PET0 ESMF_NETCDF                 : disabled
20220314 014104.600 INFO             PET0 ESMF_PNETCDF                : disabled
20220314 014104.600 INFO             PET0 ESMF_PIO                    : disabled
20220314 014104.600 INFO             PET0 ESMF_YAMLCPP                : enabled
20220314 014104.601 INFO             PET0  NUMBER_OF_PROCESSORS           1
20220314 014104.601 INFO             PET0  PASS  Example ESMF_AppMainEx, ESMF_AppMainEx.F90, line 486
20220314 014104.601 INFO             PET0 Finalizing ESMF
