build time -- 2022-03-16 01:11:55.448499
20220316 013642.938 INFO             PET0 !!!!!!!!!!!!!!!!!!!!!!!!!!!!!!!!!!!!!!!!!!!!!!!!!!!!!!
20220316 013642.938 INFO             PET0 !!! THE ESMF_LOG IS SET TO OUTPUT ALL LOG MESSAGES !!!
20220316 013642.938 INFO             PET0 !!!     THIS MAY CAUSE SLOWDOWN IN PERFORMANCE     !!!
20220316 013642.938 INFO             PET0 !!! FOR PRODUCTION RUNS, USE:                      !!!
20220316 013642.938 INFO             PET0 !!!                   ESMF_LOGKIND_Multi_On_Error  !!!
20220316 013642.938 INFO             PET0 !!!!!!!!!!!!!!!!!!!!!!!!!!!!!!!!!!!!!!!!!!!!!!!!!!!!!!
20220316 013642.938 INFO             PET0 Running with ESMF Version   : v8.3.0b09-100-g5ff85a963f
20220316 013642.938 INFO             PET0 ESMF library build date/time: "Mar 16 2022" "01:10:39"
20220316 013642.938 INFO             PET0 ESMF library build location : /gpfsm/dnb04/projects/p98/mpotts/esmf/gfortran_10.1.0_intelmpi_O_jedwards_pio_update2
20220316 013642.938 INFO             PET0 ESMF_COMM                   : intelmpi
20220316 013642.938 INFO             PET0 ESMF_MOAB                   : enabled
20220316 013642.938 INFO             PET0 ESMF_LAPACK                 : enabled
20220316 013642.938 INFO             PET0 ESMF_NETCDF                 : disabled
20220316 013642.938 INFO             PET0 ESMF_PNETCDF                : disabled
20220316 013642.938 INFO             PET0 ESMF_PIO                    : disabled
20220316 013642.938 INFO             PET0 ESMF_YAMLCPP                : enabled
20220316 013642.974 DEBUG            PET0 about to destroy Grid: 0x8f9610
20220316 013642.977 DEBUG            PET0 about to destroy Grid: 0x8faa90
20220316 013642.987 INFO             PET0  NUMBER_OF_PROCESSORS           4
20220316 013642.987 INFO             PET0  PASS  Example ESMF_NUOPCAtmModelEx, ESMF_NUOPCAtmModelEx.F90, line 806
20220316 013642.987 INFO             PET0 Finalizing ESMF
20220316 013642.938 INFO             PET1 !!!!!!!!!!!!!!!!!!!!!!!!!!!!!!!!!!!!!!!!!!!!!!!!!!!!!!
20220316 013642.938 INFO             PET1 !!! THE ESMF_LOG IS SET TO OUTPUT ALL LOG MESSAGES !!!
20220316 013642.938 INFO             PET1 !!!     THIS MAY CAUSE SLOWDOWN IN PERFORMANCE     !!!
20220316 013642.938 INFO             PET1 !!! FOR PRODUCTION RUNS, USE:                      !!!
20220316 013642.938 INFO             PET1 !!!                   ESMF_LOGKIND_Multi_On_Error  !!!
20220316 013642.938 INFO             PET1 !!!!!!!!!!!!!!!!!!!!!!!!!!!!!!!!!!!!!!!!!!!!!!!!!!!!!!
20220316 013642.938 INFO             PET1 Running with ESMF Version   : v8.3.0b09-100-g5ff85a963f
20220316 013642.938 INFO             PET1 ESMF library build date/time: "Mar 16 2022" "01:10:39"
20220316 013642.938 INFO             PET1 ESMF library build location : /gpfsm/dnb04/projects/p98/mpotts/esmf/gfortran_10.1.0_intelmpi_O_jedwards_pio_update2
20220316 013642.938 INFO             PET1 ESMF_COMM                   : intelmpi
20220316 013642.939 INFO             PET1 ESMF_MOAB                   : enabled
20220316 013642.939 INFO             PET1 ESMF_LAPACK                 : enabled
20220316 013642.939 INFO             PET1 ESMF_NETCDF                 : disabled
20220316 013642.939 INFO             PET1 ESMF_PNETCDF                : disabled
20220316 013642.939 INFO             PET1 ESMF_PIO                    : disabled
20220316 013642.939 INFO             PET1 ESMF_YAMLCPP                : enabled
20220316 013642.974 DEBUG            PET1 about to destroy Grid: 0x8f9ac0
20220316 013642.977 DEBUG            PET1 about to destroy Grid: 0x8fad00
20220316 013642.988 INFO             PET1  NUMBER_OF_PROCESSORS           4
20220316 013642.988 INFO             PET1  PASS  Example ESMF_NUOPCAtmModelEx, ESMF_NUOPCAtmModelEx.F90, line 806
20220316 013642.988 INFO             PET1 Finalizing ESMF
20220316 013642.938 INFO             PET2 !!!!!!!!!!!!!!!!!!!!!!!!!!!!!!!!!!!!!!!!!!!!!!!!!!!!!!
20220316 013642.938 INFO             PET2 !!! THE ESMF_LOG IS SET TO OUTPUT ALL LOG MESSAGES !!!
20220316 013642.938 INFO             PET2 !!!     THIS MAY CAUSE SLOWDOWN IN PERFORMANCE     !!!
20220316 013642.938 INFO             PET2 !!! FOR PRODUCTION RUNS, USE:                      !!!
20220316 013642.938 INFO             PET2 !!!                   ESMF_LOGKIND_Multi_On_Error  !!!
20220316 013642.938 INFO             PET2 !!!!!!!!!!!!!!!!!!!!!!!!!!!!!!!!!!!!!!!!!!!!!!!!!!!!!!
20220316 013642.938 INFO             PET2 Running with ESMF Version   : v8.3.0b09-100-g5ff85a963f
20220316 013642.938 INFO             PET2 ESMF library build date/time: "Mar 16 2022" "01:10:39"
20220316 013642.938 INFO             PET2 ESMF library build location : /gpfsm/dnb04/projects/p98/mpotts/esmf/gfortran_10.1.0_intelmpi_O_jedwards_pio_update2
20220316 013642.938 INFO             PET2 ESMF_COMM                   : intelmpi
20220316 013642.938 INFO             PET2 ESMF_MOAB                   : enabled
20220316 013642.938 INFO             PET2 ESMF_LAPACK                 : enabled
20220316 013642.938 INFO             PET2 ESMF_NETCDF                 : disabled
20220316 013642.938 INFO             PET2 ESMF_PNETCDF                : disabled
20220316 013642.938 INFO             PET2 ESMF_PIO                    : disabled
20220316 013642.938 INFO             PET2 ESMF_YAMLCPP                : enabled
20220316 013642.974 DEBUG            PET2 about to destroy Grid: 0x8f92f0
20220316 013642.977 DEBUG            PET2 about to destroy Grid: 0x8fa800
20220316 013642.988 INFO             PET2  NUMBER_OF_PROCESSORS           4
20220316 013642.988 INFO             PET2  PASS  Example ESMF_NUOPCAtmModelEx, ESMF_NUOPCAtmModelEx.F90, line 806
20220316 013642.988 INFO             PET2 Finalizing ESMF
20220316 013642.938 INFO             PET3 !!!!!!!!!!!!!!!!!!!!!!!!!!!!!!!!!!!!!!!!!!!!!!!!!!!!!!
20220316 013642.938 INFO             PET3 !!! THE ESMF_LOG IS SET TO OUTPUT ALL LOG MESSAGES !!!
20220316 013642.938 INFO             PET3 !!!     THIS MAY CAUSE SLOWDOWN IN PERFORMANCE     !!!
20220316 013642.938 INFO             PET3 !!! FOR PRODUCTION RUNS, USE:                      !!!
20220316 013642.938 INFO             PET3 !!!                   ESMF_LOGKIND_Multi_On_Error  !!!
20220316 013642.938 INFO             PET3 !!!!!!!!!!!!!!!!!!!!!!!!!!!!!!!!!!!!!!!!!!!!!!!!!!!!!!
20220316 013642.938 INFO             PET3 Running with ESMF Version   : v8.3.0b09-100-g5ff85a963f
20220316 013642.938 INFO             PET3 ESMF library build date/time: "Mar 16 2022" "01:10:39"
20220316 013642.938 INFO             PET3 ESMF library build location : /gpfsm/dnb04/projects/p98/mpotts/esmf/gfortran_10.1.0_intelmpi_O_jedwards_pio_update2
20220316 013642.938 INFO             PET3 ESMF_COMM                   : intelmpi
20220316 013642.938 INFO             PET3 ESMF_MOAB                   : enabled
20220316 013642.938 INFO             PET3 ESMF_LAPACK                 : enabled
20220316 013642.938 INFO             PET3 ESMF_NETCDF                 : disabled
20220316 013642.938 INFO             PET3 ESMF_PNETCDF                : disabled
20220316 013642.938 INFO             PET3 ESMF_PIO                    : disabled
20220316 013642.938 INFO             PET3 ESMF_YAMLCPP                : enabled
20220316 013642.974 DEBUG            PET3 about to destroy Grid: 0x8f9300
20220316 013642.977 DEBUG            PET3 about to destroy Grid: 0x8fa810
20220316 013642.988 INFO             PET3  NUMBER_OF_PROCESSORS           4
20220316 013642.988 INFO             PET3  PASS  Example ESMF_NUOPCAtmModelEx, ESMF_NUOPCAtmModelEx.F90, line 806
20220316 013642.988 INFO             PET3 Finalizing ESMF
