build time -- 2022-03-04 19:46:45
Abort(1091087) on node 0 (rank 0 in comm 0): Fatal error in PMPI_Init: Other MPI error, error stack:
MPIR_Init_thread(136): 
MPID_Init(939).......: 
MPIR_pmi_init(112)...: 
(unknown)(): Other MPI error
 ESMF_LogWrite(): ESMF_Log not open -- cannot ESMF_LogWrite().  Log message = Finalizing ESMF
 ESMF_Finalize: Error writing into the default log
Abort(1091087) on node 0 (rank 0 in comm 0): Fatal error in PMPI_Init: Other MPI error, error stack:
MPIR_Init_thread(136): 
MPID_Init(939).......: 
MPIR_pmi_init(112)...: 
(unknown)(): Other MPI error
 ESMF_LogWrite(): ESMF_Log not open -- cannot ESMF_LogWrite().  Log message = Finalizing ESMF
 ESMF_Finalize: Error writing into the default log
 ESMF_Finalize: Error flushing log file: Operation not yet supported 
 ESMF_Finalize: Error flushing log file: Operation not yet supported 
 ESMF_LogWrite(): ESMF_Log not open -- cannot ESMF_LogWrite().  Log message = Internal error: Bad condition  - - Invalid GlobalVM
 ESMF_Finalize: Error aborting VM: Internal error: Bad condition 
Abort(1091087) on node 0 (rank 0 in comm 0): Fatal error in PMPI_Init: Other MPI error, error stack:
MPIR_Init_thread(136): 
MPID_Init(939).......: 
MPIR_pmi_init(112)...: 
(unknown)(): Other MPI error
 ESMF_LogWrite(): ESMF_Log not open -- cannot ESMF_LogWrite().  Log message = Finalizing ESMF
 ESMF_Finalize: Error writing into the default log
 ESMF_LogWrite(): ESMF_Log not open -- cannot ESMF_LogWrite().  Log message = Internal error: Bad condition  - - Invalid GlobalVM
 ESMF_Finalize: Error aborting VM: Internal error: Bad condition 
 ESMF_Finalize: Error flushing log file: Operation not yet supported 
Abort(1091087) on node 0 (rank 0 in comm 0): Fatal error in PMPI_Init: Other MPI error, error stack:
MPIR_Init_thread(136): 
MPID_Init(939).......: 
MPIR_pmi_init(112)...: 
(unknown)(): Other MPI error
 ESMF_LogWrite(): ESMF_Log not open -- cannot ESMF_LogWrite().  Log message = Internal error: Bad condition  - - Invalid GlobalVM
 ESMF_Finalize: Error aborting VM: Internal error: Bad condition 
 ESMF_LogWrite(): ESMF_Log not open -- cannot ESMF_LogWrite().  Log message = Finalizing ESMF
 ESMF_Finalize: Error writing into the default log
 ESMF_Finalize: Error flushing log file: Operation not yet supported 
 ESMF_LogWrite(): ESMF_Log not open -- cannot ESMF_LogWrite().  Log message = Internal error: Bad condition  - - Invalid GlobalVM
 ESMF_Finalize: Error aborting VM: Internal error: Bad condition 
Error in system call pthread_mutex_destroy: Device or resource busy
    ../../src/mpi/init/init_thread_cs.c:60
Abort(2663951) on node 0 (rank 0 in comm 0): Fatal error in PMPI_Init_thread: Other MPI error, error stack:
MPIR_Init_thread(136): 
MPID_Init(939).......: 
MPIR_pmi_init(112)...: 
(unknown)(): Other MPI error
Attempting to use an MPI routine before initializing MPICH
Error in system call pthread_mutex_destroy: Device or resource busy
    ../../src/mpi/init/init_thread_cs.c:60
Abort(2663951) on node 0 (rank 0 in comm 0): Fatal error in PMPI_Init_thread: Other MPI error, error stack:
MPIR_Init_thread(136): 
MPID_Init(939).......: 
MPIR_pmi_init(112)...: 
(unknown)(): Other MPI error
Attempting to use an MPI routine before initializing MPICH
Error in system call pthread_mutex_destroy: Device or resource busy
    ../../src/mpi/init/init_thread_cs.c:60
Abort(2663951) on node 0 (rank 0 in comm 0): Fatal error in PMPI_Init_thread: Other MPI error, error stack:
MPIR_Init_thread(136): 
MPID_Init(939).......: 
MPIR_pmi_init(112)...: 
(unknown)(): Other MPI error
Attempting to use an MPI routine before initializing MPICH
Error in system call pthread_mutex_destroy: Device or resource busy
    ../../src/mpi/init/init_thread_cs.c:60
Abort(2663951) on node 0 (rank 0 in comm 0): Fatal error in PMPI_Init_thread: Other MPI error, error stack:
MPIR_Init_thread(136): 
MPID_Init(939).......: 
MPIR_pmi_init(112)...: 
(unknown)(): Other MPI error
Attempting to use an MPI routine before initializing MPICH
srun: error: h25c09: tasks 0-3: Exited with exit code 1
srun: launch/slurm: _step_signal: Terminating StepId=29180735.257
