build time -- 2022-03-12 06:03:59
Abort(1091087) on node 0 (rank 0 in comm 0): Fatal error in PMPI_Init: Other MPI error, error stack:
MPIR_Init_thread(136): 
MPID_Init(939).......: 
MPIR_pmi_init(112)...: 
(unknown)(): Other MPI error
 ESMF_LogWrite(): ESMF_Log not open -- cannot ESMF_LogWrite().  Log message = Finalizing ESMF
 ESMF_Finalize: Error writing into the default log
 ESMF_Finalize: Error flushing log file: Operation not yet supported 
Abort(1091087) on node 0 (rank 0 in comm 0): Fatal error in PMPI_Init: Other MPI error, error stack:
MPIR_Init_thread(136): 
MPID_Init(939).......: 
MPIR_pmi_init(112)...: 
(unknown)(): Other MPI error
 ESMF_LogWrite(): ESMF_Log not open -- cannot ESMF_LogWrite().  Log message = Finalizing ESMF
 ESMF_Finalize: Error writing into the default log
 ESMF_Finalize: Error flushing log file: Operation not yet supported 
 ESMF_LogWrite(): ESMF_Log not open -- cannot ESMF_LogWrite().  Log message = Internal error: Bad condition  - - Invalid GlobalVM
 ESMF_Finalize: Error aborting VM: Internal error: Bad condition 
Abort(1091087) on node 0 (rank 0 in comm 0): Fatal error in PMPI_Init: Other MPI error, error stack:
MPIR_Init_thread(136): 
MPID_Init(939).......: 
MPIR_pmi_init(112)...: 
(unknown)(): Other MPI error
Abort(1091087) on node 0 (rank 0 in comm 0): Fatal error in PMPI_Init: Other MPI error, error stack:
MPIR_Init_thread(136): 
MPID_Init(939).......: 
MPIR_pmi_init(112)...: 
(unknown)(): Other MPI error
Attempting to use an MPI routine before initializing MPICH
 ESMF_LogWrite(): ESMF_Log not open -- cannot ESMF_LogWrite().  Log message = Finalizing ESMF
 ESMF_LogWrite(): ESMF_Log not open -- cannot ESMF_LogWrite().  Log message = Internal error: Bad condition  - - Invalid GlobalVM
 ESMF_Finalize: Error aborting VM: Internal error: Bad condition 
Attempting to use an MPI routine before initializing MPICH
 ESMF_LogWrite(): ESMF_Log not open -- cannot ESMF_LogWrite().  Log message = Finalizing ESMF
 ESMF_Finalize: Error writing into the default log
 ESMF_Finalize: Error writing into the default log
 ESMF_Finalize: Error flushing log file: Operation not yet supported 
 ESMF_Finalize: Error flushing log file: Operation not yet supported 
 ESMF_LogWrite(): ESMF_Log not open -- cannot ESMF_LogWrite().  Log message = Internal error: Bad condition  - - Invalid GlobalVM
 ESMF_Finalize: Error aborting VM: Internal error: Bad condition 
Attempting to use an MPI routine before initializing MPICH
 ESMF_LogWrite(): ESMF_Log not open -- cannot ESMF_LogWrite().  Log message = Internal error: Bad condition  - - Invalid GlobalVM
 ESMF_Finalize: Error aborting VM: Internal error: Bad condition 
Attempting to use an MPI routine before initializing MPICH
srun: error: h4c47: tasks 0-3: Exited with exit code 1
srun: launch/slurm: _step_signal: Terminating StepId=29441435.258
