build time -- 2022-03-19 01:35:28.827528
20220319 023708.351 INFO             PET0 !!!!!!!!!!!!!!!!!!!!!!!!!!!!!!!!!!!!!!!!!!!!!!!!!!!!!!
20220319 023708.351 INFO             PET0 !!! THE ESMF_LOG IS SET TO OUTPUT ALL LOG MESSAGES !!!
20220319 023708.351 INFO             PET0 !!!     THIS MAY CAUSE SLOWDOWN IN PERFORMANCE     !!!
20220319 023708.351 INFO             PET0 !!! FOR PRODUCTION RUNS, USE:                      !!!
20220319 023708.351 INFO             PET0 !!!                   ESMF_LOGKIND_Multi_On_Error  !!!
20220319 023708.351 INFO             PET0 !!!!!!!!!!!!!!!!!!!!!!!!!!!!!!!!!!!!!!!!!!!!!!!!!!!!!!
20220319 023708.351 INFO             PET0 Running with ESMF Version   : v8.3.0b09-4-g424b2f26e0
20220319 023708.351 INFO             PET0 ESMF library build date/time: "Mar 19 2022" "01:31:46"
20220319 023708.351 INFO             PET0 ESMF library build location : /gpfsm/dnb04/projects/p98/mpotts/esmf/pgi_2020_mpiuni_O_develop
20220319 023708.351 INFO             PET0 ESMF_COMM                   : mpiuni
20220319 023708.351 INFO             PET0 ESMF_MOAB                   : enabled
20220319 023708.351 INFO             PET0 ESMF_LAPACK                 : enabled
20220319 023708.351 INFO             PET0 ESMF_NETCDF                 : disabled
20220319 023708.351 INFO             PET0 ESMF_PNETCDF                : disabled
20220319 023708.351 INFO             PET0 ESMF_PIO                    : disabled
20220319 023708.351 INFO             PET0 ESMF_YAMLCPP                : enabled
20220319 023708.352 INFO             PET0  NUMBER_OF_PROCESSORS            1
20220319 023708.352 INFO             PET0  PASS  Example ESMF_StateEx, ESMF_StateEx.F90, line 237
20220319 023708.352 INFO             PET0 Finalizing ESMF
