build time -- 2022-03-24 06:12:26
20220324 064612.010 INFO             PET0 !!!!!!!!!!!!!!!!!!!!!!!!!!!!!!!!!!!!!!!!!!!!!!!!!!!!!!
20220324 064612.010 INFO             PET0 !!! THE ESMF_LOG IS SET TO OUTPUT ALL LOG MESSAGES !!!
20220324 064612.010 INFO             PET0 !!!     THIS MAY CAUSE SLOWDOWN IN PERFORMANCE     !!!
20220324 064612.010 INFO             PET0 !!! FOR PRODUCTION RUNS, USE:                      !!!
20220324 064612.010 INFO             PET0 !!!                   ESMF_LOGKIND_Multi_On_Error  !!!
20220324 064612.010 INFO             PET0 !!!!!!!!!!!!!!!!!!!!!!!!!!!!!!!!!!!!!!!!!!!!!!!!!!!!!!
20220324 064612.010 INFO             PET0 Running with ESMF Version   : v8.3.0b10
20220324 064612.010 INFO             PET0 ESMF library build date/time: "Mar 24 2022" "06:10:28"
20220324 064612.010 INFO             PET0 ESMF library build location : /scratch1/NCEPDEV/stmp2/role.esmfmaint/intel_18.0.5b_intelmpi_g_develop
20220324 064612.010 INFO             PET0 ESMF_COMM                   : intelmpi
20220324 064612.011 INFO             PET0 ESMF_MOAB                   : enabled
20220324 064612.011 INFO             PET0 ESMF_LAPACK                 : enabled
20220324 064612.011 INFO             PET0 ESMF_NETCDF                 : enabled
20220324 064612.011 INFO             PET0 ESMF_PNETCDF                : disabled
20220324 064612.011 INFO             PET0 ESMF_PIO                    : enabled
20220324 064612.011 INFO             PET0 ESMF_YAMLCPP                : enabled
20220324 064612.134 DEBUG            PET0 about to destroy Grid: 0x1276e00
20220324 064612.150 DEBUG            PET0 about to destroy Grid: 0x1278820
20220324 064612.193 INFO             PET0  NUMBER_OF_PROCESSORS           4
20220324 064612.193 INFO             PET0  PASS  Example ESMF_NUOPCAtmModelEx, ESMF_NUOPCAtmModelEx.F90, line 806
20220324 064612.193 INFO             PET0 Finalizing ESMF
20220324 064612.009 INFO             PET1 !!!!!!!!!!!!!!!!!!!!!!!!!!!!!!!!!!!!!!!!!!!!!!!!!!!!!!
20220324 064612.009 INFO             PET1 !!! THE ESMF_LOG IS SET TO OUTPUT ALL LOG MESSAGES !!!
20220324 064612.009 INFO             PET1 !!!     THIS MAY CAUSE SLOWDOWN IN PERFORMANCE     !!!
20220324 064612.009 INFO             PET1 !!! FOR PRODUCTION RUNS, USE:                      !!!
20220324 064612.009 INFO             PET1 !!!                   ESMF_LOGKIND_Multi_On_Error  !!!
20220324 064612.009 INFO             PET1 !!!!!!!!!!!!!!!!!!!!!!!!!!!!!!!!!!!!!!!!!!!!!!!!!!!!!!
20220324 064612.009 INFO             PET1 Running with ESMF Version   : v8.3.0b10
20220324 064612.009 INFO             PET1 ESMF library build date/time: "Mar 24 2022" "06:10:28"
20220324 064612.009 INFO             PET1 ESMF library build location : /scratch1/NCEPDEV/stmp2/role.esmfmaint/intel_18.0.5b_intelmpi_g_develop
20220324 064612.009 INFO             PET1 ESMF_COMM                   : intelmpi
20220324 064612.010 INFO             PET1 ESMF_MOAB                   : enabled
20220324 064612.010 INFO             PET1 ESMF_LAPACK                 : enabled
20220324 064612.010 INFO             PET1 ESMF_NETCDF                 : enabled
20220324 064612.010 INFO             PET1 ESMF_PNETCDF                : disabled
20220324 064612.010 INFO             PET1 ESMF_PIO                    : enabled
20220324 064612.010 INFO             PET1 ESMF_YAMLCPP                : enabled
20220324 064612.134 DEBUG            PET1 about to destroy Grid: 0x1f8e9c0
20220324 064612.150 DEBUG            PET1 about to destroy Grid: 0x1f8f2b0
20220324 064612.193 INFO             PET1  NUMBER_OF_PROCESSORS           4
20220324 064612.194 INFO             PET1  PASS  Example ESMF_NUOPCAtmModelEx, ESMF_NUOPCAtmModelEx.F90, line 806
20220324 064612.194 INFO             PET1 Finalizing ESMF
20220324 064612.010 INFO             PET2 !!!!!!!!!!!!!!!!!!!!!!!!!!!!!!!!!!!!!!!!!!!!!!!!!!!!!!
20220324 064612.010 INFO             PET2 !!! THE ESMF_LOG IS SET TO OUTPUT ALL LOG MESSAGES !!!
20220324 064612.010 INFO             PET2 !!!     THIS MAY CAUSE SLOWDOWN IN PERFORMANCE     !!!
20220324 064612.010 INFO             PET2 !!! FOR PRODUCTION RUNS, USE:                      !!!
20220324 064612.010 INFO             PET2 !!!                   ESMF_LOGKIND_Multi_On_Error  !!!
20220324 064612.010 INFO             PET2 !!!!!!!!!!!!!!!!!!!!!!!!!!!!!!!!!!!!!!!!!!!!!!!!!!!!!!
20220324 064612.010 INFO             PET2 Running with ESMF Version   : v8.3.0b10
20220324 064612.010 INFO             PET2 ESMF library build date/time: "Mar 24 2022" "06:10:28"
20220324 064612.010 INFO             PET2 ESMF library build location : /scratch1/NCEPDEV/stmp2/role.esmfmaint/intel_18.0.5b_intelmpi_g_develop
20220324 064612.010 INFO             PET2 ESMF_COMM                   : intelmpi
20220324 064612.011 INFO             PET2 ESMF_MOAB                   : enabled
20220324 064612.011 INFO             PET2 ESMF_LAPACK                 : enabled
20220324 064612.011 INFO             PET2 ESMF_NETCDF                 : enabled
20220324 064612.011 INFO             PET2 ESMF_PNETCDF                : disabled
20220324 064612.011 INFO             PET2 ESMF_PIO                    : enabled
20220324 064612.011 INFO             PET2 ESMF_YAMLCPP                : enabled
20220324 064612.134 DEBUG            PET2 about to destroy Grid: 0x1aad9c0
20220324 064612.150 DEBUG            PET2 about to destroy Grid: 0x1aae2b0
20220324 064612.193 INFO             PET2  NUMBER_OF_PROCESSORS           4
20220324 064612.193 INFO             PET2  PASS  Example ESMF_NUOPCAtmModelEx, ESMF_NUOPCAtmModelEx.F90, line 806
20220324 064612.193 INFO             PET2 Finalizing ESMF
20220324 064612.009 INFO             PET3 !!!!!!!!!!!!!!!!!!!!!!!!!!!!!!!!!!!!!!!!!!!!!!!!!!!!!!
20220324 064612.009 INFO             PET3 !!! THE ESMF_LOG IS SET TO OUTPUT ALL LOG MESSAGES !!!
20220324 064612.009 INFO             PET3 !!!     THIS MAY CAUSE SLOWDOWN IN PERFORMANCE     !!!
20220324 064612.009 INFO             PET3 !!! FOR PRODUCTION RUNS, USE:                      !!!
20220324 064612.009 INFO             PET3 !!!                   ESMF_LOGKIND_Multi_On_Error  !!!
20220324 064612.009 INFO             PET3 !!!!!!!!!!!!!!!!!!!!!!!!!!!!!!!!!!!!!!!!!!!!!!!!!!!!!!
20220324 064612.009 INFO             PET3 Running with ESMF Version   : v8.3.0b10
20220324 064612.009 INFO             PET3 ESMF library build date/time: "Mar 24 2022" "06:10:28"
20220324 064612.009 INFO             PET3 ESMF library build location : /scratch1/NCEPDEV/stmp2/role.esmfmaint/intel_18.0.5b_intelmpi_g_develop
20220324 064612.009 INFO             PET3 ESMF_COMM                   : intelmpi
20220324 064612.010 INFO             PET3 ESMF_MOAB                   : enabled
20220324 064612.010 INFO             PET3 ESMF_LAPACK                 : enabled
20220324 064612.010 INFO             PET3 ESMF_NETCDF                 : enabled
20220324 064612.010 INFO             PET3 ESMF_PNETCDF                : disabled
20220324 064612.010 INFO             PET3 ESMF_PIO                    : enabled
20220324 064612.010 INFO             PET3 ESMF_YAMLCPP                : enabled
20220324 064612.134 DEBUG            PET3 about to destroy Grid: 0x21fb9c0
20220324 064612.150 DEBUG            PET3 about to destroy Grid: 0x21fc2b0
20220324 064612.193 INFO             PET3  NUMBER_OF_PROCESSORS           4
20220324 064612.193 INFO             PET3  PASS  Example ESMF_NUOPCAtmModelEx, ESMF_NUOPCAtmModelEx.F90, line 806
20220324 064612.193 INFO             PET3 Finalizing ESMF
