build time -- 2022-03-27 01:22:31.880070
20220327 014636.157 INFO             PET0 !!!!!!!!!!!!!!!!!!!!!!!!!!!!!!!!!!!!!!!!!!!!!!!!!!!!!!
20220327 014636.157 INFO             PET0 !!! THE ESMF_LOG IS SET TO OUTPUT ALL LOG MESSAGES !!!
20220327 014636.157 INFO             PET0 !!!     THIS MAY CAUSE SLOWDOWN IN PERFORMANCE     !!!
20220327 014636.157 INFO             PET0 !!! FOR PRODUCTION RUNS, USE:                      !!!
20220327 014636.157 INFO             PET0 !!!                   ESMF_LOGKIND_Multi_On_Error  !!!
20220327 014636.157 INFO             PET0 !!!!!!!!!!!!!!!!!!!!!!!!!!!!!!!!!!!!!!!!!!!!!!!!!!!!!!
20220327 014636.157 INFO             PET0 Running with ESMF Version   : v8.3.0b10-105-ga5295e34ae
20220327 014636.157 INFO             PET0 ESMF library build date/time: "Mar 27 2022" "01:21:18"
20220327 014636.157 INFO             PET0 ESMF library build location : /gpfsm/dnb04/projects/p98/mpotts/esmf/gfortran_10.1.0_intelmpi_O_develop
20220327 014636.157 INFO             PET0 ESMF_COMM                   : intelmpi
20220327 014636.157 INFO             PET0 ESMF_MOAB                   : enabled
20220327 014636.157 INFO             PET0 ESMF_LAPACK                 : enabled
20220327 014636.157 INFO             PET0 ESMF_NETCDF                 : disabled
20220327 014636.157 INFO             PET0 ESMF_PNETCDF                : disabled
20220327 014636.157 INFO             PET0 ESMF_PIO                    : disabled
20220327 014636.157 INFO             PET0 ESMF_YAMLCPP                : enabled
20220327 014636.159 ERROR            PET0 ESMCI_Info.C:1278 Info::set(<json>) Cannot set value  - Error/Return Code 540 (ESMC_RC_CANNOT_SET) - Key '/myIntegerKey' already in map and force=false.
20220327 014636.159 ERROR            PET0 ESMCI_Info.C:1281 Info::set(<json>) Cannot set value  - Internal subroutine call returned Error
20220327 014636.159 ERROR            PET0 ESMCI_Info.C:1323 Info::set(<json>) Cannot set value  - Internal subroutine call returned Error
20220327 014636.159 ERROR            PET0 ESMCI_Info.C:1326 Info::set(<json>) Cannot set value  - Internal subroutine call returned Error
20220327 014636.159 ERROR            PET0 ESMCI_Info.C:1374 Info::set(<scalar>) Cannot set value  - Internal subroutine call returned Error
20220327 014636.159 ERROR            PET0 ESMC_InfoCDefGeneric.C:387 ESMC_InfoSetI4() Cannot set value  - Internal subroutine call returned Error
20220327 014636.159 ERROR            PET0 ESMF_Info.F90:2866 ESMF_InfoSetI4() Cannot set value  - Internal subroutine call returned Error
20220327 014636.159 INFO             PET0  NUMBER_OF_PROCESSORS           4
20220327 014636.159 INFO             PET0  PASS  Example ESMF_InfoTutorialEx, ESMF_InfoTutorialEx.F90, line 335
20220327 014636.159 INFO             PET0 Finalizing ESMF
20220327 014636.157 INFO             PET1 !!!!!!!!!!!!!!!!!!!!!!!!!!!!!!!!!!!!!!!!!!!!!!!!!!!!!!
20220327 014636.157 INFO             PET1 !!! THE ESMF_LOG IS SET TO OUTPUT ALL LOG MESSAGES !!!
20220327 014636.157 INFO             PET1 !!!     THIS MAY CAUSE SLOWDOWN IN PERFORMANCE     !!!
20220327 014636.157 INFO             PET1 !!! FOR PRODUCTION RUNS, USE:                      !!!
20220327 014636.157 INFO             PET1 !!!                   ESMF_LOGKIND_Multi_On_Error  !!!
20220327 014636.157 INFO             PET1 !!!!!!!!!!!!!!!!!!!!!!!!!!!!!!!!!!!!!!!!!!!!!!!!!!!!!!
20220327 014636.157 INFO             PET1 Running with ESMF Version   : v8.3.0b10-105-ga5295e34ae
20220327 014636.157 INFO             PET1 ESMF library build date/time: "Mar 27 2022" "01:21:18"
20220327 014636.157 INFO             PET1 ESMF library build location : /gpfsm/dnb04/projects/p98/mpotts/esmf/gfortran_10.1.0_intelmpi_O_develop
20220327 014636.157 INFO             PET1 ESMF_COMM                   : intelmpi
20220327 014636.157 INFO             PET1 ESMF_MOAB                   : enabled
20220327 014636.157 INFO             PET1 ESMF_LAPACK                 : enabled
20220327 014636.157 INFO             PET1 ESMF_NETCDF                 : disabled
20220327 014636.157 INFO             PET1 ESMF_PNETCDF                : disabled
20220327 014636.157 INFO             PET1 ESMF_PIO                    : disabled
20220327 014636.157 INFO             PET1 ESMF_YAMLCPP                : enabled
20220327 014636.159 ERROR            PET1 ESMCI_Info.C:1278 Info::set(<json>) Cannot set value  - Error/Return Code 540 (ESMC_RC_CANNOT_SET) - Key '/myIntegerKey' already in map and force=false.
20220327 014636.159 ERROR            PET1 ESMCI_Info.C:1281 Info::set(<json>) Cannot set value  - Internal subroutine call returned Error
20220327 014636.159 ERROR            PET1 ESMCI_Info.C:1323 Info::set(<json>) Cannot set value  - Internal subroutine call returned Error
20220327 014636.159 ERROR            PET1 ESMCI_Info.C:1326 Info::set(<json>) Cannot set value  - Internal subroutine call returned Error
20220327 014636.159 ERROR            PET1 ESMCI_Info.C:1374 Info::set(<scalar>) Cannot set value  - Internal subroutine call returned Error
20220327 014636.159 ERROR            PET1 ESMC_InfoCDefGeneric.C:387 ESMC_InfoSetI4() Cannot set value  - Internal subroutine call returned Error
20220327 014636.159 ERROR            PET1 ESMF_Info.F90:2866 ESMF_InfoSetI4() Cannot set value  - Internal subroutine call returned Error
20220327 014636.159 INFO             PET1  NUMBER_OF_PROCESSORS           4
20220327 014636.159 INFO             PET1  PASS  Example ESMF_InfoTutorialEx, ESMF_InfoTutorialEx.F90, line 335
20220327 014636.159 INFO             PET1 Finalizing ESMF
20220327 014636.157 INFO             PET2 !!!!!!!!!!!!!!!!!!!!!!!!!!!!!!!!!!!!!!!!!!!!!!!!!!!!!!
20220327 014636.158 INFO             PET2 !!! THE ESMF_LOG IS SET TO OUTPUT ALL LOG MESSAGES !!!
20220327 014636.158 INFO             PET2 !!!     THIS MAY CAUSE SLOWDOWN IN PERFORMANCE     !!!
20220327 014636.158 INFO             PET2 !!! FOR PRODUCTION RUNS, USE:                      !!!
20220327 014636.158 INFO             PET2 !!!                   ESMF_LOGKIND_Multi_On_Error  !!!
20220327 014636.158 INFO             PET2 !!!!!!!!!!!!!!!!!!!!!!!!!!!!!!!!!!!!!!!!!!!!!!!!!!!!!!
20220327 014636.158 INFO             PET2 Running with ESMF Version   : v8.3.0b10-105-ga5295e34ae
20220327 014636.158 INFO             PET2 ESMF library build date/time: "Mar 27 2022" "01:21:18"
20220327 014636.158 INFO             PET2 ESMF library build location : /gpfsm/dnb04/projects/p98/mpotts/esmf/gfortran_10.1.0_intelmpi_O_develop
20220327 014636.158 INFO             PET2 ESMF_COMM                   : intelmpi
20220327 014636.158 INFO             PET2 ESMF_MOAB                   : enabled
20220327 014636.158 INFO             PET2 ESMF_LAPACK                 : enabled
20220327 014636.158 INFO             PET2 ESMF_NETCDF                 : disabled
20220327 014636.158 INFO             PET2 ESMF_PNETCDF                : disabled
20220327 014636.158 INFO             PET2 ESMF_PIO                    : disabled
20220327 014636.158 INFO             PET2 ESMF_YAMLCPP                : enabled
20220327 014636.159 ERROR            PET2 ESMCI_Info.C:1278 Info::set(<json>) Cannot set value  - Error/Return Code 540 (ESMC_RC_CANNOT_SET) - Key '/myIntegerKey' already in map and force=false.
20220327 014636.159 ERROR            PET2 ESMCI_Info.C:1281 Info::set(<json>) Cannot set value  - Internal subroutine call returned Error
20220327 014636.159 ERROR            PET2 ESMCI_Info.C:1323 Info::set(<json>) Cannot set value  - Internal subroutine call returned Error
20220327 014636.159 ERROR            PET2 ESMCI_Info.C:1326 Info::set(<json>) Cannot set value  - Internal subroutine call returned Error
20220327 014636.159 ERROR            PET2 ESMCI_Info.C:1374 Info::set(<scalar>) Cannot set value  - Internal subroutine call returned Error
20220327 014636.159 ERROR            PET2 ESMC_InfoCDefGeneric.C:387 ESMC_InfoSetI4() Cannot set value  - Internal subroutine call returned Error
20220327 014636.159 ERROR            PET2 ESMF_Info.F90:2866 ESMF_InfoSetI4() Cannot set value  - Internal subroutine call returned Error
20220327 014636.159 INFO             PET2  NUMBER_OF_PROCESSORS           4
20220327 014636.159 INFO             PET2  PASS  Example ESMF_InfoTutorialEx, ESMF_InfoTutorialEx.F90, line 335
20220327 014636.159 INFO             PET2 Finalizing ESMF
20220327 014636.158 INFO             PET3 !!!!!!!!!!!!!!!!!!!!!!!!!!!!!!!!!!!!!!!!!!!!!!!!!!!!!!
20220327 014636.158 INFO             PET3 !!! THE ESMF_LOG IS SET TO OUTPUT ALL LOG MESSAGES !!!
20220327 014636.158 INFO             PET3 !!!     THIS MAY CAUSE SLOWDOWN IN PERFORMANCE     !!!
20220327 014636.158 INFO             PET3 !!! FOR PRODUCTION RUNS, USE:                      !!!
20220327 014636.158 INFO             PET3 !!!                   ESMF_LOGKIND_Multi_On_Error  !!!
20220327 014636.158 INFO             PET3 !!!!!!!!!!!!!!!!!!!!!!!!!!!!!!!!!!!!!!!!!!!!!!!!!!!!!!
20220327 014636.158 INFO             PET3 Running with ESMF Version   : v8.3.0b10-105-ga5295e34ae
20220327 014636.158 INFO             PET3 ESMF library build date/time: "Mar 27 2022" "01:21:18"
20220327 014636.158 INFO             PET3 ESMF library build location : /gpfsm/dnb04/projects/p98/mpotts/esmf/gfortran_10.1.0_intelmpi_O_develop
20220327 014636.158 INFO             PET3 ESMF_COMM                   : intelmpi
20220327 014636.158 INFO             PET3 ESMF_MOAB                   : enabled
20220327 014636.158 INFO             PET3 ESMF_LAPACK                 : enabled
20220327 014636.158 INFO             PET3 ESMF_NETCDF                 : disabled
20220327 014636.158 INFO             PET3 ESMF_PNETCDF                : disabled
20220327 014636.158 INFO             PET3 ESMF_PIO                    : disabled
20220327 014636.158 INFO             PET3 ESMF_YAMLCPP                : enabled
20220327 014636.159 ERROR            PET3 ESMCI_Info.C:1278 Info::set(<json>) Cannot set value  - Error/Return Code 540 (ESMC_RC_CANNOT_SET) - Key '/myIntegerKey' already in map and force=false.
20220327 014636.159 ERROR            PET3 ESMCI_Info.C:1281 Info::set(<json>) Cannot set value  - Internal subroutine call returned Error
20220327 014636.159 ERROR            PET3 ESMCI_Info.C:1323 Info::set(<json>) Cannot set value  - Internal subroutine call returned Error
20220327 014636.159 ERROR            PET3 ESMCI_Info.C:1326 Info::set(<json>) Cannot set value  - Internal subroutine call returned Error
20220327 014636.159 ERROR            PET3 ESMCI_Info.C:1374 Info::set(<scalar>) Cannot set value  - Internal subroutine call returned Error
20220327 014636.159 ERROR            PET3 ESMC_InfoCDefGeneric.C:387 ESMC_InfoSetI4() Cannot set value  - Internal subroutine call returned Error
20220327 014636.159 ERROR            PET3 ESMF_Info.F90:2866 ESMF_InfoSetI4() Cannot set value  - Internal subroutine call returned Error
20220327 014636.159 INFO             PET3  NUMBER_OF_PROCESSORS           4
20220327 014636.159 INFO             PET3  PASS  Example ESMF_InfoTutorialEx, ESMF_InfoTutorialEx.F90, line 335
20220327 014636.159 INFO             PET3 Finalizing ESMF
