build time -- 2022-03-29 01:08:32.986092
20220329 013127.778 INFO             PET0 !!!!!!!!!!!!!!!!!!!!!!!!!!!!!!!!!!!!!!!!!!!!!!!!!!!!!!
20220329 013127.778 INFO             PET0 !!! THE ESMF_LOG IS SET TO OUTPUT ALL LOG MESSAGES !!!
20220329 013127.778 INFO             PET0 !!!     THIS MAY CAUSE SLOWDOWN IN PERFORMANCE     !!!
20220329 013127.778 INFO             PET0 !!! FOR PRODUCTION RUNS, USE:                      !!!
20220329 013127.778 INFO             PET0 !!!                   ESMF_LOGKIND_Multi_On_Error  !!!
20220329 013127.778 INFO             PET0 !!!!!!!!!!!!!!!!!!!!!!!!!!!!!!!!!!!!!!!!!!!!!!!!!!!!!!
20220329 013127.778 INFO             PET0 Running with ESMF Version   : v8.3.0b11
20220329 013127.778 INFO             PET0 ESMF library build date/time: "Mar 29 2022" "01:07:16"
20220329 013127.778 INFO             PET0 ESMF library build location : /gpfsm/dnb04/projects/p98/mpotts/esmf/gfortran_10.1.0_intelmpi_O_develop
20220329 013127.778 INFO             PET0 ESMF_COMM                   : intelmpi
20220329 013127.778 INFO             PET0 ESMF_MOAB                   : enabled
20220329 013127.778 INFO             PET0 ESMF_LAPACK                 : enabled
20220329 013127.778 INFO             PET0 ESMF_NETCDF                 : disabled
20220329 013127.778 INFO             PET0 ESMF_PNETCDF                : disabled
20220329 013127.778 INFO             PET0 ESMF_PIO                    : disabled
20220329 013127.778 INFO             PET0 ESMF_YAMLCPP                : enabled
20220329 013127.778 INFO             PET0  NUMBER_OF_PROCESSORS           1
20220329 013127.778 INFO             PET0  PASS  Example CalendarEx, ESMF_CalendarEx.F90, line 217
20220329 013127.778 INFO             PET0 Finalizing ESMF
