build time -- 2022-03-15 01:12:49.619807
20220315 013515.496 INFO             PET0 !!!!!!!!!!!!!!!!!!!!!!!!!!!!!!!!!!!!!!!!!!!!!!!!!!!!!!
20220315 013515.496 INFO             PET0 !!! THE ESMF_LOG IS SET TO OUTPUT ALL LOG MESSAGES !!!
20220315 013515.496 INFO             PET0 !!!     THIS MAY CAUSE SLOWDOWN IN PERFORMANCE     !!!
20220315 013515.496 INFO             PET0 !!! FOR PRODUCTION RUNS, USE:                      !!!
20220315 013515.496 INFO             PET0 !!!                   ESMF_LOGKIND_Multi_On_Error  !!!
20220315 013515.496 INFO             PET0 !!!!!!!!!!!!!!!!!!!!!!!!!!!!!!!!!!!!!!!!!!!!!!!!!!!!!!
20220315 013515.496 INFO             PET0 Running with ESMF Version   : v8.3.0b09-2-g2a2241bd36
20220315 013515.496 INFO             PET0 ESMF library build date/time: "Mar 15 2022" "01:11:30"
20220315 013515.496 INFO             PET0 ESMF library build location : /gpfsm/dnb04/projects/p98/mpotts/esmf/gfortran_10.1.0_intelmpi_O_develop
20220315 013515.496 INFO             PET0 ESMF_COMM                   : intelmpi
20220315 013515.496 INFO             PET0 ESMF_MOAB                   : enabled
20220315 013515.496 INFO             PET0 ESMF_LAPACK                 : enabled
20220315 013515.496 INFO             PET0 ESMF_NETCDF                 : disabled
20220315 013515.496 INFO             PET0 ESMF_PNETCDF                : disabled
20220315 013515.496 INFO             PET0 ESMF_PIO                    : enabled
20220315 013515.496 INFO             PET0 ESMF_YAMLCPP                : enabled
20220315 013515.499 INFO             PET0 ESMF_FieldRedistStoreNF(): Just entered routine.
20220315 013515.535 INFO             PET0 ESMF_FieldRedistStoreNF(): Leaving routine.
20220315 013515.552 INFO             PET0  NUMBER_OF_PROCESSORS           4
20220315 013515.552 INFO             PET0  PASS  Example ESMF_RHandleFromFileEx, ESMF_RHandleFromFileEx.F90, line 192
20220315 013515.552 INFO             PET0 Finalizing ESMF
20220315 013515.496 INFO             PET1 !!!!!!!!!!!!!!!!!!!!!!!!!!!!!!!!!!!!!!!!!!!!!!!!!!!!!!
20220315 013515.496 INFO             PET1 !!! THE ESMF_LOG IS SET TO OUTPUT ALL LOG MESSAGES !!!
20220315 013515.496 INFO             PET1 !!!     THIS MAY CAUSE SLOWDOWN IN PERFORMANCE     !!!
20220315 013515.496 INFO             PET1 !!! FOR PRODUCTION RUNS, USE:                      !!!
20220315 013515.496 INFO             PET1 !!!                   ESMF_LOGKIND_Multi_On_Error  !!!
20220315 013515.496 INFO             PET1 !!!!!!!!!!!!!!!!!!!!!!!!!!!!!!!!!!!!!!!!!!!!!!!!!!!!!!
20220315 013515.496 INFO             PET1 Running with ESMF Version   : v8.3.0b09-2-g2a2241bd36
20220315 013515.496 INFO             PET1 ESMF library build date/time: "Mar 15 2022" "01:11:30"
20220315 013515.496 INFO             PET1 ESMF library build location : /gpfsm/dnb04/projects/p98/mpotts/esmf/gfortran_10.1.0_intelmpi_O_develop
20220315 013515.496 INFO             PET1 ESMF_COMM                   : intelmpi
20220315 013515.497 INFO             PET1 ESMF_MOAB                   : enabled
20220315 013515.497 INFO             PET1 ESMF_LAPACK                 : enabled
20220315 013515.497 INFO             PET1 ESMF_NETCDF                 : disabled
20220315 013515.497 INFO             PET1 ESMF_PNETCDF                : disabled
20220315 013515.497 INFO             PET1 ESMF_PIO                    : enabled
20220315 013515.497 INFO             PET1 ESMF_YAMLCPP                : enabled
20220315 013515.498 INFO             PET1 ESMF_FieldRedistStoreNF(): Just entered routine.
20220315 013515.535 INFO             PET1 ESMF_FieldRedistStoreNF(): Leaving routine.
20220315 013515.552 INFO             PET1  NUMBER_OF_PROCESSORS           4
20220315 013515.553 INFO             PET1  PASS  Example ESMF_RHandleFromFileEx, ESMF_RHandleFromFileEx.F90, line 192
20220315 013515.553 INFO             PET1 Finalizing ESMF
20220315 013515.497 INFO             PET2 !!!!!!!!!!!!!!!!!!!!!!!!!!!!!!!!!!!!!!!!!!!!!!!!!!!!!!
20220315 013515.497 INFO             PET2 !!! THE ESMF_LOG IS SET TO OUTPUT ALL LOG MESSAGES !!!
20220315 013515.497 INFO             PET2 !!!     THIS MAY CAUSE SLOWDOWN IN PERFORMANCE     !!!
20220315 013515.497 INFO             PET2 !!! FOR PRODUCTION RUNS, USE:                      !!!
20220315 013515.497 INFO             PET2 !!!                   ESMF_LOGKIND_Multi_On_Error  !!!
20220315 013515.497 INFO             PET2 !!!!!!!!!!!!!!!!!!!!!!!!!!!!!!!!!!!!!!!!!!!!!!!!!!!!!!
20220315 013515.497 INFO             PET2 Running with ESMF Version   : v8.3.0b09-2-g2a2241bd36
20220315 013515.497 INFO             PET2 ESMF library build date/time: "Mar 15 2022" "01:11:30"
20220315 013515.497 INFO             PET2 ESMF library build location : /gpfsm/dnb04/projects/p98/mpotts/esmf/gfortran_10.1.0_intelmpi_O_develop
20220315 013515.497 INFO             PET2 ESMF_COMM                   : intelmpi
20220315 013515.497 INFO             PET2 ESMF_MOAB                   : enabled
20220315 013515.497 INFO             PET2 ESMF_LAPACK                 : enabled
20220315 013515.497 INFO             PET2 ESMF_NETCDF                 : disabled
20220315 013515.497 INFO             PET2 ESMF_PNETCDF                : disabled
20220315 013515.497 INFO             PET2 ESMF_PIO                    : enabled
20220315 013515.497 INFO             PET2 ESMF_YAMLCPP                : enabled
20220315 013515.498 INFO             PET2 ESMF_FieldRedistStoreNF(): Just entered routine.
20220315 013515.535 INFO             PET2 ESMF_FieldRedistStoreNF(): Leaving routine.
20220315 013515.553 INFO             PET2  NUMBER_OF_PROCESSORS           4
20220315 013515.553 INFO             PET2  PASS  Example ESMF_RHandleFromFileEx, ESMF_RHandleFromFileEx.F90, line 192
20220315 013515.553 INFO             PET2 Finalizing ESMF
20220315 013515.497 INFO             PET3 !!!!!!!!!!!!!!!!!!!!!!!!!!!!!!!!!!!!!!!!!!!!!!!!!!!!!!
20220315 013515.497 INFO             PET3 !!! THE ESMF_LOG IS SET TO OUTPUT ALL LOG MESSAGES !!!
20220315 013515.497 INFO             PET3 !!!     THIS MAY CAUSE SLOWDOWN IN PERFORMANCE     !!!
20220315 013515.497 INFO             PET3 !!! FOR PRODUCTION RUNS, USE:                      !!!
20220315 013515.497 INFO             PET3 !!!                   ESMF_LOGKIND_Multi_On_Error  !!!
20220315 013515.497 INFO             PET3 !!!!!!!!!!!!!!!!!!!!!!!!!!!!!!!!!!!!!!!!!!!!!!!!!!!!!!
20220315 013515.497 INFO             PET3 Running with ESMF Version   : v8.3.0b09-2-g2a2241bd36
20220315 013515.497 INFO             PET3 ESMF library build date/time: "Mar 15 2022" "01:11:30"
20220315 013515.497 INFO             PET3 ESMF library build location : /gpfsm/dnb04/projects/p98/mpotts/esmf/gfortran_10.1.0_intelmpi_O_develop
20220315 013515.497 INFO             PET3 ESMF_COMM                   : intelmpi
20220315 013515.497 INFO             PET3 ESMF_MOAB                   : enabled
20220315 013515.497 INFO             PET3 ESMF_LAPACK                 : enabled
20220315 013515.497 INFO             PET3 ESMF_NETCDF                 : disabled
20220315 013515.497 INFO             PET3 ESMF_PNETCDF                : disabled
20220315 013515.497 INFO             PET3 ESMF_PIO                    : enabled
20220315 013515.497 INFO             PET3 ESMF_YAMLCPP                : enabled
20220315 013515.499 INFO             PET3 ESMF_FieldRedistStoreNF(): Just entered routine.
20220315 013515.535 INFO             PET3 ESMF_FieldRedistStoreNF(): Leaving routine.
20220315 013515.552 INFO             PET3  NUMBER_OF_PROCESSORS           4
20220315 013515.553 INFO             PET3  PASS  Example ESMF_RHandleFromFileEx, ESMF_RHandleFromFileEx.F90, line 192
20220315 013515.553 INFO             PET3 Finalizing ESMF
