Sun 13 Mar 04:03:14 UTC 2022
 
Installing ESMF:
 
mkdir -p /lfs/h1/emc/ptmp/Mark.Potts/gfortran_10.3.0_mpich3_g_jedwards_pio_update2/DEFAULTINSTALLDIR/include
cp -f /lfs/h1/emc/ptmp/Mark.Potts/gfortran_10.3.0_mpich3_g_jedwards_pio_update2/src/include/ESMC.h /lfs/h1/emc/ptmp/Mark.Potts/gfortran_10.3.0_mpich3_g_jedwards_pio_update2/DEFAULTINSTALLDIR/include
cp -f /lfs/h1/emc/ptmp/Mark.Potts/gfortran_10.3.0_mpich3_g_jedwards_pio_update2/src/include/ESMC_*.h /lfs/h1/emc/ptmp/Mark.Potts/gfortran_10.3.0_mpich3_g_jedwards_pio_update2/DEFAULTINSTALLDIR/include
cp -f /lfs/h1/emc/ptmp/Mark.Potts/gfortran_10.3.0_mpich3_g_jedwards_pio_update2/build_config/Linux.gfortran.default/ESMC_Conf.h /lfs/h1/emc/ptmp/Mark.Potts/gfortran_10.3.0_mpich3_g_jedwards_pio_update2/DEFAULTINSTALLDIR/include
mkdir -p /lfs/h1/emc/ptmp/Mark.Potts/gfortran_10.3.0_mpich3_g_jedwards_pio_update2/DEFAULTINSTALLDIR/mod/modg/Linux.gfortran.64.mpich3.default
cp -f /lfs/h1/emc/ptmp/Mark.Potts/gfortran_10.3.0_mpich3_g_jedwards_pio_update2/mod/modg/Linux.gfortran.64.mpich3.default/*.mod /lfs/h1/emc/ptmp/Mark.Potts/gfortran_10.3.0_mpich3_g_jedwards_pio_update2/DEFAULTINSTALLDIR/mod/modg/Linux.gfortran.64.mpich3.default
mkdir -p /lfs/h1/emc/ptmp/Mark.Potts/gfortran_10.3.0_mpich3_g_jedwards_pio_update2/DEFAULTINSTALLDIR/lib/libg/Linux.gfortran.64.mpich3.default
cp -f /lfs/h1/emc/ptmp/Mark.Potts/gfortran_10.3.0_mpich3_g_jedwards_pio_update2/lib/libg/Linux.gfortran.64.mpich3.default/libesmf*.* /lfs/h1/emc/ptmp/Mark.Potts/gfortran_10.3.0_mpich3_g_jedwards_pio_update2/DEFAULTINSTALLDIR/lib/libg/Linux.gfortran.64.mpich3.default
cp -f /lfs/h1/emc/ptmp/Mark.Potts/gfortran_10.3.0_mpich3_g_jedwards_pio_update2/lib/libg/Linux.gfortran.64.mpich3.default/libpioc.* /lfs/h1/emc/ptmp/Mark.Potts/gfortran_10.3.0_mpich3_g_jedwards_pio_update2/DEFAULTINSTALLDIR/lib/libg/Linux.gfortran.64.mpich3.default
make ESMF_PRELOADDIR=/lfs/h1/emc/ptmp/Mark.Potts/gfortran_10.3.0_mpich3_g_jedwards_pio_update2/DEFAULTINSTALLDIR/lib/libg/Linux.gfortran.64.mpich3.default build_preload_script
make[1]: Entering directory '/lfs/h1/emc/ptmp/Mark.Potts/gfortran_10.3.0_mpich3_g_jedwards_pio_update2'
chmod 755 /lfs/h1/emc/ptmp/Mark.Potts/gfortran_10.3.0_mpich3_g_jedwards_pio_update2/DEFAULTINSTALLDIR/lib/libg/Linux.gfortran.64.mpich3.default/preload.sh
make[1]: Leaving directory '/lfs/h1/emc/ptmp/Mark.Potts/gfortran_10.3.0_mpich3_g_jedwards_pio_update2'
ranlib /lfs/h1/emc/ptmp/Mark.Potts/gfortran_10.3.0_mpich3_g_jedwards_pio_update2/DEFAULTINSTALLDIR/lib/libg/Linux.gfortran.64.mpich3.default/libesmf*.a
make install_apps
make[1]: Entering directory '/lfs/h1/emc/ptmp/Mark.Potts/gfortran_10.3.0_mpich3_g_jedwards_pio_update2'
mkdir -p /lfs/h1/emc/ptmp/Mark.Potts/gfortran_10.3.0_mpich3_g_jedwards_pio_update2/DEFAULTINSTALLDIR/bin/bing/Linux.gfortran.64.mpich3.default
make build_apps ESMF_APPSDIR=/lfs/h1/emc/ptmp/Mark.Potts/gfortran_10.3.0_mpich3_g_jedwards_pio_update2/DEFAULTINSTALLDIR/bin/bing/Linux.gfortran.64.mpich3.default ESMF_LDIR=/lfs/h1/emc/ptmp/Mark.Potts/gfortran_10.3.0_mpich3_g_jedwards_pio_update2/DEFAULTINSTALLDIR/lib/libg/Linux.gfortran.64.mpich3.default ESMF_LIBDIR=/lfs/h1/emc/ptmp/Mark.Potts/gfortran_10.3.0_mpich3_g_jedwards_pio_update2/DEFAULTINSTALLDIR/lib/libg/Linux.gfortran.64.mpich3.default ESMF_MODDIR=/lfs/h1/emc/ptmp/Mark.Potts/gfortran_10.3.0_mpich3_g_jedwards_pio_update2/DEFAULTINSTALLDIR/mod/modg/Linux.gfortran.64.mpich3.default
make[2]: Entering directory '/lfs/h1/emc/ptmp/Mark.Potts/gfortran_10.3.0_mpich3_g_jedwards_pio_update2'
cd /lfs/h1/emc/ptmp/Mark.Potts/gfortran_10.3.0_mpich3_g_jedwards_pio_update2/src/apps; make ACTION=tree_build_apps tree
make[3]: Entering directory '/lfs/h1/emc/ptmp/Mark.Potts/gfortran_10.3.0_mpich3_g_jedwards_pio_update2/src/apps'
tree_build_apps in: /lfs/h1/emc/ptmp/Mark.Potts/gfortran_10.3.0_mpich3_g_jedwards_pio_update2/src/apps/ESMF_PrintInfo
make[4]: Entering directory '/lfs/h1/emc/ptmp/Mark.Potts/gfortran_10.3.0_mpich3_g_jedwards_pio_update2/src/apps/ESMF_PrintInfo'
make chkdir_locobj
make[5]: Entering directory '/lfs/h1/emc/ptmp/Mark.Potts/gfortran_10.3.0_mpich3_g_jedwards_pio_update2/src/apps/ESMF_PrintInfo'
Making directory /lfs/h1/emc/ptmp/Mark.Potts/gfortran_10.3.0_mpich3_g_jedwards_pio_update2/obj/objg/Linux.gfortran.64.mpich3.default/src/apps/ESMF_PrintInfo for apps output
make[5]: Leaving directory '/lfs/h1/emc/ptmp/Mark.Potts/gfortran_10.3.0_mpich3_g_jedwards_pio_update2/src/apps/ESMF_PrintInfo'
ftn -c -fallow-argument-mismatch -fallow-invalid-boz -g -Wall -Wextra -Wconversion -Wno-unused -Wno-unused-dummy-argument -fbacktrace -fimplicit-none -fcheck=all,no-pointer -fPIC  -m64 -mcmodel=small -pthread -ffree-line-length-none  -fopenmp -I/lfs/h1/emc/ptmp/Mark.Potts/gfortran_10.3.0_mpich3_g_jedwards_pio_update2/src/apps/ESMF_PrintInfo -I/lfs/h1/emc/ptmp/Mark.Potts/gfortran_10.3.0_mpich3_g_jedwards_pio_update2/build_config/Linux.gfortran.default -I/lfs/h1/emc/ptmp/Mark.Potts/gfortran_10.3.0_mpich3_g_jedwards_pio_update2/src/Infrastructure -I/lfs/h1/emc/ptmp/Mark.Potts/gfortran_10.3.0_mpich3_g_jedwards_pio_update2/src/Superstructure -I/lfs/h1/emc/ptmp/Mark.Potts/gfortran_10.3.0_mpich3_g_jedwards_pio_update2/DEFAULTINSTALLDIR/mod/modg/Linux.gfortran.64.mpich3.default -I/lfs/h1/emc/ptmp/Mark.Potts/gfortran_10.3.0_mpich3_g_jedwards_pio_update2/src/include -I/apps/prod/netcdf-hdf5parallel/4.7.4/gcc/10.2.0/cray-mpich/8.1.4/include -I/apps/prod/netcdf-hdf5parallel/4.7.4/gcc/10.2.0/cray-mpich/8.1.4/include  -DESMF_NO_INTEGER_1_BYTE -DESMF_NO_INTEGER_2_BYTE -DESMF_VERSION_STRING_GIT='"v8.3.0b09-96-g559b459836"' -DESMF_MOAB=1 -DESMF_LAPACK=1 -DESMF_LAPACK_INTERNAL=1 -DESMF_NO_ACC_SOFTWARE_STACK=1 -DESMF_NETCDF=1 -DESMF_YAMLCPP=1 -DESMF_YAML=1 -DESMF_PIO=1 -DESMF_NO_OPENACC -DESMF_TESTEXHAUSTIVE -DESMF_BOPT_g -DESMF_TESTCOMPTUNNEL -DESMF_TESTWITHTHREADS -DSx86_64_small=1 -DESMF_OS_Linux=1 -DESMF_COMM=mpich3 -DESMF_DIR=/lfs/h1/emc/ptmp/Mark.Potts/gfortran_10.3.0_mpich3_g_jedwards_pio_update2 ESMF_PrintInfo.F90 -o /lfs/h1/emc/ptmp/Mark.Potts/gfortran_10.3.0_mpich3_g_jedwards_pio_update2/obj/objg/Linux.gfortran.64.mpich3.default/src/apps/ESMF_PrintInfo/ESMF_PrintInfo.o
make chkdir_apps
make[5]: Entering directory '/lfs/h1/emc/ptmp/Mark.Potts/gfortran_10.3.0_mpich3_g_jedwards_pio_update2/src/apps/ESMF_PrintInfo'
make[5]: Leaving directory '/lfs/h1/emc/ptmp/Mark.Potts/gfortran_10.3.0_mpich3_g_jedwards_pio_update2/src/apps/ESMF_PrintInfo'
ftn     -m64 -mcmodel=small -pthread -Wl,--no-as-needed  -fopenmp -L/lfs/h1/emc/ptmp/Mark.Potts/gfortran_10.3.0_mpich3_g_jedwards_pio_update2/DEFAULTINSTALLDIR/lib/libg/Linux.gfortran.64.mpich3.default -L/apps/prod/netcdf-hdf5parallel/4.7.4/gcc/10.2.0/cray-mpich/8.1.4/lib -L/apps/prod/netcdf-hdf5parallel/4.7.4/gcc/10.2.0/cray-mpich/8.1.4/lib -L/opt/cray/pe/gcc/10.3.0/snos/lib/gcc/x86_64-suse-linux/10.3.0/../../../../lib64/ -Wl,-rpath,/lfs/h1/emc/ptmp/Mark.Potts/gfortran_10.3.0_mpich3_g_jedwards_pio_update2/DEFAULTINSTALLDIR/lib/libg/Linux.gfortran.64.mpich3.default -Wl,-rpath,/apps/prod/netcdf-hdf5parallel/4.7.4/gcc/10.2.0/cray-mpich/8.1.4/lib -Wl,-rpath,/apps/prod/netcdf-hdf5parallel/4.7.4/gcc/10.2.0/cray-mpich/8.1.4/lib  -Wl,-rpath,/opt/cray/pe/gcc/10.3.0/snos/lib/gcc/x86_64-suse-linux/10.3.0/../../../../lib64/ -o /lfs/h1/emc/ptmp/Mark.Potts/gfortran_10.3.0_mpich3_g_jedwards_pio_update2/DEFAULTINSTALLDIR/bin/bing/Linux.gfortran.64.mpich3.default/ESMF_PrintInfo /lfs/h1/emc/ptmp/Mark.Potts/gfortran_10.3.0_mpich3_g_jedwards_pio_update2/obj/objg/Linux.gfortran.64.mpich3.default/src/apps/ESMF_PrintInfo/ESMF_PrintInfo.o -lesmf  -lrt -lstdc++ -ldl -lnetcdf -lnetcdff -lpioc
make[4]: Leaving directory '/lfs/h1/emc/ptmp/Mark.Potts/gfortran_10.3.0_mpich3_g_jedwards_pio_update2/src/apps/ESMF_PrintInfo'
tree_build_apps in: /lfs/h1/emc/ptmp/Mark.Potts/gfortran_10.3.0_mpich3_g_jedwards_pio_update2/src/apps/ESMF_PrintInfoC
make[4]: Entering directory '/lfs/h1/emc/ptmp/Mark.Potts/gfortran_10.3.0_mpich3_g_jedwards_pio_update2/src/apps/ESMF_PrintInfoC'
make chkdir_locobj
make[5]: Entering directory '/lfs/h1/emc/ptmp/Mark.Potts/gfortran_10.3.0_mpich3_g_jedwards_pio_update2/src/apps/ESMF_PrintInfoC'
Making directory /lfs/h1/emc/ptmp/Mark.Potts/gfortran_10.3.0_mpich3_g_jedwards_pio_update2/obj/objg/Linux.gfortran.64.mpich3.default/src/apps/ESMF_PrintInfoC for apps output
make[5]: Leaving directory '/lfs/h1/emc/ptmp/Mark.Potts/gfortran_10.3.0_mpich3_g_jedwards_pio_update2/src/apps/ESMF_PrintInfoC'
CC -c -std=c++11 -g -Wall -Wextra -Wno-unused  -fPIC -DESMF_LOWERCASE_SINGLEUNDERSCORE -m64 -mcmodel=small -pthread  -fopenmp -I/lfs/h1/emc/ptmp/Mark.Potts/gfortran_10.3.0_mpich3_g_jedwards_pio_update2/src/apps/ESMF_PrintInfoC -I/lfs/h1/emc/ptmp/Mark.Potts/gfortran_10.3.0_mpich3_g_jedwards_pio_update2/src/apps/ESMF_PrintInfoC/../include -I/lfs/h1/emc/ptmp/Mark.Potts/gfortran_10.3.0_mpich3_g_jedwards_pio_update2/build_config/Linux.gfortran.default -I/lfs/h1/emc/ptmp/Mark.Potts/gfortran_10.3.0_mpich3_g_jedwards_pio_update2/src/Infrastructure -I/lfs/h1/emc/ptmp/Mark.Potts/gfortran_10.3.0_mpich3_g_jedwards_pio_update2/src/Superstructure -I/lfs/h1/emc/ptmp/Mark.Potts/gfortran_10.3.0_mpich3_g_jedwards_pio_update2/src/Infrastructure/stubs/pthread  -I/lfs/h1/emc/ptmp/Mark.Potts/gfortran_10.3.0_mpich3_g_jedwards_pio_update2/src/include  -I/apps/prod/netcdf-hdf5parallel/4.7.4/gcc/10.2.0/cray-mpich/8.1.4/include -I/lfs/h1/emc/ptmp/Mark.Potts/gfortran_10.3.0_mpich3_g_jedwards_pio_update2/src/prologue/yaml-cpp/include -DESMF_NO_INTEGER_1_BYTE -DESMF_NO_INTEGER_2_BYTE -DESMF_VERSION_STRING_GIT='"v8.3.0b09-96-g559b459836"' -DESMF_MOAB=1 -DESMF_LAPACK=1 -DESMF_LAPACK_INTERNAL=1 -DESMF_NO_ACC_SOFTWARE_STACK=1 -DESMF_NETCDF=1 -DESMF_YAMLCPP=1 -DESMF_YAML=1 -DESMF_PIO=1 -DESMF_NO_OPENACC -DESMF_TESTEXHAUSTIVE -DESMF_BOPT_g -DESMF_TESTCOMPTUNNEL -DESMF_TESTWITHTHREADS -DSx86_64_small=1 -DESMF_OS_Linux=1 -DESMF_COMM=mpich3 -DESMF_DIR=/lfs/h1/emc/ptmp/Mark.Potts/gfortran_10.3.0_mpich3_g_jedwards_pio_update2 -D__SDIR__='"src/apps/ESMF_PrintInfoC"' -DESMF_CXXSTD=11 ESMF_PrintInfoC.c -o /lfs/h1/emc/ptmp/Mark.Potts/gfortran_10.3.0_mpich3_g_jedwards_pio_update2/obj/objg/Linux.gfortran.64.mpich3.default/src/apps/ESMF_PrintInfoC/ESMF_PrintInfoC.o
make chkdir_apps
make[5]: Entering directory '/lfs/h1/emc/ptmp/Mark.Potts/gfortran_10.3.0_mpich3_g_jedwards_pio_update2/src/apps/ESMF_PrintInfoC'
make[5]: Leaving directory '/lfs/h1/emc/ptmp/Mark.Potts/gfortran_10.3.0_mpich3_g_jedwards_pio_update2/src/apps/ESMF_PrintInfoC'
CC  -fPIC -lnetcdff -lnetcdff  -m64 -mcmodel=small -pthread -Wl,--no-as-needed  -fopenmp -L/lfs/h1/emc/ptmp/Mark.Potts/gfortran_10.3.0_mpich3_g_jedwards_pio_update2/DEFAULTINSTALLDIR/lib/libg/Linux.gfortran.64.mpich3.default -L/apps/prod/netcdf-hdf5parallel/4.7.4/gcc/10.2.0/cray-mpich/8.1.4/lib -L/apps/prod/netcdf-hdf5parallel/4.7.4/gcc/10.2.0/cray-mpich/8.1.4/lib -L/opt/cray/pe/gcc/10.3.0/snos/lib/gcc/x86_64-suse-linux/10.3.0/../../../../lib64/ -Wl,-rpath,/lfs/h1/emc/ptmp/Mark.Potts/gfortran_10.3.0_mpich3_g_jedwards_pio_update2/DEFAULTINSTALLDIR/lib/libg/Linux.gfortran.64.mpich3.default -Wl,-rpath,/apps/prod/netcdf-hdf5parallel/4.7.4/gcc/10.2.0/cray-mpich/8.1.4/lib -Wl,-rpath,/apps/prod/netcdf-hdf5parallel/4.7.4/gcc/10.2.0/cray-mpich/8.1.4/lib  -Wl,-rpath,/opt/cray/pe/gcc/10.3.0/snos/lib/gcc/x86_64-suse-linux/10.3.0/../../../../lib64/ -o /lfs/h1/emc/ptmp/Mark.Potts/gfortran_10.3.0_mpich3_g_jedwards_pio_update2/DEFAULTINSTALLDIR/bin/bing/Linux.gfortran.64.mpich3.default/ESMF_PrintInfoC /lfs/h1/emc/ptmp/Mark.Potts/gfortran_10.3.0_mpich3_g_jedwards_pio_update2/obj/objg/Linux.gfortran.64.mpich3.default/src/apps/ESMF_PrintInfoC/ESMF_PrintInfoC.o -lesmf  -lrt -lgfortran -ldl -lnetcdf -lnetcdff -lpioc
make[4]: Leaving directory '/lfs/h1/emc/ptmp/Mark.Potts/gfortran_10.3.0_mpich3_g_jedwards_pio_update2/src/apps/ESMF_PrintInfoC'
tree_build_apps in: /lfs/h1/emc/ptmp/Mark.Potts/gfortran_10.3.0_mpich3_g_jedwards_pio_update2/src/apps/ESMF_RegridWeightGen
make[4]: Entering directory '/lfs/h1/emc/ptmp/Mark.Potts/gfortran_10.3.0_mpich3_g_jedwards_pio_update2/src/apps/ESMF_RegridWeightGen'
make chkdir_locobj
make[5]: Entering directory '/lfs/h1/emc/ptmp/Mark.Potts/gfortran_10.3.0_mpich3_g_jedwards_pio_update2/src/apps/ESMF_RegridWeightGen'
Making directory /lfs/h1/emc/ptmp/Mark.Potts/gfortran_10.3.0_mpich3_g_jedwards_pio_update2/obj/objg/Linux.gfortran.64.mpich3.default/src/apps/ESMF_RegridWeightGen for apps output
make[5]: Leaving directory '/lfs/h1/emc/ptmp/Mark.Potts/gfortran_10.3.0_mpich3_g_jedwards_pio_update2/src/apps/ESMF_RegridWeightGen'
ftn -c -fallow-argument-mismatch -fallow-invalid-boz -g -Wall -Wextra -Wconversion -Wno-unused -Wno-unused-dummy-argument -fbacktrace -fimplicit-none -fcheck=all,no-pointer -fPIC  -m64 -mcmodel=small -pthread -ffree-line-length-none  -fopenmp -I/lfs/h1/emc/ptmp/Mark.Potts/gfortran_10.3.0_mpich3_g_jedwards_pio_update2/src/apps/ESMF_RegridWeightGen -I/lfs/h1/emc/ptmp/Mark.Potts/gfortran_10.3.0_mpich3_g_jedwards_pio_update2/build_config/Linux.gfortran.default -I/lfs/h1/emc/ptmp/Mark.Potts/gfortran_10.3.0_mpich3_g_jedwards_pio_update2/src/Infrastructure -I/lfs/h1/emc/ptmp/Mark.Potts/gfortran_10.3.0_mpich3_g_jedwards_pio_update2/src/Superstructure -I/lfs/h1/emc/ptmp/Mark.Potts/gfortran_10.3.0_mpich3_g_jedwards_pio_update2/DEFAULTINSTALLDIR/mod/modg/Linux.gfortran.64.mpich3.default -I/lfs/h1/emc/ptmp/Mark.Potts/gfortran_10.3.0_mpich3_g_jedwards_pio_update2/src/include -I/apps/prod/netcdf-hdf5parallel/4.7.4/gcc/10.2.0/cray-mpich/8.1.4/include -I/apps/prod/netcdf-hdf5parallel/4.7.4/gcc/10.2.0/cray-mpich/8.1.4/include  -DESMF_NO_INTEGER_1_BYTE -DESMF_NO_INTEGER_2_BYTE -DESMF_VERSION_STRING_GIT='"v8.3.0b09-96-g559b459836"' -DESMF_MOAB=1 -DESMF_LAPACK=1 -DESMF_LAPACK_INTERNAL=1 -DESMF_NO_ACC_SOFTWARE_STACK=1 -DESMF_NETCDF=1 -DESMF_YAMLCPP=1 -DESMF_YAML=1 -DESMF_PIO=1 -DESMF_NO_OPENACC -DESMF_TESTEXHAUSTIVE -DESMF_BOPT_g -DESMF_TESTCOMPTUNNEL -DESMF_TESTWITHTHREADS -DSx86_64_small=1 -DESMF_OS_Linux=1 -DESMF_COMM=mpich3 -DESMF_DIR=/lfs/h1/emc/ptmp/Mark.Potts/gfortran_10.3.0_mpich3_g_jedwards_pio_update2 ESMF_RegridWeightGen.F90 -o /lfs/h1/emc/ptmp/Mark.Potts/gfortran_10.3.0_mpich3_g_jedwards_pio_update2/obj/objg/Linux.gfortran.64.mpich3.default/src/apps/ESMF_RegridWeightGen/ESMF_RegridWeightGen.o
make chkdir_apps
make[5]: Entering directory '/lfs/h1/emc/ptmp/Mark.Potts/gfortran_10.3.0_mpich3_g_jedwards_pio_update2/src/apps/ESMF_RegridWeightGen'
make[5]: Leaving directory '/lfs/h1/emc/ptmp/Mark.Potts/gfortran_10.3.0_mpich3_g_jedwards_pio_update2/src/apps/ESMF_RegridWeightGen'
ftn     -m64 -mcmodel=small -pthread -Wl,--no-as-needed  -fopenmp -L/lfs/h1/emc/ptmp/Mark.Potts/gfortran_10.3.0_mpich3_g_jedwards_pio_update2/DEFAULTINSTALLDIR/lib/libg/Linux.gfortran.64.mpich3.default -L/apps/prod/netcdf-hdf5parallel/4.7.4/gcc/10.2.0/cray-mpich/8.1.4/lib -L/apps/prod/netcdf-hdf5parallel/4.7.4/gcc/10.2.0/cray-mpich/8.1.4/lib -L/opt/cray/pe/gcc/10.3.0/snos/lib/gcc/x86_64-suse-linux/10.3.0/../../../../lib64/ -Wl,-rpath,/lfs/h1/emc/ptmp/Mark.Potts/gfortran_10.3.0_mpich3_g_jedwards_pio_update2/DEFAULTINSTALLDIR/lib/libg/Linux.gfortran.64.mpich3.default -Wl,-rpath,/apps/prod/netcdf-hdf5parallel/4.7.4/gcc/10.2.0/cray-mpich/8.1.4/lib -Wl,-rpath,/apps/prod/netcdf-hdf5parallel/4.7.4/gcc/10.2.0/cray-mpich/8.1.4/lib  -Wl,-rpath,/opt/cray/pe/gcc/10.3.0/snos/lib/gcc/x86_64-suse-linux/10.3.0/../../../../lib64/ -o /lfs/h1/emc/ptmp/Mark.Potts/gfortran_10.3.0_mpich3_g_jedwards_pio_update2/DEFAULTINSTALLDIR/bin/bing/Linux.gfortran.64.mpich3.default/ESMF_RegridWeightGen /lfs/h1/emc/ptmp/Mark.Potts/gfortran_10.3.0_mpich3_g_jedwards_pio_update2/obj/objg/Linux.gfortran.64.mpich3.default/src/apps/ESMF_RegridWeightGen/ESMF_RegridWeightGen.o -lesmf  -lrt -lstdc++ -ldl -lnetcdf -lnetcdff -lpioc
make[4]: Leaving directory '/lfs/h1/emc/ptmp/Mark.Potts/gfortran_10.3.0_mpich3_g_jedwards_pio_update2/src/apps/ESMF_RegridWeightGen'
tree_build_apps in: /lfs/h1/emc/ptmp/Mark.Potts/gfortran_10.3.0_mpich3_g_jedwards_pio_update2/src/apps/ESMF_WebServController
make[4]: Entering directory '/lfs/h1/emc/ptmp/Mark.Potts/gfortran_10.3.0_mpich3_g_jedwards_pio_update2/src/apps/ESMF_WebServController'
make chkdir_locobj
make[5]: Entering directory '/lfs/h1/emc/ptmp/Mark.Potts/gfortran_10.3.0_mpich3_g_jedwards_pio_update2/src/apps/ESMF_WebServController'
Making directory /lfs/h1/emc/ptmp/Mark.Potts/gfortran_10.3.0_mpich3_g_jedwards_pio_update2/obj/objg/Linux.gfortran.64.mpich3.default/src/apps/ESMF_WebServController for apps output
make[5]: Leaving directory '/lfs/h1/emc/ptmp/Mark.Potts/gfortran_10.3.0_mpich3_g_jedwards_pio_update2/src/apps/ESMF_WebServController'
CC -c -std=c++11 -g -Wall -Wextra -Wno-unused  -fPIC -DESMF_LOWERCASE_SINGLEUNDERSCORE -m64 -mcmodel=small -pthread  -fopenmp -I/lfs/h1/emc/ptmp/Mark.Potts/gfortran_10.3.0_mpich3_g_jedwards_pio_update2/src/apps/ESMF_WebServController -I/lfs/h1/emc/ptmp/Mark.Potts/gfortran_10.3.0_mpich3_g_jedwards_pio_update2/src/apps/ESMF_WebServController/../include -I/lfs/h1/emc/ptmp/Mark.Potts/gfortran_10.3.0_mpich3_g_jedwards_pio_update2/build_config/Linux.gfortran.default -I/lfs/h1/emc/ptmp/Mark.Potts/gfortran_10.3.0_mpich3_g_jedwards_pio_update2/src/Infrastructure -I/lfs/h1/emc/ptmp/Mark.Potts/gfortran_10.3.0_mpich3_g_jedwards_pio_update2/src/Superstructure -I/lfs/h1/emc/ptmp/Mark.Potts/gfortran_10.3.0_mpich3_g_jedwards_pio_update2/src/Infrastructure/stubs/pthread  -I/lfs/h1/emc/ptmp/Mark.Potts/gfortran_10.3.0_mpich3_g_jedwards_pio_update2/src/include  -I/apps/prod/netcdf-hdf5parallel/4.7.4/gcc/10.2.0/cray-mpich/8.1.4/include -I/lfs/h1/emc/ptmp/Mark.Potts/gfortran_10.3.0_mpich3_g_jedwards_pio_update2/src/prologue/yaml-cpp/include -DESMF_NO_INTEGER_1_BYTE -DESMF_NO_INTEGER_2_BYTE -DESMF_VERSION_STRING_GIT='"v8.3.0b09-96-g559b459836"' -DESMF_MOAB=1 -DESMF_LAPACK=1 -DESMF_LAPACK_INTERNAL=1 -DESMF_NO_ACC_SOFTWARE_STACK=1 -DESMF_NETCDF=1 -DESMF_YAMLCPP=1 -DESMF_YAML=1 -DESMF_PIO=1 -DESMF_NO_OPENACC -DESMF_TESTEXHAUSTIVE -DESMF_BOPT_g -DESMF_TESTCOMPTUNNEL -DESMF_TESTWITHTHREADS -DSx86_64_small=1 -DESMF_OS_Linux=1 -DESMF_COMM=mpich3 -DESMF_DIR=/lfs/h1/emc/ptmp/Mark.Potts/gfortran_10.3.0_mpich3_g_jedwards_pio_update2 -D__SDIR__='"src/apps/ESMF_WebServController"' -DESMF_CXXSTD=11 ESMF_WebServController.C -o /lfs/h1/emc/ptmp/Mark.Potts/gfortran_10.3.0_mpich3_g_jedwards_pio_update2/obj/objg/Linux.gfortran.64.mpich3.default/src/apps/ESMF_WebServController/ESMF_WebServController.o
make chkdir_apps
make[5]: Entering directory '/lfs/h1/emc/ptmp/Mark.Potts/gfortran_10.3.0_mpich3_g_jedwards_pio_update2/src/apps/ESMF_WebServController'
make[5]: Leaving directory '/lfs/h1/emc/ptmp/Mark.Potts/gfortran_10.3.0_mpich3_g_jedwards_pio_update2/src/apps/ESMF_WebServController'
CC  -fPIC -lnetcdff -lnetcdff  -m64 -mcmodel=small -pthread -Wl,--no-as-needed  -fopenmp -L/lfs/h1/emc/ptmp/Mark.Potts/gfortran_10.3.0_mpich3_g_jedwards_pio_update2/DEFAULTINSTALLDIR/lib/libg/Linux.gfortran.64.mpich3.default -L/apps/prod/netcdf-hdf5parallel/4.7.4/gcc/10.2.0/cray-mpich/8.1.4/lib -L/apps/prod/netcdf-hdf5parallel/4.7.4/gcc/10.2.0/cray-mpich/8.1.4/lib -L/opt/cray/pe/gcc/10.3.0/snos/lib/gcc/x86_64-suse-linux/10.3.0/../../../../lib64/ -Wl,-rpath,/lfs/h1/emc/ptmp/Mark.Potts/gfortran_10.3.0_mpich3_g_jedwards_pio_update2/DEFAULTINSTALLDIR/lib/libg/Linux.gfortran.64.mpich3.default -Wl,-rpath,/apps/prod/netcdf-hdf5parallel/4.7.4/gcc/10.2.0/cray-mpich/8.1.4/lib -Wl,-rpath,/apps/prod/netcdf-hdf5parallel/4.7.4/gcc/10.2.0/cray-mpich/8.1.4/lib  -Wl,-rpath,/opt/cray/pe/gcc/10.3.0/snos/lib/gcc/x86_64-suse-linux/10.3.0/../../../../lib64/ -o /lfs/h1/emc/ptmp/Mark.Potts/gfortran_10.3.0_mpich3_g_jedwards_pio_update2/DEFAULTINSTALLDIR/bin/bing/Linux.gfortran.64.mpich3.default/ESMF_WebServController /lfs/h1/emc/ptmp/Mark.Potts/gfortran_10.3.0_mpich3_g_jedwards_pio_update2/obj/objg/Linux.gfortran.64.mpich3.default/src/apps/ESMF_WebServController/ESMF_WebServController.o -lesmf  -lrt -lgfortran -ldl -lnetcdf -lnetcdff -lpioc
make[4]: Leaving directory '/lfs/h1/emc/ptmp/Mark.Potts/gfortran_10.3.0_mpich3_g_jedwards_pio_update2/src/apps/ESMF_WebServController'
tree_build_apps in: /lfs/h1/emc/ptmp/Mark.Potts/gfortran_10.3.0_mpich3_g_jedwards_pio_update2/src/apps/ESMF_Scrip2Unstruct
make[4]: Entering directory '/lfs/h1/emc/ptmp/Mark.Potts/gfortran_10.3.0_mpich3_g_jedwards_pio_update2/src/apps/ESMF_Scrip2Unstruct'
make chkdir_locobj
make[5]: Entering directory '/lfs/h1/emc/ptmp/Mark.Potts/gfortran_10.3.0_mpich3_g_jedwards_pio_update2/src/apps/ESMF_Scrip2Unstruct'
Making directory /lfs/h1/emc/ptmp/Mark.Potts/gfortran_10.3.0_mpich3_g_jedwards_pio_update2/obj/objg/Linux.gfortran.64.mpich3.default/src/apps/ESMF_Scrip2Unstruct for apps output
make[5]: Leaving directory '/lfs/h1/emc/ptmp/Mark.Potts/gfortran_10.3.0_mpich3_g_jedwards_pio_update2/src/apps/ESMF_Scrip2Unstruct'
CC -c -std=c++11 -g -Wall -Wextra -Wno-unused  -fPIC -DESMF_LOWERCASE_SINGLEUNDERSCORE -m64 -mcmodel=small -pthread  -fopenmp -I/lfs/h1/emc/ptmp/Mark.Potts/gfortran_10.3.0_mpich3_g_jedwards_pio_update2/src/apps/ESMF_Scrip2Unstruct -I/lfs/h1/emc/ptmp/Mark.Potts/gfortran_10.3.0_mpich3_g_jedwards_pio_update2/src/apps/ESMF_Scrip2Unstruct/../include -I/lfs/h1/emc/ptmp/Mark.Potts/gfortran_10.3.0_mpich3_g_jedwards_pio_update2/build_config/Linux.gfortran.default -I/lfs/h1/emc/ptmp/Mark.Potts/gfortran_10.3.0_mpich3_g_jedwards_pio_update2/src/Infrastructure -I/lfs/h1/emc/ptmp/Mark.Potts/gfortran_10.3.0_mpich3_g_jedwards_pio_update2/src/Superstructure -I/lfs/h1/emc/ptmp/Mark.Potts/gfortran_10.3.0_mpich3_g_jedwards_pio_update2/src/Infrastructure/stubs/pthread  -I/lfs/h1/emc/ptmp/Mark.Potts/gfortran_10.3.0_mpich3_g_jedwards_pio_update2/src/include  -I/apps/prod/netcdf-hdf5parallel/4.7.4/gcc/10.2.0/cray-mpich/8.1.4/include -I/lfs/h1/emc/ptmp/Mark.Potts/gfortran_10.3.0_mpich3_g_jedwards_pio_update2/src/prologue/yaml-cpp/include -DESMF_NO_INTEGER_1_BYTE -DESMF_NO_INTEGER_2_BYTE -DESMF_VERSION_STRING_GIT='"v8.3.0b09-96-g559b459836"' -DESMF_MOAB=1 -DESMF_LAPACK=1 -DESMF_LAPACK_INTERNAL=1 -DESMF_NO_ACC_SOFTWARE_STACK=1 -DESMF_NETCDF=1 -DESMF_YAMLCPP=1 -DESMF_YAML=1 -DESMF_PIO=1 -DESMF_NO_OPENACC -DESMF_TESTEXHAUSTIVE -DESMF_BOPT_g -DESMF_TESTCOMPTUNNEL -DESMF_TESTWITHTHREADS -DSx86_64_small=1 -DESMF_OS_Linux=1 -DESMF_COMM=mpich3 -DESMF_DIR=/lfs/h1/emc/ptmp/Mark.Potts/gfortran_10.3.0_mpich3_g_jedwards_pio_update2 -D__SDIR__='"src/apps/ESMF_Scrip2Unstruct"' -DESMF_CXXSTD=11 ESMF_Scrip2Unstruct.C -o /lfs/h1/emc/ptmp/Mark.Potts/gfortran_10.3.0_mpich3_g_jedwards_pio_update2/obj/objg/Linux.gfortran.64.mpich3.default/src/apps/ESMF_Scrip2Unstruct/ESMF_Scrip2Unstruct.o
ESMF_Scrip2Unstruct.C: In function 'int main(int, char**)':
ESMF_Scrip2Unstruct.C:581:14: warning: comparison of integer expressions of different signedness: 'int' and 'size_t' {aka 'long unsigned int'} [-Wsign-compare]
  581 |   for (i=0; i<len; i++) {
      |             ~^~~~
ESMF_Scrip2Unstruct.C:592:19: warning: comparison of integer expressions of different signedness: 'int' and 'size_t' {aka 'long unsigned int'} [-Wsign-compare]
  592 |     for (i = 0; i < gcdim*gsdim; i++) {
      |                 ~~^~~~~~~~~~~~~
ESMF_Scrip2Unstruct.C:598:17: warning: comparison of integer expressions of different signedness: 'int' and 'size_t' {aka 'long unsigned int'} [-Wsign-compare]
  598 |   for (i = 0; i < gcdim*gsdim; i++) {
      |               ~~^~~~~~~~~~~~~
ESMF_Scrip2Unstruct.C:666:14: warning: comparison of integer expressions of different signedness: 'int' and 'size_t' {aka 'long unsigned int'} [-Wsign-compare]
  666 |   for (i=0; i<gcdim*gsdim; i++) {
      |             ~^~~~~~~~~~~~
ESMF_Scrip2Unstruct.C:693:14: warning: comparison of integer expressions of different signedness: 'int' and 'size_t' {aka 'long unsigned int'} [-Wsign-compare]
  693 |   for (i=0; i<gsdim; i++) {
      |             ~^~~~~~
ESMF_Scrip2Unstruct.C:698:16: warning: comparison of integer expressions of different signedness: 'int' and 'size_t' {aka 'long unsigned int'} [-Wsign-compare]
  698 |     for (j=1; j<gcdim; j++) {
      |               ~^~~~~~
ESMF_Scrip2Unstruct.C:724:20: warning: comparison of integer expressions of different signedness: 'int' and 'size_t' {aka 'long unsigned int'} [-Wsign-compare]
  724 |     for (j=count; j<gcdim; j++) {
      |                   ~^~~~~~
ESMF_Scrip2Unstruct.C:838:15: warning: comparison of integer expressions of different signedness: 'int' and 'size_t' {aka 'long unsigned int'} [-Wsign-compare]
  838 |    for (i=0; i<len; i++) {
      |              ~^~~~
ESMF_Scrip2Unstruct.C:849:17: warning: comparison of integer expressions of different signedness: 'int' and 'size_t' {aka 'long unsigned int'} [-Wsign-compare]
  849 |      for (i=0; i<gsdim; i++) {
      |                ~^~~~~~
ESMF_Scrip2Unstruct.C:856:17: warning: comparison of integer expressions of different signedness: 'int' and 'size_t' {aka 'long unsigned int'} [-Wsign-compare]
  856 |      for (i=0; i<gsdim; i++) {
      |                ~^~~~~~
ESMF_Scrip2Unstruct.C:869:17: warning: comparison of integer expressions of different signedness: 'int' and 'size_t' {aka 'long unsigned int'} [-Wsign-compare]
  869 |      for (i=0; i<gsdim; i++) {
      |                ~^~~~~~
ESMF_Scrip2Unstruct.C:875:17: warning: comparison of integer expressions of different signedness: 'int' and 'size_t' {aka 'long unsigned int'} [-Wsign-compare]
  875 |      for (i=0; i<gsdim; i++) {
      |                ~^~~~~~
ESMF_Scrip2Unstruct.C:946:16: warning: comparison of integer expressions of different signedness: 'int' and 'size_t' {aka 'long unsigned int'} [-Wsign-compare]
  946 |     for (i=0; i<gsdim; i++) {
      |               ~^~~~~~
ESMF_Scrip2Unstruct.C:957:16: warning: comparison of integer expressions of different signedness: 'int' and 'size_t' {aka 'long unsigned int'} [-Wsign-compare]
  957 |     for (i=0; i<gsdim; i++) {
      |               ~^~~~~~
ESMF_Scrip2Unstruct.C:967:16: warning: comparison of integer expressions of different signedness: 'int' and 'size_t' {aka 'long unsigned int'} [-Wsign-compare]
  967 |     for (i=0; i<len; i++) {
      |               ~^~~~
ESMF_Scrip2Unstruct.C:976:18: warning: comparison of integer expressions of different signedness: 'int' and 'size_t' {aka 'long unsigned int'} [-Wsign-compare]
  976 |       for (i=0; i<gsdim*2; i++) {
      |                 ~^~~~~~~~
ESMF_Scrip2Unstruct.C:992:20: warning: comparison of integer expressions of different signedness: 'int' and 'size_t' {aka 'long unsigned int'} [-Wsign-compare]
  992 |     for (i=0,k=0; i<gsdim; i++) {
      |                   ~^~~~~~
ESMF_Scrip2Unstruct.C:993:18: warning: comparison of integer expressions of different signedness: 'int' and 'size_t' {aka 'long unsigned int'} [-Wsign-compare]
  993 |       for (j=0; j<gcdim; j++,k++) {
      |                 ~^~~~~~
ESMF_Scrip2Unstruct.C:1082:17: warning: comparison of integer expressions of different signedness: 'int' and 'size_t' {aka 'long unsigned int'} [-Wsign-compare]
 1082 |      for (j=0; j<gsdim;j++) {
      |                ~^~~~~~
ESMF_Scrip2Unstruct.C:1089:18: warning: comparison of integer expressions of different signedness: 'int' and 'size_t' {aka 'long unsigned int'} [-Wsign-compare]
 1089 |      for (j=0;  j<gsdim;j++) {
      |                 ~^~~~~~
make chkdir_apps
make[5]: Entering directory '/lfs/h1/emc/ptmp/Mark.Potts/gfortran_10.3.0_mpich3_g_jedwards_pio_update2/src/apps/ESMF_Scrip2Unstruct'
make[5]: Leaving directory '/lfs/h1/emc/ptmp/Mark.Potts/gfortran_10.3.0_mpich3_g_jedwards_pio_update2/src/apps/ESMF_Scrip2Unstruct'
CC  -fPIC -lnetcdff -lnetcdff  -m64 -mcmodel=small -pthread -Wl,--no-as-needed  -fopenmp -L/lfs/h1/emc/ptmp/Mark.Potts/gfortran_10.3.0_mpich3_g_jedwards_pio_update2/DEFAULTINSTALLDIR/lib/libg/Linux.gfortran.64.mpich3.default -L/apps/prod/netcdf-hdf5parallel/4.7.4/gcc/10.2.0/cray-mpich/8.1.4/lib -L/apps/prod/netcdf-hdf5parallel/4.7.4/gcc/10.2.0/cray-mpich/8.1.4/lib -L/opt/cray/pe/gcc/10.3.0/snos/lib/gcc/x86_64-suse-linux/10.3.0/../../../../lib64/ -Wl,-rpath,/lfs/h1/emc/ptmp/Mark.Potts/gfortran_10.3.0_mpich3_g_jedwards_pio_update2/DEFAULTINSTALLDIR/lib/libg/Linux.gfortran.64.mpich3.default -Wl,-rpath,/apps/prod/netcdf-hdf5parallel/4.7.4/gcc/10.2.0/cray-mpich/8.1.4/lib -Wl,-rpath,/apps/prod/netcdf-hdf5parallel/4.7.4/gcc/10.2.0/cray-mpich/8.1.4/lib  -Wl,-rpath,/opt/cray/pe/gcc/10.3.0/snos/lib/gcc/x86_64-suse-linux/10.3.0/../../../../lib64/ -o /lfs/h1/emc/ptmp/Mark.Potts/gfortran_10.3.0_mpich3_g_jedwards_pio_update2/DEFAULTINSTALLDIR/bin/bing/Linux.gfortran.64.mpich3.default/ESMF_Scrip2Unstruct /lfs/h1/emc/ptmp/Mark.Potts/gfortran_10.3.0_mpich3_g_jedwards_pio_update2/obj/objg/Linux.gfortran.64.mpich3.default/src/apps/ESMF_Scrip2Unstruct/ESMF_Scrip2Unstruct.o -lesmf  -lrt -lgfortran -ldl -lnetcdf -lnetcdff -lpioc
make[4]: Leaving directory '/lfs/h1/emc/ptmp/Mark.Potts/gfortran_10.3.0_mpich3_g_jedwards_pio_update2/src/apps/ESMF_Scrip2Unstruct'
tree_build_apps in: /lfs/h1/emc/ptmp/Mark.Potts/gfortran_10.3.0_mpich3_g_jedwards_pio_update2/src/apps/ESMF_Regrid
make[4]: Entering directory '/lfs/h1/emc/ptmp/Mark.Potts/gfortran_10.3.0_mpich3_g_jedwards_pio_update2/src/apps/ESMF_Regrid'
make chkdir_locobj
make[5]: Entering directory '/lfs/h1/emc/ptmp/Mark.Potts/gfortran_10.3.0_mpich3_g_jedwards_pio_update2/src/apps/ESMF_Regrid'
Making directory /lfs/h1/emc/ptmp/Mark.Potts/gfortran_10.3.0_mpich3_g_jedwards_pio_update2/obj/objg/Linux.gfortran.64.mpich3.default/src/apps/ESMF_Regrid for apps output
make[5]: Leaving directory '/lfs/h1/emc/ptmp/Mark.Potts/gfortran_10.3.0_mpich3_g_jedwards_pio_update2/src/apps/ESMF_Regrid'
ftn -c -fallow-argument-mismatch -fallow-invalid-boz -g -Wall -Wextra -Wconversion -Wno-unused -Wno-unused-dummy-argument -fbacktrace -fimplicit-none -fcheck=all,no-pointer -fPIC  -m64 -mcmodel=small -pthread -ffree-line-length-none  -fopenmp -I/lfs/h1/emc/ptmp/Mark.Potts/gfortran_10.3.0_mpich3_g_jedwards_pio_update2/src/apps/ESMF_Regrid -I/lfs/h1/emc/ptmp/Mark.Potts/gfortran_10.3.0_mpich3_g_jedwards_pio_update2/build_config/Linux.gfortran.default -I/lfs/h1/emc/ptmp/Mark.Potts/gfortran_10.3.0_mpich3_g_jedwards_pio_update2/src/Infrastructure -I/lfs/h1/emc/ptmp/Mark.Potts/gfortran_10.3.0_mpich3_g_jedwards_pio_update2/src/Superstructure -I/lfs/h1/emc/ptmp/Mark.Potts/gfortran_10.3.0_mpich3_g_jedwards_pio_update2/DEFAULTINSTALLDIR/mod/modg/Linux.gfortran.64.mpich3.default -I/lfs/h1/emc/ptmp/Mark.Potts/gfortran_10.3.0_mpich3_g_jedwards_pio_update2/src/include -I/apps/prod/netcdf-hdf5parallel/4.7.4/gcc/10.2.0/cray-mpich/8.1.4/include -I/apps/prod/netcdf-hdf5parallel/4.7.4/gcc/10.2.0/cray-mpich/8.1.4/include  -DESMF_NO_INTEGER_1_BYTE -DESMF_NO_INTEGER_2_BYTE -DESMF_VERSION_STRING_GIT='"v8.3.0b09-96-g559b459836"' -DESMF_MOAB=1 -DESMF_LAPACK=1 -DESMF_LAPACK_INTERNAL=1 -DESMF_NO_ACC_SOFTWARE_STACK=1 -DESMF_NETCDF=1 -DESMF_YAMLCPP=1 -DESMF_YAML=1 -DESMF_PIO=1 -DESMF_NO_OPENACC -DESMF_TESTEXHAUSTIVE -DESMF_BOPT_g -DESMF_TESTCOMPTUNNEL -DESMF_TESTWITHTHREADS -DSx86_64_small=1 -DESMF_OS_Linux=1 -DESMF_COMM=mpich3 -DESMF_DIR=/lfs/h1/emc/ptmp/Mark.Potts/gfortran_10.3.0_mpich3_g_jedwards_pio_update2 ESMF_Regrid.F90 -o /lfs/h1/emc/ptmp/Mark.Potts/gfortran_10.3.0_mpich3_g_jedwards_pio_update2/obj/objg/Linux.gfortran.64.mpich3.default/src/apps/ESMF_Regrid/ESMF_Regrid.o
make chkdir_apps
make[5]: Entering directory '/lfs/h1/emc/ptmp/Mark.Potts/gfortran_10.3.0_mpich3_g_jedwards_pio_update2/src/apps/ESMF_Regrid'
make[5]: Leaving directory '/lfs/h1/emc/ptmp/Mark.Potts/gfortran_10.3.0_mpich3_g_jedwards_pio_update2/src/apps/ESMF_Regrid'
ftn     -m64 -mcmodel=small -pthread -Wl,--no-as-needed  -fopenmp -L/lfs/h1/emc/ptmp/Mark.Potts/gfortran_10.3.0_mpich3_g_jedwards_pio_update2/DEFAULTINSTALLDIR/lib/libg/Linux.gfortran.64.mpich3.default -L/apps/prod/netcdf-hdf5parallel/4.7.4/gcc/10.2.0/cray-mpich/8.1.4/lib -L/apps/prod/netcdf-hdf5parallel/4.7.4/gcc/10.2.0/cray-mpich/8.1.4/lib -L/opt/cray/pe/gcc/10.3.0/snos/lib/gcc/x86_64-suse-linux/10.3.0/../../../../lib64/ -Wl,-rpath,/lfs/h1/emc/ptmp/Mark.Potts/gfortran_10.3.0_mpich3_g_jedwards_pio_update2/DEFAULTINSTALLDIR/lib/libg/Linux.gfortran.64.mpich3.default -Wl,-rpath,/apps/prod/netcdf-hdf5parallel/4.7.4/gcc/10.2.0/cray-mpich/8.1.4/lib -Wl,-rpath,/apps/prod/netcdf-hdf5parallel/4.7.4/gcc/10.2.0/cray-mpich/8.1.4/lib  -Wl,-rpath,/opt/cray/pe/gcc/10.3.0/snos/lib/gcc/x86_64-suse-linux/10.3.0/../../../../lib64/ -o /lfs/h1/emc/ptmp/Mark.Potts/gfortran_10.3.0_mpich3_g_jedwards_pio_update2/DEFAULTINSTALLDIR/bin/bing/Linux.gfortran.64.mpich3.default/ESMF_Regrid /lfs/h1/emc/ptmp/Mark.Potts/gfortran_10.3.0_mpich3_g_jedwards_pio_update2/obj/objg/Linux.gfortran.64.mpich3.default/src/apps/ESMF_Regrid/ESMF_Regrid.o -lesmf  -lrt -lstdc++ -ldl -lnetcdf -lnetcdff -lpioc
make[4]: Leaving directory '/lfs/h1/emc/ptmp/Mark.Potts/gfortran_10.3.0_mpich3_g_jedwards_pio_update2/src/apps/ESMF_Regrid'
make[3]: Leaving directory '/lfs/h1/emc/ptmp/Mark.Potts/gfortran_10.3.0_mpich3_g_jedwards_pio_update2/src/apps'
ESMF apps built successfully.
make[2]: Leaving directory '/lfs/h1/emc/ptmp/Mark.Potts/gfortran_10.3.0_mpich3_g_jedwards_pio_update2'
make[1]: Leaving directory '/lfs/h1/emc/ptmp/Mark.Potts/gfortran_10.3.0_mpich3_g_jedwards_pio_update2'
mkdir -p /lfs/h1/emc/ptmp/Mark.Potts/gfortran_10.3.0_mpich3_g_jedwards_pio_update2/DEFAULTINSTALLDIR/doc
make install_info_mk
make[1]: Entering directory '/lfs/h1/emc/ptmp/Mark.Potts/gfortran_10.3.0_mpich3_g_jedwards_pio_update2'
make info_mk ESMF_APPSDIR=/lfs/h1/emc/ptmp/Mark.Potts/gfortran_10.3.0_mpich3_g_jedwards_pio_update2/DEFAULTINSTALLDIR/bin/bing/Linux.gfortran.64.mpich3.default ESMF_LDIR=/lfs/h1/emc/ptmp/Mark.Potts/gfortran_10.3.0_mpich3_g_jedwards_pio_update2/DEFAULTINSTALLDIR/lib/libg/Linux.gfortran.64.mpich3.default ESMF_LIBDIR=/lfs/h1/emc/ptmp/Mark.Potts/gfortran_10.3.0_mpich3_g_jedwards_pio_update2/DEFAULTINSTALLDIR/lib/libg/Linux.gfortran.64.mpich3.default ESMF_MODDIR=/lfs/h1/emc/ptmp/Mark.Potts/gfortran_10.3.0_mpich3_g_jedwards_pio_update2/DEFAULTINSTALLDIR/mod/modg/Linux.gfortran.64.mpich3.default ESMF_INCDIR=/lfs/h1/emc/ptmp/Mark.Potts/gfortran_10.3.0_mpich3_g_jedwards_pio_update2/DEFAULTINSTALLDIR/include
make[2]: Entering directory '/lfs/h1/emc/ptmp/Mark.Potts/gfortran_10.3.0_mpich3_g_jedwards_pio_update2'
make[2]: Leaving directory '/lfs/h1/emc/ptmp/Mark.Potts/gfortran_10.3.0_mpich3_g_jedwards_pio_update2'
make[1]: Leaving directory '/lfs/h1/emc/ptmp/Mark.Potts/gfortran_10.3.0_mpich3_g_jedwards_pio_update2'
 
ESMF installation complete.
 
