build time -- 2022-03-23 01:38:28.583483
20220323 021102.460 INFO             PET0 !!!!!!!!!!!!!!!!!!!!!!!!!!!!!!!!!!!!!!!!!!!!!!!!!!!!!!
20220323 021102.460 INFO             PET0 !!! THE ESMF_LOG IS SET TO OUTPUT ALL LOG MESSAGES !!!
20220323 021102.460 INFO             PET0 !!!     THIS MAY CAUSE SLOWDOWN IN PERFORMANCE     !!!
20220323 021102.460 INFO             PET0 !!! FOR PRODUCTION RUNS, USE:                      !!!
20220323 021102.460 INFO             PET0 !!!                   ESMF_LOGKIND_Multi_On_Error  !!!
20220323 021102.460 INFO             PET0 !!!!!!!!!!!!!!!!!!!!!!!!!!!!!!!!!!!!!!!!!!!!!!!!!!!!!!
20220323 021102.460 INFO             PET0 Running with ESMF Version   : v8.3.0b09-103-gbb860f29f6
20220323 021102.460 INFO             PET0 ESMF library build date/time: "Mar 23 2022" "01:36:15"
20220323 021102.460 INFO             PET0 ESMF library build location : /gpfsm/dnb04/projects/p98/mpotts/esmf/intel_19.1.3_intelmpi_O_jedwards_pio_update2
20220323 021102.460 INFO             PET0 ESMF_COMM                   : intelmpi
20220323 021102.461 INFO             PET0 ESMF_MOAB                   : enabled
20220323 021102.461 INFO             PET0 ESMF_LAPACK                 : enabled
20220323 021102.461 INFO             PET0 ESMF_NETCDF                 : enabled
20220323 021102.461 INFO             PET0 ESMF_PNETCDF                : disabled
20220323 021102.461 INFO             PET0 ESMF_PIO                    : enabled
20220323 021102.461 INFO             PET0 ESMF_YAMLCPP                : enabled
20220323 021102.461 INFO             PET0  NUMBER_OF_PROCESSORS           4
20220323 021102.461 INFO             PET0  PASS  Example ESMF_VMUserMpiEx, ESMF_VMUserMpiEx.F90, line 96
20220323 021102.461 INFO             PET0 Finalizing ESMF
20220323 021102.460 INFO             PET1 !!!!!!!!!!!!!!!!!!!!!!!!!!!!!!!!!!!!!!!!!!!!!!!!!!!!!!
20220323 021102.460 INFO             PET1 !!! THE ESMF_LOG IS SET TO OUTPUT ALL LOG MESSAGES !!!
20220323 021102.460 INFO             PET1 !!!     THIS MAY CAUSE SLOWDOWN IN PERFORMANCE     !!!
20220323 021102.460 INFO             PET1 !!! FOR PRODUCTION RUNS, USE:                      !!!
20220323 021102.460 INFO             PET1 !!!                   ESMF_LOGKIND_Multi_On_Error  !!!
20220323 021102.460 INFO             PET1 !!!!!!!!!!!!!!!!!!!!!!!!!!!!!!!!!!!!!!!!!!!!!!!!!!!!!!
20220323 021102.460 INFO             PET1 Running with ESMF Version   : v8.3.0b09-103-gbb860f29f6
20220323 021102.460 INFO             PET1 ESMF library build date/time: "Mar 23 2022" "01:36:15"
20220323 021102.460 INFO             PET1 ESMF library build location : /gpfsm/dnb04/projects/p98/mpotts/esmf/intel_19.1.3_intelmpi_O_jedwards_pio_update2
20220323 021102.460 INFO             PET1 ESMF_COMM                   : intelmpi
20220323 021102.461 INFO             PET1 ESMF_MOAB                   : enabled
20220323 021102.461 INFO             PET1 ESMF_LAPACK                 : enabled
20220323 021102.461 INFO             PET1 ESMF_NETCDF                 : enabled
20220323 021102.461 INFO             PET1 ESMF_PNETCDF                : disabled
20220323 021102.461 INFO             PET1 ESMF_PIO                    : enabled
20220323 021102.461 INFO             PET1 ESMF_YAMLCPP                : enabled
20220323 021102.461 INFO             PET1  NUMBER_OF_PROCESSORS           4
20220323 021102.461 INFO             PET1  PASS  Example ESMF_VMUserMpiEx, ESMF_VMUserMpiEx.F90, line 96
20220323 021102.461 INFO             PET1 Finalizing ESMF
20220323 021102.460 INFO             PET2 !!!!!!!!!!!!!!!!!!!!!!!!!!!!!!!!!!!!!!!!!!!!!!!!!!!!!!
20220323 021102.460 INFO             PET2 !!! THE ESMF_LOG IS SET TO OUTPUT ALL LOG MESSAGES !!!
20220323 021102.460 INFO             PET2 !!!     THIS MAY CAUSE SLOWDOWN IN PERFORMANCE     !!!
20220323 021102.460 INFO             PET2 !!! FOR PRODUCTION RUNS, USE:                      !!!
20220323 021102.460 INFO             PET2 !!!                   ESMF_LOGKIND_Multi_On_Error  !!!
20220323 021102.460 INFO             PET2 !!!!!!!!!!!!!!!!!!!!!!!!!!!!!!!!!!!!!!!!!!!!!!!!!!!!!!
20220323 021102.460 INFO             PET2 Running with ESMF Version   : v8.3.0b09-103-gbb860f29f6
20220323 021102.460 INFO             PET2 ESMF library build date/time: "Mar 23 2022" "01:36:15"
20220323 021102.460 INFO             PET2 ESMF library build location : /gpfsm/dnb04/projects/p98/mpotts/esmf/intel_19.1.3_intelmpi_O_jedwards_pio_update2
20220323 021102.460 INFO             PET2 ESMF_COMM                   : intelmpi
20220323 021102.461 INFO             PET2 ESMF_MOAB                   : enabled
20220323 021102.461 INFO             PET2 ESMF_LAPACK                 : enabled
20220323 021102.461 INFO             PET2 ESMF_NETCDF                 : enabled
20220323 021102.461 INFO             PET2 ESMF_PNETCDF                : disabled
20220323 021102.461 INFO             PET2 ESMF_PIO                    : enabled
20220323 021102.461 INFO             PET2 ESMF_YAMLCPP                : enabled
20220323 021102.461 INFO             PET2  NUMBER_OF_PROCESSORS           4
20220323 021102.461 INFO             PET2  PASS  Example ESMF_VMUserMpiEx, ESMF_VMUserMpiEx.F90, line 96
20220323 021102.461 INFO             PET2 Finalizing ESMF
20220323 021102.460 INFO             PET3 !!!!!!!!!!!!!!!!!!!!!!!!!!!!!!!!!!!!!!!!!!!!!!!!!!!!!!
20220323 021102.460 INFO             PET3 !!! THE ESMF_LOG IS SET TO OUTPUT ALL LOG MESSAGES !!!
20220323 021102.460 INFO             PET3 !!!     THIS MAY CAUSE SLOWDOWN IN PERFORMANCE     !!!
20220323 021102.460 INFO             PET3 !!! FOR PRODUCTION RUNS, USE:                      !!!
20220323 021102.460 INFO             PET3 !!!                   ESMF_LOGKIND_Multi_On_Error  !!!
20220323 021102.460 INFO             PET3 !!!!!!!!!!!!!!!!!!!!!!!!!!!!!!!!!!!!!!!!!!!!!!!!!!!!!!
20220323 021102.460 INFO             PET3 Running with ESMF Version   : v8.3.0b09-103-gbb860f29f6
20220323 021102.460 INFO             PET3 ESMF library build date/time: "Mar 23 2022" "01:36:15"
20220323 021102.460 INFO             PET3 ESMF library build location : /gpfsm/dnb04/projects/p98/mpotts/esmf/intel_19.1.3_intelmpi_O_jedwards_pio_update2
20220323 021102.460 INFO             PET3 ESMF_COMM                   : intelmpi
20220323 021102.460 INFO             PET3 ESMF_MOAB                   : enabled
20220323 021102.460 INFO             PET3 ESMF_LAPACK                 : enabled
20220323 021102.460 INFO             PET3 ESMF_NETCDF                 : enabled
20220323 021102.460 INFO             PET3 ESMF_PNETCDF                : disabled
20220323 021102.460 INFO             PET3 ESMF_PIO                    : enabled
20220323 021102.460 INFO             PET3 ESMF_YAMLCPP                : enabled
20220323 021102.461 INFO             PET3  NUMBER_OF_PROCESSORS           4
20220323 021102.461 INFO             PET3  PASS  Example ESMF_VMUserMpiEx, ESMF_VMUserMpiEx.F90, line 96
20220323 021102.461 INFO             PET3 Finalizing ESMF
