build time -- 2022-03-21 01:15:40.970570
20220321 015208.056 INFO             PET0 !!!!!!!!!!!!!!!!!!!!!!!!!!!!!!!!!!!!!!!!!!!!!!!!!!!!!!
20220321 015208.056 INFO             PET0 !!! THE ESMF_LOG IS SET TO OUTPUT ALL LOG MESSAGES !!!
20220321 015208.056 INFO             PET0 !!!     THIS MAY CAUSE SLOWDOWN IN PERFORMANCE     !!!
20220321 015208.056 INFO             PET0 !!! FOR PRODUCTION RUNS, USE:                      !!!
20220321 015208.056 INFO             PET0 !!!                   ESMF_LOGKIND_Multi_On_Error  !!!
20220321 015208.056 INFO             PET0 !!!!!!!!!!!!!!!!!!!!!!!!!!!!!!!!!!!!!!!!!!!!!!!!!!!!!!
20220321 015208.056 INFO             PET0 Running with ESMF Version   : v8.3.0b09-102-gabaf3ef548
20220321 015208.056 INFO             PET0 ESMF library build date/time: "Mar 21 2022" "01:13:30"
20220321 015208.056 INFO             PET0 ESMF library build location : /gpfsm/dnb04/projects/p98/mpotts/esmf/intel_19.1.3_intelmpi_O_jedwards_pio_update2
20220321 015208.056 INFO             PET0 ESMF_COMM                   : intelmpi
20220321 015208.056 INFO             PET0 ESMF_MOAB                   : enabled
20220321 015208.056 INFO             PET0 ESMF_LAPACK                 : enabled
20220321 015208.056 INFO             PET0 ESMF_NETCDF                 : enabled
20220321 015208.056 INFO             PET0 ESMF_PNETCDF                : disabled
20220321 015208.056 INFO             PET0 ESMF_PIO                    : enabled
20220321 015208.056 INFO             PET0 ESMF_YAMLCPP                : enabled
20220321 015208.056 INFO             PET0  NUMBER_OF_PROCESSORS           4
20220321 015208.056 INFO             PET0  PASS  Example ESMF_VMUserMpiCommMultiEx, ESMF_VMUserMpiCommMultiEx.F90, line 126
20220321 015208.056 INFO             PET0 Finalizing ESMF
20220321 015208.056 INFO             PET0 !!!!!!!!!!!!!!!!!!!!!!!!!!!!!!!!!!!!!!!!!!!!!!!!!!!!!!
20220321 015208.056 INFO             PET0 !!! THE ESMF_LOG IS SET TO OUTPUT ALL LOG MESSAGES !!!
20220321 015208.056 INFO             PET0 !!!     THIS MAY CAUSE SLOWDOWN IN PERFORMANCE     !!!
20220321 015208.056 INFO             PET0 !!! FOR PRODUCTION RUNS, USE:                      !!!
20220321 015208.056 INFO             PET0 !!!                   ESMF_LOGKIND_Multi_On_Error  !!!
20220321 015208.056 INFO             PET0 !!!!!!!!!!!!!!!!!!!!!!!!!!!!!!!!!!!!!!!!!!!!!!!!!!!!!!
20220321 015208.056 INFO             PET0 Running with ESMF Version   : v8.3.0b09-102-gabaf3ef548
20220321 015208.056 INFO             PET0 ESMF library build date/time: "Mar 21 2022" "01:13:30"
20220321 015208.056 INFO             PET0 ESMF library build location : /gpfsm/dnb04/projects/p98/mpotts/esmf/intel_19.1.3_intelmpi_O_jedwards_pio_update2
20220321 015208.056 INFO             PET0 ESMF_COMM                   : intelmpi
20220321 015208.057 INFO             PET0 ESMF_MOAB                   : enabled
20220321 015208.057 INFO             PET0 ESMF_LAPACK                 : enabled
20220321 015208.057 INFO             PET0 ESMF_NETCDF                 : enabled
20220321 015208.057 INFO             PET0 ESMF_PNETCDF                : disabled
20220321 015208.057 INFO             PET0 ESMF_PIO                    : enabled
20220321 015208.057 INFO             PET0 ESMF_YAMLCPP                : enabled
20220321 015208.057 INFO             PET0  NUMBER_OF_PROCESSORS           4
20220321 015208.057 INFO             PET0  PASS  Example ESMF_VMUserMpiCommMultiEx, ESMF_VMUserMpiCommMultiEx.F90, line 154
20220321 015208.057 INFO             PET0 Finalizing ESMF
20220321 015208.056 INFO             PET1 !!!!!!!!!!!!!!!!!!!!!!!!!!!!!!!!!!!!!!!!!!!!!!!!!!!!!!
20220321 015208.056 INFO             PET1 !!! THE ESMF_LOG IS SET TO OUTPUT ALL LOG MESSAGES !!!
20220321 015208.056 INFO             PET1 !!!     THIS MAY CAUSE SLOWDOWN IN PERFORMANCE     !!!
20220321 015208.056 INFO             PET1 !!! FOR PRODUCTION RUNS, USE:                      !!!
20220321 015208.056 INFO             PET1 !!!                   ESMF_LOGKIND_Multi_On_Error  !!!
20220321 015208.056 INFO             PET1 !!!!!!!!!!!!!!!!!!!!!!!!!!!!!!!!!!!!!!!!!!!!!!!!!!!!!!
20220321 015208.056 INFO             PET1 Running with ESMF Version   : v8.3.0b09-102-gabaf3ef548
20220321 015208.056 INFO             PET1 ESMF library build date/time: "Mar 21 2022" "01:13:30"
20220321 015208.056 INFO             PET1 ESMF library build location : /gpfsm/dnb04/projects/p98/mpotts/esmf/intel_19.1.3_intelmpi_O_jedwards_pio_update2
20220321 015208.056 INFO             PET1 ESMF_COMM                   : intelmpi
20220321 015208.056 INFO             PET1 ESMF_MOAB                   : enabled
20220321 015208.056 INFO             PET1 ESMF_LAPACK                 : enabled
20220321 015208.056 INFO             PET1 ESMF_NETCDF                 : enabled
20220321 015208.056 INFO             PET1 ESMF_PNETCDF                : disabled
20220321 015208.056 INFO             PET1 ESMF_PIO                    : enabled
20220321 015208.056 INFO             PET1 ESMF_YAMLCPP                : enabled
20220321 015208.057 INFO             PET1  NUMBER_OF_PROCESSORS           4
20220321 015208.057 INFO             PET1  PASS  Example ESMF_VMUserMpiCommMultiEx, ESMF_VMUserMpiCommMultiEx.F90, line 126
20220321 015208.057 INFO             PET1 Finalizing ESMF
20220321 015208.056 INFO             PET1 !!!!!!!!!!!!!!!!!!!!!!!!!!!!!!!!!!!!!!!!!!!!!!!!!!!!!!
20220321 015208.056 INFO             PET1 !!! THE ESMF_LOG IS SET TO OUTPUT ALL LOG MESSAGES !!!
20220321 015208.056 INFO             PET1 !!!     THIS MAY CAUSE SLOWDOWN IN PERFORMANCE     !!!
20220321 015208.056 INFO             PET1 !!! FOR PRODUCTION RUNS, USE:                      !!!
20220321 015208.056 INFO             PET1 !!!                   ESMF_LOGKIND_Multi_On_Error  !!!
20220321 015208.056 INFO             PET1 !!!!!!!!!!!!!!!!!!!!!!!!!!!!!!!!!!!!!!!!!!!!!!!!!!!!!!
20220321 015208.056 INFO             PET1 Running with ESMF Version   : v8.3.0b09-102-gabaf3ef548
20220321 015208.056 INFO             PET1 ESMF library build date/time: "Mar 21 2022" "01:13:30"
20220321 015208.056 INFO             PET1 ESMF library build location : /gpfsm/dnb04/projects/p98/mpotts/esmf/intel_19.1.3_intelmpi_O_jedwards_pio_update2
20220321 015208.056 INFO             PET1 ESMF_COMM                   : intelmpi
20220321 015208.057 INFO             PET1 ESMF_MOAB                   : enabled
20220321 015208.057 INFO             PET1 ESMF_LAPACK                 : enabled
20220321 015208.057 INFO             PET1 ESMF_NETCDF                 : enabled
20220321 015208.057 INFO             PET1 ESMF_PNETCDF                : disabled
20220321 015208.057 INFO             PET1 ESMF_PIO                    : enabled
20220321 015208.057 INFO             PET1 ESMF_YAMLCPP                : enabled
20220321 015208.058 INFO             PET1  NUMBER_OF_PROCESSORS           4
20220321 015208.058 INFO             PET1  PASS  Example ESMF_VMUserMpiCommMultiEx, ESMF_VMUserMpiCommMultiEx.F90, line 154
20220321 015208.058 INFO             PET1 Finalizing ESMF
