build time -- 2022-03-17 18:43:17.111407

Lmod is automatically replacing "mpt/2.22" with "impi/2018.4.274".


Due to MODULEPATH changes, the following have been reloaded:
  1) ncarcompilers/0.5.0

The following have been reloaded with a version change:
  1) intel/19.1.1 => intel/18.0.5     2) netcdf/4.8.1 => netcdf/4.6.3

+ export ESMF_NETCDF=nc-config
+ ESMF_NETCDF=nc-config
+ export ESMF_DIR=/glade/scratch/rlong/esmf-testing/intel_18.0.5_intelmpi_O_develop
+ ESMF_DIR=/glade/scratch/rlong/esmf-testing/intel_18.0.5_intelmpi_O_develop
+ export ESMF_COMPILER=intel
+ ESMF_COMPILER=intel
+ export ESMF_COMM=intelmpi
+ ESMF_COMM=intelmpi
+ export ESMF_BOPT=O
+ ESMF_BOPT=O
+ export ESMF_TESTEXHAUSTIVE=ON
+ ESMF_TESTEXHAUSTIVE=ON
+ export ESMF_TESTWITHTHREADS=ON
+ ESMF_TESTWITHTHREADS=ON
+ python3 setup.py test_examples_dryrun
running test_examples_dryrun
Traceback (most recent call last):
  File "setup.py", line 273, in <module>
    'test_regrid_from_file_parallel': TestRegridFromFileParallelCommand})
  File "/usr/lib64/python3.4/distutils/core.py", line 148, in setup
    dist.run_commands()
  File "/usr/lib64/python3.4/distutils/dist.py", line 955, in run_commands
    self.run_command(cmd)
  File "/usr/lib64/python3.4/distutils/dist.py", line 974, in run_command
    cmd_obj.run()
  File "setup.py", line 13, in wrapper
    from ESMF.util.cache_data import cache_data_files
  File "src/ESMF/__init__.py", line 69, in <module>
    from ESMF.api.esmpymanager import *
  File "src/ESMF/api/esmpymanager.py", line 9, in <module>
    from ESMF.api.constants import *
  File "src/ESMF/api/constants.py", line 3, in <module>
    import numpy as np
ImportError: No module named 'numpy'
+ python3 setup.py test_regrid_from_file_dryrun
running test_regrid_from_file_dryrun
Traceback (most recent call last):
  File "src/ESMF/test/regrid_from_file/run_regrid_from_file_dryrun.py", line 14, in <module>
    from ESMF.test.regrid_from_file.regrid_from_file_consts import DATA_SUBDIR, DATA_URL_ROOT
  File "/glade/scratch/rlong/esmf-testing/intel_18.0.5_intelmpi_O_develop/src/addon/ESMPy/src/ESMF/__init__.py", line 69, in <module>
    from ESMF.api.esmpymanager import *
  File "/glade/scratch/rlong/esmf-testing/intel_18.0.5_intelmpi_O_develop/src/addon/ESMPy/src/ESMF/api/esmpymanager.py", line 9, in <module>
    from ESMF.api.constants import *
  File "/glade/scratch/rlong/esmf-testing/intel_18.0.5_intelmpi_O_develop/src/addon/ESMPy/src/ESMF/api/constants.py", line 3, in <module>
    import numpy as np
ImportError: No module named 'numpy'
Traceback (most recent call last):
  File "setup.py", line 273, in <module>
    'test_regrid_from_file_parallel': TestRegridFromFileParallelCommand})
  File "/usr/lib64/python3.4/distutils/core.py", line 148, in setup
    dist.run_commands()
  File "/usr/lib64/python3.4/distutils/dist.py", line 955, in run_commands
    self.run_command(cmd)
  File "/usr/lib64/python3.4/distutils/dist.py", line 974, in run_command
    cmd_obj.run()
  File "setup.py", line 192, in run
    subprocess.check_call(cmd)
  File "/usr/lib64/python3.4/subprocess.py", line 558, in check_call
    raise CalledProcessError(retcode, cmd)
subprocess.CalledProcessError: Command '['/usr/bin/python3', 'src/ESMF/test/regrid_from_file/run_regrid_from_file_dryrun.py']' returned non-zero exit status 1
