build time -- 2022-03-20 01:46:01
20220320 022324.185 INFO             PET0 !!!!!!!!!!!!!!!!!!!!!!!!!!!!!!!!!!!!!!!!!!!!!!!!!!!!!!
20220320 022324.185 INFO             PET0 !!! THE ESMF_LOG IS SET TO OUTPUT ALL LOG MESSAGES !!!
20220320 022324.185 INFO             PET0 !!!     THIS MAY CAUSE SLOWDOWN IN PERFORMANCE     !!!
20220320 022324.185 INFO             PET0 !!! FOR PRODUCTION RUNS, USE:                      !!!
20220320 022324.185 INFO             PET0 !!!                   ESMF_LOGKIND_Multi_On_Error  !!!
20220320 022324.185 INFO             PET0 !!!!!!!!!!!!!!!!!!!!!!!!!!!!!!!!!!!!!!!!!!!!!!!!!!!!!!
20220320 022324.185 INFO             PET0 Running with ESMF Version   : v8.3.0b09-102-gabaf3ef548
20220320 022324.185 INFO             PET0 ESMF library build date/time: "Mar 20 2022" "01:43:59"
20220320 022324.186 INFO             PET0 ESMF library build location : /lustre/f2/dev/ncep/Mark.Potts/intel_2019.5_mpi_g_jedwards_pio_update2
20220320 022324.186 INFO             PET0 ESMF_COMM                   : mpi
20220320 022324.187 INFO             PET0 ESMF_MOAB                   : enabled
20220320 022324.187 INFO             PET0 ESMF_LAPACK                 : enabled
20220320 022324.187 INFO             PET0 ESMF_NETCDF                 : enabled
20220320 022324.187 INFO             PET0 ESMF_PNETCDF                : disabled
20220320 022324.187 INFO             PET0 ESMF_PIO                    : enabled
20220320 022324.187 INFO             PET0 ESMF_YAMLCPP                : enabled
20220320 022324.188 INFO             PET0  NUMBER_OF_PROCESSORS           1
20220320 022324.188 INFO             PET0  PASS  Example ESMF_AlarmEx, ESMF_AlarmEx.F90, line 244
20220320 022324.189 INFO             PET0 Finalizing ESMF
