build time -- 2022-03-15 01:00:34
20220315 014008.962 INFO             PET0 !!!!!!!!!!!!!!!!!!!!!!!!!!!!!!!!!!!!!!!!!!!!!!!!!!!!!!
20220315 014008.962 INFO             PET0 !!! THE ESMF_LOG IS SET TO OUTPUT ALL LOG MESSAGES !!!
20220315 014008.962 INFO             PET0 !!!     THIS MAY CAUSE SLOWDOWN IN PERFORMANCE     !!!
20220315 014008.962 INFO             PET0 !!! FOR PRODUCTION RUNS, USE:                      !!!
20220315 014008.962 INFO             PET0 !!!                   ESMF_LOGKIND_Multi_On_Error  !!!
20220315 014008.962 INFO             PET0 !!!!!!!!!!!!!!!!!!!!!!!!!!!!!!!!!!!!!!!!!!!!!!!!!!!!!!
20220315 014008.962 INFO             PET0 Running with ESMF Version   : v8.3.0b09-100-g5ff85a963f
20220315 014008.962 INFO             PET0 ESMF library build date/time: "Mar 15 2022" "00:58:35"
20220315 014008.962 INFO             PET0 ESMF library build location : /lustre/f2/dev/ncep/Mark.Potts/intel_2019.5_mpi_g_jedwards_pio_update2
20220315 014008.962 INFO             PET0 ESMF_COMM                   : mpi
20220315 014008.963 INFO             PET0 ESMF_MOAB                   : enabled
20220315 014008.963 INFO             PET0 ESMF_LAPACK                 : enabled
20220315 014008.963 INFO             PET0 ESMF_NETCDF                 : enabled
20220315 014008.963 INFO             PET0 ESMF_PNETCDF                : disabled
20220315 014008.963 INFO             PET0 ESMF_PIO                    : enabled
20220315 014008.963 INFO             PET0 ESMF_YAMLCPP                : enabled
20220315 014009.024 DEBUG            PET0 about to destroy Grid: 0x931a30
20220315 014009.029 DEBUG            PET0 about to destroy Grid: 0x934e50
20220315 014009.047 INFO             PET0  NUMBER_OF_PROCESSORS           4
20220315 014009.047 INFO             PET0  PASS  Example ESMF_NUOPCAtmModelEx, ESMF_NUOPCAtmModelEx.F90, line 806
20220315 014009.047 INFO             PET0 Finalizing ESMF
20220315 014008.964 INFO             PET1 !!!!!!!!!!!!!!!!!!!!!!!!!!!!!!!!!!!!!!!!!!!!!!!!!!!!!!
20220315 014008.964 INFO             PET1 !!! THE ESMF_LOG IS SET TO OUTPUT ALL LOG MESSAGES !!!
20220315 014008.964 INFO             PET1 !!!     THIS MAY CAUSE SLOWDOWN IN PERFORMANCE     !!!
20220315 014008.964 INFO             PET1 !!! FOR PRODUCTION RUNS, USE:                      !!!
20220315 014008.964 INFO             PET1 !!!                   ESMF_LOGKIND_Multi_On_Error  !!!
20220315 014008.964 INFO             PET1 !!!!!!!!!!!!!!!!!!!!!!!!!!!!!!!!!!!!!!!!!!!!!!!!!!!!!!
20220315 014008.964 INFO             PET1 Running with ESMF Version   : v8.3.0b09-100-g5ff85a963f
20220315 014008.964 INFO             PET1 ESMF library build date/time: "Mar 15 2022" "00:58:35"
20220315 014008.964 INFO             PET1 ESMF library build location : /lustre/f2/dev/ncep/Mark.Potts/intel_2019.5_mpi_g_jedwards_pio_update2
20220315 014008.964 INFO             PET1 ESMF_COMM                   : mpi
20220315 014008.965 INFO             PET1 ESMF_MOAB                   : enabled
20220315 014008.965 INFO             PET1 ESMF_LAPACK                 : enabled
20220315 014008.965 INFO             PET1 ESMF_NETCDF                 : enabled
20220315 014008.965 INFO             PET1 ESMF_PNETCDF                : disabled
20220315 014008.965 INFO             PET1 ESMF_PIO                    : enabled
20220315 014008.965 INFO             PET1 ESMF_YAMLCPP                : enabled
20220315 014009.024 DEBUG            PET1 about to destroy Grid: 0x930f90
20220315 014009.029 DEBUG            PET1 about to destroy Grid: 0x932570
20220315 014009.047 INFO             PET1  NUMBER_OF_PROCESSORS           4
20220315 014009.048 INFO             PET1  PASS  Example ESMF_NUOPCAtmModelEx, ESMF_NUOPCAtmModelEx.F90, line 806
20220315 014009.048 INFO             PET1 Finalizing ESMF
20220315 014008.967 INFO             PET2 !!!!!!!!!!!!!!!!!!!!!!!!!!!!!!!!!!!!!!!!!!!!!!!!!!!!!!
20220315 014008.967 INFO             PET2 !!! THE ESMF_LOG IS SET TO OUTPUT ALL LOG MESSAGES !!!
20220315 014008.967 INFO             PET2 !!!     THIS MAY CAUSE SLOWDOWN IN PERFORMANCE     !!!
20220315 014008.967 INFO             PET2 !!! FOR PRODUCTION RUNS, USE:                      !!!
20220315 014008.967 INFO             PET2 !!!                   ESMF_LOGKIND_Multi_On_Error  !!!
20220315 014008.967 INFO             PET2 !!!!!!!!!!!!!!!!!!!!!!!!!!!!!!!!!!!!!!!!!!!!!!!!!!!!!!
20220315 014008.967 INFO             PET2 Running with ESMF Version   : v8.3.0b09-100-g5ff85a963f
20220315 014008.967 INFO             PET2 ESMF library build date/time: "Mar 15 2022" "00:58:35"
20220315 014008.967 INFO             PET2 ESMF library build location : /lustre/f2/dev/ncep/Mark.Potts/intel_2019.5_mpi_g_jedwards_pio_update2
20220315 014008.967 INFO             PET2 ESMF_COMM                   : mpi
20220315 014008.967 INFO             PET2 ESMF_MOAB                   : enabled
20220315 014008.967 INFO             PET2 ESMF_LAPACK                 : enabled
20220315 014008.967 INFO             PET2 ESMF_NETCDF                 : enabled
20220315 014008.967 INFO             PET2 ESMF_PNETCDF                : disabled
20220315 014008.967 INFO             PET2 ESMF_PIO                    : enabled
20220315 014008.967 INFO             PET2 ESMF_YAMLCPP                : enabled
20220315 014009.024 DEBUG            PET2 about to destroy Grid: 0x930db0
20220315 014009.029 DEBUG            PET2 about to destroy Grid: 0x932390
20220315 014009.047 INFO             PET2  NUMBER_OF_PROCESSORS           4
20220315 014009.047 INFO             PET2  PASS  Example ESMF_NUOPCAtmModelEx, ESMF_NUOPCAtmModelEx.F90, line 806
20220315 014009.047 INFO             PET2 Finalizing ESMF
20220315 014008.964 INFO             PET3 !!!!!!!!!!!!!!!!!!!!!!!!!!!!!!!!!!!!!!!!!!!!!!!!!!!!!!
20220315 014008.964 INFO             PET3 !!! THE ESMF_LOG IS SET TO OUTPUT ALL LOG MESSAGES !!!
20220315 014008.964 INFO             PET3 !!!     THIS MAY CAUSE SLOWDOWN IN PERFORMANCE     !!!
20220315 014008.964 INFO             PET3 !!! FOR PRODUCTION RUNS, USE:                      !!!
20220315 014008.964 INFO             PET3 !!!                   ESMF_LOGKIND_Multi_On_Error  !!!
20220315 014008.964 INFO             PET3 !!!!!!!!!!!!!!!!!!!!!!!!!!!!!!!!!!!!!!!!!!!!!!!!!!!!!!
20220315 014008.964 INFO             PET3 Running with ESMF Version   : v8.3.0b09-100-g5ff85a963f
20220315 014008.964 INFO             PET3 ESMF library build date/time: "Mar 15 2022" "00:58:35"
20220315 014008.964 INFO             PET3 ESMF library build location : /lustre/f2/dev/ncep/Mark.Potts/intel_2019.5_mpi_g_jedwards_pio_update2
20220315 014008.964 INFO             PET3 ESMF_COMM                   : mpi
20220315 014008.965 INFO             PET3 ESMF_MOAB                   : enabled
20220315 014008.965 INFO             PET3 ESMF_LAPACK                 : enabled
20220315 014008.965 INFO             PET3 ESMF_NETCDF                 : enabled
20220315 014008.965 INFO             PET3 ESMF_PNETCDF                : disabled
20220315 014008.965 INFO             PET3 ESMF_PIO                    : enabled
20220315 014008.965 INFO             PET3 ESMF_YAMLCPP                : enabled
20220315 014009.024 DEBUG            PET3 about to destroy Grid: 0x930f90
20220315 014009.029 DEBUG            PET3 about to destroy Grid: 0x932570
20220315 014009.047 INFO             PET3  NUMBER_OF_PROCESSORS           4
20220315 014009.047 INFO             PET3  PASS  Example ESMF_NUOPCAtmModelEx, ESMF_NUOPCAtmModelEx.F90, line 806
20220315 014009.047 INFO             PET3 Finalizing ESMF
