build time -- 2022-03-21 01:24:42
20220321 020047.319 INFO             PET0 !!!!!!!!!!!!!!!!!!!!!!!!!!!!!!!!!!!!!!!!!!!!!!!!!!!!!!
20220321 020047.320 INFO             PET0 !!! THE ESMF_LOG IS SET TO OUTPUT ALL LOG MESSAGES !!!
20220321 020047.320 INFO             PET0 !!!     THIS MAY CAUSE SLOWDOWN IN PERFORMANCE     !!!
20220321 020047.320 INFO             PET0 !!! FOR PRODUCTION RUNS, USE:                      !!!
20220321 020047.320 INFO             PET0 !!!                   ESMF_LOGKIND_Multi_On_Error  !!!
20220321 020047.320 INFO             PET0 !!!!!!!!!!!!!!!!!!!!!!!!!!!!!!!!!!!!!!!!!!!!!!!!!!!!!!
20220321 020047.320 INFO             PET0 Running with ESMF Version   : v8.3.0b09-102-gabaf3ef548
20220321 020047.320 INFO             PET0 ESMF library build date/time: "Mar 21 2022" "01:22:50"
20220321 020047.320 INFO             PET0 ESMF library build location : /lustre/f2/dev/ncep/Mark.Potts/intel_2019.5_mpi_g_jedwards_pio_update2
20220321 020047.320 INFO             PET0 ESMF_COMM                   : mpi
20220321 020047.322 INFO             PET0 ESMF_MOAB                   : enabled
20220321 020047.322 INFO             PET0 ESMF_LAPACK                 : enabled
20220321 020047.322 INFO             PET0 ESMF_NETCDF                 : enabled
20220321 020047.322 INFO             PET0 ESMF_PNETCDF                : disabled
20220321 020047.322 INFO             PET0 ESMF_PIO                    : enabled
20220321 020047.322 INFO             PET0 ESMF_YAMLCPP                : enabled
20220321 020047.323 INFO             PET0  NUMBER_OF_PROCESSORS           1
20220321 020047.323 INFO             PET0  PASS  Example ESMF_ClockEx, ESMF_ClockEx.F90, line 220
20220321 020047.323 INFO             PET0 Finalizing ESMF
