build time -- 2022-03-18 10:28:24.909064
20220318 115148.161 INFO             PET0 !!!!!!!!!!!!!!!!!!!!!!!!!!!!!!!!!!!!!!!!!!!!!!!!!!!!!!
20220318 115148.161 INFO             PET0 !!! THE ESMF_LOG IS SET TO OUTPUT ALL LOG MESSAGES !!!
20220318 115148.161 INFO             PET0 !!!     THIS MAY CAUSE SLOWDOWN IN PERFORMANCE     !!!
20220318 115148.161 INFO             PET0 !!! FOR PRODUCTION RUNS, USE:                      !!!
20220318 115148.161 INFO             PET0 !!!                   ESMF_LOGKIND_Multi_On_Error  !!!
20220318 115148.161 INFO             PET0 !!!!!!!!!!!!!!!!!!!!!!!!!!!!!!!!!!!!!!!!!!!!!!!!!!!!!!
20220318 115148.161 INFO             PET0 Running with ESMF Version   : v8.3.0b09-102-gabaf3ef548
20220318 115148.161 INFO             PET0 ESMF library build date/time: "Mar 18 2022" "10:21:11"
20220318 115148.161 INFO             PET0 ESMF library build location : /glade/scratch/rlong/esmf-testing/intel_18.0.5_intelmpi_g_jedwards_pio_update2
20220318 115148.161 INFO             PET0 ESMF_COMM                   : intelmpi
20220318 115148.161 INFO             PET0 ESMF_MOAB                   : enabled
20220318 115148.161 INFO             PET0 ESMF_LAPACK                 : enabled
20220318 115148.161 INFO             PET0 ESMF_NETCDF                 : enabled
20220318 115148.161 INFO             PET0 ESMF_PNETCDF                : disabled
20220318 115148.161 INFO             PET0 ESMF_PIO                    : enabled
20220318 115148.161 INFO             PET0 ESMF_YAMLCPP                : enabled
20220318 115148.289 DEBUG            PET0 about to destroy Grid: 0x21a5600
20220318 115148.306 DEBUG            PET0 about to destroy Grid: 0x21a7430
20220318 115148.351 INFO             PET0  NUMBER_OF_PROCESSORS           4
20220318 115148.351 INFO             PET0  PASS  Example ESMF_NUOPCAtmModelEx, ESMF_NUOPCAtmModelEx.F90, line 806
20220318 115148.351 INFO             PET0 Finalizing ESMF
20220318 115148.162 INFO             PET1 !!!!!!!!!!!!!!!!!!!!!!!!!!!!!!!!!!!!!!!!!!!!!!!!!!!!!!
20220318 115148.162 INFO             PET1 !!! THE ESMF_LOG IS SET TO OUTPUT ALL LOG MESSAGES !!!
20220318 115148.162 INFO             PET1 !!!     THIS MAY CAUSE SLOWDOWN IN PERFORMANCE     !!!
20220318 115148.162 INFO             PET1 !!! FOR PRODUCTION RUNS, USE:                      !!!
20220318 115148.162 INFO             PET1 !!!                   ESMF_LOGKIND_Multi_On_Error  !!!
20220318 115148.162 INFO             PET1 !!!!!!!!!!!!!!!!!!!!!!!!!!!!!!!!!!!!!!!!!!!!!!!!!!!!!!
20220318 115148.162 INFO             PET1 Running with ESMF Version   : v8.3.0b09-102-gabaf3ef548
20220318 115148.162 INFO             PET1 ESMF library build date/time: "Mar 18 2022" "10:21:11"
20220318 115148.162 INFO             PET1 ESMF library build location : /glade/scratch/rlong/esmf-testing/intel_18.0.5_intelmpi_g_jedwards_pio_update2
20220318 115148.162 INFO             PET1 ESMF_COMM                   : intelmpi
20220318 115148.162 INFO             PET1 ESMF_MOAB                   : enabled
20220318 115148.162 INFO             PET1 ESMF_LAPACK                 : enabled
20220318 115148.162 INFO             PET1 ESMF_NETCDF                 : enabled
20220318 115148.162 INFO             PET1 ESMF_PNETCDF                : disabled
20220318 115148.162 INFO             PET1 ESMF_PIO                    : enabled
20220318 115148.162 INFO             PET1 ESMF_YAMLCPP                : enabled
20220318 115148.289 DEBUG            PET1 about to destroy Grid: 0x12302c0
20220318 115148.306 DEBUG            PET1 about to destroy Grid: 0x1230e10
20220318 115148.351 INFO             PET1  NUMBER_OF_PROCESSORS           4
20220318 115148.351 INFO             PET1  PASS  Example ESMF_NUOPCAtmModelEx, ESMF_NUOPCAtmModelEx.F90, line 806
20220318 115148.351 INFO             PET1 Finalizing ESMF
20220318 115148.162 INFO             PET2 !!!!!!!!!!!!!!!!!!!!!!!!!!!!!!!!!!!!!!!!!!!!!!!!!!!!!!
20220318 115148.162 INFO             PET2 !!! THE ESMF_LOG IS SET TO OUTPUT ALL LOG MESSAGES !!!
20220318 115148.162 INFO             PET2 !!!     THIS MAY CAUSE SLOWDOWN IN PERFORMANCE     !!!
20220318 115148.162 INFO             PET2 !!! FOR PRODUCTION RUNS, USE:                      !!!
20220318 115148.162 INFO             PET2 !!!                   ESMF_LOGKIND_Multi_On_Error  !!!
20220318 115148.162 INFO             PET2 !!!!!!!!!!!!!!!!!!!!!!!!!!!!!!!!!!!!!!!!!!!!!!!!!!!!!!
20220318 115148.162 INFO             PET2 Running with ESMF Version   : v8.3.0b09-102-gabaf3ef548
20220318 115148.162 INFO             PET2 ESMF library build date/time: "Mar 18 2022" "10:21:11"
20220318 115148.162 INFO             PET2 ESMF library build location : /glade/scratch/rlong/esmf-testing/intel_18.0.5_intelmpi_g_jedwards_pio_update2
20220318 115148.162 INFO             PET2 ESMF_COMM                   : intelmpi
20220318 115148.162 INFO             PET2 ESMF_MOAB                   : enabled
20220318 115148.162 INFO             PET2 ESMF_LAPACK                 : enabled
20220318 115148.162 INFO             PET2 ESMF_NETCDF                 : enabled
20220318 115148.162 INFO             PET2 ESMF_PNETCDF                : disabled
20220318 115148.162 INFO             PET2 ESMF_PIO                    : enabled
20220318 115148.162 INFO             PET2 ESMF_YAMLCPP                : enabled
20220318 115148.289 DEBUG            PET2 about to destroy Grid: 0x25342c0
20220318 115148.306 DEBUG            PET2 about to destroy Grid: 0x2534e10
20220318 115148.351 INFO             PET2  NUMBER_OF_PROCESSORS           4
20220318 115148.351 INFO             PET2  PASS  Example ESMF_NUOPCAtmModelEx, ESMF_NUOPCAtmModelEx.F90, line 806
20220318 115148.351 INFO             PET2 Finalizing ESMF
20220318 115148.162 INFO             PET3 !!!!!!!!!!!!!!!!!!!!!!!!!!!!!!!!!!!!!!!!!!!!!!!!!!!!!!
20220318 115148.162 INFO             PET3 !!! THE ESMF_LOG IS SET TO OUTPUT ALL LOG MESSAGES !!!
20220318 115148.162 INFO             PET3 !!!     THIS MAY CAUSE SLOWDOWN IN PERFORMANCE     !!!
20220318 115148.162 INFO             PET3 !!! FOR PRODUCTION RUNS, USE:                      !!!
20220318 115148.162 INFO             PET3 !!!                   ESMF_LOGKIND_Multi_On_Error  !!!
20220318 115148.162 INFO             PET3 !!!!!!!!!!!!!!!!!!!!!!!!!!!!!!!!!!!!!!!!!!!!!!!!!!!!!!
20220318 115148.162 INFO             PET3 Running with ESMF Version   : v8.3.0b09-102-gabaf3ef548
20220318 115148.162 INFO             PET3 ESMF library build date/time: "Mar 18 2022" "10:21:11"
20220318 115148.162 INFO             PET3 ESMF library build location : /glade/scratch/rlong/esmf-testing/intel_18.0.5_intelmpi_g_jedwards_pio_update2
20220318 115148.162 INFO             PET3 ESMF_COMM                   : intelmpi
20220318 115148.162 INFO             PET3 ESMF_MOAB                   : enabled
20220318 115148.162 INFO             PET3 ESMF_LAPACK                 : enabled
20220318 115148.162 INFO             PET3 ESMF_NETCDF                 : enabled
20220318 115148.162 INFO             PET3 ESMF_PNETCDF                : disabled
20220318 115148.162 INFO             PET3 ESMF_PIO                    : enabled
20220318 115148.162 INFO             PET3 ESMF_YAMLCPP                : enabled
20220318 115148.289 DEBUG            PET3 about to destroy Grid: 0x17912c0
20220318 115148.306 DEBUG            PET3 about to destroy Grid: 0x1791e10
20220318 115148.351 INFO             PET3  NUMBER_OF_PROCESSORS           4
20220318 115148.351 INFO             PET3  PASS  Example ESMF_NUOPCAtmModelEx, ESMF_NUOPCAtmModelEx.F90, line 806
20220318 115148.351 INFO             PET3 Finalizing ESMF
