build time -- 2022-03-08 11:43:10.810157
 sumA =   0.7000000    
 sumB =   0.7000000    
 sumC =   0.9000000    
 sumD =   0.9000000    
 sumE =   0.9000000    
 result SRCSEQ#1 =   0.7000000      expect:   0.7000000    
forrtl: severe (174): SIGSEGV, segmentation fault occurred
Image              PC                Routine            Line        Source             
ESMF_RHandleBitFo  00000000004A690D  Unknown               Unknown  Unknown
libpthread-2.22.s  00002B7B55BEDB00  Unknown               Unknown  Unknown
libesmf.so         00002B7B4F93F005  _ZN5ESMCI6LogErr1         586  ESMCI_LogErr.C
libesmf.so         00002B7B4F9164EF  _ZN5ESMCI2IO5writ         464  ESMCI_IO.C
libesmf.so         00002B7B4F37ECB2  _ZN5ESMCI5Array5w        4091  ESMCI_Array.C
libesmf.so         00002B7B4FCBE2E7  _ZNK5ESMCI11Route         938  ESMCI_RHandle.C
libesmf.so         00002B7B4FCB68C9  c_esmc_routehandl         209  ESMCI_RHandle_F.C
libesmf.so         00002B7B5110ADF0  esmf_rhandlemod_m        1152  ESMF_RHandle.F90
ESMF_RHandleBitFo  000000000040F9BE  MAIN__                    467  ESMF_RHandleBitForBitEx.F90
ESMF_RHandleBitFo  0000000000408DDE  Unknown               Unknown  Unknown
libc-2.22.so       00002B7B5679F6E5  __libc_start_main     Unknown  Unknown
ESMF_RHandleBitFo  0000000000408CE9  Unknown               Unknown  Unknown
forrtl: severe (174): SIGSEGV, segmentation fault occurred
Image              PC                Routine            Line        Source             
ESMF_RHandleBitFo  00000000004A690D  Unknown               Unknown  Unknown
libpthread-2.22.s  00002AEA4E48FB00  Unknown               Unknown  Unknown
libesmf.so         00002AEA481E1005  _ZN5ESMCI6LogErr1         586  ESMCI_LogErr.C
libesmf.so         00002AEA481B84EF  _ZN5ESMCI2IO5writ         464  ESMCI_IO.C
libesmf.so         00002AEA47C20CB2  _ZN5ESMCI5Array5w        4091  ESMCI_Array.C
libesmf.so         00002AEA485602E7  _ZNK5ESMCI11Route         938  ESMCI_RHandle.C
libesmf.so         00002AEA485588C9  c_esmc_routehandl         209  ESMCI_RHandle_F.C
libesmf.so         00002AEA499ACDF0  esmf_rhandlemod_m        1152  ESMF_RHandle.F90
ESMF_RHandleBitFo  000000000040F9BE  MAIN__                    467  ESMF_RHandleBitForBitEx.F90
ESMF_RHandleBitFo  0000000000408DDE  Unknown               Unknown  Unknown
libc-2.22.so       00002AEA4F0416E5  __libc_start_main     Unknown  Unknown
ESMF_RHandleBitFo  0000000000408CE9  Unknown               Unknown  Unknown
