build time -- 2022-03-06 23:27:24
20220307 002706.515 INFO             PET0 !!!!!!!!!!!!!!!!!!!!!!!!!!!!!!!!!!!!!!!!!!!!!!!!!!!!!!
20220307 002706.515 INFO             PET0 !!! THE ESMF_LOG IS SET TO OUTPUT ALL LOG MESSAGES !!!
20220307 002706.515 INFO             PET0 !!!     THIS MAY CAUSE SLOWDOWN IN PERFORMANCE     !!!
20220307 002706.515 INFO             PET0 !!! FOR PRODUCTION RUNS, USE:                      !!!
20220307 002706.515 INFO             PET0 !!!                   ESMF_LOGKIND_Multi_On_Error  !!!
20220307 002706.515 INFO             PET0 !!!!!!!!!!!!!!!!!!!!!!!!!!!!!!!!!!!!!!!!!!!!!!!!!!!!!!
20220307 002706.515 INFO             PET0 Running with ESMF Version   : v8.3.0b09
20220307 002706.515 INFO             PET0 ESMF library build date/time: "Mar  6 2022" "23:25:48"
20220307 002706.515 INFO             PET0 ESMF library build location : /lustre/f2/dev/ncep/Mark.Potts/gfortran_8.3.0_mpiuni_O_develop
20220307 002706.515 INFO             PET0 ESMF_COMM                   : mpiuni
20220307 002706.515 INFO             PET0 ESMF_MOAB                   : enabled
20220307 002706.515 INFO             PET0 ESMF_LAPACK                 : enabled
20220307 002706.515 INFO             PET0 ESMF_NETCDF                 : enabled
20220307 002706.515 INFO             PET0 ESMF_PNETCDF                : disabled
20220307 002706.515 INFO             PET0 ESMF_PIO                    : disabled
20220307 002706.515 INFO             PET0 ESMF_YAMLCPP                : enabled
20220307 002706.515 INFO             PET0  NUMBER_OF_PROCESSORS           1
20220307 002706.515 INFO             PET0  PASS  Example ESMF_VMGetMPICommunicatorEx, ESMF_VMGetMPICommunicatorEx.F90, line 95
20220307 002706.515 INFO             PET0 Finalizing ESMF
