build time -- 2022-03-08 23:19:54
20220309 002154.503 INFO             PET0 !!!!!!!!!!!!!!!!!!!!!!!!!!!!!!!!!!!!!!!!!!!!!!!!!!!!!!
20220309 002154.503 INFO             PET0 !!! THE ESMF_LOG IS SET TO OUTPUT ALL LOG MESSAGES !!!
20220309 002154.503 INFO             PET0 !!!     THIS MAY CAUSE SLOWDOWN IN PERFORMANCE     !!!
20220309 002154.503 INFO             PET0 !!! FOR PRODUCTION RUNS, USE:                      !!!
20220309 002154.503 INFO             PET0 !!!                   ESMF_LOGKIND_Multi_On_Error  !!!
20220309 002154.503 INFO             PET0 !!!!!!!!!!!!!!!!!!!!!!!!!!!!!!!!!!!!!!!!!!!!!!!!!!!!!!
20220309 002154.503 INFO             PET0 Running with ESMF Version   : v8.3.0b09
20220309 002154.503 INFO             PET0 ESMF library build date/time: "Mar  8 2022" "23:18:15"
20220309 002154.503 INFO             PET0 ESMF library build location : /lustre/f2/dev/ncep/Mark.Potts/gfortran_8.3.0_mpiuni_O_develop
20220309 002154.503 INFO             PET0 ESMF_COMM                   : mpiuni
20220309 002154.504 INFO             PET0 ESMF_MOAB                   : enabled
20220309 002154.504 INFO             PET0 ESMF_LAPACK                 : enabled
20220309 002154.504 INFO             PET0 ESMF_NETCDF                 : enabled
20220309 002154.504 INFO             PET0 ESMF_PNETCDF                : disabled
20220309 002154.504 INFO             PET0 ESMF_PIO                    : disabled
20220309 002154.504 INFO             PET0 ESMF_YAMLCPP                : enabled
20220309 002154.511 INFO             PET0  NUMBER_OF_PROCESSORS           1
20220309 002154.511 INFO             PET0  PASS  Example ESMF_LocStreamEx, ESMF_LocStreamEx.F90, line 784
20220309 002154.511 INFO             PET0 Finalizing ESMF
