build time -- 2022-03-17 00:25:16
20220317 012852.133 INFO             PET0 !!!!!!!!!!!!!!!!!!!!!!!!!!!!!!!!!!!!!!!!!!!!!!!!!!!!!!
20220317 012852.133 INFO             PET0 !!! THE ESMF_LOG IS SET TO OUTPUT ALL LOG MESSAGES !!!
20220317 012852.133 INFO             PET0 !!!     THIS MAY CAUSE SLOWDOWN IN PERFORMANCE     !!!
20220317 012852.133 INFO             PET0 !!! FOR PRODUCTION RUNS, USE:                      !!!
20220317 012852.133 INFO             PET0 !!!                   ESMF_LOGKIND_Multi_On_Error  !!!
20220317 012852.133 INFO             PET0 !!!!!!!!!!!!!!!!!!!!!!!!!!!!!!!!!!!!!!!!!!!!!!!!!!!!!!
20220317 012852.133 INFO             PET0 Running with ESMF Version   : v8.3.0b09-3-ge20ebbf11d
20220317 012852.133 INFO             PET0 ESMF library build date/time: "Mar 17 2022" "00:23:34"
20220317 012852.133 INFO             PET0 ESMF library build location : /lustre/f2/dev/ncep/Mark.Potts/gfortran_8.3.0_mpiuni_O_develop
20220317 012852.133 INFO             PET0 ESMF_COMM                   : mpiuni
20220317 012852.133 INFO             PET0 ESMF_MOAB                   : enabled
20220317 012852.133 INFO             PET0 ESMF_LAPACK                 : enabled
20220317 012852.133 INFO             PET0 ESMF_NETCDF                 : enabled
20220317 012852.133 INFO             PET0 ESMF_PNETCDF                : disabled
20220317 012852.133 INFO             PET0 ESMF_PIO                    : disabled
20220317 012852.133 INFO             PET0 ESMF_YAMLCPP                : enabled
20220317 012852.161 INFO             PET0  NUMBER_OF_PROCESSORS           1
20220317 012852.161 INFO             PET0  PASS  Example ESMF_SCompEx, ESMF_SCompEx.F90, line 385
20220317 012852.161 INFO             PET0 Finalizing ESMF
