build time -- 2022-03-27 00:18:45
Sun Mar 27 01:16:05 2022: [unset]:_pmi_alps_init:alps_get_placement_info returned with error -1
Sun Mar 27 01:16:05 2022: [unset]:_pmi_init:_pmi_alps_init returned -1
--- ESMCI::VM::print() start ---
--- ESMCI::VMId::print() start ---
  vmKeyWidth = 1
  vmKey=0x80000000
  localID = 0
--- ESMCI::VMId::print() end ---
--- VMK::print() start ---
vm located at: 0x2384bc0
npets = 1, mypet=0
  pth_mutex =		 0x2384aa0
  pth_finish_count =	 (nil)
MPI_Comm_size: 1
MPI_Comm_rank in local MPI communicator: 0
MPI_Comm_rank in MPI_COMM_WORLD: 0
MPI thread level support: 2
mpi_mutex_flag: 1
mpionly: 0
threadsflag: 0
  lpid[0]=0, tid[0]=0, vas[0]=0, ncpet[0]=1, nadevs[0]=0, cid[0][0]=0
ncores = 1
  cpuid[0]=0, ssiid[0]=0
--- VMK::print() end ---
--- ESMCI::VM::print() end ---
 This PET is localPet:            0
 of a total of            1  PETs in this VM.
 There are            1  PEs referenced by this VM
 This PET is executing in virtual address space (VAS)            0
 located on single system image (SSI)            0
 and is associated with            1  PEs.
  PASS  Example ESMF_VMDefaultBasicsEx, ESMF_VMDefaultBasicsEx.F90, line 107
 PASS: ESMF_VMDefaultBasicsEx.F90
