build time -- 2022-03-21 01:17:38.924057
20220321 014529.171 INFO             PET0 !!!!!!!!!!!!!!!!!!!!!!!!!!!!!!!!!!!!!!!!!!!!!!!!!!!!!!
20220321 014529.171 INFO             PET0 !!! THE ESMF_LOG IS SET TO OUTPUT ALL LOG MESSAGES !!!
20220321 014529.171 INFO             PET0 !!!     THIS MAY CAUSE SLOWDOWN IN PERFORMANCE     !!!
20220321 014529.171 INFO             PET0 !!! FOR PRODUCTION RUNS, USE:                      !!!
20220321 014529.171 INFO             PET0 !!!                   ESMF_LOGKIND_Multi_On_Error  !!!
20220321 014529.171 INFO             PET0 !!!!!!!!!!!!!!!!!!!!!!!!!!!!!!!!!!!!!!!!!!!!!!!!!!!!!!
20220321 014529.171 INFO             PET0 Running with ESMF Version   : v8.3.0b09-4-g424b2f26e0
20220321 014529.171 INFO             PET0 ESMF library build date/time: "Mar 21 2022" "01:15:32"
20220321 014529.171 INFO             PET0 ESMF library build location : /gpfsm/dnb04/projects/p98/mpotts/esmf/intel_19.1.3_mpt_O_develop
20220321 014529.171 INFO             PET0 ESMF_COMM                   : mpt
20220321 014529.172 INFO             PET0 ESMF_MOAB                   : enabled
20220321 014529.172 INFO             PET0 ESMF_LAPACK                 : enabled
20220321 014529.172 INFO             PET0 ESMF_NETCDF                 : enabled
20220321 014529.172 INFO             PET0 ESMF_PNETCDF                : disabled
20220321 014529.172 INFO             PET0 ESMF_PIO                    : enabled
20220321 014529.172 INFO             PET0 ESMF_YAMLCPP                : enabled
20220321 014529.172 INFO             PET0  NUMBER_OF_PROCESSORS           2
20220321 014529.172 INFO             PET0  PASS  Example ESMF_VMUserMpiCommEx, ESMF_VMUserMpiCommEx.F90, line 113
20220321 014529.172 INFO             PET0 Finalizing ESMF
20220321 014529.171 INFO             PET1 !!!!!!!!!!!!!!!!!!!!!!!!!!!!!!!!!!!!!!!!!!!!!!!!!!!!!!
20220321 014529.171 INFO             PET1 !!! THE ESMF_LOG IS SET TO OUTPUT ALL LOG MESSAGES !!!
20220321 014529.171 INFO             PET1 !!!     THIS MAY CAUSE SLOWDOWN IN PERFORMANCE     !!!
20220321 014529.171 INFO             PET1 !!! FOR PRODUCTION RUNS, USE:                      !!!
20220321 014529.171 INFO             PET1 !!!                   ESMF_LOGKIND_Multi_On_Error  !!!
20220321 014529.171 INFO             PET1 !!!!!!!!!!!!!!!!!!!!!!!!!!!!!!!!!!!!!!!!!!!!!!!!!!!!!!
20220321 014529.171 INFO             PET1 Running with ESMF Version   : v8.3.0b09-4-g424b2f26e0
20220321 014529.171 INFO             PET1 ESMF library build date/time: "Mar 21 2022" "01:15:32"
20220321 014529.171 INFO             PET1 ESMF library build location : /gpfsm/dnb04/projects/p98/mpotts/esmf/intel_19.1.3_mpt_O_develop
20220321 014529.171 INFO             PET1 ESMF_COMM                   : mpt
20220321 014529.172 INFO             PET1 ESMF_MOAB                   : enabled
20220321 014529.172 INFO             PET1 ESMF_LAPACK                 : enabled
20220321 014529.172 INFO             PET1 ESMF_NETCDF                 : enabled
20220321 014529.172 INFO             PET1 ESMF_PNETCDF                : disabled
20220321 014529.172 INFO             PET1 ESMF_PIO                    : enabled
20220321 014529.172 INFO             PET1 ESMF_YAMLCPP                : enabled
20220321 014529.172 INFO             PET1  NUMBER_OF_PROCESSORS           2
20220321 014529.172 INFO             PET1  PASS  Example ESMF_VMUserMpiCommEx, ESMF_VMUserMpiCommEx.F90, line 113
20220321 014529.172 INFO             PET1 Finalizing ESMF
