build time -- 2022-03-27 01:29:42.568892
1:   PASS  Example ESMF_ArrayHaloEx, ESMF_ArrayHaloEx.F90, line 460
2:   PASS  Example ESMF_ArrayHaloEx, ESMF_ArrayHaloEx.F90, line 460
3:   PASS  Example ESMF_ArrayHaloEx, ESMF_ArrayHaloEx.F90, line 460
0:            1           1  0.548039472441780       0.559016642208840     
0:            2           1  0.886724124193337       0.904508268410368     
0:            3           1  0.886696525976033       0.904509030998364     
0:            4           1  0.548014810168263       0.559018638690598     
0:            5           1  5.498054297955181E-006  2.467788565139693E-006
0:            6           1 -0.548016558630664      -0.559014645723317     
0:            7           1 -0.886704511641070      -0.904507505816282     
0:            8           1 -0.886700012804755      -0.904509793580270     
0:            9           1 -0.548036984831041      -0.559020635168593     
0:           10           1 -2.236292618061292E-005 -4.935577130262770E-006
0:  
0:            1           2  0.466190356711464       0.475528097780712     
0:            2           2  0.754292813837910       0.769420914920494     
0:            3           2  0.754269337385179       0.769421563616780     
0:            4           2  0.466169377722420       0.475529796090031     
0:            5           2  4.676925701359169E-006  2.099226952294328E-006
0:            6           2 -0.466170865053811      -0.475526399468191     
0:            7           2 -0.754276130399585      -0.769420266219029     
0:            8           2 -0.754272303459718      -0.769422212307884     
0:            9           2 -0.466188240622759      -0.475531494396148     
0:           10           2 -1.902304680193523E-005 -4.198453904574521E-006
0:  
0:            1           3  0.338707355488359       0.345491626201529     
0:            2           3  0.548026188360297       0.559017404796836     
0:            3           3  0.548009131707138       0.559017876102602     
0:            4           3  0.338692113350040       0.345492860096331     
0:            5           3  3.397987782006610E-006  1.525178715829951E-006
0:            6           3 -0.338693193960299      -0.345490392304400     
0:            7           3 -0.548014067124424      -0.559016933487306     
0:            8           3 -0.548011286687928      -0.559018347404604     
0:            9           3 -0.338705818058854      -0.345494093988808     
0:           10           3 -1.382106211069955E-005 -3.050357431649634E-006
0:  
0:            1           4  0.178069372714469       0.181636082473333     
0:            2           4  0.288115029128068       0.293893465836068     
0:            3           4  0.288106061895797       0.293893713616698     
0:            4           4  0.178061359431127       0.181636731171597     
0:            5           4  1.786431687901489E-006  8.018356047028119E-007
0:            6           4 -0.178061927542767      -0.181635433773846     
0:            7           4 -0.288108656603724      -0.293893218053458     
0:            8           4 -0.288107194838649      -0.293893961395350     
0:            9           4 -0.178068564438230      -0.181637379868638     
0:           10           4 -7.266177779811398E-006 -1.603671209400225E-006
0:  
0:            1           5  7.476133831219037E-007  7.625879961549594E-007
0:            2           5  1.209633348908852E-006  1.233893762423926E-006
0:            3           5  1.209595700531963E-006  1.233894802715767E-006
0:            4           5  7.475797398413240E-007  7.625907196749920E-007
0:            5           5  7.500224310866864E-012  3.366457802379613E-012
0:            6           5 -7.475821250233370E-007 -7.625852726297923E-007
0:            7           5 -1.209606594254688E-006 -1.233892722123777E-006
0:            8           5 -1.209600457123317E-006 -1.233895842999300E-006
0:            9           5 -7.476099896234894E-007 -7.625934431898901E-007
0:           10           5 -3.050660352151886E-011 -6.732915604736562E-012
0:  
0:            1           6 -0.178067950669189      -0.181634631944644     
0:            2           6 -0.288112728268517      -0.293891118830463     
0:            3           6 -0.288103761107857      -0.293891366609115     
0:            4           6 -0.178059937449841      -0.181635280637728     
0:            5           6 -1.786417421690221E-006 -8.018292013190124E-007
0:            6           6  0.178060505556944       0.181633983250338     
0:            7           6  0.288106355795063       0.293890871049833     
0:            8           6  0.288104894041662       0.293891614385789     
0:            9           6  0.178067142399405       0.181635929329588     
0:           10           6  7.266119752654474E-006  1.603658402632626E-006
0:  
0:            1           7 -0.338706145824038      -0.345490392307766     
0:            2           7 -0.548024231131687      -0.559015408314037     
0:            3           7 -0.548007174539444      -0.559015879618120     
0:            4           7 -0.338690903740155      -0.345491626198162     
0:            5           7 -3.397975646199992E-006 -1.525173268784752E-006
0:            6           7  0.338691984346555       0.345489158415044     
0:            7           7  0.548012109939104       0.559014937006190     
0:            8           7  0.548009329512537       0.559016350918439     
0:            9           7  0.338704608400024       0.345492860086232     
0:           10           7  1.382101275030177E-005  3.050346537559234E-006
0:  
0:            1           8 -0.466189477838281      -0.475527201303796     
0:            2           8 -0.754291391827099      -0.769419464389827     
0:            3           8 -0.754267915418627      -0.769420113084890     
0:            4           8 -0.466168498888787      -0.475528899609913     
0:            5           8 -4.676916884478828E-006 -2.099222994781590E-006
0:            6           8  0.466169986217374       0.475525502994477     
0:            7           8  0.754274708420228       0.769418815689585     
0:            8           8  0.754270881487574       0.769420761774772     
0:            9           8  0.466187361753565       0.475530597912829     
0:           10           8  1.902301093856737E-005  4.198445989549046E-006
0:  
0:            1           9 -0.548039010389822      -0.559016170902033     
0:            2           9 -0.886723376596427      -0.904507505819648     
0:            3           9 -0.886695778402390      -0.904508268407002     
0:            4           9 -0.548014348137097      -0.559018167382108     
0:            5           9 -5.498049661887972E-006 -2.467786484547703E-006
0:            6           9  0.548016096598025       0.559014174418194     
0:            7           9  0.886703764060694       0.904506743226205     
0:            8           9  0.886699265228172       0.904509030988265     
0:            9           9  0.548036522781180       0.559020163858420     
0:           10           9  2.236290732727049E-005  4.935572969078791E-006
0:  
0:            1          10 -0.576242754079216      -0.587784832445183     
0:            2          10 -0.932356841300210      -0.951056195558222     
0:            3          10 -0.932327822819704      -0.951056997390625     
0:            4          10 -0.576216822632436      -0.587786931670157     
0:            5          10 -5.780995913339121E-006 -2.594786234877206E-006
0:            6          10  0.576218661074447       0.587782733216252     
0:            7          10  0.932336219444117       0.951055393719416     
0:            8          10  0.932331489088078       0.951057799216625     
0:            9          10  0.576240138450716       0.587789030891173     
0:           10          10  2.351377012088226E-005  5.189572469736943E-006
0:  
0:            1          11 -0.548039934490046      -0.559017113511882     
0:            2          11 -0.886724871784279      -0.904509030994998     
0:            3          11 -0.886697273543708      -0.904509793583637     
0:            4          11 -0.548015272195737      -0.559019109995324     
0:            5          11 -5.498058932616171E-006 -2.467790645715067E-006
0:            6          11  0.548017020659613       0.559015117024677     
0:            7          11  0.886705259215476       0.904508268400269     
0:            8          11  0.886700760375368       0.904510556166186     
0:            9          11  0.548037446877210       0.559021106475002     
0:           10          11  2.236294503452227E-005  4.935581291413520E-006
0:  
0:            1          12 -0.466191235581509      -0.475528994254426     
0:            2          12 -0.754294235843642      -0.769422365445981     
0:            3          12 -0.754270759346652      -0.769423014143489     
0:            4          12 -0.466170256552915      -0.475530692566947     
0:            5          12 -4.676934518633399E-006 -2.099230909792931E-006
0:            6          12  0.466171743887111       0.475527295938704     
0:            7          12  0.754277552373864       0.769421716743292     
0:            8          12  0.754273725426782       0.769423662835817     
0:            9          12  0.466189119488815       0.475532390876266     
0:           10          12  1.902308266457788E-005  4.198461819571729E-006
0:  
0:            1          13 -0.338708565150398      -0.345492860092965     
0:            2          13 -0.548028145585218      -0.559019401275871     
0:            3          13 -0.548011088871142      -0.559019872583320     
0:            4          13 -0.338693322957643      -0.345494093992174     
0:            5          13 -3.397999917419339E-006 -1.525184162864882E-006
0:            6          13  0.338694403571762       0.345491626191429     
0:            7          13  0.548016024306055       0.559018929964657     
0:            8          13  0.548013243859628       0.559020343887006     
0:            9          13  0.338707027715403       0.345495327889058     
0:           10          13  1.382111147128508E-005  3.050368325719495E-006
0:  
0:            1          14 -0.178070794758549      -0.181637533000798     
0:            2          14 -0.288117329985680      -0.293895812839693     
0:            3          14 -0.288108362681797      -0.293896060622303     
0:            4          14 -0.178062781411214      -0.181638181704242     
0:            5          14 -1.786445954098033E-006 -8.018420080812127E-007
0:            6          14  0.178063349527391       0.181636884296131     
0:            7          14  0.288110957410445       0.293895565055105     
0:            8          14  0.288109495633697       0.293896308402933     
0:            9          14  0.178069986475855       0.181638830406464     
0:           10          14  7.266235806898379E-006  1.603684016157027E-006
0:  
0:            1          15 -2.242840149360676E-006 -2.287763988459743E-006
0:            2          15 -3.628900046718408E-006 -3.701681287263470E-006
0:            3          15 -3.628787101587744E-006 -3.701684408138993E-006
0:            4          15 -2.242739219518941E-006 -2.287772159019841E-006
0:            5          15 -2.250067293041696E-011 -1.009937340711617E-011
0:            6          15  2.242746375064980E-006  2.287755817884242E-006
0:            7          15  3.628819782755916E-006  3.701678166363024E-006
0:            8          15  3.628801371361807E-006  3.701687528989593E-006
0:            9          15  2.242829968865435E-006  2.287780329564536E-006
0:           10          15  9.151981056249231E-011  2.019874681416435E-011
0:  
0:            1          16  0.178066528622711       0.181633181414733     
0:            2          16  0.288110427407025       0.293888771822880     
0:            3          16  0.288101460317977       0.293889019599554     
0:            4          16  0.178058515467357       0.181633830102636     
0:            5          16  1.786403155477111E-006  8.018227979298143E-007
0:            6          16 -0.178059083569922      -0.181632532725607     
0:            7          16 -0.288104054984462      -0.293888524044229     
0:            8          16 -0.288102593242734      -0.293889267374248     
0:            9          16 -0.178065720359382      -0.181634478789316     
0:           10          16 -7.266061725832540E-006 -1.603645595854230E-006
0:  
0:            1          17  0.338704936157437       0.345489158411678     
0:            2          17  0.548022273899386       0.559013411827474     
0:            3          17  0.548005217368061       0.559013883129874     
0:            4          17  0.338689694127991       0.345490392297667     
0:            5          17  3.397963509944268E-006  1.525167821729283E-006
0:            6          17 -0.338690774730530      -0.345487924523362     
0:            7          17 -0.548010152750093      -0.559012940521311     
0:            8          17 -0.548007372333458      -0.559014354428510     
0:            9          17 -0.338703398738914      -0.345491626181330     
0:           10          17 -1.382096338837261E-005 -3.050335643448297E-006
0:  
0:            1          18  0.466188598961958       0.475526304823678     
0:            2          18  0.754289969811212       0.769418013853980     
0:            3          18  0.754266493446997       0.769418662547819     
0:            4          18  0.466167620052015       0.475528003126594     
0:            5          18  4.676908067344483E-006  2.099219037254719E-006
0:            6          18 -0.466169107377798      -0.475524606517561     
0:            7          18 -0.754273286435791      -0.769417365154960     
0:            8          18 -0.754269459510352      -0.769419311236478     
0:            9          18 -0.466186482881232      -0.475529701426308     
0:           10          18 -1.902297507645481E-005 -4.198438074495304E-006
0:  
0:            1          19  0.548038548334175       0.559015699591463     
0:            2          19  0.886722628993545       0.904506743222839     
0:            3          19  0.886695030822776       0.904507505809549     
0:            4          19  0.548013886102244       0.559017696069855     
0:            5          19  5.498045026402393E-006  2.467784403939098E-006
0:            6          19 -0.548015634561698      -0.559013703109307     
0:            7          19 -0.886703016474347      -0.904505980630039     
0:            8          19 -0.886698517645618      -0.904508268390169     
0:            9          19 -0.548036060727631      -0.559019692544483     
0:           10          19 -2.236288847336851E-005 -4.935568807861581E-006
0:  
0:            1          20  0.576242754073397       0.587784832439247     
0:            2          20  0.932356841290793       0.951056195548617     
0:            3          20  0.932327822810288       0.951056997381020     
0:            4          20  0.576216822626616       0.587786931664220     
0:            5          20  5.780995912941551E-006  2.594786234851000E-006
0:            6          20 -0.576218661068627      -0.587782733210316     
0:            7          20 -0.932336219434701      -0.951055393709811     
0:            8          20 -0.932331489078662      -0.951057799207020     
0:            9          20 -0.576240138444897      -0.587789030885236     
0:           10          20 -2.351377011990307E-005 -5.189572469684531E-006
0:  
0:   PASS  Example ESMF_ArrayHaloEx, ESMF_ArrayHaloEx.F90, line 460
1:  PASS: ESMF_ArrayHaloEx.F90
3:  PASS: ESMF_ArrayHaloEx.F90
0:  PASS: ESMF_ArrayHaloEx.F90
2:  PASS: ESMF_ArrayHaloEx.F90
