build time -- 2022-03-27 01:29:42.568892
0:  NUOPC DRIVER + ATM Model example run
1:  NUOPC DRIVER + ATM Model example run
2:  NUOPC DRIVER + ATM Model example run
3:  NUOPC DRIVER + ATM Model example run
0: ------>Advancing ATM from:    0  1  1  0  0  0   0
0: --------------------------------> to:    0  1  1  0  0 30   0
3: ------>Advancing ATM from:    0  1  1  0  0  0   0
1: ------>Advancing ATM from:    0  1  1  0  0  0   0
1: --------------------------------> to:    0  1  1  0  0 30   0
2: ------>Advancing ATM from:    0  1  1  0  0  0   0
2: --------------------------------> to:    0  1  1  0  0 30   0
3: --------------------------------> to:    0  1  1  0  0 30   0
0: ------>Advancing ATM from:    0  1  1  0  0 30   0
1: ------>Advancing ATM from:    0  1  1  0  0 30   0
1: --------------------------------> to:    0  1  1  0  1  0   0
2: ------>Advancing ATM from:    0  1  1  0  0 30   0
2: --------------------------------> to:    0  1  1  0  1  0   0
0: --------------------------------> to:    0  1  1  0  1  0   0
3: ------>Advancing ATM from:    0  1  1  0  0 30   0
3: --------------------------------> to:    0  1  1  0  1  0   0
1: ------>Advancing ATM from:    0  1  1  0  1  0   0
1: --------------------------------> to:    0  1  1  0  1 30   0
2: ------>Advancing ATM from:    0  1  1  0  1  0   0
2: --------------------------------> to:    0  1  1  0  1 30   0
0: ------>Advancing ATM from:    0  1  1  0  1  0   0
0: --------------------------------> to:    0  1  1  0  1 30   0
3: ------>Advancing ATM from:    0  1  1  0  1  0   0
3: --------------------------------> to:    0  1  1  0  1 30   0
1: ------>Advancing ATM from:    0  1  1  0  1 30   0
1: --------------------------------> to:    0  1  1  0  2  0   0
2: ------>Advancing ATM from:    0  1  1  0  1 30   0
2: --------------------------------> to:    0  1  1  0  2  0   0
0: ------>Advancing ATM from:    0  1  1  0  1 30   0
0: --------------------------------> to:    0  1  1  0  2  0   0
3: ------>Advancing ATM from:    0  1  1  0  1 30   0
3: --------------------------------> to:    0  1  1  0  2  0   0
1: ------>Advancing ATM from:    0  1  1  0  2  0   0
2: ------>Advancing ATM from:    0  1  1  0  2  0   0
2: --------------------------------> to:    0  1  1  0  2 30   0
1: --------------------------------> to:    0  1  1  0  2 30   0
0: ------>Advancing ATM from:    0  1  1  0  2  0   0
0: --------------------------------> to:    0  1  1  0  2 30   0
3: ------>Advancing ATM from:    0  1  1  0  2  0   0
3: --------------------------------> to:    0  1  1  0  2 30   0
0:   PASS  Example ESMF_NUOPCAtmModelEx, ESMF_NUOPCAtmModelEx.F90, line 806
1:   PASS  Example ESMF_NUOPCAtmModelEx, ESMF_NUOPCAtmModelEx.F90, line 806
2:   PASS  Example ESMF_NUOPCAtmModelEx, ESMF_NUOPCAtmModelEx.F90, line 806
3:   PASS  Example ESMF_NUOPCAtmModelEx, ESMF_NUOPCAtmModelEx.F90, line 806
0:  PASS: ESMF_NUOPCAtmModelEx.F90
3:  PASS: ESMF_NUOPCAtmModelEx.F90
1:  PASS: ESMF_NUOPCAtmModelEx.F90
2:  PASS: ESMF_NUOPCAtmModelEx.F90
