build time -- 2022-03-27 01:29:42.568892
0: Clock ----------------------------------
0: currTime = 
0: Time -----------------------------------
0: 2003-09-02T00:00:00
0: end Time -------------------------------
0: 
0: end Clock ------------------------------
0: 
0:  number of ringing alarms =            1
0:  Alarm002 is ringing!
0: Clock ----------------------------------
0: currTime = 
0: Time -----------------------------------
0: 2003-09-03T00:00:00
0: end Time -------------------------------
0: 
0: end Clock ------------------------------
0: 
0: Clock ----------------------------------
0: currTime = 
0: Time -----------------------------------
0: 2003-09-04T00:00:00
0: end Time -------------------------------
0: 
0: end Clock ------------------------------
0: 
0: Clock ----------------------------------
0: currTime = 
0: Time -----------------------------------
0: 2003-09-05T00:00:00
0: end Time -------------------------------
0: 
0: end Clock ------------------------------
0: 
0: Clock ----------------------------------
0: currTime = 
0: Time -----------------------------------
0: 2003-09-06T00:00:00
0: end Time -------------------------------
0: 
0: end Clock ------------------------------
0: 
0: Clock ----------------------------------
0: currTime = 
0: Time -----------------------------------
0: 2003-09-07T00:00:00
0: end Time -------------------------------
0: 
0: end Clock ------------------------------
0: 
0: Clock ----------------------------------
0: currTime = 
0: Time -----------------------------------
0: 2003-09-08T00:00:00
0: end Time -------------------------------
0: 
0: end Clock ------------------------------
0: 
0:  number of ringing alarms =            1
0:  Alarm002 is ringing!
0: Clock ----------------------------------
0: currTime = 
0: Time -----------------------------------
0: 2003-09-09T00:00:00
0: end Time -------------------------------
0: 
0: end Clock ------------------------------
0: 
0: Clock ----------------------------------
0: currTime = 
0: Time -----------------------------------
0: 2003-09-10T00:00:00
0: end Time -------------------------------
0: 
0: end Clock ------------------------------
0: 
0: Clock ----------------------------------
0: currTime = 
0: Time -----------------------------------
0: 2003-09-11T00:00:00
0: end Time -------------------------------
0: 
0: end Clock ------------------------------
0: 
0: Clock ----------------------------------
0: currTime = 
0: Time -----------------------------------
0: 2003-09-12T00:00:00
0: end Time -------------------------------
0: 
0: end Clock ------------------------------
0: 
0: Clock ----------------------------------
0: currTime = 
0: Time -----------------------------------
0: 2003-09-13T00:00:00
0: end Time -------------------------------
0: 
0: end Clock ------------------------------
0: 
0: Clock ----------------------------------
0: currTime = 
0: Time -----------------------------------
0: 2003-09-14T00:00:00
0: end Time -------------------------------
0: 
0: end Clock ------------------------------
0: 
0: Clock ----------------------------------
0: currTime = 
0: Time -----------------------------------
0: 2003-09-15T00:00:00
0: end Time -------------------------------
0: 
0: end Clock ------------------------------
0: 
0:  number of ringing alarms =            2
0:  Example alarm 1 is ringing!
0:  Alarm002 is ringing!
0: Clock ----------------------------------
0: currTime = 
0: Time -----------------------------------
0: 2003-09-16T00:00:00
0: end Time -------------------------------
0: 
0: end Clock ------------------------------
0: 
0: Clock ----------------------------------
0: currTime = 
0: Time -----------------------------------
0: 2003-09-17T00:00:00
0: end Time -------------------------------
0: 
0: end Clock ------------------------------
0: 
0: Clock ----------------------------------
0: currTime = 
0: Time -----------------------------------
0: 2003-09-18T00:00:00
0: end Time -------------------------------
0: 
0: end Clock ------------------------------
0: 
0: Clock ----------------------------------
0: currTime = 
0: Time -----------------------------------
0: 2003-09-19T00:00:00
0: end Time -------------------------------
0: 
0: end Clock ------------------------------
0: 
0: Clock ----------------------------------
0: currTime = 
0: Time -----------------------------------
0: 2003-09-20T00:00:00
0: end Time -------------------------------
0: 
0: end Clock ------------------------------
0: 
0: Clock ----------------------------------
0: currTime = 
0: Time -----------------------------------
0: 2003-09-21T00:00:00
0: end Time -------------------------------
0: 
0: end Clock ------------------------------
0: 
0: Clock ----------------------------------
0: currTime = 
0: Time -----------------------------------
0: 2003-09-22T00:00:00
0: end Time -------------------------------
0: 
0: end Clock ------------------------------
0: 
0:  number of ringing alarms =            1
0:  Alarm002 is ringing!
0: Clock ----------------------------------
0: currTime = 
0: Time -----------------------------------
0: 2003-09-23T00:00:00
0: end Time -------------------------------
0: 
0: end Clock ------------------------------
0: 
0: Clock ----------------------------------
0: currTime = 
0: Time -----------------------------------
0: 2003-09-24T00:00:00
0: end Time -------------------------------
0: 
0: end Clock ------------------------------
0: 
0: Clock ----------------------------------
0: currTime = 
0: Time -----------------------------------
0: 2003-09-25T00:00:00
0: end Time -------------------------------
0: 
0: end Clock ------------------------------
0: 
0: Clock ----------------------------------
0: currTime = 
0: Time -----------------------------------
0: 2003-09-26T00:00:00
0: end Time -------------------------------
0: 
0: end Clock ------------------------------
0: 
0: Clock ----------------------------------
0: currTime = 
0: Time -----------------------------------
0: 2003-09-27T00:00:00
0: end Time -------------------------------
0: 
0: end Clock ------------------------------
0: 
0: Clock ----------------------------------
0: currTime = 
0: Time -----------------------------------
0: 2003-09-28T00:00:00
0: end Time -------------------------------
0: 
0: end Clock ------------------------------
0: 
0: Clock ----------------------------------
0: currTime = 
0: Time -----------------------------------
0: 2003-09-29T00:00:00
0: end Time -------------------------------
0: 
0: end Clock ------------------------------
0: 
0:  number of ringing alarms =            1
0:  Alarm002 is ringing!
0: Clock ----------------------------------
0: currTime = 
0: Time -----------------------------------
0: 2003-09-30T00:00:00
0: end Time -------------------------------
0: 
0: end Clock ------------------------------
0: 
0:   PASS  Example ESMF_AlarmEx, ESMF_AlarmEx.F90, line 244
0:  PASS: ESMF_AlarmEx.F90
