build time -- 2022-03-26 01:57:53.912032
0:  User Comp1 Register starting
0:  Registered Initialize, Run, and Finalize routines
0:  User Comp1 Register returning
1:  User Comp1 Register starting
3:  User Comp1 Register starting
3:  Registered Initialize, Run, and Finalize routines
3:  User Comp1 Register returning
3:   PASS  Example ESMF_WebServicesEx, ESMF_WebServicesEx.F90, line 227
0:   PASS  Example ESMF_WebServicesEx, ESMF_WebServicesEx.F90, line 227
2:  User Comp1 Register starting
2:  Registered Initialize, Run, and Finalize routines
2:  User Comp1 Register returning
2:   PASS  Example ESMF_WebServicesEx, ESMF_WebServicesEx.F90, line 227
1:  Registered Initialize, Run, and Finalize routines
1:  User Comp1 Register returning
1:   PASS  Example ESMF_WebServicesEx, ESMF_WebServicesEx.F90, line 227
3:  PASS: ESMF_WebServicesEx.F90
0:  PASS: ESMF_WebServicesEx.F90
2:  PASS: ESMF_WebServicesEx.F90
1:  PASS: ESMF_WebServicesEx.F90
