build time -- 2022-03-18 01:14:49.707188
20220318 014159.051 INFO             PET0 !!!!!!!!!!!!!!!!!!!!!!!!!!!!!!!!!!!!!!!!!!!!!!!!!!!!!!
20220318 014159.051 INFO             PET0 !!! THE ESMF_LOG IS SET TO OUTPUT ALL LOG MESSAGES !!!
20220318 014159.051 INFO             PET0 !!!     THIS MAY CAUSE SLOWDOWN IN PERFORMANCE     !!!
20220318 014159.051 INFO             PET0 !!! FOR PRODUCTION RUNS, USE:                      !!!
20220318 014159.051 INFO             PET0 !!!                   ESMF_LOGKIND_Multi_On_Error  !!!
20220318 014159.051 INFO             PET0 !!!!!!!!!!!!!!!!!!!!!!!!!!!!!!!!!!!!!!!!!!!!!!!!!!!!!!
20220318 014159.051 INFO             PET0 Running with ESMF Version   : v8.3.0b09-4-g424b2f26e0
20220318 014159.051 INFO             PET0 ESMF library build date/time: "Mar 18 2022" "01:12:46"
20220318 014159.051 INFO             PET0 ESMF library build location : /gpfsm/dnb04/projects/p98/mpotts/esmf/intel_19.1.3_mpt_O_develop
20220318 014159.051 INFO             PET0 ESMF_COMM                   : mpt
20220318 014159.051 INFO             PET0 ESMF_MOAB                   : enabled
20220318 014159.051 INFO             PET0 ESMF_LAPACK                 : enabled
20220318 014159.051 INFO             PET0 ESMF_NETCDF                 : enabled
20220318 014159.051 INFO             PET0 ESMF_PNETCDF                : disabled
20220318 014159.051 INFO             PET0 ESMF_PIO                    : enabled
20220318 014159.051 INFO             PET0 ESMF_YAMLCPP                : enabled
20220318 014159.088 DEBUG            PET0 about to destroy Grid: 0x199a090
20220318 014159.092 DEBUG            PET0 about to destroy Grid: 0x199ce10
20220318 014159.102 INFO             PET0  NUMBER_OF_PROCESSORS           4
20220318 014159.102 INFO             PET0  PASS  Example ESMF_NUOPCAtmModelEx, ESMF_NUOPCAtmModelEx.F90, line 806
20220318 014159.102 INFO             PET0 Finalizing ESMF
20220318 014159.050 INFO             PET1 !!!!!!!!!!!!!!!!!!!!!!!!!!!!!!!!!!!!!!!!!!!!!!!!!!!!!!
20220318 014159.050 INFO             PET1 !!! THE ESMF_LOG IS SET TO OUTPUT ALL LOG MESSAGES !!!
20220318 014159.050 INFO             PET1 !!!     THIS MAY CAUSE SLOWDOWN IN PERFORMANCE     !!!
20220318 014159.050 INFO             PET1 !!! FOR PRODUCTION RUNS, USE:                      !!!
20220318 014159.050 INFO             PET1 !!!                   ESMF_LOGKIND_Multi_On_Error  !!!
20220318 014159.050 INFO             PET1 !!!!!!!!!!!!!!!!!!!!!!!!!!!!!!!!!!!!!!!!!!!!!!!!!!!!!!
20220318 014159.050 INFO             PET1 Running with ESMF Version   : v8.3.0b09-4-g424b2f26e0
20220318 014159.050 INFO             PET1 ESMF library build date/time: "Mar 18 2022" "01:12:46"
20220318 014159.050 INFO             PET1 ESMF library build location : /gpfsm/dnb04/projects/p98/mpotts/esmf/intel_19.1.3_mpt_O_develop
20220318 014159.050 INFO             PET1 ESMF_COMM                   : mpt
20220318 014159.051 INFO             PET1 ESMF_MOAB                   : enabled
20220318 014159.051 INFO             PET1 ESMF_LAPACK                 : enabled
20220318 014159.051 INFO             PET1 ESMF_NETCDF                 : enabled
20220318 014159.051 INFO             PET1 ESMF_PNETCDF                : disabled
20220318 014159.051 INFO             PET1 ESMF_PIO                    : enabled
20220318 014159.051 INFO             PET1 ESMF_YAMLCPP                : enabled
20220318 014159.088 DEBUG            PET1 about to destroy Grid: 0x199d260
20220318 014159.092 DEBUG            PET1 about to destroy Grid: 0x199df40
20220318 014159.102 INFO             PET1  NUMBER_OF_PROCESSORS           4
20220318 014159.102 INFO             PET1  PASS  Example ESMF_NUOPCAtmModelEx, ESMF_NUOPCAtmModelEx.F90, line 806
20220318 014159.102 INFO             PET1 Finalizing ESMF
20220318 014159.050 INFO             PET2 !!!!!!!!!!!!!!!!!!!!!!!!!!!!!!!!!!!!!!!!!!!!!!!!!!!!!!
20220318 014159.050 INFO             PET2 !!! THE ESMF_LOG IS SET TO OUTPUT ALL LOG MESSAGES !!!
20220318 014159.050 INFO             PET2 !!!     THIS MAY CAUSE SLOWDOWN IN PERFORMANCE     !!!
20220318 014159.050 INFO             PET2 !!! FOR PRODUCTION RUNS, USE:                      !!!
20220318 014159.050 INFO             PET2 !!!                   ESMF_LOGKIND_Multi_On_Error  !!!
20220318 014159.050 INFO             PET2 !!!!!!!!!!!!!!!!!!!!!!!!!!!!!!!!!!!!!!!!!!!!!!!!!!!!!!
20220318 014159.050 INFO             PET2 Running with ESMF Version   : v8.3.0b09-4-g424b2f26e0
20220318 014159.050 INFO             PET2 ESMF library build date/time: "Mar 18 2022" "01:12:46"
20220318 014159.050 INFO             PET2 ESMF library build location : /gpfsm/dnb04/projects/p98/mpotts/esmf/intel_19.1.3_mpt_O_develop
20220318 014159.050 INFO             PET2 ESMF_COMM                   : mpt
20220318 014159.051 INFO             PET2 ESMF_MOAB                   : enabled
20220318 014159.051 INFO             PET2 ESMF_LAPACK                 : enabled
20220318 014159.051 INFO             PET2 ESMF_NETCDF                 : enabled
20220318 014159.051 INFO             PET2 ESMF_PNETCDF                : disabled
20220318 014159.051 INFO             PET2 ESMF_PIO                    : enabled
20220318 014159.051 INFO             PET2 ESMF_YAMLCPP                : enabled
20220318 014159.088 DEBUG            PET2 about to destroy Grid: 0x199d2e0
20220318 014159.092 DEBUG            PET2 about to destroy Grid: 0x199dfc0
20220318 014159.102 INFO             PET2  NUMBER_OF_PROCESSORS           4
20220318 014159.102 INFO             PET2  PASS  Example ESMF_NUOPCAtmModelEx, ESMF_NUOPCAtmModelEx.F90, line 806
20220318 014159.102 INFO             PET2 Finalizing ESMF
20220318 014159.050 INFO             PET3 !!!!!!!!!!!!!!!!!!!!!!!!!!!!!!!!!!!!!!!!!!!!!!!!!!!!!!
20220318 014159.050 INFO             PET3 !!! THE ESMF_LOG IS SET TO OUTPUT ALL LOG MESSAGES !!!
20220318 014159.050 INFO             PET3 !!!     THIS MAY CAUSE SLOWDOWN IN PERFORMANCE     !!!
20220318 014159.050 INFO             PET3 !!! FOR PRODUCTION RUNS, USE:                      !!!
20220318 014159.050 INFO             PET3 !!!                   ESMF_LOGKIND_Multi_On_Error  !!!
20220318 014159.050 INFO             PET3 !!!!!!!!!!!!!!!!!!!!!!!!!!!!!!!!!!!!!!!!!!!!!!!!!!!!!!
20220318 014159.050 INFO             PET3 Running with ESMF Version   : v8.3.0b09-4-g424b2f26e0
20220318 014159.050 INFO             PET3 ESMF library build date/time: "Mar 18 2022" "01:12:46"
20220318 014159.050 INFO             PET3 ESMF library build location : /gpfsm/dnb04/projects/p98/mpotts/esmf/intel_19.1.3_mpt_O_develop
20220318 014159.050 INFO             PET3 ESMF_COMM                   : mpt
20220318 014159.051 INFO             PET3 ESMF_MOAB                   : enabled
20220318 014159.051 INFO             PET3 ESMF_LAPACK                 : enabled
20220318 014159.051 INFO             PET3 ESMF_NETCDF                 : enabled
20220318 014159.051 INFO             PET3 ESMF_PNETCDF                : disabled
20220318 014159.051 INFO             PET3 ESMF_PIO                    : enabled
20220318 014159.051 INFO             PET3 ESMF_YAMLCPP                : enabled
20220318 014159.088 DEBUG            PET3 about to destroy Grid: 0x199d360
20220318 014159.092 DEBUG            PET3 about to destroy Grid: 0x199e040
20220318 014159.102 INFO             PET3  NUMBER_OF_PROCESSORS           4
20220318 014159.102 INFO             PET3  PASS  Example ESMF_NUOPCAtmModelEx, ESMF_NUOPCAtmModelEx.F90, line 806
20220318 014159.102 INFO             PET3 Finalizing ESMF
