build time -- 2022-03-27 01:29:42.568892
0:  FieldBundle example 1 returned
2:  FieldBundle example 1 returned
3:  FieldBundle example 1 returned
1:  FieldBundle example 1 returned
0:  FieldBundle example 2 returned, fieldcount =           1
1:  FieldBundle example 2 returned, fieldcount =           1
1:  FieldBundle example 3 returned, fieldcount =           3
2:  FieldBundle example 2 returned, fieldcount =           1
2:  FieldBundle example 3 returned, fieldcount =           3
1:  FieldBundle example 4 returned, field names = pressure, pressure
2:  FieldBundle example 4 returned, field names = pressure, pressure
2:  FieldBundle name = atmosphere data
2:  heat flux                                                                      
2:                                                                                 
2:                                                                                 
2:                     
2:  pressure                                                                       
2:                                                                                 
2:                                                                                 
2:                     
2:  temperature                                                                    
2:                                                                                 
2:                                                                                 
2:                     
2:  temperature                                                                    
2:                                                                                 
2:                                                                                 
2:                     
2:  pressure                                                                       
2:                                                                                 
2:                                                                                 
2:                     
2:  heat flux                                                                      
2:                                                                                 
2:                                                                                 
2:                     
0:  FieldBundle example 3 returned, fieldcount =           3
0:  FieldBundle example 4 returned, field names = pressure, pressure
0:  FieldBundle name = atmosphere data
0:  heat flux                                                                      
0:                                                                                 
0:                                                                                 
0:                     
0:  pressure                                                                       
0:                                                                                 
0:                                                                                 
0:                     
0:  temperature                                                                    
0:                                                                                 
0:                                                                                 
0:                     
0:  temperature                                                                    
0:                                                                                 
0:                                                                                 
0:                     
0:  pressure                                                                       
0:                                                                                 
0:                                                                                 
0:                     
0:  heat flux                                                                      
0:                                                                                 
0:                                                                                 
0:                     
3:  FieldBundle example 2 returned, fieldcount =           1
3:  FieldBundle example 3 returned, fieldcount =           3
1:  FieldBundle name = atmosphere data
1:  heat flux                                                                      
1:                                                                                 
1:                                                                                 
1:                     
3:  FieldBundle example 4 returned, field names = pressure, pressure
1:  pressure                                                                       
1:                                                                                 
1:                                                                                 
1:                     
1:  temperature                                                                    
1:                                                                                 
1:                                                                                 
1:                     
1:  temperature                                                                    
1:                                                                                 
1:                                                                                 
1:                     
1:  pressure                                                                       
1:                                                                                 
1:                                                                                 
1:                     
1:  heat flux                                                                      
1:                                                                                 
1:                                                                                 
1:                     
3:  FieldBundle name = atmosphere data
3:  heat flux                                                                      
3:                                                                                 
3:                                                                                 
3:                     
3:  pressure                                                                       
3:                                                                                 
3:                                                                                 
3:                     
3:  temperature                                                                    
3:                                                                                 
3:                                                                                 
3:                     
3:  temperature                                                                    
3:                                                                                 
3:                                                                                 
3:                     
3:  pressure                                                                       
3:                                                                                 
3:                                                                                 
3:                     
3:  heat flux                                                                      
3:                                                                                 
3:                                                                                 
3:                     
0:   PASS  Example ESMF_FieldBundleCreateEx, ESMF_FieldBundleCreateEx.F90, line 561
0:  PASS: ESMF_FieldBundleCreateEx.F90
1:   PASS  Example ESMF_FieldBundleCreateEx, ESMF_FieldBundleCreateEx.F90, line 561
2:   PASS  Example ESMF_FieldBundleCreateEx, ESMF_FieldBundleCreateEx.F90, line 561
2:  PASS: ESMF_FieldBundleCreateEx.F90
3:   PASS  Example ESMF_FieldBundleCreateEx, ESMF_FieldBundleCreateEx.F90, line 561
3:  PASS: ESMF_FieldBundleCreateEx.F90
1:  PASS: ESMF_FieldBundleCreateEx.F90
