build time -- 2022-03-27 01:29:42.568892
0:  I am PET           0  and I am offering service for DE            0
2:  I am PET           2  and I am offering service for DE            2
2:  I am PET           2 , service offer for DE            2  was accepted.
3:  I am PET           3  and I am offering service for DE            3
3:  I am PET           3 , service offer for DE            3  was accepted.
1:  I am PET           1  and I am offering service for DE            1
1:  I am PET           1 , service offer for DE            1  was accepted.
1:  I am PET           1  and I am offering service for DE            5
1:  I am PET           1 , service offer for DE            5  was accepted.
1:   PASS  Example ESMF_DELayoutEx, ESMF_DELayoutEx.F90, line 394
2:   PASS  Example ESMF_DELayoutEx, ESMF_DELayoutEx.F90, line 394
3:   PASS  Example ESMF_DELayoutEx, ESMF_DELayoutEx.F90, line 394
0:  I am PET           0 , service offer for DE            0  was accepted.
0:  I am PET           0  and I am offering service for DE            4
0:  I am PET           0 , service offer for DE            4  was accepted.
0:   PASS  Example ESMF_DELayoutEx, ESMF_DELayoutEx.F90, line 394
3:  PASS: ESMF_DELayoutEx.F90
2:  PASS: ESMF_DELayoutEx.F90
1:  PASS: ESMF_DELayoutEx.F90
0:  PASS: ESMF_DELayoutEx.F90
