build time -- 2022-03-20 01:29:46
gnu/8.0
+ export ESMF_NETCDF=nc-config
+ ESMF_NETCDF=nc-config
+ export ESMF_MPIRUN=mpirun.unicos
+ ESMF_MPIRUN=mpirun.unicos
+ export 'ESMF_F90COMPILEOPTS=-fallow-argument-mismatch -fallow-invalid-boz'
+ ESMF_F90COMPILEOPTS='-fallow-argument-mismatch -fallow-invalid-boz'
+ export 'ESMF_CXXLINKOPTS=-fPIC -lnetcdff -lnetcdff'
+ ESMF_CXXLINKOPTS='-fPIC -lnetcdff -lnetcdff'
+ export ESMF_NETCDF=nc-config
+ ESMF_NETCDF=nc-config
+ sed -i s/aprun/mpiexec/ scripts/mpirun.unicos
sed: can't read scripts/mpirun.unicos: No such file or directory
+ export ESMF_DIR=/lfs/h1/emc/ptmp/Mark.Potts/gfortran_10.3.0_mpi_O_jedwards_pio_update2
+ ESMF_DIR=/lfs/h1/emc/ptmp/Mark.Potts/gfortran_10.3.0_mpi_O_jedwards_pio_update2
+ export ESMF_COMPILER=gfortran
+ ESMF_COMPILER=gfortran
+ export ESMF_COMM=mpi
+ ESMF_COMM=mpi
+ export ESMF_BOPT=O
+ ESMF_BOPT=O
+ export ESMF_TESTEXHAUSTIVE=ON
+ ESMF_TESTEXHAUSTIVE=ON
+ export ESMF_TESTWITHTHREADS=ON
+ ESMF_TESTWITHTHREADS=ON
+ python3 setup.py test_examples_dryrun
running test_examples_dryrun
Retrieving http://data.earthsystemmodeling.org/download/data/aggregAtlanticESTOFS.nc...

Error opening http://data.earthsystemmodeling.org/download/data/aggregAtlanticESTOFS.nc
error: Error downloading 'aggregAtlanticESTOFS.nc'
+ python3 setup.py test_regrid_from_file_dryrun
running test_regrid_from_file_dryrun
Retrieving http://data.earthsystemmodeling.org/download/data/ll2.5deg_grid.nc...

Error opening http://data.earthsystemmodeling.org/download/data/ll2.5deg_grid.nc
RESULT: FAIL - regrid_from_file_dryrun error


