build time -- 2022-03-11 01:18:50.575669
20220311 014708.661 INFO             PET0 !!!!!!!!!!!!!!!!!!!!!!!!!!!!!!!!!!!!!!!!!!!!!!!!!!!!!!
20220311 014708.661 INFO             PET0 !!! THE ESMF_LOG IS SET TO OUTPUT ALL LOG MESSAGES !!!
20220311 014708.661 INFO             PET0 !!!     THIS MAY CAUSE SLOWDOWN IN PERFORMANCE     !!!
20220311 014708.661 INFO             PET0 !!! FOR PRODUCTION RUNS, USE:                      !!!
20220311 014708.661 INFO             PET0 !!!                   ESMF_LOGKIND_Multi_On_Error  !!!
20220311 014708.661 INFO             PET0 !!!!!!!!!!!!!!!!!!!!!!!!!!!!!!!!!!!!!!!!!!!!!!!!!!!!!!
20220311 014708.661 INFO             PET0 Running with ESMF Version   : v8.3.0b09
20220311 014708.661 INFO             PET0 ESMF library build date/time: "Mar 11 2022" "01:15:36"
20220311 014708.661 INFO             PET0 ESMF library build location : /gpfsm/dnb04/projects/p98/mpotts/esmf/intel_2020_mpt_g_develop
20220311 014708.661 INFO             PET0 ESMF_COMM                   : mpt
20220311 014708.662 INFO             PET0 ESMF_MOAB                   : enabled
20220311 014708.662 INFO             PET0 ESMF_LAPACK                 : enabled
20220311 014708.662 INFO             PET0 ESMF_NETCDF                 : enabled
20220311 014708.662 INFO             PET0 ESMF_PNETCDF                : disabled
20220311 014708.662 INFO             PET0 ESMF_PIO                    : enabled
20220311 014708.662 INFO             PET0 ESMF_YAMLCPP                : enabled
20220311 014708.665 INFO             PET0  NUMBER_OF_PROCESSORS           1
20220311 014708.665 INFO             PET0  PASS  Example ESMF_AlarmEx, ESMF_AlarmEx.F90, line 244
20220311 014708.665 INFO             PET0 Finalizing ESMF
