build time -- 2022-03-15 01:18:05.885490
20220315 014618.008 INFO             PET0 !!!!!!!!!!!!!!!!!!!!!!!!!!!!!!!!!!!!!!!!!!!!!!!!!!!!!!
20220315 014618.008 INFO             PET0 !!! THE ESMF_LOG IS SET TO OUTPUT ALL LOG MESSAGES !!!
20220315 014618.008 INFO             PET0 !!!     THIS MAY CAUSE SLOWDOWN IN PERFORMANCE     !!!
20220315 014618.008 INFO             PET0 !!! FOR PRODUCTION RUNS, USE:                      !!!
20220315 014618.008 INFO             PET0 !!!                   ESMF_LOGKIND_Multi_On_Error  !!!
20220315 014618.008 INFO             PET0 !!!!!!!!!!!!!!!!!!!!!!!!!!!!!!!!!!!!!!!!!!!!!!!!!!!!!!
20220315 014618.008 INFO             PET0 Running with ESMF Version   : v8.3.0b09-2-g2a2241bd36
20220315 014618.008 INFO             PET0 ESMF library build date/time: "Mar 15 2022" "01:15:22"
20220315 014618.008 INFO             PET0 ESMF library build location : /gpfsm/dnb04/projects/p98/mpotts/esmf/intel_2020_mpt_g_develop
20220315 014618.008 INFO             PET0 ESMF_COMM                   : mpt
20220315 014618.010 INFO             PET0 ESMF_MOAB                   : enabled
20220315 014618.010 INFO             PET0 ESMF_LAPACK                 : enabled
20220315 014618.010 INFO             PET0 ESMF_NETCDF                 : enabled
20220315 014618.010 INFO             PET0 ESMF_PNETCDF                : disabled
20220315 014618.010 INFO             PET0 ESMF_PIO                    : enabled
20220315 014618.010 INFO             PET0 ESMF_YAMLCPP                : enabled
20220315 014618.015 INFO             PET0  NUMBER_OF_PROCESSORS           4
20220315 014618.015 INFO             PET0  PASS  Example ESMF_RHandleVMEpochEx, ESMF_RHandleVMEpochEx.F90, line 247
20220315 014618.015 INFO             PET0 Finalizing ESMF
20220315 014618.008 INFO             PET1 !!!!!!!!!!!!!!!!!!!!!!!!!!!!!!!!!!!!!!!!!!!!!!!!!!!!!!
20220315 014618.008 INFO             PET1 !!! THE ESMF_LOG IS SET TO OUTPUT ALL LOG MESSAGES !!!
20220315 014618.008 INFO             PET1 !!!     THIS MAY CAUSE SLOWDOWN IN PERFORMANCE     !!!
20220315 014618.008 INFO             PET1 !!! FOR PRODUCTION RUNS, USE:                      !!!
20220315 014618.008 INFO             PET1 !!!                   ESMF_LOGKIND_Multi_On_Error  !!!
20220315 014618.008 INFO             PET1 !!!!!!!!!!!!!!!!!!!!!!!!!!!!!!!!!!!!!!!!!!!!!!!!!!!!!!
20220315 014618.008 INFO             PET1 Running with ESMF Version   : v8.3.0b09-2-g2a2241bd36
20220315 014618.008 INFO             PET1 ESMF library build date/time: "Mar 15 2022" "01:15:22"
20220315 014618.008 INFO             PET1 ESMF library build location : /gpfsm/dnb04/projects/p98/mpotts/esmf/intel_2020_mpt_g_develop
20220315 014618.008 INFO             PET1 ESMF_COMM                   : mpt
20220315 014618.009 INFO             PET1 ESMF_MOAB                   : enabled
20220315 014618.009 INFO             PET1 ESMF_LAPACK                 : enabled
20220315 014618.009 INFO             PET1 ESMF_NETCDF                 : enabled
20220315 014618.009 INFO             PET1 ESMF_PNETCDF                : disabled
20220315 014618.009 INFO             PET1 ESMF_PIO                    : enabled
20220315 014618.009 INFO             PET1 ESMF_YAMLCPP                : enabled
20220315 014618.015 INFO             PET1  NUMBER_OF_PROCESSORS           4
20220315 014618.015 INFO             PET1  PASS  Example ESMF_RHandleVMEpochEx, ESMF_RHandleVMEpochEx.F90, line 247
20220315 014618.015 INFO             PET1 Finalizing ESMF
20220315 014618.008 INFO             PET2 !!!!!!!!!!!!!!!!!!!!!!!!!!!!!!!!!!!!!!!!!!!!!!!!!!!!!!
20220315 014618.008 INFO             PET2 !!! THE ESMF_LOG IS SET TO OUTPUT ALL LOG MESSAGES !!!
20220315 014618.008 INFO             PET2 !!!     THIS MAY CAUSE SLOWDOWN IN PERFORMANCE     !!!
20220315 014618.008 INFO             PET2 !!! FOR PRODUCTION RUNS, USE:                      !!!
20220315 014618.008 INFO             PET2 !!!                   ESMF_LOGKIND_Multi_On_Error  !!!
20220315 014618.008 INFO             PET2 !!!!!!!!!!!!!!!!!!!!!!!!!!!!!!!!!!!!!!!!!!!!!!!!!!!!!!
20220315 014618.008 INFO             PET2 Running with ESMF Version   : v8.3.0b09-2-g2a2241bd36
20220315 014618.008 INFO             PET2 ESMF library build date/time: "Mar 15 2022" "01:15:22"
20220315 014618.008 INFO             PET2 ESMF library build location : /gpfsm/dnb04/projects/p98/mpotts/esmf/intel_2020_mpt_g_develop
20220315 014618.008 INFO             PET2 ESMF_COMM                   : mpt
20220315 014618.009 INFO             PET2 ESMF_MOAB                   : enabled
20220315 014618.009 INFO             PET2 ESMF_LAPACK                 : enabled
20220315 014618.009 INFO             PET2 ESMF_NETCDF                 : enabled
20220315 014618.009 INFO             PET2 ESMF_PNETCDF                : disabled
20220315 014618.009 INFO             PET2 ESMF_PIO                    : enabled
20220315 014618.009 INFO             PET2 ESMF_YAMLCPP                : enabled
20220315 014618.015 INFO             PET2  NUMBER_OF_PROCESSORS           4
20220315 014618.015 INFO             PET2  PASS  Example ESMF_RHandleVMEpochEx, ESMF_RHandleVMEpochEx.F90, line 247
20220315 014618.015 INFO             PET2 Finalizing ESMF
20220315 014618.008 INFO             PET3 !!!!!!!!!!!!!!!!!!!!!!!!!!!!!!!!!!!!!!!!!!!!!!!!!!!!!!
20220315 014618.008 INFO             PET3 !!! THE ESMF_LOG IS SET TO OUTPUT ALL LOG MESSAGES !!!
20220315 014618.008 INFO             PET3 !!!     THIS MAY CAUSE SLOWDOWN IN PERFORMANCE     !!!
20220315 014618.008 INFO             PET3 !!! FOR PRODUCTION RUNS, USE:                      !!!
20220315 014618.008 INFO             PET3 !!!                   ESMF_LOGKIND_Multi_On_Error  !!!
20220315 014618.008 INFO             PET3 !!!!!!!!!!!!!!!!!!!!!!!!!!!!!!!!!!!!!!!!!!!!!!!!!!!!!!
20220315 014618.008 INFO             PET3 Running with ESMF Version   : v8.3.0b09-2-g2a2241bd36
20220315 014618.008 INFO             PET3 ESMF library build date/time: "Mar 15 2022" "01:15:22"
20220315 014618.008 INFO             PET3 ESMF library build location : /gpfsm/dnb04/projects/p98/mpotts/esmf/intel_2020_mpt_g_develop
20220315 014618.008 INFO             PET3 ESMF_COMM                   : mpt
20220315 014618.009 INFO             PET3 ESMF_MOAB                   : enabled
20220315 014618.009 INFO             PET3 ESMF_LAPACK                 : enabled
20220315 014618.009 INFO             PET3 ESMF_NETCDF                 : enabled
20220315 014618.009 INFO             PET3 ESMF_PNETCDF                : disabled
20220315 014618.009 INFO             PET3 ESMF_PIO                    : enabled
20220315 014618.009 INFO             PET3 ESMF_YAMLCPP                : enabled
20220315 014618.015 INFO             PET3  NUMBER_OF_PROCESSORS           4
20220315 014618.015 INFO             PET3  PASS  Example ESMF_RHandleVMEpochEx, ESMF_RHandleVMEpochEx.F90, line 247
20220315 014618.015 INFO             PET3 Finalizing ESMF
