build time -- 2022-03-08 11:42:06.373732
 sumA =   0.7000000    
 sumB =   0.7000000    
 sumC =   0.9000000    
 sumD =   0.9000000    
 sumE =   0.9000000    
 result SRCSEQ#1 =   0.7000000      expect:   0.7000000    
forrtl: severe (174): SIGSEGV, segmentation fault occurred
Image              PC                Routine            Line        Source             
ESMF_RHandleBitFo  00000000004ADF8D  Unknown               Unknown  Unknown
libpthread-2.22.s  00002B3AD07F6B00  Unknown               Unknown  Unknown
libesmf.so         00002B3ACA021D45  _ZN5ESMCI6LogErr1         586  ESMCI_LogErr.C
libesmf.so         00002B3AC9FF922F  _ZN5ESMCI2IO5writ         464  ESMCI_IO.C
libesmf.so         00002B3AC9A60CC2  _ZN5ESMCI5Array5w        4091  ESMCI_Array.C
libesmf.so         00002B3ACA3A13ED  _ZNK5ESMCI11Route         938  ESMCI_RHandle.C
libesmf.so         00002B3ACA3999A9  c_esmc_routehandl         209  ESMCI_RHandle_F.C
libesmf.so         00002B3ACB7EF544  esmf_rhandlemod_m        1152  ESMF_RHandle.F90
ESMF_RHandleBitFo  00000000004159FE  MAIN__                    467  ESMF_RHandleBitForBitEx.F90
ESMF_RHandleBitFo  000000000040EE1E  Unknown               Unknown  Unknown
libc-2.22.so       00002B3AD0A236E5  __libc_start_main     Unknown  Unknown
ESMF_RHandleBitFo  000000000040ED29  Unknown               Unknown  Unknown
forrtl: severe (174): SIGSEGV, segmentation fault occurred
Image              PC                Routine            Line        Source             
ESMF_RHandleBitFo  00000000004ADF8D  Unknown               Unknown  Unknown
libpthread-2.22.s  00002B7D81926B00  Unknown               Unknown  Unknown
libesmf.so         00002B7D7B151D45  _ZN5ESMCI6LogErr1         586  ESMCI_LogErr.C
libesmf.so         00002B7D7B12922F  _ZN5ESMCI2IO5writ         464  ESMCI_IO.C
libesmf.so         00002B7D7AB90CC2  _ZN5ESMCI5Array5w        4091  ESMCI_Array.C
libesmf.so         00002B7D7B4D13ED  _ZNK5ESMCI11Route         938  ESMCI_RHandle.C
libesmf.so         00002B7D7B4C99A9  c_esmc_routehandl         209  ESMCI_RHandle_F.C
libesmf.so         00002B7D7C91F544  esmf_rhandlemod_m        1152  ESMF_RHandle.F90
ESMF_RHandleBitFo  00000000004159FE  MAIN__                    467  ESMF_RHandleBitForBitEx.F90
ESMF_RHandleBitFo  000000000040EE1E  Unknown               Unknown  Unknown
libc-2.22.so       00002B7D81B536E5  __libc_start_main     Unknown  Unknown
ESMF_RHandleBitFo  000000000040ED29  Unknown               Unknown  Unknown
forrtl: severe (174): SIGSEGV, segmentation fault occurred
Image              PC                Routine            Line        Source             
ESMF_RHandleBitFo  00000000004ADF8D  Unknown               Unknown  Unknown
libpthread-2.22.s  00002B25564BEB00  Unknown               Unknown  Unknown
libesmf.so         00002B254FCE9D45  _ZN5ESMCI6LogErr1         586  ESMCI_LogErr.C
libesmf.so         00002B254FCC122F  _ZN5ESMCI2IO5writ         464  ESMCI_IO.C
libesmf.so         00002B254F728CC2  _ZN5ESMCI5Array5w        4091  ESMCI_Array.C
libesmf.so         00002B25500693ED  _ZNK5ESMCI11Route         938  ESMCI_RHandle.C
libesmf.so         00002B25500619A9  c_esmc_routehandl         209  ESMCI_RHandle_F.C
libesmf.so         00002B25514B7544  esmf_rhandlemod_m        1152  ESMF_RHandle.F90
ESMF_RHandleBitFo  00000000004159FE  MAIN__                    467  ESMF_RHandleBitForBitEx.F90
ESMF_RHandleBitFo  000000000040EE1E  Unknown               Unknown  Unknown
libc-2.22.so       00002B25566EB6E5  __libc_start_main     Unknown  Unknown
ESMF_RHandleBitFo  000000000040ED29  Unknown               Unknown  Unknown
forrtl: severe (174): SIGSEGV, segmentation fault occurred
Image              PC                Routine            Line        Source             
ESMF_RHandleBitFo  00000000004ADF8D  Unknown               Unknown  Unknown
libpthread-2.22.s  00002B8A26316B00  Unknown               Unknown  Unknown
libesmf.so         00002B8A1FB41D45  _ZN5ESMCI6LogErr1         586  ESMCI_LogErr.C
libesmf.so         00002B8A1FB1922F  _ZN5ESMCI2IO5writ         464  ESMCI_IO.C
libesmf.so         00002B8A1F580CC2  _ZN5ESMCI5Array5w        4091  ESMCI_Array.C
libesmf.so         00002B8A1FEC13ED  _ZNK5ESMCI11Route         938  ESMCI_RHandle.C
libesmf.so         00002B8A1FEB99A9  c_esmc_routehandl         209  ESMCI_RHandle_F.C
libesmf.so         00002B8A2130F544  esmf_rhandlemod_m        1152  ESMF_RHandle.F90
ESMF_RHandleBitFo  00000000004159FE  MAIN__                    467  ESMF_RHandleBitForBitEx.F90
ESMF_RHandleBitFo  000000000040EE1E  Unknown               Unknown  Unknown
libc-2.22.so       00002B8A265436E5  __libc_start_main     Unknown  Unknown
ESMF_RHandleBitFo  000000000040ED29  Unknown               Unknown  Unknown
--------------------------------------------------------------------------
Primary job  terminated normally, but 1 process returned
a non-zero exit code. Per user-direction, the job has been aborted.
--------------------------------------------------------------------------
--------------------------------------------------------------------------
mpirun detected that one or more processes exited with non-zero status, thus causing
the job to be terminated. The first process to do so was:

  Process name: [[18784,1],0]
  Exit code:    174
--------------------------------------------------------------------------
