build time -- 2022-03-10 15:28:12.379555
20220310 155418.026 INFO             PET0 !!!!!!!!!!!!!!!!!!!!!!!!!!!!!!!!!!!!!!!!!!!!!!!!!!!!!!
20220310 155418.026 INFO             PET0 !!! THE ESMF_LOG IS SET TO OUTPUT ALL LOG MESSAGES !!!
20220310 155418.026 INFO             PET0 !!!     THIS MAY CAUSE SLOWDOWN IN PERFORMANCE     !!!
20220310 155418.026 INFO             PET0 !!! FOR PRODUCTION RUNS, USE:                      !!!
20220310 155418.026 INFO             PET0 !!!                   ESMF_LOGKIND_Multi_On_Error  !!!
20220310 155418.026 INFO             PET0 !!!!!!!!!!!!!!!!!!!!!!!!!!!!!!!!!!!!!!!!!!!!!!!!!!!!!!
20220310 155418.026 INFO             PET0 Running with ESMF Version   : v8.3.0b09
20220310 155418.026 INFO             PET0 ESMF library build date/time: "Mar 10 2022" "15:26:23"
20220310 155418.026 INFO             PET0 ESMF library build location : /glade/scratch/rlong/esmf-testing/gfortran_10.1.0_mpt_O_develop
20220310 155418.026 INFO             PET0 ESMF_COMM                   : mpt
20220310 155418.026 INFO             PET0 ESMF_MOAB                   : enabled
20220310 155418.026 INFO             PET0 ESMF_LAPACK                 : enabled
20220310 155418.026 INFO             PET0 ESMF_NETCDF                 : enabled
20220310 155418.026 INFO             PET0 ESMF_PNETCDF                : disabled
20220310 155418.026 INFO             PET0 ESMF_PIO                    : enabled
20220310 155418.026 INFO             PET0 ESMF_YAMLCPP                : enabled
20220310 155418.062 DEBUG            PET0 about to destroy Grid: 0x2aa5870
20220310 155418.066 DEBUG            PET0 about to destroy Grid: 0x2aa7070
20220310 155418.076 INFO             PET0  NUMBER_OF_PROCESSORS           4
20220310 155418.076 INFO             PET0  PASS  Example ESMF_NUOPCAtmModelEx, ESMF_NUOPCAtmModelEx.F90, line 806
20220310 155418.076 INFO             PET0 Finalizing ESMF
20220310 155418.026 INFO             PET1 !!!!!!!!!!!!!!!!!!!!!!!!!!!!!!!!!!!!!!!!!!!!!!!!!!!!!!
20220310 155418.026 INFO             PET1 !!! THE ESMF_LOG IS SET TO OUTPUT ALL LOG MESSAGES !!!
20220310 155418.026 INFO             PET1 !!!     THIS MAY CAUSE SLOWDOWN IN PERFORMANCE     !!!
20220310 155418.026 INFO             PET1 !!! FOR PRODUCTION RUNS, USE:                      !!!
20220310 155418.026 INFO             PET1 !!!                   ESMF_LOGKIND_Multi_On_Error  !!!
20220310 155418.026 INFO             PET1 !!!!!!!!!!!!!!!!!!!!!!!!!!!!!!!!!!!!!!!!!!!!!!!!!!!!!!
20220310 155418.026 INFO             PET1 Running with ESMF Version   : v8.3.0b09
20220310 155418.026 INFO             PET1 ESMF library build date/time: "Mar 10 2022" "15:26:23"
20220310 155418.026 INFO             PET1 ESMF library build location : /glade/scratch/rlong/esmf-testing/gfortran_10.1.0_mpt_O_develop
20220310 155418.026 INFO             PET1 ESMF_COMM                   : mpt
20220310 155418.026 INFO             PET1 ESMF_MOAB                   : enabled
20220310 155418.027 INFO             PET1 ESMF_LAPACK                 : enabled
20220310 155418.027 INFO             PET1 ESMF_NETCDF                 : enabled
20220310 155418.027 INFO             PET1 ESMF_PNETCDF                : disabled
20220310 155418.027 INFO             PET1 ESMF_PIO                    : enabled
20220310 155418.027 INFO             PET1 ESMF_YAMLCPP                : enabled
20220310 155418.062 DEBUG            PET1 about to destroy Grid: 0x2aa6350
20220310 155418.066 DEBUG            PET1 about to destroy Grid: 0x2aa77e0
20220310 155418.076 INFO             PET1  NUMBER_OF_PROCESSORS           4
20220310 155418.076 INFO             PET1  PASS  Example ESMF_NUOPCAtmModelEx, ESMF_NUOPCAtmModelEx.F90, line 806
20220310 155418.076 INFO             PET1 Finalizing ESMF
20220310 155418.027 INFO             PET2 !!!!!!!!!!!!!!!!!!!!!!!!!!!!!!!!!!!!!!!!!!!!!!!!!!!!!!
20220310 155418.027 INFO             PET2 !!! THE ESMF_LOG IS SET TO OUTPUT ALL LOG MESSAGES !!!
20220310 155418.027 INFO             PET2 !!!     THIS MAY CAUSE SLOWDOWN IN PERFORMANCE     !!!
20220310 155418.027 INFO             PET2 !!! FOR PRODUCTION RUNS, USE:                      !!!
20220310 155418.027 INFO             PET2 !!!                   ESMF_LOGKIND_Multi_On_Error  !!!
20220310 155418.027 INFO             PET2 !!!!!!!!!!!!!!!!!!!!!!!!!!!!!!!!!!!!!!!!!!!!!!!!!!!!!!
20220310 155418.027 INFO             PET2 Running with ESMF Version   : v8.3.0b09
20220310 155418.027 INFO             PET2 ESMF library build date/time: "Mar 10 2022" "15:26:23"
20220310 155418.027 INFO             PET2 ESMF library build location : /glade/scratch/rlong/esmf-testing/gfortran_10.1.0_mpt_O_develop
20220310 155418.027 INFO             PET2 ESMF_COMM                   : mpt
20220310 155418.027 INFO             PET2 ESMF_MOAB                   : enabled
20220310 155418.027 INFO             PET2 ESMF_LAPACK                 : enabled
20220310 155418.027 INFO             PET2 ESMF_NETCDF                 : enabled
20220310 155418.027 INFO             PET2 ESMF_PNETCDF                : disabled
20220310 155418.027 INFO             PET2 ESMF_PIO                    : enabled
20220310 155418.027 INFO             PET2 ESMF_YAMLCPP                : enabled
20220310 155418.062 DEBUG            PET2 about to destroy Grid: 0x2aa5af0
20220310 155418.066 DEBUG            PET2 about to destroy Grid: 0x2aa6f80
20220310 155418.076 INFO             PET2  NUMBER_OF_PROCESSORS           4
20220310 155418.076 INFO             PET2  PASS  Example ESMF_NUOPCAtmModelEx, ESMF_NUOPCAtmModelEx.F90, line 806
20220310 155418.076 INFO             PET2 Finalizing ESMF
20220310 155418.026 INFO             PET3 !!!!!!!!!!!!!!!!!!!!!!!!!!!!!!!!!!!!!!!!!!!!!!!!!!!!!!
20220310 155418.026 INFO             PET3 !!! THE ESMF_LOG IS SET TO OUTPUT ALL LOG MESSAGES !!!
20220310 155418.026 INFO             PET3 !!!     THIS MAY CAUSE SLOWDOWN IN PERFORMANCE     !!!
20220310 155418.026 INFO             PET3 !!! FOR PRODUCTION RUNS, USE:                      !!!
20220310 155418.026 INFO             PET3 !!!                   ESMF_LOGKIND_Multi_On_Error  !!!
20220310 155418.026 INFO             PET3 !!!!!!!!!!!!!!!!!!!!!!!!!!!!!!!!!!!!!!!!!!!!!!!!!!!!!!
20220310 155418.026 INFO             PET3 Running with ESMF Version   : v8.3.0b09
20220310 155418.026 INFO             PET3 ESMF library build date/time: "Mar 10 2022" "15:26:23"
20220310 155418.026 INFO             PET3 ESMF library build location : /glade/scratch/rlong/esmf-testing/gfortran_10.1.0_mpt_O_develop
20220310 155418.026 INFO             PET3 ESMF_COMM                   : mpt
20220310 155418.026 INFO             PET3 ESMF_MOAB                   : enabled
20220310 155418.026 INFO             PET3 ESMF_LAPACK                 : enabled
20220310 155418.026 INFO             PET3 ESMF_NETCDF                 : enabled
20220310 155418.026 INFO             PET3 ESMF_PNETCDF                : disabled
20220310 155418.026 INFO             PET3 ESMF_PIO                    : enabled
20220310 155418.026 INFO             PET3 ESMF_YAMLCPP                : enabled
20220310 155418.062 DEBUG            PET3 about to destroy Grid: 0x2aa5b30
20220310 155418.066 DEBUG            PET3 about to destroy Grid: 0x2aa6fc0
20220310 155418.076 INFO             PET3  NUMBER_OF_PROCESSORS           4
20220310 155418.076 INFO             PET3  PASS  Example ESMF_NUOPCAtmModelEx, ESMF_NUOPCAtmModelEx.F90, line 806
20220310 155418.076 INFO             PET3 Finalizing ESMF
